Building DAG of jobs...
Using shell: /bin/bash
Provided cores: 8
Rules claiming more threads will be scaled down.
Job counts:
	count	jobs
	1	all
	2	find_orthologs
	2	gene_sequence
	5

[Sat Mar 14 13:57:49 2020]
rule gene_sequence:
    input: HT.genome, HT.gtf
    output: Results/1_GeneSequences/HT.fna, Results/1_GeneSequences/HT.faa, Results/1_GeneSequences/HT.log
    jobid: 3
    wildcards: sample=HT


[Sat Mar 14 13:57:49 2020]
rule gene_sequence:
    input: PB.genome, PB.gtf
    output: Results/1_GeneSequences/PB.fna, Results/1_GeneSequences/PB.faa, Results/1_GeneSequences/PB.log
    jobid: 4
    wildcards: sample=PB

[Sat Mar 14 13:57:54 2020]
Finished job 3.
1 of 5 steps (20%) done

[Sat Mar 14 13:57:54 2020]
rule find_orthologs:
    input: Results/1_GeneSequences/HT.faa
    output: Results/2_Orthologs/HT
    jobid: 1
    wildcards: sample=HT

[Sat Mar 14 13:57:55 2020]
Error in rule gene_sequence:
    jobid: 4
    output: Results/1_GeneSequences/PB.fna, Results/1_GeneSequences/PB.faa, Results/1_GeneSequences/PB.log
    shell:
        
                ../bin/gffParse.pl -i PB.genome -g PB.gtf -b PB -c -p
		mv  -t Results/1_GeneSequences/ *.faa *.fna *.log
                
        (one of the commands exited with non-zero exit code; note that snakemake uses bash strict mode!)

Removing output files of failed job gene_sequence since they might be corrupted:
Results/1_GeneSequences/PB.fna, Results/1_GeneSequences/PB.faa, Results/1_GeneSequences/PB.log
Terminating processes on user request, this might take some time.
ImproperOutputException in line 24 of /export/home/bio1901/Documents/29_BINP/Project/Data/Trysnake:
Outputs of incorrect type (directories when expecting files or vice versa). Output directories must be flagged with directory(). for rule find_orthologs:
Results/2_Orthologs/HT
Removing output files of failed job find_orthologs since they might be corrupted:
Results/2_Orthologs/HT
Skipped removing non-empty directory Results/2_Orthologs/HT
Complete log: /export/home/bio1901/Documents/29_BINP/Project/Data/.snakemake/log/2020-03-14T135749.879647.snakemake.log
