Building DAG of jobs...
Using shell: /bin/bash
Provided cores: 8
Rules claiming more threads will be scaled down.
Job counts:
	count	jobs
	1	all
	1	find_orthologs
	1	gene_sequence
	3

[Sat Mar 14 13:53:52 2020]
rule gene_sequence:
    input: PB.genome, PB.gtf
    output: Results/1_GeneSequences/PB.fna, Results/1_GeneSequences/PB.faa, Results/1_GeneSequences/PB.log
    jobid: 2
    wildcards: sample=PB

[Sat Mar 14 13:53:57 2020]
Finished job 2.
1 of 3 steps (33%) done

[Sat Mar 14 13:53:57 2020]
rule find_orthologs:
    input: Results/1_GeneSequences/PB.faa
    output: Results/2_Orthologs/PB
    jobid: 1
    wildcards: sample=PB

Terminating processes on user request, this might take some time.
[Sat Mar 14 13:54:02 2020]
Error in rule find_orthologs:
    jobid: 1
    output: Results/2_Orthologs/PB
    shell:
        
		busco -m protein -i Results/1_GeneSequences/PB.faa -o PB -l plasmodium_odb10
                mv PB Results/2_Orthologs
                mv busco_downloads Results/2_Orthologs
                
        (one of the commands exited with non-zero exit code; note that snakemake uses bash strict mode!)

Removing output files of failed job find_orthologs since they might be corrupted:
Results/2_Orthologs/PB
Complete log: /export/home/bio1901/Documents/29_BINP/Project/Data/.snakemake/log/2020-03-14T135352.515740.snakemake.log
