Building DAG of jobs...
Using shell: /bin/bash
Provided cores: 8
Rules claiming more threads will be scaled down.
Job counts:
	count	jobs
	1	all
	2	find_orthologs
	3

[Sat Mar 14 14:08:45 2020]
rule find_orthologs:
    input: Results/1_GeneSequences/PB.faa
    output: Results/2_Orthologs/PB
    jobid: 2
    wildcards: sample=PB


[Sat Mar 14 14:08:45 2020]
rule find_orthologs:
    input: Results/1_GeneSequences/HT.faa
    output: Results/2_Orthologs/HT
    jobid: 1
    wildcards: sample=HT

[Sat Mar 14 14:09:20 2020]
Error in rule find_orthologs:
    jobid: 2
    output: Results/2_Orthologs/PB
    shell:
        
		busco -m protein -i Results/1_GeneSequences/PB.faa -o PB -l plasmodium_odb10
                mv PB Results/2_Orthologs
                mv busco_downloads Results/2_Orthologs
                
        (one of the commands exited with non-zero exit code; note that snakemake uses bash strict mode!)

Removing output files of failed job find_orthologs since they might be corrupted:
Results/2_Orthologs/PB
Terminating processes on user request, this might take some time.
[Sat Mar 14 14:10:44 2020]
Error in rule find_orthologs:
    jobid: 1
    output: Results/2_Orthologs/HT
    shell:
        
		busco -m protein -i Results/1_GeneSequences/HT.faa -o HT -l plasmodium_odb10
                mv HT Results/2_Orthologs
                mv busco_downloads Results/2_Orthologs
                
        (one of the commands exited with non-zero exit code; note that snakemake uses bash strict mode!)

Removing output files of failed job find_orthologs since they might be corrupted:
Results/2_Orthologs/HT
Skipped removing non-empty directory Results/2_Orthologs/HT
Complete log: /export/home/bio1901/Documents/29_BINP/Project/Data/.snakemake/log/2020-03-14T140845.114874.snakemake.log
