Building DAG of jobs...
Using shell: /bin/bash
Provided cores: 8
Rules claiming more threads will be scaled down.
Job counts:
	count	jobs
	1	all
	2	find_orthologs
	2	gene_sequence
	5

[Sat Mar 14 15:28:39 2020]
rule gene_sequence:
    input: HT.genome, HT.gtf
    output: Results/1_GeneSequences/HT.fna, Results/1_GeneSequences/HT.faa, Results/1_GeneSequences/HT.log
    jobid: 3
    wildcards: sample=HT


[Sat Mar 14 15:28:39 2020]
rule gene_sequence:
    input: PB.genome, PB.gtf
    output: Results/1_GeneSequences/PB.fna, Results/1_GeneSequences/PB.faa, Results/1_GeneSequences/PB.log
    jobid: 4
    wildcards: sample=PB

[Sat Mar 14 15:28:44 2020]
Finished job 3.
1 of 5 steps (20%) done

[Sat Mar 14 15:28:44 2020]
rule find_orthologs:
    input: Results/1_GeneSequences/HT.faa
    output: Results/2_Orthologs/HT
    jobid: 1
    wildcards: sample=HT

[Sat Mar 14 15:28:45 2020]
Finished job 4.
2 of 5 steps (40%) done

[Sat Mar 14 15:28:45 2020]
rule find_orthologs:
    input: Results/1_GeneSequences/PB.faa
    output: Results/2_Orthologs/PB
    jobid: 2
    wildcards: sample=PB

[Sat Mar 14 15:29:18 2020]
Finished job 1.
3 of 5 steps (60%) done
[Sat Mar 14 15:29:18 2020]
Error in rule find_orthologs:
    jobid: 2
    output: Results/2_Orthologs/PB
    shell:
        
		busco -m protein -i Results/1_GeneSequences/PB.faa -o PB -l plasmodium_odb10
		mv -t Results/2_Orthologs busco_downloads PB
                
        (one of the commands exited with non-zero exit code; note that snakemake uses bash strict mode!)

Removing output files of failed job find_orthologs since they might be corrupted:
Results/2_Orthologs/PB
Shutting down, this might take some time.
Exiting because a job execution failed. Look above for error message
Complete log: /export/home/bio1901/Documents/29_BINP/Project/Data/.snakemake/log/2020-03-14T152839.513390.snakemake.log
