Building DAG of jobs...
Using shell: /bin/bash
Provided cores: 8
Rules claiming more threads will be scaled down.
Job counts:
	count	jobs
	1	all
	1	file_handling
	1	find_orthologs
	2	gene_sequence
	5

[Fri Mar 13 20:34:26 2020]
rule gene_sequence:
    input: PB.genome, HT.genome, PB.gtf, HT.gtf
    output: Results/1_GeneSequences/{wildcards.sample}/run_*/full_table.tsv.fna, Results/1_GeneSequences/{wildcards.sample}/run_*/full_table.tsv.faa, Results/1_GeneSequences/{wildcards.sample}/run_*/full_table.tsv.log
    jobid: 4
    wildcards: sample={wildcards.sample}/run_*/full_table.tsv


[Fri Mar 13 20:34:26 2020]
rule gene_sequence:
    input: PB.genome, HT.genome, PB.gtf, HT.gtf
    output: Results/1_GeneSequences/{wildcards.sample}.fna, Results/1_GeneSequences/{wildcards.sample}.faa, Results/1_GeneSequences/{wildcards.sample}.log
    jobid: 2
    wildcards: sample={wildcards.sample}

[Fri Mar 13 20:34:26 2020]
Error in rule gene_sequence:
[Fri Mar 13 20:34:26 2020]
    jobid: 4
Error in rule gene_sequence:
    output: Results/1_GeneSequences/{wildcards.sample}/run_*/full_table.tsv.fna, Results/1_GeneSequences/{wildcards.sample}/run_*/full_table.tsv.faa, Results/1_GeneSequences/{wildcards.sample}/run_*/full_table.tsv.log
    jobid: 2
    shell:
        
		../bin/gffParse.pl -i {wildcards.sample}/run_*/full_table.tsv.genome -g {wildcards.sample}/run_*/full_table.tsv.gtf -b {wildcards.sample}/run_*/full_table.tsv -c -p
		mv *.faa *.fna *.log Results/1_GeneSequences 
		
        (one of the commands exited with non-zero exit code; note that snakemake uses bash strict mode!)
    output: Results/1_GeneSequences/{wildcards.sample}.fna, Results/1_GeneSequences/{wildcards.sample}.faa, Results/1_GeneSequences/{wildcards.sample}.log

    shell:
        
		../bin/gffParse.pl -i {wildcards.sample}.genome -g {wildcards.sample}.gtf -b {wildcards.sample} -c -p
		mv *.faa *.fna *.log Results/1_GeneSequences 
		
        (one of the commands exited with non-zero exit code; note that snakemake uses bash strict mode!)

Shutting down, this might take some time.
Exiting because a job execution failed. Look above for error message
Complete log: /export/home/bio1901/Documents/29_BINP/Project/Data/.snakemake/log/2020-03-13T203426.342289.snakemake.log
