Building DAG of jobs...
Using shell: /bin/bash
Provided cores: 8
Rules claiming more threads will be scaled down.
Job counts:
	count	jobs
	1	all
	2	find_orthologs
	2	gene_sequence
	5

[Sat Mar 14 13:36:51 2020]
rule gene_sequence:
    input: HT.genome, HT.gtf
    output: Results/1_GeneSequences/HT.fna, Results/1_GeneSequences/HT.faa, Results/1_GeneSequences/HT.log
    jobid: 3
    wildcards: sample=HT


[Sat Mar 14 13:36:51 2020]
rule gene_sequence:
    input: PB.genome, PB.gtf
    output: Results/1_GeneSequences/PB.fna, Results/1_GeneSequences/PB.faa, Results/1_GeneSequences/PB.log
    jobid: 4
    wildcards: sample=PB

Waiting at most 5 seconds for missing files.
MissingOutputException in line 7 of /export/home/bio1901/Documents/29_BINP/Project/Data/Trysnake:
Missing files after 5 seconds:
Results/1_GeneSequences/HT.fna
Results/1_GeneSequences/HT.faa
Results/1_GeneSequences/HT.log
This might be due to filesystem latency. If that is the case, consider to increase the wait time with --latency-wait.
Waiting at most 5 seconds for missing files.
MissingOutputException in line 7 of /export/home/bio1901/Documents/29_BINP/Project/Data/Trysnake:
Missing files after 5 seconds:
Results/1_GeneSequences/PB.fna
Results/1_GeneSequences/PB.faa
Results/1_GeneSequences/PB.log
This might be due to filesystem latency. If that is the case, consider to increase the wait time with --latency-wait.
Shutting down, this might take some time.
Exiting because a job execution failed. Look above for error message
Complete log: /export/home/bio1901/Documents/29_BINP/Project/Data/.snakemake/log/2020-03-14T133651.639887.snakemake.log
