#                                                                            --- full sequence --- -------------- this domain -------------   hmm coord   ali coord   env coord
# target name        accession   tlen query name           accession   qlen   E-value  score  bias   #  of  c-Evalue  i-Evalue  score  bias  from    to  from    to  from    to  acc description of target
#------------------- ---------- ----- -------------------- ---------- ----- --------- ------ ----- --- --- --------- --------- ------ ----- ----- ----- ----- ----- ----- ----- ---- ---------------------
4117_g               -            276 10051at5820          -            291   1.8e-70  235.5  32.1   1   2     1e-34     1e-31  108.3   8.0    16   114    10   108     2   137 0.92 length=276	scaffold=scaffold01743	strand=-
4117_g               -            276 10051at5820          -            291   1.8e-70  235.5  32.1   2   2   3.7e-42   3.6e-39  132.8  17.0   102   217   156   275   119   276 0.95 length=276	scaffold=scaffold01743	strand=-
2279_g               -            382 10051at5820          -            291   8.9e-22   75.7   6.8   1   4   7.6e-08   7.6e-05   20.1   0.1    31    89    85   145    72   151 0.83 length=382	scaffold=scaffold00452	strand=+
2279_g               -            382 10051at5820          -            291   8.9e-22   75.7   6.8   2   4     2e-07    0.0002   18.7   0.1    33    89   163   221   151   237 0.83 length=382	scaffold=scaffold00452	strand=+
2279_g               -            382 10051at5820          -            291   8.9e-22   75.7   6.8   3   4   1.7e-07   0.00017   19.0   0.1    33    89   239   297   229   302 0.82 length=382	scaffold=scaffold00452	strand=+
2279_g               -            382 10051at5820          -            291   8.9e-22   75.7   6.8   4   4   1.7e-07   0.00017   19.0   0.1    33    89   315   373   305   378 0.82 length=382	scaffold=scaffold00452	strand=+
99_g                 -            129 10051at5820          -            291   6.6e-06   23.6   0.1   1   1   7.7e-09   7.7e-06   23.4   0.1    33   101    11    82     3   102 0.80 length=129	scaffold=scaffold00005	strand=+
1923_g               -            407 10051at5820          -            291     0.033   11.5   0.8   1   1   5.6e-05     0.056   10.7   0.8    38    89    16    68    11    91 0.87 length=407	scaffold=scaffold00337	strand=-
#
# Program:         hmmsearch
# Version:         3.1b2 (February 2015)
# Pipeline mode:   SEARCH
# Query file:      /export/home/bio1901/Documents/29_BINP/OrthoSearch/busco_downloads/lineages/plasmodium_odb10/hmms/10051at5820.hmm
# Target file:     Results/1_GeneSequences/PB.faa
# Option settings: /home/users/bio1901/miniconda3/envs/busco/bin/hmmsearch --domtblout /export/home/bio1901/Documents/29_BINP/OrthoSearch/PB/run_plasmodium_odb10/hmmer_output/10051at5820.out --cpu 1 /export/home/bio1901/Documents/29_BINP/OrthoSearch/busco_downloads/lineages/plasmodium_odb10/hmms/10051at5820.hmm Results/1_GeneSequences/PB.faa 
# Current dir:     /export/home/bio1901/Documents/29_BINP/OrthoSearch
# Date:            Sun Mar 15 17:39:18 2020
# [ok]
