#                                                                            --- full sequence --- -------------- this domain -------------   hmm coord   ali coord   env coord
# target name        accession   tlen query name           accession   qlen   E-value  score  bias   #  of  c-Evalue  i-Evalue  score  bias  from    to  from    to  from    to  acc description of target
#------------------- ---------- ----- -------------------- ---------- ----- --------- ------ ----- --- --- --------- --------- ------ ----- ----- ----- ----- ----- ----- ----- ---- ---------------------
1824_g               -           3429 100at5820            -           2613         0 3043.6 181.6   1  12  3.1e-225  1.4e-222  739.7  33.1     1   442    83   527    83   546 0.96 length=3429	scaffold=scaffold00309	strand=-	adjustedToFrame=2
1824_g               -           3429 100at5820            -           2613         0 3043.6 181.6   2  12         9     4e+03  -10.9  14.4   588   666   606   687   576   759 0.77 length=3429	scaffold=scaffold00309	strand=-	adjustedToFrame=2
1824_g               -           3429 100at5820            -           2613         0 3043.6 181.6   3  12   6.2e-26   2.8e-23   78.5   3.8   459   520   768   829   763   866 0.81 length=3429	scaffold=scaffold00309	strand=-	adjustedToFrame=2
1824_g               -           3429 100at5820            -           2613         0 3043.6 181.6   4  12         9     4e+03  -17.5  15.1   640   677   980  1017   942  1055 0.47 length=3429	scaffold=scaffold00309	strand=-	adjustedToFrame=2
1824_g               -           3429 100at5820            -           2613         0 3043.6 181.6   5  12   6.4e-38   2.9e-35  118.3  12.0   532   675  1192  1336  1166  1366 0.77 length=3429	scaffold=scaffold00309	strand=-	adjustedToFrame=2
1824_g               -           3429 100at5820            -           2613         0 3043.6 181.6   6  12      0.62   2.7e+02   -4.4   7.3   623   675  1431  1483  1384  1497 0.81 length=3429	scaffold=scaffold00309	strand=-	adjustedToFrame=2
1824_g               -           3429 100at5820            -           2613         0 3043.6 181.6   7  12   3.4e-57   1.5e-54  182.2   4.1   687   810  1563  1688  1540  1744 0.82 length=3429	scaffold=scaffold00309	strand=-	adjustedToFrame=2
1824_g               -           3429 100at5820            -           2613         0 3043.6 181.6   8  12         0         0 1026.0  43.5   786  1336  1776  2334  1756  2359 0.96 length=3429	scaffold=scaffold00309	strand=-	adjustedToFrame=2
1824_g               -           3429 100at5820            -           2613         0 3043.6 181.6   9  12         9     4e+03  -18.0  14.2   632   680  2492  2540  2465  2545 0.52 length=3429	scaffold=scaffold00309	strand=-	adjustedToFrame=2
1824_g               -           3429 100at5820            -           2613         0 3043.6 181.6  10  12         9     4e+03  -13.6  11.1  2572  2606  2592  2626  2570  2672 0.56 length=3429	scaffold=scaffold00309	strand=-	adjustedToFrame=2
1824_g               -           3429 100at5820            -           2613         0 3043.6 181.6  11  12  6.4e-239  2.8e-236  785.1  37.2  1339  1794  2765  3221  2727  3229 0.92 length=3429	scaffold=scaffold00309	strand=-	adjustedToFrame=2
1824_g               -           3429 100at5820            -           2613         0 3043.6 181.6  12  12   1.1e-66   4.8e-64  213.7   1.1  1772  1925  3258  3416  3238  3426 0.87 length=3429	scaffold=scaffold00309	strand=-	adjustedToFrame=2
3442_g               -            968 100at5820            -           2613         0 1123.3  58.0   1   2   1.2e-26   5.5e-24   80.8  23.7  1943  2106   107   304    75   325 0.74 length=968	scaffold=scaffold01086	strand=-
3442_g               -            968 100at5820            -           2613         0 1123.3  58.0   2   2         0         0 1046.4  25.9  2052  2601   372   925   346   936 0.92 length=968	scaffold=scaffold01086	strand=-
415_g                -           1869 100at5820            -           2613  7.1e-131  435.4  70.5   1   5   5.1e-71   2.2e-68  228.1   7.5  1645  1925     5   300     2   343 0.82 length=1869	scaffold=scaffold00036	strand=+
415_g                -           1869 100at5820            -           2613  7.1e-131  435.4  70.5   2   5         9     4e+03  -31.1  32.4   556   634   540   614   341   697 0.49 length=1869	scaffold=scaffold00036	strand=+
415_g                -           1869 100at5820            -           2613  7.1e-131  435.4  70.5   3   5         9     4e+03  -31.6  32.3   492   686   619   673   499   862 0.54 length=1869	scaffold=scaffold00036	strand=+
415_g                -           1869 100at5820            -           2613  7.1e-131  435.4  70.5   4   5         9     4e+03  -14.0  18.1  1913  2046   981  1121   951  1131 0.62 length=1869	scaffold=scaffold00036	strand=+
415_g                -           1869 100at5820            -           2613  7.1e-131  435.4  70.5   5   5   1.4e-69   6.2e-67  223.3  55.0  1912  2540  1226  1861  1202  1866 0.72 length=1869	scaffold=scaffold00036	strand=+
338_g                -           1711 100at5820            -           2613   3.5e-94  313.7  78.2   1   7   4.6e-13     2e-10   35.8   0.9    36   134    22   115    10   126 0.82 length=1711	scaffold=scaffold00027	strand=+
338_g                -           1711 100at5820            -           2613   3.5e-94  313.7  78.2   2   7   1.5e-11   6.8e-09   30.8   0.2   141   237   203   305   189   327 0.81 length=1711	scaffold=scaffold00027	strand=+
338_g                -           1711 100at5820            -           2613   3.5e-94  313.7  78.2   3   7   1.9e-13   8.4e-11   37.1   8.6   243   405   386   552   358   587 0.69 length=1711	scaffold=scaffold00027	strand=+
338_g                -           1711 100at5820            -           2613   3.5e-94  313.7  78.2   4   7   1.1e-09   4.9e-07   24.6   1.8   394   511   605   719   587   734 0.74 length=1711	scaffold=scaffold00027	strand=+
338_g                -           1711 100at5820            -           2613   3.5e-94  313.7  78.2   5   7   2.7e-07   0.00012   16.7   0.0   695   756   795   856   781   869 0.92 length=1711	scaffold=scaffold00027	strand=+
338_g                -           1711 100at5820            -           2613   3.5e-94  313.7  78.2   6   7   4.2e-24   1.9e-21   72.4   7.0   794   919  1099  1224   936  1257 0.87 length=1711	scaffold=scaffold00027	strand=+
338_g                -           1711 100at5820            -           2613   3.5e-94  313.7  78.2   7   7   2.8e-39   1.3e-36  122.8  21.9   952  1251  1335  1629  1324  1708 0.82 length=1711	scaffold=scaffold00027	strand=+
1388_g               -           1827 100at5820            -           2613   1.1e-93  312.1  48.0   1   6   8.2e-33   3.6e-30  101.3   1.4    22   230    44   247    33   254 0.84 length=1827	scaffold=scaffold00202	strand=-
1388_g               -           1827 100at5820            -           2613   1.1e-93  312.1  48.0   2   6   9.5e-13   4.2e-10   34.8   8.0   232   373   409   555   403   570 0.74 length=1827	scaffold=scaffold00202	strand=-
1388_g               -           1827 100at5820            -           2613   1.1e-93  312.1  48.0   3   6   4.2e-06    0.0018   12.7   2.7   471   563   570   660   556   677 0.65 length=1827	scaffold=scaffold00202	strand=-
1388_g               -           1827 100at5820            -           2613   1.1e-93  312.1  48.0   4   6   0.00049      0.22    5.9   0.8   597   744   761   912   736   923 0.58 length=1827	scaffold=scaffold00202	strand=-
1388_g               -           1827 100at5820            -           2613   1.1e-93  312.1  48.0   5   6   1.5e-22   6.9e-20   67.2   1.7   735   923  1047  1220  1038  1277 0.87 length=1827	scaffold=scaffold00202	strand=-
1388_g               -           1827 100at5820            -           2613   1.1e-93  312.1  48.0   6   6   9.6e-37   4.3e-34  114.4   0.1   950  1146  1338  1533  1329  1548 0.96 length=1827	scaffold=scaffold00202	strand=-
2448_g               -           1767 100at5820            -           2613   2.3e-36  121.9 101.5   1   9    0.0049       2.2    2.6   0.0   184   256     1    73     1    78 0.79 length=1767	scaffold=scaffold00517	strand=-	adjustedToFrame=2
2448_g               -           1767 100at5820            -           2613   2.3e-36  121.9 101.5   2   9   3.6e-11   1.6e-08   29.5  27.6   237   378    94   242    65   606 0.81 length=1767	scaffold=scaffold00517	strand=-	adjustedToFrame=2
2448_g               -           1767 100at5820            -           2613   2.3e-36  121.9 101.5   3   9   1.2e-10   5.4e-08   27.8   1.1   440   516   658   734   635   751 0.84 length=1767	scaffold=scaffold00517	strand=-	adjustedToFrame=2
2448_g               -           1767 100at5820            -           2613   2.3e-36  121.9 101.5   4   9     0.027        12    0.1   0.7   591   650   752   805   740   820 0.63 length=1767	scaffold=scaffold00517	strand=-	adjustedToFrame=2
2448_g               -           1767 100at5820            -           2613   2.3e-36  121.9 101.5   5   9     0.016         7    0.9   3.4   652   732   921  1001   881  1015 0.78 length=1767	scaffold=scaffold00517	strand=-	adjustedToFrame=2
2448_g               -           1767 100at5820            -           2613   2.3e-36  121.9 101.5   6   9         9     4e+03  -12.3  15.3  2042  2122  1047  1143  1001  1157 0.54 length=1767	scaffold=scaffold00517	strand=-	adjustedToFrame=2
2448_g               -           1767 100at5820            -           2613   2.3e-36  121.9 101.5   7   9         9     4e+03  -15.5  17.6  2047  2122  1052  1143  1041  1233 0.44 length=1767	scaffold=scaffold00517	strand=-	adjustedToFrame=2
2448_g               -           1767 100at5820            -           2613   2.3e-36  121.9 101.5   8   9   6.1e-13   2.7e-10   35.4   0.8   856   931  1363  1437  1345  1462 0.85 length=1767	scaffold=scaffold00517	strand=-	adjustedToFrame=2
2448_g               -           1767 100at5820            -           2613   2.3e-36  121.9 101.5   9   9   2.3e-24     1e-21   73.3   3.7   943  1094  1608  1758  1584  1765 0.92 length=1767	scaffold=scaffold00517	strand=-	adjustedToFrame=2
1057_g               -           1522 100at5820            -           2613   5.2e-27   90.9  30.0   1   6   0.00012     0.052    7.9   4.1   104   194     1    92     1   129 0.76 length=1522	scaffold=scaffold00131	strand=+	adjustedToFrame=2
1057_g               -           1522 100at5820            -           2613   5.2e-27   90.9  30.0   2   6       2.1   9.3e+02   -6.2   8.3   168   251   256   339   174   370 0.79 length=1522	scaffold=scaffold00131	strand=+	adjustedToFrame=2
1057_g               -           1522 100at5820            -           2613   5.2e-27   90.9  30.0   3   6   1.1e-06   0.00047   14.7  15.9   251   375   555   662   537   670 0.82 length=1522	scaffold=scaffold00131	strand=+	adjustedToFrame=2
1057_g               -           1522 100at5820            -           2613   5.2e-27   90.9  30.0   4   6   1.5e-08   6.6e-06   20.9   1.2   466   530   664   728   662   775 0.69 length=1522	scaffold=scaffold00131	strand=+	adjustedToFrame=2
1057_g               -           1522 100at5820            -           2613   5.2e-27   90.9  30.0   5   6         9     4e+03  -10.7  10.5   386   430   789   832   749   863 0.56 length=1522	scaffold=scaffold00131	strand=+	adjustedToFrame=2
1057_g               -           1522 100at5820            -           2613   5.2e-27   90.9  30.0   6   6   7.3e-28   3.2e-25   84.9  21.5   645  1071  1118  1510  1094  1518 0.75 length=1522	scaffold=scaffold00131	strand=+	adjustedToFrame=2
414_g                -            833 100at5820            -           2613   1.1e-24   83.1   7.4   1   5   2.6e-27   1.1e-24   83.1   7.4   148   374    39   260    34   266 0.84 length=833	scaffold=scaffold00036	strand=+
414_g                -            833 100at5820            -           2613   1.1e-24   83.1   7.4   2   5   3.5e-05     0.016    9.7   0.4   467   534   270   339   260   362 0.77 length=833	scaffold=scaffold00036	strand=+
414_g                -            833 100at5820            -           2613   1.1e-24   83.1   7.4   3   5     0.011       4.8    1.4   0.9   570   609   427   466   379   514 0.72 length=833	scaffold=scaffold00036	strand=+
414_g                -            833 100at5820            -           2613   1.1e-24   83.1   7.4   4   5     0.053        23   -0.9   2.2   865   928   653   716   616   760 0.76 length=833	scaffold=scaffold00036	strand=+
414_g                -            833 100at5820            -           2613   1.1e-24   83.1   7.4   5   5    0.0046       2.1    2.6   1.0   991  1064   752   823   713   831 0.72 length=833	scaffold=scaffold00036	strand=+
2016_g               -           1125 100at5820            -           2613   6.6e-12   40.8  27.0   1   3     0.021       9.3    0.5   0.7   139   192   151   202    45   230 0.63 length=1125	scaffold=scaffold00365	strand=+
2016_g               -           1125 100at5820            -           2613   6.6e-12   40.8  27.0   2   3   3.6e-13   1.6e-10   36.2  16.0   476   915   357   773   346   783 0.56 length=1125	scaffold=scaffold00365	strand=+
2016_g               -           1125 100at5820            -           2613   6.6e-12   40.8  27.0   3   3    0.0006      0.26    5.6   0.1   980  1049   798   864   778   886 0.81 length=1125	scaffold=scaffold00365	strand=+
#
# Program:         hmmsearch
# Version:         3.1b2 (February 2015)
# Pipeline mode:   SEARCH
# Query file:      /export/home/bio1901/Documents/29_BINP/OrthoSearch/busco_downloads/lineages/plasmodium_odb10/hmms/100at5820.hmm
# Target file:     Results/1_GeneSequences/PB.faa
# Option settings: /home/users/bio1901/miniconda3/envs/busco/bin/hmmsearch --domtblout /export/home/bio1901/Documents/29_BINP/OrthoSearch/PB/run_plasmodium_odb10/hmmer_output/100at5820.out --cpu 1 /export/home/bio1901/Documents/29_BINP/OrthoSearch/busco_downloads/lineages/plasmodium_odb10/hmms/100at5820.hmm Results/1_GeneSequences/PB.faa 
# Current dir:     /export/home/bio1901/Documents/29_BINP/OrthoSearch
# Date:            Sun Mar 15 17:39:22 2020
# [ok]
