#                                                                            --- full sequence --- -------------- this domain -------------   hmm coord   ali coord   env coord
# target name        accession   tlen query name           accession   qlen   E-value  score  bias   #  of  c-Evalue  i-Evalue  score  bias  from    to  from    to  from    to  acc description of target
#------------------- ---------- ----- -------------------- ---------- ----- --------- ------ ----- --- --- --------- --------- ------ ----- ----- ----- ----- ----- ----- ----- ---- ---------------------
1221_g               -           2797 10105at5820          -            265   1.2e-58  196.2  93.5   1  12       2.8   1.1e+03   -3.8   0.1   186   227    79   122    76   140 0.80 length=2797	scaffold=scaffold00165	strand=-
1221_g               -           2797 10105at5820          -            265   1.2e-58  196.2  93.5   2  12   1.9e-13   7.5e-11   39.4  12.5     7   248   362   636   359   650 0.71 length=2797	scaffold=scaffold00165	strand=-
1221_g               -           2797 10105at5820          -            265   1.2e-58  196.2  93.5   3  12      0.92   3.7e+02   -2.2   0.0   156   177   683   704   670   708 0.82 length=2797	scaffold=scaffold00165	strand=-
1221_g               -           2797 10105at5820          -            265   1.2e-58  196.2  93.5   4  12   4.1e-05     0.017   12.1   4.2   114   192   859   936   812   994 0.64 length=2797	scaffold=scaffold00165	strand=-
1221_g               -           2797 10105at5820          -            265   1.2e-58  196.2  93.5   5  12   0.00063      0.25    8.2   6.4    19   107   892   990   874  1066 0.67 length=2797	scaffold=scaffold00165	strand=-
1221_g               -           2797 10105at5820          -            265   1.2e-58  196.2  93.5   6  12   4.5e-09   1.8e-06   25.1   6.6    92   237  1134  1273  1112  1295 0.76 length=2797	scaffold=scaffold00165	strand=-
1221_g               -           2797 10105at5820          -            265   1.2e-58  196.2  93.5   7  12     0.059        24    1.7   0.1   152   176  1448  1472  1423  1531 0.81 length=2797	scaffold=scaffold00165	strand=-
1221_g               -           2797 10105at5820          -            265   1.2e-58  196.2  93.5   8  12   1.6e-16   6.3e-14   49.5   4.4    84   236  1568  1725  1518  1746 0.72 length=2797	scaffold=scaffold00165	strand=-
1221_g               -           2797 10105at5820          -            265   1.2e-58  196.2  93.5   9  12   2.6e-09     1e-06   25.9   2.4   116   189  1875  1943  1757  1966 0.75 length=2797	scaffold=scaffold00165	strand=-
1221_g               -           2797 10105at5820          -            265   1.2e-58  196.2  93.5  10  12     0.033        13    2.6   0.1     6    42  2094  2134  2089  2180 0.78 length=2797	scaffold=scaffold00165	strand=-
1221_g               -           2797 10105at5820          -            265   1.2e-58  196.2  93.5  11  12   3.7e-10   1.5e-07   28.7   2.7    66   191  2260  2393  2197  2398 0.68 length=2797	scaffold=scaffold00165	strand=-
1221_g               -           2797 10105at5820          -            265   1.2e-58  196.2  93.5  12  12   1.2e-17   4.9e-15   53.2   0.2    82   200  2591  2713  2543  2726 0.81 length=2797	scaffold=scaffold00165	strand=-
3065_g               -           1096 10105at5820          -            265   4.6e-47  158.2  17.7   1   4   4.3e-14   1.7e-11   41.5   0.0    24    78    19    76     6    86 0.84 length=1096	scaffold=scaffold00824	strand=+	adjustedToFrame=2
3065_g               -           1096 10105at5820          -            265   4.6e-47  158.2  17.7   2   4   4.1e-13   1.6e-10   38.3   0.2    80   148   121   189   114   205 0.84 length=1096	scaffold=scaffold00824	strand=+	adjustedToFrame=2
3065_g               -           1096 10105at5820          -            265   4.6e-47  158.2  17.7   3   4   1.5e-27   5.9e-25   85.7   2.2   150   252   252   359   238   363 0.85 length=1096	scaffold=scaffold00824	strand=+	adjustedToFrame=2
3065_g               -           1096 10105at5820          -            265   4.6e-47  158.2  17.7   4   4      0.13        53    0.6   0.9   147   202   384   444   371   450 0.65 length=1096	scaffold=scaffold00824	strand=+	adjustedToFrame=2
1222_g               -           2305 10105at5820          -            265   2.1e-27   93.7  62.6   1   9       1.8   7.4e+02   -3.2   0.0    59    98   349   398   347   407 0.59 length=2305	scaffold=scaffold00165	strand=-	adjustedToFrame=2
1222_g               -           2305 10105at5820          -            265   2.1e-27   93.7  62.6   2   9      0.53   2.1e+02   -1.4   0.0    90   144   465   515   435   554 0.66 length=2305	scaffold=scaffold00165	strand=-	adjustedToFrame=2
1222_g               -           2305 10105at5820          -            265   2.1e-27   93.7  62.6   3   9   1.9e-07   7.7e-05   19.7   5.6   128   245   769   885   758   892 0.77 length=2305	scaffold=scaffold00165	strand=-	adjustedToFrame=2
1222_g               -           2305 10105at5820          -            265   2.1e-27   93.7  62.6   4   9     0.017       6.6    3.5   0.1     7    46   913   956   910   983 0.79 length=2305	scaffold=scaffold00165	strand=-	adjustedToFrame=2
1222_g               -           2305 10105at5820          -            265   2.1e-27   93.7  62.6   5   9   5.2e-10   2.1e-07   28.1   5.8    64   233  1162  1335  1152  1361 0.76 length=2305	scaffold=scaffold00165	strand=-	adjustedToFrame=2
1222_g               -           2305 10105at5820          -            265   2.1e-27   93.7  62.6   6   9     0.087        35    1.2   0.8    82   138  1314  1381  1310  1435 0.53 length=2305	scaffold=scaffold00165	strand=-	adjustedToFrame=2
1222_g               -           2305 10105at5820          -            265   2.1e-27   93.7  62.6   7   9   1.5e-09   6.2e-07   26.6   8.6    51   246  1506  1716  1490  1735 0.69 length=2305	scaffold=scaffold00165	strand=-	adjustedToFrame=2
1222_g               -           2305 10105at5820          -            265   2.1e-27   93.7  62.6   8   9      0.34   1.4e+02   -0.8   0.0    46    68  1980  2002  1963  2018 0.76 length=2305	scaffold=scaffold00165	strand=-	adjustedToFrame=2
1222_g               -           2305 10105at5820          -            265   2.1e-27   93.7  62.6   9   9   3.2e-14   1.3e-11   41.9   3.1    60   187  2093  2218  2084  2282 0.82 length=2305	scaffold=scaffold00165	strand=-	adjustedToFrame=2
3802_g               -            433 10105at5820          -            265     6e-14   49.6  10.2   1   2   1.9e-07   7.6e-05   19.7   0.4    25   108    47   144    19   194 0.60 length=433	scaffold=scaffold01396	strand=-
3802_g               -            433 10105at5820          -            265     6e-14   49.6  10.2   2   2   1.6e-11   6.2e-09   33.1   3.7   116   251   255   409   216   418 0.71 length=433	scaffold=scaffold01396	strand=-
859_g                -            998 10105at5820          -            265   1.3e-11   41.9  18.1   1   2   4.7e-08   1.9e-05   21.7   4.0    24   201     3   208     1   257 0.69 length=998	scaffold=scaffold00097	strand=-
859_g                -            998 10105at5820          -            265   1.3e-11   41.9  18.1   2   2   1.8e-08   7.2e-06   23.1   6.3    14   184   479   671   474   754 0.75 length=998	scaffold=scaffold00097	strand=-
1887_g               -            310 10105at5820          -            265   3.3e-08   30.8   5.8   1   2   4.3e-10   1.7e-07   28.4   2.0    14   175    26   207     6   215 0.73 length=310	scaffold=scaffold00325	strand=-
1887_g               -            310 10105at5820          -            265   3.3e-08   30.8   5.8   2   2     0.019       7.5    3.4   0.1    45    61   216   232   209   241 0.83 length=310	scaffold=scaffold00325	strand=-
858_g                -            748 10105at5820          -            265   1.3e-06   25.5  20.6   1   4   4.6e-07   0.00018   18.5   2.9    26   186    37   226    22   230 0.68 length=748	scaffold=scaffold00097	strand=-
858_g                -            748 10105at5820          -            265   1.3e-06   25.5  20.6   2   4     0.015         6    3.7   0.1    46    68   217   239   211   245 0.85 length=748	scaffold=scaffold00097	strand=-
858_g                -            748 10105at5820          -            265   1.3e-06   25.5  20.6   3   4   3.7e-06    0.0015   15.5   1.8    27   153   452   582   437   632 0.66 length=748	scaffold=scaffold00097	strand=-
858_g                -            748 10105at5820          -            265   1.3e-06   25.5  20.6   4   4         6   2.4e+03   -4.8   1.0   139   161   709   730   706   737 0.64 length=748	scaffold=scaffold00097	strand=-
758_g                -           3221 10105at5820          -            265   3.3e-06   24.2 138.6   1   9   0.00029      0.12    9.3   4.4   149   220    12    95     5   116 0.61 length=3221	scaffold=scaffold00082	strand=-	adjustedToFrame=2
758_g                -           3221 10105at5820          -            265   3.3e-06   24.2 138.6   2   9   0.00049       0.2    8.6   0.1   118   184   462   527   450   551 0.80 length=3221	scaffold=scaffold00082	strand=-	adjustedToFrame=2
758_g                -           3221 10105at5820          -            265   3.3e-06   24.2 138.6   3   9   7.9e-06    0.0032   14.4   7.6    69   245   697   898   675   907 0.63 length=3221	scaffold=scaffold00082	strand=-	adjustedToFrame=2
758_g                -           3221 10105at5820          -            265   3.3e-06   24.2 138.6   4   9       1.6   6.2e+02   -2.9  18.1    14   245   994  1265   981  1270 0.60 length=3221	scaffold=scaffold00082	strand=-	adjustedToFrame=2
758_g                -           3221 10105at5820          -            265   3.3e-06   24.2 138.6   5   9      0.51     2e+02   -1.3  17.4    25   245  1425  1684  1412  1690 0.64 length=3221	scaffold=scaffold00082	strand=-	adjustedToFrame=2
758_g                -           3221 10105at5820          -            265   3.3e-06   24.2 138.6   6   9   0.00062      0.25    8.2   0.4   165   198  1818  1851  1799  1866 0.80 length=3221	scaffold=scaffold00082	strand=-	adjustedToFrame=2
758_g                -           3221 10105at5820          -            265   3.3e-06   24.2 138.6   7   9   7.1e-05     0.029   11.3   7.2    83   245  1963  2122  1922  2128 0.69 length=3221	scaffold=scaffold00082	strand=-	adjustedToFrame=2
758_g                -           3221 10105at5820          -            265   3.3e-06   24.2 138.6   8   9   0.00029      0.12    9.3  14.3     9   249  2311  2581  2308  2587 0.59 length=3221	scaffold=scaffold00082	strand=-	adjustedToFrame=2
758_g                -           3221 10105at5820          -            265   3.3e-06   24.2 138.6   9   9    0.0014      0.57    7.0  10.3    87   235  2931  3095  2886  3111 0.69 length=3221	scaffold=scaffold00082	strand=-	adjustedToFrame=2
861_g                -            442 10105at5820          -            265   5.3e-06   23.5   7.4   1   3   1.7e-06   0.00069   16.6   1.8     7   174     5   185     2   188 0.69 length=442	scaffold=scaffold00097	strand=-	adjustedToFrame=3
861_g                -            442 10105at5820          -            265   5.3e-06   23.5   7.4   2   3   9.9e-05      0.04   10.8   0.1    21    76   166   227   155   331 0.70 length=442	scaffold=scaffold00097	strand=-	adjustedToFrame=3
861_g                -            442 10105at5820          -            265   5.3e-06   23.5   7.4   3   3     0.072        29    1.5   0.1    66   101   390   429   325   439 0.68 length=442	scaffold=scaffold00097	strand=-	adjustedToFrame=3
1629_g               -            519 10105at5820          -            265   0.00023   18.1   0.7   1   1   4.5e-06    0.0018   15.2   0.9    26   175    38   206    28   233 0.60 length=519	scaffold=scaffold00257	strand=+
#
# Program:         hmmsearch
# Version:         3.1b2 (February 2015)
# Pipeline mode:   SEARCH
# Query file:      /export/home/bio1901/Documents/29_BINP/OrthoSearch/busco_downloads/lineages/plasmodium_odb10/hmms/10105at5820.hmm
# Target file:     Results/1_GeneSequences/PB.faa
# Option settings: /home/users/bio1901/miniconda3/envs/busco/bin/hmmsearch --domtblout /export/home/bio1901/Documents/29_BINP/OrthoSearch/PB/run_plasmodium_odb10/hmmer_output/10105at5820.out --cpu 1 /export/home/bio1901/Documents/29_BINP/OrthoSearch/busco_downloads/lineages/plasmodium_odb10/hmms/10105at5820.hmm Results/1_GeneSequences/PB.faa 
# Current dir:     /export/home/bio1901/Documents/29_BINP/OrthoSearch
# Date:            Sun Mar 15 17:39:22 2020
# [ok]
