#                                                                            --- full sequence --- -------------- this domain -------------   hmm coord   ali coord   env coord
# target name        accession   tlen query name           accession   qlen   E-value  score  bias   #  of  c-Evalue  i-Evalue  score  bias  from    to  from    to  from    to  acc description of target
#------------------- ---------- ----- -------------------- ---------- ----- --------- ------ ----- --- --- --------- --------- ------ ----- ----- ----- ----- ----- ----- ----- ---- ---------------------
2063_g               -            117 10182at5820          -            226   1.1e-59  200.0   3.1   1   1   2.1e-62   1.2e-59  199.8   3.1   120   225     8   113     2   114 0.98 length=117	scaffold=scaffold00378	strand=-
1979_g               -            582 10182at5820          -            226   5.6e-32  109.3   6.4   1   2   9.8e-35   5.6e-32  109.3   6.4    41   223    71   269    35   271 0.66 length=582	scaffold=scaffold00354	strand=+
1979_g               -            582 10182at5820          -            226   5.6e-32  109.3   6.4   2   2      0.94   5.3e+02   -1.8   4.8    42    91   306   356   277   436 0.48 length=582	scaffold=scaffold00354	strand=+
1797_g               -            174 10182at5820          -            226      0.21    9.3  18.9   1   1   0.00048      0.27    9.0  18.9    14   108    30   127    12   169 0.56 length=174	scaffold=scaffold00301	strand=-
2214_g               -            136 10182at5820          -            226       3.8    5.2  19.6   1   1    0.0072       4.1    5.1  19.6    47   115    10    70     1   121 0.40 length=136	scaffold=scaffold00428	strand=-
2517_g               -            112 10182at5820          -            226       4.2    5.1  22.3   1   1    0.0079       4.5    5.0  22.3    39   122    22   103     3   111 0.49 length=112	scaffold=scaffold00543	strand=+
1841_g               -            134 10182at5820          -            226       7.8    4.2  31.4   1   1     0.021        12    3.6  31.4    11   126     9   123     2   133 0.63 length=134	scaffold=scaffold00313	strand=+
3293_g               -            100 10182at5820          -            226       9.9    3.9   8.6   1   1     0.019        11    3.7   8.6    42   131     7    95     1    97 0.30 length=100	scaffold=scaffold00973	strand=+	adjustedToFrame=3
#
# Program:         hmmsearch
# Version:         3.1b2 (February 2015)
# Pipeline mode:   SEARCH
# Query file:      /export/home/bio1901/Documents/29_BINP/OrthoSearch/busco_downloads/lineages/plasmodium_odb10/hmms/10182at5820.hmm
# Target file:     Results/1_GeneSequences/PB.faa
# Option settings: /home/users/bio1901/miniconda3/envs/busco/bin/hmmsearch --domtblout /export/home/bio1901/Documents/29_BINP/OrthoSearch/PB/run_plasmodium_odb10/hmmer_output/10182at5820.out --cpu 1 /export/home/bio1901/Documents/29_BINP/OrthoSearch/busco_downloads/lineages/plasmodium_odb10/hmms/10182at5820.hmm Results/1_GeneSequences/PB.faa 
# Current dir:     /export/home/bio1901/Documents/29_BINP/OrthoSearch
# Date:            Sun Mar 15 17:39:38 2020
# [ok]
