#                                                                            --- full sequence --- -------------- this domain -------------   hmm coord   ali coord   env coord
# target name        accession   tlen query name           accession   qlen   E-value  score  bias   #  of  c-Evalue  i-Evalue  score  bias  from    to  from    to  from    to  acc description of target
#------------------- ---------- ----- -------------------- ---------- ----- --------- ------ ----- --- --- --------- --------- ------ ----- ----- ----- ----- ----- ----- ----- ---- ---------------------
3040_g               -            279 10191at5820          -            228     2e-75  251.2   5.5   1   1   5.8e-77   3.3e-74  247.2   5.5    29   228    49   278    44   278 0.88 length=279	scaffold=scaffold00812	strand=+
4106_g               -            310 10191at5820          -            228   1.4e-13   48.9   5.4   1   2   3.8e-10   2.2e-07   28.6   0.0     5    68    49   112    46   119 0.95 length=310	scaffold=scaffold01698	strand=+
4106_g               -            310 10191at5820          -            228   1.4e-13   48.9   5.4   2   2   2.6e-07   0.00015   19.4   4.2   107   201   200   296   163   305 0.81 length=310	scaffold=scaffold01698	strand=+
4044_g               -            275 10191at5820          -            228   1.3e-11   42.5   1.0   1   2   5.6e-13   3.2e-10   37.9   0.2     8    71    62   125    56   142 0.91 length=275	scaffold=scaffold01634	strand=-
4044_g               -            275 10191at5820          -            228   1.3e-11   42.5   1.0   2   2     0.022        12    3.3   0.0   131   199   176   246   170   255 0.83 length=275	scaffold=scaffold01634	strand=-
3979_g               -            268 10191at5820          -            228   0.00076   17.0   0.0   1   2    0.0014       0.8    7.2   0.0     8    76    40   107    36   128 0.78 length=268	scaffold=scaffold01563	strand=-
3979_g               -            268 10191at5820          -            228   0.00076   17.0   0.0   2   2   0.00084      0.48    7.9   0.0   143   206   166   230   152   250 0.84 length=268	scaffold=scaffold01563	strand=-
3841_g               -            177 10191at5820          -            228    0.0022   15.6   0.4   1   1     5e-06    0.0028   15.2   0.4    13    67    35    89    24   125 0.81 length=177	scaffold=scaffold01433	strand=-
135_g                -            229 10191at5820          -            228    0.0033   15.0   0.1   1   1   4.6e-05     0.026   12.0   0.1    16    91    13    86     5   205 0.61 length=229	scaffold=scaffold00008	strand=+
3842_g               -            221 10191at5820          -            228    0.0055   14.2   0.6   1   2   5.5e-05     0.032   11.7   0.1     3    75    23    94    21   144 0.83 length=221	scaffold=scaffold01433	strand=+
3842_g               -            221 10191at5820          -            228    0.0055   14.2   0.6   2   2     0.095        54    1.2   0.0   154   193   166   203   147   218 0.71 length=221	scaffold=scaffold01433	strand=+
#
# Program:         hmmsearch
# Version:         3.1b2 (February 2015)
# Pipeline mode:   SEARCH
# Query file:      /export/home/bio1901/Documents/29_BINP/OrthoSearch/busco_downloads/lineages/plasmodium_odb10/hmms/10191at5820.hmm
# Target file:     Results/1_GeneSequences/PB.faa
# Option settings: /home/users/bio1901/miniconda3/envs/busco/bin/hmmsearch --domtblout /export/home/bio1901/Documents/29_BINP/OrthoSearch/PB/run_plasmodium_odb10/hmmer_output/10191at5820.out --cpu 1 /export/home/bio1901/Documents/29_BINP/OrthoSearch/busco_downloads/lineages/plasmodium_odb10/hmms/10191at5820.hmm Results/1_GeneSequences/PB.faa 
# Current dir:     /export/home/bio1901/Documents/29_BINP/OrthoSearch
# Date:            Sun Mar 15 17:39:39 2020
# [ok]
