#                                                                            --- full sequence --- -------------- this domain -------------   hmm coord   ali coord   env coord
# target name        accession   tlen query name           accession   qlen   E-value  score  bias   #  of  c-Evalue  i-Evalue  score  bias  from    to  from    to  from    to  acc description of target
#------------------- ---------- ----- -------------------- ---------- ----- --------- ------ ----- --- --- --------- --------- ------ ----- ----- ----- ----- ----- ----- ----- ---- ---------------------
1509_g               -            319 10220at5820          -            295  8.6e-123  407.0  27.1   1   1    7e-125  5.6e-122  404.4  27.1     9   292     9   316     2   318 0.95 length=319	scaffold=scaffold00229	strand=-
435_g                -            282 10220at5820          -            295   1.4e-30  104.3  25.4   1   2   1.1e-05    0.0086   13.1   0.6    10    51     5    46     2    55 0.81 length=282	scaffold=scaffold00039	strand=-
435_g                -            282 10220at5820          -            295   1.4e-30  104.3  25.4   2   2   1.5e-30   1.2e-27   94.7  20.0    50   246    74   280    40   281 0.73 length=282	scaffold=scaffold00039	strand=-
275_g                -            124 10220at5820          -            295   9.7e-12   42.5   4.5   1   2   2.3e-11   1.8e-08   31.7   0.8   148   213     9    74     5    80 0.89 length=124	scaffold=scaffold00020	strand=+
275_g                -            124 10220at5820          -            295   9.7e-12   42.5   4.5   2   2   4.9e-06    0.0039   14.2   0.2   248   284    74   109    73   120 0.84 length=124	scaffold=scaffold00020	strand=+
2776_g               -            503 10220at5820          -            295   6.2e-06   23.4   0.9   1   2      0.27   2.1e+02   -1.3   0.0     8    71   280   344   276   348 0.78 length=503	scaffold=scaffold00664	strand=-
2776_g               -            503 10220at5820          -            295   6.2e-06   23.4   0.9   2   2   2.5e-08     2e-05   21.7   0.3    17   116   351   454   339   479 0.75 length=503	scaffold=scaffold00664	strand=-
2371_g               -            105 10220at5820          -            295    0.0053   13.8  11.1   1   1   7.3e-06    0.0058   13.7  11.1    77   151     7    83     1   100 0.68 length=105	scaffold=scaffold00490	strand=+
#
# Program:         hmmsearch
# Version:         3.1b2 (February 2015)
# Pipeline mode:   SEARCH
# Query file:      /export/home/bio1901/Documents/29_BINP/OrthoSearch/busco_downloads/lineages/plasmodium_odb10/hmms/10220at5820.hmm
# Target file:     Results/1_GeneSequences/PB.faa
# Option settings: /home/users/bio1901/miniconda3/envs/busco/bin/hmmsearch --domtblout /export/home/bio1901/Documents/29_BINP/OrthoSearch/PB/run_plasmodium_odb10/hmmer_output/10220at5820.out --cpu 1 /export/home/bio1901/Documents/29_BINP/OrthoSearch/busco_downloads/lineages/plasmodium_odb10/hmms/10220at5820.hmm Results/1_GeneSequences/PB.faa 
# Current dir:     /export/home/bio1901/Documents/29_BINP/OrthoSearch
# Date:            Sun Mar 15 17:40:02 2020
# [ok]
