#                                                                            --- full sequence --- -------------- this domain -------------   hmm coord   ali coord   env coord
# target name        accession   tlen query name           accession   qlen   E-value  score  bias   #  of  c-Evalue  i-Evalue  score  bias  from    to  from    to  from    to  acc description of target
#------------------- ---------- ----- -------------------- ---------- ----- --------- ------ ----- --- --- --------- --------- ------ ----- ----- ----- ----- ----- ----- ----- ---- ---------------------
1108_g               -            487 10298at5820          -            272  9.6e-108  357.5  36.9   1   1  1.4e-110  1.4e-107  357.0  36.9     1   272   138   415   138   415 0.97 length=487	scaffold=scaffold00142	strand=+
3934_g               -            343 10298at5820          -            272   6.5e-24   82.6  50.3   1   3   8.6e-13   8.6e-10   36.3  22.2    31   137    40   145    23   147 0.91 length=343	scaffold=scaffold01519	strand=-
3934_g               -            343 10298at5820          -            272   6.5e-24   82.6  50.3   2   3   1.2e-13   1.2e-10   39.1   8.7    81   171   111   200   110   203 0.90 length=343	scaffold=scaffold01519	strand=-
3934_g               -            343 10298at5820          -            272   6.5e-24   82.6  50.3   3   3     2e-11     2e-08   31.8  12.3    87   173   203   296   200   305 0.84 length=343	scaffold=scaffold01519	strand=-
3347_g               -            897 10298at5820          -            272   7.1e-07   26.7  62.7   1   6       2.1   2.1e+03   -4.3   0.6    83   112    68    97    50   112 0.59 length=897	scaffold=scaffold01012	strand=+
3347_g               -            897 10298at5820          -            272   7.1e-07   26.7  62.7   2   6     0.012        12    3.0  18.6    80   179   231   337   216   394 0.77 length=897	scaffold=scaffold01012	strand=+
3347_g               -            897 10298at5820          -            272   7.1e-07   26.7  62.7   3   6   1.1e-08   1.1e-05   22.8  29.2    22   142   464   584   440   592 0.85 length=897	scaffold=scaffold01012	strand=+
3347_g               -            897 10298at5820          -            272   7.1e-07   26.7  62.7   4   6         4     4e+03   -7.8  22.0    65   192   551   684   547   685 0.71 length=897	scaffold=scaffold01012	strand=+
3347_g               -            897 10298at5820          -            272   7.1e-07   26.7  62.7   5   6   0.00049      0.49    7.6  23.3    50   147   661   761   643   766 0.78 length=897	scaffold=scaffold01012	strand=+
3347_g               -            897 10298at5820          -            272   7.1e-07   26.7  62.7   6   6   1.8e-07   0.00018   18.8  25.5    20   159   705   839   701   874 0.67 length=897	scaffold=scaffold01012	strand=+
1578_g               -            218 10298at5820          -            272   1.2e-06   26.0  16.3   1   1   1.2e-09   1.2e-06   26.0  16.3    44   145   112   211   103   217 0.82 length=218	scaffold=scaffold00245	strand=+
#
# Program:         hmmsearch
# Version:         3.1b2 (February 2015)
# Pipeline mode:   SEARCH
# Query file:      /export/home/bio1901/Documents/29_BINP/OrthoSearch/busco_downloads/lineages/plasmodium_odb10/hmms/10298at5820.hmm
# Target file:     Results/1_GeneSequences/PB.faa
# Option settings: /home/users/bio1901/miniconda3/envs/busco/bin/hmmsearch --domtblout /export/home/bio1901/Documents/29_BINP/OrthoSearch/PB/run_plasmodium_odb10/hmmer_output/10298at5820.out --cpu 1 /export/home/bio1901/Documents/29_BINP/OrthoSearch/busco_downloads/lineages/plasmodium_odb10/hmms/10298at5820.hmm Results/1_GeneSequences/PB.faa 
# Current dir:     /export/home/bio1901/Documents/29_BINP/OrthoSearch
# Date:            Sun Mar 15 17:40:05 2020
# [ok]
