#                                                                            --- full sequence --- -------------- this domain -------------   hmm coord   ali coord   env coord
# target name        accession   tlen query name           accession   qlen   E-value  score  bias   #  of  c-Evalue  i-Evalue  score  bias  from    to  from    to  from    to  acc description of target
#------------------- ---------- ----- -------------------- ---------- ----- --------- ------ ----- --- --- --------- --------- ------ ----- ----- ----- ----- ----- ----- ----- ---- ---------------------
2463_g               -           2103 102at5820            -           3017  6.5e-277  920.0 245.8   1   7         2     4e+03  -20.5  24.2  2041  2157    47   171    24   195 0.40 length=2103	scaffold=scaffold00523	strand=-	adjustedToFrame=2
2463_g               -           2103 102at5820            -           3017  6.5e-277  920.0 245.8   2   7   1.4e-40   2.7e-37  124.9  30.0  1994  2150   219   374   177   395 0.78 length=2103	scaffold=scaffold00523	strand=-	adjustedToFrame=2
2463_g               -           2103 102at5820            -           3017  6.5e-277  920.0 245.8   3   7   6.6e-60   1.3e-56  189.0  21.6  2112  2304   503   706   469   731 0.73 length=2103	scaffold=scaffold00523	strand=-	adjustedToFrame=2
2463_g               -           2103 102at5820            -           3017  6.5e-277  920.0 245.8   4   7   2.3e-39   4.6e-36  120.8  13.1  2287  2422   827   960   783   995 0.76 length=2103	scaffold=scaffold00523	strand=-	adjustedToFrame=2
2463_g               -           2103 102at5820            -           3017  6.5e-277  920.0 245.8   5   7   2.6e-21   5.2e-18   60.9  14.7  2393  2521  1080  1194  1058  1245 0.78 length=2103	scaffold=scaffold00523	strand=-	adjustedToFrame=2
2463_g               -           2103 102at5820            -           3017  6.5e-277  920.0 245.8   6   7   6.3e-26   1.2e-22   76.2  31.0  2398  2586  1317  1514  1299  1532 0.63 length=2103	scaffold=scaffold00523	strand=-	adjustedToFrame=2
2463_g               -           2103 102at5820            -           3017  6.5e-277  920.0 245.8   7   7  4.9e-124  9.8e-121  401.8  66.4  2558  3016  1600  2068  1595  2069 0.84 length=2103	scaffold=scaffold00523	strand=-	adjustedToFrame=2
417_g                -           1432 102at5820            -           3017  4.9e-115  382.9 191.1   1   5   8.7e-68   1.7e-64  215.1  42.6     1   259     1   278     1   292 0.86 length=1432	scaffold=scaffold00037	strand=-
417_g                -           1432 102at5820            -           3017  4.9e-115  382.9 191.1   2   5   4.1e-36   8.3e-33  110.0  12.8   262   386   377   511   368   558 0.88 length=1432	scaffold=scaffold00037	strand=-
417_g                -           1432 102at5820            -           3017  4.9e-115  382.9 191.1   3   5   4.1e-20   8.2e-17   56.9  23.3   393   553   626   798   611   823 0.68 length=1432	scaffold=scaffold00037	strand=-
417_g                -           1432 102at5820            -           3017  4.9e-115  382.9 191.1   4   5    0.0049       9.8    0.3  24.6   450   571   848   988   825   995 0.55 length=1432	scaffold=scaffold00037	strand=-
417_g                -           1432 102at5820            -           3017  4.9e-115  382.9 191.1   5   5   2.4e-11   4.9e-08   27.8  51.5   413   683  1081  1394  1051  1403 0.61 length=1432	scaffold=scaffold00037	strand=-
#
# Program:         hmmsearch
# Version:         3.1b2 (February 2015)
# Pipeline mode:   SEARCH
# Query file:      /export/home/bio1901/Documents/29_BINP/OrthoSearch/busco_downloads/lineages/plasmodium_odb10/hmms/102at5820.hmm
# Target file:     Results/1_GeneSequences/PB.faa
# Option settings: /home/users/bio1901/miniconda3/envs/busco/bin/hmmsearch --domtblout /export/home/bio1901/Documents/29_BINP/OrthoSearch/PB/run_plasmodium_odb10/hmmer_output/102at5820.out --cpu 1 /export/home/bio1901/Documents/29_BINP/OrthoSearch/busco_downloads/lineages/plasmodium_odb10/hmms/102at5820.hmm Results/1_GeneSequences/PB.faa 
# Current dir:     /export/home/bio1901/Documents/29_BINP/OrthoSearch
# Date:            Sun Mar 15 17:40:07 2020
# [ok]
