#                                                                            --- full sequence --- -------------- this domain -------------   hmm coord   ali coord   env coord
# target name        accession   tlen query name           accession   qlen   E-value  score  bias   #  of  c-Evalue  i-Evalue  score  bias  from    to  from    to  from    to  acc description of target
#------------------- ---------- ----- -------------------- ---------- ----- --------- ------ ----- --- --- --------- --------- ------ ----- ----- ----- ----- ----- ----- ----- ---- ---------------------
1067_g               -           1356 1030at5820           -           1196         0 1485.4  65.4   1   5   1.7e-38   7.5e-36  121.3   2.1     7   150    17   161    10   165 0.94 length=1356	scaffold=scaffold00133	strand=+
1067_g               -           1356 1030at5820           -           1196         0 1485.4  65.4   2   5  3.5e-111  1.6e-108  362.1   4.6   202   452   165   438   161   455 0.93 length=1356	scaffold=scaffold00133	strand=+
1067_g               -           1356 1030at5820           -           1196         0 1485.4  65.4   3   5   2.1e-73   9.2e-71  237.0   6.3   447   599   478   637   447   648 0.93 length=1356	scaffold=scaffold00133	strand=+
1067_g               -           1356 1030at5820           -           1196         0 1485.4  65.4   4   5  8.3e-137  3.7e-134  447.0  20.4   588   997   675  1121   659  1141 0.88 length=1356	scaffold=scaffold00133	strand=+
1067_g               -           1356 1030at5820           -           1196         0 1485.4  65.4   5   5  6.3e-105  2.8e-102  341.4   1.6  1001  1195  1159  1354  1140  1355 0.97 length=1356	scaffold=scaffold00133	strand=+
3785_g               -           1018 1030at5820           -           1196   2.3e-55  185.9  25.9   1   1     1e-57   4.4e-55  185.0  25.9     9   605   340   949   321   956 0.77 length=1018	scaffold=scaffold01381	strand=-
2201_g               -           1062 1030at5820           -           1196   4.7e-39  132.0  12.5   1   2      0.32   1.4e+02   -2.1  27.8    17   306   416   731   404   746 0.72 length=1062	scaffold=scaffold00424	strand=-
2201_g               -           1062 1030at5820           -           1196   4.7e-39  132.0  12.5   2   2   1.1e-41   4.7e-39  132.0  12.5   327   585   804  1046   792  1059 0.91 length=1062	scaffold=scaffold00424	strand=-
1441_g               -            925 1030at5820           -           1196   1.7e-23   80.4  20.6   1   4      0.48   2.1e+02   -2.7   0.2   504   555   192   240   175   259 0.79 length=925	scaffold=scaffold00213	strand=+
1441_g               -            925 1030at5820           -           1196   1.7e-23   80.4  20.6   2   4      0.69     3e+02   -3.2   0.1   523   558   271   306   266   347 0.84 length=925	scaffold=scaffold00213	strand=+
1441_g               -            925 1030at5820           -           1196   1.7e-23   80.4  20.6   3   4   6.9e-15     3e-12   43.1   2.8   338   441   524   629   489   638 0.86 length=925	scaffold=scaffold00213	strand=+
1441_g               -            925 1030at5820           -           1196   1.7e-23   80.4  20.6   4   4   4.7e-17   2.1e-14   50.3   1.2  1018  1173   758   907   727   920 0.81 length=925	scaffold=scaffold00213	strand=+
4070_g               -            709 1030at5820           -           1196     2e-16   57.0  33.8   1   2   0.00016     0.069    8.8  25.7   578   899   116   457   107   551 0.67 length=709	scaffold=scaffold01662	strand=+
4070_g               -            709 1030at5820           -           1196     2e-16   57.0  33.8   2   2   8.2e-18   3.6e-15   52.8   1.2   348   448   573   671   537   685 0.78 length=709	scaffold=scaffold01662	strand=+
1997_g               -            620 1030at5820           -           1196   4.5e-15   52.5   6.8   1   3   2.3e-08     1e-05   21.5   0.4   365   554   115   299    94   315 0.73 length=620	scaffold=scaffold00360	strand=-
1997_g               -            620 1030at5820           -           1196   4.5e-15   52.5   6.8   2   3   0.00031      0.14    7.8   0.0   327   395   345   417   328   438 0.77 length=620	scaffold=scaffold00360	strand=-
1997_g               -            620 1030at5820           -           1196   4.5e-15   52.5   6.8   3   3   2.2e-09   9.9e-07   24.9   0.4   472   567   468   564   461   581 0.87 length=620	scaffold=scaffold00360	strand=-
526_g                -            713 1030at5820           -           1196   1.4e-14   50.8   8.6   1   5      0.14        63   -1.0   7.4    36   128   175   270   136   282 0.68 length=713	scaffold=scaffold00051	strand=+
526_g                -            713 1030at5820           -           1196   1.4e-14   50.8   8.6   2   5       1.1   4.8e+02   -3.9   4.4   640   681   308   349   287   404 0.64 length=713	scaffold=scaffold00051	strand=+
526_g                -            713 1030at5820           -           1196   1.4e-14   50.8   8.6   3   5   1.9e-11   8.5e-09   31.7   3.2   334   441   487   593   459   605 0.85 length=713	scaffold=scaffold00051	strand=+
526_g                -            713 1030at5820           -           1196   1.4e-14   50.8   8.6   4   5    0.0029       1.3    4.6   0.3  1016  1056   558   598   552   637 0.77 length=713	scaffold=scaffold00051	strand=+
526_g                -            713 1030at5820           -           1196   1.4e-14   50.8   8.6   5   5   3.5e-11   1.6e-08   30.8   0.2   451   503   657   709   626   711 0.83 length=713	scaffold=scaffold00051	strand=+
1950_g               -            905 1030at5820           -           1196   1.5e-14   50.7   8.1   1   4     0.017       7.6    2.1   0.1   935   995   240   301   199   339 0.65 length=905	scaffold=scaffold00346	strand=+
1950_g               -            905 1030at5820           -           1196   1.5e-14   50.7   8.1   2   4   1.6e-06    0.0007   15.4   0.1   483  1150   421   481   410   535 0.54 length=905	scaffold=scaffold00346	strand=+
1950_g               -            905 1030at5820           -           1196   1.5e-14   50.7   8.1   3   4   7.2e-07   0.00032   16.6   0.2   356   406   703   753   691   787 0.88 length=905	scaffold=scaffold00346	strand=+
1950_g               -            905 1030at5820           -           1196   1.5e-14   50.7   8.1   4   4   1.6e-07   7.3e-05   18.7   0.0   486   560   809   880   796   894 0.73 length=905	scaffold=scaffold00346	strand=+
4134_g               -            221 1030at5820           -           1196   5.6e-06   22.4   0.0   1   1   1.5e-08   6.6e-06   22.2   0.0   374   544     2   171     1   197 0.79 length=221	scaffold=scaffold01853	strand=-
#
# Program:         hmmsearch
# Version:         3.1b2 (February 2015)
# Pipeline mode:   SEARCH
# Query file:      /export/home/bio1901/Documents/29_BINP/OrthoSearch/busco_downloads/lineages/plasmodium_odb10/hmms/1030at5820.hmm
# Target file:     Results/1_GeneSequences/PB.faa
# Option settings: /home/users/bio1901/miniconda3/envs/busco/bin/hmmsearch --domtblout /export/home/bio1901/Documents/29_BINP/OrthoSearch/PB/run_plasmodium_odb10/hmmer_output/1030at5820.out --cpu 1 /export/home/bio1901/Documents/29_BINP/OrthoSearch/busco_downloads/lineages/plasmodium_odb10/hmms/1030at5820.hmm Results/1_GeneSequences/PB.faa 
# Current dir:     /export/home/bio1901/Documents/29_BINP/OrthoSearch
# Date:            Sun Mar 15 17:40:07 2020
# [ok]
