#                                                                            --- full sequence --- -------------- this domain -------------   hmm coord   ali coord   env coord
# target name        accession   tlen query name           accession   qlen   E-value  score  bias   #  of  c-Evalue  i-Evalue  score  bias  from    to  from    to  from    to  acc description of target
#------------------- ---------- ----- -------------------- ---------- ----- --------- ------ ----- --- --- --------- --------- ------ ----- ----- ----- ----- ----- ----- ----- ---- ---------------------
1671_g               -           1921 1039at5820           -           1031         0 1239.6 142.0   1   5   4.4e-17     1e-14   51.1  17.3     3   137   203   354   201   389 0.69 length=1921	scaffold=scaffold00267	strand=+
1671_g               -           1921 1039at5820           -           1031         0 1239.6 142.0   2   5   5.3e-56   1.2e-53  179.9  24.2   101   262   493   670   482   691 0.81 length=1921	scaffold=scaffold00267	strand=+
1671_g               -           1921 1039at5820           -           1031         0 1239.6 142.0   3   5  1.5e-243  3.4e-241  800.9  45.4   252   794   718  1287   708  1291 0.92 length=1921	scaffold=scaffold00267	strand=+
1671_g               -           1921 1039at5820           -           1031         0 1239.6 142.0   4   5   1.6e-41   3.7e-39  132.0  14.9   792   910  1373  1493  1355  1504 0.90 length=1921	scaffold=scaffold00267	strand=+
1671_g               -           1921 1039at5820           -           1031         0 1239.6 142.0   5   5   1.3e-31   3.1e-29   99.2   8.1   922  1030  1593  1704  1552  1705 0.86 length=1921	scaffold=scaffold00267	strand=+
2376_g               -            462 1039at5820           -           1031   5.8e-28   95.0   8.4   1   2   1.5e-06   0.00036   16.2   1.8   177   245    83   151    17   154 0.83 length=462	scaffold=scaffold00492	strand=-
2376_g               -            462 1039at5820           -           1031   5.8e-28   95.0   8.4   2   2   3.9e-27   9.2e-25   84.4   1.1   275   456   149   334   145   349 0.82 length=462	scaffold=scaffold00492	strand=-
1961_g               -            485 1039at5820           -           1031   4.1e-20   69.0   8.2   1   3   0.00036     0.083    8.4   0.0   176   241    40   104    26   108 0.86 length=485	scaffold=scaffold00349	strand=-
1961_g               -            485 1039at5820           -           1031   4.1e-20   69.0   8.2   2   3   2.5e-21   5.9e-19   65.1   0.4   276   457   107   293   102   318 0.81 length=485	scaffold=scaffold00349	strand=-
1961_g               -            485 1039at5820           -           1031   4.1e-20   69.0   8.2   3   3      0.31        73   -1.4   1.1   965  1004   439   478   427   483 0.83 length=485	scaffold=scaffold00349	strand=-
588_g                -            577 1039at5820           -           1031   1.6e-19   67.0   6.5   1   1   6.7e-22   1.6e-19   67.0   6.5   265   462   341   538   326   545 0.84 length=577	scaffold=scaffold00058	strand=-
3015_g               -            760 1039at5820           -           1031   2.9e-18   62.9   7.2   1   3      0.43     1e+02   -1.9  17.0    73   241   203   375   132   379 0.65 length=760	scaffold=scaffold00797	strand=-	adjustedToFrame=3
3015_g               -            760 1039at5820           -           1031   2.9e-18   62.9   7.2   2   3   1.2e-20   2.9e-18   62.9   7.2   277   483   379   594   372   615 0.79 length=760	scaffold=scaffold00797	strand=-	adjustedToFrame=3
3015_g               -            760 1039at5820           -           1031   2.9e-18   62.9   7.2   3   3      0.26        61   -1.1   1.6   749   842   636   733   613   755 0.74 length=760	scaffold=scaffold00797	strand=-	adjustedToFrame=3
61_g                 -            877 1039at5820           -           1031   7.6e-18   61.5   8.4   1   2   3.3e-20   7.6e-18   61.5   8.4   268   457   483   670   457   697 0.78 length=877	scaffold=scaffold00003	strand=+
61_g                 -            877 1039at5820           -           1031   7.6e-18   61.5   8.4   2   2      0.25        60   -1.1   0.6   657   727   706   777   677   813 0.70 length=877	scaffold=scaffold00003	strand=+
667_g                -            544 1039at5820           -           1031   7.7e-18   61.4   0.5   1   1   3.3e-20   7.7e-18   61.4   0.5   249   455   153   360   133   373 0.82 length=544	scaffold=scaffold00069	strand=-
1282_g               -            569 1039at5820           -           1031   3.2e-17   59.4   5.0   1   3      0.34        81   -1.5   0.6    36    65   108   133    71   149 0.61 length=569	scaffold=scaffold00177	strand=+
1282_g               -            569 1039at5820           -           1031   3.2e-17   59.4   5.0   2   3   4.2e-05    0.0098   11.4   0.0   176   236   255   318   242   325 0.77 length=569	scaffold=scaffold00177	strand=+
1282_g               -            569 1039at5820           -           1031   3.2e-17   59.4   5.0   3   3     9e-17   2.1e-14   50.1   0.0   277   449   327   499   303   520 0.81 length=569	scaffold=scaffold00177	strand=+
1688_g               -            647 1039at5820           -           1031   1.1e-15   54.3   0.3   1   2   4.8e-18   1.1e-15   54.3   0.3   230   376   122   278    89   290 0.83 length=647	scaffold=scaffold00271	strand=-
1688_g               -            647 1039at5820           -           1031   1.1e-15   54.3   0.3   2   2     0.072        17    0.7   0.8   428   624   386   432   362   485 0.60 length=647	scaffold=scaffold00271	strand=-
4034_g               -            619 1039at5820           -           1031   7.6e-14   48.2   0.4   1   2       2.2   5.2e+02   -4.2   6.6   557   586   113   142   106   157 0.76 length=619	scaffold=scaffold01621	strand=-	adjustedToFrame=3
4034_g               -            619 1039at5820           -           1031   7.6e-14   48.2   0.4   2   2   3.3e-16   7.6e-14   48.2   0.4   279   403   440   572   436   584 0.79 length=619	scaffold=scaffold01621	strand=-	adjustedToFrame=3
3036_g               -           1000 1039at5820           -           1031     1e-13   47.8   0.0   1   2         1   2.3e+02   -3.1  17.7    95   257   572   738   564   756 0.72 length=1000	scaffold=scaffold00809	strand=+	adjustedToFrame=2
3036_g               -           1000 1039at5820           -           1031     1e-13   47.8   0.0   2   2   4.4e-16     1e-13   47.8   0.0   310   402   758   851   751   869 0.84 length=1000	scaffold=scaffold00809	strand=+	adjustedToFrame=2
1275_g               -            518 1039at5820           -           1031   8.1e-13   44.8   0.1   1   4     9e-05     0.021   10.3   4.4   176   266    23   122    12   127 0.73 length=518	scaffold=scaffold00176	strand=-
1275_g               -            518 1039at5820           -           1031   8.1e-13   44.8   0.1   2   4   3.4e-15   8.1e-13   44.8   0.1   274   400    94   222    92   236 0.80 length=518	scaffold=scaffold00176	strand=-
1275_g               -            518 1039at5820           -           1031   8.1e-13   44.8   0.1   3   4     0.012       2.9    3.3   1.8   425   474   279   329   253   375 0.73 length=518	scaffold=scaffold00176	strand=-
1275_g               -            518 1039at5820           -           1031   8.1e-13   44.8   0.1   4   4       2.8   6.6e+02   -4.5   3.6    91   148   363   420   342   449 0.75 length=518	scaffold=scaffold00176	strand=-
2556_g               -            656 1039at5820           -           1031   1.6e-11   40.6  22.8   1   2       1.8   4.2e+02   -3.9   1.1    87   135   161   209   137   225 0.70 length=656	scaffold=scaffold00556	strand=+
2556_g               -            656 1039at5820           -           1031   1.6e-11   40.6  22.8   2   2   6.6e-14   1.6e-11   40.6  22.8   195   393   452   627   344   632 0.82 length=656	scaffold=scaffold00556	strand=+
3411_g               -            877 1039at5820           -           1031   1.9e-11   40.3   0.0   1   2      0.29        68   -1.3   0.3   174   236   379   443   352   450 0.74 length=877	scaffold=scaffold01062	strand=-	adjustedToFrame=2
3411_g               -            877 1039at5820           -           1031   1.9e-11   40.3   0.0   2   2   8.1e-14   1.9e-11   40.3   0.0   307   402   601   697   544   720 0.85 length=877	scaffold=scaffold01062	strand=-	adjustedToFrame=2
2396_g               -            275 1039at5820           -           1031   4.3e-11   39.1  11.3   1   2       0.4        95   -1.8   4.5   849   894    21    67     9   106 0.49 length=275	scaffold=scaffold00499	strand=-
2396_g               -            275 1039at5820           -           1031   4.3e-11   39.1  11.3   2   2   1.8e-13   4.3e-11   39.1  11.3   279   447    97   267    67   272 0.67 length=275	scaffold=scaffold00499	strand=-
159_g                -            313 1039at5820           -           1031   4.9e-09   32.3   3.3   1   2     0.056        13    1.1   1.2   545   625    24   111    18   119 0.62 length=313	scaffold=scaffold00009	strand=-	adjustedToFrame=2
159_g                -            313 1039at5820           -           1031   4.9e-09   32.3   3.3   2   2   2.2e-11   5.2e-09   32.2   0.1   305   433   112   242   100   249 0.79 length=313	scaffold=scaffold00009	strand=-	adjustedToFrame=2
2410_g               -            133 1039at5820           -           1031    0.0002   17.0   0.0   1   1   9.6e-07   0.00022   16.9   0.0   347   455    14   127     2   132 0.79 length=133	scaffold=scaffold00503	strand=-
#
# Program:         hmmsearch
# Version:         3.1b2 (February 2015)
# Pipeline mode:   SEARCH
# Query file:      /export/home/bio1901/Documents/29_BINP/OrthoSearch/busco_downloads/lineages/plasmodium_odb10/hmms/1039at5820.hmm
# Target file:     Results/1_GeneSequences/PB.faa
# Option settings: /home/users/bio1901/miniconda3/envs/busco/bin/hmmsearch --domtblout /export/home/bio1901/Documents/29_BINP/OrthoSearch/PB/run_plasmodium_odb10/hmmer_output/1039at5820.out --cpu 1 /export/home/bio1901/Documents/29_BINP/OrthoSearch/busco_downloads/lineages/plasmodium_odb10/hmms/1039at5820.hmm Results/1_GeneSequences/PB.faa 
# Current dir:     /export/home/bio1901/Documents/29_BINP/OrthoSearch
# Date:            Sun Mar 15 17:40:15 2020
# [ok]
