#                                                                            --- full sequence --- -------------- this domain -------------   hmm coord   ali coord   env coord
# target name        accession   tlen query name           accession   qlen   E-value  score  bias   #  of  c-Evalue  i-Evalue  score  bias  from    to  from    to  from    to  acc description of target
#------------------- ---------- ----- -------------------- ---------- ----- --------- ------ ----- --- --- --------- --------- ------ ----- ----- ----- ----- ----- ----- ----- ---- ---------------------
758_g                -           3221 10396at5820          -            298  9.3e-103  341.3 160.4   1  10   2.9e-13   1.5e-10   38.6   2.9    17   114    17   116     7   135 0.84 length=3221	scaffold=scaffold00082	strand=-	adjustedToFrame=2
758_g                -           3221 10396at5820          -            298  9.3e-103  341.3 160.4   2  10   6.9e-11   3.4e-08   30.8   0.5   119   264   454   599   448   633 0.66 length=3221	scaffold=scaffold00082	strand=-	adjustedToFrame=2
758_g                -           3221 10396at5820          -            298  9.3e-103  341.3 160.4   3  10   7.6e-18   3.8e-15   53.6  10.2    27   280   644   905   618   919 0.72 length=3221	scaffold=scaffold00082	strand=-	adjustedToFrame=2
758_g                -           3221 10396at5820          -            298  9.3e-103  341.3 160.4   4  10   1.9e-19   9.5e-17   58.9  20.3    25   276  1009  1268   992  1281 0.73 length=3221	scaffold=scaffold00082	strand=-	adjustedToFrame=2
758_g                -           3221 10396at5820          -            298  9.3e-103  341.3 160.4   5  10   3.6e-19   1.8e-16   58.0  19.2    25   275  1429  1686  1413  1698 0.74 length=3221	scaffold=scaffold00082	strand=-	adjustedToFrame=2
758_g                -           3221 10396at5820          -            298  9.3e-103  341.3 160.4   6  10   7.6e-05     0.038   10.9   2.5   158   212  1807  1861  1789  1872 0.74 length=3221	scaffold=scaffold00082	strand=-	adjustedToFrame=2
758_g                -           3221 10396at5820          -            298  9.3e-103  341.3 160.4   7  10   1.9e-14   9.6e-12   42.4  10.5    17   200  1889  2079  1878  2083 0.69 length=3221	scaffold=scaffold00082	strand=-	adjustedToFrame=2
758_g                -           3221 10396at5820          -            298  9.3e-103  341.3 160.4   8  10    0.0056       2.8    4.8   0.1   237   278  2085  2127  2080  2144 0.80 length=3221	scaffold=scaffold00082	strand=-	adjustedToFrame=2
758_g                -           3221 10396at5820          -            298  9.3e-103  341.3 160.4   9  10   4.5e-14   2.3e-11   41.2  15.1    13   280  2312  2580  2307  2589 0.70 length=3221	scaffold=scaffold00082	strand=-	adjustedToFrame=2
758_g                -           3221 10396at5820          -            298  9.3e-103  341.3 160.4  10  10   3.6e-17   1.8e-14   51.4  13.8    83   283  2918  3116  2910  3122 0.80 length=3221	scaffold=scaffold00082	strand=-	adjustedToFrame=2
757_g                -            341 10396at5820          -            298     6e-41  138.3  20.4   1   1   1.7e-43   8.2e-41  137.9  20.4    24   283    41   298    24   308 0.86 length=341	scaffold=scaffold00082	strand=-
3918_g               -            176 10396at5820          -            298   1.7e-18   64.6   2.6   1   2   3.9e-21   1.9e-18   64.4   0.9    54   149     8   111     4   130 0.84 length=176	scaffold=scaffold01501	strand=+
3918_g               -            176 10396at5820          -            298   1.7e-18   64.6   2.6   2   2      0.23   1.2e+02   -0.5   0.0   155   178   151   176   136   176 0.67 length=176	scaffold=scaffold01501	strand=+
1221_g               -           2797 10396at5820          -            298   3.7e-18   63.5  69.8   1  10       2.5   1.2e+03   -3.9   5.1    93   199   461   568   437   656 0.65 length=2797	scaffold=scaffold00165	strand=-
1221_g               -           2797 10396at5820          -            298   3.7e-18   63.5  69.8   2  10     0.025        12    2.7   1.0   125   199   866   940   824   947 0.77 length=2797	scaffold=scaffold00165	strand=-
1221_g               -           2797 10396at5820          -            298   3.7e-18   63.5  69.8   3  10     0.026        13    2.6   1.1   213   273   932   996   919  1022 0.66 length=2797	scaffold=scaffold00165	strand=-
1221_g               -           2797 10396at5820          -            298   3.7e-18   63.5  69.8   4  10   0.00035      0.18    8.8   2.8   122   229  1157  1257  1143  1283 0.77 length=2797	scaffold=scaffold00165	strand=-
1221_g               -           2797 10396at5820          -            298   3.7e-18   63.5  69.8   5  10   1.2e-10     6e-08   30.0   2.0   120   220  1600  1700  1567  1750 0.76 length=2797	scaffold=scaffold00165	strand=-
1221_g               -           2797 10396at5820          -            298   3.7e-18   63.5  69.8   6  10   2.8e-08   1.4e-05   22.2   0.7   122   206  1877  1957  1871  1970 0.81 length=2797	scaffold=scaffold00165	strand=-
1221_g               -           2797 10396at5820          -            298   3.7e-18   63.5  69.8   7  10     0.003       1.5    5.7   0.2   102   129  2031  2058  1988  2074 0.62 length=2797	scaffold=scaffold00165	strand=-
1221_g               -           2797 10396at5820          -            298   3.7e-18   63.5  69.8   8  10      0.28   1.4e+02   -0.8   0.0   157   178  2112  2133  2092  2136 0.75 length=2797	scaffold=scaffold00165	strand=-
1221_g               -           2797 10396at5820          -            298   3.7e-18   63.5  69.8   9  10   0.00097      0.49    7.3   3.0    80   197  2262  2396  2236  2483 0.59 length=2797	scaffold=scaffold00165	strand=-
1221_g               -           2797 10396at5820          -            298   3.7e-18   63.5  69.8  10  10   5.7e-09   2.8e-06   24.5   0.1   123   200  2631  2710  2535  2734 0.79 length=2797	scaffold=scaffold00165	strand=-
1222_g               -           2305 10396at5820          -            298   1.2e-07   29.0  19.3   1  11         8     4e+03   -7.9   9.8    45    88   132   182    69   260 0.63 length=2305	scaffold=scaffold00165	strand=-	adjustedToFrame=2
1222_g               -           2305 10396at5820          -            298   1.2e-07   29.0  19.3   2  11      0.32   1.6e+02   -0.9   0.1    96   143   458   509   444   561 0.63 length=2305	scaffold=scaffold00165	strand=-	adjustedToFrame=2
1222_g               -           2305 10396at5820          -            298   1.2e-07   29.0  19.3   3  11      0.36   1.8e+02   -1.1   0.0    84   116   578   609   572   613 0.82 length=2305	scaffold=scaffold00165	strand=-	adjustedToFrame=2
1222_g               -           2305 10396at5820          -            298   1.2e-07   29.0  19.3   4  11   0.00015     0.076   10.0   0.5   169   210   800   841   749   855 0.76 length=2305	scaffold=scaffold00165	strand=-	adjustedToFrame=2
1222_g               -           2305 10396at5820          -            298   1.2e-07   29.0  19.3   5  11       0.1        51    0.7   6.2   148   186   921   959   854   990 0.58 length=2305	scaffold=scaffold00165	strand=-	adjustedToFrame=2
1222_g               -           2305 10396at5820          -            298   1.2e-07   29.0  19.3   6  11     0.019       9.4    3.1   0.5   124   194  1217  1290  1182  1323 0.64 length=2305	scaffold=scaffold00165	strand=-	adjustedToFrame=2
1222_g               -           2305 10396at5820          -            298   1.2e-07   29.0  19.3   7  11      0.35   1.7e+02   -1.1   0.1   250   286  1324  1363  1312  1372 0.71 length=2305	scaffold=scaffold00165	strand=-	adjustedToFrame=2
1222_g               -           2305 10396at5820          -            298   1.2e-07   29.0  19.3   8  11   3.4e-08   1.7e-05   22.0   4.4   114   230  1569  1687  1542  1709 0.76 length=2305	scaffold=scaffold00165	strand=-	adjustedToFrame=2
1222_g               -           2305 10396at5820          -            298   1.2e-07   29.0  19.3   9  11         8     4e+03   -6.5   6.8   121   244  1708  1827  1693  1839 0.56 length=2305	scaffold=scaffold00165	strand=-	adjustedToFrame=2
1222_g               -           2305 10396at5820          -            298   1.2e-07   29.0  19.3  10  11   1.3e-08   6.7e-06   23.3   6.9    84   203  2109  2231  2090  2285 0.79 length=2305	scaffold=scaffold00165	strand=-	adjustedToFrame=2
1222_g               -           2305 10396at5820          -            298   1.2e-07   29.0  19.3  11  11      0.76   3.8e+02   -2.2   0.0   104   124  2260  2280  2257  2293 0.68 length=2305	scaffold=scaffold00165	strand=-	adjustedToFrame=2
1629_g               -            519 10396at5820          -            298     9e-05   19.6   0.7   1   2     0.086        43    0.9   0.2   179   199    66    86    46    98 0.72 length=519	scaffold=scaffold00257	strand=+
1629_g               -            519 10396at5820          -            298     9e-05   19.6   0.7   2   2   1.5e-06   0.00077   16.5   0.0    93   193   117   229   107   235 0.75 length=519	scaffold=scaffold00257	strand=+
861_g                -            442 10396at5820          -            298    0.0023   15.0   8.3   1   4      0.03        15    2.4   0.2    11    61     6    56     3    78 0.77 length=442	scaffold=scaffold00097	strand=-	adjustedToFrame=3
861_g                -            442 10396at5820          -            298    0.0023   15.0   8.3   2   4   1.6e-05    0.0079   13.2   0.1   120   195   123   212    95   221 0.73 length=442	scaffold=scaffold00097	strand=-	adjustedToFrame=3
861_g                -            442 10396at5820          -            298    0.0023   15.0   8.3   3   4      0.21     1e+02   -0.4   0.1   251   264   255   268   243   308 0.68 length=442	scaffold=scaffold00097	strand=-	adjustedToFrame=3
861_g                -            442 10396at5820          -            298    0.0023   15.0   8.3   4   4     0.072        36    1.2   0.0    27    68   332   375   312   382 0.75 length=442	scaffold=scaffold00097	strand=-	adjustedToFrame=3
1627_g               -            505 10396at5820          -            298    0.0027   14.7   0.1   1   4       3.5   1.7e+03   -4.4   3.3   203   216    16    29     4    46 0.44 length=505	scaffold=scaffold00257	strand=+
1627_g               -            505 10396at5820          -            298    0.0027   14.7   0.1   2   4   0.00029      0.15    9.0   0.5    20    65    44    89    32    99 0.87 length=505	scaffold=scaffold00257	strand=+
1627_g               -            505 10396at5820          -            298    0.0027   14.7   0.1   3   4   5.5e-06    0.0027   14.7   0.1   121   193   153   239   123   249 0.73 length=505	scaffold=scaffold00257	strand=+
1627_g               -            505 10396at5820          -            298    0.0027   14.7   0.1   4   4      0.25   1.2e+02   -0.6   0.1   100   134   307   337   293   354 0.65 length=505	scaffold=scaffold00257	strand=+
#
# Program:         hmmsearch
# Version:         3.1b2 (February 2015)
# Pipeline mode:   SEARCH
# Query file:      /export/home/bio1901/Documents/29_BINP/OrthoSearch/busco_downloads/lineages/plasmodium_odb10/hmms/10396at5820.hmm
# Target file:     Results/1_GeneSequences/PB.faa
# Option settings: /home/users/bio1901/miniconda3/envs/busco/bin/hmmsearch --domtblout /export/home/bio1901/Documents/29_BINP/OrthoSearch/PB/run_plasmodium_odb10/hmmer_output/10396at5820.out --cpu 1 /export/home/bio1901/Documents/29_BINP/OrthoSearch/busco_downloads/lineages/plasmodium_odb10/hmms/10396at5820.hmm Results/1_GeneSequences/PB.faa 
# Current dir:     /export/home/bio1901/Documents/29_BINP/OrthoSearch
# Date:            Sun Mar 15 17:40:15 2020
# [ok]
