#                                                                            --- full sequence --- -------------- this domain -------------   hmm coord   ali coord   env coord
# target name        accession   tlen query name           accession   qlen   E-value  score  bias   #  of  c-Evalue  i-Evalue  score  bias  from    to  from    to  from    to  acc description of target
#------------------- ---------- ----- -------------------- ---------- ----- --------- ------ ----- --- --- --------- --------- ------ ----- ----- ----- ----- ----- ----- ----- ---- ---------------------
665_g                -            478 10470at5820          -            260   9.6e-54  180.4  31.4   1   3   2.1e-44   2.8e-41  139.5  19.6    39   198    35   207     5   231 0.65 length=478	scaffold=scaffold00069	strand=+
665_g                -            478 10470at5820          -            260   9.6e-54  180.4  31.4   2   3         3     4e+03   -9.0  15.8   127   220   261   353   233   399 0.62 length=478	scaffold=scaffold00069	strand=+
665_g                -            478 10470at5820          -            260   9.6e-54  180.4  31.4   3   3   1.5e-18     2e-15   54.8   3.8   171   260   382   477   371   477 0.73 length=478	scaffold=scaffold00069	strand=+
3403_g               -            853 10470at5820          -            260   2.6e-05   21.6   0.1   1   4         3     4e+03   -5.6  14.0   143   223    82   164    76   181 0.62 length=853	scaffold=scaffold01057	strand=+
3403_g               -            853 10470at5820          -            260   2.6e-05   21.6   0.1   2   4      0.64   8.5e+02   -3.0  14.6   151   222   254   299   192   337 0.56 length=853	scaffold=scaffold01057	strand=+
3403_g               -            853 10470at5820          -            260   2.6e-05   21.6   0.1   3   4      0.64   8.5e+02   -3.0  10.9   136   203   371   440   349   472 0.61 length=853	scaffold=scaffold01057	strand=+
3403_g               -            853 10470at5820          -            260   2.6e-05   21.6   0.1   4   4     2e-08   2.6e-05   21.6   0.1     3    81   471   558   468   565 0.75 length=853	scaffold=scaffold01057	strand=+
366_g                -            157 10470at5820          -            260     0.055   10.7  23.7   1   1   5.4e-05     0.072   10.4  23.7   107   245     7   145     3   153 0.69 length=157	scaffold=scaffold00031	strand=+
#
# Program:         hmmsearch
# Version:         3.1b2 (February 2015)
# Pipeline mode:   SEARCH
# Query file:      /export/home/bio1901/Documents/29_BINP/OrthoSearch/busco_downloads/lineages/plasmodium_odb10/hmms/10470at5820.hmm
# Target file:     Results/1_GeneSequences/PB.faa
# Option settings: /home/users/bio1901/miniconda3/envs/busco/bin/hmmsearch --domtblout /export/home/bio1901/Documents/29_BINP/OrthoSearch/PB/run_plasmodium_odb10/hmmer_output/10470at5820.out --cpu 1 /export/home/bio1901/Documents/29_BINP/OrthoSearch/busco_downloads/lineages/plasmodium_odb10/hmms/10470at5820.hmm Results/1_GeneSequences/PB.faa 
# Current dir:     /export/home/bio1901/Documents/29_BINP/OrthoSearch
# Date:            Sun Mar 15 17:40:26 2020
# [ok]
