#                                                                            --- full sequence --- -------------- this domain -------------   hmm coord   ali coord   env coord
# target name        accession   tlen query name           accession   qlen   E-value  score  bias   #  of  c-Evalue  i-Evalue  score  bias  from    to  from    to  from    to  acc description of target
#------------------- ---------- ----- -------------------- ---------- ----- --------- ------ ----- --- --- --------- --------- ------ ----- ----- ----- ----- ----- ----- ----- ---- ---------------------
1566_g               -           1131 1050at5820           -           1053    1e-219  729.9 147.3   1   7   8.3e-22   1.1e-18   64.3   9.7   374   456    64   145    41   168 0.76 length=1131	scaffold=scaffold00242	strand=-
1566_g               -           1131 1050at5820           -           1053    1e-219  729.9 147.3   2   7   1.3e-09   1.7e-06   24.0   7.8   433   484   165   216   148   222 0.90 length=1131	scaffold=scaffold00242	strand=-
1566_g               -           1131 1050at5820           -           1053    1e-219  729.9 147.3   3   7   2.1e-62   2.7e-59  198.8  32.1   462   659   284   499   246   517 0.80 length=1131	scaffold=scaffold00242	strand=-
1566_g               -           1131 1050at5820           -           1053    1e-219  729.9 147.3   4   7     0.014        19    0.6   0.7   618   651   505   540   498   559 0.77 length=1131	scaffold=scaffold00242	strand=-
1566_g               -           1131 1050at5820           -           1053    1e-219  729.9 147.3   5   7   7.9e-17     1e-13   47.8   6.0   629   699   559   646   551   653 0.71 length=1131	scaffold=scaffold00242	strand=-
1566_g               -           1131 1050at5820           -           1053    1e-219  729.9 147.3   6   7   1.8e-14   2.3e-11   40.1   0.2   698   733   676   711   672   716 0.93 length=1131	scaffold=scaffold00242	strand=-
1566_g               -           1131 1050at5820           -           1053    1e-219  729.9 147.3   7   7  2.2e-118    3e-115  384.1  50.5   733  1001   790  1077   763  1130 0.91 length=1131	scaffold=scaffold00242	strand=-
2137_g               -           1204 1050at5820           -           1053   7.6e-49  164.2  49.2   1   2   6.2e-19   8.2e-16   54.8   8.6    68   304    11   244     1   284 0.80 length=1204	scaffold=scaffold00403	strand=+
2137_g               -           1204 1050at5820           -           1053   7.6e-49  164.2  49.2   2   2   4.2e-38   5.6e-35  118.3  23.1   300   892   308   899   297   916 0.77 length=1204	scaffold=scaffold00403	strand=+
216_g                -           1059 1050at5820           -           1053   8.5e-17   58.1  27.6   1   6   1.5e-10     2e-07   27.0   1.2    57   260     9   205     4   213 0.75 length=1059	scaffold=scaffold00015	strand=+
216_g                -           1059 1050at5820           -           1053   8.5e-17   58.1  27.6   2   6   2.1e-05     0.028   10.0   0.1   397   443   285   330   269   362 0.79 length=1059	scaffold=scaffold00015	strand=+
216_g                -           1059 1050at5820           -           1053   8.5e-17   58.1  27.6   3   6   3.9e-06    0.0052   12.4   1.4   543   583   411   451   374   470 0.75 length=1059	scaffold=scaffold00015	strand=+
216_g                -           1059 1050at5820           -           1053   8.5e-17   58.1  27.6   4   6   2.3e-06     0.003   13.2   0.0   678   734   566   622   560   652 0.89 length=1059	scaffold=scaffold00015	strand=+
216_g                -           1059 1050at5820           -           1053   8.5e-17   58.1  27.6   5   6   0.00032      0.43    6.1   3.5   766   848   690   785   640   795 0.71 length=1059	scaffold=scaffold00015	strand=+
216_g                -           1059 1050at5820           -           1053   8.5e-17   58.1  27.6   6   6      0.01        14    1.1   0.0   859   889   833   863   822   909 0.82 length=1059	scaffold=scaffold00015	strand=+
#
# Program:         hmmsearch
# Version:         3.1b2 (February 2015)
# Pipeline mode:   SEARCH
# Query file:      /export/home/bio1901/Documents/29_BINP/OrthoSearch/busco_downloads/lineages/plasmodium_odb10/hmms/1050at5820.hmm
# Target file:     Results/1_GeneSequences/PB.faa
# Option settings: /home/users/bio1901/miniconda3/envs/busco/bin/hmmsearch --domtblout /export/home/bio1901/Documents/29_BINP/OrthoSearch/PB/run_plasmodium_odb10/hmmer_output/1050at5820.out --cpu 1 /export/home/bio1901/Documents/29_BINP/OrthoSearch/busco_downloads/lineages/plasmodium_odb10/hmms/1050at5820.hmm Results/1_GeneSequences/PB.faa 
# Current dir:     /export/home/bio1901/Documents/29_BINP/OrthoSearch
# Date:            Sun Mar 15 17:40:30 2020
# [ok]
