#                                                                            --- full sequence --- -------------- this domain -------------   hmm coord   ali coord   env coord
# target name        accession   tlen query name           accession   qlen   E-value  score  bias   #  of  c-Evalue  i-Evalue  score  bias  from    to  from    to  from    to  acc description of target
#------------------- ---------- ----- -------------------- ---------- ----- --------- ------ ----- --- --- --------- --------- ------ ----- ----- ----- ----- ----- ----- ----- ---- ---------------------
2464_g               -            236 10762at5820          -            224   8.8e-27   92.0   0.1   1   1   1.7e-29   1.1e-26   91.7   0.1     7   207     5   209     2   215 0.88 length=236	scaffold=scaffold00524	strand=+
3841_g               -            177 10762at5820          -            224   8.3e-24   82.3   2.2   1   1   1.5e-26   9.7e-24   82.1   2.2     7   166     4   168     1   176 0.88 length=177	scaffold=scaffold01433	strand=-
1491_g               -            261 10762at5820          -            224   6.6e-19   66.3   1.8   1   1   1.3e-21   8.9e-19   65.8   1.8     7   180     8   196     2   222 0.74 length=261	scaffold=scaffold00225	strand=+
3842_g               -            221 10762at5820          -            224   3.7e-18   63.8   0.4   1   1   6.4e-21   4.2e-18   63.6   0.4     7   198     2   193     1   214 0.84 length=221	scaffold=scaffold01433	strand=+
135_g                -            229 10762at5820          -            224   2.7e-07   28.3   0.1   1   1   5.3e-10   3.5e-07   27.9   0.1    45   186    17   168     5   209 0.74 length=229	scaffold=scaffold00008	strand=+
4106_g               -            310 10762at5820          -            224    0.0031   15.0  10.3   1   2   6.7e-06    0.0045   14.5   0.5    34    95    53   114    42   120 0.91 length=310	scaffold=scaffold01698	strand=+
4106_g               -            310 10762at5820          -            224    0.0031   15.0  10.3   2   2    0.0081       5.4    4.4   3.8    98   199   171   276   154   299 0.62 length=310	scaffold=scaffold01698	strand=+
#
# Program:         hmmsearch
# Version:         3.1b2 (February 2015)
# Pipeline mode:   SEARCH
# Query file:      /export/home/bio1901/Documents/29_BINP/OrthoSearch/busco_downloads/lineages/plasmodium_odb10/hmms/10762at5820.hmm
# Target file:     Results/1_GeneSequences/PB.faa
# Option settings: /home/users/bio1901/miniconda3/envs/busco/bin/hmmsearch --domtblout /export/home/bio1901/Documents/29_BINP/OrthoSearch/PB/run_plasmodium_odb10/hmmer_output/10762at5820.out --cpu 1 /export/home/bio1901/Documents/29_BINP/OrthoSearch/busco_downloads/lineages/plasmodium_odb10/hmms/10762at5820.hmm Results/1_GeneSequences/PB.faa 
# Current dir:     /export/home/bio1901/Documents/29_BINP/OrthoSearch
# Date:            Sun Mar 15 17:40:46 2020
# [ok]
