#                                                                            --- full sequence --- -------------- this domain -------------   hmm coord   ali coord   env coord
# target name        accession   tlen query name           accession   qlen   E-value  score  bias   #  of  c-Evalue  i-Evalue  score  bias  from    to  from    to  from    to  acc description of target
#------------------- ---------- ----- -------------------- ---------- ----- --------- ------ ----- --- --- --------- --------- ------ ----- ----- ----- ----- ----- ----- ----- ---- ---------------------
3528_g               -           1394 1087at5820           -            852  5.4e-279  925.6  47.9   1   6         6     4e+03  -13.9  17.1    25   184   149   320   123   337 0.52 length=1394	scaffold=scaffold01157	strand=+
3528_g               -           1394 1087at5820           -            852  5.4e-279  925.6  47.9   2   6         6     4e+03  -19.7  24.7   654   797   303   446   256   476 0.68 length=1394	scaffold=scaffold01157	strand=+
3528_g               -           1394 1087at5820           -            852  5.4e-279  925.6  47.9   3   6         6     4e+03  -12.6  15.2     7   133   342   472   335   513 0.65 length=1394	scaffold=scaffold01157	strand=+
3528_g               -           1394 1087at5820           -            852  5.4e-279  925.6  47.9   4   6      0.72   4.8e+02   -3.8   4.2    82   138   545   601   451   627 0.67 length=1394	scaffold=scaffold01157	strand=+
3528_g               -           1394 1087at5820           -            852  5.4e-279  925.6  47.9   5   6  6.4e-273  4.2e-270  896.2  30.1   195   649   830  1293   788  1315 0.93 length=1394	scaffold=scaffold01157	strand=+
3528_g               -           1394 1087at5820           -            852  5.4e-279  925.6  47.9   6   6   1.3e-15   8.7e-13   45.0   9.8   631   687  1338  1394  1307  1394 0.92 length=1394	scaffold=scaffold01157	strand=+
2251_g               -           1276 1087at5820           -            852   6.1e-90  300.2  29.0   1   3   9.1e-93   6.1e-90  300.2  29.0   186   652   306   765   168   810 0.85 length=1276	scaffold=scaffold00441	strand=+
2251_g               -           1276 1087at5820           -            852   6.1e-90  300.2  29.0   2   3         6     4e+03  -11.6  13.2    74   187   937  1019   899  1067 0.46 length=1276	scaffold=scaffold00441	strand=+
2251_g               -           1276 1087at5820           -            852   6.1e-90  300.2  29.0   3   3       3.3   2.2e+03   -6.0   5.8   112   197  1090  1174  1072  1183 0.66 length=1276	scaffold=scaffold00441	strand=+
1078_g               -           1469 1087at5820           -            852   4.5e-59  198.1   2.0   1   4   6.8e-62   4.5e-59  198.1   2.0   256   578    88   448    70   457 0.85 length=1469	scaffold=scaffold00136	strand=+
1078_g               -           1469 1087at5820           -            852   4.5e-59  198.1   2.0   2   4         6     4e+03  -10.2  10.6   148   203   662   716   547   730 0.54 length=1469	scaffold=scaffold00136	strand=+
1078_g               -           1469 1087at5820           -            852   4.5e-59  198.1   2.0   3   4      0.46     3e+02   -3.1   2.4   115   189   983  1055   928  1078 0.65 length=1469	scaffold=scaffold00136	strand=+
1078_g               -           1469 1087at5820           -            852   4.5e-59  198.1   2.0   4   4         6     4e+03  -25.3  45.1   532   774  1106  1373  1092  1407 0.69 length=1469	scaffold=scaffold00136	strand=+
176_g                -           1407 1087at5820           -            852   2.1e-57  192.6  73.1   1   6   1.8e-24   1.2e-21   74.3   7.8   192   311     1   115     1   138 0.90 length=1407	scaffold=scaffold00011	strand=-
176_g                -           1407 1087at5820           -            852   2.1e-57  192.6  73.1   2   6   1.7e-42   1.1e-39  133.9  57.4   334   839   212   742   206   754 0.67 length=1407	scaffold=scaffold00011	strand=-
176_g                -           1407 1087at5820           -            852   2.1e-57  192.6  73.1   3   6         6     4e+03  -21.3  35.1   554   805   652   897   635   907 0.63 length=1407	scaffold=scaffold00011	strand=-
176_g                -           1407 1087at5820           -            852   2.1e-57  192.6  73.1   4   6         6     4e+03  -36.1  52.8   547   790   747  1005   727  1072 0.52 length=1407	scaffold=scaffold00011	strand=-
176_g                -           1407 1087at5820           -            852   2.1e-57  192.6  73.1   5   6         6     4e+03  -27.8  36.4   561   795   944  1182   923  1229 0.53 length=1407	scaffold=scaffold00011	strand=-
176_g                -           1407 1087at5820           -            852   2.1e-57  192.6  73.1   6   6         6     4e+03  -10.5  12.5    59   166  1294  1403  1243  1406 0.65 length=1407	scaffold=scaffold00011	strand=-
994_g                -           1052 1087at5820           -            852   5.1e-53  178.1  11.6   1   4   7.7e-56   5.1e-53  178.1  11.6   205   552    24   362    11   365 0.89 length=1052	scaffold=scaffold00118	strand=+
994_g                -           1052 1087at5820           -            852   5.1e-53  178.1  11.6   2   4         6     4e+03  -25.3  29.6    30   224   418   626   378   638 0.53 length=1052	scaffold=scaffold00118	strand=+
994_g                -           1052 1087at5820           -            852   5.1e-53  178.1  11.6   3   4         6     4e+03  -30.4  33.3   598   667   558   632   440   779 0.57 length=1052	scaffold=scaffold00118	strand=+
994_g                -           1052 1087at5820           -            852   5.1e-53  178.1  11.6   4   4         6     4e+03  -11.6  12.5    10   150   790   933   780   961 0.61 length=1052	scaffold=scaffold00118	strand=+
2808_g               -            902 1087at5820           -            852   1.9e-25   86.9  15.9   1   2   2.8e-28   1.9e-25   86.9  15.9   199   547    23   387     4   440 0.77 length=902	scaffold=scaffold00682	strand=-	adjustedToFrame=2
2808_g               -            902 1087at5820           -            852   1.9e-25   86.9  15.9   2   2       1.3   8.7e+02   -4.6   8.1   714   791   486   565   478   580 0.67 length=902	scaffold=scaffold00682	strand=-	adjustedToFrame=2
#
# Program:         hmmsearch
# Version:         3.1b2 (February 2015)
# Pipeline mode:   SEARCH
# Query file:      /export/home/bio1901/Documents/29_BINP/OrthoSearch/busco_downloads/lineages/plasmodium_odb10/hmms/1087at5820.hmm
# Target file:     Results/1_GeneSequences/PB.faa
# Option settings: /home/users/bio1901/miniconda3/envs/busco/bin/hmmsearch --domtblout /export/home/bio1901/Documents/29_BINP/OrthoSearch/PB/run_plasmodium_odb10/hmmer_output/1087at5820.out --cpu 1 /export/home/bio1901/Documents/29_BINP/OrthoSearch/busco_downloads/lineages/plasmodium_odb10/hmms/1087at5820.hmm Results/1_GeneSequences/PB.faa 
# Current dir:     /export/home/bio1901/Documents/29_BINP/OrthoSearch
# Date:            Sun Mar 15 17:40:53 2020
# [ok]
