#                                                                            --- full sequence --- -------------- this domain -------------   hmm coord   ali coord   env coord
# target name        accession   tlen query name           accession   qlen   E-value  score  bias   #  of  c-Evalue  i-Evalue  score  bias  from    to  from    to  from    to  acc description of target
#------------------- ---------- ----- -------------------- ---------- ----- --------- ------ ----- --- --- --------- --------- ------ ----- ----- ----- ----- ----- ----- ----- ---- ---------------------
3174_g               -            386 10889at5820          -            305   1.2e-38  131.1  98.7   1   3     1e-19   1.1e-17   62.3  62.3     2   151     4   180     3   217 0.54 length=386	scaffold=scaffold00896	strand=+
3174_g               -            386 10889at5820          -            305   1.2e-38  131.1  98.7   2   3      0.86        90    0.2  45.3    88   187   184   287   167   292 0.49 length=386	scaffold=scaffold00896	strand=+
3174_g               -            386 10889at5820          -            305   1.2e-38  131.1  98.7   3   3   1.3e-15   1.4e-13   48.8   9.3   188   230   332   374   328   382 0.91 length=386	scaffold=scaffold00896	strand=+
659_g                -            370 10889at5820          -            305     1e-27   95.2  82.1   1   7   1.9e-07     2e-05   22.0   9.0   190   247     7    63     3    68 0.89 length=370	scaffold=scaffold00067	strand=-
659_g                -            370 10889at5820          -            305     1e-27   95.2  82.1   2   7   2.7e-08   2.9e-06   24.8  16.9   191   279    54   142    52   144 0.92 length=370	scaffold=scaffold00067	strand=-
659_g                -            370 10889at5820          -            305     1e-27   95.2  82.1   3   7   4.1e-06   0.00043   17.7   5.8    36    81   151   196   147   196 0.95 length=370	scaffold=scaffold00067	strand=-
659_g                -            370 10889at5820          -            305     1e-27   95.2  82.1   4   7   4.3e-08   4.6e-06   24.1   6.8    41    86   179   224   179   226 0.92 length=370	scaffold=scaffold00067	strand=-
659_g                -            370 10889at5820          -            305     1e-27   95.2  82.1   5   7   1.7e-07   1.8e-05   22.2   6.7   191   231   225   265   221   266 0.94 length=370	scaffold=scaffold00067	strand=-
659_g                -            370 10889at5820          -            305     1e-27   95.2  82.1   6   7     2e-07   2.1e-05   22.0   5.0    39    84   246   291   245   293 0.92 length=370	scaffold=scaffold00067	strand=-
659_g                -            370 10889at5820          -            305     1e-27   95.2  82.1   7   7   8.4e-06   0.00088   16.6   4.2    39    81   292   335   289   342 0.88 length=370	scaffold=scaffold00067	strand=-
1755_g               -            253 10889at5820          -            305   1.3e-15   55.5  31.6   1   3   5.8e-11   6.1e-09   33.6   6.0   208   288    50   130    47   134 0.88 length=253	scaffold=scaffold00289	strand=-
1755_g               -            253 10889at5820          -            305   1.3e-15   55.5  31.6   2   3   1.8e-06   0.00019   18.8   8.8    25    84   134   191   128   196 0.86 length=253	scaffold=scaffold00289	strand=-
1755_g               -            253 10889at5820          -            305   1.3e-15   55.5  31.6   3   3   6.8e-05    0.0071   13.7   1.6    41    75   197   231   192   248 0.80 length=253	scaffold=scaffold00289	strand=-
3721_g               -            217 10889at5820          -            305     1e-05   23.0  22.5   1   1   1.2e-07   1.2e-05   22.7  22.5    39   172    43   180    10   199 0.59 length=217	scaffold=scaffold01328	strand=+
2820_g               -           1404 10889at5820          -            305   2.4e-05   21.8   9.6   1   7     0.012       1.3    6.3   8.5    40    86   138   184   104   186 0.78 length=1404	scaffold=scaffold00687	strand=-	adjustedToFrame=3
2820_g               -           1404 10889at5820          -            305   2.4e-05   21.8   9.6   2   7   2.6e-05    0.0027   15.0   1.5    41    95   187   241   179   254 0.79 length=1404	scaffold=scaffold00687	strand=-	adjustedToFrame=3
2820_g               -           1404 10889at5820          -            305   2.4e-05   21.8   9.6   3   7   0.00097       0.1    9.9   5.0   211   235   253   277   247   282 0.84 length=1404	scaffold=scaffold00687	strand=-	adjustedToFrame=3
2820_g               -           1404 10889at5820          -            305   2.4e-05   21.8   9.6   4   7   2.3e-07   2.4e-05   21.8   9.6    37   109   290   369   280   455 0.62 length=1404	scaffold=scaffold00687	strand=-	adjustedToFrame=3
2820_g               -           1404 10889at5820          -            305   2.4e-05   21.8   9.6   5   7       8.1   8.5e+02   -3.0   1.9   114   140   503   525   437   547 0.51 length=1404	scaffold=scaffold00687	strand=-	adjustedToFrame=3
2820_g               -           1404 10889at5820          -            305   2.4e-05   21.8   9.6   6   7       6.8   7.1e+02   -2.8  13.9    83   189  1066  1171  1045  1231 0.57 length=1404	scaffold=scaffold00687	strand=-	adjustedToFrame=3
2820_g               -           1404 10889at5820          -            305   2.4e-05   21.8   9.6   7   7      0.43        45    1.2  21.3    98   185  1278  1369  1232  1397 0.46 length=1404	scaffold=scaffold00687	strand=-	adjustedToFrame=3
3794_g               -            492 10889at5820          -            305   0.00018   18.9  10.2   1   2       2.5   2.7e+02   -1.4   2.0   168   230    49   109    11   118 0.74 length=492	scaffold=scaffold01390	strand=-
3794_g               -            492 10889at5820          -            305   0.00018   18.9  10.2   2   2   1.7e-06   0.00018   18.9  10.2   129   216   286   371   269   386 0.60 length=492	scaffold=scaffold01390	strand=-
814_g                -            944 10889at5820          -            305   0.00019   18.8  14.5   1   2       6.2   6.5e+02   -2.6   1.8   128   151   249   271   223   311 0.46 length=944	scaffold=scaffold00091	strand=-
814_g                -            944 10889at5820          -            305   0.00019   18.8  14.5   2   2   1.8e-06   0.00019   18.8  14.5    79   168   540   614   519   642 0.39 length=944	scaffold=scaffold00091	strand=-
467_g                -            329 10889at5820          -            305   0.00026   18.4  20.7   1   1   4.1e-06   0.00043   17.6  20.7    64   193    30   153    12   176 0.50 length=329	scaffold=scaffold00042	strand=+
2213_g               -            972 10889at5820          -            305   0.00041   17.7  22.5   1   2       9.3   9.7e+02   -3.2   3.4   132   154   174   196   142   235 0.48 length=972	scaffold=scaffold00428	strand=+
2213_g               -            972 10889at5820          -            305   0.00041   17.7  22.5   2   2   3.9e-06   0.00041   17.7  22.5    41   169   283   413   273   428 0.52 length=972	scaffold=scaffold00428	strand=+
549_g                -            289 10889at5820          -            305    0.0012   16.2  10.1   1   1   1.6e-05    0.0017   15.7  10.1    82   165   102   184    72   205 0.46 length=289	scaffold=scaffold00054	strand=+
2734_g               -            597 10889at5820          -            305    0.0032   14.8  25.1   1   2     0.011       1.1    6.4   5.7   111   156    81   126    61   178 0.61 length=597	scaffold=scaffold00641	strand=-
2734_g               -            597 10889at5820          -            305    0.0032   14.8  25.1   2   2   6.2e-05    0.0065   13.8  11.5   109   185   340   416   257   448 0.52 length=597	scaffold=scaffold00641	strand=-
2709_g               -            126 10889at5820          -            305     0.021   12.1  18.7   1   1   0.00021     0.022   12.0  18.7    86   157    16    90     5   125 0.31 length=126	scaffold=scaffold00627	strand=+
2293_g               -            580 10889at5820          -            305     0.024   11.9  30.5   1   1   0.00045     0.047   11.0  30.5    81   163   426   509   396   522 0.48 length=580	scaffold=scaffold00457	strand=+
4157_g               -            154 10889at5820          -            305     0.026   11.8  24.1   1   1   0.00029     0.031   11.6  24.1    75   211     6   141     1   148 0.52 length=154	scaffold=scaffold02095	strand=+	adjustedToFrame=2
2909_g               -            406 10889at5820          -            305      0.07   10.4   9.7   1   1    0.0015      0.15    9.3   9.7   111   161   297   347   276   376 0.45 length=406	scaffold=scaffold00733	strand=-	adjustedToFrame=3
1884_g               -            259 10889at5820          -            305     0.077   10.2   6.3   1   1    0.0011      0.11    9.7   6.3   138   188    27    76    23   107 0.65 length=259	scaffold=scaffold00324	strand=+
2532_g               -            149 10889at5820          -            305     0.085   10.1  20.1   1   1   0.00091     0.096    9.9  20.1    97   203     3   108     1   119 0.39 length=149	scaffold=scaffold00549	strand=+	adjustedToFrame=2
3566_g               -            408 10889at5820          -            305       0.1    9.9  16.4   1   1    0.0014      0.15    9.3  16.4    73   144   163   237   154   280 0.42 length=408	scaffold=scaffold01186	strand=+
2214_g               -            136 10889at5820          -            305       0.1    9.8  37.0   1   1    0.0011      0.11    9.7  37.0    87   158     4    78     1   112 0.34 length=136	scaffold=scaffold00428	strand=-
1582_g               -            155 10889at5820          -            305      0.13    9.5  15.4   1   1    0.0014      0.15    9.3  15.4    63   156    56   150    26   154 0.53 length=155	scaffold=scaffold00246	strand=-
163_g                -            102 10889at5820          -            305      0.14    9.4  29.9   1   1    0.0015      0.16    9.3  29.9    88   166    21    97    11   101 0.31 length=102	scaffold=scaffold00010	strand=+
654_g                -            459 10889at5820          -            305      0.15    9.3  24.0   1   1    0.0033      0.34    8.1  24.0    80   174    14   100     8   131 0.32 length=459	scaffold=scaffold00067	strand=+
1410_g               -            164 10889at5820          -            305      0.18    9.0  26.6   1   1    0.0023      0.24    8.7  26.6    87   182    23   116     2   154 0.30 length=164	scaffold=scaffold00206	strand=+
2949_g               -            376 10889at5820          -            305       0.2    8.9  42.8   1   2   0.00026     0.028   11.7  12.6   100   170   129   194    77   214 0.51 length=376	scaffold=scaffold00756	strand=+
2949_g               -            376 10889at5820          -            305       0.2    8.9  42.8   2   2      0.11        11    3.1  22.2    85   188   262   351   235   373 0.33 length=376	scaffold=scaffold00756	strand=+
1330_g               -            275 10889at5820          -            305      0.24    8.7  43.1   1   1    0.0031      0.33    8.2  43.1    70   184    20   135     2   154 0.46 length=275	scaffold=scaffold00187	strand=-
1998_g               -            275 10889at5820          -            305      0.32    8.2  32.1   1   1    0.0043      0.45    7.7  32.1    83   203    50   166    24   204 0.58 length=275	scaffold=scaffold00360	strand=+
2517_g               -            112 10889at5820          -            305      0.35    8.1  28.3   1   1    0.0035      0.37    8.0  28.3    84   166    25   104     9   111 0.35 length=112	scaffold=scaffold00543	strand=+
1640_g               -            245 10889at5820          -            305      0.41    7.9  34.9   1   1    0.0056      0.59    7.4  34.9    84   198     3   130     1   140 0.40 length=245	scaffold=scaffold00260	strand=-
1221_g               -           2797 10889at5820          -            305      0.57    7.4  41.3   1   1     0.012       1.3    6.3  41.3    60   158   193   291   187   306 0.53 length=2797	scaffold=scaffold00165	strand=-
2964_g               -            581 10889at5820          -            305      0.86    6.8  65.3   1   3      0.77        81    0.3  21.0    93   192    16   116     2   122 0.32 length=581	scaffold=scaffold00763	strand=+
2964_g               -            581 10889at5820          -            305      0.86    6.8  65.3   2   3    0.0001     0.011   13.0  18.1    74   174   144   248   135   272 0.48 length=581	scaffold=scaffold00763	strand=+
2964_g               -            581 10889at5820          -            305      0.86    6.8  65.3   3   3     0.023       2.5    5.3  10.2   124   164   529   565   521   576 0.33 length=581	scaffold=scaffold00763	strand=+
1936_g               -            796 10889at5820          -            305      0.96    6.7  34.3   1   2     0.029         3    5.0   1.3    58   115   237   296   234   312 0.60 length=796	scaffold=scaffold00341	strand=+
1936_g               -            796 10889at5820          -            305      0.96    6.7  34.3   2   2     0.011       1.1    6.4  25.8    84   161   512   569   495   592 0.34 length=796	scaffold=scaffold00341	strand=+
2390_g               -            587 10889at5820          -            305       1.5    6.0  28.5   1   2    0.0019       0.2    8.9  16.4   120   196   115   190   101   217 0.50 length=587	scaffold=scaffold00497	strand=+
2390_g               -            587 10889at5820          -            305       1.5    6.0  28.5   2   2      0.22        23    2.2   4.2   115   156   372   411   355   430 0.37 length=587	scaffold=scaffold00497	strand=+
3293_g               -            100 10889at5820          -            305       1.5    6.0  15.5   1   1     0.015       1.5    6.0  15.5    91   152    10    70     1    96 0.31 length=100	scaffold=scaffold00973	strand=+	adjustedToFrame=3
2139_g               -            551 10889at5820          -            305       1.5    6.0  24.6   1   1     0.024       2.5    5.3  24.6    58   152    27   122    22   144 0.42 length=551	scaffold=scaffold00403	strand=+
398_g                -            288 10889at5820          -            305       2.7    5.2  35.4   1   1      0.05       5.2    4.3  35.4    84   158   203   278   172   286 0.32 length=288	scaffold=scaffold00034	strand=+
112_g                -            525 10889at5820          -            305       6.5    3.9  16.9   1   1      0.12        13    3.0  16.9    88   181     7   104     2   113 0.50 length=525	scaffold=scaffold00006	strand=+
3775_g               -            101 10889at5820          -            305       8.6    3.5  28.7   1   1     0.082       8.6    3.5  28.7    96   163    30    97     2   100 0.35 length=101	scaffold=scaffold01375	strand=-
2739_g               -            571 10889at5820          -            305         9    3.5  28.8   1   1       0.2        21    2.3  28.8    94   151   509   564   494   570 0.43 length=571	scaffold=scaffold00644	strand=-
#
# Program:         hmmsearch
# Version:         3.1b2 (February 2015)
# Pipeline mode:   SEARCH
# Query file:      /export/home/bio1901/Documents/29_BINP/OrthoSearch/busco_downloads/lineages/plasmodium_odb10/hmms/10889at5820.hmm
# Target file:     Results/1_GeneSequences/PB.faa
# Option settings: /home/users/bio1901/miniconda3/envs/busco/bin/hmmsearch --domtblout /export/home/bio1901/Documents/29_BINP/OrthoSearch/PB/run_plasmodium_odb10/hmmer_output/10889at5820.out --cpu 1 /export/home/bio1901/Documents/29_BINP/OrthoSearch/busco_downloads/lineages/plasmodium_odb10/hmms/10889at5820.hmm Results/1_GeneSequences/PB.faa 
# Current dir:     /export/home/bio1901/Documents/29_BINP/OrthoSearch
# Date:            Sun Mar 15 17:41:02 2020
# [ok]
