#                                                                            --- full sequence --- -------------- this domain -------------   hmm coord   ali coord   env coord
# target name        accession   tlen query name           accession   qlen   E-value  score  bias   #  of  c-Evalue  i-Evalue  score  bias  from    to  from    to  from    to  acc description of target
#------------------- ---------- ----- -------------------- ---------- ----- --------- ------ ----- --- --- --------- --------- ------ ----- ----- ----- ----- ----- ----- ----- ---- ---------------------
1409_g               -            380 10901at5820          -            239    5e-146  482.3  51.5   1   2  1.5e-142  2.1e-139  460.7  32.5     1   227     1   228     1   270 0.91 length=380	scaffold=scaffold00206	strand=+
1409_g               -            380 10901at5820          -            239    5e-146  482.3  51.5   2   2   2.9e-09   3.9e-06   24.4  11.4   182   237   272   335   267   337 0.82 length=380	scaffold=scaffold00206	strand=+
733_g                -            865 10901at5820          -            239   1.4e-09   35.6   0.4   1   4   3.6e-05     0.047   11.0   0.0    77   144    22    91    16   101 0.87 length=865	scaffold=scaffold00078	strand=+
733_g                -            865 10901at5820          -            239   1.4e-09   35.6   0.4   2   4    0.0042       5.6    4.2   0.1    86   142   120   176   105   182 0.79 length=865	scaffold=scaffold00078	strand=+
733_g                -            865 10901at5820          -            239   1.4e-09   35.6   0.4   3   4     0.023        31    1.8   0.0    92   134   215   255   197   274 0.78 length=865	scaffold=scaffold00078	strand=+
733_g                -            865 10901at5820          -            239   1.4e-09   35.6   0.4   4   4   1.5e-05      0.02   12.2   0.0    86   158   407   480   383   494 0.86 length=865	scaffold=scaffold00078	strand=+
2743_g               -            843 10901at5820          -            239     9e-07   26.4   0.0   1   9       2.7   3.6e+03   -5.0   6.4   194   229    63   100    47   113 0.67 length=843	scaffold=scaffold00647	strand=-
2743_g               -            843 10901at5820          -            239     9e-07   26.4   0.0   2   9       1.3   1.8e+03   -4.0   2.6   191   229   142   180   139   189 0.46 length=843	scaffold=scaffold00647	strand=-
2743_g               -            843 10901at5820          -            239     9e-07   26.4   0.0   3   9         3     4e+03   -7.6   8.1   196   226   171   201   159   245 0.53 length=843	scaffold=scaffold00647	strand=-
2743_g               -            843 10901at5820          -            239     9e-07   26.4   0.0   4   9         3     4e+03  -11.1  19.9   186   220   246   285   210   301 0.66 length=843	scaffold=scaffold00647	strand=-
2743_g               -            843 10901at5820          -            239     9e-07   26.4   0.0   5   9         3     4e+03  -10.1  17.6   199   226   301   330   290   344 0.63 length=843	scaffold=scaffold00647	strand=-
2743_g               -            843 10901at5820          -            239     9e-07   26.4   0.0   6   9         3     4e+03  -24.1  34.7   195   235   354   394   327   418 0.60 length=843	scaffold=scaffold00647	strand=-
2743_g               -            843 10901at5820          -            239     9e-07   26.4   0.0   7   9      0.48   6.3e+02   -2.5   0.0   103   154   463   513   441   517 0.63 length=843	scaffold=scaffold00647	strand=-
2743_g               -            843 10901at5820          -            239     9e-07   26.4   0.0   8   9     0.063        84    0.3   0.0    92   146   552   607   540   648 0.82 length=843	scaffold=scaffold00647	strand=-
2743_g               -            843 10901at5820          -            239     9e-07   26.4   0.0   9   9   6.8e-10     9e-07   26.4   0.0    68   141   757   827   718   835 0.85 length=843	scaffold=scaffold00647	strand=-
#
# Program:         hmmsearch
# Version:         3.1b2 (February 2015)
# Pipeline mode:   SEARCH
# Query file:      /export/home/bio1901/Documents/29_BINP/OrthoSearch/busco_downloads/lineages/plasmodium_odb10/hmms/10901at5820.hmm
# Target file:     Results/1_GeneSequences/PB.faa
# Option settings: /home/users/bio1901/miniconda3/envs/busco/bin/hmmsearch --domtblout /export/home/bio1901/Documents/29_BINP/OrthoSearch/PB/run_plasmodium_odb10/hmmer_output/10901at5820.out --cpu 1 /export/home/bio1901/Documents/29_BINP/OrthoSearch/busco_downloads/lineages/plasmodium_odb10/hmms/10901at5820.hmm Results/1_GeneSequences/PB.faa 
# Current dir:     /export/home/bio1901/Documents/29_BINP/OrthoSearch
# Date:            Sun Mar 15 17:41:04 2020
# [ok]
