#                                                                            --- full sequence --- -------------- this domain -------------   hmm coord   ali coord   env coord
# target name        accession   tlen query name           accession   qlen   E-value  score  bias   #  of  c-Evalue  i-Evalue  score  bias  from    to  from    to  from    to  acc description of target
#------------------- ---------- ----- -------------------- ---------- ----- --------- ------ ----- --- --- --------- --------- ------ ----- ----- ----- ----- ----- ----- ----- ---- ---------------------
3685_g               -            235 10977at5820          -            198   6.9e-42  141.1   1.1   1   1   2.4e-44   9.4e-42  140.7   1.1    21   160    88   230    69   234 0.86 length=235	scaffold=scaffold01289	strand=-	adjustedToFrame=2
3091_g               -            937 10977at5820          -            198   4.8e-31  105.7   0.2   1   2       1.6   6.2e+02   -2.4   0.4   122   174   641   693   608   710 0.72 length=937	scaffold=scaffold00841	strand=-
3091_g               -            937 10977at5820          -            198   4.8e-31  105.7   0.2   2   2   1.2e-33   4.8e-31  105.7   0.2   103   158   882   937   869   937 0.97 length=937	scaffold=scaffold00841	strand=-
521_g                -            816 10977at5820          -            198     2e-28   97.2   0.3   1   1   1.3e-30   5.3e-28   95.8   0.3    53   167   667   782   658   806 0.93 length=816	scaffold=scaffold00051	strand=-
1490_g               -            153 10977at5820          -            198   8.6e-25   85.3   2.9   1   1   1.2e-26   4.7e-24   82.9   2.9    42   189     7   142     4   149 0.85 length=153	scaffold=scaffold00225	strand=+
1994_g               -            215 10977at5820          -            198   6.3e-24   82.5   0.0   1   1   2.1e-26   8.5e-24   82.0   0.0     8   168    10   168     4   175 0.95 length=215	scaffold=scaffold00359	strand=-
87_g                 -            111 10977at5820          -            198   1.2e-21   75.0   0.3   1   2    0.0016      0.63    7.4   0.0     3    20     5    22     2    32 0.92 length=111	scaffold=scaffold00004	strand=+
87_g                 -            111 10977at5820          -            198   1.2e-21   75.0   0.3   2   2   1.6e-21   6.5e-19   66.1   0.1    68   126    46   104    35   110 0.93 length=111	scaffold=scaffold00004	strand=+
1581_g               -            214 10977at5820          -            198     7e-20   69.3   0.8   1   2       1.9   7.7e+02   -2.7   0.1    89   112    16    39     9    50 0.69 length=214	scaffold=scaffold00246	strand=-
1581_g               -            214 10977at5820          -            198     7e-20   69.3   0.8   2   2   2.5e-22     1e-19   68.8   0.0     9    89   126   207   120   212 0.94 length=214	scaffold=scaffold00246	strand=-
3613_g               -            459 10977at5820          -            198   1.1e-07   29.4   0.9   1   2    0.0029       1.2    6.5   0.0     8    29     4    25     2    32 0.86 length=459	scaffold=scaffold01224	strand=+
3613_g               -            459 10977at5820          -            198   1.1e-07   29.4   0.9   2   2   1.6e-07   6.2e-05   20.5   0.3    52   121   222   292   208   305 0.86 length=459	scaffold=scaffold01224	strand=+
961_g                -            376 10977at5820          -            198   3.8e-05   21.2   4.6   1   3     3e-07   0.00012   19.5   0.1    30   126    34   131    14   145 0.71 length=376	scaffold=scaffold00112	strand=-
961_g                -            376 10977at5820          -            198   3.8e-05   21.2   4.6   2   3     0.076        30    1.9   0.2    29    61   191   223   179   236 0.85 length=376	scaffold=scaffold00112	strand=-
961_g                -            376 10977at5820          -            198   3.8e-05   21.2   4.6   3   3      0.43   1.7e+02   -0.6   0.1   146   182   228   261   223   273 0.64 length=376	scaffold=scaffold00112	strand=-
1719_g               -            155 10977at5820          -            198    0.0063   13.9   0.0   1   1   1.8e-05    0.0073   13.7   0.0    55   125    25    96    18   140 0.79 length=155	scaffold=scaffold00279	strand=+
#
# Program:         hmmsearch
# Version:         3.1b2 (February 2015)
# Pipeline mode:   SEARCH
# Query file:      /export/home/bio1901/Documents/29_BINP/OrthoSearch/busco_downloads/lineages/plasmodium_odb10/hmms/10977at5820.hmm
# Target file:     Results/1_GeneSequences/PB.faa
# Option settings: /home/users/bio1901/miniconda3/envs/busco/bin/hmmsearch --domtblout /export/home/bio1901/Documents/29_BINP/OrthoSearch/PB/run_plasmodium_odb10/hmmer_output/10977at5820.out --cpu 1 /export/home/bio1901/Documents/29_BINP/OrthoSearch/busco_downloads/lineages/plasmodium_odb10/hmms/10977at5820.hmm Results/1_GeneSequences/PB.faa 
# Current dir:     /export/home/bio1901/Documents/29_BINP/OrthoSearch
# Date:            Sun Mar 15 17:41:08 2020
# [ok]
