#                                                                            --- full sequence --- -------------- this domain -------------   hmm coord   ali coord   env coord
# target name        accession   tlen query name           accession   qlen   E-value  score  bias   #  of  c-Evalue  i-Evalue  score  bias  from    to  from    to  from    to  acc description of target
#------------------- ---------- ----- -------------------- ---------- ----- --------- ------ ----- --- --- --------- --------- ------ ----- ----- ----- ----- ----- ----- ----- ---- ---------------------
2376_g               -            462 11010at5820          -            232   4.5e-37  125.7   6.0   1   2   3.1e-39   4.5e-37  125.7   6.0     4   232    82   337    79   337 0.84 length=462	scaffold=scaffold00492	strand=-
2376_g               -            462 11010at5820          -            232   4.5e-37  125.7   6.0   2   2       4.4   6.3e+02   -2.4   0.0    89   105   434   450   430   456 0.83 length=462	scaffold=scaffold00492	strand=-
3015_g               -            760 11010at5820          -            232   1.6e-35  120.7   9.7   1   1   1.1e-37   1.6e-35  120.7   9.7    11   227   317   557   310   565 0.83 length=760	scaffold=scaffold00797	strand=-	adjustedToFrame=3
1961_g               -            485 11010at5820          -            232   3.1e-34  116.4   1.9   1   1     8e-36   1.1e-33  114.6   1.9    11   231    46   294    39   295 0.81 length=485	scaffold=scaffold00349	strand=-
2604_g               -           1027 11010at5820          -            232   1.3e-31  107.8   0.7   1   2       7.7   1.1e+03   -3.2   4.0    26    61    29    68    16   103 0.51 length=1027	scaffold=scaffold00578	strand=-	adjustedToFrame=2
2604_g               -           1027 11010at5820          -            232   1.3e-31  107.8   0.7   2   2   9.3e-34   1.3e-31  107.8   0.7     5   225   695   937   692   942 0.84 length=1027	scaffold=scaffold00578	strand=-	adjustedToFrame=2
2611_g               -           1579 11010at5820          -            232   7.1e-30  102.2  15.7   1   2       3.9   5.5e+02   -2.2   0.6   120   144  1062  1086  1008  1113 0.56 length=1579	scaffold=scaffold00584	strand=-
2611_g               -           1579 11010at5820          -            232   7.1e-30  102.2  15.7   2   2     5e-32   7.1e-30  102.2  15.7     6   231  1140  1391  1136  1392 0.80 length=1579	scaffold=scaffold00584	strand=-
61_g                 -            877 11010at5820          -            232   1.9e-29  100.8   8.0   1   2   1.3e-31   1.9e-29  100.8   8.0     4   231   419   671   417   672 0.81 length=877	scaffold=scaffold00003	strand=+
61_g                 -            877 11010at5820          -            232   1.9e-29  100.8   8.0   2   2         1   1.4e+02   -0.3   0.5    35    69   712   746   698   761 0.74 length=877	scaffold=scaffold00003	strand=+
2754_g               -           2003 11010at5820          -            232   3.5e-28   96.6   1.5   1   1   2.5e-30   3.5e-28   96.6   1.5     4   232  1627  1884  1625  1884 0.81 length=2003	scaffold=scaffold00652	strand=-	adjustedToFrame=3
825_g                -            769 11010at5820          -            232   1.8e-26   91.0  10.1   1   2   1.3e-28   1.8e-26   91.0  10.1     3   231     8   260     7   261 0.82 length=769	scaffold=scaffold00092	strand=+
825_g                -            769 11010at5820          -            232   1.8e-26   91.0  10.1   2   2       3.8   5.4e+02   -2.2   2.1    22    82   690   753   685   762 0.57 length=769	scaffold=scaffold00092	strand=+
1282_g               -            569 11010at5820          -            232   5.8e-23   79.6   1.0   1   3       4.8   6.8e+02   -2.5   0.1   127   150    27    50    19    98 0.72 length=569	scaffold=scaffold00177	strand=+
1282_g               -            569 11010at5820          -            232   5.8e-23   79.6   1.0   2   3       1.8   2.5e+02   -1.1   0.0    29    85   177   233   164   243 0.76 length=569	scaffold=scaffold00177	strand=+
1282_g               -            569 11010at5820          -            232   5.8e-23   79.6   1.0   3   3   1.6e-24   2.3e-22   77.6   0.0     3   175   254   432   252   499 0.86 length=569	scaffold=scaffold00177	strand=+
3635_g               -            463 11010at5820          -            232   3.3e-22   77.1  15.8   1   1   2.3e-24   3.3e-22   77.1  15.8     4   162   272   430   269   437 0.85 length=463	scaffold=scaffold01242	strand=+
1275_g               -            518 11010at5820          -            232     1e-21   75.4   9.9   1   2   4.9e-20     7e-18   62.9   5.6     4   162    23   177    21   203 0.84 length=518	scaffold=scaffold00176	strand=-
1275_g               -            518 11010at5820          -            232     1e-21   75.4   9.9   2   2   5.5e-05    0.0079   13.7   0.1   183   228   257   306   253   312 0.87 length=518	scaffold=scaffold00176	strand=-
4034_g               -            619 11010at5820          -            232     1e-20   72.2   3.4   1   2       7.5   1.1e+03   -3.1   0.6    37    70   190   223   182   231 0.54 length=619	scaffold=scaffold01621	strand=-	adjustedToFrame=3
4034_g               -            619 11010at5820          -            232     1e-20   72.2   3.4   2   2   7.1e-23     1e-20   72.2   3.4    11   167   373   529   368   549 0.88 length=619	scaffold=scaffold01621	strand=-	adjustedToFrame=3
1927_g               -            810 11010at5820          -            232   1.7e-20   71.5  11.4   1   3   1.2e-22   1.7e-20   71.5  11.4    22   145   288   409   277   428 0.84 length=810	scaffold=scaffold00339	strand=+
1927_g               -            810 11010at5820          -            232   1.7e-20   71.5  11.4   2   3       1.3   1.8e+02   -0.6   0.0   160   188   505   542   502   603 0.51 length=810	scaffold=scaffold00339	strand=+
1927_g               -            810 11010at5820          -            232   1.7e-20   71.5  11.4   3   3       5.1   7.2e+02   -2.6   1.1    22    51   606   635   598   653 0.60 length=810	scaffold=scaffold00339	strand=+
667_g                -            544 11010at5820          -            232     2e-20   71.2   1.9   1   2   1.4e-22     2e-20   71.2   1.9     2   186   108   307   107   364 0.74 length=544	scaffold=scaffold00069	strand=-
667_g                -            544 11010at5820          -            232     2e-20   71.2   1.9   2   2       6.7   9.6e+02   -3.0   0.2    24    55   409   440   403   443 0.80 length=544	scaffold=scaffold00069	strand=-
1306_g               -           1503 11010at5820          -            232   3.8e-20   70.3  12.4   1   3      0.43        61    0.9   2.1    35    61   586   612   574   635 0.80 length=1503	scaffold=scaffold00182	strand=-
1306_g               -           1503 11010at5820          -            232   3.8e-20   70.3  12.4   2   3   2.7e-22   3.8e-20   70.3  12.4     3   154  1056  1204  1054  1214 0.92 length=1503	scaffold=scaffold00182	strand=-
1306_g               -           1503 11010at5820          -            232   3.8e-20   70.3  12.4   3   3       2.7   3.8e+02   -1.7   0.3    46    63  1385  1402  1359  1467 0.62 length=1503	scaffold=scaffold00182	strand=-
3036_g               -           1000 11010at5820          -            232   9.7e-16   55.9   4.1   1   2   6.8e-18   9.7e-16   55.9   4.1     3   158   651   804   649   840 0.81 length=1000	scaffold=scaffold00809	strand=+	adjustedToFrame=2
3036_g               -           1000 11010at5820          -            232   9.7e-16   55.9   4.1   2   2       2.9   4.1e+02   -1.8   0.0   205   231   926   955   899   956 0.80 length=1000	scaffold=scaffold00809	strand=+	adjustedToFrame=2
1696_g               -            415 11010at5820          -            232   2.9e-15   54.3   6.4   1   1   2.1e-17   2.9e-15   54.3   6.4     4   166    64   228    62   289 0.76 length=415	scaffold=scaffold00273	strand=-
1507_g               -           1229 11010at5820          -            232   3.8e-15   54.0  13.8   1   2   5.9e-17   8.4e-15   52.8  10.7     3   163     7   174     5   179 0.82 length=1229	scaffold=scaffold00229	strand=-
1507_g               -           1229 11010at5820          -            232   3.8e-15   54.0  13.8   2   2      0.82   1.2e+02    0.0   0.0   175   206  1029  1060  1020  1075 0.84 length=1229	scaffold=scaffold00229	strand=-
588_g                -            577 11010at5820          -            232   2.1e-14   51.6  12.2   1   1   1.5e-16   2.1e-14   51.6  12.2     7   232   283   535   278   535 0.70 length=577	scaffold=scaffold00058	strand=-
2390_g               -            587 11010at5820          -            232   8.1e-13   46.4  15.3   1   3   7.1e-11     1e-08   32.9   7.7    34   138   213   314   196   327 0.85 length=587	scaffold=scaffold00497	strand=+
2390_g               -            587 11010at5820          -            232   8.1e-13   46.4  15.3   2   3       1.7   2.5e+02   -1.1   0.2   159   177   453   471   401   502 0.55 length=587	scaffold=scaffold00497	strand=+
2390_g               -            587 11010at5820          -            232   8.1e-13   46.4  15.3   3   3   9.4e-06    0.0013   16.2   0.0   172   231   524   586   507   586 0.89 length=587	scaffold=scaffold00497	strand=+
2396_g               -            275 11010at5820          -            232   2.5e-10   38.2   9.8   1   1   3.1e-12   4.4e-10   37.4   9.8    28   154    36   172    13   179 0.75 length=275	scaffold=scaffold00499	strand=-
1688_g               -            647 11010at5820          -            232   4.9e-09   34.0   7.2   1   3       1.7   2.4e+02   -1.0   0.0    28    79    86   138    81   147 0.78 length=647	scaffold=scaffold00271	strand=-
1688_g               -            647 11010at5820          -            232   4.9e-09   34.0   7.2   2   3   1.2e-09   1.7e-07   28.9   0.3    57   156   151   258   116   268 0.80 length=647	scaffold=scaffold00271	strand=-
1688_g               -            647 11010at5820          -            232   4.9e-09   34.0   7.2   3   3    0.0036      0.52    7.7   0.1   176   228   353   410   344   417 0.77 length=647	scaffold=scaffold00271	strand=-
159_g                -            313 11010at5820          -            232   6.8e-09   33.5   0.2   1   2     3e-10   4.2e-08   30.9   0.1   104   155   111   161    46   167 0.81 length=313	scaffold=scaffold00009	strand=-	adjustedToFrame=2
159_g                -            313 11010at5820          -            232   6.8e-09   33.5   0.2   2   2      0.79   1.1e+02    0.1   0.0   207   231   277   304   262   305 0.81 length=313	scaffold=scaffold00009	strand=-	adjustedToFrame=2
2556_g               -            656 11010at5820          -            232   6.9e-08   30.2  17.8   1   2       2.2   3.1e+02   -1.4   0.7    27    59   337   369   331   389 0.77 length=656	scaffold=scaffold00556	strand=+
2556_g               -            656 11010at5820          -            232   6.9e-08   30.2  17.8   2   2   4.9e-10   6.9e-08   30.2  17.8    28   156   458   589   439   609 0.78 length=656	scaffold=scaffold00556	strand=+
2345_g               -            307 11010at5820          -            232   4.5e-07   27.6   8.9   1   2   3.2e-09   4.5e-07   27.6   8.9    27   232    29   276    19   276 0.68 length=307	scaffold=scaffold00478	strand=+
2345_g               -            307 11010at5820          -            232   4.5e-07   27.6   8.9   2   2       4.1   5.9e+02   -2.3   1.0    23    42   286   303   280   305 0.62 length=307	scaffold=scaffold00478	strand=+
3411_g               -            877 11010at5820          -            232   6.8e-07   27.0   0.1   1   5       2.9   4.1e+02   -1.8   0.0   119   141    23    44    15    55 0.73 length=877	scaffold=scaffold01062	strand=-	adjustedToFrame=2
3411_g               -            877 11010at5820          -            232   6.8e-07   27.0   0.1   2   5       4.8   6.8e+02   -2.5   0.2    29    53    58    84    43    97 0.60 length=877	scaffold=scaffold01062	strand=-	adjustedToFrame=2
3411_g               -            877 11010at5820          -            232   6.8e-07   27.0   0.1   3   5      0.99   1.4e+02   -0.3   0.1    36    70   410   444   366   448 0.79 length=877	scaffold=scaffold01062	strand=-	adjustedToFrame=2
3411_g               -            877 11010at5820          -            232   6.8e-07   27.0   0.1   4   5   4.8e-09   6.8e-07   27.0   0.1   105   156   599   648   587   664 0.85 length=877	scaffold=scaffold01062	strand=-	adjustedToFrame=2
3411_g               -            877 11010at5820          -            232   6.8e-07   27.0   0.1   5   5       9.8   1.4e+03   -3.5   0.0   208   231   772   798   752   799 0.71 length=877	scaffold=scaffold01062	strand=-	adjustedToFrame=2
3874_g               -            126 11010at5820          -            232   9.1e-05   20.0   4.7   1   1   7.8e-07   0.00011   19.7   4.7     2    83    15   100    14   122 0.82 length=126	scaffold=scaffold01462	strand=+
899_g                -            123 11010at5820          -            232    0.0034   14.8   1.0   1   1   3.5e-05     0.005   14.3   0.7    73   150    12    85     3    93 0.78 length=123	scaffold=scaffold00103	strand=-
#
# Program:         hmmsearch
# Version:         3.1b2 (February 2015)
# Pipeline mode:   SEARCH
# Query file:      /export/home/bio1901/Documents/29_BINP/OrthoSearch/busco_downloads/lineages/plasmodium_odb10/hmms/11010at5820.hmm
# Target file:     Results/1_GeneSequences/PB.faa
# Option settings: /home/users/bio1901/miniconda3/envs/busco/bin/hmmsearch --domtblout /export/home/bio1901/Documents/29_BINP/OrthoSearch/PB/run_plasmodium_odb10/hmmer_output/11010at5820.out --cpu 1 /export/home/bio1901/Documents/29_BINP/OrthoSearch/busco_downloads/lineages/plasmodium_odb10/hmms/11010at5820.hmm Results/1_GeneSequences/PB.faa 
# Current dir:     /export/home/bio1901/Documents/29_BINP/OrthoSearch
# Date:            Sun Mar 15 17:41:11 2020
# [ok]
