#                                                                            --- full sequence --- -------------- this domain -------------   hmm coord   ali coord   env coord
# target name        accession   tlen query name           accession   qlen   E-value  score  bias   #  of  c-Evalue  i-Evalue  score  bias  from    to  from    to  from    to  acc description of target
#------------------- ---------- ----- -------------------- ---------- ----- --------- ------ ----- --- --- --------- --------- ------ ----- ----- ----- ----- ----- ----- ----- ---- ---------------------
831_g                -           2125 1110at5820           -            876  2.6e-207  688.8 337.1   1  12   1.8e-13   7.1e-10   35.5   8.0     1    83     1    80     1    88 0.71 length=2125	scaffold=scaffold00093	strand=-
831_g                -           2125 1110at5820           -            876  2.6e-207  688.8 337.1   2  12         1     4e+03  -26.2  40.1   176   408    63   306    44   314 0.60 length=2125	scaffold=scaffold00093	strand=-
831_g                -           2125 1110at5820           -            876  2.6e-207  688.8 337.1   3  12   4.9e-31     2e-27   93.6  16.8    44   167   310   446   302   531 0.72 length=2125	scaffold=scaffold00093	strand=-
831_g                -           2125 1110at5820           -            876  2.6e-207  688.8 337.1   4  12   1.5e-08   5.9e-05   19.2  20.3   138   238   547   670   522   710 0.64 length=2125	scaffold=scaffold00093	strand=-
831_g                -           2125 1110at5820           -            876  2.6e-207  688.8 337.1   5  12         1     4e+03  -11.5  12.6   147   269   831   954   813   964 0.56 length=2125	scaffold=scaffold00093	strand=-
831_g                -           2125 1110at5820           -            876  2.6e-207  688.8 337.1   6  12    0.0037        15    1.4  16.4   136   258   958  1078   952  1105 0.67 length=2125	scaffold=scaffold00093	strand=-
831_g                -           2125 1110at5820           -            876  2.6e-207  688.8 337.1   7  12   2.2e-06    0.0089   12.0  10.6   208   286  1094  1171  1072  1175 0.71 length=2125	scaffold=scaffold00093	strand=-
831_g                -           2125 1110at5820           -            876  2.6e-207  688.8 337.1   8  12   2.2e-87   8.9e-84  280.0 100.8   160   560  1172  1573  1162  1573 0.86 length=2125	scaffold=scaffold00093	strand=-
831_g                -           2125 1110at5820           -            876  2.6e-207  688.8 337.1   9  12   9.4e-11   3.7e-07   26.5  20.5   483   573  1541  1646  1536  1650 0.79 length=2125	scaffold=scaffold00093	strand=-
831_g                -           2125 1110at5820           -            876  2.6e-207  688.8 337.1  10  12   0.00054       2.2    4.2   1.6   556   604  1804  1851  1785  1862 0.68 length=2125	scaffold=scaffold00093	strand=-
831_g                -           2125 1110at5820           -            876  2.6e-207  688.8 337.1  11  12     1e-62   4.2e-59  198.4  22.0   601   737  1875  2011  1865  2012 0.97 length=2125	scaffold=scaffold00093	strand=-
831_g                -           2125 1110at5820           -            876  2.6e-207  688.8 337.1  12  12   3.1e-35   1.2e-31  107.5   7.9   802   874  2011  2083  2008  2085 0.97 length=2125	scaffold=scaffold00093	strand=-
#
# Program:         hmmsearch
# Version:         3.1b2 (February 2015)
# Pipeline mode:   SEARCH
# Query file:      /export/home/bio1901/Documents/29_BINP/OrthoSearch/busco_downloads/lineages/plasmodium_odb10/hmms/1110at5820.hmm
# Target file:     Results/1_GeneSequences/PB.faa
# Option settings: /home/users/bio1901/miniconda3/envs/busco/bin/hmmsearch --domtblout /export/home/bio1901/Documents/29_BINP/OrthoSearch/PB/run_plasmodium_odb10/hmmer_output/1110at5820.out --cpu 1 /export/home/bio1901/Documents/29_BINP/OrthoSearch/busco_downloads/lineages/plasmodium_odb10/hmms/1110at5820.hmm Results/1_GeneSequences/PB.faa 
# Current dir:     /export/home/bio1901/Documents/29_BINP/OrthoSearch
# Date:            Sun Mar 15 17:41:16 2020
# [ok]
