#                                                                            --- full sequence --- -------------- this domain -------------   hmm coord   ali coord   env coord
# target name        accession   tlen query name           accession   qlen   E-value  score  bias   #  of  c-Evalue  i-Evalue  score  bias  from    to  from    to  from    to  acc description of target
#------------------- ---------- ----- -------------------- ---------- ----- --------- ------ ----- --- --- --------- --------- ------ ----- ----- ----- ----- ----- ----- ----- ---- ---------------------
3121_g               -            510 11157at5820          -            195   3.8e-17   60.4   4.9   1   5   2.9e-20   3.8e-17   60.4   4.9    69   105     1    37     1   122 0.93 length=510	scaffold=scaffold00858	strand=+
3121_g               -            510 11157at5820          -            195   3.8e-17   60.4   4.9   2   5      0.45   5.9e+02   -2.3   0.2     9    35   223   250   213   269 0.58 length=510	scaffold=scaffold00858	strand=+
3121_g               -            510 11157at5820          -            195   3.8e-17   60.4   4.9   3   5         3     4e+03   -6.6   7.1   164   190   297   323   275   340 0.75 length=510	scaffold=scaffold00858	strand=+
3121_g               -            510 11157at5820          -            195   3.8e-17   60.4   4.9   4   5         3     4e+03   -5.7   5.0    52    66   344   358   304   364 0.51 length=510	scaffold=scaffold00858	strand=+
3121_g               -            510 11157at5820          -            195   3.8e-17   60.4   4.9   5   5       1.4   1.8e+03   -3.8   2.6    47    54   422   429   378   476 0.58 length=510	scaffold=scaffold00858	strand=+
3120_g               -            134 11157at5820          -            195   9.5e-09   33.0   0.8   1   2      0.02        26    2.2   1.1    11    43    35    67    25    93 0.71 length=134	scaffold=scaffold00858	strand=+
3120_g               -            134 11157at5820          -            195   9.5e-09   33.0   0.8   2   2   7.1e-12   9.5e-09   33.0   0.8    20    56    95   131    82   133 0.92 length=134	scaffold=scaffold00858	strand=+
1584_g               -            301 11157at5820          -            195   1.5e-08   32.3   4.6   1   1   1.7e-11   2.3e-08   31.7   4.6    65   147   110   192    85   216 0.91 length=301	scaffold=scaffold00246	strand=+
#
# Program:         hmmsearch
# Version:         3.1b2 (February 2015)
# Pipeline mode:   SEARCH
# Query file:      /export/home/bio1901/Documents/29_BINP/OrthoSearch/busco_downloads/lineages/plasmodium_odb10/hmms/11157at5820.hmm
# Target file:     Results/1_GeneSequences/PB.faa
# Option settings: /home/users/bio1901/miniconda3/envs/busco/bin/hmmsearch --domtblout /export/home/bio1901/Documents/29_BINP/OrthoSearch/PB/run_plasmodium_odb10/hmmer_output/11157at5820.out --cpu 1 /export/home/bio1901/Documents/29_BINP/OrthoSearch/busco_downloads/lineages/plasmodium_odb10/hmms/11157at5820.hmm Results/1_GeneSequences/PB.faa 
# Current dir:     /export/home/bio1901/Documents/29_BINP/OrthoSearch
# Date:            Sun Mar 15 17:41:17 2020
# [ok]
