#                                                                            --- full sequence --- -------------- this domain -------------   hmm coord   ali coord   env coord
# target name        accession   tlen query name           accession   qlen   E-value  score  bias   #  of  c-Evalue  i-Evalue  score  bias  from    to  from    to  from    to  acc description of target
#------------------- ---------- ----- -------------------- ---------- ----- --------- ------ ----- --- --- --------- --------- ------ ----- ----- ----- ----- ----- ----- ----- ---- ---------------------
747_g                -            281 11160at5820          -            250   4.4e-61  204.6  30.4   1   2   1.5e-47   4.3e-45  152.2   9.6     8   101    34   132    28   137 0.86 length=281	scaffold=scaffold00080	strand=-
747_g                -            281 11160at5820          -            250   4.4e-61  204.6  30.4   2   2   4.1e-21   1.2e-18   65.6  12.8    94   173   145   232   133   236 0.80 length=281	scaffold=scaffold00080	strand=-
1082_g               -            248 11160at5820          -            250   1.6e-23   81.6  10.4   1   2   9.7e-26   2.8e-23   80.8   2.0    17   122     6   107     2   139 0.88 length=248	scaffold=scaffold00136	strand=+
1082_g               -            248 11160at5820          -            250   1.6e-23   81.6  10.4   2   2    0.0081       2.3    5.7   1.5   137   197   165   227   138   236 0.74 length=248	scaffold=scaffold00136	strand=+
3003_g               -            377 11160at5820          -            250   4.7e-19   66.9   1.0   1   1     3e-21   8.5e-19   66.1   1.0    10    95    35   118    27   129 0.86 length=377	scaffold=scaffold00786	strand=-
2296_g               -            416 11160at5820          -            250   3.7e-17   60.7   0.4   1   1   3.6e-19     1e-16   59.2   0.4    15    97    20    97    15   128 0.85 length=416	scaffold=scaffold00459	strand=-
156_g                -            561 11160at5820          -            250     1e-16   59.3   0.2   1   3   3.6e-19     1e-16   59.3   0.2    14   117    46   142    34   148 0.77 length=561	scaffold=scaffold00009	strand=+
156_g                -            561 11160at5820          -            250     1e-16   59.3   0.2   2   3       1.5   4.4e+02   -1.8   0.2   198   231   341   374   333   385 0.80 length=561	scaffold=scaffold00009	strand=+
156_g                -            561 11160at5820          -            250     1e-16   59.3   0.2   3   3         4   1.1e+03   -3.1   0.1   103   117   453   467   426   503 0.64 length=561	scaffold=scaffold00009	strand=+
2807_g               -            663 11160at5820          -            250   2.8e-14   51.3   2.7   1   3     1e-16   2.8e-14   51.3   2.7    14    81   183   248   176   253 0.91 length=663	scaffold=scaffold00682	strand=-
2807_g               -            663 11160at5820          -            250   2.8e-14   51.3   2.7   2   3       4.9   1.4e+03   -3.4   0.1   102   125   304   327   286   340 0.63 length=663	scaffold=scaffold00682	strand=-
2807_g               -            663 11160at5820          -            250   2.8e-14   51.3   2.7   3   3       1.4   3.9e+02   -1.6   0.5    18    82   469   490   453   541 0.54 length=663	scaffold=scaffold00682	strand=-
40_g                 -            737 11160at5820          -            250   1.2e-13   49.2   0.2   1   3   4.3e-16   1.2e-13   49.2   0.2    11    95    62   141    50   153 0.85 length=737	scaffold=scaffold00002	strand=-
40_g                 -            737 11160at5820          -            250   1.2e-13   49.2   0.2   2   3     0.073        21    2.6   0.2   131   174   160   203   156   215 0.83 length=737	scaffold=scaffold00002	strand=-
40_g                 -            737 11160at5820          -            250   1.2e-13   49.2   0.2   3   3       1.3   3.6e+02   -1.5   1.9   143   166   451   474   429   507 0.66 length=737	scaffold=scaffold00002	strand=-
3267_g               -            249 11160at5820          -            250   4.4e-13   47.4   7.0   1   2      0.34        96    0.4   0.2    89   108    63    82    11    91 0.77 length=249	scaffold=scaffold00955	strand=-
3267_g               -            249 11160at5820          -            250   4.4e-13   47.4   7.0   2   2   1.5e-15   4.4e-13   47.4   7.0     8   110   102   195    97   238 0.78 length=249	scaffold=scaffold00955	strand=-
709_g                -            571 11160at5820          -            250   9.2e-13   46.3   1.0   1   2   5.5e-15   1.6e-12   45.6   0.1     3    81    38   115    36   121 0.88 length=571	scaffold=scaffold00075	strand=-
709_g                -            571 11160at5820          -            250   9.2e-13   46.3   1.0   2   2       3.8   1.1e+03   -3.0   0.1     5    36   230   264   226   269 0.64 length=571	scaffold=scaffold00075	strand=-
1749_g               -            473 11160at5820          -            250   2.3e-12   45.0   0.5   1   4     8e-15   2.3e-12   45.0   0.5    16   106     7   101     2   131 0.85 length=473	scaffold=scaffold00287	strand=-
1749_g               -            473 11160at5820          -            250   2.3e-12   45.0   0.5   2   4       6.3   1.8e+03   -3.8   3.6    21    75   284   338   267   368 0.47 length=473	scaffold=scaffold00287	strand=-
1749_g               -            473 11160at5820          -            250   2.3e-12   45.0   0.5   3   4       1.8   5.1e+02   -2.0   1.2    63   106   374   418   369   440 0.60 length=473	scaffold=scaffold00287	strand=-
1749_g               -            473 11160at5820          -            250   2.3e-12   45.0   0.5   4   4       2.7   7.6e+02   -2.6   2.1     9    62   395   446   387   461 0.62 length=473	scaffold=scaffold00287	strand=-
4001_g               -            499 11160at5820          -            250   1.4e-10   39.2   0.6   1   3   4.8e-13   1.4e-10   39.2   0.6    15    87   159   229   149   243 0.86 length=499	scaffold=scaffold01586	strand=+	adjustedToFrame=3
4001_g               -            499 11160at5820          -            250   1.4e-10   39.2   0.6   2   3         3   8.6e+02   -2.7   2.5    96   128   296   332   261   430 0.56 length=499	scaffold=scaffold01586	strand=+	adjustedToFrame=3
4001_g               -            499 11160at5820          -            250   1.4e-10   39.2   0.6   3   3      0.28        79    0.7   0.1   109   158   428   478   425   484 0.66 length=499	scaffold=scaffold01586	strand=+	adjustedToFrame=3
779_g                -            317 11160at5820          -            250   8.3e-09   33.4   2.9   1   2   2.9e-11   8.3e-09   33.4   2.9    14    81    50   115    43   134 0.88 length=317	scaffold=scaffold00085	strand=-
779_g                -            317 11160at5820          -            250   8.3e-09   33.4   2.9   2   2      0.32        92    0.5   1.3   127   178   257   311   222   316 0.58 length=317	scaffold=scaffold00085	strand=-
721_g                -            127 11160at5820          -            250   2.6e-06   25.2   8.9   1   1   1.6e-08   4.6e-06   24.4   8.9    17    81     8    71     3   120 0.63 length=127	scaffold=scaffold00077	strand=-
1616_g               -            115 11160at5820          -            250   3.3e-05   21.6   7.4   1   1   1.3e-07   3.6e-05   21.4   7.4    24   101    12    88     2   111 0.76 length=115	scaffold=scaffold00253	strand=+
#
# Program:         hmmsearch
# Version:         3.1b2 (February 2015)
# Pipeline mode:   SEARCH
# Query file:      /export/home/bio1901/Documents/29_BINP/OrthoSearch/busco_downloads/lineages/plasmodium_odb10/hmms/11160at5820.hmm
# Target file:     Results/1_GeneSequences/PB.faa
# Option settings: /home/users/bio1901/miniconda3/envs/busco/bin/hmmsearch --domtblout /export/home/bio1901/Documents/29_BINP/OrthoSearch/PB/run_plasmodium_odb10/hmmer_output/11160at5820.out --cpu 1 /export/home/bio1901/Documents/29_BINP/OrthoSearch/busco_downloads/lineages/plasmodium_odb10/hmms/11160at5820.hmm Results/1_GeneSequences/PB.faa 
# Current dir:     /export/home/bio1901/Documents/29_BINP/OrthoSearch
# Date:            Sun Mar 15 17:41:18 2020
# [ok]
