#                                                                            --- full sequence --- -------------- this domain -------------   hmm coord   ali coord   env coord
# target name        accession   tlen query name           accession   qlen   E-value  score  bias   #  of  c-Evalue  i-Evalue  score  bias  from    to  from    to  from    to  acc description of target
#------------------- ---------- ----- -------------------- ---------- ----- --------- ------ ----- --- --- --------- --------- ------ ----- ----- ----- ----- ----- ----- ----- ---- ---------------------
1057_g               -           1522 1124at5820           -           1191         0 1327.5 182.1   1   6   1.7e-49   9.7e-47  157.3  20.1   119   249     1   143     1   158 0.89 length=1522	scaffold=scaffold00131	strand=+	adjustedToFrame=2
1057_g               -           1522 1124at5820           -           1191         0 1327.5 182.1   2   6   5.1e-31   2.9e-28   96.1  41.8   193   332   197   337   165   377 0.66 length=1522	scaffold=scaffold00131	strand=+	adjustedToFrame=2
1057_g               -           1522 1124at5820           -           1191         0 1327.5 182.1   3   6       2.6   1.5e+03   -5.6   3.8   322   350   392   421   363   476 0.68 length=1522	scaffold=scaffold00131	strand=+	adjustedToFrame=2
1057_g               -           1522 1124at5820           -           1191         0 1327.5 182.1   4   6   6.6e-86   3.8e-83  277.9  35.0   368   653   555   844   533   860 0.82 length=1522	scaffold=scaffold00131	strand=+	adjustedToFrame=2
1057_g               -           1522 1124at5820           -           1191         0 1327.5 182.1   5   6     3e-33   1.7e-30  103.5   9.8   535   624   934  1031   918  1048 0.82 length=1522	scaffold=scaffold00131	strand=+	adjustedToFrame=2
1057_g               -           1522 1124at5820           -           1191         0 1327.5 182.1   6   6  1.4e-221  7.9e-219  727.2  32.2   621   989  1149  1517  1112  1521 0.96 length=1522	scaffold=scaffold00131	strand=+	adjustedToFrame=2
1388_g               -           1827 1124at5820           -           1191     5e-66  221.1  37.0   1   4   4.1e-22   2.4e-19   66.6   3.9    55   193    57   196    15   221 0.78 length=1827	scaffold=scaffold00202	strand=-
1388_g               -           1827 1124at5820           -           1191     5e-66  221.1  37.0   2   4   1.4e-12   7.7e-10   35.0   7.2   359   535   418   625   413   657 0.71 length=1827	scaffold=scaffold00202	strand=-
1388_g               -           1827 1124at5820           -           1191     5e-66  221.1  37.0   3   4   5.5e-24   3.1e-21   72.8   4.5   677   840  1045  1215  1035  1246 0.83 length=1827	scaffold=scaffold00202	strand=-
1388_g               -           1827 1124at5820           -           1191     5e-66  221.1  37.0   4   4   1.4e-20   8.2e-18   61.5   0.3   883  1055  1358  1532  1350  1537 0.78 length=1827	scaffold=scaffold00202	strand=-
338_g                -           1711 1124at5820           -           1191   9.3e-57  190.4  85.6   1   7   3.4e-12   1.9e-09   33.7   9.7    43   282    10   263     2   323 0.67 length=1711	scaffold=scaffold00027	strand=+
338_g                -           1711 1124at5820           -           1191   9.3e-57  190.4  85.6   2   7     3e-05     0.017   10.7   6.0   343   473   372   523   337   534 0.58 length=1711	scaffold=scaffold00027	strand=+
338_g                -           1711 1124at5820           -           1191   9.3e-57  190.4  85.6   3   7   1.5e-07   8.6e-05   18.3   0.0   477   509   674   706   657   719 0.85 length=1711	scaffold=scaffold00027	strand=+
338_g                -           1711 1124at5820           -           1191   9.3e-57  190.4  85.6   4   7   0.00042      0.24    6.9   0.1   630   700   789   856   752   859 0.81 length=1711	scaffold=scaffold00027	strand=+
338_g                -           1711 1124at5820           -           1191   9.3e-57  190.4  85.6   5   7      0.12        69   -1.2   7.7   197   273   917   996   909  1003 0.82 length=1711	scaffold=scaffold00027	strand=+
338_g                -           1711 1124at5820           -           1191   9.3e-57  190.4  85.6   6   7     1e-26   5.7e-24   81.9   4.1   695   868  1070  1249  1037  1254 0.88 length=1711	scaffold=scaffold00027	strand=+
338_g                -           1711 1124at5820           -           1191   9.3e-57  190.4  85.6   7   7   2.6e-22   1.5e-19   67.2  19.7   859  1180  1328  1670  1319  1680 0.76 length=1711	scaffold=scaffold00027	strand=+
1824_g               -           3429 1124at5820           -           1191   8.5e-38  127.6  58.6   1  11   5.4e-13   3.1e-10   36.4   4.9    55   186   116   254    81   280 0.82 length=3429	scaffold=scaffold00309	strand=-	adjustedToFrame=2
1824_g               -           3429 1124at5820           -           1191   8.5e-38  127.6  58.6   2  11   1.5e-12   8.7e-10   34.9   8.3   357   475   321   457   300   472 0.80 length=3429	scaffold=scaffold00309	strand=-	adjustedToFrame=2
1824_g               -           3429 1124at5820           -           1191   8.5e-38  127.6  58.6   3  11         7     4e+03   -9.1   9.3   190   291   622   725   611   777 0.64 length=3429	scaffold=scaffold00309	strand=-	adjustedToFrame=2
1824_g               -           3429 1124at5820           -           1191   8.5e-38  127.6  58.6   4  11   0.00024      0.14    7.7  11.3   477   538   775   834   762   944 0.70 length=3429	scaffold=scaffold00309	strand=-	adjustedToFrame=2
1824_g               -           3429 1124at5820           -           1191   8.5e-38  127.6  58.6   5  11         7     4e+03  -14.9  15.5   204   336   826   964   816   987 0.57 length=3429	scaffold=scaffold00309	strand=-	adjustedToFrame=2
1824_g               -           3429 1124at5820           -           1191   8.5e-38  127.6  58.6   6  11         7     4e+03  -19.0  19.8   185   258   986  1048   962  1069 0.37 length=3429	scaffold=scaffold00309	strand=-	adjustedToFrame=2
1824_g               -           3429 1124at5820           -           1191   8.5e-38  127.6  58.6   7  11   0.00058      0.33    6.5   0.2   631   726  1562  1659  1534  1671 0.75 length=3429	scaffold=scaffold00309	strand=-	adjustedToFrame=2
1824_g               -           3429 1124at5820           -           1191   8.5e-38  127.6  58.6   8  11   3.3e-29   1.9e-26   90.1  29.5   721  1187  1784  2283  1776  2289 0.66 length=3429	scaffold=scaffold00309	strand=-	adjustedToFrame=2
1824_g               -           3429 1124at5820           -           1191   8.5e-38  127.6  58.6   9  11         7     4e+03  -18.8  17.6   586   615  2551  2581  2478  2608 0.51 length=3429	scaffold=scaffold00309	strand=-	adjustedToFrame=2
1824_g               -           3429 1124at5820           -           1191   8.5e-38  127.6  58.6  10  11         7     4e+03  -24.6  24.8   590   612  2604  2626  2549  2654 0.62 length=3429	scaffold=scaffold00309	strand=-	adjustedToFrame=2
1824_g               -           3429 1124at5820           -           1191   8.5e-38  127.6  58.6  11  11         7     4e+03  -10.2  12.4  1040  1165  2904  3026  2887  3048 0.70 length=3429	scaffold=scaffold00309	strand=-	adjustedToFrame=2
2986_g               -           1570 1124at5820           -           1191   1.6e-33  113.5 130.0   1   5         7     4e+03  -12.8  12.6   470   625     5   153     3   171 0.47 length=1570	scaffold=scaffold00776	strand=-	adjustedToFrame=3
2986_g               -           1570 1124at5820           -           1191   1.6e-33  113.5 130.0   2   5    0.0011       0.6    5.6  11.9   227   330   202   306   139   339 0.71 length=1570	scaffold=scaffold00776	strand=-	adjustedToFrame=3
2986_g               -           1570 1124at5820           -           1191   1.6e-33  113.5 130.0   3   5   2.9e-11   1.6e-08   30.6  57.2   328   665   483   841   367   853 0.68 length=1570	scaffold=scaffold00776	strand=-	adjustedToFrame=3
2986_g               -           1570 1124at5820           -           1191   1.6e-33  113.5 130.0   4   5   1.8e-14     1e-11   41.3  12.2   679   869   965  1168   932  1185 0.76 length=1570	scaffold=scaffold00776	strand=-	adjustedToFrame=3
2986_g               -           1570 1124at5820           -           1191   1.6e-33  113.5 130.0   5   5     1e-21   5.7e-19   65.3   7.9   837  1071  1327  1562  1317  1566 0.89 length=1570	scaffold=scaffold00776	strand=-	adjustedToFrame=3
2448_g               -           1767 1124at5820           -           1191   6.6e-24   81.6 107.1   1   7     8e-11   4.5e-08   29.2  10.6   265   437     1   184     1   244 0.73 length=1767	scaffold=scaffold00517	strand=-	adjustedToFrame=2
2448_g               -           1767 1124at5820           -           1191   6.6e-24   81.6 107.1   2   7      0.15        87   -1.6   6.8   196   274   528   609   477   640 0.76 length=1767	scaffold=scaffold00517	strand=-	adjustedToFrame=2
2448_g               -           1767 1124at5820           -           1191   6.6e-24   81.6 107.1   3   7   9.5e-06    0.0054   12.4   0.1   474   514   681   721   669   783 0.81 length=1767	scaffold=scaffold00517	strand=-	adjustedToFrame=2
2448_g               -           1767 1124at5820           -           1191   6.6e-24   81.6 107.1   4   7      0.14        79   -1.4   6.8   576   668   908  1001   849  1039 0.63 length=1767	scaffold=scaffold00517	strand=-	adjustedToFrame=2
2448_g               -           1767 1124at5820           -           1191   6.6e-24   81.6 107.1   5   7     0.072        41   -0.5  24.5   580   769  1030  1233  1018  1259 0.61 length=1767	scaffold=scaffold00517	strand=-	adjustedToFrame=2
2448_g               -           1767 1124at5820           -           1191   6.6e-24   81.6 107.1   6   7     4e-12   2.3e-09   33.5   5.7   782   844  1365  1427  1353  1461 0.83 length=1767	scaffold=scaffold00517	strand=-	adjustedToFrame=2
2448_g               -           1767 1124at5820           -           1191   6.6e-24   81.6 107.1   7   7   2.4e-16   1.4e-13   47.5   4.3   877  1008  1631  1761  1617  1765 0.89 length=1767	scaffold=scaffold00517	strand=-	adjustedToFrame=2
2016_g               -           1125 1124at5820           -           1191   1.7e-16   57.1  31.0   1   4   1.3e-05    0.0075   11.9   1.4    76   193    65   190    51   211 0.68 length=1125	scaffold=scaffold00365	strand=+
2016_g               -           1125 1124at5820           -           1191   1.7e-16   57.1  31.0   2   4   2.4e-05     0.014   11.0   3.3   357   513   209   383   195   392 0.68 length=1125	scaffold=scaffold00365	strand=+
2016_g               -           1125 1124at5820           -           1191   1.7e-16   57.1  31.0   3   4     6e-11   3.4e-08   29.6   5.2   686   870   621   805   614   807 0.73 length=1125	scaffold=scaffold00365	strand=+
2016_g               -           1125 1124at5820           -           1191   1.7e-16   57.1  31.0   4   4   2.5e-08   1.4e-05   20.9   0.8   895   965   800   869   789   903 0.80 length=1125	scaffold=scaffold00365	strand=+
#
# Program:         hmmsearch
# Version:         3.1b2 (February 2015)
# Pipeline mode:   SEARCH
# Query file:      /export/home/bio1901/Documents/29_BINP/OrthoSearch/busco_downloads/lineages/plasmodium_odb10/hmms/1124at5820.hmm
# Target file:     Results/1_GeneSequences/PB.faa
# Option settings: /home/users/bio1901/miniconda3/envs/busco/bin/hmmsearch --domtblout /export/home/bio1901/Documents/29_BINP/OrthoSearch/PB/run_plasmodium_odb10/hmmer_output/1124at5820.out --cpu 1 /export/home/bio1901/Documents/29_BINP/OrthoSearch/busco_downloads/lineages/plasmodium_odb10/hmms/1124at5820.hmm Results/1_GeneSequences/PB.faa 
# Current dir:     /export/home/bio1901/Documents/29_BINP/OrthoSearch
# Date:            Sun Mar 15 17:41:23 2020
# [ok]
