#                                                                            --- full sequence --- -------------- this domain -------------   hmm coord   ali coord   env coord
# target name        accession   tlen query name           accession   qlen   E-value  score  bias   #  of  c-Evalue  i-Evalue  score  bias  from    to  from    to  from    to  acc description of target
#------------------- ---------- ----- -------------------- ---------- ----- --------- ------ ----- --- --- --------- --------- ------ ----- ----- ----- ----- ----- ----- ----- ---- ---------------------
2786_g               -           2119 1125at5820           -            967  5.2e-201  667.8 236.6   1   9   4.7e-09   1.9e-05   20.6  21.3    73   150   154   231    88   234 0.77 length=2119	scaffold=scaffold00670	strand=+	adjustedToFrame=3
2786_g               -           2119 1125at5820           -            967  5.2e-201  667.8 236.6   2   9         1     4e+03  -12.4  18.6   172   260   215   306   199   319 0.70 length=2119	scaffold=scaffold00670	strand=+	adjustedToFrame=3
2786_g               -           2119 1125at5820           -            967  5.2e-201  667.8 236.6   3   9         1     4e+03  -13.2  18.4   223   320   518   617   451   796 0.58 length=2119	scaffold=scaffold00670	strand=+	adjustedToFrame=3
2786_g               -           2119 1125at5820           -            967  5.2e-201  667.8 236.6   4   9   1.4e-43   5.4e-40  134.9  28.3   266   417   968  1126   893  1140 0.80 length=2119	scaffold=scaffold00670	strand=+	adjustedToFrame=3
2786_g               -           2119 1125at5820           -            967  5.2e-201  667.8 236.6   5   9      0.36   1.4e+03   -5.5   5.6   138   242  1133  1235  1124  1266 0.63 length=2119	scaffold=scaffold00670	strand=+	adjustedToFrame=3
2786_g               -           2119 1125at5820           -            967  5.2e-201  667.8 236.6   6   9   1.2e-18   4.8e-15   52.3  14.7   439   545  1320  1425  1289  1432 0.85 length=2119	scaffold=scaffold00670	strand=+	adjustedToFrame=3
2786_g               -           2119 1125at5820           -            967  5.2e-201  667.8 236.6   7   9   8.8e-37   3.5e-33  112.4  19.4   472   621  1432  1593  1425  1615 0.81 length=2119	scaffold=scaffold00670	strand=+	adjustedToFrame=3
2786_g               -           2119 1125at5820           -            967  5.2e-201  667.8 236.6   8   9   1.6e-08   6.3e-05   18.8  17.8   608   697  1653  1742  1634  1755 0.76 length=2119	scaffold=scaffold00670	strand=+	adjustedToFrame=3
2786_g               -           2119 1125at5820           -            967  5.2e-201  667.8 236.6   9   9  2.4e-122  9.4e-119  395.6  46.9   675   966  1800  2111  1762  2112 0.90 length=2119	scaffold=scaffold00670	strand=+	adjustedToFrame=3
#
# Program:         hmmsearch
# Version:         3.1b2 (February 2015)
# Pipeline mode:   SEARCH
# Query file:      /export/home/bio1901/Documents/29_BINP/OrthoSearch/busco_downloads/lineages/plasmodium_odb10/hmms/1125at5820.hmm
# Target file:     Results/1_GeneSequences/PB.faa
# Option settings: /home/users/bio1901/miniconda3/envs/busco/bin/hmmsearch --domtblout /export/home/bio1901/Documents/29_BINP/OrthoSearch/PB/run_plasmodium_odb10/hmmer_output/1125at5820.out --cpu 1 /export/home/bio1901/Documents/29_BINP/OrthoSearch/busco_downloads/lineages/plasmodium_odb10/hmms/1125at5820.hmm Results/1_GeneSequences/PB.faa 
# Current dir:     /export/home/bio1901/Documents/29_BINP/OrthoSearch
# Date:            Sun Mar 15 17:41:24 2020
# [ok]
