#                                                                            --- full sequence --- -------------- this domain -------------   hmm coord   ali coord   env coord
# target name        accession   tlen query name           accession   qlen   E-value  score  bias   #  of  c-Evalue  i-Evalue  score  bias  from    to  from    to  from    to  acc description of target
#------------------- ---------- ----- -------------------- ---------- ----- --------- ------ ----- --- --- --------- --------- ------ ----- ----- ----- ----- ----- ----- ----- ---- ---------------------
1541_g               -           1582 1127at5820           -           1083         0 1569.3 135.8   1   7     5e-99     2e-95  318.4   9.0     1   170     1   170     1   213 0.86 length=1582	scaffold=scaffold00237	strand=+
1541_g               -           1582 1127at5820           -           1083         0 1569.3 135.8   2   7   2.7e-61   1.1e-57  193.5   9.4   152   308   242   397   226   402 0.83 length=1582	scaffold=scaffold00237	strand=+
1541_g               -           1582 1127at5820           -           1083         0 1569.3 135.8   3   7   2.9e-75   1.2e-71  239.7  13.3   297   436   415   553   401   636 0.79 length=1582	scaffold=scaffold00237	strand=+
1541_g               -           1582 1127at5820           -           1083         0 1569.3 135.8   4   7    3e-151  1.2e-147  491.3  34.4   437   739   651   957   634   963 0.97 length=1582	scaffold=scaffold00237	strand=+
1541_g               -           1582 1127at5820           -           1083         0 1569.3 135.8   5   7   9.3e-56   3.7e-52  175.2  11.7   725   888  1035  1199   994  1217 0.89 length=1582	scaffold=scaffold00237	strand=+
1541_g               -           1582 1127at5820           -           1083         0 1569.3 135.8   6   7     1e-40   4.1e-37  125.3   9.9   887  1026  1288  1441  1272  1457 0.82 length=1582	scaffold=scaffold00237	strand=+
1541_g               -           1582 1127at5820           -           1083         0 1569.3 135.8   7   7   1.8e-21   7.4e-18   61.6   2.2   984  1077  1452  1550  1445  1554 0.89 length=1582	scaffold=scaffold00237	strand=+
#
# Program:         hmmsearch
# Version:         3.1b2 (February 2015)
# Pipeline mode:   SEARCH
# Query file:      /export/home/bio1901/Documents/29_BINP/OrthoSearch/busco_downloads/lineages/plasmodium_odb10/hmms/1127at5820.hmm
# Target file:     Results/1_GeneSequences/PB.faa
# Option settings: /home/users/bio1901/miniconda3/envs/busco/bin/hmmsearch --domtblout /export/home/bio1901/Documents/29_BINP/OrthoSearch/PB/run_plasmodium_odb10/hmmer_output/1127at5820.out --cpu 1 /export/home/bio1901/Documents/29_BINP/OrthoSearch/busco_downloads/lineages/plasmodium_odb10/hmms/1127at5820.hmm Results/1_GeneSequences/PB.faa 
# Current dir:     /export/home/bio1901/Documents/29_BINP/OrthoSearch
# Date:            Sun Mar 15 17:41:25 2020
# [ok]
