#                                                                            --- full sequence --- -------------- this domain -------------   hmm coord   ali coord   env coord
# target name        accession   tlen query name           accession   qlen   E-value  score  bias   #  of  c-Evalue  i-Evalue  score  bias  from    to  from    to  from    to  acc description of target
#------------------- ---------- ----- -------------------- ---------- ----- --------- ------ ----- --- --- --------- --------- ------ ----- ----- ----- ----- ----- ----- ----- ---- ---------------------
521_g                -            816 11317at5820          -            146   1.5e-30  103.8   0.3   1   1   1.1e-30   5.7e-28   95.4   0.3    39   143   666   789   628   792 0.87 length=816	scaffold=scaffold00051	strand=-
3685_g               -            235 11317at5820          -            146   9.5e-30  101.2   2.2   1   2   2.5e-31   1.3e-28   97.6   0.5    14   114    95   196    86   207 0.91 length=235	scaffold=scaffold01289	strand=-	adjustedToFrame=2
3685_g               -            235 11317at5820          -            146   9.5e-30  101.2   2.2   2   2     0.039        19    2.9   0.1   108   132   209   233   200   235 0.82 length=235	scaffold=scaffold01289	strand=-	adjustedToFrame=2
1581_g               -            214 11317at5820          -            146   1.7e-19   67.9   0.0   1   2         1     5e+02   -1.7   0.0    70    89   108   127    73   130 0.67 length=214	scaffold=scaffold00246	strand=-
1581_g               -            214 11317at5820          -            146   1.7e-19   67.9   0.0   2   2   1.2e-21   5.7e-19   66.2   0.0     1    76   131   207   131   211 0.94 length=214	scaffold=scaffold00246	strand=-
87_g                 -            111 11317at5820          -            146   1.4e-14   52.0   0.1   1   1   3.9e-17     2e-14   51.5   0.1    54   115    45   106    37   111 0.93 length=111	scaffold=scaffold00004	strand=+
1994_g               -            215 11317at5820          -            146     3e-13   47.7   0.0   1   1   1.1e-15   5.7e-13   46.8   0.0     1   113    16   127    16   171 0.94 length=215	scaffold=scaffold00359	strand=-
1490_g               -            153 11317at5820          -            146   1.4e-10   39.1   1.6   1   1   1.1e-12   5.6e-10   37.1   1.6    31   129     9   115     4   126 0.66 length=153	scaffold=scaffold00225	strand=+
3613_g               -            459 11317at5820          -            146   1.9e-05   22.4   0.4   1   1   9.2e-08   4.6e-05   21.1   0.4    39   116   222   301   201   329 0.83 length=459	scaffold=scaffold01224	strand=+
1719_g               -            155 11317at5820          -            146   0.00028   18.6   0.0   1   1   7.5e-07   0.00037   18.2   0.0    42   111    25    95    19   111 0.87 length=155	scaffold=scaffold00279	strand=+
#
# Program:         hmmsearch
# Version:         3.1b2 (February 2015)
# Pipeline mode:   SEARCH
# Query file:      /export/home/bio1901/Documents/29_BINP/OrthoSearch/busco_downloads/lineages/plasmodium_odb10/hmms/11317at5820.hmm
# Target file:     Results/1_GeneSequences/PB.faa
# Option settings: /home/users/bio1901/miniconda3/envs/busco/bin/hmmsearch --domtblout /export/home/bio1901/Documents/29_BINP/OrthoSearch/PB/run_plasmodium_odb10/hmmer_output/11317at5820.out --cpu 1 /export/home/bio1901/Documents/29_BINP/OrthoSearch/busco_downloads/lineages/plasmodium_odb10/hmms/11317at5820.hmm Results/1_GeneSequences/PB.faa 
# Current dir:     /export/home/bio1901/Documents/29_BINP/OrthoSearch
# Date:            Sun Mar 15 17:41:33 2020
# [ok]
