#                                                                            --- full sequence --- -------------- this domain -------------   hmm coord   ali coord   env coord
# target name        accession   tlen query name           accession   qlen   E-value  score  bias   #  of  c-Evalue  i-Evalue  score  bias  from    to  from    to  from    to  acc description of target
#------------------- ---------- ----- -------------------- ---------- ----- --------- ------ ----- --- --- --------- --------- ------ ----- ----- ----- ----- ----- ----- ----- ---- ---------------------
109_g                -            145 11342at5820          -            189   5.5e-09   34.1   0.1   1   2   0.00016      0.12   10.1   0.0    38   110     8    75     2    79 0.84 length=145	scaffold=scaffold00006	strand=-
109_g                -            145 11342at5820          -            189   5.5e-09   34.1   0.1   2   2   2.4e-09   1.9e-06   25.8   0.1    28   100    65   138    55   143 0.84 length=145	scaffold=scaffold00006	strand=-
3519_g               -            151 11342at5820          -            189   2.1e-06   25.7   6.8   1   2   1.1e-07   9.1e-05   20.3   1.2    34    99    31    96    15   100 0.92 length=151	scaffold=scaffold01152	strand=+
3519_g               -            151 11342at5820          -            189   2.1e-06   25.7   6.8   2   2   0.00049      0.39    8.4   1.1    28    72    97   142    93   150 0.80 length=151	scaffold=scaffold01152	strand=+
1961_g               -            485 11342at5820          -            189   4.1e-06   24.7   6.0   1   3       1.2   9.9e+02   -2.7   0.0    33    59   262   287   253   298 0.68 length=485	scaffold=scaffold00349	strand=-
1961_g               -            485 11342at5820          -            189   4.1e-06   24.7   6.0   2   3     0.035        28    2.4   0.0    29    99   331   400   325   407 0.88 length=485	scaffold=scaffold00349	strand=-
1961_g               -            485 11342at5820          -            189   4.1e-06   24.7   6.0   3   3   1.6e-08   1.3e-05   23.0   1.9    40   100   412   477   403   484 0.81 length=485	scaffold=scaffold00349	strand=-
2376_g               -            462 11342at5820          -            189   0.00021   19.1   0.5   1   2      0.57   4.5e+02   -1.5   1.6   171   189    12    30     5    30 0.84 length=462	scaffold=scaffold00492	strand=-
2376_g               -            462 11342at5820          -            189   0.00021   19.1   0.5   2   2   2.6e-07   0.00021   19.1   0.5    26   112   369   452   356   458 0.84 length=462	scaffold=scaffold00492	strand=-
1881_g               -            152 11342at5820          -            189     0.093   10.5   9.0   1   2    0.0001     0.083   10.6   2.5    39   108    14    83     7   102 0.84 length=152	scaffold=scaffold00324	strand=+
1881_g               -            152 11342at5820          -            189     0.093   10.5   9.0   2   2     0.015        12    3.6   0.6    74   106   107   139   101   151 0.76 length=152	scaffold=scaffold00324	strand=+
#
# Program:         hmmsearch
# Version:         3.1b2 (February 2015)
# Pipeline mode:   SEARCH
# Query file:      /export/home/bio1901/Documents/29_BINP/OrthoSearch/busco_downloads/lineages/plasmodium_odb10/hmms/11342at5820.hmm
# Target file:     Results/1_GeneSequences/PB.faa
# Option settings: /home/users/bio1901/miniconda3/envs/busco/bin/hmmsearch --domtblout /export/home/bio1901/Documents/29_BINP/OrthoSearch/PB/run_plasmodium_odb10/hmmer_output/11342at5820.out --cpu 1 /export/home/bio1901/Documents/29_BINP/OrthoSearch/busco_downloads/lineages/plasmodium_odb10/hmms/11342at5820.hmm Results/1_GeneSequences/PB.faa 
# Current dir:     /export/home/bio1901/Documents/29_BINP/OrthoSearch
# Date:            Sun Mar 15 17:41:39 2020
# [ok]
