#                                                                            --- full sequence --- -------------- this domain -------------   hmm coord   ali coord   env coord
# target name        accession   tlen query name           accession   qlen   E-value  score  bias   #  of  c-Evalue  i-Evalue  score  bias  from    to  from    to  from    to  acc description of target
#------------------- ---------- ----- -------------------- ---------- ----- --------- ------ ----- --- --- --------- --------- ------ ----- ----- ----- ----- ----- ----- ----- ---- ---------------------
2098_g               -            544 11400at5820          -            224   5.3e-18   63.2  21.4   1   2   9.4e-21   5.3e-18   63.2  21.4    13   140    57   184    48   220 0.90 length=544	scaffold=scaffold00391	strand=-
2098_g               -            544 11400at5820          -            224   5.3e-18   63.2  21.4   2   2         7     4e+03   -6.0  21.3    32   189   286   441   278   456 0.62 length=544	scaffold=scaffold00391	strand=-
3309_g               -           1219 11400at5820          -            224   1.8e-13   48.3  41.7   1   6         7     4e+03   -6.4   7.8   134   198   149   217   134   221 0.59 length=1219	scaffold=scaffold00984	strand=+
3309_g               -           1219 11400at5820          -            224   1.8e-13   48.3  41.7   2   6       2.9   1.6e+03   -3.8   4.9   144   177   401   434   359   462 0.51 length=1219	scaffold=scaffold00984	strand=+
3309_g               -           1219 11400at5820          -            224   1.8e-13   48.3  41.7   3   6   3.2e-16   1.8e-13   48.3  41.7    19   143   599   723   575   729 0.91 length=1219	scaffold=scaffold00984	strand=+
3309_g               -           1219 11400at5820          -            224   1.8e-13   48.3  41.7   4   6         7     4e+03   -8.0  30.7    31   130   725   824   723   908 0.47 length=1219	scaffold=scaffold00984	strand=+
3309_g               -           1219 11400at5820          -            224   1.8e-13   48.3  41.7   5   6         7     4e+03   -9.9  26.4   150   197   992  1037   957  1051 0.80 length=1219	scaffold=scaffold00984	strand=+
3309_g               -           1219 11400at5820          -            224   1.8e-13   48.3  41.7   6   6         7     4e+03   -7.3  11.4   161   202  1043  1084  1035  1096 0.62 length=1219	scaffold=scaffold00984	strand=+
2712_g               -            591 11400at5820          -            224   1.3e-11   42.3  50.4   1   4   8.4e-09   4.8e-06   24.1   9.2    46    92   110   154   105   156 0.90 length=591	scaffold=scaffold00628	strand=-	adjustedToFrame=2
2712_g               -            591 11400at5820          -            224   1.3e-11   42.3  50.4   2   4   2.1e-11   1.2e-08   32.5  33.1    45   145   145   257   145   265 0.85 length=591	scaffold=scaffold00628	strand=-	adjustedToFrame=2
2712_g               -            591 11400at5820          -            224   1.3e-11   42.3  50.4   3   4      0.21   1.2e+02   -0.2  16.0    45    96   263   312   255   361 0.75 length=591	scaffold=scaffold00628	strand=-	adjustedToFrame=2
2712_g               -            591 11400at5820          -            224   1.3e-11   42.3  50.4   4   4         7     4e+03   -5.7   4.5   178   203   526   551   490   579 0.55 length=591	scaffold=scaffold00628	strand=-	adjustedToFrame=2
1877_g               -            352 11400at5820          -            224     7e-11   39.9  57.2   1   3   2.5e-11   1.4e-08   32.4  27.5    46   125    46   123    34   123 0.87 length=352	scaffold=scaffold00323	strand=-
1877_g               -            352 11400at5820          -            224     7e-11   39.9  57.2   2   3   1.3e-07   7.7e-05   20.1  17.1    61   124   105   170   103   185 0.75 length=352	scaffold=scaffold00323	strand=-
1877_g               -            352 11400at5820          -            224     7e-11   39.9  57.2   3   3   0.00015     0.087   10.1  17.6    49   210   133   299   130   312 0.60 length=352	scaffold=scaffold00323	strand=-
81_g                 -            414 11400at5820          -            224   0.00022   18.7  41.8   1   2   1.8e-06     0.001   16.5  19.6    18   110   112   211    98   212 0.79 length=414	scaffold=scaffold00004	strand=+
81_g                 -            414 11400at5820          -            224   0.00022   18.7  41.8   2   2    0.0092       5.2    4.3  20.3    57   121   196   265   193   275 0.71 length=414	scaffold=scaffold00004	strand=+
2133_g               -            368 11400at5820          -            224     0.005   14.2   4.1   1   2   8.7e-06     0.005   14.2   4.1    57    93    44    80    35    85 0.86 length=368	scaffold=scaffold00402	strand=-
2133_g               -            368 11400at5820          -            224     0.005   14.2   4.1   2   2     0.035        20    2.4  11.4    37    95    80   138    77   152 0.82 length=368	scaffold=scaffold00402	strand=-
695_g                -            587 11400at5820          -            224     0.019   12.3  50.8   1   4    0.0067       3.8    4.8   7.1    42    97   170   223   162   228 0.86 length=587	scaffold=scaffold00073	strand=-
695_g                -            587 11400at5820          -            224     0.019   12.3  50.8   2   4    0.0004      0.23    8.8  14.4    43   107   217   283   212   285 0.78 length=587	scaffold=scaffold00073	strand=-
695_g                -            587 11400at5820          -            224     0.019   12.3  50.8   3   4     3e-05     0.017   12.4  16.2    37    85   271   325   265   329 0.78 length=587	scaffold=scaffold00073	strand=-
695_g                -            587 11400at5820          -            224     0.019   12.3  50.8   4   4      0.44   2.5e+02   -1.2   0.7   169   198   357   386   353   403 0.82 length=587	scaffold=scaffold00073	strand=-
#
# Program:         hmmsearch
# Version:         3.1b2 (February 2015)
# Pipeline mode:   SEARCH
# Query file:      /export/home/bio1901/Documents/29_BINP/OrthoSearch/busco_downloads/lineages/plasmodium_odb10/hmms/11400at5820.hmm
# Target file:     Results/1_GeneSequences/PB.faa
# Option settings: /home/users/bio1901/miniconda3/envs/busco/bin/hmmsearch --domtblout /export/home/bio1901/Documents/29_BINP/OrthoSearch/PB/run_plasmodium_odb10/hmmer_output/11400at5820.out --cpu 1 /export/home/bio1901/Documents/29_BINP/OrthoSearch/busco_downloads/lineages/plasmodium_odb10/hmms/11400at5820.hmm Results/1_GeneSequences/PB.faa 
# Current dir:     /export/home/bio1901/Documents/29_BINP/OrthoSearch
# Date:            Sun Mar 15 17:41:47 2020
# [ok]
