#                                                                            --- full sequence --- -------------- this domain -------------   hmm coord   ali coord   env coord
# target name        accession   tlen query name           accession   qlen   E-value  score  bias   #  of  c-Evalue  i-Evalue  score  bias  from    to  from    to  from    to  acc description of target
#------------------- ---------- ----- -------------------- ---------- ----- --------- ------ ----- --- --- --------- --------- ------ ----- ----- ----- ----- ----- ----- ----- ---- ---------------------
1331_g               -           1437 1145at5820           -            996  2.7e-153  509.8 227.0   1   8   3.2e-12   4.2e-09   32.5   0.1     1    31     1    31     1    36 0.94 length=1437	scaffold=scaffold00187	strand=-
1331_g               -           1437 1145at5820           -            996  2.7e-153  509.8 227.0   2   8   4.3e-97   5.7e-94  313.4  36.5   241   631    37   393    33   405 0.81 length=1437	scaffold=scaffold00187	strand=-
1331_g               -           1437 1145at5820           -            996  2.7e-153  509.8 227.0   3   8    0.0087        12    1.2  13.3   590   638   533   581   523   593 0.68 length=1437	scaffold=scaffold00187	strand=-
1331_g               -           1437 1145at5820           -            996  2.7e-153  509.8 227.0   4   8   8.4e-10   1.1e-06   24.5  30.7   637   748   646   761   592   786 0.59 length=1437	scaffold=scaffold00187	strand=-
1331_g               -           1437 1145at5820           -            996  2.7e-153  509.8 227.0   5   8         3     4e+03  -22.7  34.8   586   731   807   958   799   964 0.57 length=1437	scaffold=scaffold00187	strand=-
1331_g               -           1437 1145at5820           -            996  2.7e-153  509.8 227.0   6   8   0.00029      0.38    6.1  44.2   536   724   835  1032   834  1064 0.65 length=1437	scaffold=scaffold00187	strand=-
1331_g               -           1437 1145at5820           -            996  2.7e-153  509.8 227.0   7   8         3     4e+03  -12.9  18.0   680   741  1126  1185  1058  1202 0.73 length=1437	scaffold=scaffold00187	strand=-
1331_g               -           1437 1145at5820           -            996  2.7e-153  509.8 227.0   8   8   2.7e-55   3.6e-52  175.1  32.2   698   860  1232  1397  1224  1432 0.81 length=1437	scaffold=scaffold00187	strand=-
1330_g               -            275 1145at5820           -            996   2.4e-60  202.1  18.4   1   2         3     4e+03  -15.4  22.2   603   634    62    91    37    99 0.49 length=275	scaffold=scaffold00187	strand=-
1330_g               -            275 1145at5820           -            996   2.4e-60  202.1  18.4   2   2   1.8e-63   2.4e-60  202.1  18.4   831   996   110   274   101   274 0.86 length=275	scaffold=scaffold00187	strand=-
4064_g               -            161 1145at5820           -            996     0.019   10.5   0.7   1   1   1.6e-05     0.022   10.3   0.7   233   286    65   118    52   141 0.88 length=161	scaffold=scaffold01654	strand=+
#
# Program:         hmmsearch
# Version:         3.1b2 (February 2015)
# Pipeline mode:   SEARCH
# Query file:      /export/home/bio1901/Documents/29_BINP/OrthoSearch/busco_downloads/lineages/plasmodium_odb10/hmms/1145at5820.hmm
# Target file:     Results/1_GeneSequences/PB.faa
# Option settings: /home/users/bio1901/miniconda3/envs/busco/bin/hmmsearch --domtblout /export/home/bio1901/Documents/29_BINP/OrthoSearch/PB/run_plasmodium_odb10/hmmer_output/1145at5820.out --cpu 1 /export/home/bio1901/Documents/29_BINP/OrthoSearch/busco_downloads/lineages/plasmodium_odb10/hmms/1145at5820.hmm Results/1_GeneSequences/PB.faa 
# Current dir:     /export/home/bio1901/Documents/29_BINP/OrthoSearch
# Date:            Sun Mar 15 17:41:49 2020
# [ok]
