#                                                                            --- full sequence --- -------------- this domain -------------   hmm coord   ali coord   env coord
# target name        accession   tlen query name           accession   qlen   E-value  score  bias   #  of  c-Evalue  i-Evalue  score  bias  from    to  from    to  from    to  acc description of target
#------------------- ---------- ----- -------------------- ---------- ----- --------- ------ ----- --- --- --------- --------- ------ ----- ----- ----- ----- ----- ----- ----- ---- ---------------------
1550_g               -            297 11485at5820          -            260   4.9e-80  266.5  43.4   1   2       4.1   1.2e+03   -3.5  13.2   211   250     5    45     1    57 0.68 length=297	scaffold=scaffold00238	strand=+
1550_g               -            297 11485at5820          -            260   4.9e-80  266.5  43.4   2   2   1.7e-82   4.9e-80  266.5  43.4    42   260    61   289    55   289 0.91 length=297	scaffold=scaffold00238	strand=+
1082_g               -            248 11485at5820          -            260   4.4e-16   56.9   0.2   1   1   2.3e-18   6.6e-16   56.3   0.2     6    93     4    89     1   108 0.80 length=248	scaffold=scaffold00136	strand=+
3003_g               -            377 11485at5820          -            260   8.8e-13   46.1   1.2   1   2   3.1e-15   8.8e-13   46.1   1.2     6    87    40   111    36   120 0.84 length=377	scaffold=scaffold00786	strand=-
3003_g               -            377 11485at5820          -            260   8.8e-13   46.1   1.2   2   2       3.8   1.1e+03   -3.4   0.3   163   183   238   258   233   264 0.68 length=377	scaffold=scaffold00786	strand=-
156_g                -            561 11485at5820          -            260   5.1e-12   43.6   0.8   1   3   1.8e-14   5.1e-12   43.6   0.8     6    83    47   112    42   121 0.86 length=561	scaffold=scaffold00009	strand=+
156_g                -            561 11485at5820          -            260   5.1e-12   43.6   0.8   2   3       1.4   3.9e+02   -2.0   0.9   157   171   356   370   261   416 0.62 length=561	scaffold=scaffold00009	strand=+
156_g                -            561 11485at5820          -            260   5.1e-12   43.6   0.8   3   3       1.3   3.6e+02   -1.9   0.9    92   161   360   427   351   468 0.59 length=561	scaffold=scaffold00009	strand=+
2296_g               -            416 11485at5820          -            260   1.7e-10   38.5   1.8   1   1   1.3e-11   3.7e-09   34.2   1.8     4    85    18    86    15   101 0.86 length=416	scaffold=scaffold00459	strand=-
1749_g               -            473 11485at5820          -            260   2.4e-10   38.1   0.0   1   2   8.3e-13   2.4e-10   38.1   0.0     9    80     9    76     1    96 0.87 length=473	scaffold=scaffold00287	strand=-
1749_g               -            473 11485at5820          -            260   2.4e-10   38.1   0.0   2   2       1.9   5.4e+02   -2.4  18.0   207   255   273   321   142   340 0.79 length=473	scaffold=scaffold00287	strand=-
40_g                 -            737 11485at5820          -            260   1.2e-09   35.8   0.1   1   1   4.1e-12   1.2e-09   35.8   0.1     5    88    65   138    61   144 0.85 length=737	scaffold=scaffold00002	strand=-
2807_g               -            663 11485at5820          -            260   1.3e-09   35.6   0.9   1   2       1.1   3.1e+02   -1.6   0.0   136   164    68    96    46   140 0.76 length=663	scaffold=scaffold00682	strand=-
2807_g               -            663 11485at5820          -            260   1.3e-09   35.6   0.9   2   2   4.7e-12   1.3e-09   35.6   0.9     6    99   184   266   177   283 0.81 length=663	scaffold=scaffold00682	strand=-
709_g                -            571 11485at5820          -            260   1.2e-07   29.3   0.1   1   2   4.1e-10   1.2e-07   29.3   0.1     4    83    48   118    45   126 0.86 length=571	scaffold=scaffold00075	strand=-
709_g                -            571 11485at5820          -            260   1.2e-07   29.3   0.1   2   2       5.5   1.6e+03   -3.9   1.1   223   246   542   565   518   567 0.59 length=571	scaffold=scaffold00075	strand=-
721_g                -            127 11485at5820          -            260   1.5e-07   28.9   6.8   1   2   5.4e-10   1.5e-07   28.9   6.8     1    70     1    77     1    89 0.71 length=127	scaffold=scaffold00077	strand=-
721_g                -            127 11485at5820          -            260   1.5e-07   28.9   6.8   2   2       2.8     8e+02   -3.0   7.3   113   141    45    74    40   121 0.42 length=127	scaffold=scaffold00077	strand=-
3267_g               -            249 11485at5820          -            260   5.2e-07   27.2   2.5   1   3       1.3   3.7e+02   -1.9   0.3   218   238    43    63    27    75 0.59 length=249	scaffold=scaffold00955	strand=-
3267_g               -            249 11485at5820          -            260   5.2e-07   27.2   2.5   2   3      0.93   2.7e+02   -1.4   0.5   178   178    66    66    41   111 0.48 length=249	scaffold=scaffold00955	strand=-
3267_g               -            249 11485at5820          -            260   5.2e-07   27.2   2.5   3   3   1.8e-09   5.2e-07   27.2   2.5     7    98   110   192   100   197 0.82 length=249	scaffold=scaffold00955	strand=-
747_g                -            281 11485at5820          -            260   4.3e-05   20.9  24.6   1   1   1.6e-06   0.00045   17.5  24.6     8    80    44   108    39   275 0.86 length=281	scaffold=scaffold00080	strand=-
4001_g               -            499 11485at5820          -            260   8.3e-05   19.9  13.3   1   3       1.3   3.7e+02   -1.9   0.1    68    86   103   122    97   130 0.69 length=499	scaffold=scaffold01586	strand=+	adjustedToFrame=3
4001_g               -            499 11485at5820          -            260   8.3e-05   19.9  13.3   2   3   2.9e-07   8.3e-05   19.9  13.3     6    98   159   240   155   411 0.83 length=499	scaffold=scaffold01586	strand=+	adjustedToFrame=3
4001_g               -            499 11485at5820          -            260   8.3e-05   19.9  13.3   3   3       1.6   4.6e+02   -2.2   2.8    46    57   392   403   303   474 0.66 length=499	scaffold=scaffold01586	strand=+	adjustedToFrame=3
779_g                -            317 11485at5820          -            260   0.00033   17.9  16.7   1   1   4.3e-06    0.0012   16.1  16.4     8   219    53   246    50   295 0.70 length=317	scaffold=scaffold00085	strand=-
#
# Program:         hmmsearch
# Version:         3.1b2 (February 2015)
# Pipeline mode:   SEARCH
# Query file:      /export/home/bio1901/Documents/29_BINP/OrthoSearch/busco_downloads/lineages/plasmodium_odb10/hmms/11485at5820.hmm
# Target file:     Results/1_GeneSequences/PB.faa
# Option settings: /home/users/bio1901/miniconda3/envs/busco/bin/hmmsearch --domtblout /export/home/bio1901/Documents/29_BINP/OrthoSearch/PB/run_plasmodium_odb10/hmmer_output/11485at5820.out --cpu 1 /export/home/bio1901/Documents/29_BINP/OrthoSearch/busco_downloads/lineages/plasmodium_odb10/hmms/11485at5820.hmm Results/1_GeneSequences/PB.faa 
# Current dir:     /export/home/bio1901/Documents/29_BINP/OrthoSearch
# Date:            Sun Mar 15 17:41:50 2020
# [ok]
