#                                                                            --- full sequence --- -------------- this domain -------------   hmm coord   ali coord   env coord
# target name        accession   tlen query name           accession   qlen   E-value  score  bias   #  of  c-Evalue  i-Evalue  score  bias  from    to  from    to  from    to  acc description of target
#------------------- ---------- ----- -------------------- ---------- ----- --------- ------ ----- --- --- --------- --------- ------ ----- ----- ----- ----- ----- ----- ----- ---- ---------------------
2137_g               -           1204 1152at5820           -            961         0 1712.7  79.4   1   3  2.2e-135  2.9e-132  440.5   9.2     2   210    10   219     9   224 0.98 length=1204	scaffold=scaffold00403	strand=+
2137_g               -           1204 1152at5820           -            961         0 1712.7  79.4   2   3         0         0 1014.2  29.1   214   749   319   901   313   929 0.93 length=1204	scaffold=scaffold00403	strand=+
2137_g               -           1204 1152at5820           -            961         0 1712.7  79.4   3   3   3.6e-82   4.8e-79  264.4  26.9   738   961   921  1169   912  1169 0.91 length=1204	scaffold=scaffold00403	strand=+
216_g                -           1059 1152at5820           -            961   9.8e-37  124.4  21.0   1   2   1.5e-37     2e-34  116.7  16.1     9   608    21   629    14   638 0.77 length=1059	scaffold=scaffold00015	strand=+
216_g                -           1059 1152at5820           -            961   9.8e-37  124.4  21.0   2   2     0.087   1.2e+02   -1.6   0.2   727   745   846   864   825  1015 0.70 length=1059	scaffold=scaffold00015	strand=+
1845_g               -            891 1152at5820           -            961   4.1e-10   36.3  10.7   1   3   0.00059      0.78    5.6   0.2    32    99   218   284   162   307 0.79 length=891	scaffold=scaffold00315	strand=+
1845_g               -            891 1152at5820           -            961   4.1e-10   36.3  10.7   2   3    0.0059       7.8    2.2   0.1   401   462   376   441   366   449 0.84 length=891	scaffold=scaffold00315	strand=+
1845_g               -            891 1152at5820           -            961   4.1e-10   36.3  10.7   3   3   8.2e-12   1.1e-08   31.6   1.6   550   747   479   694   465   717 0.65 length=891	scaffold=scaffold00315	strand=+
#
# Program:         hmmsearch
# Version:         3.1b2 (February 2015)
# Pipeline mode:   SEARCH
# Query file:      /export/home/bio1901/Documents/29_BINP/OrthoSearch/busco_downloads/lineages/plasmodium_odb10/hmms/1152at5820.hmm
# Target file:     Results/1_GeneSequences/PB.faa
# Option settings: /home/users/bio1901/miniconda3/envs/busco/bin/hmmsearch --domtblout /export/home/bio1901/Documents/29_BINP/OrthoSearch/PB/run_plasmodium_odb10/hmmer_output/1152at5820.out --cpu 1 /export/home/bio1901/Documents/29_BINP/OrthoSearch/busco_downloads/lineages/plasmodium_odb10/hmms/1152at5820.hmm Results/1_GeneSequences/PB.faa 
# Current dir:     /export/home/bio1901/Documents/29_BINP/OrthoSearch
# Date:            Sun Mar 15 17:41:55 2020
# [ok]
