#                                                                            --- full sequence --- -------------- this domain -------------   hmm coord   ali coord   env coord
# target name        accession   tlen query name           accession   qlen   E-value  score  bias   #  of  c-Evalue  i-Evalue  score  bias  from    to  from    to  from    to  acc description of target
#------------------- ---------- ----- -------------------- ---------- ----- --------- ------ ----- --- --- --------- --------- ------ ----- ----- ----- ----- ----- ----- ----- ---- ---------------------
3749_g               -            264 11709at5820          -            267   2.2e-31  106.9  28.5   1   4   1.1e-09   2.2e-06   24.9   0.6     7    30     1    25     1    26 0.90 length=264	scaffold=scaffold01350	strand=-	adjustedToFrame=2
3749_g               -            264 11709at5820          -            267   2.2e-31  106.9  28.5   2   4   1.3e-30   2.5e-27   93.6  21.5   137   263    25   141    24   145 0.80 length=264	scaffold=scaffold01350	strand=-	adjustedToFrame=2
3749_g               -            264 11709at5820          -            267   2.2e-31  106.9  28.5   3   4         2     4e+03  -26.4  41.0   219   262   152   197   137   228 0.47 length=264	scaffold=scaffold01350	strand=-	adjustedToFrame=2
3749_g               -            264 11709at5820          -            267   2.2e-31  106.9  28.5   4   4         2     4e+03  -15.1  23.9   208   252   202   247   195   263 0.47 length=264	scaffold=scaffold01350	strand=-	adjustedToFrame=2
3208_g               -            145 11709at5820          -            267    0.0073   13.3   4.6   1   3      0.12   2.4e+02   -1.5   0.0    81    94    10    23     5    35 0.84 length=145	scaffold=scaffold00919	strand=-
3208_g               -            145 11709at5820          -            267    0.0073   13.3   4.6   2   3   0.00029      0.58    7.1   0.4    67    95    39    68    22    85 0.83 length=145	scaffold=scaffold00919	strand=-
3208_g               -            145 11709at5820          -            267    0.0073   13.3   4.6   3   3   0.00021      0.41    7.6   0.5    67    96    86   116    72   141 0.78 length=145	scaffold=scaffold00919	strand=-
#
# Program:         hmmsearch
# Version:         3.1b2 (February 2015)
# Pipeline mode:   SEARCH
# Query file:      /export/home/bio1901/Documents/29_BINP/OrthoSearch/busco_downloads/lineages/plasmodium_odb10/hmms/11709at5820.hmm
# Target file:     Results/1_GeneSequences/PB.faa
# Option settings: /home/users/bio1901/miniconda3/envs/busco/bin/hmmsearch --domtblout /export/home/bio1901/Documents/29_BINP/OrthoSearch/PB/run_plasmodium_odb10/hmmer_output/11709at5820.out --cpu 1 /export/home/bio1901/Documents/29_BINP/OrthoSearch/busco_downloads/lineages/plasmodium_odb10/hmms/11709at5820.hmm Results/1_GeneSequences/PB.faa 
# Current dir:     /export/home/bio1901/Documents/29_BINP/OrthoSearch
# Date:            Sun Mar 15 17:42:04 2020
# [ok]
