#                                                                            --- full sequence --- -------------- this domain -------------   hmm coord   ali coord   env coord
# target name        accession   tlen query name           accession   qlen   E-value  score  bias   #  of  c-Evalue  i-Evalue  score  bias  from    to  from    to  from    to  acc description of target
#------------------- ---------- ----- -------------------- ---------- ----- --------- ------ ----- --- --- --------- --------- ------ ----- ----- ----- ----- ----- ----- ----- ---- ---------------------
205_g                -            605 11717at5820          -            359  2.2e-138  458.9  37.1   1   3     0.067        45    0.6   2.0   197   240     7    50     2    63 0.67 length=605	scaffold=scaffold00014	strand=+
205_g                -            605 11717at5820          -            359  2.2e-138  458.9  37.1   2   3   1.5e-13   9.9e-11   39.0   2.5     2    55   176   239   175   248 0.71 length=605	scaffold=scaffold00014	strand=+
205_g                -            605 11717at5820          -            359  2.2e-138  458.9  37.1   3   3  1.5e-132    1e-129  430.4  18.0    40   358   256   577   244   578 0.85 length=605	scaffold=scaffold00014	strand=+
4011_g               -            461 11717at5820          -            359   5.8e-09   33.2  12.6   1   2       2.2   1.4e+03   -4.3   8.3   207   255   124   173   105   192 0.59 length=461	scaffold=scaffold01596	strand=+
4011_g               -            461 11717at5820          -            359   5.8e-09   33.2  12.6   2   2   8.7e-12   5.8e-09   33.2  12.6    37   207   250   416   242   429 0.68 length=461	scaffold=scaffold01596	strand=+
3018_g               -           1028 11717at5820          -            359     2e-07   28.1  36.3   1   5     8e-09   5.3e-06   23.4  21.4   256   318    12    72     1    85 0.69 length=1028	scaffold=scaffold00799	strand=-
3018_g               -           1028 11717at5820          -            359     2e-07   28.1  36.3   2   5     1e-07   6.8e-05   19.8   6.9   265   313    75   123    65   142 0.80 length=1028	scaffold=scaffold00799	strand=-
3018_g               -           1028 11717at5820          -            359     2e-07   28.1  36.3   3   5     0.086        57    0.3   2.3   262   286   494   518   430   559 0.72 length=1028	scaffold=scaffold00799	strand=-
3018_g               -           1028 11717at5820          -            359     2e-07   28.1  36.3   4   5         6     4e+03   -7.1   6.6   205   242   570   609   563   640 0.63 length=1028	scaffold=scaffold00799	strand=-
3018_g               -           1028 11717at5820          -            359     2e-07   28.1  36.3   5   5         6     4e+03  -10.5  17.1   205   247   719   760   665   770 0.79 length=1028	scaffold=scaffold00799	strand=-
110_g                -            574 11717at5820          -            359   0.00084   16.2   0.2   1   5      0.18   1.2e+02   -0.8   0.8    95   178    25   108     3   133 0.65 length=574	scaffold=scaffold00006	strand=+
110_g                -            574 11717at5820          -            359   0.00084   16.2   0.2   2   5         6     4e+03  -10.7  18.9   189   229   205   245   193   268 0.73 length=574	scaffold=scaffold00006	strand=+
110_g                -            574 11717at5820          -            359   0.00084   16.2   0.2   3   5         6     4e+03  -14.3  37.9    40   229   212   409   211   420 0.70 length=574	scaffold=scaffold00006	strand=+
110_g                -            574 11717at5820          -            359   0.00084   16.2   0.2   4   5    0.0035       2.3    4.8   0.5    96   179   406   489   403   521 0.75 length=574	scaffold=scaffold00006	strand=+
110_g                -            574 11717at5820          -            359   0.00084   16.2   0.2   5   5   1.3e-06   0.00084   16.2   0.2   310   348   521   559   517   568 0.89 length=574	scaffold=scaffold00006	strand=+
476_g                -            673 11717at5820          -            359     0.023   11.5  26.2   1   1   0.00013     0.088    9.5  26.2   229   305   596   664   522   670 0.67 length=673	scaffold=scaffold00043	strand=+
4060_g               -            276 11717at5820          -            359       1.5    5.5   5.2   1   1     0.016        11    2.7   5.2   253   301   172   220   107   264 0.67 length=276	scaffold=scaffold01650	strand=+
#
# Program:         hmmsearch
# Version:         3.1b2 (February 2015)
# Pipeline mode:   SEARCH
# Query file:      /export/home/bio1901/Documents/29_BINP/OrthoSearch/busco_downloads/lineages/plasmodium_odb10/hmms/11717at5820.hmm
# Target file:     Results/1_GeneSequences/PB.faa
# Option settings: /home/users/bio1901/miniconda3/envs/busco/bin/hmmsearch --domtblout /export/home/bio1901/Documents/29_BINP/OrthoSearch/PB/run_plasmodium_odb10/hmmer_output/11717at5820.out --cpu 1 /export/home/bio1901/Documents/29_BINP/OrthoSearch/busco_downloads/lineages/plasmodium_odb10/hmms/11717at5820.hmm Results/1_GeneSequences/PB.faa 
# Current dir:     /export/home/bio1901/Documents/29_BINP/OrthoSearch
# Date:            Sun Mar 15 17:42:05 2020
# [ok]
