#                                                                            --- full sequence --- -------------- this domain -------------   hmm coord   ali coord   env coord
# target name        accession   tlen query name           accession   qlen   E-value  score  bias   #  of  c-Evalue  i-Evalue  score  bias  from    to  from    to  from    to  acc description of target
#------------------- ---------- ----- -------------------- ---------- ----- --------- ------ ----- --- --- --------- --------- ------ ----- ----- ----- ----- ----- ----- ----- ---- ---------------------
2200_g               -            911 1177at5820           -           1061    1e-196  654.0 107.5   1   7         1     4e+03  -15.5  28.3   433   580    22   176     3   177 0.62 length=911	scaffold=scaffold00424	strand=+
2200_g               -            911 1177at5820           -           1061    1e-196  654.0 107.5   2   7   7.7e-07    0.0031   13.5  22.0   482   591   135   246   133   254 0.72 length=911	scaffold=scaffold00424	strand=+
2200_g               -            911 1177at5820           -           1061    1e-196  654.0 107.5   3   7   3.1e-25   1.2e-21   74.4  11.8   563   665   243   346   241   352 0.89 length=911	scaffold=scaffold00424	strand=+
2200_g               -            911 1177at5820           -           1061    1e-196  654.0 107.5   4   7         1     4e+03  -11.4  14.2   120   161   349   390   345   400 0.48 length=911	scaffold=scaffold00424	strand=+
2200_g               -            911 1177at5820           -           1061    1e-196  654.0 107.5   5   7     1e-72   4.1e-69  231.6  47.6   649   835   388   577   370   602 0.86 length=911	scaffold=scaffold00424	strand=+
2200_g               -            911 1177at5820           -           1061    1e-196  654.0 107.5   6   7         1     4e+03  -12.8  14.1   110   590   589   642   579   667 0.47 length=911	scaffold=scaffold00424	strand=+
2200_g               -            911 1177at5820           -           1061    1e-196  654.0 107.5   7   7    6e-117  2.4e-113  378.0  32.0   815  1060   661   908   645   909 0.95 length=911	scaffold=scaffold00424	strand=+
#
# Program:         hmmsearch
# Version:         3.1b2 (February 2015)
# Pipeline mode:   SEARCH
# Query file:      /export/home/bio1901/Documents/29_BINP/OrthoSearch/busco_downloads/lineages/plasmodium_odb10/hmms/1177at5820.hmm
# Target file:     Results/1_GeneSequences/PB.faa
# Option settings: /home/users/bio1901/miniconda3/envs/busco/bin/hmmsearch --domtblout /export/home/bio1901/Documents/29_BINP/OrthoSearch/PB/run_plasmodium_odb10/hmmer_output/1177at5820.out --cpu 1 /export/home/bio1901/Documents/29_BINP/OrthoSearch/busco_downloads/lineages/plasmodium_odb10/hmms/1177at5820.hmm Results/1_GeneSequences/PB.faa 
# Current dir:     /export/home/bio1901/Documents/29_BINP/OrthoSearch
# Date:            Sun Mar 15 17:42:09 2020
# [ok]
