#                                                                            --- full sequence --- -------------- this domain -------------   hmm coord   ali coord   env coord
# target name        accession   tlen query name           accession   qlen   E-value  score  bias   #  of  c-Evalue  i-Evalue  score  bias  from    to  from    to  from    to  acc description of target
#------------------- ---------- ----- -------------------- ---------- ----- --------- ------ ----- --- --- --------- --------- ------ ----- ----- ----- ----- ----- ----- ----- ---- ---------------------
3934_g               -            343 11785at5820          -            171   1.4e-23   81.4  37.6   1   3   3.2e-11   1.8e-08   32.3  10.6    38   132    31   123     2   123 0.82 length=343	scaffold=scaffold01519	strand=-
3934_g               -            343 11785at5820          -            171   1.4e-23   81.4  37.6   2   3   4.3e-11   2.5e-08   31.8   2.1    85   132   120   167   118   179 0.89 length=343	scaffold=scaffold01519	strand=-
3934_g               -            343 11785at5820          -            171   1.4e-23   81.4  37.6   3   3   9.4e-11   5.3e-08   30.8  11.2    36   167   181   313   171   317 0.82 length=343	scaffold=scaffold01519	strand=-
1108_g               -            487 11785at5820          -            171   3.9e-11   41.0  26.3   1   2   8.2e-11   4.7e-08   30.9  12.5    36   133   157   253   122   259 0.84 length=487	scaffold=scaffold00142	strand=+
1108_g               -            487 11785at5820          -            171   3.9e-11   41.0  26.3   2   2   1.1e-05     0.006   14.3   7.1    28   144   260   376   251   397 0.84 length=487	scaffold=scaffold00142	strand=+
3347_g               -            897 11785at5820          -            171   4.1e-09   34.4  49.2   1   4    0.0053         3    5.5   3.9    27   106   251   335   228   351 0.73 length=897	scaffold=scaffold01012	strand=+
3347_g               -            897 11785at5820          -            171   4.1e-09   34.4  49.2   2   4   8.8e-10     5e-07   27.6   9.5    36   127   462   553   431   575 0.88 length=897	scaffold=scaffold01012	strand=+
3347_g               -            897 11785at5820          -            171   4.1e-09   34.4  49.2   3   4     0.024        14    3.4  12.1    56   120   695   761   645   778 0.63 length=897	scaffold=scaffold01012	strand=+
3347_g               -            897 11785at5820          -            171   4.1e-09   34.4  49.2   4   4   1.8e-05      0.01   13.6  14.4    22   141   709   823   680   849 0.79 length=897	scaffold=scaffold01012	strand=+
1578_g               -            218 11785at5820          -            171     2e-08   32.2   8.9   1   1   5.2e-11     3e-08   31.6   8.8    41   144   106   212    67   218 0.81 length=218	scaffold=scaffold00245	strand=+
576_g                -            484 11785at5820          -            171   4.9e-06   24.4  18.5   1   3   9.6e-09   5.4e-06   24.2  10.6    59   133    19    93    14   120 0.93 length=484	scaffold=scaffold00057	strand=+
576_g                -            484 11785at5820          -            171   4.9e-06   24.4  18.5   2   3     0.015       8.6    4.0   0.3   122   166   150   191   129   197 0.60 length=484	scaffold=scaffold00057	strand=+
576_g                -            484 11785at5820          -            171   4.9e-06   24.4  18.5   3   3       2.9   1.6e+03   -3.4   0.0   149   166   319   336   309   337 0.81 length=484	scaffold=scaffold00057	strand=+
3883_g               -            283 11785at5820          -            171   0.00046   17.9   4.6   1   2     0.016       9.4    3.9   0.0   128   169     4    53     2    55 0.78 length=283	scaffold=scaffold01471	strand=-
3883_g               -            283 11785at5820          -            171   0.00046   17.9   4.6   2   2   1.6e-05    0.0093   13.7   2.6    59   166    57   164    53   167 0.70 length=283	scaffold=scaffold01471	strand=-
1820_g               -            116 11785at5820          -            171      0.17    9.6   8.9   1   1    0.0027       1.5    6.5   8.9    84   133    37    84     8   105 0.67 length=116	scaffold=scaffold00307	strand=+
#
# Program:         hmmsearch
# Version:         3.1b2 (February 2015)
# Pipeline mode:   SEARCH
# Query file:      /export/home/bio1901/Documents/29_BINP/OrthoSearch/busco_downloads/lineages/plasmodium_odb10/hmms/11785at5820.hmm
# Target file:     Results/1_GeneSequences/PB.faa
# Option settings: /home/users/bio1901/miniconda3/envs/busco/bin/hmmsearch --domtblout /export/home/bio1901/Documents/29_BINP/OrthoSearch/PB/run_plasmodium_odb10/hmmer_output/11785at5820.out --cpu 1 /export/home/bio1901/Documents/29_BINP/OrthoSearch/busco_downloads/lineages/plasmodium_odb10/hmms/11785at5820.hmm Results/1_GeneSequences/PB.faa 
# Current dir:     /export/home/bio1901/Documents/29_BINP/OrthoSearch
# Date:            Sun Mar 15 17:42:09 2020
# [ok]
