#                                                                            --- full sequence --- -------------- this domain -------------   hmm coord   ali coord   env coord
# target name        accession   tlen query name           accession   qlen   E-value  score  bias   #  of  c-Evalue  i-Evalue  score  bias  from    to  from    to  from    to  acc description of target
#------------------- ---------- ----- -------------------- ---------- ----- --------- ------ ----- --- --- --------- --------- ------ ----- ----- ----- ----- ----- ----- ----- ---- ---------------------
521_g                -            816 11817at5820          -            183   1.1e-74  248.1   1.0   1   1   4.7e-77   2.7e-74  246.8   1.0    53   183   663   802   626   802 0.91 length=816	scaffold=scaffold00051	strand=-
3685_g               -            235 11817at5820          -            183   9.9e-32  108.1   2.1   1   1     2e-34   1.2e-31  107.8   2.1     6   168    68   233    63   235 0.88 length=235	scaffold=scaffold01289	strand=-	adjustedToFrame=2
1994_g               -            215 11817at5820          -            183   8.3e-25   85.5   0.0   1   1   1.8e-27     1e-24   85.2   0.0     8   175     6   170     1   179 0.92 length=215	scaffold=scaffold00359	strand=-
1581_g               -            214 11817at5820          -            183   3.1e-22   77.1   0.0   1   1   9.7e-25   5.5e-22   76.3   0.0    10    93   123   207   113   211 0.95 length=214	scaffold=scaffold00246	strand=-
1490_g               -            153 11817at5820          -            183   7.1e-19   66.2   1.4   1   1   7.7e-21   4.4e-18   63.6   1.4    46   176     7   126     3   133 0.89 length=153	scaffold=scaffold00225	strand=+
87_g                 -            111 11817at5820          -            183     3e-15   54.4   0.5   1   2      0.22   1.2e+02    0.2   0.0    12    25    10    23     5    33 0.88 length=111	scaffold=scaffold00004	strand=+
87_g                 -            111 11817at5820          -            183     3e-15   54.4   0.5   2   2   2.1e-17   1.2e-14   52.4   0.2    71   130    45   104    34   109 0.95 length=111	scaffold=scaffold00004	strand=+
1719_g               -            155 11817at5820          -            183   0.00045   17.9   0.0   1   1   1.1e-06   0.00063   17.4   0.0    57   130    23    97    16   132 0.84 length=155	scaffold=scaffold00279	strand=+
#
# Program:         hmmsearch
# Version:         3.1b2 (February 2015)
# Pipeline mode:   SEARCH
# Query file:      /export/home/bio1901/Documents/29_BINP/OrthoSearch/busco_downloads/lineages/plasmodium_odb10/hmms/11817at5820.hmm
# Target file:     Results/1_GeneSequences/PB.faa
# Option settings: /home/users/bio1901/miniconda3/envs/busco/bin/hmmsearch --domtblout /export/home/bio1901/Documents/29_BINP/OrthoSearch/PB/run_plasmodium_odb10/hmmer_output/11817at5820.out --cpu 1 /export/home/bio1901/Documents/29_BINP/OrthoSearch/busco_downloads/lineages/plasmodium_odb10/hmms/11817at5820.hmm Results/1_GeneSequences/PB.faa 
# Current dir:     /export/home/bio1901/Documents/29_BINP/OrthoSearch
# Date:            Sun Mar 15 17:42:11 2020
# [ok]
