#                                                                            --- full sequence --- -------------- this domain -------------   hmm coord   ali coord   env coord
# target name        accession   tlen query name           accession   qlen   E-value  score  bias   #  of  c-Evalue  i-Evalue  score  bias  from    to  from    to  from    to  acc description of target
#------------------- ---------- ----- -------------------- ---------- ----- --------- ------ ----- --- --- --------- --------- ------ ----- ----- ----- ----- ----- ----- ----- ---- ---------------------
2743_g               -            843 11831at5820          -            156   3.2e-10   37.9   0.1   1   3     1e-07   6.8e-05   20.5   0.0    57   114   447   505   431   520 0.88 length=843	scaffold=scaffold00647	strand=-
2743_g               -            843 11831at5820          -            156   3.2e-10   37.9   0.1   2   3   1.9e-05     0.013   13.2   0.0    54   111   546   604   538   639 0.89 length=843	scaffold=scaffold00647	strand=-
2743_g               -            843 11831at5820          -            156   3.2e-10   37.9   0.1   3   3       1.4   9.1e+02   -2.6   0.0    49    89   767   806   756   821 0.69 length=843	scaffold=scaffold00647	strand=-
3867_g               -            446 11831at5820          -            156     2e-06   25.5   5.5   1   4     0.022        15    3.2   0.0    49    84    54    89    12   109 0.73 length=446	scaffold=scaffold01456	strand=+
3867_g               -            446 11831at5820          -            156     2e-06   25.5   5.5   2   4     0.016        10    3.7   0.1    54    87   157   189   136   200 0.86 length=446	scaffold=scaffold01456	strand=+
3867_g               -            446 11831at5820          -            156     2e-06   25.5   5.5   3   4      0.48   3.2e+02   -1.1   0.1    22    52   208   240   197   273 0.47 length=446	scaffold=scaffold01456	strand=+
3867_g               -            446 11831at5820          -            156     2e-06   25.5   5.5   4   4   4.6e-07   0.00031   18.4   0.0    51   114   349   413   340   433 0.90 length=446	scaffold=scaffold01456	strand=+
3449_g               -            446 11831at5820          -            156   2.6e-06   25.1   1.0   1   2   0.00012      0.08   10.6   0.1    68   105   185   222   170   249 0.81 length=446	scaffold=scaffold01092	strand=+
3449_g               -            446 11831at5820          -            156   2.6e-06   25.1   1.0   2   2   2.5e-05     0.017   12.8   0.0    51    91   252   291   221   310 0.76 length=446	scaffold=scaffold01092	strand=+
1948_g               -            617 11831at5820          -            156   5.2e-06   24.2   0.9   1   5       4.9   3.2e+03   -4.4   3.1    10    46    12    47     1    55 0.62 length=617	scaffold=scaffold00345	strand=+
1948_g               -            617 11831at5820          -            156   5.2e-06   24.2   0.9   2   5   0.00019      0.13    9.9   0.0    54    93   108   147    98   157 0.86 length=617	scaffold=scaffold00345	strand=+
1948_g               -            617 11831at5820          -            156   5.2e-06   24.2   0.9   3   5   3.7e-06    0.0024   15.5   0.0    52   114   205   264   153   285 0.81 length=617	scaffold=scaffold00345	strand=+
1948_g               -            617 11831at5820          -            156   5.2e-06   24.2   0.9   4   5   3.5e-05     0.023   12.3   0.0    58   114   398   455   390   471 0.83 length=617	scaffold=scaffold00345	strand=+
1948_g               -            617 11831at5820          -            156   5.2e-06   24.2   0.9   5   5         6     4e+03   -7.1   5.0    28    28   570   570   535   608 0.57 length=617	scaffold=scaffold00345	strand=+
2361_g               -            671 11831at5820          -            156   2.3e-05   22.0   3.0   1   3      0.93   6.1e+02   -2.0   0.0    76    94   251   269   241   302 0.75 length=671	scaffold=scaffold00486	strand=-
2361_g               -            671 11831at5820          -            156   2.3e-05   22.0   3.0   2   3   3.5e-08   2.3e-05   22.0   3.0    14   111   422   531   416   548 0.82 length=671	scaffold=scaffold00486	strand=-
2361_g               -            671 11831at5820          -            156   2.3e-05   22.0   3.0   3   3      0.65   4.3e+02   -1.6   0.1    12    52   540   579   535   586 0.78 length=671	scaffold=scaffold00486	strand=-
3592_g               -            193 11831at5820          -            156   0.00043   18.0   1.2   1   2       1.3   8.6e+02   -2.5   0.3   101   121     5    25     2    30 0.74 length=193	scaffold=scaffold01208	strand=-
3592_g               -            193 11831at5820          -            156   0.00043   18.0   1.2   2   2   6.7e-07   0.00045   17.9   0.0    43    97   117   172    88   190 0.80 length=193	scaffold=scaffold01208	strand=-
#
# Program:         hmmsearch
# Version:         3.1b2 (February 2015)
# Pipeline mode:   SEARCH
# Query file:      /export/home/bio1901/Documents/29_BINP/OrthoSearch/busco_downloads/lineages/plasmodium_odb10/hmms/11831at5820.hmm
# Target file:     Results/1_GeneSequences/PB.faa
# Option settings: /home/users/bio1901/miniconda3/envs/busco/bin/hmmsearch --domtblout /export/home/bio1901/Documents/29_BINP/OrthoSearch/PB/run_plasmodium_odb10/hmmer_output/11831at5820.out --cpu 1 /export/home/bio1901/Documents/29_BINP/OrthoSearch/busco_downloads/lineages/plasmodium_odb10/hmms/11831at5820.hmm Results/1_GeneSequences/PB.faa 
# Current dir:     /export/home/bio1901/Documents/29_BINP/OrthoSearch
# Date:            Sun Mar 15 17:42:11 2020
# [ok]
