#                                                                            --- full sequence --- -------------- this domain -------------   hmm coord   ali coord   env coord
# target name        accession   tlen query name           accession   qlen   E-value  score  bias   #  of  c-Evalue  i-Evalue  score  bias  from    to  from    to  from    to  acc description of target
#------------------- ---------- ----- -------------------- ---------- ----- --------- ------ ----- --- --- --------- --------- ------ ----- ----- ----- ----- ----- ----- ----- ---- ---------------------
625_g                -           1720 11923at5820          -            253   1.4e-53  179.6  47.9   1   3         8     4e+03   -9.1   7.1    25    44  1144  1164  1113  1253 0.68 length=1720	scaffold=scaffold00064	strand=+	adjustedToFrame=3
625_g                -           1720 11923at5820          -            253   1.4e-53  179.6  47.9   2   3         8     4e+03  -12.2  14.0   179   240  1379  1442  1334  1446 0.47 length=1720	scaffold=scaffold00064	strand=+	adjustedToFrame=3
625_g                -           1720 11923at5820          -            253   1.4e-53  179.6  47.9   3   3   2.8e-56   1.4e-53  179.6  47.9    15   243  1432  1673  1412  1683 0.84 length=1720	scaffold=scaffold00064	strand=+	adjustedToFrame=3
3267_g               -            249 11923at5820          -            253   1.7e-10   38.5   3.2   1   2      0.27   1.3e+02   -0.5   1.1   106   141    21    57     7    74 0.63 length=249	scaffold=scaffold00955	strand=-
3267_g               -            249 11923at5820          -            253   1.7e-10   38.5   3.2   2   2   3.4e-13   1.7e-10   38.5   3.2    29   107    97   173    64   181 0.80 length=249	scaffold=scaffold00955	strand=-
1082_g               -            248 11923at5820          -            253   9.5e-07   26.2   0.1   1   1   3.1e-09   1.6e-06   25.5   0.1    47   105     8    68     2    73 0.86 length=248	scaffold=scaffold00136	strand=+
3003_g               -            377 11923at5820          -            253   3.2e-06   24.5   0.2   1   1   1.4e-08   7.1e-06   23.3   0.2    42   108    39   105    19   124 0.85 length=377	scaffold=scaffold00786	strand=-
709_g                -            571 11923at5820          -            253   5.6e-06   23.7   0.2   1   3   1.1e-08   5.6e-06   23.7   0.2    42   106    49   114    37   118 0.80 length=571	scaffold=scaffold00075	strand=-
709_g                -            571 11923at5820          -            253   5.6e-06   23.7   0.2   2   3      0.16        79    0.3   0.4   189   247   210   268   204   272 0.82 length=571	scaffold=scaffold00075	strand=-
709_g                -            571 11923at5820          -            253   5.6e-06   23.7   0.2   3   3      0.55   2.8e+02   -1.5   0.2    70   125   501   551   489   565 0.53 length=571	scaffold=scaffold00075	strand=-
721_g                -            127 11923at5820          -            253   1.1e-05   22.7  14.9   1   1   3.3e-08   1.6e-05   22.1  14.9    45   151     8   126     2   127 0.58 length=127	scaffold=scaffold00077	strand=-
2296_g               -            416 11923at5820          -            253   0.00036   17.7   0.4   1   2   7.3e-07   0.00036   17.7   0.4    43   106    20    80    15    89 0.85 length=416	scaffold=scaffold00459	strand=-
2296_g               -            416 11923at5820          -            253   0.00036   17.7   0.4   2   2      0.28   1.4e+02   -0.6   1.1   141   193   347   400   322   410 0.66 length=416	scaffold=scaffold00459	strand=-
2131_g               -            830 11923at5820          -            253     0.012   12.7   0.4   1   2      0.57   2.9e+02   -1.6   0.0    66    93   216   241   200   244 0.83 length=830	scaffold=scaffold00401	strand=-
2131_g               -            830 11923at5820          -            253     0.012   12.7   0.4   2   2   0.00018     0.092    9.9   0.1    99   118   720   739   710   750 0.89 length=830	scaffold=scaffold00401	strand=-
#
# Program:         hmmsearch
# Version:         3.1b2 (February 2015)
# Pipeline mode:   SEARCH
# Query file:      /export/home/bio1901/Documents/29_BINP/OrthoSearch/busco_downloads/lineages/plasmodium_odb10/hmms/11923at5820.hmm
# Target file:     Results/1_GeneSequences/PB.faa
# Option settings: /home/users/bio1901/miniconda3/envs/busco/bin/hmmsearch --domtblout /export/home/bio1901/Documents/29_BINP/OrthoSearch/PB/run_plasmodium_odb10/hmmer_output/11923at5820.out --cpu 1 /export/home/bio1901/Documents/29_BINP/OrthoSearch/busco_downloads/lineages/plasmodium_odb10/hmms/11923at5820.hmm Results/1_GeneSequences/PB.faa 
# Current dir:     /export/home/bio1901/Documents/29_BINP/OrthoSearch
# Date:            Sun Mar 15 17:42:15 2020
# [ok]
