#                                                                            --- full sequence --- -------------- this domain -------------   hmm coord   ali coord   env coord
# target name        accession   tlen query name           accession   qlen   E-value  score  bias   #  of  c-Evalue  i-Evalue  score  bias  from    to  from    to  from    to  acc description of target
#------------------- ---------- ----- -------------------- ---------- ----- --------- ------ ----- --- --- --------- --------- ------ ----- ----- ----- ----- ----- ----- ----- ---- ---------------------
1236_g               -           1139 11969at5820          -            217   3.4e-16   57.2   8.5   1   4   0.00043      0.43    7.9   0.0   129   174    19    65     9    76 0.81 length=1139	scaffold=scaffold00168	strand=-
1236_g               -           1139 11969at5820          -            217   3.4e-16   57.2   8.5   2   4   7.9e-07   0.00079   16.8   0.2    36    77   682   722   671   730 0.89 length=1139	scaffold=scaffold00168	strand=-
1236_g               -           1139 11969at5820          -            217   3.4e-16   57.2   8.5   3   4    0.0033       3.3    5.0   0.1     8    33   783   808   774   864 0.81 length=1139	scaffold=scaffold00168	strand=-
1236_g               -           1139 11969at5820          -            217   3.4e-16   57.2   8.5   4   4   3.3e-10   3.3e-07   27.8   0.6   136   200  1033  1103  1015  1124 0.77 length=1139	scaffold=scaffold00168	strand=-
3973_g               -            303 11969at5820          -            217   6.8e-09   33.4   6.6   1   4   0.00091      0.91    6.8   0.1     5    37    12    44     4    69 0.61 length=303	scaffold=scaffold01556	strand=+
3973_g               -            303 11969at5820          -            217   6.8e-09   33.4   6.6   2   4     2e-05      0.02   12.2   0.2   135   169   109   143    60   152 0.65 length=303	scaffold=scaffold01556	strand=+
3973_g               -            303 11969at5820          -            217   6.8e-09   33.4   6.6   3   4   1.7e-05     0.017   12.4   0.0    36   105   174   243   163   250 0.91 length=303	scaffold=scaffold01556	strand=+
3973_g               -            303 11969at5820          -            217   6.8e-09   33.4   6.6   4   4     0.027        27    2.0   0.1   172   203   254   285   247   300 0.69 length=303	scaffold=scaffold01556	strand=+
3050_g               -            332 11969at5820          -            217     1e-07   29.5   4.6   1   3    0.0031       3.1    5.1   0.0     7    44    31    68    24    76 0.66 length=332	scaffold=scaffold00817	strand=+
3050_g               -            332 11969at5820          -            217     1e-07   29.5   4.6   2   3   8.3e-08   8.3e-05   20.0   0.0    35   107    79   156    71   165 0.79 length=332	scaffold=scaffold00817	strand=+
3050_g               -            332 11969at5820          -            217     1e-07   29.5   4.6   3   3     0.017        17    2.7   1.3     8   169   233   255   164   296 0.54 length=332	scaffold=scaffold00817	strand=+
1112_g               -           1658 11969at5820          -            217   2.7e-05   21.6   2.1   1   2   2.3e-07   0.00023   18.6   0.6    29   105    48   132    26   145 0.77 length=1658	scaffold=scaffold00143	strand=-
1112_g               -           1658 11969at5820          -            217   2.7e-05   21.6   2.1   2   2      0.15   1.5e+02   -0.4   0.0    32    53   236   257   224   276 0.83 length=1658	scaffold=scaffold00143	strand=-
#
# Program:         hmmsearch
# Version:         3.1b2 (February 2015)
# Pipeline mode:   SEARCH
# Query file:      /export/home/bio1901/Documents/29_BINP/OrthoSearch/busco_downloads/lineages/plasmodium_odb10/hmms/11969at5820.hmm
# Target file:     Results/1_GeneSequences/PB.faa
# Option settings: /home/users/bio1901/miniconda3/envs/busco/bin/hmmsearch --domtblout /export/home/bio1901/Documents/29_BINP/OrthoSearch/PB/run_plasmodium_odb10/hmmer_output/11969at5820.out --cpu 1 /export/home/bio1901/Documents/29_BINP/OrthoSearch/busco_downloads/lineages/plasmodium_odb10/hmms/11969at5820.hmm Results/1_GeneSequences/PB.faa 
# Current dir:     /export/home/bio1901/Documents/29_BINP/OrthoSearch
# Date:            Sun Mar 15 17:42:17 2020
# [ok]
