#                                                                            --- full sequence --- -------------- this domain -------------   hmm coord   ali coord   env coord
# target name        accession   tlen query name           accession   qlen   E-value  score  bias   #  of  c-Evalue  i-Evalue  score  bias  from    to  from    to  from    to  acc description of target
#------------------- ---------- ----- -------------------- ---------- ----- --------- ------ ----- --- --- --------- --------- ------ ----- ----- ----- ----- ----- ----- ----- ---- ---------------------
961_g                -            376 12028at5820          -            181   4.2e-31  105.8   0.7   1   2   9.6e-34   4.2e-31  105.8   0.7    15   141    14   140     2   154 0.90 length=376	scaffold=scaffold00112	strand=-
961_g                -            376 12028at5820          -            181   4.2e-31  105.8   0.7   2   2      0.63   2.8e+02   -1.1   0.2    49    61   204   216   179   290 0.65 length=376	scaffold=scaffold00112	strand=-
1719_g               -            155 12028at5820          -            181   1.1e-19   68.7   0.0   1   1   2.5e-22   1.1e-19   68.6   0.0    41   145     6   110     1   152 0.93 length=155	scaffold=scaffold00279	strand=+
1799_g               -            219 12028at5820          -            181   1.6e-11   42.1   0.0   1   1   5.3e-14   2.4e-11   41.5   0.0     5   174    18   184    14   191 0.81 length=219	scaffold=scaffold00301	strand=-
1994_g               -            215 12028at5820          -            181   1.3e-08   32.5   0.1   1   1   4.1e-11   1.8e-08   32.0   0.1    19   100    11    97     6   171 0.81 length=215	scaffold=scaffold00359	strand=-
2603_g               -            524 12028at5820          -            181   1.6e-08   32.2   0.2   1   1   8.1e-11   3.6e-08   31.1   0.2    16   140   341   470   326   487 0.78 length=524	scaffold=scaffold00578	strand=+
521_g                -            816 12028at5820          -            181     1e-07   29.6   0.2   1   1   7.1e-10   3.1e-07   28.0   0.1    59   177   668   782   657   786 0.89 length=816	scaffold=scaffold00051	strand=-
3685_g               -            235 12028at5820          -            181   3.2e-06   24.8   1.4   1   2       1.2   5.4e+02   -2.1   0.0    77   114    29    65    25    78 0.65 length=235	scaffold=scaffold01289	strand=-	adjustedToFrame=2
3685_g               -            235 12028at5820          -            181   3.2e-06   24.8   1.4   2   2   7.5e-09   3.3e-06   24.7   0.3    51   135   112   198    90   224 0.75 length=235	scaffold=scaffold01289	strand=-	adjustedToFrame=2
1490_g               -            153 12028at5820          -            181   1.5e-05   22.6   1.4   1   1   1.5e-07   6.5e-05   20.5   1.4    46    94     4    54     1   126 0.74 length=153	scaffold=scaffold00225	strand=+
1581_g               -            214 12028at5820          -            181   3.2e-05   21.5   0.0   1   1   1.2e-07   5.2e-05   20.8   0.0    13    95   115   208   107   210 0.77 length=214	scaffold=scaffold00246	strand=-
#
# Program:         hmmsearch
# Version:         3.1b2 (February 2015)
# Pipeline mode:   SEARCH
# Query file:      /export/home/bio1901/Documents/29_BINP/OrthoSearch/busco_downloads/lineages/plasmodium_odb10/hmms/12028at5820.hmm
# Target file:     Results/1_GeneSequences/PB.faa
# Option settings: /home/users/bio1901/miniconda3/envs/busco/bin/hmmsearch --domtblout /export/home/bio1901/Documents/29_BINP/OrthoSearch/PB/run_plasmodium_odb10/hmmer_output/12028at5820.out --cpu 1 /export/home/bio1901/Documents/29_BINP/OrthoSearch/busco_downloads/lineages/plasmodium_odb10/hmms/12028at5820.hmm Results/1_GeneSequences/PB.faa 
# Current dir:     /export/home/bio1901/Documents/29_BINP/OrthoSearch
# Date:            Sun Mar 15 17:42:18 2020
# [ok]
