#                                                                            --- full sequence --- -------------- this domain -------------   hmm coord   ali coord   env coord
# target name        accession   tlen query name           accession   qlen   E-value  score  bias   #  of  c-Evalue  i-Evalue  score  bias  from    to  from    to  from    to  acc description of target
#------------------- ---------- ----- -------------------- ---------- ----- --------- ------ ----- --- --- --------- --------- ------ ----- ----- ----- ----- ----- ----- ----- ---- ---------------------
3685_g               -            235 12020at5820          -            161   4.2e-36  122.0   3.0   1   1   7.5e-39   4.2e-36  122.0   3.0     9   135   105   232    97   235 0.95 length=235	scaffold=scaffold01289	strand=-	adjustedToFrame=2
521_g                -            816 12020at5820          -            161   7.8e-32  108.1   0.7   1   2      0.19   1.1e+02    0.4   0.9    65   107   218   258   207   297 0.73 length=816	scaffold=scaffold00051	strand=-
521_g                -            816 12020at5820          -            161   7.8e-32  108.1   0.7   2   2   1.4e-34   7.8e-32  108.1   0.7    25   149   667   791   660   801 0.94 length=816	scaffold=scaffold00051	strand=-
1490_g               -            153 12020at5820          -            161   4.9e-26   89.3   7.3   1   1   5.7e-28   3.3e-25   86.6   7.3    14   144     7   126     3   144 0.90 length=153	scaffold=scaffold00225	strand=+
1994_g               -            215 12020at5820          -            161   6.6e-20   69.4   0.0   1   1   1.5e-22   8.8e-20   69.0   0.0     6   146    36   173    32   206 0.91 length=215	scaffold=scaffold00359	strand=-
87_g                 -            111 12020at5820          -            161   8.8e-16   56.0   0.3   1   1   1.7e-18   9.6e-16   55.8   0.3    39    99    45   105     8   110 0.93 length=111	scaffold=scaffold00004	strand=+
1581_g               -            214 12020at5820          -            161   4.1e-12   44.0   0.0   1   1   1.9e-14   1.1e-11   42.6   0.0     8    61   153   207   147   210 0.90 length=214	scaffold=scaffold00246	strand=-
1719_g               -            155 12020at5820          -            161   7.8e-05   20.4   0.0   1   1   1.7e-07   9.6e-05   20.1   0.0    28    96    26    95    17   120 0.87 length=155	scaffold=scaffold00279	strand=+
#
# Program:         hmmsearch
# Version:         3.1b2 (February 2015)
# Pipeline mode:   SEARCH
# Query file:      /export/home/bio1901/Documents/29_BINP/OrthoSearch/busco_downloads/lineages/plasmodium_odb10/hmms/12020at5820.hmm
# Target file:     Results/1_GeneSequences/PB.faa
# Option settings: /home/users/bio1901/miniconda3/envs/busco/bin/hmmsearch --domtblout /export/home/bio1901/Documents/29_BINP/OrthoSearch/PB/run_plasmodium_odb10/hmmer_output/12020at5820.out --cpu 1 /export/home/bio1901/Documents/29_BINP/OrthoSearch/busco_downloads/lineages/plasmodium_odb10/hmms/12020at5820.hmm Results/1_GeneSequences/PB.faa 
# Current dir:     /export/home/bio1901/Documents/29_BINP/OrthoSearch
# Date:            Sun Mar 15 17:42:18 2020
# [ok]
