#                                                                            --- full sequence --- -------------- this domain -------------   hmm coord   ali coord   env coord
# target name        accession   tlen query name           accession   qlen   E-value  score  bias   #  of  c-Evalue  i-Evalue  score  bias  from    to  from    to  from    to  acc description of target
#------------------- ---------- ----- -------------------- ---------- ----- --------- ------ ----- --- --- --------- --------- ------ ----- ----- ----- ----- ----- ----- ----- ---- ---------------------
2439_g               -            216 12072at5820          -            169   9.1e-81  267.6   1.7   1   1   1.5e-83   1.2e-80  267.1   1.7     4   165    10   177     7   184 0.91 length=216	scaffold=scaffold00513	strand=-
671_g                -            430 12072at5820          -            169   2.1e-22   77.6  13.6   1   3     6e-08   4.8e-05   21.1   1.5    36   127    49   142    10   162 0.73 length=430	scaffold=scaffold00070	strand=+
671_g                -            430 12072at5820          -            169   2.1e-22   77.6  13.6   2   3   2.4e-20   1.9e-17   61.5   2.0    14   126   169   284   161   292 0.86 length=430	scaffold=scaffold00070	strand=+
671_g                -            430 12072at5820          -            169   2.1e-22   77.6  13.6   3   3      0.14   1.1e+02    0.4   0.0    89   122   361   395   351   416 0.81 length=430	scaffold=scaffold00070	strand=+
2893_g               -            444 12072at5820          -            169   7.8e-21   72.5   0.0   1   2   2.4e-08   1.9e-05   22.4   0.0    61   104    37    80    31    95 0.90 length=444	scaffold=scaffold00726	strand=+
2893_g               -            444 12072at5820          -            169   7.8e-21   72.5   0.0   2   2     6e-16   4.8e-13   47.2   0.0    37   119   334   419   321   427 0.83 length=444	scaffold=scaffold00726	strand=+
1544_g               -            518 12072at5820          -            169   3.9e-12   44.2   6.7   1   3   1.9e-11   1.5e-08   32.5   0.7    14   122    30   143    14   171 0.70 length=518	scaffold=scaffold00238	strand=-
1544_g               -            518 12072at5820          -            169   3.9e-12   44.2   6.7   2   3      0.52   4.1e+02   -1.4   0.1   107   123   266   282   226   302 0.75 length=518	scaffold=scaffold00238	strand=-
1544_g               -            518 12072at5820          -            169   3.9e-12   44.2   6.7   3   3   1.4e-05     0.011   13.5   0.0    38    64   438   464   431   496 0.77 length=518	scaffold=scaffold00238	strand=-
156_g                -            561 12072at5820          -            169   4.8e-08   30.9   1.0   1   1   1.2e-10   9.8e-08   29.9   0.7    34   121   212   299   188   321 0.85 length=561	scaffold=scaffold00009	strand=+
#
# Program:         hmmsearch
# Version:         3.1b2 (February 2015)
# Pipeline mode:   SEARCH
# Query file:      /export/home/bio1901/Documents/29_BINP/OrthoSearch/busco_downloads/lineages/plasmodium_odb10/hmms/12072at5820.hmm
# Target file:     Results/1_GeneSequences/PB.faa
# Option settings: /home/users/bio1901/miniconda3/envs/busco/bin/hmmsearch --domtblout /export/home/bio1901/Documents/29_BINP/OrthoSearch/PB/run_plasmodium_odb10/hmmer_output/12072at5820.out --cpu 1 /export/home/bio1901/Documents/29_BINP/OrthoSearch/busco_downloads/lineages/plasmodium_odb10/hmms/12072at5820.hmm Results/1_GeneSequences/PB.faa 
# Current dir:     /export/home/bio1901/Documents/29_BINP/OrthoSearch
# Date:            Sun Mar 15 17:42:21 2020
# [ok]
