#                                                                            --- full sequence --- -------------- this domain -------------   hmm coord   ali coord   env coord
# target name        accession   tlen query name           accession   qlen   E-value  score  bias   #  of  c-Evalue  i-Evalue  score  bias  from    to  from    to  from    to  acc description of target
#------------------- ---------- ----- -------------------- ---------- ----- --------- ------ ----- --- --- --------- --------- ------ ----- ----- ----- ----- ----- ----- ----- ---- ---------------------
3867_g               -            446 12097at5820          -            172   2.4e-15   54.7  13.9   1   3   1.4e-09   7.9e-07   27.0   1.3    10   130    43   164    35   164 0.90 length=446	scaffold=scaffold01456	strand=+
3867_g               -            446 12097at5820          -            172   2.4e-15   54.7  13.9   2   3   5.9e-06    0.0034   15.2   1.1    32    96   159   229   156   268 0.73 length=446	scaffold=scaffold01456	strand=+
3867_g               -            446 12097at5820          -            172   2.4e-15   54.7  13.9   3   3   2.3e-08   1.3e-05   23.0   0.3    30   105   352   431   337   439 0.83 length=446	scaffold=scaffold01456	strand=+
2743_g               -            843 12097at5820          -            172   4.6e-09   34.2   1.9   1   3     0.013       7.1    4.3   0.1    29    88   443   506   427   520 0.72 length=843	scaffold=scaffold00647	strand=-
2743_g               -            843 12097at5820          -            172   4.6e-09   34.2   1.9   2   3   3.4e-06    0.0019   15.9   0.0    29   104   545   623   520   643 0.78 length=843	scaffold=scaffold00647	strand=-
2743_g               -            843 12097at5820          -            172   4.6e-09   34.2   1.9   3   3   8.3e-05     0.047   11.4   0.1    30    85   775   830   767   836 0.87 length=843	scaffold=scaffold00647	strand=-
1948_g               -            617 12097at5820          -            172   3.5e-08   31.4  19.2   1   5       1.6   9.2e+02   -2.5   0.1    63    78    16    31    12    80 0.77 length=617	scaffold=scaffold00345	strand=+
1948_g               -            617 12097at5820          -            172   3.5e-08   31.4  19.2   2   5   8.8e-05      0.05   11.3   0.1    30   127   111   211    88   212 0.78 length=617	scaffold=scaffold00345	strand=+
1948_g               -            617 12097at5820          -            172   3.5e-08   31.4  19.2   3   5   1.8e-05      0.01   13.6   0.0    32    94   209   278   204   294 0.81 length=617	scaffold=scaffold00345	strand=+
1948_g               -            617 12097at5820          -            172   3.5e-08   31.4  19.2   4   5   5.4e-08   3.1e-05   21.8   0.0    30    96   394   464   384   488 0.80 length=617	scaffold=scaffold00345	strand=+
1948_g               -            617 12097at5820          -            172   3.5e-08   31.4  19.2   5   5         7     4e+03   -7.6   6.1   120   120   572   572   528   603 0.62 length=617	scaffold=scaffold00345	strand=+
2817_g               -            153 12097at5820          -            172   1.6e-06   26.0   0.1   1   1   3.6e-09     2e-06   25.6   0.1    11    90     8    87     3   106 0.87 length=153	scaffold=scaffold00686	strand=+
3592_g               -            193 12097at5820          -            172   6.6e-05   20.7   1.4   1   2   3.2e-05     0.018   12.8   0.2    62   129    62   135    38   143 0.78 length=193	scaffold=scaffold01208	strand=-
3592_g               -            193 12097at5820          -            172   6.6e-05   20.7   1.4   2   2   1.5e-05    0.0085   13.8   0.1    11    78   114   181   110   192 0.80 length=193	scaffold=scaffold01208	strand=-
1409_g               -            380 12097at5820          -            172    0.0025   15.6   0.1   1   1   6.7e-06    0.0038   15.0   0.1    30   135    86   198    76   203 0.86 length=380	scaffold=scaffold00206	strand=+
3028_g               -           1329 12097at5820          -            172     0.042   11.6   6.0   1   2      0.28   1.6e+02   -0.1   0.2    10    57   838   888   829   923 0.60 length=1329	scaffold=scaffold00805	strand=+
3028_g               -           1329 12097at5820          -            172     0.042   11.6   6.0   2   2   3.2e-05     0.018   12.8   1.5    50   113  1246  1310  1243  1315 0.83 length=1329	scaffold=scaffold00805	strand=+
#
# Program:         hmmsearch
# Version:         3.1b2 (February 2015)
# Pipeline mode:   SEARCH
# Query file:      /export/home/bio1901/Documents/29_BINP/OrthoSearch/busco_downloads/lineages/plasmodium_odb10/hmms/12097at5820.hmm
# Target file:     Results/1_GeneSequences/PB.faa
# Option settings: /home/users/bio1901/miniconda3/envs/busco/bin/hmmsearch --domtblout /export/home/bio1901/Documents/29_BINP/OrthoSearch/PB/run_plasmodium_odb10/hmmer_output/12097at5820.out --cpu 1 /export/home/bio1901/Documents/29_BINP/OrthoSearch/busco_downloads/lineages/plasmodium_odb10/hmms/12097at5820.hmm Results/1_GeneSequences/PB.faa 
# Current dir:     /export/home/bio1901/Documents/29_BINP/OrthoSearch
# Date:            Sun Mar 15 17:42:21 2020
# [ok]
