#                                                                            --- full sequence --- -------------- this domain -------------   hmm coord   ali coord   env coord
# target name        accession   tlen query name           accession   qlen   E-value  score  bias   #  of  c-Evalue  i-Evalue  score  bias  from    to  from    to  from    to  acc description of target
#------------------- ---------- ----- -------------------- ---------- ----- --------- ------ ----- --- --- --------- --------- ------ ----- ----- ----- ----- ----- ----- ----- ---- ---------------------
1490_g               -            153 12100at5820          -            168   6.9e-64  212.8   8.0   1   1     2e-66   1.3e-63  211.9   8.0    45   168     7   141     3   141 0.88 length=153	scaffold=scaffold00225	strand=+
3685_g               -            235 12100at5820          -            168   8.7e-14   49.7   7.8   1   3      0.75     5e+02   -1.5   0.1    80   122    40    76    31    94 0.52 length=235	scaffold=scaffold01289	strand=-	adjustedToFrame=2
3685_g               -            235 12100at5820          -            168   8.7e-14   49.7   7.8   2   3   2.1e-08   1.4e-05   23.0   0.2    27    71    92   137    74   144 0.83 length=235	scaffold=scaffold01289	strand=-	adjustedToFrame=2
3685_g               -            235 12100at5820          -            168   8.7e-14   49.7   7.8   3   3   8.7e-11   5.8e-08   30.8   0.8    69   145   157   233   150   235 0.89 length=235	scaffold=scaffold01289	strand=-	adjustedToFrame=2
1994_g               -            215 12100at5820          -            168   9.6e-12   43.1   0.0   1   2   1.7e-09   1.2e-06   26.5   0.0    11    69    10    68     7    78 0.90 length=215	scaffold=scaffold00359	strand=-
1994_g               -            215 12100at5820          -            168   9.6e-12   43.1   0.0   2   2   7.7e-06    0.0051   14.7   0.0    68   156    89   174    70   182 0.85 length=215	scaffold=scaffold00359	strand=-
521_g                -            816 12100at5820          -            168   6.6e-09   33.9   0.4   1   4       1.5     1e+03   -2.6   4.7    84   124    44    83    26   125 0.73 length=816	scaffold=scaffold00051	strand=-
521_g                -            816 12100at5820          -            168   6.6e-09   33.9   0.4   2   4       5.6   3.7e+03   -4.4   2.8    89   152   220   281   180   294 0.54 length=816	scaffold=scaffold00051	strand=-
521_g                -            816 12100at5820          -            168   6.6e-09   33.9   0.4   3   4      0.26   1.7e+02   -0.0   0.1    56    70   667   681   602   693 0.68 length=816	scaffold=scaffold00051	strand=-
521_g                -            816 12100at5820          -            168   6.6e-09   33.9   0.4   4   4   9.9e-12   6.6e-09   33.9   0.4    68   149   701   782   691   801 0.84 length=816	scaffold=scaffold00051	strand=-
1581_g               -            214 12100at5820          -            168     2e-08   32.3   0.0   1   1   5.6e-11   3.7e-08   31.4   0.0     4    72   118   187   114   192 0.88 length=214	scaffold=scaffold00246	strand=-
87_g                 -            111 12100at5820          -            168   1.2e-06   26.5   0.7   1   2   5.8e-05     0.039   11.8   0.0     5    23     4    22     1    38 0.92 length=111	scaffold=scaffold00004	strand=+
87_g                 -            111 12100at5820          -            168   1.2e-06   26.5   0.7   2   2   1.4e-05    0.0091   13.9   0.1    69   110    66   106    46   111 0.85 length=111	scaffold=scaffold00004	strand=+
#
# Program:         hmmsearch
# Version:         3.1b2 (February 2015)
# Pipeline mode:   SEARCH
# Query file:      /export/home/bio1901/Documents/29_BINP/OrthoSearch/busco_downloads/lineages/plasmodium_odb10/hmms/12100at5820.hmm
# Target file:     Results/1_GeneSequences/PB.faa
# Option settings: /home/users/bio1901/miniconda3/envs/busco/bin/hmmsearch --domtblout /export/home/bio1901/Documents/29_BINP/OrthoSearch/PB/run_plasmodium_odb10/hmmer_output/12100at5820.out --cpu 1 /export/home/bio1901/Documents/29_BINP/OrthoSearch/busco_downloads/lineages/plasmodium_odb10/hmms/12100at5820.hmm Results/1_GeneSequences/PB.faa 
# Current dir:     /export/home/bio1901/Documents/29_BINP/OrthoSearch
# Date:            Sun Mar 15 17:42:21 2020
# [ok]
