#                                                                            --- full sequence --- -------------- this domain -------------   hmm coord   ali coord   env coord
# target name        accession   tlen query name           accession   qlen   E-value  score  bias   #  of  c-Evalue  i-Evalue  score  bias  from    to  from    to  from    to  acc description of target
#------------------- ---------- ----- -------------------- ---------- ----- --------- ------ ----- --- --- --------- --------- ------ ----- ----- ----- ----- ----- ----- ----- ---- ---------------------
1745_g               -            848 12151at5820          -            140   5.8e-08   30.8   0.1   1   2   7.5e-06     0.005   14.9   0.0    39    96    91   149    56   156 0.81 length=848	scaffold=scaffold00286	strand=+
1745_g               -            848 12151at5820          -            140   5.8e-08   30.8   0.1   2   2   3.5e-05     0.023   12.7   0.0    39    91   157   210   152   224 0.85 length=848	scaffold=scaffold00286	strand=+
3165_g               -           1665 12151at5820          -            140   1.9e-07   29.1   1.6   1   3       0.4   2.6e+02   -0.4   0.0    51    93   853   895   830   902 0.81 length=1665	scaffold=scaffold00889	strand=-
3165_g               -           1665 12151at5820          -            140   1.9e-07   29.1   1.6   2   3   1.6e-05     0.011   13.8   0.1    42    96  1267  1322  1260  1328 0.88 length=1665	scaffold=scaffold00889	strand=-
3165_g               -           1665 12151at5820          -            140   1.9e-07   29.1   1.6   3   3     8e-09   5.3e-06   24.5   0.3    41   129  1299  1394  1280  1404 0.74 length=1665	scaffold=scaffold00889	strand=-
302_g                -            401 12151at5820          -            140   2.5e-07   28.8   9.7   1   5      0.63   4.2e+02   -1.1   0.0    70    94    34    58    19    65 0.75 length=401	scaffold=scaffold00023	strand=+
302_g                -            401 12151at5820          -            140   2.5e-07   28.8   9.7   2   5   9.8e-06    0.0065   14.5   0.5    40    97    71   131    53   137 0.82 length=401	scaffold=scaffold00023	strand=+
302_g                -            401 12151at5820          -            140   2.5e-07   28.8   9.7   3   5   2.2e-05     0.014   13.4   0.7    40    95   139   195   133   203 0.82 length=401	scaffold=scaffold00023	strand=+
302_g                -            401 12151at5820          -            140   2.5e-07   28.8   9.7   4   5     0.029        19    3.2   0.0    71    94   206   229   196   234 0.85 length=401	scaffold=scaffold00023	strand=+
302_g                -            401 12151at5820          -            140   2.5e-07   28.8   9.7   5   5       1.5     1e+03   -2.3   0.0    82   104   280   303   250   313 0.68 length=401	scaffold=scaffold00023	strand=+
3571_g               -            336 12151at5820          -            140   1.3e-06   26.5   0.0   1   1   5.9e-09   3.9e-06   24.9   0.0    39    94   219   275   194   283 0.87 length=336	scaffold=scaffold01191	strand=-	adjustedToFrame=2
1004_g               -           1684 12151at5820          -            140   0.00013   20.0  13.2   1   5       3.2   2.1e+03   -3.4   0.2     4    26  1108  1130  1107  1133 0.88 length=1684	scaffold=scaffold00120	strand=+
1004_g               -           1684 12151at5820          -            140   0.00013   20.0  13.2   2   5      0.14        93    1.0   0.0    56    95  1185  1225  1174  1236 0.83 length=1684	scaffold=scaffold00120	strand=+
1004_g               -           1684 12151at5820          -            140   0.00013   20.0  13.2   3   5      0.08        53    1.8   0.1    44    98  1374  1432  1365  1473 0.77 length=1684	scaffold=scaffold00120	strand=+
1004_g               -           1684 12151at5820          -            140   0.00013   20.0  13.2   4   5   0.00066      0.44    8.6   0.2    68    97  1537  1566  1482  1573 0.71 length=1684	scaffold=scaffold00120	strand=+
1004_g               -           1684 12151at5820          -            140   0.00013   20.0  13.2   5   5     2e-05     0.013   13.5   0.6    40   123  1574  1654  1567  1671 0.77 length=1684	scaffold=scaffold00120	strand=+
595_g                -            584 12151at5820          -            140    0.0046   15.0   0.2   1   1   1.6e-05     0.011   13.8   0.2    44   112    29   110    15   126 0.72 length=584	scaffold=scaffold00059	strand=+
#
# Program:         hmmsearch
# Version:         3.1b2 (February 2015)
# Pipeline mode:   SEARCH
# Query file:      /export/home/bio1901/Documents/29_BINP/OrthoSearch/busco_downloads/lineages/plasmodium_odb10/hmms/12151at5820.hmm
# Target file:     Results/1_GeneSequences/PB.faa
# Option settings: /home/users/bio1901/miniconda3/envs/busco/bin/hmmsearch --domtblout /export/home/bio1901/Documents/29_BINP/OrthoSearch/PB/run_plasmodium_odb10/hmmer_output/12151at5820.out --cpu 1 /export/home/bio1901/Documents/29_BINP/OrthoSearch/busco_downloads/lineages/plasmodium_odb10/hmms/12151at5820.hmm Results/1_GeneSequences/PB.faa 
# Current dir:     /export/home/bio1901/Documents/29_BINP/OrthoSearch
# Date:            Sun Mar 15 17:42:24 2020
# [ok]
