#                                                                            --- full sequence --- -------------- this domain -------------   hmm coord   ali coord   env coord
# target name        accession   tlen query name           accession   qlen   E-value  score  bias   #  of  c-Evalue  i-Evalue  score  bias  from    to  from    to  from    to  acc description of target
#------------------- ---------- ----- -------------------- ---------- ----- --------- ------ ----- --- --- --------- --------- ------ ----- ----- ----- ----- ----- ----- ----- ---- ---------------------
2330_g               -           1377 1222at5820           -            964         0 1565.5 113.4   1   5  1.2e-145  2.3e-142  473.8  15.3     1   258     5   264     5   282 0.94 length=1377	scaffold=scaffold00473	strand=+
2330_g               -           1377 1222at5820           -            964         0 1565.5 113.4   2   5   8.9e-88   1.8e-84  282.2  18.9   249   418   345   512   340   527 0.96 length=1377	scaffold=scaffold00473	strand=+
2330_g               -           1377 1222at5820           -            964         0 1565.5 113.4   3   5   5.6e-50   1.1e-46  157.0  16.2   398   571   553   775   548   784 0.82 length=1377	scaffold=scaffold00473	strand=+
2330_g               -           1377 1222at5820           -            964         0 1565.5 113.4   4   5   2.8e-26   5.6e-23   78.6   3.3   567   644   878   972   870  1005 0.82 length=1377	scaffold=scaffold00473	strand=+
2330_g               -           1377 1222at5820           -            964         0 1565.5 113.4   5   5  1.1e-181  2.1e-178  593.0  27.9   641   964  1034  1373  1026  1373 0.96 length=1377	scaffold=scaffold00473	strand=+
2480_g               -            931 1222at5820           -            964   1.2e-07   27.8  21.4   1   2   1.3e-09   2.6e-06   23.5   0.4    94   161    91   158    84   187 0.91 length=931	scaffold=scaffold00529	strand=+	adjustedToFrame=3
2480_g               -            931 1222at5820           -            964   1.2e-07   27.8  21.4   2   2     9e-05      0.18    7.4  15.2   276   407   365   496   323   702 0.80 length=931	scaffold=scaffold00529	strand=+	adjustedToFrame=3
#
# Program:         hmmsearch
# Version:         3.1b2 (February 2015)
# Pipeline mode:   SEARCH
# Query file:      /export/home/bio1901/Documents/29_BINP/OrthoSearch/busco_downloads/lineages/plasmodium_odb10/hmms/1222at5820.hmm
# Target file:     Results/1_GeneSequences/PB.faa
# Option settings: /home/users/bio1901/miniconda3/envs/busco/bin/hmmsearch --domtblout /export/home/bio1901/Documents/29_BINP/OrthoSearch/PB/run_plasmodium_odb10/hmmer_output/1222at5820.out --cpu 1 /export/home/bio1901/Documents/29_BINP/OrthoSearch/busco_downloads/lineages/plasmodium_odb10/hmms/1222at5820.hmm Results/1_GeneSequences/PB.faa 
# Current dir:     /export/home/bio1901/Documents/29_BINP/OrthoSearch
# Date:            Sun Mar 15 17:42:46 2020
# [ok]
