#                                                                            --- full sequence --- -------------- this domain -------------   hmm coord   ali coord   env coord
# target name        accession   tlen query name           accession   qlen   E-value  score  bias   #  of  c-Evalue  i-Evalue  score  bias  from    to  from    to  from    to  acc description of target
#------------------- ---------- ----- -------------------- ---------- ----- --------- ------ ----- --- --- --------- --------- ------ ----- ----- ----- ----- ----- ----- ----- ---- ---------------------
1733_g               -            239 12423at5820          -            183   2.1e-82  273.1  13.6   1   2   1.1e-50   6.3e-48  160.8   6.9     4   114    12   122     9   132 0.90 length=239	scaffold=scaffold00282	strand=+
1733_g               -            239 12423at5820          -            183   2.1e-82  273.1  13.6   2   2   3.8e-37   2.1e-34  116.7   0.7    99   182   138   230   126   231 0.83 length=239	scaffold=scaffold00282	strand=+
733_g                -            865 12423at5820          -            183   2.7e-20   70.7   4.5   1   5   5.7e-06    0.0033   15.1   0.0     7    72    17    83    11   100 0.89 length=865	scaffold=scaffold00078	strand=+
733_g                -            865 12423at5820          -            183   2.7e-20   70.7   4.5   2   5   9.7e-08   5.5e-05   20.8   0.0     6    78   104   176    99   185 0.93 length=865	scaffold=scaffold00078	strand=+
733_g                -            865 12423at5820          -            183   2.7e-20   70.7   4.5   3   5   1.4e-06   0.00078   17.1   0.1     4    76   191   262   188   315 0.75 length=865	scaffold=scaffold00078	strand=+
733_g                -            865 12423at5820          -            183   2.7e-20   70.7   4.5   4   5      0.11        65    1.0   0.2    82   152   318   387   292   390 0.75 length=865	scaffold=scaffold00078	strand=+
733_g                -            865 12423at5820          -            183   2.7e-20   70.7   4.5   5   5   1.4e-05    0.0079   13.8   0.0     4    85   390   473   387   532 0.86 length=865	scaffold=scaffold00078	strand=+
1948_g               -            617 12423at5820          -            183   1.8e-14   51.8   0.0   1   3    0.0002      0.12   10.0   0.0     5    74    91   161    87   170 0.84 length=617	scaffold=scaffold00345	strand=+
1948_g               -            617 12423at5820          -            183   1.8e-14   51.8   0.0   2   3   1.2e-09   6.9e-07   27.0   0.0     3    79   188   268   186   283 0.83 length=617	scaffold=scaffold00345	strand=+
1948_g               -            617 12423at5820          -            183   1.8e-14   51.8   0.0   3   3   0.00014     0.081   10.5   0.0    29    89   401   463   374   472 0.72 length=617	scaffold=scaffold00345	strand=+
3867_g               -            446 12423at5820          -            183   4.2e-09   34.3   0.0   1   3      0.14        82    0.7   0.0   120   145    44    69     4   118 0.65 length=446	scaffold=scaffold01456	strand=+
3867_g               -            446 12423at5820          -            183   4.2e-09   34.3   0.0   2   3   2.4e-08   1.4e-05   22.8   0.0     6    68   141   203   137   222 0.93 length=446	scaffold=scaffold01456	strand=+
3867_g               -            446 12423at5820          -            183   4.2e-09   34.3   0.0   3   3     0.002       1.1    6.8   0.0    19    79   349   410   332   440 0.70 length=446	scaffold=scaffold01456	strand=+
3592_g               -            193 12423at5820          -            183   6.8e-09   33.6   0.4   1   2   3.3e-07   0.00019   19.1   0.1   102   151    96   145    61   150 0.91 length=193	scaffold=scaffold01208	strand=-
3592_g               -            193 12423at5820          -            183   6.8e-09   33.6   0.4   2   2   2.8e-05     0.016   12.8   0.0    43    80   151   188   145   191 0.90 length=193	scaffold=scaffold01208	strand=-
3449_g               -            446 12423at5820          -            183     9e-08   29.9   0.2   1   2   0.00063      0.36    8.4   0.0     7    65   157   215   152   232 0.79 length=446	scaffold=scaffold01092	strand=+
3449_g               -            446 12423at5820          -            183     9e-08   29.9   0.2   2   2   2.7e-07   0.00015   19.4   0.1     6    93   239   325   234   355 0.84 length=446	scaffold=scaffold01092	strand=+
3104_g               -            484 12423at5820          -            183   3.6e-05   21.4   0.1   1   2      0.19   1.1e+02    0.3   0.1    48    79    65    99    14   152 0.64 length=484	scaffold=scaffold00849	strand=-
3104_g               -            484 12423at5820          -            183   3.6e-05   21.4   0.1   2   2   7.1e-07   0.00041   18.0   0.0    13    83   405   475   394   482 0.82 length=484	scaffold=scaffold00849	strand=-
#
# Program:         hmmsearch
# Version:         3.1b2 (February 2015)
# Pipeline mode:   SEARCH
# Query file:      /export/home/bio1901/Documents/29_BINP/OrthoSearch/busco_downloads/lineages/plasmodium_odb10/hmms/12423at5820.hmm
# Target file:     Results/1_GeneSequences/PB.faa
# Option settings: /home/users/bio1901/miniconda3/envs/busco/bin/hmmsearch --domtblout /export/home/bio1901/Documents/29_BINP/OrthoSearch/PB/run_plasmodium_odb10/hmmer_output/12423at5820.out --cpu 1 /export/home/bio1901/Documents/29_BINP/OrthoSearch/busco_downloads/lineages/plasmodium_odb10/hmms/12423at5820.hmm Results/1_GeneSequences/PB.faa 
# Current dir:     /export/home/bio1901/Documents/29_BINP/OrthoSearch
# Date:            Sun Mar 15 17:42:58 2020
# [ok]
