#                                                                            --- full sequence --- -------------- this domain -------------   hmm coord   ali coord   env coord
# target name        accession   tlen query name           accession   qlen   E-value  score  bias   #  of  c-Evalue  i-Evalue  score  bias  from    to  from    to  from    to  acc description of target
#------------------- ---------- ----- -------------------- ---------- ----- --------- ------ ----- --- --- --------- --------- ------ ----- ----- ----- ----- ----- ----- ----- ---- ---------------------
2914_g               -           1551 1243at5820           -           1068         0 1292.4 109.9   1   7   1.1e-45   4.3e-42  141.7   1.8     1   147     1   154     1   171 0.88 length=1551	scaffold=scaffold00736	strand=-
2914_g               -           1551 1243at5820           -           1068         0 1292.4 109.9   2   7     4e-79   1.6e-75  252.4  29.9   103   420   199   529   181   539 0.78 length=1551	scaffold=scaffold00736	strand=-
2914_g               -           1551 1243at5820           -           1068         0 1292.4 109.9   3   7      0.27   1.1e+03   -5.3   6.8   375   463   540   632   535   658 0.65 length=1551	scaffold=scaffold00736	strand=-
2914_g               -           1551 1243at5820           -           1068         0 1292.4 109.9   4   7   1.9e-06    0.0077   11.7  11.9   376   463   665   758   621   763 0.64 length=1551	scaffold=scaffold00736	strand=-
2914_g               -           1551 1243at5820           -           1068         0 1292.4 109.9   5   7  2.5e-272    1e-268  892.1   3.7   432   889   796  1255   789  1266 0.93 length=1551	scaffold=scaffold00736	strand=-
2914_g               -           1551 1243at5820           -           1068         0 1292.4 109.9   6   7     6e-08   0.00024   16.7  11.2   895  1026  1296  1466  1283  1477 0.54 length=1551	scaffold=scaffold00736	strand=-
2914_g               -           1551 1243at5820           -           1068         0 1292.4 109.9   7   7   7.3e-06     0.029    9.8   6.7   981  1067  1456  1549  1443  1550 0.66 length=1551	scaffold=scaffold00736	strand=-
#
# Program:         hmmsearch
# Version:         3.1b2 (February 2015)
# Pipeline mode:   SEARCH
# Query file:      /export/home/bio1901/Documents/29_BINP/OrthoSearch/busco_downloads/lineages/plasmodium_odb10/hmms/1243at5820.hmm
# Target file:     Results/1_GeneSequences/PB.faa
# Option settings: /home/users/bio1901/miniconda3/envs/busco/bin/hmmsearch --domtblout /export/home/bio1901/Documents/29_BINP/OrthoSearch/PB/run_plasmodium_odb10/hmmer_output/1243at5820.out --cpu 1 /export/home/bio1901/Documents/29_BINP/OrthoSearch/busco_downloads/lineages/plasmodium_odb10/hmms/1243at5820.hmm Results/1_GeneSequences/PB.faa 
# Current dir:     /export/home/bio1901/Documents/29_BINP/OrthoSearch
# Date:            Sun Mar 15 17:42:59 2020
# [ok]
