#                                                                            --- full sequence --- -------------- this domain -------------   hmm coord   ali coord   env coord
# target name        accession   tlen query name           accession   qlen   E-value  score  bias   #  of  c-Evalue  i-Evalue  score  bias  from    to  from    to  from    to  acc description of target
#------------------- ---------- ----- -------------------- ---------- ----- --------- ------ ----- --- --- --------- --------- ------ ----- ----- ----- ----- ----- ----- ----- ---- ---------------------
961_g                -            376 12431at5820          -            150   1.4e-32  110.2   0.8   1   2   3.1e-35   1.4e-32  110.2   0.8     6   124    15   140    11   159 0.86 length=376	scaffold=scaffold00112	strand=-
961_g                -            376 12431at5820          -            150   1.4e-32  110.2   0.8   2   2      0.21        95    0.4   0.6    77   130   203   255   180   270 0.56 length=376	scaffold=scaffold00112	strand=-
1719_g               -            155 12431at5820          -            150   6.1e-11   39.9   0.0   1   1     2e-13   9.1e-11   39.4   0.0    28   112     6    95     1   151 0.89 length=155	scaffold=scaffold00279	strand=+
1994_g               -            215 12431at5820          -            150   1.2e-07   29.3   0.0   1   1   3.9e-10   1.7e-07   28.7   0.0     9   147    11   163     6   166 0.73 length=215	scaffold=scaffold00359	strand=-
1490_g               -            153 12431at5820          -            150   2.3e-07   28.3   1.2   1   1   9.6e-10   4.3e-07   27.4   1.2    34   148     5   119     2   121 0.69 length=153	scaffold=scaffold00225	strand=+
3685_g               -            235 12431at5820          -            150   1.1e-06   26.1   0.7   1   1   3.6e-09   1.6e-06   25.6   0.7    38   138   115   224    99   235 0.69 length=235	scaffold=scaffold01289	strand=-	adjustedToFrame=2
1799_g               -            219 12431at5820          -            150   6.6e-06   23.6   0.1   1   1   3.1e-08   1.4e-05   22.5   0.1     9   149    31   185    20   186 0.71 length=219	scaffold=scaffold00301	strand=-
2603_g               -            524 12431at5820          -            150     8e-06   23.3   0.1   1   1   4.9e-08   2.2e-05   21.9   0.1     6    86   341   427   337   467 0.80 length=524	scaffold=scaffold00578	strand=+
1581_g               -            214 12431at5820          -            150   0.00011   19.6   0.0   1   1   5.3e-07   0.00023   18.6   0.0     7    81   124   207   114   211 0.82 length=214	scaffold=scaffold00246	strand=-
32_g                 -            763 12431at5820          -            150    0.0057   14.1   1.5   1   1   3.4e-05     0.015   12.7   1.5     3    95   522   619   520   648 0.79 length=763	scaffold=scaffold00002	strand=+
#
# Program:         hmmsearch
# Version:         3.1b2 (February 2015)
# Pipeline mode:   SEARCH
# Query file:      /export/home/bio1901/Documents/29_BINP/OrthoSearch/busco_downloads/lineages/plasmodium_odb10/hmms/12431at5820.hmm
# Target file:     Results/1_GeneSequences/PB.faa
# Option settings: /home/users/bio1901/miniconda3/envs/busco/bin/hmmsearch --domtblout /export/home/bio1901/Documents/29_BINP/OrthoSearch/PB/run_plasmodium_odb10/hmmer_output/12431at5820.out --cpu 1 /export/home/bio1901/Documents/29_BINP/OrthoSearch/busco_downloads/lineages/plasmodium_odb10/hmms/12431at5820.hmm Results/1_GeneSequences/PB.faa 
# Current dir:     /export/home/bio1901/Documents/29_BINP/OrthoSearch
# Date:            Sun Mar 15 17:42:58 2020
# [ok]
