#                                                                            --- full sequence --- -------------- this domain -------------   hmm coord   ali coord   env coord
# target name        accession   tlen query name           accession   qlen   E-value  score  bias   #  of  c-Evalue  i-Evalue  score  bias  from    to  from    to  from    to  acc description of target
#------------------- ---------- ----- -------------------- ---------- ----- --------- ------ ----- --- --- --------- --------- ------ ----- ----- ----- ----- ----- ----- ----- ---- ---------------------
2596_g               -           1545 1244at5820           -           1042         0 1223.8 144.1   1   8   3.6e-59   1.4e-55  186.7  14.8     2   155     5   162     4   192 0.92 length=1545	scaffold=scaffold00575	strand=+
2596_g               -           1545 1244at5820           -           1042         0 1223.8 144.1   2   8   3.1e-56   1.3e-52  176.9  12.5   153   270   266   384   189   401 0.88 length=1545	scaffold=scaffold00575	strand=+
2596_g               -           1545 1244at5820           -           1042         0 1223.8 144.1   3   8   7.5e-19     3e-15   53.2   0.6   268   320   415   467   396   503 0.85 length=1545	scaffold=scaffold00575	strand=+
2596_g               -           1545 1244at5820           -           1042         0 1223.8 144.1   4   8   7.7e-61   3.1e-57  192.2  13.7   312   463   537   699   499   723 0.81 length=1545	scaffold=scaffold00575	strand=+
2596_g               -           1545 1244at5820           -           1042         0 1223.8 144.1   5   8   1.7e-79   6.8e-76  254.0  20.2   446   690   734   998   725  1020 0.86 length=1545	scaffold=scaffold00575	strand=+
2596_g               -           1545 1244at5820           -           1042         0 1223.8 144.1   6   8   3.5e-39   1.4e-35  120.5  21.5   641   816  1018  1214  1006  1226 0.75 length=1545	scaffold=scaffold00575	strand=+
2596_g               -           1545 1244at5820           -           1042         0 1223.8 144.1   7   8   2.1e-10   8.4e-07   25.2   3.0   804   864  1252  1318  1240  1341 0.77 length=1545	scaffold=scaffold00575	strand=+
2596_g               -           1545 1244at5820           -           1042         0 1223.8 144.1   8   8   6.3e-80   2.5e-76  255.4   6.3   860  1042  1352  1543  1332  1543 0.96 length=1545	scaffold=scaffold00575	strand=+
#
# Program:         hmmsearch
# Version:         3.1b2 (February 2015)
# Pipeline mode:   SEARCH
# Query file:      /export/home/bio1901/Documents/29_BINP/OrthoSearch/busco_downloads/lineages/plasmodium_odb10/hmms/1244at5820.hmm
# Target file:     Results/1_GeneSequences/PB.faa
# Option settings: /home/users/bio1901/miniconda3/envs/busco/bin/hmmsearch --domtblout /export/home/bio1901/Documents/29_BINP/OrthoSearch/PB/run_plasmodium_odb10/hmmer_output/1244at5820.out --cpu 1 /export/home/bio1901/Documents/29_BINP/OrthoSearch/busco_downloads/lineages/plasmodium_odb10/hmms/1244at5820.hmm Results/1_GeneSequences/PB.faa 
# Current dir:     /export/home/bio1901/Documents/29_BINP/OrthoSearch
# Date:            Sun Mar 15 17:43:01 2020
# [ok]
