#                                                                            --- full sequence --- -------------- this domain -------------   hmm coord   ali coord   env coord
# target name        accession   tlen query name           accession   qlen   E-value  score  bias   #  of  c-Evalue  i-Evalue  score  bias  from    to  from    to  from    to  acc description of target
#------------------- ---------- ----- -------------------- ---------- ----- --------- ------ ----- --- --- --------- --------- ------ ----- ----- ----- ----- ----- ----- ----- ---- ---------------------
1564_g               -            393 12457at5820          -            263   5.3e-53  177.6  53.6   1   4   5.6e-49   1.1e-45  153.6  12.0     1   156     1   153     1   157 0.88 length=393	scaffold=scaffold00242	strand=-
1564_g               -            393 12457at5820          -            263   5.3e-53  177.6  53.6   2   4         2     4e+03   -9.0  15.5   211   253   148   190   138   200 0.60 length=393	scaffold=scaffold00242	strand=-
1564_g               -            393 12457at5820          -            263   5.3e-53  177.6  53.6   3   4   1.2e-13   2.4e-10   37.8  33.6    48   188   189   338   182   341 0.57 length=393	scaffold=scaffold00242	strand=-
1564_g               -            393 12457at5820          -            263   5.3e-53  177.6  53.6   4   4     0.043        86   -0.1  15.9   224   260   338   374   336   392 0.77 length=393	scaffold=scaffold00242	strand=-
471_g                -            195 12457at5820          -            263    0.0092   12.9  18.5   1   3       0.9   1.8e+03   -4.4   9.0   225   260     8    42     3    48 0.50 length=195	scaffold=scaffold00043	strand=-
471_g                -            195 12457at5820          -            263    0.0092   12.9  18.5   2   3   2.6e-05     0.052   10.4   1.1    24    98    64   142    59   149 0.77 length=195	scaffold=scaffold00043	strand=-
471_g                -            195 12457at5820          -            263    0.0092   12.9  18.5   3   3   6.8e-06     0.014   12.3   0.0   171   208   151   187   141   192 0.78 length=195	scaffold=scaffold00043	strand=-
#
# Program:         hmmsearch
# Version:         3.1b2 (February 2015)
# Pipeline mode:   SEARCH
# Query file:      /export/home/bio1901/Documents/29_BINP/OrthoSearch/busco_downloads/lineages/plasmodium_odb10/hmms/12457at5820.hmm
# Target file:     Results/1_GeneSequences/PB.faa
# Option settings: /home/users/bio1901/miniconda3/envs/busco/bin/hmmsearch --domtblout /export/home/bio1901/Documents/29_BINP/OrthoSearch/PB/run_plasmodium_odb10/hmmer_output/12457at5820.out --cpu 1 /export/home/bio1901/Documents/29_BINP/OrthoSearch/busco_downloads/lineages/plasmodium_odb10/hmms/12457at5820.hmm Results/1_GeneSequences/PB.faa 
# Current dir:     /export/home/bio1901/Documents/29_BINP/OrthoSearch
# Date:            Sun Mar 15 17:43:02 2020
# [ok]
