#                                                                            --- full sequence --- -------------- this domain -------------   hmm coord   ali coord   env coord
# target name        accession   tlen query name           accession   qlen   E-value  score  bias   #  of  c-Evalue  i-Evalue  score  bias  from    to  from    to  from    to  acc description of target
#------------------- ---------- ----- -------------------- ---------- ----- --------- ------ ----- --- --- --------- --------- ------ ----- ----- ----- ----- ----- ----- ----- ---- ---------------------
2337_g               -            280 12559at5820          -            273   1.2e-68  229.4  48.0   1   1   6.7e-70   3.4e-67  224.7  48.0    34   273     1   279     1   279 0.82 length=280	scaffold=scaffold00474	strand=-	adjustedToFrame=2
3267_g               -            249 12559at5820          -            273   1.4e-07   29.2   2.2   1   2       2.1     1e+03   -3.2   0.2   193   209    21    37    12    71 0.50 length=249	scaffold=scaffold00955	strand=-
3267_g               -            249 12559at5820          -            273   1.4e-07   29.2   2.2   2   2   2.8e-10   1.4e-07   29.2   2.2    24    85   108   175    96   185 0.76 length=249	scaffold=scaffold00955	strand=-
1082_g               -            248 12559at5820          -            273   8.4e-07   26.6   0.3   1   1   2.7e-09   1.3e-06   26.0   0.3    26    84     5    71     1    75 0.77 length=248	scaffold=scaffold00136	strand=+
2296_g               -            416 12559at5820          -            273   2.7e-06   24.9   0.3   1   1   1.1e-08   5.6e-06   23.9   0.3    27    84    22    82    16    88 0.89 length=416	scaffold=scaffold00459	strand=-
3003_g               -            377 12559at5820          -            273     5e-06   24.1   0.9   1   1   2.1e-08   1.1e-05   23.0   0.9    24    82    39   103    34   109 0.80 length=377	scaffold=scaffold00786	strand=-
2807_g               -            663 12559at5820          -            273   1.2e-05   22.8   1.0   1   2   2.5e-08   1.2e-05   22.8   1.0    26    94   185   260   179   322 0.68 length=663	scaffold=scaffold00682	strand=-
2807_g               -            663 12559at5820          -            273   1.2e-05   22.8   1.0   2   2         8     4e+03   -6.0   3.3   234   250   614   630   602   651 0.48 length=663	scaffold=scaffold00682	strand=-
40_g                 -            737 12559at5820          -            273   0.00049   17.5   2.7   1   2   1.3e-06   0.00066   17.1   0.0    20    82    61   129    52   139 0.77 length=737	scaffold=scaffold00002	strand=-
40_g                 -            737 12559at5820          -            273   0.00049   17.5   2.7   2   2       2.4   1.2e+03   -3.4   1.0   235   260   702   727   692   735 0.71 length=737	scaffold=scaffold00002	strand=-
456_g                -            228 12559at5820          -            273     0.043   11.1  25.7   1   3     0.029        14    2.9   4.3   132   168    48    86    32    90 0.74 length=228	scaffold=scaffold00041	strand=+
456_g                -            228 12559at5820          -            273     0.043   11.1  25.7   2   3     0.055        28    1.9  13.1   117   178    66   131    62   147 0.49 length=228	scaffold=scaffold00041	strand=+
456_g                -            228 12559at5820          -            273     0.043   11.1  25.7   3   3   8.9e-06    0.0044   14.4   3.2    69   135   147   213   131   226 0.82 length=228	scaffold=scaffold00041	strand=+
#
# Program:         hmmsearch
# Version:         3.1b2 (February 2015)
# Pipeline mode:   SEARCH
# Query file:      /export/home/bio1901/Documents/29_BINP/OrthoSearch/busco_downloads/lineages/plasmodium_odb10/hmms/12559at5820.hmm
# Target file:     Results/1_GeneSequences/PB.faa
# Option settings: /home/users/bio1901/miniconda3/envs/busco/bin/hmmsearch --domtblout /export/home/bio1901/Documents/29_BINP/OrthoSearch/PB/run_plasmodium_odb10/hmmer_output/12559at5820.out --cpu 1 /export/home/bio1901/Documents/29_BINP/OrthoSearch/busco_downloads/lineages/plasmodium_odb10/hmms/12559at5820.hmm Results/1_GeneSequences/PB.faa 
# Current dir:     /export/home/bio1901/Documents/29_BINP/OrthoSearch
# Date:            Sun Mar 15 17:43:06 2020
# [ok]
