#                                                                            --- full sequence --- -------------- this domain -------------   hmm coord   ali coord   env coord
# target name        accession   tlen query name           accession   qlen   E-value  score  bias   #  of  c-Evalue  i-Evalue  score  bias  from    to  from    to  from    to  acc description of target
#------------------- ---------- ----- -------------------- ---------- ----- --------- ------ ----- --- --- --------- --------- ------ ----- ----- ----- ----- ----- ----- ----- ---- ---------------------
1612_g               -            127 12569at5820          -            174   5.3e-58  193.7   0.2   1   1   1.2e-60   6.1e-58  193.5   0.2     6   106     2   105     1   110 0.95 length=127	scaffold=scaffold00253	strand=+	adjustedToFrame=3
2744_g               -            165 12569at5820          -            174   1.9e-26   90.9   0.0   1   1   5.2e-29   2.6e-26   90.5   0.0    18   121    32   135    26   142 0.93 length=165	scaffold=scaffold00648	strand=-
1385_g               -            142 12569at5820          -            174   2.2e-23   81.0   0.2   1   1   4.9e-26   2.5e-23   80.8   0.2    25   119    38   132    11   139 0.88 length=142	scaffold=scaffold00202	strand=-
1746_g               -            211 12569at5820          -            174   2.5e-20   71.0   0.1   1   1   6.5e-23   3.3e-20   70.6   0.1    25   136    18   134     6   161 0.79 length=211	scaffold=scaffold00286	strand=-
1194_g               -            143 12569at5820          -            174   1.5e-19   68.5   0.0   1   1   3.4e-22   1.7e-19   68.3   0.0    21   120    22   123    13   141 0.89 length=143	scaffold=scaffold00159	strand=+	adjustedToFrame=3
1153_g               -            130 12569at5820          -            174   9.4e-18   62.6   0.1   1   1   2.1e-20   1.1e-17   62.4   0.1    55   109    18    71     7   109 0.81 length=130	scaffold=scaffold00152	strand=-
2827_g               -            214 12569at5820          -            174     4e-08   31.3   0.5   1   1     2e-10   9.9e-08   30.0   0.5     4   104    69   181    66   190 0.80 length=214	scaffold=scaffold00691	strand=+
3625_g               -            117 12569at5820          -            174   7.3e-06   23.9   0.1   1   1   1.7e-08   8.5e-06   23.7   0.1    21    81    32    93    22   113 0.81 length=117	scaffold=scaffold01234	strand=-	adjustedToFrame=3
#
# Program:         hmmsearch
# Version:         3.1b2 (February 2015)
# Pipeline mode:   SEARCH
# Query file:      /export/home/bio1901/Documents/29_BINP/OrthoSearch/busco_downloads/lineages/plasmodium_odb10/hmms/12569at5820.hmm
# Target file:     Results/1_GeneSequences/PB.faa
# Option settings: /home/users/bio1901/miniconda3/envs/busco/bin/hmmsearch --domtblout /export/home/bio1901/Documents/29_BINP/OrthoSearch/PB/run_plasmodium_odb10/hmmer_output/12569at5820.out --cpu 1 /export/home/bio1901/Documents/29_BINP/OrthoSearch/busco_downloads/lineages/plasmodium_odb10/hmms/12569at5820.hmm Results/1_GeneSequences/PB.faa 
# Current dir:     /export/home/bio1901/Documents/29_BINP/OrthoSearch
# Date:            Sun Mar 15 17:43:06 2020
# [ok]
