#                                                                            --- full sequence --- -------------- this domain -------------   hmm coord   ali coord   env coord
# target name        accession   tlen query name           accession   qlen   E-value  score  bias   #  of  c-Evalue  i-Evalue  score  bias  from    to  from    to  from    to  acc description of target
#------------------- ---------- ----- -------------------- ---------- ----- --------- ------ ----- --- --- --------- --------- ------ ----- ----- ----- ----- ----- ----- ----- ---- ---------------------
1501_g               -           1844 1258at5820           -           1250   1.7e-47  159.6 179.4   1  11    0.0009       3.6    2.9  19.8    21   111    12   103     9   107 0.78 length=1844	scaffold=scaffold00227	strand=+
1501_g               -           1844 1258at5820           -           1250   1.7e-47  159.6 179.4   2  11   0.00052       2.1    3.6  33.6    67   201   103   240    91   255 0.70 length=1844	scaffold=scaffold00227	strand=+
1501_g               -           1844 1258at5820           -           1250   1.7e-47  159.6 179.4   3  11   1.9e-36   7.5e-33  111.1  50.0   166   405   316   564   308   568 0.92 length=1844	scaffold=scaffold00227	strand=+
1501_g               -           1844 1258at5820           -           1250   1.7e-47  159.6 179.4   4  11      0.12   4.7e+02   -4.2   6.7    37    75   657   693   650   714 0.77 length=1844	scaffold=scaffold00227	strand=+
1501_g               -           1844 1258at5820           -           1250   1.7e-47  159.6 179.4   5  11   1.4e-11   5.7e-08   28.7  24.5   393   568   726   917   720   983 0.65 length=1844	scaffold=scaffold00227	strand=+
1501_g               -           1844 1258at5820           -           1250   1.7e-47  159.6 179.4   6  11      0.49     2e+03   -6.2  17.1   551   659  1070  1178  1057  1198 0.73 length=1844	scaffold=scaffold00227	strand=+
1501_g               -           1844 1258at5820           -           1250   1.7e-47  159.6 179.4   7  11   4.7e-13   1.9e-09   33.6  46.8   577   845  1170  1479  1157  1489 0.73 length=1844	scaffold=scaffold00227	strand=+
1501_g               -           1844 1258at5820           -           1250   1.7e-47  159.6 179.4   8  11         1     4e+03  -15.0  22.8    14    71  1524  1581  1513  1588 0.80 length=1844	scaffold=scaffold00227	strand=+
1501_g               -           1844 1258at5820           -           1250   1.7e-47  159.6 179.4   9  11   4.7e-09   1.9e-05   20.3   8.0   846   903  1585  1643  1582  1658 0.89 length=1844	scaffold=scaffold00227	strand=+
1501_g               -           1844 1258at5820           -           1250   1.7e-47  159.6 179.4  10  11         1     4e+03  -19.7  22.9    19    73  1692  1745  1673  1750 0.39 length=1844	scaffold=scaffold00227	strand=+
1501_g               -           1844 1258at5820           -           1250   1.7e-47  159.6 179.4  11  11   6.7e-12   2.7e-08   29.8  18.0   911   984  1748  1840  1737  1844 0.74 length=1844	scaffold=scaffold00227	strand=+
#
# Program:         hmmsearch
# Version:         3.1b2 (February 2015)
# Pipeline mode:   SEARCH
# Query file:      /export/home/bio1901/Documents/29_BINP/OrthoSearch/busco_downloads/lineages/plasmodium_odb10/hmms/1258at5820.hmm
# Target file:     Results/1_GeneSequences/PB.faa
# Option settings: /home/users/bio1901/miniconda3/envs/busco/bin/hmmsearch --domtblout /export/home/bio1901/Documents/29_BINP/OrthoSearch/PB/run_plasmodium_odb10/hmmer_output/1258at5820.out --cpu 1 /export/home/bio1901/Documents/29_BINP/OrthoSearch/busco_downloads/lineages/plasmodium_odb10/hmms/1258at5820.hmm Results/1_GeneSequences/PB.faa 
# Current dir:     /export/home/bio1901/Documents/29_BINP/OrthoSearch
# Date:            Sun Mar 15 17:43:10 2020
# [ok]
