#                                                                            --- full sequence --- -------------- this domain -------------   hmm coord   ali coord   env coord
# target name        accession   tlen query name           accession   qlen   E-value  score  bias   #  of  c-Evalue  i-Evalue  score  bias  from    to  from    to  from    to  acc description of target
#------------------- ---------- ----- -------------------- ---------- ----- --------- ------ ----- --- --- --------- --------- ------ ----- ----- ----- ----- ----- ----- ----- ---- ---------------------
2744_g               -            165 12598at5820          -            148   1.3e-73  243.5   0.0   1   1   3.4e-76   1.7e-73  243.1   0.0     3   141     4   142     2   150 0.96 length=165	scaffold=scaffold00648	strand=-
1385_g               -            142 12598at5820          -            148   1.1e-52  175.7   0.4   1   1   2.3e-55   1.2e-52  175.5   0.4     1   141     1   141     1   142 0.99 length=142	scaffold=scaffold00202	strand=-
1194_g               -            143 12598at5820          -            148   8.4e-32  107.9   0.0   1   1   1.9e-34   9.5e-32  107.7   0.0    28   143    16   133     1   137 0.91 length=143	scaffold=scaffold00159	strand=+	adjustedToFrame=3
1612_g               -            127 12598at5820          -            148   2.3e-27   93.4   0.2   1   1   5.9e-30   2.9e-27   93.1   0.2    31   119    16   105     8   113 0.94 length=127	scaffold=scaffold00253	strand=+	adjustedToFrame=3
1746_g               -            211 12598at5820          -            148   2.5e-20   70.7   0.0   1   1   6.6e-23   3.3e-20   70.2   0.0    38   146    18   128     8   130 0.91 length=211	scaffold=scaffold00286	strand=-
1153_g               -            130 12598at5820          -            148     2e-15   54.7   0.1   1   1   4.8e-18   2.4e-15   54.5   0.1    70   120    19    69    12   104 0.91 length=130	scaffold=scaffold00152	strand=-
2827_g               -            214 12598at5820          -            148   2.7e-11   41.3   0.5   1   1     2e-13   9.8e-11   39.5   0.5    35   117    87   181    78   189 0.82 length=214	scaffold=scaffold00691	strand=+
3625_g               -            117 12598at5820          -            148   4.4e-07   27.7   0.0   1   1   9.9e-10   4.9e-07   27.5   0.0    28    89    24    87     2   112 0.77 length=117	scaffold=scaffold01234	strand=-	adjustedToFrame=3
#
# Program:         hmmsearch
# Version:         3.1b2 (February 2015)
# Pipeline mode:   SEARCH
# Query file:      /export/home/bio1901/Documents/29_BINP/OrthoSearch/busco_downloads/lineages/plasmodium_odb10/hmms/12598at5820.hmm
# Target file:     Results/1_GeneSequences/PB.faa
# Option settings: /home/users/bio1901/miniconda3/envs/busco/bin/hmmsearch --domtblout /export/home/bio1901/Documents/29_BINP/OrthoSearch/PB/run_plasmodium_odb10/hmmer_output/12598at5820.out --cpu 1 /export/home/bio1901/Documents/29_BINP/OrthoSearch/busco_downloads/lineages/plasmodium_odb10/hmms/12598at5820.hmm Results/1_GeneSequences/PB.faa 
# Current dir:     /export/home/bio1901/Documents/29_BINP/OrthoSearch
# Date:            Sun Mar 15 17:43:10 2020
# [ok]
