#                                                                            --- full sequence --- -------------- this domain -------------   hmm coord   ali coord   env coord
# target name        accession   tlen query name           accession   qlen   E-value  score  bias   #  of  c-Evalue  i-Evalue  score  bias  from    to  from    to  from    to  acc description of target
#------------------- ---------- ----- -------------------- ---------- ----- --------- ------ ----- --- --- --------- --------- ------ ----- ----- ----- ----- ----- ----- ----- ---- ---------------------
461_g                -            630 12613at5820          -            173   6.5e-56  187.0  17.0   1   3       1.7   1.7e+03   -3.2   2.7   147   161   243   257   211   299 0.67 length=630	scaffold=scaffold00042	strand=+
461_g                -            630 12613at5820          -            173   6.5e-56  187.0  17.0   2   3   6.5e-59   6.5e-56  187.0  17.0     1   163   345   521   345   529 0.88 length=630	scaffold=scaffold00042	strand=+
461_g                -            630 12613at5820          -            173   6.5e-56  187.0  17.0   3   3       1.1   1.1e+03   -2.5   6.2    84   173   542   629   513   629 0.63 length=630	scaffold=scaffold00042	strand=+
3867_g               -            446 12613at5820          -            173     8e-08   30.5   4.8   1   3   0.00054      0.53    8.2   0.1    24    90    45   109    43   119 0.88 length=446	scaffold=scaffold01456	strand=+
3867_g               -            446 12613at5820          -            173     8e-08   30.5   4.8   2   3   1.3e-05     0.013   13.5   0.2    25    94   144   210   133   265 0.81 length=446	scaffold=scaffold01456	strand=+
3867_g               -            446 12613at5820          -            173     8e-08   30.5   4.8   3   3   0.00029      0.28    9.1   0.1    24   100   338   412   325   427 0.89 length=446	scaffold=scaffold01456	strand=+
733_g                -            865 12613at5820          -            173   3.1e-07   28.5   8.7   1   4   8.9e-05     0.089   10.8   0.0    24    94    18    86    13    95 0.84 length=865	scaffold=scaffold00078	strand=+
733_g                -            865 12613at5820          -            173   3.1e-07   28.5   8.7   2   4     0.023        23    2.9   0.1    19    93   101   172    87   176 0.81 length=865	scaffold=scaffold00078	strand=+
733_g                -            865 12613at5820          -            173   3.1e-07   28.5   8.7   3   4    0.0019       1.9    6.4   0.2    19    90   190   256   178   276 0.67 length=865	scaffold=scaffold00078	strand=+
733_g                -            865 12613at5820          -            173   3.1e-07   28.5   8.7   4   4   9.7e-05     0.097   10.7   0.2    20    93   389   460   374   469 0.80 length=865	scaffold=scaffold00078	strand=+
2817_g               -            153 12613at5820          -            173    0.0056   14.7   0.1   1   1   6.5e-06    0.0065   14.5   0.1    35    85    20    68     7   149 0.81 length=153	scaffold=scaffold00686	strand=+
#
# Program:         hmmsearch
# Version:         3.1b2 (February 2015)
# Pipeline mode:   SEARCH
# Query file:      /export/home/bio1901/Documents/29_BINP/OrthoSearch/busco_downloads/lineages/plasmodium_odb10/hmms/12613at5820.hmm
# Target file:     Results/1_GeneSequences/PB.faa
# Option settings: /home/users/bio1901/miniconda3/envs/busco/bin/hmmsearch --domtblout /export/home/bio1901/Documents/29_BINP/OrthoSearch/PB/run_plasmodium_odb10/hmmer_output/12613at5820.out --cpu 1 /export/home/bio1901/Documents/29_BINP/OrthoSearch/busco_downloads/lineages/plasmodium_odb10/hmms/12613at5820.hmm Results/1_GeneSequences/PB.faa 
# Current dir:     /export/home/bio1901/Documents/29_BINP/OrthoSearch
# Date:            Sun Mar 15 17:43:11 2020
# [ok]
