#                                                                            --- full sequence --- -------------- this domain -------------   hmm coord   ali coord   env coord
# target name        accession   tlen query name           accession   qlen   E-value  score  bias   #  of  c-Evalue  i-Evalue  score  bias  from    to  from    to  from    to  acc description of target
#------------------- ---------- ----- -------------------- ---------- ----- --------- ------ ----- --- --- --------- --------- ------ ----- ----- ----- ----- ----- ----- ----- ---- ---------------------
2722_g               -           3377 126at5820            -           2553         0 2321.5 364.3   1   9   4.5e-20   1.8e-16   56.2  22.5     4   148    14   171    11   219 0.76 length=3377	scaffold=scaffold00633	strand=+	adjustedToFrame=2
2722_g               -           3377 126at5820            -           2553         0 2321.5 364.3   2   9   1.3e-69   5.3e-66  220.5  66.5   126   495   203   584   190   588 0.85 length=3377	scaffold=scaffold00633	strand=+	adjustedToFrame=2
2722_g               -           3377 126at5820            -           2553         0 2321.5 364.3   3   9   4.1e-27   1.6e-23   79.5  24.2   498   657   678   868   639   876 0.81 length=3377	scaffold=scaffold00633	strand=+	adjustedToFrame=2
2722_g               -           3377 126at5820            -           2553         0 2321.5 364.3   4   9  2.6e-163    1e-159  531.4  48.6   649  1149   916  1475   902  1481 0.86 length=3377	scaffold=scaffold00633	strand=+	adjustedToFrame=2
2722_g               -           3377 126at5820            -           2553         0 2321.5 364.3   5   9   1.7e-29   6.7e-26   87.4   2.9  1127  1210  1565  1649  1541  1663 0.88 length=3377	scaffold=scaffold00633	strand=+	adjustedToFrame=2
2722_g               -           3377 126at5820            -           2553         0 2321.5 364.3   6   9  4.5e-156  1.8e-152  507.3  51.6  1207  1612  1728  2134  1718  2148 0.98 length=3377	scaffold=scaffold00633	strand=+	adjustedToFrame=2
2722_g               -           3377 126at5820            -           2553         0 2321.5 364.3   7   9  3.9e-133  1.5e-129  431.2  41.3  1604  2014  2335  2753  2322  2790 0.93 length=3377	scaffold=scaffold00633	strand=+	adjustedToFrame=2
2722_g               -           3377 126at5820            -           2553         0 2321.5 364.3   8   9   1.3e-08     5e-05   18.2   0.7  2007  2056  2825  2874  2804  2916 0.73 length=3377	scaffold=scaffold00633	strand=+	adjustedToFrame=2
2722_g               -           3377 126at5820            -           2553         0 2321.5 364.3   9   9  7.9e-134  3.2e-130  433.5  46.9  2084  2468  2968  3370  2955  3377 0.93 length=3377	scaffold=scaffold00633	strand=+	adjustedToFrame=2
#
# Program:         hmmsearch
# Version:         3.1b2 (February 2015)
# Pipeline mode:   SEARCH
# Query file:      /export/home/bio1901/Documents/29_BINP/OrthoSearch/busco_downloads/lineages/plasmodium_odb10/hmms/126at5820.hmm
# Target file:     Results/1_GeneSequences/PB.faa
# Option settings: /home/users/bio1901/miniconda3/envs/busco/bin/hmmsearch --domtblout /export/home/bio1901/Documents/29_BINP/OrthoSearch/PB/run_plasmodium_odb10/hmmer_output/126at5820.out --cpu 1 /export/home/bio1901/Documents/29_BINP/OrthoSearch/busco_downloads/lineages/plasmodium_odb10/hmms/126at5820.hmm Results/1_GeneSequences/PB.faa 
# Current dir:     /export/home/bio1901/Documents/29_BINP/OrthoSearch
# Date:            Sun Mar 15 17:43:14 2020
# [ok]
