#                                                                            --- full sequence --- -------------- this domain -------------   hmm coord   ali coord   env coord
# target name        accession   tlen query name           accession   qlen   E-value  score  bias   #  of  c-Evalue  i-Evalue  score  bias  from    to  from    to  from    to  acc description of target
#------------------- ---------- ----- -------------------- ---------- ----- --------- ------ ----- --- --- --------- --------- ------ ----- ----- ----- ----- ----- ----- ----- ---- ---------------------
109_g                -            145 12707at5820          -            166   7.5e-27   92.2   7.4   1   1   2.2e-29   8.9e-27   92.0   7.4    19   162     5   143     2   144 0.97 length=145	scaffold=scaffold00006	strand=-
3519_g               -            151 12707at5820          -            166   1.1e-23   82.0  10.5   1   2   2.9e-25   1.2e-22   78.6   3.9    16   116    29   129    15   129 0.94 length=151	scaffold=scaffold01152	strand=+
3519_g               -            151 12707at5820          -            166   1.1e-23   82.0  10.5   2   2   0.00036      0.14   10.0   0.7   129   154   126   151   124   151 0.93 length=151	scaffold=scaffold01152	strand=+
1881_g               -            152 12707at5820          -            166   3.3e-14   51.1   6.7   1   1   6.7e-16   2.7e-13   48.2   6.7    19   139    10   135     2   141 0.88 length=152	scaffold=scaffold00324	strand=+
3015_g               -            760 12707at5820          -            166     2e-12   45.3   2.1   1   1   1.2e-14   4.6e-12   44.1   2.1    20   161   609   750   602   754 0.87 length=760	scaffold=scaffold00797	strand=-	adjustedToFrame=3
1961_g               -            485 12707at5820          -            166   6.1e-08   30.7   2.9   1   1   3.3e-10   1.3e-07   29.7   2.9    23   163   341   483   334   484 0.73 length=485	scaffold=scaffold00349	strand=-
1515_g               -            257 12707at5820          -            166   1.5e-06   26.2  12.1   1   2    0.0038       1.5    6.7   0.6   101   141    14    54     4    71 0.65 length=257	scaffold=scaffold00230	strand=+
1515_g               -            257 12707at5820          -            166   1.5e-06   26.2  12.1   2   2   2.2e-08   8.8e-06   23.7   5.2     7   144    99   235    94   249 0.84 length=257	scaffold=scaffold00230	strand=+
2859_g               -            154 12707at5820          -            166   1.6e-05   22.9   8.8   1   1   1.5e-07     6e-05   21.0   8.7    21   156    22   153     8   154 0.85 length=154	scaffold=scaffold00708	strand=+
2376_g               -            462 12707at5820          -            166   0.00036   18.5   0.0   1   2       5.7   2.3e+03   -3.6   0.5   120   137    10    27     4    45 0.60 length=462	scaffold=scaffold00492	strand=-
2376_g               -            462 12707at5820          -            166   0.00036   18.5   0.0   2   2     9e-07   0.00036   18.5   0.0    22    80   381   439   370   455 0.88 length=462	scaffold=scaffold00492	strand=-
2525_g               -            204 12707at5820          -            166   0.00083   17.3   1.0   1   1   9.7e-06    0.0039   15.1   1.0    71   143   115   186    51   201 0.88 length=204	scaffold=scaffold00546	strand=+
2468_g               -            235 12707at5820          -            166    0.0058   14.5   7.7   1   1    0.0008      0.32    8.9   7.7    65   162   124   233    50   234 0.59 length=235	scaffold=scaffold00525	strand=+
#
# Program:         hmmsearch
# Version:         3.1b2 (February 2015)
# Pipeline mode:   SEARCH
# Query file:      /export/home/bio1901/Documents/29_BINP/OrthoSearch/busco_downloads/lineages/plasmodium_odb10/hmms/12707at5820.hmm
# Target file:     Results/1_GeneSequences/PB.faa
# Option settings: /home/users/bio1901/miniconda3/envs/busco/bin/hmmsearch --domtblout /export/home/bio1901/Documents/29_BINP/OrthoSearch/PB/run_plasmodium_odb10/hmmer_output/12707at5820.out --cpu 1 /export/home/bio1901/Documents/29_BINP/OrthoSearch/busco_downloads/lineages/plasmodium_odb10/hmms/12707at5820.hmm Results/1_GeneSequences/PB.faa 
# Current dir:     /export/home/bio1901/Documents/29_BINP/OrthoSearch
# Date:            Sun Mar 15 17:43:14 2020
# [ok]
