#                                                                            --- full sequence --- -------------- this domain -------------   hmm coord   ali coord   env coord
# target name        accession   tlen query name           accession   qlen   E-value  score  bias   #  of  c-Evalue  i-Evalue  score  bias  from    to  from    to  from    to  acc description of target
#------------------- ---------- ----- -------------------- ---------- ----- --------- ------ ----- --- --- --------- --------- ------ ----- ----- ----- ----- ----- ----- ----- ---- ---------------------
3466_g               -            783 12714at5820          -            145   4.1e-38  128.3  22.1   1   4      0.64   1.3e+03   -3.0   0.2    66    92    77   103    59   126 0.54 length=783	scaffold=scaffold01110	strand=-
3466_g               -            783 12714at5820          -            145   4.1e-38  128.3  22.1   2   4      0.11   2.2e+02   -0.6   0.2     4    29   486   511   483   518 0.80 length=783	scaffold=scaffold01110	strand=-
3466_g               -            783 12714at5820          -            145   4.1e-38  128.3  22.1   3   4   1.5e-24     3e-21   73.6   4.7     3    88   564   659   562   666 0.84 length=783	scaffold=scaffold01110	strand=-
3466_g               -            783 12714at5820          -            145   4.1e-38  128.3  22.1   4   4   2.9e-22   5.7e-19   66.2   0.5    84   144   697   759   666   760 0.80 length=783	scaffold=scaffold01110	strand=-
195_g                -            329 12714at5820          -            145       2.3    5.9  19.5   1   3   0.00037      0.74    7.5   3.9    73   135    93   153    75   157 0.76 length=329	scaffold=scaffold00013	strand=+
195_g                -            329 12714at5820          -            145       2.3    5.9  19.5   2   3    0.0012       2.3    5.9   1.5    99   135   153   189   151   192 0.88 length=329	scaffold=scaffold00013	strand=+
195_g                -            329 12714at5820          -            145       2.3    5.9  19.5   3   3     0.011        22    2.7   4.0   101   135   179   213   177   222 0.80 length=329	scaffold=scaffold00013	strand=+
#
# Program:         hmmsearch
# Version:         3.1b2 (February 2015)
# Pipeline mode:   SEARCH
# Query file:      /export/home/bio1901/Documents/29_BINP/OrthoSearch/busco_downloads/lineages/plasmodium_odb10/hmms/12714at5820.hmm
# Target file:     Results/1_GeneSequences/PB.faa
# Option settings: /home/users/bio1901/miniconda3/envs/busco/bin/hmmsearch --domtblout /export/home/bio1901/Documents/29_BINP/OrthoSearch/PB/run_plasmodium_odb10/hmmer_output/12714at5820.out --cpu 1 /export/home/bio1901/Documents/29_BINP/OrthoSearch/busco_downloads/lineages/plasmodium_odb10/hmms/12714at5820.hmm Results/1_GeneSequences/PB.faa 
# Current dir:     /export/home/bio1901/Documents/29_BINP/OrthoSearch
# Date:            Sun Mar 15 17:43:14 2020
# [ok]
