#                                                                            --- full sequence --- -------------- this domain -------------   hmm coord   ali coord   env coord
# target name        accession   tlen query name           accession   qlen   E-value  score  bias   #  of  c-Evalue  i-Evalue  score  bias  from    to  from    to  from    to  acc description of target
#------------------- ---------- ----- -------------------- ---------- ----- --------- ------ ----- --- --- --------- --------- ------ ----- ----- ----- ----- ----- ----- ----- ---- ---------------------
3934_g               -            343 12801at5820          -            151   3.2e-13   47.7  41.5   1   5    0.0011      0.71    7.6   1.7    78   126    25    72    13    75 0.82 length=343	scaffold=scaffold01519	strand=-
3934_g               -            343 12801at5820          -            151   3.2e-13   47.7  41.5   2   5   4.8e-10   3.2e-07   28.2  13.1    27   124    64   158    62   161 0.92 length=343	scaffold=scaffold01519	strand=-
3934_g               -            343 12801at5820          -            151   3.2e-13   47.7  41.5   3   5   9.3e-10   6.2e-07   27.3   8.7    21    98   102   176    95   178 0.91 length=343	scaffold=scaffold01519	strand=-
3934_g               -            343 12801at5820          -            151   3.2e-13   47.7  41.5   4   5   1.8e-06    0.0012   16.7   4.4    46   123   170   244   164   246 0.81 length=343	scaffold=scaffold01519	strand=-
3934_g               -            343 12801at5820          -            151   3.2e-13   47.7  41.5   5   5   0.00022      0.14    9.9   6.2    56   141   226   314   222   327 0.72 length=343	scaffold=scaffold01519	strand=-
1108_g               -            487 12801at5820          -            151   6.2e-07   27.3  36.0   1   3    0.0016         1    7.1   1.8    82   122   157   197   142   206 0.82 length=487	scaffold=scaffold00142	strand=+
1108_g               -            487 12801at5820          -            151   6.2e-07   27.3  36.0   2   3   7.5e-08     5e-05   21.1  11.3    30   117   215   303   201   312 0.79 length=487	scaffold=scaffold00142	strand=+
1108_g               -            487 12801at5820          -            151   6.2e-07   27.3  36.0   3   3   0.00047      0.31    8.8   7.8    64   143   318   401   311   409 0.76 length=487	scaffold=scaffold00142	strand=+
3883_g               -            283 12801at5820          -            151   3.4e-05   21.7   4.1   1   1     1e-07   6.7e-05   20.7   4.1    21   139    37   164    23   172 0.79 length=283	scaffold=scaffold01471	strand=-
576_g                -            484 12801at5820          -            151   0.00012   19.9  18.0   1   2    0.0047       3.1    5.6  12.8     1    82     1    85     1   138 0.72 length=484	scaffold=scaffold00057	strand=+
576_g                -            484 12801at5820          -            151   0.00012   19.9  18.0   2   2   2.2e-06    0.0015   16.3   0.2   101   148   153   200   135   203 0.87 length=484	scaffold=scaffold00057	strand=+
3347_g               -            897 12801at5820          -            151   0.00019   19.2  19.2   1   6       2.6   1.8e+03   -3.4   0.2   102   140    42    77    17    83 0.57 length=897	scaffold=scaffold01012	strand=+
3347_g               -            897 12801at5820          -            151   0.00019   19.2  19.2   2   6      0.22   1.5e+02    0.1  13.3    13   140   221   319   212   356 0.54 length=897	scaffold=scaffold01012	strand=+
3347_g               -            897 12801at5820          -            151   0.00019   19.2  19.2   3   6   0.00082      0.54    8.0   6.1    60   122   440   502   422   506 0.79 length=897	scaffold=scaffold01012	strand=+
3347_g               -            897 12801at5820          -            151   0.00019   19.2  19.2   4   6   2.9e-07   0.00019   19.2  19.2     7   140   478   610   476   620 0.86 length=897	scaffold=scaffold01012	strand=+
3347_g               -            897 12801at5820          -            151   0.00019   19.2  19.2   5   6     0.075        50    1.6   5.7    62    99   645   683   634   703 0.63 length=897	scaffold=scaffold01012	strand=+
3347_g               -            897 12801at5820          -            151   0.00019   19.2  19.2   6   6   6.5e-06    0.0043   14.8  13.4    40   144   726   826   706   830 0.73 length=897	scaffold=scaffold01012	strand=+
1107_g               -            541 12801at5820          -            151     0.004   14.9   0.3   1   1   1.9e-05     0.012   13.4   0.3    72   125   448   501   439   504 0.92 length=541	scaffold=scaffold00142	strand=+
#
# Program:         hmmsearch
# Version:         3.1b2 (February 2015)
# Pipeline mode:   SEARCH
# Query file:      /export/home/bio1901/Documents/29_BINP/OrthoSearch/busco_downloads/lineages/plasmodium_odb10/hmms/12801at5820.hmm
# Target file:     Results/1_GeneSequences/PB.faa
# Option settings: /home/users/bio1901/miniconda3/envs/busco/bin/hmmsearch --domtblout /export/home/bio1901/Documents/29_BINP/OrthoSearch/PB/run_plasmodium_odb10/hmmer_output/12801at5820.out --cpu 1 /export/home/bio1901/Documents/29_BINP/OrthoSearch/busco_downloads/lineages/plasmodium_odb10/hmms/12801at5820.hmm Results/1_GeneSequences/PB.faa 
# Current dir:     /export/home/bio1901/Documents/29_BINP/OrthoSearch
# Date:            Sun Mar 15 17:43:17 2020
# [ok]
