#                                                                            --- full sequence --- -------------- this domain -------------   hmm coord   ali coord   env coord
# target name        accession   tlen query name           accession   qlen   E-value  score  bias   #  of  c-Evalue  i-Evalue  score  bias  from    to  from    to  from    to  acc description of target
#------------------- ---------- ----- -------------------- ---------- ----- --------- ------ ----- --- --- --------- --------- ------ ----- ----- ----- ----- ----- ----- ----- ---- ---------------------
3519_g               -            151 12840at5820          -            154     3e-45  151.9  15.3   1   1   2.9e-45   1.2e-42  143.5  15.3     1   142    26   151    26   151 0.97 length=151	scaffold=scaffold01152	strand=+
109_g                -            145 12840at5820          -            154   7.6e-38  127.8  10.3   1   1   2.1e-40   8.4e-38  127.7  10.3     5   149     3   142     1   144 0.97 length=145	scaffold=scaffold00006	strand=-
1881_g               -            152 12840at5820          -            154   5.2e-18   63.4   9.3   1   1   2.3e-18   9.1e-16   56.1   9.3     7   148    10   136     3   141 0.94 length=152	scaffold=scaffold00324	strand=+
1961_g               -            485 12840at5820          -            154   3.7e-13   47.6   4.1   1   2       2.5     1e+03   -2.5   0.1    85    99    94   108    82   113 0.76 length=485	scaffold=scaffold00349	strand=-
1961_g               -            485 12840at5820          -            154   3.7e-13   47.6   4.1   2   2   9.3e-16   3.7e-13   47.6   4.1     7   149   337   481   333   484 0.84 length=485	scaffold=scaffold00349	strand=-
3015_g               -            760 12840at5820          -            154   9.3e-12   43.1   3.8   1   2       5.8   2.3e+03   -3.6   0.2    57    78    47    68    31    77 0.48 length=760	scaffold=scaffold00797	strand=-	adjustedToFrame=3
3015_g               -            760 12840at5820          -            154   9.3e-12   43.1   3.8   2   2   2.3e-14   9.3e-12   43.1   3.8     6   149   607   750   604   755 0.88 length=760	scaffold=scaffold00797	strand=-	adjustedToFrame=3
2525_g               -            204 12840at5820          -            154   3.5e-07   28.2   1.6   1   1   1.2e-09   4.8e-07   27.8   1.6    16   135    74   190    61   200 0.88 length=204	scaffold=scaffold00546	strand=+
2859_g               -            154 12840at5820          -            154   9.4e-07   26.9   6.6   1   1     3e-09   1.2e-06   26.5   6.6    39   135    48   144    18   154 0.82 length=154	scaffold=scaffold00708	strand=+
1515_g               -            257 12840at5820          -            154   5.2e-05   21.2   2.2   1   2     0.019       7.7    4.4   9.0    16   133    14    58     3   109 0.62 length=257	scaffold=scaffold00230	strand=+
1515_g               -            257 12840at5820          -            154   5.2e-05   21.2   2.2   2   2   1.3e-07   5.2e-05   21.2   2.2    63   146   166   249   113   255 0.78 length=257	scaffold=scaffold00230	strand=+
2238_g               -            136 12840at5820          -            154    0.0019   16.1   0.6   1   1   3.2e-05     0.013   13.4   0.6    13   144     6   129     2   134 0.84 length=136	scaffold=scaffold00435	strand=-
2376_g               -            462 12840at5820          -            154    0.0029   15.5   0.1   1   2       3.3   1.3e+03   -2.8   1.6   105   142    10    48     6    52 0.67 length=462	scaffold=scaffold00492	strand=-
2376_g               -            462 12840at5820          -            154    0.0029   15.5   0.1   2   2   7.3e-06    0.0029   15.5   0.1    14    68   385   439   373   458 0.79 length=462	scaffold=scaffold00492	strand=-
#
# Program:         hmmsearch
# Version:         3.1b2 (February 2015)
# Pipeline mode:   SEARCH
# Query file:      /export/home/bio1901/Documents/29_BINP/OrthoSearch/busco_downloads/lineages/plasmodium_odb10/hmms/12840at5820.hmm
# Target file:     Results/1_GeneSequences/PB.faa
# Option settings: /home/users/bio1901/miniconda3/envs/busco/bin/hmmsearch --domtblout /export/home/bio1901/Documents/29_BINP/OrthoSearch/PB/run_plasmodium_odb10/hmmer_output/12840at5820.out --cpu 1 /export/home/bio1901/Documents/29_BINP/OrthoSearch/busco_downloads/lineages/plasmodium_odb10/hmms/12840at5820.hmm Results/1_GeneSequences/PB.faa 
# Current dir:     /export/home/bio1901/Documents/29_BINP/OrthoSearch
# Date:            Sun Mar 15 17:43:18 2020
# [ok]
