#                                                                            --- full sequence --- -------------- this domain -------------   hmm coord   ali coord   env coord
# target name        accession   tlen query name           accession   qlen   E-value  score  bias   #  of  c-Evalue  i-Evalue  score  bias  from    to  from    to  from    to  acc description of target
#------------------- ---------- ----- -------------------- ---------- ----- --------- ------ ----- --- --- --------- --------- ------ ----- ----- ----- ----- ----- ----- ----- ---- ---------------------
3917_g               -           1019 1288at5820           -            801  1.8e-190  632.7  42.4   1   6   0.00077      0.62    5.8  25.8     6   115     5   119     2   152 0.66 length=1019	scaffold=scaffold01500	strand=-
3917_g               -           1019 1288at5820           -            801  1.8e-190  632.7  42.4   2   6   4.4e-09   3.5e-06   23.2   2.1    48    85   192   229   180   249 0.85 length=1019	scaffold=scaffold01500	strand=-
3917_g               -           1019 1288at5820           -            801  1.8e-190  632.7  42.4   3   6   8.9e-72   7.1e-69  230.5  11.0    76   205   273   402   267   422 0.94 length=1019	scaffold=scaffold01500	strand=-
3917_g               -           1019 1288at5820           -            801  1.8e-190  632.7  42.4   4   6         5     4e+03  -29.3  35.8    38   101   428   489   416   508 0.45 length=1019	scaffold=scaffold01500	strand=-
3917_g               -           1019 1288at5820           -            801  1.8e-190  632.7  42.4   5   6  1.1e-125  8.6e-123  408.8  13.7   204   432   571   803   553   818 0.92 length=1019	scaffold=scaffold01500	strand=-
3917_g               -           1019 1288at5820           -            801  1.8e-190  632.7  42.4   6   6         5     4e+03  -12.2   9.4    43    80   890   927   876   952 0.51 length=1019	scaffold=scaffold01500	strand=-
3924_g               -           1056 1288at5820           -            801   8.2e-71  236.9  37.1   1   5         5     4e+03  -31.3  43.2   477   595    74   217     6   292 0.49 length=1056	scaffold=scaffold01508	strand=-
3924_g               -           1056 1288at5820           -            801   8.2e-71  236.9  37.1   2   5      0.18   1.5e+02   -2.0   0.5    37    93   246   302   240   316 0.77 length=1056	scaffold=scaffold01508	strand=-
3924_g               -           1056 1288at5820           -            801   8.2e-71  236.9  37.1   3   5         5     4e+03  -15.1  16.3    15   104   323   415   310   474 0.53 length=1056	scaffold=scaffold01508	strand=-
3924_g               -           1056 1288at5820           -            801   8.2e-71  236.9  37.1   4   5         5     4e+03  -13.9  17.6    22    84   682   738   662   748 0.58 length=1056	scaffold=scaffold01508	strand=-
3924_g               -           1056 1288at5820           -            801   8.2e-71  236.9  37.1   5   5     1e-73   8.2e-71  236.9  37.1   525   801   746  1055   736  1055 0.83 length=1056	scaffold=scaffold01508	strand=-
61_g                 -            877 1288at5820           -            801   1.6e-14   50.8  17.5   1   5      0.55   4.4e+02   -3.6   0.4   534   575    14    56     7    69 0.53 length=877	scaffold=scaffold00003	strand=+
61_g                 -            877 1288at5820           -            801   1.6e-14   50.8  17.5   2   5       1.3   1.1e+03   -4.9   3.0    35   120   239   325   191   335 0.48 length=877	scaffold=scaffold00003	strand=+
61_g                 -            877 1288at5820           -            801   1.6e-14   50.8  17.5   3   5     2e-17   1.6e-14   50.8  17.5   108   316   418   616   353   632 0.80 length=877	scaffold=scaffold00003	strand=+
61_g                 -            877 1288at5820           -            801   1.6e-14   50.8  17.5   4   5       2.1   1.7e+03   -5.5   5.1   463   516   723   773   710   819 0.59 length=877	scaffold=scaffold00003	strand=+
61_g                 -            877 1288at5820           -            801   1.6e-14   50.8  17.5   5   5      0.46   3.6e+02   -3.3   4.1    18    73   780   837   764   854 0.67 length=877	scaffold=scaffold00003	strand=+
1961_g               -            485 1288at5820           -            801   1.2e-11   41.2   1.4   1   1   7.8e-14   6.2e-11   38.9   1.4   113   317    43   236    23   467 0.83 length=485	scaffold=scaffold00349	strand=-
2410_g               -            133 1288at5820           -            801   1.1e-06   24.9   0.0   1   1   1.4e-09   1.1e-06   24.8   0.0   244   323     1    79     1   110 0.89 length=133	scaffold=scaffold00503	strand=-
#
# Program:         hmmsearch
# Version:         3.1b2 (February 2015)
# Pipeline mode:   SEARCH
# Query file:      /export/home/bio1901/Documents/29_BINP/OrthoSearch/busco_downloads/lineages/plasmodium_odb10/hmms/1288at5820.hmm
# Target file:     Results/1_GeneSequences/PB.faa
# Option settings: /home/users/bio1901/miniconda3/envs/busco/bin/hmmsearch --domtblout /export/home/bio1901/Documents/29_BINP/OrthoSearch/PB/run_plasmodium_odb10/hmmer_output/1288at5820.out --cpu 1 /export/home/bio1901/Documents/29_BINP/OrthoSearch/busco_downloads/lineages/plasmodium_odb10/hmms/1288at5820.hmm Results/1_GeneSequences/PB.faa 
# Current dir:     /export/home/bio1901/Documents/29_BINP/OrthoSearch
# Date:            Sun Mar 15 17:43:19 2020
# [ok]
