#                                                                            --- full sequence --- -------------- this domain -------------   hmm coord   ali coord   env coord
# target name        accession   tlen query name           accession   qlen   E-value  score  bias   #  of  c-Evalue  i-Evalue  score  bias  from    to  from    to  from    to  acc description of target
#------------------- ---------- ----- -------------------- ---------- ----- --------- ------ ----- --- --- --------- --------- ------ ----- ----- ----- ----- ----- ----- ----- ---- ---------------------
1612_g               -            127 12951at5820          -            133   6.4e-27   92.0   0.1   1   1   1.5e-29   7.5e-27   91.7   0.1    17   113     7   103     1   108 0.93 length=127	scaffold=scaffold00253	strand=+	adjustedToFrame=3
1385_g               -            142 12951at5820          -            133   1.5e-25   87.6   0.1   1   1   3.3e-28   1.7e-25   87.4   0.1    24   123    29   127     4   135 0.88 length=142	scaffold=scaffold00202	strand=-
2744_g               -            165 12951at5820          -            133   2.2e-25   87.0   0.0   1   1   5.1e-28   2.5e-25   86.8   0.0    25   125    31   130     5   138 0.88 length=165	scaffold=scaffold00648	strand=-
1746_g               -            211 12951at5820          -            133   4.6e-20   69.8   0.0   1   1   1.4e-22   7.1e-20   69.2   0.0    20   125     5   111     2   118 0.93 length=211	scaffold=scaffold00286	strand=-
1194_g               -            143 12951at5820          -            133   7.8e-14   49.6   0.0   1   1     2e-16   9.8e-14   49.3   0.0    27   121    20   115    11   125 0.92 length=143	scaffold=scaffold00159	strand=+	adjustedToFrame=3
1153_g               -            130 12951at5820          -            133   1.9e-13   48.4   0.1   1   1   5.9e-16     3e-13   47.7   0.1    65   115    19    68     5    76 0.89 length=130	scaffold=scaffold00152	strand=-
2827_g               -            214 12951at5820          -            133   1.6e-07   29.2   0.6   1   1     9e-10   4.5e-07   27.7   0.6     1   113    58   181    58   205 0.78 length=214	scaffold=scaffold00691	strand=+
3625_g               -            117 12951at5820          -            133    0.0013   16.5   0.1   1   1     3e-06    0.0015   16.3   0.1    25    76    28    79     9    99 0.90 length=117	scaffold=scaffold01234	strand=-	adjustedToFrame=3
#
# Program:         hmmsearch
# Version:         3.1b2 (February 2015)
# Pipeline mode:   SEARCH
# Query file:      /export/home/bio1901/Documents/29_BINP/OrthoSearch/busco_downloads/lineages/plasmodium_odb10/hmms/12951at5820.hmm
# Target file:     Results/1_GeneSequences/PB.faa
# Option settings: /home/users/bio1901/miniconda3/envs/busco/bin/hmmsearch --domtblout /export/home/bio1901/Documents/29_BINP/OrthoSearch/PB/run_plasmodium_odb10/hmmer_output/12951at5820.out --cpu 1 /export/home/bio1901/Documents/29_BINP/OrthoSearch/busco_downloads/lineages/plasmodium_odb10/hmms/12951at5820.hmm Results/1_GeneSequences/PB.faa 
# Current dir:     /export/home/bio1901/Documents/29_BINP/OrthoSearch
# Date:            Sun Mar 15 17:43:23 2020
# [ok]
