#                                                                            --- full sequence --- -------------- this domain -------------   hmm coord   ali coord   env coord
# target name        accession   tlen query name           accession   qlen   E-value  score  bias   #  of  c-Evalue  i-Evalue  score  bias  from    to  from    to  from    to  acc description of target
#------------------- ---------- ----- -------------------- ---------- ----- --------- ------ ----- --- --- --------- --------- ------ ----- ----- ----- ----- ----- ----- ----- ---- ---------------------
659_g                -            370 12974at5820          -            164   1.9e-40  136.1 136.5   1   8   1.2e-11   9.3e-09   33.1  11.0    24   105     3    85     1    86 0.83 length=370	scaffold=scaffold00067	strand=-
659_g                -            370 12974at5820          -            164   1.9e-40  136.1 136.5   2   8     3e-14   2.4e-11   41.5   9.4    20    90    45   117    45   119 0.92 length=370	scaffold=scaffold00067	strand=-
659_g                -            370 12974at5820          -            164   1.9e-40  136.1 136.5   3   8   8.7e-09   6.9e-06   23.8   4.4    50    88   100   138   100   146 0.93 length=370	scaffold=scaffold00067	strand=-
659_g                -            370 12974at5820          -            164   1.9e-40  136.1 136.5   4   8   9.1e-08   7.3e-05   20.4   8.5    48   101   154   206   140   207 0.55 length=370	scaffold=scaffold00067	strand=-
659_g                -            370 12974at5820          -            164   1.9e-40  136.1 136.5   5   8   2.6e-14     2e-11   41.7  19.3    18   102   191   276   189   277 0.91 length=370	scaffold=scaffold00067	strand=-
659_g                -            370 12974at5820          -            164   1.9e-40  136.1 136.5   6   8   5.5e-11   4.4e-08   30.9  15.4    23    96   219   294   217   294 0.93 length=370	scaffold=scaffold00067	strand=-
659_g                -            370 12974at5820          -            164   1.9e-40  136.1 136.5   7   8   3.5e-08   2.8e-05   21.8   6.1    50    93   271   314   269   318 0.91 length=370	scaffold=scaffold00067	strand=-
659_g                -            370 12974at5820          -            164   1.9e-40  136.1 136.5   8   8   3.8e-07    0.0003   18.4   6.4    20    78   285   346   283   352 0.86 length=370	scaffold=scaffold00067	strand=-
1755_g               -            253 12974at5820          -            164   9.8e-17   59.0  27.9   1   3     7e-15   5.6e-12   43.6   5.4    48   139    54   145    46   149 0.84 length=253	scaffold=scaffold00289	strand=-
1755_g               -            253 12974at5820          -            164   9.8e-17   59.0  27.9   2   3   0.00025       0.2    9.2   7.9    51    92   149   190   145   196 0.88 length=253	scaffold=scaffold00289	strand=-
1755_g               -            253 12974at5820          -            164   9.8e-17   59.0  27.9   3   3   2.4e-06    0.0019   15.8   0.7    48    87   195   234   191   245 0.90 length=253	scaffold=scaffold00289	strand=-
3174_g               -            386 12974at5820          -            164   6.6e-14   49.8  22.6   1   3   2.5e-09     2e-06   25.5   4.7    47    93    43    89     4   108 0.85 length=386	scaffold=scaffold00896	strand=+
3174_g               -            386 12974at5820          -            164   6.6e-14   49.8  22.6   2   3         1   8.2e+02   -2.5   0.1    23    62   260   299   244   303 0.64 length=386	scaffold=scaffold00896	strand=+
3174_g               -            386 12974at5820          -            164   6.6e-14   49.8  22.6   3   3   1.4e-11   1.1e-08   32.9   6.0    46    88   331   373   325   380 0.90 length=386	scaffold=scaffold00896	strand=+
2942_g               -           1391 12974at5820          -            164     1e-12   45.9  37.1   1   7   3.7e-07    0.0003   18.4   0.3    49   108   187   246   181   251 0.87 length=1391	scaffold=scaffold00752	strand=-
2942_g               -           1391 12974at5820          -            164     1e-12   45.9  37.1   2   7   2.1e-11   1.7e-08   32.3  15.8    18   117   247   346   243   353 0.83 length=1391	scaffold=scaffold00752	strand=-
2942_g               -           1391 12974at5820          -            164     1e-12   45.9  37.1   3   7   8.1e-09   6.4e-06   23.9   7.6    48    96   347   396   342   406 0.86 length=1391	scaffold=scaffold00752	strand=-
2942_g               -           1391 12974at5820          -            164     1e-12   45.9  37.1   4   7       1.5   1.2e+03   -3.0   0.1    98   114   669   683   658   701 0.65 length=1391	scaffold=scaffold00752	strand=-
2942_g               -           1391 12974at5820          -            164     1e-12   45.9  37.1   5   7         5     4e+03   -4.9   2.3    15    60  1070  1116  1056  1130 0.50 length=1391	scaffold=scaffold00752	strand=-
2942_g               -           1391 12974at5820          -            164     1e-12   45.9  37.1   6   7       3.5   2.8e+03   -4.2   1.9    23    23  1272  1272  1223  1315 0.63 length=1391	scaffold=scaffold00752	strand=-
2942_g               -           1391 12974at5820          -            164     1e-12   45.9  37.1   7   7       3.5   2.8e+03   -4.2   0.4     7    30  1336  1359  1323  1368 0.74 length=1391	scaffold=scaffold00752	strand=-
2820_g               -           1404 12974at5820          -            164   2.3e-09   35.0  67.5   1   8   2.3e-11   1.8e-08   32.1  11.5    23   103   111   193   103   196 0.88 length=1404	scaffold=scaffold00687	strand=-	adjustedToFrame=3
2820_g               -           1404 12974at5820          -            164   2.3e-09   35.0  67.5   2   8   1.1e-06    0.0009   16.9   5.3    46    95   183   232   182   248 0.88 length=1404	scaffold=scaffold00687	strand=-	adjustedToFrame=3
2820_g               -           1404 12974at5820          -            164   2.3e-09   35.0  67.5   3   8   1.8e-06    0.0014   16.2  12.7    19    95   200   278   196   284 0.79 length=1404	scaffold=scaffold00687	strand=-	adjustedToFrame=3
2820_g               -           1404 12974at5820          -            164   2.3e-09   35.0  67.5   4   8   1.5e-06    0.0012   16.5  14.0    47    91   291   335   279   357 0.87 length=1404	scaffold=scaffold00687	strand=-	adjustedToFrame=3
2820_g               -           1404 12974at5820          -            164   2.3e-09   35.0  67.5   5   8       2.1   1.7e+03   -3.5   1.8    54    67   678   691   628   735 0.59 length=1404	scaffold=scaffold00687	strand=-	adjustedToFrame=3
2820_g               -           1404 12974at5820          -            164   2.3e-09   35.0  67.5   6   8      0.46   3.7e+02   -1.4   1.9     9    38  1125  1154  1111  1194 0.71 length=1404	scaffold=scaffold00687	strand=-	adjustedToFrame=3
2820_g               -           1404 12974at5820          -            164   2.3e-09   35.0  67.5   7   8      0.52   4.1e+02   -1.5   1.9    74    97  1224  1248  1216  1286 0.77 length=1404	scaffold=scaffold00687	strand=-	adjustedToFrame=3
2820_g               -           1404 12974at5820          -            164   2.3e-09   35.0  67.5   8   8       2.6   2.1e+03   -3.8   2.5    53    62  1356  1365  1303  1398 0.41 length=1404	scaffold=scaffold00687	strand=-	adjustedToFrame=3
#
# Program:         hmmsearch
# Version:         3.1b2 (February 2015)
# Pipeline mode:   SEARCH
# Query file:      /export/home/bio1901/Documents/29_BINP/OrthoSearch/busco_downloads/lineages/plasmodium_odb10/hmms/12974at5820.hmm
# Target file:     Results/1_GeneSequences/PB.faa
# Option settings: /home/users/bio1901/miniconda3/envs/busco/bin/hmmsearch --domtblout /export/home/bio1901/Documents/29_BINP/OrthoSearch/PB/run_plasmodium_odb10/hmmer_output/12974at5820.out --cpu 1 /export/home/bio1901/Documents/29_BINP/OrthoSearch/busco_downloads/lineages/plasmodium_odb10/hmms/12974at5820.hmm Results/1_GeneSequences/PB.faa 
# Current dir:     /export/home/bio1901/Documents/29_BINP/OrthoSearch
# Date:            Sun Mar 15 17:43:23 2020
# [ok]
