#                                                                            --- full sequence --- -------------- this domain -------------   hmm coord   ali coord   env coord
# target name        accession   tlen query name           accession   qlen   E-value  score  bias   #  of  c-Evalue  i-Evalue  score  bias  from    to  from    to  from    to  acc description of target
#------------------- ---------- ----- -------------------- ---------- ----- --------- ------ ----- --- --- --------- --------- ------ ----- ----- ----- ----- ----- ----- ----- ---- ---------------------
2280_g               -           1331 1301at5820           -           1082         0 1970.0  28.4   1   2         0         0 1135.3  14.9     7   648   145   826   139   853 0.93 length=1331	scaffold=scaffold00452	strand=-
2280_g               -           1331 1301at5820           -           1082         0 1970.0  28.4   2   2  2.6e-256  3.5e-253  840.8   5.8   642  1079   850  1312   836  1315 0.95 length=1331	scaffold=scaffold00452	strand=-
2016_g               -           1125 1301at5820           -           1082  2.4e-127  424.1  25.7   1   3   1.9e-58   2.5e-55  185.6   8.5    19   382    22   406     2   425 0.85 length=1125	scaffold=scaffold00365	strand=+
2016_g               -           1125 1301at5820           -           1082  2.4e-127  424.1  25.7   2   3   1.4e-75   1.8e-72  242.4   2.7   518   855   643   981   612  1027 0.86 length=1125	scaffold=scaffold00365	strand=+
2016_g               -           1125 1301at5820           -           1082  2.4e-127  424.1  25.7   3   3   0.00023       0.3    6.5   0.5  1013  1076  1049  1112  1031  1118 0.90 length=1125	scaffold=scaffold00365	strand=+
140_g                -           1501 1301at5820           -           1082     8e-12   41.6  11.9   1   5   0.00014      0.18    7.3   0.0   120   188   449   523   371   529 0.75 length=1501	scaffold=scaffold00008	strand=+
140_g                -           1501 1301at5820           -           1082     8e-12   41.6  11.9   2   5   0.00044      0.58    5.6   0.4   201   366   605   761   561   769 0.68 length=1501	scaffold=scaffold00008	strand=+
140_g                -           1501 1301at5820           -           1082     8e-12   41.6  11.9   3   5   0.00011      0.15    7.6   0.7   558   652   971  1062   951  1112 0.69 length=1501	scaffold=scaffold00008	strand=+
140_g                -           1501 1301at5820           -           1082     8e-12   41.6  11.9   4   5   5.8e-10   7.7e-07   25.1   0.1   669   740  1169  1239  1150  1247 0.82 length=1501	scaffold=scaffold00008	strand=+
140_g                -           1501 1301at5820           -           1082     8e-12   41.6  11.9   5   5     0.085   1.1e+02   -2.0   0.0   545   627  1285  1373  1264  1379 0.67 length=1501	scaffold=scaffold00008	strand=+
#
# Program:         hmmsearch
# Version:         3.1b2 (February 2015)
# Pipeline mode:   SEARCH
# Query file:      /export/home/bio1901/Documents/29_BINP/OrthoSearch/busco_downloads/lineages/plasmodium_odb10/hmms/1301at5820.hmm
# Target file:     Results/1_GeneSequences/PB.faa
# Option settings: /home/users/bio1901/miniconda3/envs/busco/bin/hmmsearch --domtblout /export/home/bio1901/Documents/29_BINP/OrthoSearch/PB/run_plasmodium_odb10/hmmer_output/1301at5820.out --cpu 1 /export/home/bio1901/Documents/29_BINP/OrthoSearch/busco_downloads/lineages/plasmodium_odb10/hmms/1301at5820.hmm Results/1_GeneSequences/PB.faa 
# Current dir:     /export/home/bio1901/Documents/29_BINP/OrthoSearch
# Date:            Sun Mar 15 17:43:26 2020
# [ok]
