#                                                                            --- full sequence --- -------------- this domain -------------   hmm coord   ali coord   env coord
# target name        accession   tlen query name           accession   qlen   E-value  score  bias   #  of  c-Evalue  i-Evalue  score  bias  from    to  from    to  from    to  acc description of target
#------------------- ---------- ----- -------------------- ---------- ----- --------- ------ ----- --- --- --------- --------- ------ ----- ----- ----- ----- ----- ----- ----- ---- ---------------------
3455_g               -           1640 1309at5820           -           1140         0 1352.2 189.0   1   3   5.2e-55   5.1e-52  174.6   2.4     1    92    56   147    56   163 0.94 length=1640	scaffold=scaffold01099	strand=-	adjustedToFrame=2
3455_g               -           1640 1309at5820           -           1140         0 1352.2 189.0   2   3  2.8e-243  2.8e-240  798.1 128.7    89   903   294  1174   290  1202 0.91 length=1640	scaffold=scaffold01099	strand=-	adjustedToFrame=2
3455_g               -           1640 1309at5820           -           1140         0 1352.2 189.0   3   3  3.9e-120  3.9e-117  390.2  43.4   738  1139  1201  1606  1179  1607 0.74 length=1640	scaffold=scaffold01099	strand=-	adjustedToFrame=2
819_g                -           1206 1309at5820           -           1140   1.5e-35  120.1  71.5   1   4   3.3e-23   3.3e-20   69.3   1.4    13   170     2   166     1   181 0.80 length=1206	scaffold=scaffold00091	strand=-	adjustedToFrame=2
819_g                -           1206 1309at5820           -           1140   1.5e-35  120.1  71.5   2   4       1.5   1.5e+03   -5.8  16.5   768   854   177   263   157   311 0.65 length=1206	scaffold=scaffold00091	strand=-	adjustedToFrame=2
819_g                -           1206 1309at5820           -           1140   1.5e-35  120.1  71.5   3   4         4     4e+03  -14.0  42.5   690   859   311   484   279   505 0.69 length=1206	scaffold=scaffold00091	strand=-	adjustedToFrame=2
819_g                -           1206 1309at5820           -           1140   1.5e-35  120.1  71.5   4   4   4.5e-22   4.5e-19   65.5  62.8   486  1121   510  1152   481  1158 0.70 length=1206	scaffold=scaffold00091	strand=-	adjustedToFrame=2
3241_g               -            958 1309at5820           -           1140   4.4e-24   82.1  19.7   1   6      0.42   4.2e+02   -3.9   8.9   442   555    14   135     1   146 0.69 length=958	scaffold=scaffold00940	strand=+	adjustedToFrame=2
3241_g               -            958 1309at5820           -           1140   4.4e-24   82.1  19.7   2   6         4     4e+03  -16.1  21.2   777   885   168   278   131   285 0.44 length=958	scaffold=scaffold00940	strand=+	adjustedToFrame=2
3241_g               -            958 1309at5820           -           1140   4.4e-24   82.1  19.7   3   6         4     4e+03  -12.6  25.7   257   356   309   409   274   415 0.66 length=958	scaffold=scaffold00940	strand=+	adjustedToFrame=2
3241_g               -            958 1309at5820           -           1140   4.4e-24   82.1  19.7   4   6         4     4e+03  -13.7  48.8   642   839   375   584   369   611 0.66 length=958	scaffold=scaffold00940	strand=+	adjustedToFrame=2
3241_g               -            958 1309at5820           -           1140   4.4e-24   82.1  19.7   5   6         4     4e+03   -8.7   9.0   968   994   604   630   552   635 0.44 length=958	scaffold=scaffold00940	strand=+	adjustedToFrame=2
3241_g               -            958 1309at5820           -           1140   4.4e-24   82.1  19.7   6   6   4.4e-27   4.4e-24   82.1  19.7   916  1137   714   947   661   950 0.87 length=958	scaffold=scaffold00940	strand=+	adjustedToFrame=2
3547_g               -           1214 1309at5820           -           1140   9.6e-09   31.3 150.1   1   1   8.4e-11   8.3e-08   28.2 150.1    25  1126     6  1185     2  1192 0.65 length=1214	scaffold=scaffold01172	strand=-	adjustedToFrame=2
#
# Program:         hmmsearch
# Version:         3.1b2 (February 2015)
# Pipeline mode:   SEARCH
# Query file:      /export/home/bio1901/Documents/29_BINP/OrthoSearch/busco_downloads/lineages/plasmodium_odb10/hmms/1309at5820.hmm
# Target file:     Results/1_GeneSequences/PB.faa
# Option settings: /home/users/bio1901/miniconda3/envs/busco/bin/hmmsearch --domtblout /export/home/bio1901/Documents/29_BINP/OrthoSearch/PB/run_plasmodium_odb10/hmmer_output/1309at5820.out --cpu 1 /export/home/bio1901/Documents/29_BINP/OrthoSearch/busco_downloads/lineages/plasmodium_odb10/hmms/1309at5820.hmm Results/1_GeneSequences/PB.faa 
# Current dir:     /export/home/bio1901/Documents/29_BINP/OrthoSearch
# Date:            Sun Mar 15 17:43:29 2020
# [ok]
