#                                                                            --- full sequence --- -------------- this domain -------------   hmm coord   ali coord   env coord
# target name        accession   tlen query name           accession   qlen   E-value  score  bias   #  of  c-Evalue  i-Evalue  score  bias  from    to  from    to  from    to  acc description of target
#------------------- ---------- ----- -------------------- ---------- ----- --------- ------ ----- --- --- --------- --------- ------ ----- ----- ----- ----- ----- ----- ----- ---- ---------------------
3652_g               -           1419 132at5820            -           2134   2.1e-24   82.9  39.8   1   6   1.1e-17   2.2e-14   49.7  18.7   844   960    51   173     4   186 0.75 length=1419	scaffold=scaffold01257	strand=-	adjustedToFrame=2
3652_g               -           1419 132at5820            -           2134   2.1e-24   82.9  39.8   2   6     2e-17   3.9e-14   48.8  13.1   946  1129   273   481   249   499 0.69 length=1419	scaffold=scaffold01257	strand=-	adjustedToFrame=2
3652_g               -           1419 132at5820            -           2134   2.1e-24   82.9  39.8   3   6         2     4e+03  -17.3  21.4  1340  1467   559   686   526   702 0.77 length=1419	scaffold=scaffold01257	strand=-	adjustedToFrame=2
3652_g               -           1419 132at5820            -           2134   2.1e-24   82.9  39.8   4   6     0.018        36   -0.8  10.4  1179  1259   714   798   694   809 0.78 length=1419	scaffold=scaffold01257	strand=-	adjustedToFrame=2
3652_g               -           1419 132at5820            -           2134   2.1e-24   82.9  39.8   5   6    0.0011       2.1    3.3  13.0  1243  1395   940  1109   922  1174 0.68 length=1419	scaffold=scaffold01257	strand=-	adjustedToFrame=2
3652_g               -           1419 132at5820            -           2134   2.1e-24   82.9  39.8   6   6         2     4e+03  -11.4  16.1  1383  1497  1277  1388  1258  1410 0.66 length=1419	scaffold=scaffold01257	strand=-	adjustedToFrame=2
3866_g               -           1197 132at5820            -           2134   1.9e-12   43.3   7.5   1   5   2.4e-06    0.0048   12.1   5.7    89   171    57   162    44   169 0.63 length=1197	scaffold=scaffold01455	strand=+	adjustedToFrame=2
3866_g               -           1197 132at5820            -           2134   1.9e-12   43.3   7.5   2   5     0.069   1.4e+02   -2.7   4.9   517   618   181   288   174   292 0.72 length=1197	scaffold=scaffold01455	strand=+	adjustedToFrame=2
3866_g               -           1197 132at5820            -           2134   1.9e-12   43.3   7.5   3   5   5.2e-07     0.001   14.3  26.8   160   245   375   456   330   482 0.68 length=1197	scaffold=scaffold01455	strand=+	adjustedToFrame=2
3866_g               -           1197 132at5820            -           2134   1.9e-12   43.3   7.5   4   5   9.4e-16   1.9e-12   43.3   7.5   226   323   532   630   522   637 0.82 length=1197	scaffold=scaffold01455	strand=+	adjustedToFrame=2
3866_g               -           1197 132at5820            -           2134   1.9e-12   43.3   7.5   5   5      0.34   6.8e+02   -5.0  29.2  1276  1484   891  1119   880  1163 0.66 length=1197	scaffold=scaffold01455	strand=+	adjustedToFrame=2
#
# Program:         hmmsearch
# Version:         3.1b2 (February 2015)
# Pipeline mode:   SEARCH
# Query file:      /export/home/bio1901/Documents/29_BINP/OrthoSearch/busco_downloads/lineages/plasmodium_odb10/hmms/132at5820.hmm
# Target file:     Results/1_GeneSequences/PB.faa
# Option settings: /home/users/bio1901/miniconda3/envs/busco/bin/hmmsearch --domtblout /export/home/bio1901/Documents/29_BINP/OrthoSearch/PB/run_plasmodium_odb10/hmmer_output/132at5820.out --cpu 1 /export/home/bio1901/Documents/29_BINP/OrthoSearch/busco_downloads/lineages/plasmodium_odb10/hmms/132at5820.hmm Results/1_GeneSequences/PB.faa 
# Current dir:     /export/home/bio1901/Documents/29_BINP/OrthoSearch
# Date:            Sun Mar 15 17:43:45 2020
# [ok]
