#                                                                            --- full sequence --- -------------- this domain -------------   hmm coord   ali coord   env coord
# target name        accession   tlen query name           accession   qlen   E-value  score  bias   #  of  c-Evalue  i-Evalue  score  bias  from    to  from    to  from    to  acc description of target
#------------------- ---------- ----- -------------------- ---------- ----- --------- ------ ----- --- --- --------- --------- ------ ----- ----- ----- ----- ----- ----- ----- ---- ---------------------
109_g                -            145 13322at5820          -            149   6.5e-91  299.9  10.2   1   1   2.4e-93   7.2e-91  299.8  10.2     1   149     1   144     1   144 0.99 length=145	scaffold=scaffold00006	strand=-
3015_g               -            760 13322at5820          -            149   1.1e-24   85.0   2.4   1   2       3.4   1.1e+03   -2.5   0.2    43    87   159   206   154   223 0.63 length=760	scaffold=scaffold00797	strand=-	adjustedToFrame=3
3015_g               -            760 13322at5820          -            149   1.1e-24   85.0   2.4   2   2   3.6e-27   1.1e-24   85.0   2.4     2   147   605   750   604   752 0.85 length=760	scaffold=scaffold00797	strand=-	adjustedToFrame=3
3519_g               -            151 13322at5820          -            149   1.2e-21   75.2   9.3   1   1   1.1e-23   3.5e-21   73.6   9.3     4   116    31   143    29   151 0.94 length=151	scaffold=scaffold01152	strand=+
1961_g               -            485 13322at5820          -            149   5.7e-21   73.0   3.3   1   1   7.8e-23   2.4e-20   70.9   3.3     2   148   334   482   328   483 0.83 length=485	scaffold=scaffold00349	strand=-
1515_g               -            257 13322at5820          -            149   1.1e-13   49.3   8.3   1   2   2.9e-06    0.0009   17.1   1.3     6    57     6    57     1    93 0.86 length=257	scaffold=scaffold00230	strand=+
1515_g               -            257 13322at5820          -            149   1.1e-13   49.3   8.3   2   2   3.9e-12   1.2e-09   36.2   0.9    15   142   121   247   108   252 0.86 length=257	scaffold=scaffold00230	strand=+
1881_g               -            152 13322at5820          -            149   2.1e-11   41.9   5.9   1   2   9.6e-12     3e-09   34.9   0.9     5    97    10   102     7   104 0.93 length=152	scaffold=scaffold00324	strand=+
1881_g               -            152 13322at5820          -            149   2.1e-11   41.9   5.9   2   2   0.00036      0.11   10.4   0.3   113   147   103   137   100   139 0.80 length=152	scaffold=scaffold00324	strand=+
2525_g               -            204 13322at5820          -            149   2.1e-09   35.5   0.5   1   1   9.2e-12   2.8e-09   35.0   0.5    14   144    74   199    67   203 0.86 length=204	scaffold=scaffold00546	strand=+
157_g                -            340 13322at5820          -            149   2.9e-09   35.0  14.3   1   2   1.5e-09   4.5e-07   27.9   7.8    13   143    59   193    48   198 0.86 length=340	scaffold=scaffold00009	strand=+
157_g                -            340 13322at5820          -            149   2.9e-09   35.0  14.3   2   2   0.00031     0.097   10.6   0.4    80   110   204   234   199   267 0.84 length=340	scaffold=scaffold00009	strand=+
2376_g               -            462 13322at5820          -            149   4.8e-09   34.3   0.0   1   1   3.6e-11   1.1e-08   33.1   0.0    70   140   371   440   365   449 0.92 length=462	scaffold=scaffold00492	strand=-
2238_g               -            136 13322at5820          -            149   7.5e-07   27.1   0.5   1   1   9.6e-09     3e-06   25.2   0.5    13   145     8   132     3   135 0.90 length=136	scaffold=scaffold00435	strand=-
2304_g               -            196 13322at5820          -            149   7.8e-07   27.1   0.1   1   1   3.9e-09   1.2e-06   26.5   0.1    18   143     5   130     2   133 0.86 length=196	scaffold=scaffold00462	strand=-	adjustedToFrame=2
3106_g               -            227 13322at5820          -            149   4.3e-06   24.7   0.4   1   1   2.4e-08   7.4e-06   23.9   0.1    85   148   159   221    78   222 0.84 length=227	scaffold=scaffold00850	strand=+	adjustedToFrame=2
1214_g               -            723 13322at5820          -            149    0.0026   15.6   1.9   1   2       5.1   1.6e+03   -3.1   0.1   101   112   345   356   325   383 0.60 length=723	scaffold=scaffold00163	strand=-
1214_g               -            723 13322at5820          -            149    0.0026   15.6   1.9   2   2   1.5e-05    0.0045   14.9   0.3    89   143   528   583   520   588 0.90 length=723	scaffold=scaffold00163	strand=-
#
# Program:         hmmsearch
# Version:         3.1b2 (February 2015)
# Pipeline mode:   SEARCH
# Query file:      /export/home/bio1901/Documents/29_BINP/OrthoSearch/busco_downloads/lineages/plasmodium_odb10/hmms/13322at5820.hmm
# Target file:     Results/1_GeneSequences/PB.faa
# Option settings: /home/users/bio1901/miniconda3/envs/busco/bin/hmmsearch --domtblout /export/home/bio1901/Documents/29_BINP/OrthoSearch/PB/run_plasmodium_odb10/hmmer_output/13322at5820.out --cpu 1 /export/home/bio1901/Documents/29_BINP/OrthoSearch/busco_downloads/lineages/plasmodium_odb10/hmms/13322at5820.hmm Results/1_GeneSequences/PB.faa 
# Current dir:     /export/home/bio1901/Documents/29_BINP/OrthoSearch
# Date:            Sun Mar 15 17:43:46 2020
# [ok]
