#                                                                            --- full sequence --- -------------- this domain -------------   hmm coord   ali coord   env coord
# target name        accession   tlen query name           accession   qlen   E-value  score  bias   #  of  c-Evalue  i-Evalue  score  bias  from    to  from    to  from    to  acc description of target
#------------------- ---------- ----- -------------------- ---------- ----- --------- ------ ----- --- --- --------- --------- ------ ----- ----- ----- ----- ----- ----- ----- ---- ---------------------
1616_g               -            115 13425at5820          -            164   1.5e-33  114.3  12.1   1   2   2.7e-29   7.6e-27   92.5   3.8     9    81    12    85     7    88 0.77 length=115	scaffold=scaffold00253	strand=+
1616_g               -            115 13425at5820          -            164   1.5e-33  114.3  12.1   2   2     5e-09   1.4e-06   26.6   4.1    40    78    74   112    61   115 0.84 length=115	scaffold=scaffold00253	strand=+
3267_g               -            249 13425at5820          -            164   1.8e-10   39.3   2.0   1   3       2.9   8.2e+02   -1.9   0.0     7    38    12    46     9    52 0.64 length=249	scaffold=scaffold00955	strand=-
3267_g               -            249 13425at5820          -            164   1.8e-10   39.3   2.0   2   3      0.44   1.3e+02    0.7   1.7    66    88    52    75    41    85 0.70 length=249	scaffold=scaffold00955	strand=-
3267_g               -            249 13425at5820          -            164   1.8e-10   39.3   2.0   3   3   6.2e-13   1.8e-10   39.3   2.0     2    91   111   196   110   209 0.83 length=249	scaffold=scaffold00955	strand=-
779_g                -            317 13425at5820          -            164   2.1e-10   39.1   1.0   1   2   7.3e-13   2.1e-10   39.1   1.0     2    75    53   123    52   160 0.84 length=317	scaffold=scaffold00085	strand=-
779_g                -            317 13425at5820          -            164   2.1e-10   39.1   1.0   2   2      0.26        74    1.5   0.8    12    59   237   284   227   315 0.70 length=317	scaffold=scaffold00085	strand=-
1082_g               -            248 13425at5820          -            164   8.1e-09   33.9   1.9   1   1   5.6e-11   1.6e-08   32.9   1.9     1    91     5    96     5   108 0.77 length=248	scaffold=scaffold00136	strand=+
3003_g               -            377 13425at5820          -            164   1.2e-08   33.3   0.5   1   1   9.8e-11   2.8e-08   32.1   0.5     3    77    43   119    41   135 0.80 length=377	scaffold=scaffold00786	strand=-
747_g                -            281 13425at5820          -            164   9.8e-08   30.4   3.3   1   2   3.5e-10   9.8e-08   30.4   3.3     2    57    44   101    43   143 0.89 length=281	scaffold=scaffold00080	strand=-
747_g                -            281 13425at5820          -            164   9.8e-08   30.4   3.3   2   2       0.6   1.7e+02    0.3   1.7    64    94   149   180   101   190 0.73 length=281	scaffold=scaffold00080	strand=-
2807_g               -            663 13425at5820          -            164   1.2e-07   30.1   0.7   1   3      0.65   1.8e+02    0.2   0.2    23    50    49    76    45   110 0.63 length=663	scaffold=scaffold00682	strand=-
2807_g               -            663 13425at5820          -            164   1.2e-07   30.1   0.7   2   3   4.2e-10   1.2e-07   30.1   0.7     2    56   186   240   185   254 0.92 length=663	scaffold=scaffold00682	strand=-
2807_g               -            663 13425at5820          -            164   1.2e-07   30.1   0.7   3   3     0.084        24    3.1   0.5    60    93   465   500   400   513 0.70 length=663	scaffold=scaffold00682	strand=-
40_g                 -            737 13425at5820          -            164   2.5e-07   29.0   0.0   1   3   8.9e-10   2.5e-07   29.0   0.0     4    68    70   131    67   157 0.81 length=737	scaffold=scaffold00002	strand=-
40_g                 -            737 13425at5820          -            164   2.5e-07   29.0   0.0   2   3       5.5   1.6e+03   -2.8   2.7    45    80   570   606   528   627 0.52 length=737	scaffold=scaffold00002	strand=-
40_g                 -            737 13425at5820          -            164   2.5e-07   29.0   0.0   3   3       5.6   1.6e+03   -2.8   1.2    62    96   698   732   645   734 0.68 length=737	scaffold=scaffold00002	strand=-
1749_g               -            473 13425at5820          -            164   4.7e-07   28.1   0.1   1   2   1.7e-09   4.7e-07   28.1   0.1     3    82     9    99     7   115 0.71 length=473	scaffold=scaffold00287	strand=-
1749_g               -            473 13425at5820          -            164   4.7e-07   28.1   0.1   2   2       4.9   1.4e+03   -2.7   3.5    16    78   236   295   228   326 0.68 length=473	scaffold=scaffold00287	strand=-
156_g                -            561 13425at5820          -            164   5.7e-07   27.9   0.3   1   3     2e-09   5.7e-07   27.9   0.3     1    88    48   133    48   146 0.75 length=561	scaffold=scaffold00009	strand=+
156_g                -            561 13425at5820          -            164   5.7e-07   27.9   0.3   2   3       1.3   3.8e+02   -0.8   1.3    65   135   280   349   268   371 0.74 length=561	scaffold=scaffold00009	strand=+
156_g                -            561 13425at5820          -            164   5.7e-07   27.9   0.3   3   3       2.5     7e+02   -1.7   0.2   127   153   464   492   407   499 0.64 length=561	scaffold=scaffold00009	strand=+
4001_g               -            499 13425at5820          -            164     2e-06   26.1   0.2   1   2   7.1e-09     2e-06   26.1   0.2     3    53   162   212   160   232 0.92 length=499	scaffold=scaffold01586	strand=+	adjustedToFrame=3
4001_g               -            499 13425at5820          -            164     2e-06   26.1   0.2   2   2       2.7   7.7e+02   -1.8   0.2    57    78   265   284   248   317 0.55 length=499	scaffold=scaffold01586	strand=+	adjustedToFrame=3
709_g                -            571 13425at5820          -            164   3.8e-06   25.2   0.1   1   2   1.3e-08   3.8e-06   25.2   0.1     4    59    54   110    51   119 0.87 length=571	scaffold=scaffold00075	strand=-
709_g                -            571 13425at5820          -            164   3.8e-06   25.2   0.1   2   2       1.4   4.1e+02   -0.9   3.5   102   125   143   166   132   172 0.62 length=571	scaffold=scaffold00075	strand=-
2296_g               -            416 13425at5820          -            164    0.0027   15.9   0.2   1   1   1.9e-05    0.0053   15.0   0.2     3    57    23    74    21    91 0.83 length=416	scaffold=scaffold00459	strand=-
721_g                -            127 13425at5820          -            164     0.032   12.4   9.3   1   1    0.0036         1    7.5   9.3     2    74     8    78     7   122 0.64 length=127	scaffold=scaffold00077	strand=-
#
# Program:         hmmsearch
# Version:         3.1b2 (February 2015)
# Pipeline mode:   SEARCH
# Query file:      /export/home/bio1901/Documents/29_BINP/OrthoSearch/busco_downloads/lineages/plasmodium_odb10/hmms/13425at5820.hmm
# Target file:     Results/1_GeneSequences/PB.faa
# Option settings: /home/users/bio1901/miniconda3/envs/busco/bin/hmmsearch --domtblout /export/home/bio1901/Documents/29_BINP/OrthoSearch/PB/run_plasmodium_odb10/hmmer_output/13425at5820.out --cpu 1 /export/home/bio1901/Documents/29_BINP/OrthoSearch/busco_downloads/lineages/plasmodium_odb10/hmms/13425at5820.hmm Results/1_GeneSequences/PB.faa 
# Current dir:     /export/home/bio1901/Documents/29_BINP/OrthoSearch
# Date:            Sun Mar 15 17:43:51 2020
# [ok]
