#                                                                            --- full sequence --- -------------- this domain -------------   hmm coord   ali coord   env coord
# target name        accession   tlen query name           accession   qlen   E-value  score  bias   #  of  c-Evalue  i-Evalue  score  bias  from    to  from    to  from    to  acc description of target
#------------------- ---------- ----- -------------------- ---------- ----- --------- ------ ----- --- --- --------- --------- ------ ----- ----- ----- ----- ----- ----- ----- ---- ---------------------
1129_g               -           1003 13550at5820          -            150   1.9e-26   90.6  85.9   1  11   2.4e-09   1.9e-06   25.7   2.8    72   133    74   137    67   139 0.86 length=1003	scaffold=scaffold00148	strand=+
1129_g               -           1003 13550at5820          -            150   1.9e-26   90.6  85.9   2  11   1.1e-12   8.5e-10   36.6   8.5    74   131   138   196   132   199 0.92 length=1003	scaffold=scaffold00148	strand=+
1129_g               -           1003 13550at5820          -            150   1.9e-26   90.6  85.9   3  11   7.1e-07   0.00056   17.7   0.9    74   131   198   257   193   266 0.83 length=1003	scaffold=scaffold00148	strand=+
1129_g               -           1003 13550at5820          -            150   1.9e-26   90.6  85.9   4  11   4.3e-07   0.00035   18.4   2.4    78   131   266   322   258   326 0.83 length=1003	scaffold=scaffold00148	strand=+
1129_g               -           1003 13550at5820          -            150   1.9e-26   90.6  85.9   5  11   2.3e-06    0.0018   16.0   0.9    74   135   325   391   319   401 0.80 length=1003	scaffold=scaffold00148	strand=+
1129_g               -           1003 13550at5820          -            150   1.9e-26   90.6  85.9   6  11    0.0015       1.2    6.9   0.2     7    93   501   584   496   601 0.71 length=1003	scaffold=scaffold00148	strand=+
1129_g               -           1003 13550at5820          -            150   1.9e-26   90.6  85.9   7  11     0.015        12    3.6   3.4    67   129   639   705   589   715 0.78 length=1003	scaffold=scaffold00148	strand=+
1129_g               -           1003 13550at5820          -            150   1.9e-26   90.6  85.9   8  11    0.0018       1.5    6.6   2.7    73   131   733   790   725   798 0.80 length=1003	scaffold=scaffold00148	strand=+
1129_g               -           1003 13550at5820          -            150   1.9e-26   90.6  85.9   9  11     0.037        30    2.4   9.0    36   128   755   849   746   855 0.72 length=1003	scaffold=scaffold00148	strand=+
1129_g               -           1003 13550at5820          -            150   1.9e-26   90.6  85.9  10  11      0.12        92    0.8   0.6    71    88   852   869   849   876 0.77 length=1003	scaffold=scaffold00148	strand=+
1129_g               -           1003 13550at5820          -            150   1.9e-26   90.6  85.9  11  11    0.0032       2.5    5.8   0.6    96   128   921   953   912   966 0.90 length=1003	scaffold=scaffold00148	strand=+
3689_g               -            495 13550at5820          -            150   1.7e-20   71.3  56.6   1   6   5.3e-12   4.3e-09   34.3  10.1    17   133    35   155    19   158 0.71 length=495	scaffold=scaffold01292	strand=-
3689_g               -            495 13550at5820          -            150   1.7e-20   71.3  56.6   2   6   5.1e-08   4.1e-05   21.4   5.2    63   130   151   221   150   231 0.87 length=495	scaffold=scaffold01292	strand=-
3689_g               -            495 13550at5820          -            150   1.7e-20   71.3  56.6   3   6     1e-05    0.0081   13.9   6.2    79   124   231   278   219   286 0.79 length=495	scaffold=scaffold01292	strand=-
3689_g               -            495 13550at5820          -            150   1.7e-20   71.3  56.6   4   6   4.4e-06    0.0035   15.1   5.7    67   128   284   345   277   350 0.81 length=495	scaffold=scaffold01292	strand=-
3689_g               -            495 13550at5820          -            150   1.7e-20   71.3  56.6   5   6    0.0034       2.7    5.8   0.7    67   110   345   388   344   397 0.74 length=495	scaffold=scaffold01292	strand=-
3689_g               -            495 13550at5820          -            150   1.7e-20   71.3  56.6   6   6     0.012       9.9    3.9   1.6    96   129   409   442   367   453 0.80 length=495	scaffold=scaffold01292	strand=-
2994_g               -            514 13550at5820          -            150   7.3e-12   43.3  40.6   1   5   1.1e-05     0.009   13.8   2.3    56   129   145   209   101   214 0.79 length=514	scaffold=scaffold00781	strand=+
2994_g               -            514 13550at5820          -            150   7.3e-12   43.3  40.6   2   5   4.3e-09   3.4e-06   24.9   5.4    71   127   215   270   207   270 0.89 length=514	scaffold=scaffold00781	strand=+
2994_g               -            514 13550at5820          -            150   7.3e-12   43.3  40.6   3   5   0.00048      0.39    8.5   0.8    67    89   271   293   271   310 0.85 length=514	scaffold=scaffold00781	strand=+
2994_g               -            514 13550at5820          -            150   7.3e-12   43.3  40.6   4   5   0.00011     0.087   10.6   2.3    73   127   355   412   343   416 0.78 length=514	scaffold=scaffold00781	strand=+
2994_g               -            514 13550at5820          -            150   7.3e-12   43.3  40.6   5   5    0.0026       2.1    6.1   3.5    67   137   413   483   410   496 0.73 length=514	scaffold=scaffold00781	strand=+
3595_g               -            256 13550at5820          -            150   3.8e-07   28.0  11.2   1   2   1.3e-09   1.1e-06   26.5   5.6    66   129    98   163    45   173 0.70 length=256	scaffold=scaffold01210	strand=-
3595_g               -            256 13550at5820          -            150   3.8e-07   28.0  11.2   2   2    0.0092       7.4    4.3   0.0    80   128   174   223   170   235 0.89 length=256	scaffold=scaffold01210	strand=-
1007_g               -            403 13550at5820          -            150    0.0013   16.6   0.6   1   4      0.57   4.5e+02   -1.5   0.2    22    62    49    87    28    95 0.61 length=403	scaffold=scaffold00121	strand=-
1007_g               -            403 13550at5820          -            150    0.0013   16.6   0.6   2   4     0.037        29    2.4   8.9    20   126   202   309   188   318 0.61 length=403	scaffold=scaffold00121	strand=-
1007_g               -            403 13550at5820          -            150    0.0013   16.6   0.6   3   4   0.00065      0.52    8.1   3.0    75   128   319   373   310   376 0.85 length=403	scaffold=scaffold00121	strand=-
1007_g               -            403 13550at5820          -            150    0.0013   16.6   0.6   4   4   1.6e-06    0.0013   16.6   0.6    71    96   376   401   373   402 0.89 length=403	scaffold=scaffold00121	strand=-
#
# Program:         hmmsearch
# Version:         3.1b2 (February 2015)
# Pipeline mode:   SEARCH
# Query file:      /export/home/bio1901/Documents/29_BINP/OrthoSearch/busco_downloads/lineages/plasmodium_odb10/hmms/13550at5820.hmm
# Target file:     Results/1_GeneSequences/PB.faa
# Option settings: /home/users/bio1901/miniconda3/envs/busco/bin/hmmsearch --domtblout /export/home/bio1901/Documents/29_BINP/OrthoSearch/PB/run_plasmodium_odb10/hmmer_output/13550at5820.out --cpu 1 /export/home/bio1901/Documents/29_BINP/OrthoSearch/busco_downloads/lineages/plasmodium_odb10/hmms/13550at5820.hmm Results/1_GeneSequences/PB.faa 
# Current dir:     /export/home/bio1901/Documents/29_BINP/OrthoSearch
# Date:            Sun Mar 15 17:43:55 2020
# [ok]
