#                                                                            --- full sequence --- -------------- this domain -------------   hmm coord   ali coord   env coord
# target name        accession   tlen query name           accession   qlen   E-value  score  bias   #  of  c-Evalue  i-Evalue  score  bias  from    to  from    to  from    to  acc description of target
#------------------- ---------- ----- -------------------- ---------- ----- --------- ------ ----- --- --- --------- --------- ------ ----- ----- ----- ----- ----- ----- ----- ---- ---------------------
411_g                -            157 13688at5820          -            142     3e-59  197.1   4.1   1   1   2.1e-61   6.8e-59  195.9   4.1     4   134    23   147    20   152 0.95 length=157	scaffold=scaffold00036	strand=-
733_g                -            865 13688at5820          -            142   1.4e-11   42.6   6.9   1   4   3.3e-07   0.00011   20.2   0.1    27   122    18   110    11   113 0.89 length=865	scaffold=scaffold00078	strand=+
733_g                -            865 13688at5820          -            142   1.4e-11   42.6   6.9   2   4   1.5e-07   5.1e-05   21.3   0.5    14   122    95   199    87   213 0.77 length=865	scaffold=scaffold00078	strand=+
733_g                -            865 13688at5820          -            142   1.4e-11   42.6   6.9   3   4   1.7e-07   5.8e-05   21.1   0.2    25   102   392   468   372   482 0.87 length=865	scaffold=scaffold00078	strand=+
733_g                -            865 13688at5820          -            142   1.4e-11   42.6   6.9   4   4       2.6   8.6e+02   -2.2   0.9    77    94   648   665   638   694 0.74 length=865	scaffold=scaffold00078	strand=+
3867_g               -            446 13688at5820          -            142   1.1e-10   39.6   9.3   1   3    0.0011      0.38    8.7   0.0    23    99    41   120    32   128 0.86 length=446	scaffold=scaffold01456	strand=+
3867_g               -            446 13688at5820          -            142   1.1e-10   39.6   9.3   2   3   8.8e-06    0.0029   15.6   1.4    21   101   137   219   131   260 0.83 length=446	scaffold=scaffold01456	strand=+
3867_g               -            446 13688at5820          -            142   1.1e-10   39.6   9.3   3   3   8.3e-07   0.00028   18.9   0.6    26   105   337   416   325   440 0.83 length=446	scaffold=scaffold01456	strand=+
613_g                -           1990 13688at5820          -            142     2e-09   35.5   1.2   1   2      0.88   2.9e+02   -0.7   0.6    60   129    38   103    20   111 0.70 length=1990	scaffold=scaffold00062	strand=-
613_g                -           1990 13688at5820          -            142     2e-09   35.5   1.2   2   2     6e-12     2e-09   35.5   1.2    26   106  1501  1580  1487  1597 0.90 length=1990	scaffold=scaffold00062	strand=-
3916_g               -            330 13688at5820          -            142   5.7e-08   30.8   0.4   1   2       1.1   3.5e+02   -0.9   0.0    83   100   177   194   155   198 0.81 length=330	scaffold=scaffold01499	strand=-
3916_g               -            330 13688at5820          -            142   5.7e-08   30.8   0.4   2   2     1e-09   3.5e-07   28.3   0.2    31    99   241   309   217   316 0.85 length=330	scaffold=scaffold01499	strand=-
1948_g               -            617 13688at5820          -            142   1.3e-07   29.7  17.6   1   3   8.7e-05     0.029   12.3   0.0    24    90    91   157    85   178 0.89 length=617	scaffold=scaffold00345	strand=+
1948_g               -            617 13688at5820          -            142   1.3e-07   29.7  17.6   2   3   0.00012     0.039   11.9   0.1    23    90   189   256   167   278 0.87 length=617	scaffold=scaffold00345	strand=+
1948_g               -            617 13688at5820          -            142   1.3e-07   29.7  17.6   3   3   2.1e-06   0.00068   17.6   0.0    27   111   380   464   367   478 0.87 length=617	scaffold=scaffold00345	strand=+
1432_g               -            321 13688at5820          -            142   3.5e-06   25.0  10.2   1   3   2.4e-06   0.00078   17.4   0.5    46    89    60   104    52   116 0.79 length=321	scaffold=scaffold00211	strand=+	adjustedToFrame=2
1432_g               -            321 13688at5820          -            142   3.5e-06   25.0  10.2   2   3     2e-05    0.0065   14.4   0.1    45    98   115   167   104   171 0.81 length=321	scaffold=scaffold00211	strand=+	adjustedToFrame=2
1432_g               -            321 13688at5820          -            142   3.5e-06   25.0  10.2   3   3         3   9.9e+02   -2.4   0.7   102   102   283   283   239   317 0.58 length=321	scaffold=scaffold00211	strand=+	adjustedToFrame=2
503_g                -            833 13688at5820          -            142   8.8e-05   20.5   0.7   1   4         2   6.5e+02   -1.8   1.6    13    89   199   277   187   309 0.61 length=833	scaffold=scaffold00048	strand=+
503_g                -            833 13688at5820          -            142   8.8e-05   20.5   0.7   2   4   2.7e-07   8.8e-05   20.5   0.7    22   137   347   461   335   466 0.82 length=833	scaffold=scaffold00048	strand=+
503_g                -            833 13688at5820          -            142   8.8e-05   20.5   0.7   3   4         9     3e+03   -3.9   0.2    87    97   619   629   607   651 0.52 length=833	scaffold=scaffold00048	strand=+
503_g                -            833 13688at5820          -            142   8.8e-05   20.5   0.7   4   4    0.0045       1.5    6.8   0.0    11    99   728   817   721   832 0.83 length=833	scaffold=scaffold00048	strand=+
2817_g               -            153 13688at5820          -            142    0.0006   17.8   0.0   1   1   2.2e-06   0.00075   17.5   0.0    24   112     6    92     2   119 0.85 length=153	scaffold=scaffold00686	strand=+
927_g                -            168 13688at5820          -            142    0.0013   16.7   0.1   1   1   5.7e-06    0.0019   16.2   0.1    43    99    83   138    68   160 0.88 length=168	scaffold=scaffold00108	strand=-
3592_g               -            193 13688at5820          -            142     0.011   13.7   0.1   1   2      0.68   2.2e+02   -0.3   0.4    46    58    19    31     7    82 0.73 length=193	scaffold=scaffold01208	strand=-
3592_g               -            193 13688at5820          -            142     0.011   13.7   0.1   2   2   3.4e-05     0.011   13.7   0.1    25    96   113   184    92   192 0.84 length=193	scaffold=scaffold01208	strand=-
1582_g               -            155 13688at5820          -            142     0.018   13.0   0.1   1   1     7e-05     0.023   12.6   0.1     9    87    14    89     8   121 0.78 length=155	scaffold=scaffold00246	strand=-
#
# Program:         hmmsearch
# Version:         3.1b2 (February 2015)
# Pipeline mode:   SEARCH
# Query file:      /export/home/bio1901/Documents/29_BINP/OrthoSearch/busco_downloads/lineages/plasmodium_odb10/hmms/13688at5820.hmm
# Target file:     Results/1_GeneSequences/PB.faa
# Option settings: /home/users/bio1901/miniconda3/envs/busco/bin/hmmsearch --domtblout /export/home/bio1901/Documents/29_BINP/OrthoSearch/PB/run_plasmodium_odb10/hmmer_output/13688at5820.out --cpu 1 /export/home/bio1901/Documents/29_BINP/OrthoSearch/busco_downloads/lineages/plasmodium_odb10/hmms/13688at5820.hmm Results/1_GeneSequences/PB.faa 
# Current dir:     /export/home/bio1901/Documents/29_BINP/OrthoSearch
# Date:            Sun Mar 15 17:44:00 2020
# [ok]
