#                                                                            --- full sequence --- -------------- this domain -------------   hmm coord   ali coord   env coord
# target name        accession   tlen query name           accession   qlen   E-value  score  bias   #  of  c-Evalue  i-Evalue  score  bias  from    to  from    to  from    to  acc description of target
#------------------- ---------- ----- -------------------- ---------- ----- --------- ------ ----- --- --- --------- --------- ------ ----- ----- ----- ----- ----- ----- ----- ---- ---------------------
733_g                -            865 13693at5820          -            216   7.4e-26   89.0  27.7   1   5     2e-09   7.1e-07   27.0   0.0     7    78    16    87    12    97 0.93 length=865	scaffold=scaffold00078	strand=+
733_g                -            865 13693at5820          -            216   7.4e-26   89.0  27.7   2   5   8.9e-09   3.2e-06   24.8   0.1     6    73   103   169    98   184 0.88 length=865	scaffold=scaffold00078	strand=+
733_g                -            865 13693at5820          -            216   7.4e-26   89.0  27.7   3   5     8e-06    0.0029   15.2   3.3     4    72   190   255   187   294 0.81 length=865	scaffold=scaffold00078	strand=+
733_g                -            865 13693at5820          -            216   7.4e-26   89.0  27.7   4   5      0.89   3.2e+02   -1.3   1.1   153   199   268   315   258   332 0.53 length=865	scaffold=scaffold00078	strand=+
733_g                -            865 13693at5820          -            216   7.4e-26   89.0  27.7   5   5   1.9e-12     7e-10   36.8   0.0     2    89   387   473   386   491 0.92 length=865	scaffold=scaffold00078	strand=+
503_g                -            833 13693at5820          -            216   1.2e-14   52.4   0.2   1   4       6.9   2.5e+03   -4.2   8.4   147   195   281   333   222   341 0.69 length=833	scaffold=scaffold00048	strand=+
503_g                -            833 13693at5820          -            216   1.2e-14   52.4   0.2   2   4   4.3e-09   1.5e-06   25.9   0.1     9    85   352   427   346   435 0.83 length=833	scaffold=scaffold00048	strand=+
503_g                -            833 13693at5820          -            216   1.2e-14   52.4   0.2   3   4      0.76   2.8e+02   -1.1   6.3   107   184   574   656   564   681 0.58 length=833	scaffold=scaffold00048	strand=+
503_g                -            833 13693at5820          -            216   1.2e-14   52.4   0.2   4   4     2e-11   7.3e-09   33.5   0.0     5    84   740   820   736   827 0.92 length=833	scaffold=scaffold00048	strand=+
3867_g               -            446 13693at5820          -            216   6.2e-12   43.5   7.6   1   3   2.8e-05      0.01   13.4   0.0     8    67    44   103    41   122 0.87 length=446	scaffold=scaffold01456	strand=+
3867_g               -            446 13693at5820          -            216   6.2e-12   43.5   7.6   2   3     1e-06   0.00036   18.1   0.6     5    75   139   209   135   273 0.81 length=446	scaffold=scaffold01456	strand=+
3867_g               -            446 13693at5820          -            216   6.2e-12   43.5   7.6   3   3     1e-05    0.0036   14.8   0.2     9    88   338   417   333   435 0.88 length=446	scaffold=scaffold01456	strand=+
3449_g               -            446 13693at5820          -            216   6.3e-12   43.5  14.4   1   2    0.0007      0.25    8.8   0.0     9    76   158   222   153   231 0.74 length=446	scaffold=scaffold01092	strand=+
3449_g               -            446 13693at5820          -            216   6.3e-12   43.5  14.4   2   2   9.9e-12   3.6e-09   34.5  11.2     7   120   239   357   234   440 0.69 length=446	scaffold=scaffold01092	strand=+
2817_g               -            153 13693at5820          -            216   4.7e-11   40.6   0.0   1   1   1.5e-13   5.4e-11   40.4   0.0     5    90     5    90     2   137 0.91 length=153	scaffold=scaffold00686	strand=+
1948_g               -            617 13693at5820          -            216   1.6e-10   38.8  19.9   1   4       4.9   1.8e+03   -3.7   0.9   166   186    30    50     9    75 0.56 length=617	scaffold=scaffold00345	strand=+
1948_g               -            617 13693at5820          -            216   1.6e-10   38.8  19.9   2   4   2.4e-06   0.00088   16.9   0.0    17    69   102   154    91   171 0.86 length=617	scaffold=scaffold00345	strand=+
1948_g               -            617 13693at5820          -            216   1.6e-10   38.8  19.9   3   4   6.9e-09   2.5e-06   25.2   0.0     5    84   189   271   185   331 0.87 length=617	scaffold=scaffold00345	strand=+
1948_g               -            617 13693at5820          -            216   1.6e-10   38.8  19.9   4   4      0.02       7.1    4.1   7.5     6   112   377   486   374   599 0.78 length=617	scaffold=scaffold00345	strand=+
2743_g               -            843 13693at5820          -            216   5.4e-09   33.9   0.0   1   4       3.9   1.4e+03   -3.4   6.0   174   212    53    92    29    96 0.72 length=843	scaffold=scaffold00647	strand=-
2743_g               -            843 13693at5820          -            216   5.4e-09   33.9   0.0   2   4      0.13        48    1.4   0.0     3    80   424   501   422   525 0.77 length=843	scaffold=scaffold00647	strand=-
2743_g               -            843 13693at5820          -            216   5.4e-09   33.9   0.0   3   4   1.5e-11   5.4e-09   33.9   0.0    16    84   539   607   526   625 0.92 length=843	scaffold=scaffold00647	strand=-
2743_g               -            843 13693at5820          -            216   5.4e-09   33.9   0.0   4   4       3.4   1.2e+03   -3.2   0.0    24    44   776   796   772   828 0.63 length=843	scaffold=scaffold00647	strand=-
3592_g               -            193 13693at5820          -            216   6.3e-09   33.7   1.6   1   2       1.1   4.1e+02   -1.7   0.0    52    72    29    49    11    55 0.67 length=193	scaffold=scaffold01208	strand=-
3592_g               -            193 13693at5820          -            216   6.3e-09   33.7   1.6   2   2   2.6e-11   9.3e-09   33.1   0.1     7    78   113   184   107   189 0.92 length=193	scaffold=scaffold01208	strand=-
3879_g               -            567 13693at5820          -            216   8.8e-09   33.2  30.1   1   2   2.4e-11   8.8e-09   33.2  30.1    16   189    64   243    53   273 0.68 length=567	scaffold=scaffold01467	strand=-	adjustedToFrame=2
3879_g               -            567 13693at5820          -            216   8.8e-09   33.2  30.1   2   2         4   1.4e+03   -3.5   4.8   160   207   244   290   232   294 0.64 length=567	scaffold=scaffold01467	strand=-	adjustedToFrame=2
3916_g               -            330 13693at5820          -            216   2.2e-06   25.4   0.0   1   2       3.6   1.3e+03   -3.3   7.0   129   184     5    62     2    82 0.61 length=330	scaffold=scaffold01499	strand=-
3916_g               -            330 13693at5820          -            216   2.2e-06   25.4   0.0   2   2   6.1e-09   2.2e-06   25.4   0.0     2    80   230   308   229   320 0.91 length=330	scaffold=scaffold01499	strand=-
3512_g               -            114 13693at5820          -            216   2.4e-05   21.9   0.2   1   1   9.2e-08   3.3e-05   21.5   0.1     8    81     5    81     2    95 0.90 length=114	scaffold=scaffold01144	strand=-
#
# Program:         hmmsearch
# Version:         3.1b2 (February 2015)
# Pipeline mode:   SEARCH
# Query file:      /export/home/bio1901/Documents/29_BINP/OrthoSearch/busco_downloads/lineages/plasmodium_odb10/hmms/13693at5820.hmm
# Target file:     Results/1_GeneSequences/PB.faa
# Option settings: /home/users/bio1901/miniconda3/envs/busco/bin/hmmsearch --domtblout /export/home/bio1901/Documents/29_BINP/OrthoSearch/PB/run_plasmodium_odb10/hmmer_output/13693at5820.out --cpu 1 /export/home/bio1901/Documents/29_BINP/OrthoSearch/busco_downloads/lineages/plasmodium_odb10/hmms/13693at5820.hmm Results/1_GeneSequences/PB.faa 
# Current dir:     /export/home/bio1901/Documents/29_BINP/OrthoSearch
# Date:            Sun Mar 15 17:44:00 2020
# [ok]
