#                                                                            --- full sequence --- -------------- this domain -------------   hmm coord   ali coord   env coord
# target name        accession   tlen query name           accession   qlen   E-value  score  bias   #  of  c-Evalue  i-Evalue  score  bias  from    to  from    to  from    to  acc description of target
#------------------- ---------- ----- -------------------- ---------- ----- --------- ------ ----- --- --- --------- --------- ------ ----- ----- ----- ----- ----- ----- ----- ---- ---------------------
1058_g               -           5839 137at5820            -           2426  2.3e-207  689.3 364.0   1  20         1     4e+03  -13.4  15.4  1298  1431     6   137     2   175 0.81 length=5839	scaffold=scaffold00131	strand=-
1058_g               -           5839 137at5820            -           2426  2.3e-207  689.3 364.0   2  20         1     4e+03  -20.5  23.0  2064  2174   267   386   151   404 0.67 length=5839	scaffold=scaffold00131	strand=-
1058_g               -           5839 137at5820            -           2426  2.3e-207  689.3 364.0   3  20         1     4e+03  -19.9  31.8   903  1080   468   648   444   699 0.69 length=5839	scaffold=scaffold00131	strand=-
1058_g               -           5839 137at5820            -           2426  2.3e-207  689.3 364.0   4  20         1     4e+03  -13.2  19.5  1366  1501   708   843   673   869 0.62 length=5839	scaffold=scaffold00131	strand=-
1058_g               -           5839 137at5820            -           2426  2.3e-207  689.3 364.0   5  20   7.7e-30   3.1e-26   88.4  27.2     4   272  1079  1360  1075  1369 0.82 length=5839	scaffold=scaffold00131	strand=-
1058_g               -           5839 137at5820            -           2426  2.3e-207  689.3 364.0   6  20   1.5e-21   5.9e-18   61.0  13.5   281   436  1429  1584  1384  1623 0.69 length=5839	scaffold=scaffold00131	strand=-
1058_g               -           5839 137at5820            -           2426  2.3e-207  689.3 364.0   7  20         1     4e+03  -13.4  15.3  1975  2043  1693  1765  1684  1786 0.70 length=5839	scaffold=scaffold00131	strand=-
1058_g               -           5839 137at5820            -           2426  2.3e-207  689.3 364.0   8  20   1.3e-67   5.2e-64  213.7  73.2   408   778  1826  2231  1812  2235 0.83 length=5839	scaffold=scaffold00131	strand=-
1058_g               -           5839 137at5820            -           2426  2.3e-207  689.3 364.0   9  20   1.5e-25     6e-22   74.2  26.1   770   903  2266  2397  2261  2412 0.75 length=5839	scaffold=scaffold00131	strand=-
1058_g               -           5839 137at5820            -           2426  2.3e-207  689.3 364.0  10  20     8e-11   3.2e-07   25.4  23.1  1072  1205  3071  3215  3031  3268 0.84 length=5839	scaffold=scaffold00131	strand=-
1058_g               -           5839 137at5820            -           2426  2.3e-207  689.3 364.0  11  20     0.013        52   -1.9  12.6  1230  1365  3283  3425  3245  3486 0.74 length=5839	scaffold=scaffold00131	strand=-
1058_g               -           5839 137at5820            -           2426  2.3e-207  689.3 364.0  12  20         1     4e+03   -9.9  11.3   198   314  3479  3595  3470  3604 0.70 length=5839	scaffold=scaffold00131	strand=-
1058_g               -           5839 137at5820            -           2426  2.3e-207  689.3 364.0  13  20         1     4e+03  -19.0  35.3  1394  1497  3629  3750  3537  3846 0.66 length=5839	scaffold=scaffold00131	strand=-
1058_g               -           5839 137at5820            -           2426  2.3e-207  689.3 364.0  14  20         1     4e+03  -15.3  73.4  1455  1835  3915  4335  3890  4341 0.57 length=5839	scaffold=scaffold00131	strand=-
1058_g               -           5839 137at5820            -           2426  2.3e-207  689.3 364.0  15  20   1.1e-67   4.3e-64  214.0  78.6  1715  2038  4300  4640  4291  4666 0.76 length=5839	scaffold=scaffold00131	strand=-
1058_g               -           5839 137at5820            -           2426  2.3e-207  689.3 364.0  16  20         1     4e+03  -26.9  36.5  1550  1767  4670  4878  4662  4951 0.72 length=5839	scaffold=scaffold00131	strand=-
1058_g               -           5839 137at5820            -           2426  2.3e-207  689.3 364.0  17  20      0.21   8.2e+02   -5.8   4.5  1980  2063  4896  4979  4873  4991 0.50 length=5839	scaffold=scaffold00131	strand=-
1058_g               -           5839 137at5820            -           2426  2.3e-207  689.3 364.0  18  20         1     4e+03  -16.1  19.0   863  1064  5008  5208  4982  5232 0.64 length=5839	scaffold=scaffold00131	strand=-
1058_g               -           5839 137at5820            -           2426  2.3e-207  689.3 364.0  19  20   7.8e-13   3.1e-09   32.0  37.8  1964  2180  5223  5441  5218  5455 0.80 length=5839	scaffold=scaffold00131	strand=-
1058_g               -           5839 137at5820            -           2426  2.3e-207  689.3 364.0  20  20   1.8e-34     7e-31  103.8  28.4  2215  2357  5652  5792  5552  5809 0.76 length=5839	scaffold=scaffold00131	strand=-
#
# Program:         hmmsearch
# Version:         3.1b2 (February 2015)
# Pipeline mode:   SEARCH
# Query file:      /export/home/bio1901/Documents/29_BINP/OrthoSearch/busco_downloads/lineages/plasmodium_odb10/hmms/137at5820.hmm
# Target file:     Results/1_GeneSequences/PB.faa
# Option settings: /home/users/bio1901/miniconda3/envs/busco/bin/hmmsearch --domtblout /export/home/bio1901/Documents/29_BINP/OrthoSearch/PB/run_plasmodium_odb10/hmmer_output/137at5820.out --cpu 1 /export/home/bio1901/Documents/29_BINP/OrthoSearch/busco_downloads/lineages/plasmodium_odb10/hmms/137at5820.hmm Results/1_GeneSequences/PB.faa 
# Current dir:     /export/home/bio1901/Documents/29_BINP/OrthoSearch
# Date:            Sun Mar 15 17:44:08 2020
# [ok]
