#                                                                            --- full sequence --- -------------- this domain -------------   hmm coord   ali coord   env coord
# target name        accession   tlen query name           accession   qlen   E-value  score  bias   #  of  c-Evalue  i-Evalue  score  bias  from    to  from    to  from    to  acc description of target
#------------------- ---------- ----- -------------------- ---------- ----- --------- ------ ----- --- --- --------- --------- ------ ----- ----- ----- ----- ----- ----- ----- ---- ---------------------
3135_g               -           1554 13841at5820          -            107   5.9e-39  130.5  15.8   1  10   1.5e-42   5.9e-39  130.5  15.8     2    98    37   144    36   152 0.86 length=1554	scaffold=scaffold00866	strand=-	adjustedToFrame=2
3135_g               -           1554 13841at5820          -            107   5.9e-39  130.5  15.8   2  10      0.39   1.5e+03   -2.7   1.3    32    92   200   259   169   269 0.49 length=1554	scaffold=scaffold00866	strand=-	adjustedToFrame=2
3135_g               -           1554 13841at5820          -            107   5.9e-39  130.5  15.8   3  10         1     4e+03   -6.6  15.2    21   101   281   362   264   369 0.67 length=1554	scaffold=scaffold00866	strand=-	adjustedToFrame=2
3135_g               -           1554 13841at5820          -            107   5.9e-39  130.5  15.8   4  10         1     4e+03   -6.7   7.0    39    85   507   525   439   574 0.54 length=1554	scaffold=scaffold00866	strand=-	adjustedToFrame=2
3135_g               -           1554 13841at5820          -            107   5.9e-39  130.5  15.8   5  10         1     4e+03   -4.2   7.2    43    90   674   727   666   745 0.61 length=1554	scaffold=scaffold00866	strand=-	adjustedToFrame=2
3135_g               -           1554 13841at5820          -            107   5.9e-39  130.5  15.8   6  10         1     4e+03   -7.1  10.4    33    91   754   811   737   823 0.77 length=1554	scaffold=scaffold00866	strand=-	adjustedToFrame=2
3135_g               -           1554 13841at5820          -            107   5.9e-39  130.5  15.8   7  10         1     4e+03   -6.2  11.8    14    82   870   939   850   954 0.66 length=1554	scaffold=scaffold00866	strand=-	adjustedToFrame=2
3135_g               -           1554 13841at5820          -            107   5.9e-39  130.5  15.8   8  10       0.1   4.1e+02   -0.8   2.3    30    59  1095  1124  1058  1152 0.78 length=1554	scaffold=scaffold00866	strand=-	adjustedToFrame=2
3135_g               -           1554 13841at5820          -            107   5.9e-39  130.5  15.8   9  10         1     4e+03   -4.5   2.9    42    93  1157  1211  1136  1226 0.49 length=1554	scaffold=scaffold00866	strand=-	adjustedToFrame=2
3135_g               -           1554 13841at5820          -            107   5.9e-39  130.5  15.8  10  10    0.0064        26    3.1   6.6    47    92  1313  1361  1289  1378 0.78 length=1554	scaffold=scaffold00866	strand=-	adjustedToFrame=2
#
# Program:         hmmsearch
# Version:         3.1b2 (February 2015)
# Pipeline mode:   SEARCH
# Query file:      /export/home/bio1901/Documents/29_BINP/OrthoSearch/busco_downloads/lineages/plasmodium_odb10/hmms/13841at5820.hmm
# Target file:     Results/1_GeneSequences/PB.faa
# Option settings: /home/users/bio1901/miniconda3/envs/busco/bin/hmmsearch --domtblout /export/home/bio1901/Documents/29_BINP/OrthoSearch/PB/run_plasmodium_odb10/hmmer_output/13841at5820.out --cpu 1 /export/home/bio1901/Documents/29_BINP/OrthoSearch/busco_downloads/lineages/plasmodium_odb10/hmms/13841at5820.hmm Results/1_GeneSequences/PB.faa 
# Current dir:     /export/home/bio1901/Documents/29_BINP/OrthoSearch
# Date:            Sun Mar 15 17:44:09 2020
# [ok]
