#                                                                            --- full sequence --- -------------- this domain -------------   hmm coord   ali coord   env coord
# target name        accession   tlen query name           accession   qlen   E-value  score  bias   #  of  c-Evalue  i-Evalue  score  bias  from    to  from    to  from    to  acc description of target
#------------------- ---------- ----- -------------------- ---------- ----- --------- ------ ----- --- --- --------- --------- ------ ----- ----- ----- ----- ----- ----- ----- ---- ---------------------
1385_g               -            142 13845at5820          -            129   2.5e-18   64.2   0.2   1   1   7.2e-21   3.6e-18   63.7   0.1    45   117    55   128    39   138 0.91 length=142	scaffold=scaffold00202	strand=-
2744_g               -            165 13845at5820          -            129   2.7e-14   51.2   0.0   1   1   8.1e-17     4e-14   50.6   0.0    47   118    58   130    48   137 0.90 length=165	scaffold=scaffold00648	strand=-
1612_g               -            127 13845at5820          -            129   3.9e-13   47.4   0.0   1   1   8.5e-16   4.2e-13   47.3   0.0    48   104    43   100     7   111 0.85 length=127	scaffold=scaffold00253	strand=+	adjustedToFrame=3
1194_g               -            143 13845at5820          -            129   1.4e-12   45.6   0.0   1   1   3.7e-15   1.8e-12   45.2   0.0    47   110    45   116    40   131 0.82 length=143	scaffold=scaffold00159	strand=+	adjustedToFrame=3
1746_g               -            211 13845at5820          -            129   8.2e-12   43.1   0.1   1   1   2.5e-14   1.2e-11   42.5   0.1    46   119    36   112    30   122 0.81 length=211	scaffold=scaffold00286	strand=-
1153_g               -            130 13845at5820          -            129   2.2e-09   35.3   0.1   1   1   7.3e-12   3.6e-09   34.6   0.1    59   105    18    65    12    85 0.86 length=130	scaffold=scaffold00152	strand=-
2827_g               -            214 13845at5820          -            129   4.7e-05   21.3   0.5   1   1     3e-07   0.00015   19.6   0.4    66   105   140   179    89   190 0.73 length=214	scaffold=scaffold00691	strand=+
3625_g               -            117 13845at5820          -            129     0.003   15.5   0.2   1   1   6.9e-06    0.0034   15.2   0.2    22    82    27    90    17   115 0.70 length=117	scaffold=scaffold01234	strand=-	adjustedToFrame=3
#
# Program:         hmmsearch
# Version:         3.1b2 (February 2015)
# Pipeline mode:   SEARCH
# Query file:      /export/home/bio1901/Documents/29_BINP/OrthoSearch/busco_downloads/lineages/plasmodium_odb10/hmms/13845at5820.hmm
# Target file:     Results/1_GeneSequences/PB.faa
# Option settings: /home/users/bio1901/miniconda3/envs/busco/bin/hmmsearch --domtblout /export/home/bio1901/Documents/29_BINP/OrthoSearch/PB/run_plasmodium_odb10/hmmer_output/13845at5820.out --cpu 1 /export/home/bio1901/Documents/29_BINP/OrthoSearch/busco_downloads/lineages/plasmodium_odb10/hmms/13845at5820.hmm Results/1_GeneSequences/PB.faa 
# Current dir:     /export/home/bio1901/Documents/29_BINP/OrthoSearch
# Date:            Sun Mar 15 17:44:10 2020
# [ok]
