#                                                                            --- full sequence --- -------------- this domain -------------   hmm coord   ali coord   env coord
# target name        accession   tlen query name           accession   qlen   E-value  score  bias   #  of  c-Evalue  i-Evalue  score  bias  from    to  from    to  from    to  acc description of target
#------------------- ---------- ----- -------------------- ---------- ----- --------- ------ ----- --- --- --------- --------- ------ ----- ----- ----- ----- ----- ----- ----- ---- ---------------------
4057_g               -            532 1385at5820           -            850   7.9e-92  306.7  96.6   1   3   2.4e-22   4.7e-19   66.0   8.5    17    78     1    62     1    71 0.93 length=532	scaffold=scaffold01647	strand=-
4057_g               -            532 1385at5820           -            850   7.9e-92  306.7  96.6   2   3   1.4e-73   2.8e-70  235.5  65.3    36   303    91   375    64   392 0.83 length=532	scaffold=scaffold01647	strand=-
4057_g               -            532 1385at5820           -            850   7.9e-92  306.7  96.6   3   3   1.3e-07   0.00025   17.2   7.7   287   339   394   452   385   482 0.74 length=532	scaffold=scaffold01647	strand=-
3337_g               -            959 1385at5820           -            850   7.3e-75  250.6 151.1   1   6   6.2e-12   1.2e-08   31.5  34.8   352   505     1   157     1   169 0.66 length=959	scaffold=scaffold01005	strand=-
3337_g               -            959 1385at5820           -            850   7.3e-75  250.6 151.1   2   6   0.00076       1.5    4.7  26.9   301   467   116   272   104   276 0.59 length=959	scaffold=scaffold01005	strand=-
3337_g               -            959 1385at5820           -            850   7.3e-75  250.6 151.1   3   6   4.1e-11   8.2e-08   28.8   6.7   465   535   316   380   307   410 0.74 length=959	scaffold=scaffold01005	strand=-
3337_g               -            959 1385at5820           -            850   7.3e-75  250.6 151.1   4   6   7.4e-08   0.00015   18.0   6.2   509   606   415   508   403   517 0.85 length=959	scaffold=scaffold01005	strand=-
3337_g               -            959 1385at5820           -            850   7.3e-75  250.6 151.1   5   6   1.1e-23   2.3e-20   70.3  15.5   555   659   602   705   581   717 0.83 length=959	scaffold=scaffold01005	strand=-
3337_g               -            959 1385at5820           -            850   7.3e-75  250.6 151.1   6   6   2.9e-36   5.8e-33  112.0  39.4   638   849   717   950   709   951 0.75 length=959	scaffold=scaffold01005	strand=-
#
# Program:         hmmsearch
# Version:         3.1b2 (February 2015)
# Pipeline mode:   SEARCH
# Query file:      /export/home/bio1901/Documents/29_BINP/OrthoSearch/busco_downloads/lineages/plasmodium_odb10/hmms/1385at5820.hmm
# Target file:     Results/1_GeneSequences/PB.faa
# Option settings: /home/users/bio1901/miniconda3/envs/busco/bin/hmmsearch --domtblout /export/home/bio1901/Documents/29_BINP/OrthoSearch/PB/run_plasmodium_odb10/hmmer_output/1385at5820.out --cpu 1 /export/home/bio1901/Documents/29_BINP/OrthoSearch/busco_downloads/lineages/plasmodium_odb10/hmms/1385at5820.hmm Results/1_GeneSequences/PB.faa 
# Current dir:     /export/home/bio1901/Documents/29_BINP/OrthoSearch
# Date:            Sun Mar 15 17:44:10 2020
# [ok]
