#                                                                            --- full sequence --- -------------- this domain -------------   hmm coord   ali coord   env coord
# target name        accession   tlen query name           accession   qlen   E-value  score  bias   #  of  c-Evalue  i-Evalue  score  bias  from    to  from    to  from    to  acc description of target
#------------------- ---------- ----- -------------------- ---------- ----- --------- ------ ----- --- --- --------- --------- ------ ----- ----- ----- ----- ----- ----- ----- ---- ---------------------
1515_g               -            257 13889at5820          -            168   2.1e-08   32.1  15.8   1   2    0.0014       1.1    7.0   3.0   106   152    13    60     7    69 0.80 length=257	scaffold=scaffold00230	strand=+
1515_g               -            257 13889at5820          -            168   2.1e-08   32.1  15.8   2   2   7.2e-11   5.8e-08   30.7   5.0    71   160   156   246   147   253 0.89 length=257	scaffold=scaffold00230	strand=+
109_g                -            145 13889at5820          -            168   5.3e-08   30.8   0.4   1   1   8.6e-11   6.9e-08   30.4   0.4    55   161    30   137     3   143 0.81 length=145	scaffold=scaffold00006	strand=-
1881_g               -            152 13889at5820          -            168   1.1e-05   23.3   5.3   1   1   1.7e-08   1.3e-05   23.0   5.3    35   153    20   143    12   149 0.86 length=152	scaffold=scaffold00324	strand=+
3519_g               -            151 13889at5820          -            168   0.00092   17.0   1.9   1   1   1.2e-06   0.00092   17.0   1.9   104   164    38    99    24   104 0.85 length=151	scaffold=scaffold01152	strand=+
2468_g               -            235 13889at5820          -            168    0.0057   14.4  11.5   1   2      0.13     1e+02    0.6   0.3   105   119    74    88    52   115 0.65 length=235	scaffold=scaffold00525	strand=+
2468_g               -            235 13889at5820          -            168    0.0057   14.4  11.5   2   2     1e-05     0.008   13.9   7.7    29   131   118   232    99   234 0.65 length=235	scaffold=scaffold00525	strand=+
#
# Program:         hmmsearch
# Version:         3.1b2 (February 2015)
# Pipeline mode:   SEARCH
# Query file:      /export/home/bio1901/Documents/29_BINP/OrthoSearch/busco_downloads/lineages/plasmodium_odb10/hmms/13889at5820.hmm
# Target file:     Results/1_GeneSequences/PB.faa
# Option settings: /home/users/bio1901/miniconda3/envs/busco/bin/hmmsearch --domtblout /export/home/bio1901/Documents/29_BINP/OrthoSearch/PB/run_plasmodium_odb10/hmmer_output/13889at5820.out --cpu 1 /export/home/bio1901/Documents/29_BINP/OrthoSearch/busco_downloads/lineages/plasmodium_odb10/hmms/13889at5820.hmm Results/1_GeneSequences/PB.faa 
# Current dir:     /export/home/bio1901/Documents/29_BINP/OrthoSearch
# Date:            Sun Mar 15 17:44:12 2020
# [ok]
