#                                                                            --- full sequence --- -------------- this domain -------------   hmm coord   ali coord   env coord
# target name        accession   tlen query name           accession   qlen   E-value  score  bias   #  of  c-Evalue  i-Evalue  score  bias  from    to  from    to  from    to  acc description of target
#------------------- ---------- ----- -------------------- ---------- ----- --------- ------ ----- --- --- --------- --------- ------ ----- ----- ----- ----- ----- ----- ----- ---- ---------------------
3879_g               -            567 13894at5820          -            261   1.6e-57  193.2  37.2   1   1   4.7e-60   1.6e-57  193.2  37.2     4   226    53   289    51   297 0.72 length=567	scaffold=scaffold01467	strand=-	adjustedToFrame=2
3058_g               -           1000 13894at5820          -            261   2.1e-27   94.4  50.8   1   1   6.2e-30   2.1e-27   94.4  50.8     6   238     6   241     2   247 0.70 length=1000	scaffold=scaffold00820	strand=-
503_g                -            833 13894at5820          -            261   6.8e-14   50.2   0.8   1   3   2.2e-07   7.5e-05   20.5   0.1    11    79   355   422   347   496 0.84 length=833	scaffold=scaffold00048	strand=+
503_g                -            833 13894at5820          -            261   6.8e-14   50.2   0.8   2   3      0.53   1.8e+02   -0.4   3.1    94   229   549   686   518   689 0.71 length=833	scaffold=scaffold00048	strand=+
503_g                -            833 13894at5820          -            261   6.8e-14   50.2   0.8   3   3     2e-12   6.7e-10   37.1   0.0     7    82   743   819   738   830 0.86 length=833	scaffold=scaffold00048	strand=+
733_g                -            865 13894at5820          -            261   5.4e-10   37.4   0.1   1   3   8.2e-07   0.00027   18.7   0.0     7    79    17    89    13   109 0.91 length=865	scaffold=scaffold00078	strand=+
733_g                -            865 13894at5820          -            261   5.4e-10   37.4   0.1   2   3       3.3   1.1e+03   -3.0  23.3    21   256   119   346    99   354 0.67 length=865	scaffold=scaffold00078	strand=+
733_g                -            865 13894at5820          -            261   5.4e-10   37.4   0.1   3   3   6.4e-09   2.1e-06   25.6   0.1     2   230   388   609   387   624 0.71 length=865	scaffold=scaffold00078	strand=+
2817_g               -            153 13894at5820          -            261   4.5e-09   34.3   0.1   1   1   1.7e-11   5.8e-09   34.0   0.1    16    88    17    89     4   107 0.88 length=153	scaffold=scaffold00686	strand=+
2743_g               -            843 13894at5820          -            261   5.1e-09   34.2   0.0   1   3     0.012       3.8    5.1   0.2     5    83   427   505   423   517 0.80 length=843	scaffold=scaffold00647	strand=-
2743_g               -            843 13894at5820          -            261   5.1e-09   34.2   0.0   2   3   1.5e-11   5.1e-09   34.2   0.0    23    85   547   609   538   634 0.93 length=843	scaffold=scaffold00647	strand=-
2743_g               -            843 13894at5820          -            261   5.1e-09   34.2   0.0   3   3       1.1   3.8e+02   -1.4   0.1    22    78   775   827   769   833 0.84 length=843	scaffold=scaffold00647	strand=-
3867_g               -            446 13894at5820          -            261   1.9e-05   22.4   1.0   1   3       1.1   3.6e+02   -1.4   0.0    10    71    47   108    40   119 0.76 length=446	scaffold=scaffold01456	strand=+
3867_g               -            446 13894at5820          -            261   1.9e-05   22.4   1.0   2   3    0.0068       2.3    5.8   0.1    13    74   148   208   137   262 0.72 length=446	scaffold=scaffold01456	strand=+
3867_g               -            446 13894at5820          -            261   1.9e-05   22.4   1.0   3   3   2.2e-05    0.0072   14.0   0.1    26    81   356   411   350   436 0.89 length=446	scaffold=scaffold01456	strand=+
3916_g               -            330 13894at5820          -            261   0.00011   20.0   0.2   1   1   3.3e-07   0.00011   20.0   0.2     7    78   236   307   231   318 0.91 length=330	scaffold=scaffold01499	strand=-
2675_g               -            945 13894at5820          -            261   0.00018   19.2   0.5   1   3       1.6   5.4e+02   -2.0   5.0   196   242   667   711   647   735 0.67 length=945	scaffold=scaffold00611	strand=-	adjustedToFrame=2
2675_g               -            945 13894at5820          -            261   0.00018   19.2   0.5   2   3    0.0052       1.7    6.2   0.6    47    81   743   777   686   805 0.85 length=945	scaffold=scaffold00611	strand=-	adjustedToFrame=2
2675_g               -            945 13894at5820          -            261   0.00018   19.2   0.5   3   3   5.5e-07   0.00018   19.2   0.5     7    70   806   868   799   935 0.84 length=945	scaffold=scaffold00611	strand=-	adjustedToFrame=2
1432_g               -            321 13894at5820          -            261   0.00047   17.9   0.2   1   2   0.00012     0.039   11.6   0.0    43    80    77   115    54   121 0.86 length=321	scaffold=scaffold00211	strand=+	adjustedToFrame=2
1432_g               -            321 13894at5820          -            261   0.00047   17.9   0.2   2   2   9.9e-05     0.033   11.9   0.0    45    83   133   171   112   219 0.76 length=321	scaffold=scaffold00211	strand=+	adjustedToFrame=2
1948_g               -            617 13894at5820          -            261   0.00049   17.8   0.2   1   3      0.02       6.6    4.3   0.0    22    70   108   156    90   168 0.88 length=617	scaffold=scaffold00345	strand=+
1948_g               -            617 13894at5820          -            261   0.00049   17.8   0.2   2   3   1.6e-05    0.0054   14.4   0.0     8    81   193   269   188   282 0.83 length=617	scaffold=scaffold00345	strand=+
1948_g               -            617 13894at5820          -            261   0.00049   17.8   0.2   3   3   0.00038      0.13    9.9   0.0    24    85   396   456   379   476 0.82 length=617	scaffold=scaffold00345	strand=+
2054_g               -            878 13894at5820          -            261    0.0026   15.5   0.0   1   1   7.7e-06    0.0026   15.5   0.0    44    79   354   390   339   399 0.87 length=878	scaffold=scaffold00376	strand=+
#
# Program:         hmmsearch
# Version:         3.1b2 (February 2015)
# Pipeline mode:   SEARCH
# Query file:      /export/home/bio1901/Documents/29_BINP/OrthoSearch/busco_downloads/lineages/plasmodium_odb10/hmms/13894at5820.hmm
# Target file:     Results/1_GeneSequences/PB.faa
# Option settings: /home/users/bio1901/miniconda3/envs/busco/bin/hmmsearch --domtblout /export/home/bio1901/Documents/29_BINP/OrthoSearch/PB/run_plasmodium_odb10/hmmer_output/13894at5820.out --cpu 1 /export/home/bio1901/Documents/29_BINP/OrthoSearch/busco_downloads/lineages/plasmodium_odb10/hmms/13894at5820.hmm Results/1_GeneSequences/PB.faa 
# Current dir:     /export/home/bio1901/Documents/29_BINP/OrthoSearch
# Date:            Sun Mar 15 17:44:14 2020
# [ok]
