#                                                                            --- full sequence --- -------------- this domain -------------   hmm coord   ali coord   env coord
# target name        accession   tlen query name           accession   qlen   E-value  score  bias   #  of  c-Evalue  i-Evalue  score  bias  from    to  from    to  from    to  acc description of target
#------------------- ---------- ----- -------------------- ---------- ----- --------- ------ ----- --- --- --------- --------- ------ ----- ----- ----- ----- ----- ----- ----- ---- ---------------------
1976_g               -            916 1394at5820           -           1113         0 1199.6  50.1   1   2   6.2e-10   8.2e-07   24.9   2.5   343   385     1    47     1    57 0.65 length=916	scaffold=scaffold00353	strand=+
1976_g               -            916 1394at5820           -           1113         0 1199.6  50.1   2   2         0         0 1180.2  39.9   362  1098   130   901   105   907 0.95 length=916	scaffold=scaffold00353	strand=+
2856_g               -           1536 1394at5820           -           1113  1.1e-141  471.5  11.6   1   5  1.3e-135  1.7e-132  441.1   4.1   148   620   267   741   263   783 0.93 length=1536	scaffold=scaffold00707	strand=-
2856_g               -           1536 1394at5820           -           1113  1.1e-141  471.5  11.6   2   5      0.49   6.5e+02   -4.6   0.8   633   691   824   884   813   891 0.70 length=1536	scaffold=scaffold00707	strand=-
2856_g               -           1536 1394at5820           -           1113  1.1e-141  471.5  11.6   3   5         3     4e+03  -14.4  14.5    20   104   965  1056   956  1084 0.53 length=1536	scaffold=scaffold00707	strand=-
2856_g               -           1536 1394at5820           -           1113  1.1e-141  471.5  11.6   4   5      0.12   1.7e+02   -2.6   1.5   627   650  1246  1269  1169  1285 0.75 length=1536	scaffold=scaffold00707	strand=-
2856_g               -           1536 1394at5820           -           1113  1.1e-141  471.5  11.6   5   5   5.9e-16   7.8e-13   44.8   0.8   913  1067  1367  1520  1338  1528 0.81 length=1536	scaffold=scaffold00707	strand=-
1975_g               -            530 1394at5820           -           1113  1.1e-132  441.7  65.0   1   3    0.0028       3.7    2.8  17.7     1    43     1    43     1    85 0.67 length=530	scaffold=scaffold00353	strand=+
1975_g               -            530 1394at5820           -           1113  1.1e-132  441.7  65.0   2   3     9e-13   1.2e-09   34.3  16.3    19   145   119   256    91   286 0.72 length=530	scaffold=scaffold00353	strand=+
1975_g               -            530 1394at5820           -           1113  1.1e-132  441.7  65.0   3   3    2e-128  2.7e-125  417.2  14.6    96   316   308   528   292   529 0.95 length=530	scaffold=scaffold00353	strand=+
#
# Program:         hmmsearch
# Version:         3.1b2 (February 2015)
# Pipeline mode:   SEARCH
# Query file:      /export/home/bio1901/Documents/29_BINP/OrthoSearch/busco_downloads/lineages/plasmodium_odb10/hmms/1394at5820.hmm
# Target file:     Results/1_GeneSequences/PB.faa
# Option settings: /home/users/bio1901/miniconda3/envs/busco/bin/hmmsearch --domtblout /export/home/bio1901/Documents/29_BINP/OrthoSearch/PB/run_plasmodium_odb10/hmmer_output/1394at5820.out --cpu 1 /export/home/bio1901/Documents/29_BINP/OrthoSearch/busco_downloads/lineages/plasmodium_odb10/hmms/1394at5820.hmm Results/1_GeneSequences/PB.faa 
# Current dir:     /export/home/bio1901/Documents/29_BINP/OrthoSearch
# Date:            Sun Mar 15 17:44:17 2020
# [ok]
