#                                                                            --- full sequence --- -------------- this domain -------------   hmm coord   ali coord   env coord
# target name        accession   tlen query name           accession   qlen   E-value  score  bias   #  of  c-Evalue  i-Evalue  score  bias  from    to  from    to  from    to  acc description of target
#------------------- ---------- ----- -------------------- ---------- ----- --------- ------ ----- --- --- --------- --------- ------ ----- ----- ----- ----- ----- ----- ----- ---- ---------------------
68_g                 -            375 13960at5820          -            101   1.6e-23   80.6  10.7   1   4   1.6e-26   1.6e-23   80.6  10.7     1    84     1    84     1    93 0.88 length=375	scaffold=scaffold00003	strand=+
68_g                 -            375 13960at5820          -            101   1.6e-23   80.6  10.7   2   4         4     4e+03  -20.3  25.8    11    84   115   192   108   214 0.54 length=375	scaffold=scaffold00003	strand=+
68_g                 -            375 13960at5820          -            101   1.6e-23   80.6  10.7   3   4       1.6   1.6e+03   -2.8   0.1    75    86   222   233   210   244 0.62 length=375	scaffold=scaffold00003	strand=+
68_g                 -            375 13960at5820          -            101   1.6e-23   80.6  10.7   4   4         4     4e+03   -6.3   6.5    63    97   277   311   266   314 0.56 length=375	scaffold=scaffold00003	strand=+
2898_g               -            790 13960at5820          -            101   1.7e-10   38.8   7.7   1   4      0.74   7.4e+02   -1.8   0.4    59    88     8    37     4    47 0.73 length=790	scaffold=scaffold00728	strand=-
2898_g               -            790 13960at5820          -            101   1.7e-10   38.8   7.7   2   4         4     4e+03  -10.8   9.3    37    74   280   314   248   357 0.53 length=790	scaffold=scaffold00728	strand=-
2898_g               -            790 13960at5820          -            101   1.7e-10   38.8   7.7   3   4   1.7e-13   1.7e-10   38.8   7.7    11    77   385   451   375   469 0.90 length=790	scaffold=scaffold00728	strand=-
2898_g               -            790 13960at5820          -            101   1.7e-10   38.8   7.7   4   4     0.049        48    2.0   0.9    45    85   640   679   619   689 0.67 length=790	scaffold=scaffold00728	strand=-
69_g                 -            197 13960at5820          -            101   1.5e-09   35.8   9.6   1   2         4     4e+03   -9.1  14.1    16    47    40    76     4    98 0.69 length=197	scaffold=scaffold00003	strand=-
69_g                 -            197 13960at5820          -            101   1.5e-09   35.8   9.6   2   2   1.5e-12   1.5e-09   35.8   9.6    16    74   108   166    98   193 0.81 length=197	scaffold=scaffold00003	strand=-
3508_g               -            242 13960at5820          -            101     0.034   12.2   4.3   1   2    0.0001       0.1   10.6   0.2    44   100    16    72    10    73 0.90 length=242	scaffold=scaffold01141	strand=-
3508_g               -            242 13960at5820          -            101     0.034   12.2   4.3   2   2     0.034        34    2.5   0.6    75    92   176   193   152   198 0.81 length=242	scaffold=scaffold01141	strand=-
#
# Program:         hmmsearch
# Version:         3.1b2 (February 2015)
# Pipeline mode:   SEARCH
# Query file:      /export/home/bio1901/Documents/29_BINP/OrthoSearch/busco_downloads/lineages/plasmodium_odb10/hmms/13960at5820.hmm
# Target file:     Results/1_GeneSequences/PB.faa
# Option settings: /home/users/bio1901/miniconda3/envs/busco/bin/hmmsearch --domtblout /export/home/bio1901/Documents/29_BINP/OrthoSearch/PB/run_plasmodium_odb10/hmmer_output/13960at5820.out --cpu 1 /export/home/bio1901/Documents/29_BINP/OrthoSearch/busco_downloads/lineages/plasmodium_odb10/hmms/13960at5820.hmm Results/1_GeneSequences/PB.faa 
# Current dir:     /export/home/bio1901/Documents/29_BINP/OrthoSearch
# Date:            Sun Mar 15 17:44:17 2020
# [ok]
