#                                                                            --- full sequence --- -------------- this domain -------------   hmm coord   ali coord   env coord
# target name        accession   tlen query name           accession   qlen   E-value  score  bias   #  of  c-Evalue  i-Evalue  score  bias  from    to  from    to  from    to  acc description of target
#------------------- ---------- ----- -------------------- ---------- ----- --------- ------ ----- --- --- --------- --------- ------ ----- ----- ----- ----- ----- ----- ----- ---- ---------------------
2238_g               -            136 14128at5820          -            118   2.3e-38  129.0   3.4   1   1   1.2e-39   4.9e-37  124.6   3.4     2   117     4   134     3   135 0.89 length=136	scaffold=scaffold00435	strand=-
3519_g               -            151 14128at5820          -            118   8.2e-08   30.4   1.9   1   4   1.9e-05    0.0076   14.4   0.1     4    37    38    71    35    81 0.87 length=151	scaffold=scaffold01152	strand=+
3519_g               -            151 14128at5820          -            118   8.2e-08   30.4   1.9   2   4     0.002      0.81    7.8   0.0    44    76    61    93    61    97 0.90 length=151	scaffold=scaffold01152	strand=+
3519_g               -            151 14128at5820          -            118   8.2e-08   30.4   1.9   3   4   0.00017     0.069   11.3   0.0    40    80    94   134    89   140 0.89 length=151	scaffold=scaffold01152	strand=+
3519_g               -            151 14128at5820          -            118   8.2e-08   30.4   1.9   4   4      0.44   1.8e+02    0.3   0.0    13    23   140   150   132   151 0.73 length=151	scaffold=scaffold01152	strand=+
109_g                -            145 14128at5820          -            118   4.3e-07   28.1   0.8   1   3     0.016       6.4    4.9   0.0     6    22    13    29     6    35 0.85 length=145	scaffold=scaffold00006	strand=-
109_g                -            145 14128at5820          -            118   4.3e-07   28.1   0.8   2   3     0.081        32    2.7   0.0    49    83    34    68    30    80 0.71 length=145	scaffold=scaffold00006	strand=-
109_g                -            145 14128at5820          -            118   4.3e-07   28.1   0.8   3   3     6e-07   0.00024   19.2   0.1    44   116    66   141    60   143 0.81 length=145	scaffold=scaffold00006	strand=-
1515_g               -            257 14128at5820          -            118   2.5e-05   22.4   2.6   1   2    0.0023      0.92    7.6   0.1     4    56    11    63     8    84 0.88 length=257	scaffold=scaffold00230	strand=+
1515_g               -            257 14128at5820          -            118   2.5e-05   22.4   2.6   2   2   1.5e-05    0.0059   14.7   0.4    42   107   174   242   167   253 0.79 length=257	scaffold=scaffold00230	strand=+
1881_g               -            152 14128at5820          -            118     7e-05   20.9   1.3   1   1   5.4e-06    0.0021   16.1   1.3     2    44    14    56    13   142 0.71 length=152	scaffold=scaffold00324	strand=+
157_g                -            340 14128at5820          -            118    0.0005   18.2  12.0   1   3      0.58   2.3e+02   -0.1   0.0     6    26    59    79    54    93 0.80 length=340	scaffold=scaffold00009	strand=+
157_g                -            340 14128at5820          -            118    0.0005   18.2  12.0   2   3   0.00043      0.17   10.0   5.1    58   114   134   194    90   196 0.73 length=340	scaffold=scaffold00009	strand=+
157_g                -            340 14128at5820          -            118    0.0005   18.2  12.0   3   3      0.01         4    5.6   0.1     4    27   208   231   205   255 0.91 length=340	scaffold=scaffold00009	strand=+
3106_g               -            227 14128at5820          -            118     0.001   17.1   1.1   1   2       1.4   5.8e+02   -1.4   0.2    43    67    88   114    71   126 0.64 length=227	scaffold=scaffold00850	strand=+	adjustedToFrame=2
3106_g               -            227 14128at5820          -            118     0.001   17.1   1.1   2   2   5.4e-06    0.0021   16.1   0.1    37    99   137   200   134   221 0.80 length=227	scaffold=scaffold00850	strand=+	adjustedToFrame=2
1961_g               -            485 14128at5820          -            118    0.0011   17.1   4.0   1   3       1.1   4.3e+02   -1.0   0.1    45    74    71   100    64   127 0.73 length=485	scaffold=scaffold00349	strand=-
1961_g               -            485 14128at5820          -            118    0.0011   17.1   4.0   2   3     0.094        38    2.4   0.0     5    26   344   365   341   375 0.88 length=485	scaffold=scaffold00349	strand=-
1961_g               -            485 14128at5820          -            118    0.0011   17.1   4.0   3   3   0.00037      0.15   10.2   1.0     6    77   415   474   410   482 0.76 length=485	scaffold=scaffold00349	strand=-
3015_g               -            760 14128at5820          -            118    0.0014   16.7   3.2   1   4         3   1.2e+03   -2.4   0.2    53    85   332   364   322   373 0.53 length=760	scaffold=scaffold00797	strand=-	adjustedToFrame=3
3015_g               -            760 14128at5820          -            118    0.0014   16.7   3.2   2   4     0.014       5.4    5.2   0.0     6    32   616   642   613   658 0.89 length=760	scaffold=scaffold00797	strand=-	adjustedToFrame=3
3015_g               -            760 14128at5820          -            118    0.0014   16.7   3.2   3   4    0.0035       1.4    7.1   0.0     3    35   684   716   682   724 0.84 length=760	scaffold=scaffold00797	strand=-	adjustedToFrame=3
3015_g               -            760 14128at5820          -            118    0.0014   16.7   3.2   4   4      0.16        64    1.7   0.1    56    77   722   743   709   752 0.70 length=760	scaffold=scaffold00797	strand=-	adjustedToFrame=3
2468_g               -            235 14128at5820          -            118     0.049   11.7   4.4   1   2    0.0022      0.88    7.7   1.4     6    28    93   115    87   196 0.84 length=235	scaffold=scaffold00525	strand=+
2468_g               -            235 14128at5820          -            118     0.049   11.7   4.4   2   2      0.18        71    1.5   0.1     3    24   204   225   202   229 0.80 length=235	scaffold=scaffold00525	strand=+
#
# Program:         hmmsearch
# Version:         3.1b2 (February 2015)
# Pipeline mode:   SEARCH
# Query file:      /export/home/bio1901/Documents/29_BINP/OrthoSearch/busco_downloads/lineages/plasmodium_odb10/hmms/14128at5820.hmm
# Target file:     Results/1_GeneSequences/PB.faa
# Option settings: /home/users/bio1901/miniconda3/envs/busco/bin/hmmsearch --domtblout /export/home/bio1901/Documents/29_BINP/OrthoSearch/PB/run_plasmodium_odb10/hmmer_output/14128at5820.out --cpu 1 /export/home/bio1901/Documents/29_BINP/OrthoSearch/busco_downloads/lineages/plasmodium_odb10/hmms/14128at5820.hmm Results/1_GeneSequences/PB.faa 
# Current dir:     /export/home/bio1901/Documents/29_BINP/OrthoSearch
# Date:            Sun Mar 15 17:44:26 2020
# [ok]
