#                                                                            --- full sequence --- -------------- this domain -------------   hmm coord   ali coord   env coord
# target name        accession   tlen query name           accession   qlen   E-value  score  bias   #  of  c-Evalue  i-Evalue  score  bias  from    to  from    to  from    to  acc description of target
#------------------- ---------- ----- -------------------- ---------- ----- --------- ------ ----- --- --- --------- --------- ------ ----- ----- ----- ----- ----- ----- ----- ---- ---------------------
2859_g               -            154 14134at5820          -            148   1.5e-59  198.0  22.9   1   1   2.7e-62   1.8e-59  197.7  22.9     3   142    14   154    12   154 0.98 length=154	scaffold=scaffold00708	strand=+
1881_g               -            152 14134at5820          -            148   2.2e-05   22.2   4.2   1   2   3.2e-08   2.2e-05   22.2   4.2    83   145    15    78     2    82 0.86 length=152	scaffold=scaffold00324	strand=+
1881_g               -            152 14134at5820          -            148   2.2e-05   22.2   4.2   2   2    0.0044       2.9    5.6   2.4    66   121    71   126    70   143 0.72 length=152	scaffold=scaffold00324	strand=+
109_g                -            145 14134at5820          -            148   4.2e-05   21.3   0.8   1   1   7.7e-08   5.1e-05   21.0   0.8    36   143    30   139     4   143 0.82 length=145	scaffold=scaffold00006	strand=-
3519_g               -            151 14134at5820          -            148   0.00035   18.3   8.5   1   2   1.6e-06    0.0011   16.7   2.3    82   142    36    97    29   101 0.87 length=151	scaffold=scaffold01152	strand=+
3519_g               -            151 14134at5820          -            148   0.00035   18.3   8.5   2   2   7.6e-05     0.051   11.3   3.4    85   145    75   137    69   140 0.82 length=151	scaffold=scaffold01152	strand=+
1961_g               -            485 14134at5820          -            148   0.00059   17.6   5.5   1   3    0.0047       3.1    5.5   0.1    52   105   311   364   304   372 0.84 length=485	scaffold=scaffold00349	strand=-
1961_g               -            485 14134at5820          -            148   0.00059   17.6   5.5   2   3     5e-05     0.033   11.9   0.1    84   141   378   435   368   442 0.83 length=485	scaffold=scaffold00349	strand=-
1961_g               -            485 14134at5820          -            148   0.00059   17.6   5.5   3   3      0.21   1.4e+02    0.1   0.2    84   107   454   477   444   482 0.69 length=485	scaffold=scaffold00349	strand=-
2525_g               -            204 14134at5820          -            148    0.0062   14.2   2.9   1   2      0.14        96    0.6   0.0    80   111    70    99    63   102 0.75 length=204	scaffold=scaffold00546	strand=+
2525_g               -            204 14134at5820          -            148    0.0062   14.2   2.9   2   2     2e-05     0.013   13.2   2.2    26   143    83   199    78   203 0.80 length=204	scaffold=scaffold00546	strand=+
#
# Program:         hmmsearch
# Version:         3.1b2 (February 2015)
# Pipeline mode:   SEARCH
# Query file:      /export/home/bio1901/Documents/29_BINP/OrthoSearch/busco_downloads/lineages/plasmodium_odb10/hmms/14134at5820.hmm
# Target file:     Results/1_GeneSequences/PB.faa
# Option settings: /home/users/bio1901/miniconda3/envs/busco/bin/hmmsearch --domtblout /export/home/bio1901/Documents/29_BINP/OrthoSearch/PB/run_plasmodium_odb10/hmmer_output/14134at5820.out --cpu 1 /export/home/bio1901/Documents/29_BINP/OrthoSearch/busco_downloads/lineages/plasmodium_odb10/hmms/14134at5820.hmm Results/1_GeneSequences/PB.faa 
# Current dir:     /export/home/bio1901/Documents/29_BINP/OrthoSearch
# Date:            Sun Mar 15 17:44:27 2020
# [ok]
