#                                                                            --- full sequence --- -------------- this domain -------------   hmm coord   ali coord   env coord
# target name        accession   tlen query name           accession   qlen   E-value  score  bias   #  of  c-Evalue  i-Evalue  score  bias  from    to  from    to  from    to  acc description of target
#------------------- ---------- ----- -------------------- ---------- ----- --------- ------ ----- --- --- --------- --------- ------ ----- ----- ----- ----- ----- ----- ----- ---- ---------------------
3106_g               -            227 14189at5820          -            195   4.9e-58  193.9  30.6   1   2   0.00016      0.13    9.8   6.9    40    97     2    57     1    65 0.72 length=227	scaffold=scaffold00850	strand=+	adjustedToFrame=2
3106_g               -            227 14189at5820          -            195   4.9e-58  193.9  30.6   2   2     7e-60   5.6e-57  190.4  15.1    54   195    88   226    75   226 0.89 length=227	scaffold=scaffold00850	strand=+	adjustedToFrame=2
109_g                -            145 14189at5820          -            195   4.4e-11   40.7   0.7   1   2    0.0011       0.9    7.0   0.0   117   151     6    35     1    55 0.54 length=145	scaffold=scaffold00006	strand=-
109_g                -            145 14189at5820          -            195   4.4e-11   40.7   0.7   2   2   2.3e-11   1.9e-08   32.1   0.2   119   186    76   139    59   144 0.76 length=145	scaffold=scaffold00006	strand=-
2525_g               -            204 14189at5820          -            195     4e-06   24.5   0.1   1   1   9.8e-09   7.8e-06   23.5   0.1    57   175    77   195    70   202 0.73 length=204	scaffold=scaffold00546	strand=+
3519_g               -            151 14189at5820          -            195   0.00022   18.8   3.2   1   2     8e-07   0.00064   17.3   1.3   114   191    31   103    27   108 0.84 length=151	scaffold=scaffold01152	strand=+
3519_g               -            151 14189at5820          -            195   0.00022   18.8   3.2   2   2      0.03        24    2.3   0.1   117   147   105   136    96   146 0.72 length=151	scaffold=scaffold01152	strand=+
2238_g               -            136 14189at5820          -            195    0.0023   15.5   0.0   1   2    0.0028       2.3    5.7   0.0   124   155     8    39     2    61 0.89 length=136	scaffold=scaffold00435	strand=-
2238_g               -            136 14189at5820          -            195    0.0023   15.5   0.0   2   2   0.00051      0.41    8.1   0.0    16    62    71   118    67   131 0.82 length=136	scaffold=scaffold00435	strand=-
#
# Program:         hmmsearch
# Version:         3.1b2 (February 2015)
# Pipeline mode:   SEARCH
# Query file:      /export/home/bio1901/Documents/29_BINP/OrthoSearch/busco_downloads/lineages/plasmodium_odb10/hmms/14189at5820.hmm
# Target file:     Results/1_GeneSequences/PB.faa
# Option settings: /home/users/bio1901/miniconda3/envs/busco/bin/hmmsearch --domtblout /export/home/bio1901/Documents/29_BINP/OrthoSearch/PB/run_plasmodium_odb10/hmmer_output/14189at5820.out --cpu 1 /export/home/bio1901/Documents/29_BINP/OrthoSearch/busco_downloads/lineages/plasmodium_odb10/hmms/14189at5820.hmm Results/1_GeneSequences/PB.faa 
# Current dir:     /export/home/bio1901/Documents/29_BINP/OrthoSearch
# Date:            Sun Mar 15 17:44:28 2020
# [ok]
