#                                                                            --- full sequence --- -------------- this domain -------------   hmm coord   ali coord   env coord
# target name        accession   tlen query name           accession   qlen   E-value  score  bias   #  of  c-Evalue  i-Evalue  score  bias  from    to  from    to  from    to  acc description of target
#------------------- ---------- ----- -------------------- ---------- ----- --------- ------ ----- --- --- --------- --------- ------ ----- ----- ----- ----- ----- ----- ----- ---- ---------------------
810_g                -            499 14541at5820          -             93      0.26    9.8  12.3   1   3       1.9   3.7e+03   -3.6   0.0    56    71    63    78    54    80 0.68 length=499	scaffold=scaffold00090	strand=-
810_g                -            499 14541at5820          -             93      0.26    9.8  12.3   2   3   1.9e-05     0.038   12.4   6.5    18    79   149   220   143   233 0.80 length=499	scaffold=scaffold00090	strand=-
810_g                -            499 14541at5820          -             93      0.26    9.8  12.3   3   3       1.6   3.2e+03   -3.4   0.1    14    21   276   283   262   293 0.50 length=499	scaffold=scaffold00090	strand=-
3943_g               -            849 14541at5820          -             93       2.2    6.8  18.3   1   5    0.0013       2.5    6.6   0.5     6    32   204   230   201   238 0.81 length=849	scaffold=scaffold01529	strand=-
3943_g               -            849 14541at5820          -             93       2.2    6.8  18.3   2   5   0.00012      0.24    9.9   0.3    19    67   319   366   306   388 0.79 length=849	scaffold=scaffold01529	strand=-
3943_g               -            849 14541at5820          -             93       2.2    6.8  18.3   3   5      0.31   6.2e+02   -1.1   0.0    25    59   430   463   406   476 0.75 length=849	scaffold=scaffold01529	strand=-
3943_g               -            849 14541at5820          -             93       2.2    6.8  18.3   4   5      0.22   4.4e+02   -0.6   0.0    56    76   657   677   625   696 0.68 length=849	scaffold=scaffold01529	strand=-
3943_g               -            849 14541at5820          -             93       2.2    6.8  18.3   5   5         1     2e+03   -2.7   0.7    16    44   817   847   805   848 0.57 length=849	scaffold=scaffold01529	strand=-
#
# Program:         hmmsearch
# Version:         3.1b2 (February 2015)
# Pipeline mode:   SEARCH
# Query file:      /export/home/bio1901/Documents/29_BINP/OrthoSearch/busco_downloads/lineages/plasmodium_odb10/hmms/14541at5820.hmm
# Target file:     Results/1_GeneSequences/PB.faa
# Option settings: /home/users/bio1901/miniconda3/envs/busco/bin/hmmsearch --domtblout /export/home/bio1901/Documents/29_BINP/OrthoSearch/PB/run_plasmodium_odb10/hmmer_output/14541at5820.out --cpu 1 /export/home/bio1901/Documents/29_BINP/OrthoSearch/busco_downloads/lineages/plasmodium_odb10/hmms/14541at5820.hmm Results/1_GeneSequences/PB.faa 
# Current dir:     /export/home/bio1901/Documents/29_BINP/OrthoSearch
# Date:            Sun Mar 15 17:45:16 2020
# [ok]
