#                                                                            --- full sequence --- -------------- this domain -------------   hmm coord   ali coord   env coord
# target name        accession   tlen query name           accession   qlen   E-value  score  bias   #  of  c-Evalue  i-Evalue  score  bias  from    to  from    to  from    to  acc description of target
#------------------- ---------- ----- -------------------- ---------- ----- --------- ------ ----- --- --- --------- --------- ------ ----- ----- ----- ----- ----- ----- ----- ---- ---------------------
1296_g               -            131 14603at5820          -             96   3.4e-08   31.4   0.0   1   1   1.4e-10   6.3e-08   30.5   0.0    46    80     1    36     1    55 0.81 length=131	scaffold=scaffold00180	strand=-
671_g                -            430 14603at5820          -             96   2.4e-07   28.6   0.7   1   3   0.00014     0.061   11.3   0.0     5    36    29    63    26    90 0.77 length=430	scaffold=scaffold00070	strand=+
671_g                -            430 14603at5820          -             96   2.4e-07   28.6   0.7   2   3         1   4.5e+02   -1.1   0.1     2    31    94   123    93   149 0.83 length=430	scaffold=scaffold00070	strand=+
671_g                -            430 14603at5820          -             96   2.4e-07   28.6   0.7   3   3   2.7e-05     0.012   13.6   0.0     9    84   176   253   169   258 0.71 length=430	scaffold=scaffold00070	strand=+
2893_g               -            444 14603at5820          -             96     2e-06   25.7   0.0   1   3      0.27   1.2e+02    0.8   0.0    46    85    37    76    33    81 0.85 length=444	scaffold=scaffold00726	strand=+
2893_g               -            444 14603at5820          -             96     2e-06   25.7   0.0   2   3      0.76   3.4e+02   -0.7   0.0    38    82   220   266   207   273 0.70 length=444	scaffold=scaffold00726	strand=+
2893_g               -            444 14603at5820          -             96     2e-06   25.7   0.0   3   3   2.5e-07   0.00011   20.1   0.0    18    59   329   370   320   401 0.75 length=444	scaffold=scaffold00726	strand=+
2846_g               -            143 14603at5820          -             96   1.3e-05   23.1   0.1   1   1   4.2e-08   1.9e-05   22.6   0.1    19    83    21    87    13   101 0.78 length=143	scaffold=scaffold00700	strand=+
2439_g               -            216 14603at5820          -             96   5.4e-05   21.1   0.0   1   1   2.1e-07   9.1e-05   20.4   0.0    26    88    51   114    31   119 0.87 length=216	scaffold=scaffold00513	strand=-
1544_g               -            518 14603at5820          -             96   0.00024   19.1   1.2   1   4       2.2   9.9e+02   -2.2   0.1    12    58   161   177   145   200 0.61 length=518	scaffold=scaffold00238	strand=-
1544_g               -            518 14603at5820          -             96   0.00024   19.1   1.2   2   4       2.6   1.1e+03   -2.4   0.0    23    44   192   212   173   217 0.66 length=518	scaffold=scaffold00238	strand=-
1544_g               -            518 14603at5820          -             96   0.00024   19.1   1.2   3   4   6.4e-06    0.0028   15.6   0.0    11    48   427   462   416   478 0.79 length=518	scaffold=scaffold00238	strand=-
1544_g               -            518 14603at5820          -             96   0.00024   19.1   1.2   4   4       1.5   6.6e+02   -1.6   0.0    42    70   479   507   469   511 0.82 length=518	scaffold=scaffold00238	strand=-
1731_g               -            194 14603at5820          -             96   0.00061   17.7   0.1   1   2      0.72   3.2e+02   -0.6   1.3    55    71    37    53     9    64 0.58 length=194	scaffold=scaffold00282	strand=-
1731_g               -            194 14603at5820          -             96   0.00061   17.7   0.1   2   2   1.4e-06   0.00061   17.7   0.1     5    95    75   165    71   166 0.92 length=194	scaffold=scaffold00282	strand=-
776_g                -            502 14603at5820          -             96    0.0042   15.1   0.1   1   2   0.00025      0.11   10.5   0.0    21    81    56   118    40   124 0.80 length=502	scaffold=scaffold00085	strand=-
776_g                -            502 14603at5820          -             96    0.0042   15.1   0.1   2   2      0.22        98    1.1   0.0    20    47   400   427   383   469 0.80 length=502	scaffold=scaffold00085	strand=-
1890_g               -            181 14603at5820          -             96     0.013   13.5   0.1   1   2    0.0002      0.09   10.8   0.0    22    62    50    90    34    98 0.87 length=181	scaffold=scaffold00326	strand=+
1890_g               -            181 14603at5820          -             96     0.013   13.5   0.1   2   2      0.62   2.7e+02   -0.4   0.0    59    80   108   129    97   138 0.77 length=181	scaffold=scaffold00326	strand=+
#
# Program:         hmmsearch
# Version:         3.1b2 (February 2015)
# Pipeline mode:   SEARCH
# Query file:      /export/home/bio1901/Documents/29_BINP/OrthoSearch/busco_downloads/lineages/plasmodium_odb10/hmms/14603at5820.hmm
# Target file:     Results/1_GeneSequences/PB.faa
# Option settings: /home/users/bio1901/miniconda3/envs/busco/bin/hmmsearch --domtblout /export/home/bio1901/Documents/29_BINP/OrthoSearch/PB/run_plasmodium_odb10/hmmer_output/14603at5820.out --cpu 1 /export/home/bio1901/Documents/29_BINP/OrthoSearch/busco_downloads/lineages/plasmodium_odb10/hmms/14603at5820.hmm Results/1_GeneSequences/PB.faa 
# Current dir:     /export/home/bio1901/Documents/29_BINP/OrthoSearch
# Date:            Sun Mar 15 17:45:22 2020
# [ok]
