#                                                                            --- full sequence --- -------------- this domain -------------   hmm coord   ali coord   env coord
# target name        accession   tlen query name           accession   qlen   E-value  score  bias   #  of  c-Evalue  i-Evalue  score  bias  from    to  from    to  from    to  acc description of target
#------------------- ---------- ----- -------------------- ---------- ----- --------- ------ ----- --- --- --------- --------- ------ ----- ----- ----- ----- ----- ----- ----- ---- ---------------------
1881_g               -            152 14652at5820          -             79   1.3e-07   29.6   3.7   1   3   2.6e-10   1.3e-07   29.6   3.7    12    78    10    80     3    81 0.92 length=152	scaffold=scaffold00324	strand=+
1881_g               -            152 14652at5820          -             79   1.3e-07   29.6   3.7   2   3      0.46   2.3e+02   -0.0   0.2     9    26    83   100    74   111 0.64 length=152	scaffold=scaffold00324	strand=+
1881_g               -            152 14652at5820          -             79   1.3e-07   29.6   3.7   3   3     0.011       5.4    5.2   0.7    22    51   113   143    94   151 0.78 length=152	scaffold=scaffold00324	strand=+
109_g                -            145 14652at5820          -             79   2.6e-06   25.4   8.4   1   2   0.00016     0.081   11.0   0.1    10    75     3    67     1    71 0.81 length=145	scaffold=scaffold00006	strand=-
109_g                -            145 14652at5820          -             79   2.6e-06   25.4   8.4   2   2   1.6e-05     0.008   14.3   4.2    13    73    74   138    64   141 0.78 length=145	scaffold=scaffold00006	strand=-
3519_g               -            151 14652at5820          -             79   6.3e-06   24.2   3.6   1   2   1.3e-08   6.3e-06   24.2   3.6     9    73    29    97    24   103 0.88 length=151	scaffold=scaffold01152	strand=+
3519_g               -            151 14652at5820          -             79   6.3e-06   24.2   3.6   2   2      0.16        78    1.5   0.4     9    29   125   142   116   151 0.75 length=151	scaffold=scaffold01152	strand=+
157_g                -            340 14652at5820          -             79   0.00011   20.2  20.8   1   4    0.0036       1.8    6.7   1.5    20    71    59   114    51   116 0.67 length=340	scaffold=scaffold00009	strand=+
157_g                -            340 14652at5820          -             79   0.00011   20.2  20.8   2   4   0.00013     0.063   11.4   1.8    18    77    93   160    83   161 0.78 length=340	scaffold=scaffold00009	strand=+
157_g                -            340 14652at5820          -             79   0.00011   20.2  20.8   3   4    0.0074       3.7    5.7   3.9    20    72   135   192   119   195 0.73 length=340	scaffold=scaffold00009	strand=+
157_g                -            340 14652at5820          -             79   0.00011   20.2  20.8   4   4   3.9e-06    0.0019   16.2   0.9    17    43   207   233   194   240 0.79 length=340	scaffold=scaffold00009	strand=+
1961_g               -            485 14652at5820          -             79    0.0045   15.0   9.8   1   4       1.1   5.3e+02   -1.2   0.1    41    60    86   105    83   109 0.81 length=485	scaffold=scaffold00349	strand=-
1961_g               -            485 14652at5820          -             79    0.0045   15.0   9.8   2   4      0.18        92    1.2   0.1    51    73   379   401   371   405 0.84 length=485	scaffold=scaffold00349	strand=-
1961_g               -            485 14652at5820          -             79    0.0045   15.0   9.8   3   4    0.0011      0.56    8.3   0.1    17    50   412   445   397   448 0.83 length=485	scaffold=scaffold00349	strand=-
1961_g               -            485 14652at5820          -             79    0.0045   15.0   9.8   4   4    0.0002     0.099   10.8   0.7     9    44   445   480   442   483 0.91 length=485	scaffold=scaffold00349	strand=-
3015_g               -            760 14652at5820          -             79    0.0081   14.2  17.8   1   5       6.9   3.4e+03   -3.8   0.7    25    51    46    74    26    78 0.61 length=760	scaffold=scaffold00797	strand=-	adjustedToFrame=3
3015_g               -            760 14652at5820          -             79    0.0081   14.2  17.8   2   5       1.2   6.1e+02   -1.4   0.1    34    58   205   229   199   242 0.73 length=760	scaffold=scaffold00797	strand=-	adjustedToFrame=3
3015_g               -            760 14652at5820          -             79    0.0081   14.2  17.8   3   5   0.00018     0.087   10.9   0.0    13    73   609   672   602   677 0.82 length=760	scaffold=scaffold00797	strand=-	adjustedToFrame=3
3015_g               -            760 14652at5820          -             79    0.0081   14.2  17.8   4   5     0.015       7.3    4.8   0.1    23    45   690   712   677   718 0.85 length=760	scaffold=scaffold00797	strand=-	adjustedToFrame=3
3015_g               -            760 14652at5820          -             79    0.0081   14.2  17.8   5   5    0.0014      0.69    8.0   1.0    12    48   720   753   712   756 0.74 length=760	scaffold=scaffold00797	strand=-	adjustedToFrame=3
1607_g               -            164 14652at5820          -             79     0.012   13.7   0.0   1   1   4.6e-05     0.023   12.8   0.0    40    70    31    61    19    65 0.90 length=164	scaffold=scaffold00252	strand=-
2468_g               -            235 14652at5820          -             79     0.036   12.2  12.7   1   3      0.53   2.6e+02   -0.2   0.2    47    61   100   113    63   126 0.57 length=235	scaffold=scaffold00525	strand=+
2468_g               -            235 14652at5820          -             79     0.036   12.2  12.7   2   3   1.8e-05    0.0091   14.1   3.6    19    60   121   165   105   175 0.81 length=235	scaffold=scaffold00525	strand=+
2468_g               -            235 14652at5820          -             79     0.036   12.2  12.7   3   3     0.041        21    3.3   0.4    24    40   211   227   189   233 0.79 length=235	scaffold=scaffold00525	strand=+
#
# Program:         hmmsearch
# Version:         3.1b2 (February 2015)
# Pipeline mode:   SEARCH
# Query file:      /export/home/bio1901/Documents/29_BINP/OrthoSearch/busco_downloads/lineages/plasmodium_odb10/hmms/14652at5820.hmm
# Target file:     Results/1_GeneSequences/PB.faa
# Option settings: /home/users/bio1901/miniconda3/envs/busco/bin/hmmsearch --domtblout /export/home/bio1901/Documents/29_BINP/OrthoSearch/PB/run_plasmodium_odb10/hmmer_output/14652at5820.out --cpu 1 /export/home/bio1901/Documents/29_BINP/OrthoSearch/busco_downloads/lineages/plasmodium_odb10/hmms/14652at5820.hmm Results/1_GeneSequences/PB.faa 
# Current dir:     /export/home/bio1901/Documents/29_BINP/OrthoSearch
# Date:            Sun Mar 15 17:45:25 2020
# [ok]
