#                                                                            --- full sequence --- -------------- this domain -------------   hmm coord   ali coord   env coord
# target name        accession   tlen query name           accession   qlen   E-value  score  bias   #  of  c-Evalue  i-Evalue  score  bias  from    to  from    to  from    to  acc description of target
#------------------- ---------- ----- -------------------- ---------- ----- --------- ------ ----- --- --- --------- --------- ------ ----- ----- ----- ----- ----- ----- ----- ---- ---------------------
1722_g               -           1231 1468at5820           -            858         0 1337.7  67.2   1   4  2.8e-230  5.5e-227  753.7  25.7     1   505     1   533     1   540 0.88 length=1231	scaffold=scaffold00280	strand=-
1722_g               -           1231 1468at5820           -            858         0 1337.7  67.2   2   4     5e-16   9.9e-13   44.9   5.4   422   491   522   596   512   603 0.77 length=1231	scaffold=scaffold00280	strand=-
1722_g               -           1231 1468at5820           -            858         0 1337.7  67.2   3   4  1.5e-124  2.9e-121  403.9   9.1   462   754   608   897   604   902 0.92 length=1231	scaffold=scaffold00280	strand=-
1722_g               -           1231 1468at5820           -            858         0 1337.7  67.2   4   4   2.4e-48   4.7e-45  151.8   9.7   712   850   891  1032   874  1039 0.91 length=1231	scaffold=scaffold00280	strand=-
3122_g               -            429 1468at5820           -            858   1.4e-19   67.6  26.3   1   3   1.6e-08   3.2e-05   20.0   0.6   232   268     5    41     2    93 0.75 length=429	scaffold=scaffold00858	strand=-	adjustedToFrame=2
3122_g               -            429 1468at5820           -            858   1.4e-19   67.6  26.3   2   3   4.1e-16   8.2e-13   45.2  10.6   264   416   153   314   145   334 0.74 length=429	scaffold=scaffold00858	strand=-	adjustedToFrame=2
3122_g               -            429 1468at5820           -            858   1.4e-19   67.6  26.3   3   3   1.7e-06    0.0034   13.3   0.3   616   670   352   404   344   424 0.86 length=429	scaffold=scaffold00858	strand=-	adjustedToFrame=2
#
# Program:         hmmsearch
# Version:         3.1b2 (February 2015)
# Pipeline mode:   SEARCH
# Query file:      /export/home/bio1901/Documents/29_BINP/OrthoSearch/busco_downloads/lineages/plasmodium_odb10/hmms/1468at5820.hmm
# Target file:     Results/1_GeneSequences/PB.faa
# Option settings: /home/users/bio1901/miniconda3/envs/busco/bin/hmmsearch --domtblout /export/home/bio1901/Documents/29_BINP/OrthoSearch/PB/run_plasmodium_odb10/hmmer_output/1468at5820.out --cpu 1 /export/home/bio1901/Documents/29_BINP/OrthoSearch/busco_downloads/lineages/plasmodium_odb10/hmms/1468at5820.hmm Results/1_GeneSequences/PB.faa 
# Current dir:     /export/home/bio1901/Documents/29_BINP/OrthoSearch
# Date:            Sun Mar 15 17:45:26 2020
# [ok]
