#                                                                            --- full sequence --- -------------- this domain -------------   hmm coord   ali coord   env coord
# target name        accession   tlen query name           accession   qlen   E-value  score  bias   #  of  c-Evalue  i-Evalue  score  bias  from    to  from    to  from    to  acc description of target
#------------------- ---------- ----- -------------------- ---------- ----- --------- ------ ----- --- --- --------- --------- ------ ----- ----- ----- ----- ----- ----- ----- ---- ---------------------
3512_g               -            114 14831at5820          -            106   9.8e-29   97.5   3.6   1   1     5e-31   2.5e-28   96.2   3.6     1    91     1    97     1   111 0.76 length=114	scaffold=scaffold01144	strand=-
733_g                -            865 14831at5820          -            106   1.4e-12   45.5  22.9   1   5   2.7e-05     0.014   13.5   0.0     4    74    16    92    13   105 0.84 length=865	scaffold=scaffold00078	strand=+
733_g                -            865 14831at5820          -            106   1.4e-12   45.5  22.9   2   5   3.8e-06    0.0019   16.2   0.5     6    77   106   182   101   195 0.83 length=865	scaffold=scaffold00078	strand=+
733_g                -            865 14831at5820          -            106   1.4e-12   45.5  22.9   3   5   2.7e-07   0.00014   19.9   1.8     5    96   194   289   189   300 0.73 length=865	scaffold=scaffold00078	strand=+
733_g                -            865 14831at5820          -            106   1.4e-12   45.5  22.9   4   5   0.00035      0.18    9.9   0.0     5    83   393   476   390   492 0.82 length=865	scaffold=scaffold00078	strand=+
733_g                -            865 14831at5820          -            106   1.4e-12   45.5  22.9   5   5       5.3   2.6e+03   -3.5   1.1    28    49   745   766   723   776 0.70 length=865	scaffold=scaffold00078	strand=+
3867_g               -            446 14831at5820          -            106   1.5e-11   42.2   6.4   1   3   2.4e-06    0.0012   16.9   0.0     6    39    45    78    42    84 0.93 length=446	scaffold=scaffold01456	strand=+
3867_g               -            446 14831at5820          -            106   1.5e-11   42.2   6.4   2   3   1.7e-05    0.0085   14.1   0.3     2    61   139   203   138   249 0.70 length=446	scaffold=scaffold01456	strand=+
3867_g               -            446 14831at5820          -            106   1.5e-11   42.2   6.4   3   3   4.6e-05     0.023   12.7   0.6     5    95   337   434   334   442 0.71 length=446	scaffold=scaffold01456	strand=+
1733_g               -            239 14831at5820          -            106   4.8e-10   37.4   0.7   1   2   1.1e-05    0.0055   14.7   0.1     6    93    16   104    11   118 0.77 length=239	scaffold=scaffold00282	strand=+
1733_g               -            239 14831at5820          -            106   4.8e-10   37.4   0.7   2   2     1e-07   5.2e-05   21.2   0.1     5    76   159   235   156   238 0.80 length=239	scaffold=scaffold00282	strand=+
2817_g               -            153 14831at5820          -            106   1.5e-07   29.4   0.1   1   1   5.6e-10   2.8e-07   28.5   0.1     3    80     6    89     4    95 0.84 length=153	scaffold=scaffold00686	strand=+
2743_g               -            843 14831at5820          -            106   2.5e-07   28.7   0.0   1   9       2.1   1.1e+03   -2.3   0.9    89    95    67    73    44    96 0.47 length=843	scaffold=scaffold00647	strand=-
2743_g               -            843 14831at5820          -            106   2.5e-07   28.7   0.0   2   9       3.1   1.5e+03   -2.8   3.8    72   102   143   172   125   184 0.47 length=843	scaffold=scaffold00647	strand=-
2743_g               -            843 14831at5820          -            106   2.5e-07   28.7   0.0   3   9         5   2.5e+03   -3.5   6.9    60   101   186   227   173   235 0.74 length=843	scaffold=scaffold00647	strand=-
2743_g               -            843 14831at5820          -            106   2.5e-07   28.7   0.0   4   9         8     4e+03   -6.3  13.6    51   104   233   279   223   286 0.47 length=843	scaffold=scaffold00647	strand=-
2743_g               -            843 14831at5820          -            106   2.5e-07   28.7   0.0   5   9         8     4e+03   -4.7   3.6    92    92   313   313   283   348 0.59 length=843	scaffold=scaffold00647	strand=-
2743_g               -            843 14831at5820          -            106   2.5e-07   28.7   0.0   6   9         8     4e+03   -9.1  10.3   102   102   365   365   322   411 0.62 length=843	scaffold=scaffold00647	strand=-
2743_g               -            843 14831at5820          -            106   2.5e-07   28.7   0.0   7   9      0.14        72    1.5   0.0     4    40   428   465   425   518 0.72 length=843	scaffold=scaffold00647	strand=-
2743_g               -            843 14831at5820          -            106   2.5e-07   28.7   0.0   8   9     5e-10   2.5e-07   28.7   0.0    14   102   540   636   529   640 0.82 length=843	scaffold=scaffold00647	strand=-
2743_g               -            843 14831at5820          -            106   2.5e-07   28.7   0.0   9   9     0.026        13    3.9   0.1    40    77   771   807   763   828 0.76 length=843	scaffold=scaffold00647	strand=-
545_g                -            500 14831at5820          -            106   6.3e-06   24.2   2.6   1   5         8     4e+03   -6.5   8.7    76    94    34    50     4    74 0.45 length=500	scaffold=scaffold00054	strand=+
545_g                -            500 14831at5820          -            106   6.3e-06   24.2   2.6   2   5   1.3e-08   6.3e-06   24.2   2.6    17    75   136   195   120   236 0.68 length=500	scaffold=scaffold00054	strand=+
545_g                -            500 14831at5820          -            106   6.3e-06   24.2   2.6   3   5       4.8   2.4e+03   -3.4   1.5    69    94   285   310   272   324 0.50 length=500	scaffold=scaffold00054	strand=+
545_g                -            500 14831at5820          -            106   6.3e-06   24.2   2.6   4   5         8     4e+03   -6.1   7.0    76    96   389   409   368   421 0.54 length=500	scaffold=scaffold00054	strand=+
545_g                -            500 14831at5820          -            106   6.3e-06   24.2   2.6   5   5         8     4e+03   -7.3  11.9    68   100   407   445   401   451 0.46 length=500	scaffold=scaffold00054	strand=+
3449_g               -            446 14831at5820          -            106    0.0016   16.4   1.0   1   2   3.2e-06    0.0016   16.4   1.0     3    40   238   275   236   336 0.73 length=446	scaffold=scaffold01092	strand=+
3449_g               -            446 14831at5820          -            106    0.0016   16.4   1.0   2   2       1.3   6.5e+02   -1.6   0.5    10    52   344   385   335   392 0.47 length=446	scaffold=scaffold01092	strand=+
#
# Program:         hmmsearch
# Version:         3.1b2 (February 2015)
# Pipeline mode:   SEARCH
# Query file:      /export/home/bio1901/Documents/29_BINP/OrthoSearch/busco_downloads/lineages/plasmodium_odb10/hmms/14831at5820.hmm
# Target file:     Results/1_GeneSequences/PB.faa
# Option settings: /home/users/bio1901/miniconda3/envs/busco/bin/hmmsearch --domtblout /export/home/bio1901/Documents/29_BINP/OrthoSearch/PB/run_plasmodium_odb10/hmmer_output/14831at5820.out --cpu 1 /export/home/bio1901/Documents/29_BINP/OrthoSearch/busco_downloads/lineages/plasmodium_odb10/hmms/14831at5820.hmm Results/1_GeneSequences/PB.faa 
# Current dir:     /export/home/bio1901/Documents/29_BINP/OrthoSearch
# Date:            Sun Mar 15 17:45:36 2020
# [ok]
