#                                                                            --- full sequence --- -------------- this domain -------------   hmm coord   ali coord   env coord
# target name        accession   tlen query name           accession   qlen   E-value  score  bias   #  of  c-Evalue  i-Evalue  score  bias  from    to  from    to  from    to  acc description of target
#------------------- ---------- ----- -------------------- ---------- ----- --------- ------ ----- --- --- --------- --------- ------ ----- ----- ----- ----- ----- ----- ----- ---- ---------------------
1880_g               -           1671 1487at5820           -            996         0 1086.5 178.4   1   9   2.2e-37   4.4e-34  115.6  10.0     1    99    10   119    10   123 0.89 length=1671	scaffold=scaffold00323	strand=+
1880_g               -           1671 1487at5820           -            996         0 1086.5 178.4   2   9   2.3e-46   4.6e-43  145.3  12.5    97   214   140   271   124   275 0.89 length=1671	scaffold=scaffold00323	strand=+
1880_g               -           1671 1487at5820           -            996         0 1086.5 178.4   3   9   6.9e-35   1.4e-31  107.3   3.6   202   299   301   403   273   414 0.84 length=1671	scaffold=scaffold00323	strand=+
1880_g               -           1671 1487at5820           -            996         0 1086.5 178.4   4   9   1.1e-41   2.1e-38  129.9   8.8   288   421   474   637   463   642 0.79 length=1671	scaffold=scaffold00323	strand=+
1880_g               -           1671 1487at5820           -            996         0 1086.5 178.4   5   9    0.0098        20    0.9   0.0   428   451   717   740   704   753 0.79 length=1671	scaffold=scaffold00323	strand=+
1880_g               -           1671 1487at5820           -            996         0 1086.5 178.4   6   9   3.9e-62   7.8e-59  197.5  23.0   443   586   767   918   760   930 0.89 length=1671	scaffold=scaffold00323	strand=+
1880_g               -           1671 1487at5820           -            996         0 1086.5 178.4   7   9   2.5e-39     5e-36  122.0  31.6   581   718   958  1128   952  1161 0.74 length=1671	scaffold=scaffold00323	strand=+
1880_g               -           1671 1487at5820           -            996         0 1086.5 178.4   8   9   2.8e-58   5.6e-55  184.8  24.1   644   842  1150  1352  1136  1442 0.75 length=1671	scaffold=scaffold00323	strand=+
1880_g               -           1671 1487at5820           -            996         0 1086.5 178.4   9   9   2.2e-36   4.5e-33  112.3   9.3   860   976  1495  1631  1489  1669 0.85 length=1671	scaffold=scaffold00323	strand=+
2983_g               -            732 1487at5820           -            996   1.4e-05   21.3   0.5   1   3   6.9e-09   1.4e-05   21.3   0.5   161   256    31   130    17   140 0.77 length=732	scaffold=scaffold00774	strand=-
2983_g               -            732 1487at5820           -            996   1.4e-05   21.3   0.5   2   3   0.00023      0.47    6.3   0.0   647   692   132   177   128   196 0.81 length=732	scaffold=scaffold00774	strand=-
2983_g               -            732 1487at5820           -            996   1.4e-05   21.3   0.5   3   3      0.58   1.2e+03   -5.0   2.4   532   582   525   576   512   582 0.68 length=732	scaffold=scaffold00774	strand=-
#
# Program:         hmmsearch
# Version:         3.1b2 (February 2015)
# Pipeline mode:   SEARCH
# Query file:      /export/home/bio1901/Documents/29_BINP/OrthoSearch/busco_downloads/lineages/plasmodium_odb10/hmms/1487at5820.hmm
# Target file:     Results/1_GeneSequences/PB.faa
# Option settings: /home/users/bio1901/miniconda3/envs/busco/bin/hmmsearch --domtblout /export/home/bio1901/Documents/29_BINP/OrthoSearch/PB/run_plasmodium_odb10/hmmer_output/1487at5820.out --cpu 1 /export/home/bio1901/Documents/29_BINP/OrthoSearch/busco_downloads/lineages/plasmodium_odb10/hmms/1487at5820.hmm Results/1_GeneSequences/PB.faa 
# Current dir:     /export/home/bio1901/Documents/29_BINP/OrthoSearch
# Date:            Sun Mar 15 17:45:37 2020
# [ok]
