#                                                                            --- full sequence --- -------------- this domain -------------   hmm coord   ali coord   env coord
# target name        accession   tlen query name           accession   qlen   E-value  score  bias   #  of  c-Evalue  i-Evalue  score  bias  from    to  from    to  from    to  acc description of target
#------------------- ---------- ----- -------------------- ---------- ----- --------- ------ ----- --- --- --------- --------- ------ ----- ----- ----- ----- ----- ----- ----- ---- ---------------------
2016_g               -           1125 1494at5820           -            912         0 1643.9  58.7   1   5    1e-208    5e-206  684.4  13.9     3   352    44   403    42   426 0.95 length=1125	scaffold=scaffold00365	strand=+
2016_g               -           1125 1494at5820           -            912         0 1643.9  58.7   2   5   2.7e-37   1.3e-34  117.1   2.6   352   436   457   550   449   564 0.90 length=1125	scaffold=scaffold00365	strand=+
2016_g               -           1125 1494at5820           -            912         0 1643.9  58.7   3   5   1.1e-17   5.6e-15   52.2   0.4   428   478   598   655   588   660 0.84 length=1125	scaffold=scaffold00365	strand=+
2016_g               -           1125 1494at5820           -            912         0 1643.9  58.7   4   5  5.7e-212  2.8e-209  695.2   6.7   477   816   679  1038   672  1039 0.96 length=1125	scaffold=scaffold00365	strand=+
2016_g               -           1125 1494at5820           -            912         0 1643.9  58.7   5   5   6.5e-38   3.3e-35  119.2   5.6   841   910  1038  1110  1037  1112 0.96 length=1125	scaffold=scaffold00365	strand=+
2280_g               -           1331 1494at5820           -            912  6.6e-108  359.7  18.5   1   4   5.1e-53   2.6e-50  169.2   7.3     6   331   183   496   178   520 0.91 length=1331	scaffold=scaffold00452	strand=-
2280_g               -           1331 1494at5820           -            912  6.6e-108  359.7  18.5   2   4   1.1e-08   5.5e-06   22.5   0.0   508   561   770   823   739   843 0.87 length=1331	scaffold=scaffold00452	strand=-
2280_g               -           1331 1494at5820           -            912  6.6e-108  359.7  18.5   3   4   8.1e-53   4.1e-50  168.5   0.1   583   740   886  1043   870  1108 0.92 length=1331	scaffold=scaffold00452	strand=-
2280_g               -           1331 1494at5820           -            912  6.6e-108  359.7  18.5   4   4    0.0027       1.3    4.6   0.4   814   904  1210  1301  1202  1309 0.79 length=1331	scaffold=scaffold00452	strand=-
1776_g               -           2296 1494at5820           -            912   9.1e-20   68.1  21.0   1   4   1.3e-05    0.0063   12.3   0.2    24   155   329   458   321   477 0.76 length=2296	scaffold=scaffold00294	strand=-	adjustedToFrame=2
1776_g               -           2296 1494at5820           -            912   9.1e-20   68.1  21.0   2   4   0.00019     0.095    8.4   0.3   265   329   716   781   650   832 0.87 length=2296	scaffold=scaffold00294	strand=-	adjustedToFrame=2
1776_g               -           2296 1494at5820           -            912   9.1e-20   68.1  21.0   3   4   6.4e-07   0.00032   16.6   5.3   445   561  1076  1216  1006  1241 0.72 length=2296	scaffold=scaffold00294	strand=-	adjustedToFrame=2
1776_g               -           2296 1494at5820           -            912   9.1e-20   68.1  21.0   4   4   6.1e-14     3e-11   39.9   0.2   554   706  1923  2073  1895  2084 0.75 length=2296	scaffold=scaffold00294	strand=-	adjustedToFrame=2
140_g                -           1501 1494at5820           -            912   2.5e-19   66.6  20.0   1   4   5.5e-05     0.027   10.2   0.1    30   157   393   523   378   541 0.68 length=1501	scaffold=scaffold00008	strand=+
140_g                -           1501 1494at5820           -            912   2.5e-19   66.6  20.0   2   4   6.2e-06    0.0031   13.4   2.3   170   344   600   765   567   786 0.78 length=1501	scaffold=scaffold00008	strand=+
140_g                -           1501 1494at5820           -            912   2.5e-19   66.6  20.0   3   4   4.9e-07   0.00025   17.0   0.5   505   565   996  1056   952  1074 0.82 length=1501	scaffold=scaffold00008	strand=+
140_g                -           1501 1494at5820           -            912   2.5e-19   66.6  20.0   4   4   5.9e-13   2.9e-10   36.6   0.7   571   683  1166  1281  1147  1288 0.73 length=1501	scaffold=scaffold00008	strand=+
1057_g               -           1522 1494at5820           -            912   4.9e-13   45.8  30.4   1   5    0.0014      0.71    5.6   0.1    95   133    26    64     8   100 0.85 length=1522	scaffold=scaffold00131	strand=+	adjustedToFrame=2
1057_g               -           1522 1494at5820           -            912   4.9e-13   45.8  30.4   2   5   9.4e-06    0.0047   12.8   0.8   218   336   583   701   559   834 0.71 length=1522	scaffold=scaffold00131	strand=+	adjustedToFrame=2
1057_g               -           1522 1494at5820           -            912   4.9e-13   45.8  30.4   3   5     0.025        13    1.4   1.9   393   478  1159  1248  1124  1265 0.78 length=1522	scaffold=scaffold00131	strand=+	adjustedToFrame=2
1057_g               -           1522 1494at5820           -            912   4.9e-13   45.8  30.4   4   5   1.4e-07     7e-05   18.8   0.4   504   562  1307  1365  1278  1387 0.83 length=1522	scaffold=scaffold00131	strand=+	adjustedToFrame=2
1057_g               -           1522 1494at5820           -            912   4.9e-13   45.8  30.4   5   5   4.6e-09   2.3e-06   23.7   3.5   538   647  1385  1492  1374  1504 0.78 length=1522	scaffold=scaffold00131	strand=+	adjustedToFrame=2
1388_g               -           1827 1494at5820           -            912   8.8e-12   41.6   4.0   1   4    0.0002     0.097    8.4   0.0   293   330   559   596   554   654 0.81 length=1827	scaffold=scaffold00202	strand=-
1388_g               -           1827 1494at5820           -            912   8.8e-12   41.6   4.0   2   4     0.056        28    0.3   0.1   447   481  1053  1090  1011  1110 0.80 length=1827	scaffold=scaffold00202	strand=-
1388_g               -           1827 1494at5820           -            912   8.8e-12   41.6   4.0   3   4   3.6e-09   1.8e-06   24.1   0.2   493   562  1143  1212  1122  1246 0.88 length=1827	scaffold=scaffold00202	strand=-
1388_g               -           1827 1494at5820           -            912   8.8e-12   41.6   4.0   4   4   0.00076      0.38    6.4   0.0   582   646  1373  1439  1344  1510 0.80 length=1827	scaffold=scaffold00202	strand=-
2448_g               -           1767 1494at5820           -            912   6.9e-11   38.7  15.0   1   4   2.4e-05     0.012   11.4   0.4   297   346   682   729   677   765 0.79 length=1767	scaffold=scaffold00517	strand=-	adjustedToFrame=2
2448_g               -           1767 1494at5820           -            912   6.9e-11   38.7  15.0   2   4      0.19        94   -1.5   0.3   446   491  1147  1195  1138  1228 0.72 length=1767	scaffold=scaffold00517	strand=-	adjustedToFrame=2
2448_g               -           1767 1494at5820           -            912   6.9e-11   38.7  15.0   3   4   1.3e-07   6.3e-05   19.0   0.3   505   563  1363  1421  1344  1459 0.87 length=1767	scaffold=scaffold00517	strand=-	adjustedToFrame=2
2448_g               -           1767 1494at5820           -            912   6.9e-11   38.7  15.0   4   4   6.2e-07   0.00031   16.7   0.2   580   648  1648  1718  1597  1763 0.83 length=1767	scaffold=scaffold00517	strand=-	adjustedToFrame=2
338_g                -           1711 1494at5820           -            912   2.4e-10   36.9   0.2   1   3    0.0011      0.53    6.0   0.0   294   329   669   704   657   711 0.89 length=1711	scaffold=scaffold00027	strand=+
338_g                -           1711 1494at5820           -            912   2.4e-10   36.9   0.2   2   3   1.1e-06   0.00054   15.9   0.1   506   578  1162  1236  1139  1246 0.81 length=1711	scaffold=scaffold00027	strand=+
338_g                -           1711 1494at5820           -            912   2.4e-10   36.9   0.2   3   3   3.9e-05     0.019   10.7   0.0   583   687  1368  1472  1352  1481 0.82 length=1711	scaffold=scaffold00027	strand=+
#
# Program:         hmmsearch
# Version:         3.1b2 (February 2015)
# Pipeline mode:   SEARCH
# Query file:      /export/home/bio1901/Documents/29_BINP/OrthoSearch/busco_downloads/lineages/plasmodium_odb10/hmms/1494at5820.hmm
# Target file:     Results/1_GeneSequences/PB.faa
# Option settings: /home/users/bio1901/miniconda3/envs/busco/bin/hmmsearch --domtblout /export/home/bio1901/Documents/29_BINP/OrthoSearch/PB/run_plasmodium_odb10/hmmer_output/1494at5820.out --cpu 1 /export/home/bio1901/Documents/29_BINP/OrthoSearch/busco_downloads/lineages/plasmodium_odb10/hmms/1494at5820.hmm Results/1_GeneSequences/PB.faa 
# Current dir:     /export/home/bio1901/Documents/29_BINP/OrthoSearch
# Date:            Sun Mar 15 17:45:41 2020
# [ok]
