#                                                                            --- full sequence --- -------------- this domain -------------   hmm coord   ali coord   env coord
# target name        accession   tlen query name           accession   qlen   E-value  score  bias   #  of  c-Evalue  i-Evalue  score  bias  from    to  from    to  from    to  acc description of target
#------------------- ---------- ----- -------------------- ---------- ----- --------- ------ ----- --- --- --------- --------- ------ ----- ----- ----- ----- ----- ----- ----- ---- ---------------------
840_g                -            705 1504at5820           -           1098  5.3e-185  614.9  68.6   1   3  1.4e-165  1.8e-162  540.3  26.6   511   893     9   395     2   420 0.94 length=705	scaffold=scaffold00095	strand=+
840_g                -            705 1504at5820           -           1098  5.3e-185  614.9  68.6   2   3   7.8e-10     1e-06   24.6  19.1   893   999   433   542   413   565 0.73 length=705	scaffold=scaffold00095	strand=+
840_g                -            705 1504at5820           -           1098  5.3e-185  614.9  68.6   3   3   5.9e-21   7.8e-18   61.4   8.6   961  1097   556   696   548   697 0.81 length=705	scaffold=scaffold00095	strand=+
839_g                -            598 1504at5820           -           1098  2.7e-100  334.4  81.7   1   3   3.8e-66   5.1e-63  211.0  39.6    97   336     1   304     1   316 0.83 length=598	scaffold=scaffold00095	strand=+
839_g                -            598 1504at5820           -           1098  2.7e-100  334.4  81.7   2   3      0.35   4.6e+02   -4.1  13.6   475   525   334   391   301   392 0.44 length=598	scaffold=scaffold00095	strand=+
839_g                -            598 1504at5820           -           1098  2.7e-100  334.4  81.7   3   3   3.3e-43   4.4e-40  135.1  18.0   332   510   375   583   370   591 0.73 length=598	scaffold=scaffold00095	strand=+
1679_g               -            360 1504at5820           -           1098   2.2e-12   43.4   8.3   1   2   4.8e-14   6.4e-11   38.5   1.8   499   681    45   238    11   242 0.73 length=360	scaffold=scaffold00268	strand=-
1679_g               -            360 1504at5820           -           1098   2.2e-12   43.4   8.3   2   2   5.8e-05     0.078    8.4   0.6   736   774   258   297   247   307 0.84 length=360	scaffold=scaffold00268	strand=-
#
# Program:         hmmsearch
# Version:         3.1b2 (February 2015)
# Pipeline mode:   SEARCH
# Query file:      /export/home/bio1901/Documents/29_BINP/OrthoSearch/busco_downloads/lineages/plasmodium_odb10/hmms/1504at5820.hmm
# Target file:     Results/1_GeneSequences/PB.faa
# Option settings: /home/users/bio1901/miniconda3/envs/busco/bin/hmmsearch --domtblout /export/home/bio1901/Documents/29_BINP/OrthoSearch/PB/run_plasmodium_odb10/hmmer_output/1504at5820.out --cpu 1 /export/home/bio1901/Documents/29_BINP/OrthoSearch/busco_downloads/lineages/plasmodium_odb10/hmms/1504at5820.hmm Results/1_GeneSequences/PB.faa 
# Current dir:     /export/home/bio1901/Documents/29_BINP/OrthoSearch
# Date:            Sun Mar 15 17:45:43 2020
# [ok]
