#                                                                            --- full sequence --- -------------- this domain -------------   hmm coord   ali coord   env coord
# target name        accession   tlen query name           accession   qlen   E-value  score  bias   #  of  c-Evalue  i-Evalue  score  bias  from    to  from    to  from    to  acc description of target
#------------------- ---------- ----- -------------------- ---------- ----- --------- ------ ----- --- --- --------- --------- ------ ----- ----- ----- ----- ----- ----- ----- ---- ---------------------
2239_g               -           1677 1513at5820           -            985  2.8e-145  483.8 179.1   1   7   5.1e-22     2e-18   63.9  31.3     2   179    40   240    39   260 0.81 length=1677	scaffold=scaffold00436	strand=-
2239_g               -           1677 1513at5820           -            985  2.8e-145  483.8 179.1   2   7   3.2e-38   1.3e-34  117.5  24.7   174   355   428   634   420   654 0.83 length=1677	scaffold=scaffold00436	strand=-
2239_g               -           1677 1513at5820           -            985  2.8e-145  483.8 179.1   3   7   1.1e-06    0.0044   13.1   2.4   351   385   670   704   667   707 0.92 length=1677	scaffold=scaffold00436	strand=-
2239_g               -           1677 1513at5820           -            985  2.8e-145  483.8 179.1   4   7     2e-11   7.9e-08   28.8   3.0   446   502   708   770   703   773 0.84 length=1677	scaffold=scaffold00436	strand=-
2239_g               -           1677 1513at5820           -            985  2.8e-145  483.8 179.1   5   7   1.1e-16   4.5e-13   46.2   8.3   470   551   974  1055   968  1061 0.80 length=1677	scaffold=scaffold00436	strand=-
2239_g               -           1677 1513at5820           -            985  2.8e-145  483.8 179.1   6   7   2.5e-73   9.8e-70  233.8  46.2   548   871  1141  1474  1129  1482 0.83 length=1677	scaffold=scaffold00436	strand=-
2239_g               -           1677 1513at5820           -            985  2.8e-145  483.8 179.1   7   7   4.5e-08   0.00018   17.7  14.8   874   942  1552  1627  1531  1637 0.84 length=1677	scaffold=scaffold00436	strand=-
#
# Program:         hmmsearch
# Version:         3.1b2 (February 2015)
# Pipeline mode:   SEARCH
# Query file:      /export/home/bio1901/Documents/29_BINP/OrthoSearch/busco_downloads/lineages/plasmodium_odb10/hmms/1513at5820.hmm
# Target file:     Results/1_GeneSequences/PB.faa
# Option settings: /home/users/bio1901/miniconda3/envs/busco/bin/hmmsearch --domtblout /export/home/bio1901/Documents/29_BINP/OrthoSearch/PB/run_plasmodium_odb10/hmmer_output/1513at5820.out --cpu 1 /export/home/bio1901/Documents/29_BINP/OrthoSearch/busco_downloads/lineages/plasmodium_odb10/hmms/1513at5820.hmm Results/1_GeneSequences/PB.faa 
# Current dir:     /export/home/bio1901/Documents/29_BINP/OrthoSearch
# Date:            Sun Mar 15 17:45:48 2020
# [ok]
