#                                                                            --- full sequence --- -------------- this domain -------------   hmm coord   ali coord   env coord
# target name        accession   tlen query name           accession   qlen   E-value  score  bias   #  of  c-Evalue  i-Evalue  score  bias  from    to  from    to  from    to  acc description of target
#------------------- ---------- ----- -------------------- ---------- ----- --------- ------ ----- --- --- --------- --------- ------ ----- ----- ----- ----- ----- ----- ----- ---- ---------------------
347_g                -           1559 1521at5820           -            931  1.7e-240  798.3 184.5   1   6   7.5e-11   2.1e-08   30.2  12.5     1    96     1   103     1   110 0.81 length=1559	scaffold=scaffold00028	strand=+
347_g                -           1559 1521at5820           -            931  1.7e-240  798.3 184.5   2   6   5.8e-25   1.6e-22   76.9  32.7    66   290   228   476   171   495 0.64 length=1559	scaffold=scaffold00028	strand=+
347_g                -           1559 1521at5820           -            931  1.7e-240  798.3 184.5   3   6       1.1   3.2e+02   -3.4  10.5   236   329   471   563   459   621 0.69 length=1559	scaffold=scaffold00028	strand=+
347_g                -           1559 1521at5820           -            931  1.7e-240  798.3 184.5   4   6   1.6e-16   4.6e-14   49.0  48.6   257   476   643   885   559   896 0.56 length=1559	scaffold=scaffold00028	strand=+
347_g                -           1559 1521at5820           -            931  1.7e-240  798.3 184.5   5   6   5.7e-83   1.6e-80  268.9  32.6   473   706   920  1182   908  1202 0.73 length=1559	scaffold=scaffold00028	strand=+
347_g                -           1559 1521at5820           -            931  1.7e-240  798.3 184.5   6   6  4.8e-120  1.4e-117  391.6  19.4   679   931  1301  1558  1294  1558 0.91 length=1559	scaffold=scaffold00028	strand=+
1275_g               -            518 1521at5820           -            931   9.5e-16   54.5  10.5   1   4       2.7   7.7e+02   -4.7   1.7   511   544    20    53    15    56 0.87 length=518	scaffold=scaffold00176	strand=-
1275_g               -            518 1521at5820           -            931   9.5e-16   54.5  10.5   2   4   4.8e-08   1.4e-05   20.9   7.8   591   669    81   159    75   181 0.83 length=518	scaffold=scaffold00176	strand=-
1275_g               -            518 1521at5820           -            931   9.5e-16   54.5  10.5   3   4   5.4e-13   1.5e-10   37.3   0.0   730   775   184   230   159   259 0.83 length=518	scaffold=scaffold00176	strand=-
1275_g               -            518 1521at5820           -            931   9.5e-16   54.5  10.5   4   4   4.1e-05     0.012   11.2   0.1   895   922   286   313   233   318 0.86 length=518	scaffold=scaffold00176	strand=-
2376_g               -            462 1521at5820           -            931   1.1e-14   51.0   6.7   1   3   3.3e-10   9.3e-08   28.1   2.3   587   690   133   235   119   241 0.83 length=462	scaffold=scaffold00492	strand=-
2376_g               -            462 1521at5820           -            931   1.1e-14   51.0   6.7   2   3     6e-07   0.00017   17.3   0.2   710   767   215   273   211   276 0.75 length=462	scaffold=scaffold00492	strand=-
2376_g               -            462 1521at5820           -            931   1.1e-14   51.0   6.7   3   3   0.00016     0.046    9.3   0.0   897   923   312   338   295   343 0.88 length=462	scaffold=scaffold00492	strand=-
159_g                -            313 1521at5820           -            931   1.4e-12   44.0   5.6   1   3   1.7e-06   0.00048   15.8   0.7   640   670   120   150   112   156 0.87 length=313	scaffold=scaffold00009	strand=-	adjustedToFrame=2
159_g                -            313 1521at5820           -            931   1.4e-12   44.0   5.6   2   3   3.4e-09   9.8e-07   24.7   0.2   714   773   151   213   147   237 0.74 length=313	scaffold=scaffold00009	strand=-	adjustedToFrame=2
159_g                -            313 1521at5820           -            931   1.4e-12   44.0   5.6   3   3    0.0021      0.59    5.6   0.0   886   923   269   306   258   310 0.88 length=313	scaffold=scaffold00009	strand=-	adjustedToFrame=2
3118_g               -            750 1521at5820           -            931   1.5e-12   44.0   0.1   1   2   5.2e-15   1.5e-12   44.0   0.1   704   783   577   658   571   661 0.89 length=750	scaffold=scaffold00857	strand=+
3118_g               -            750 1521at5820           -            931   1.5e-12   44.0   0.1   2   2   0.00036       0.1    8.1   0.0   897   928   712   743   699   746 0.88 length=750	scaffold=scaffold00857	strand=+
61_g                 -            877 1521at5820           -            931   2.6e-12   43.2   0.5   1   6       4.8   1.4e+03   -5.5   8.4    42   145   168   266   126   285 0.67 length=877	scaffold=scaffold00003	strand=+
61_g                 -            877 1521at5820           -            931   2.6e-12   43.2   0.5   2   6       2.1   5.9e+02   -4.3   3.3    68   120   364   417   350   426 0.47 length=877	scaffold=scaffold00003	strand=+
61_g                 -            877 1521at5820           -            931   2.6e-12   43.2   0.5   3   6     2e-05    0.0058   12.2   7.1   573   666   459   552   434   557 0.84 length=877	scaffold=scaffold00003	strand=+
61_g                 -            877 1521at5820           -            931   2.6e-12   43.2   0.5   4   6     9e-15   2.6e-12   43.2   0.5   713   795   555   640   552   648 0.89 length=877	scaffold=scaffold00003	strand=+
61_g                 -            877 1521at5820           -            931   2.6e-12   43.2   0.5   5   6     0.018       5.1    2.5   0.1   899   924   649   674   647   681 0.87 length=877	scaffold=scaffold00003	strand=+
61_g                 -            877 1521at5820           -            931   2.6e-12   43.2   0.5   6   6       7.8   2.2e+03   -6.2   7.0    85   107   796   818   718   875 0.47 length=877	scaffold=scaffold00003	strand=+
1282_g               -            569 1521at5820           -            931   3.9e-12   42.6   0.1   1   2   2.3e-06   0.00066   15.3   0.3   585   666   307   388   290   392 0.75 length=569	scaffold=scaffold00177	strand=+
1282_g               -            569 1521at5820           -            931   3.9e-12   42.6   0.1   2   2   2.3e-09   6.7e-07   25.3   0.0   713   769   391   447   387   467 0.90 length=569	scaffold=scaffold00177	strand=+
1961_g               -            485 1521at5820           -            931   3.4e-11   39.5   6.3   1   3   4.6e-06    0.0013   14.4   1.6   587   664    90   167    81   175 0.85 length=485	scaffold=scaffold00349	strand=-
1961_g               -            485 1521at5820           -            931   3.4e-11   39.5   6.3   2   3   6.1e-06    0.0017   14.0   0.0   715   766   177   230   167   234 0.76 length=485	scaffold=scaffold00349	strand=-
1961_g               -            485 1521at5820           -            931   3.4e-11   39.5   6.3   3   3   2.3e-05    0.0065   12.1   0.1   897   923   270   296   268   300 0.88 length=485	scaffold=scaffold00349	strand=-
3036_g               -           1000 1521at5820           -            931   4.9e-10   35.7   0.2   1   3   2.9e-05    0.0083   11.7   6.0   607   668   728   789   663   793 0.77 length=1000	scaffold=scaffold00809	strand=+	adjustedToFrame=2
3036_g               -           1000 1521at5820           -            931   4.9e-10   35.7   0.2   2   3   1.7e-12   4.9e-10   35.7   0.2   716   790   793   872   790   910 0.82 length=1000	scaffold=scaffold00809	strand=+	adjustedToFrame=2
3036_g               -           1000 1521at5820           -            931   4.9e-10   35.7   0.2   3   3    0.0034      0.96    4.9   0.1   896   923   930   957   888   959 0.88 length=1000	scaffold=scaffold00809	strand=+	adjustedToFrame=2
825_g                -            769 1521at5820           -            931   7.5e-10   35.0   9.0   1   4   8.6e-07   0.00025   16.8   7.3   572   666    48   142    36   146 0.86 length=769	scaffold=scaffold00092	strand=+
825_g                -            769 1521at5820           -            931   7.5e-10   35.0   9.0   2   4     9e-10   2.6e-07   26.6   0.0   714   779   146   213   142   230 0.87 length=769	scaffold=scaffold00092	strand=+
825_g                -            769 1521at5820           -            931   7.5e-10   35.0   9.0   3   4    0.0088       2.5    3.5   0.0   897   925   236   264   224   271 0.84 length=769	scaffold=scaffold00092	strand=+
825_g                -            769 1521at5820           -            931   7.5e-10   35.0   9.0   4   4       9.9   2.8e+03   -6.6   7.4   275   348   672   746   645   755 0.43 length=769	scaffold=scaffold00092	strand=+
1688_g               -            647 1521at5820           -            931     9e-10   34.8  13.6   1   4   2.3e-10   6.4e-08   28.6   0.3   633   674   206   247   133   262 0.87 length=647	scaffold=scaffold00271	strand=-
1688_g               -            647 1521at5820           -            931     9e-10   34.8  13.6   2   4   0.00091      0.26    6.8   0.1   750   790   304   344   300   347 0.85 length=647	scaffold=scaffold00271	strand=-
1688_g               -            647 1521at5820           -            931     9e-10   34.8  13.6   3   4   0.00054      0.15    7.5   0.0   892   922   387   417   365   424 0.89 length=647	scaffold=scaffold00271	strand=-
1688_g               -            647 1521at5820           -            931     9e-10   34.8  13.6   4   4       0.9   2.6e+02   -3.1   1.4     6    85   473   551   468   586 0.60 length=647	scaffold=scaffold00271	strand=-
588_g                -            577 1521at5820           -            931     1e-07   28.0   9.2   1   3   3.2e-09   9.2e-07   24.8   7.5   589   666   336   414   329   423 0.85 length=577	scaffold=scaffold00058	strand=-
588_g                -            577 1521at5820           -            931     1e-07   28.0   9.2   2   3   4.3e-05     0.012   11.1   0.0   716   764   420   473   414   478 0.75 length=577	scaffold=scaffold00058	strand=-
588_g                -            577 1521at5820           -            931     1e-07   28.0   9.2   3   3   0.00035       0.1    8.1   0.0   884   923   498   536   491   543 0.82 length=577	scaffold=scaffold00058	strand=-
3411_g               -            877 1521at5820           -            931   3.4e-07   26.3   0.0   1   4   0.00084      0.24    6.9   0.2   628   667   595   634   587   642 0.85 length=877	scaffold=scaffold01062	strand=-	adjustedToFrame=2
3411_g               -            877 1521at5820           -            931   3.4e-07   26.3   0.0   2   4   1.2e-09   3.4e-07   26.3   0.0   725   774   652   702   636   715 0.81 length=877	scaffold=scaffold01062	strand=-	adjustedToFrame=2
3411_g               -            877 1521at5820           -            931   3.4e-07   26.3   0.0   3   4   0.00022     0.064    8.8   0.0   894   922   771   799   752   805 0.90 length=877	scaffold=scaffold01062	strand=-	adjustedToFrame=2
3411_g               -            877 1521at5820           -            931   3.4e-07   26.3   0.0   4   4       3.5   9.9e+02   -5.1   2.0   686   724   826   867   808   870 0.50 length=877	scaffold=scaffold01062	strand=-	adjustedToFrame=2
2410_g               -            133 1521at5820           -            931   4.4e-05   19.2   0.0   1   1   1.8e-07   5.2e-05   19.0   0.0   714   785    13    88     5    97 0.80 length=133	scaffold=scaffold00503	strand=-
#
# Program:         hmmsearch
# Version:         3.1b2 (February 2015)
# Pipeline mode:   SEARCH
# Query file:      /export/home/bio1901/Documents/29_BINP/OrthoSearch/busco_downloads/lineages/plasmodium_odb10/hmms/1521at5820.hmm
# Target file:     Results/1_GeneSequences/PB.faa
# Option settings: /home/users/bio1901/miniconda3/envs/busco/bin/hmmsearch --domtblout /export/home/bio1901/Documents/29_BINP/OrthoSearch/PB/run_plasmodium_odb10/hmmer_output/1521at5820.out --cpu 1 /export/home/bio1901/Documents/29_BINP/OrthoSearch/busco_downloads/lineages/plasmodium_odb10/hmms/1521at5820.hmm Results/1_GeneSequences/PB.faa 
# Current dir:     /export/home/bio1901/Documents/29_BINP/OrthoSearch
# Date:            Sun Mar 15 17:45:57 2020
# [ok]
