#                                                                            --- full sequence --- -------------- this domain -------------   hmm coord   ali coord   env coord
# target name        accession   tlen query name           accession   qlen   E-value  score  bias   #  of  c-Evalue  i-Evalue  score  bias  from    to  from    to  from    to  acc description of target
#------------------- ---------- ----- -------------------- ---------- ----- --------- ------ ----- --- --- --------- --------- ------ ----- ----- ----- ----- ----- ----- ----- ---- ---------------------
2279_g               -            382 15223at5820          -             76   2.5e-83  272.3   4.9   1   4   4.6e-18   4.6e-15   53.6   0.0    11    76    87   152    78   152 0.93 length=382	scaffold=scaffold00452	strand=+
2279_g               -            382 15223at5820          -             76   2.5e-83  272.3   4.9   2   4   2.7e-23   2.7e-20   70.3   0.1     1    76   153   228   153   228 1.00 length=382	scaffold=scaffold00452	strand=+
2279_g               -            382 15223at5820          -             76   2.5e-83  272.3   4.9   3   4   1.8e-24   1.8e-21   74.1   0.1     1    76   229   304   229   304 1.00 length=382	scaffold=scaffold00452	strand=+
2279_g               -            382 15223at5820          -             76   2.5e-83  272.3   4.9   4   4   1.8e-24   1.8e-21   74.1   0.1     1    76   305   380   305   380 1.00 length=382	scaffold=scaffold00452	strand=+
99_g                 -            129 15223at5820          -             76   1.1e-22   77.9   0.1   1   1   1.5e-25   1.5e-22   77.6   0.1     1    76     1    76     1    76 1.00 length=129	scaffold=scaffold00005	strand=+
3019_g               -           1639 15223at5820          -             76     0.009   14.2   0.0   1   1   3.1e-05     0.031   12.5   0.0    23    71     9    57     2    60 0.88 length=1639	scaffold=scaffold00800	strand=+
1923_g               -            407 15223at5820          -             76     0.055   11.7   0.7   1   1   0.00012      0.12   10.6   0.7     1    70     1    71     1    75 0.86 length=407	scaffold=scaffold00337	strand=-
#
# Program:         hmmsearch
# Version:         3.1b2 (February 2015)
# Pipeline mode:   SEARCH
# Query file:      /export/home/bio1901/Documents/29_BINP/OrthoSearch/busco_downloads/lineages/plasmodium_odb10/hmms/15223at5820.hmm
# Target file:     Results/1_GeneSequences/PB.faa
# Option settings: /home/users/bio1901/miniconda3/envs/busco/bin/hmmsearch --domtblout /export/home/bio1901/Documents/29_BINP/OrthoSearch/PB/run_plasmodium_odb10/hmmer_output/15223at5820.out --cpu 1 /export/home/bio1901/Documents/29_BINP/OrthoSearch/busco_downloads/lineages/plasmodium_odb10/hmms/15223at5820.hmm Results/1_GeneSequences/PB.faa 
# Current dir:     /export/home/bio1901/Documents/29_BINP/OrthoSearch
# Date:            Sun Mar 15 17:45:58 2020
# [ok]
