#                                                                            --- full sequence --- -------------- this domain -------------   hmm coord   ali coord   env coord
# target name        accession   tlen query name           accession   qlen   E-value  score  bias   #  of  c-Evalue  i-Evalue  score  bias  from    to  from    to  from    to  acc description of target
#------------------- ---------- ----- -------------------- ---------- ----- --------- ------ ----- --- --- --------- --------- ------ ----- ----- ----- ----- ----- ----- ----- ---- ---------------------
306_g                -           3994 1533at5820           -           1277  2.3e-297  987.5 237.2   1   7         1     4e+03  -17.5  25.5   542   643    40   121     7   149 0.46 length=3994	scaffold=scaffold00023	strand=+
306_g                -           3994 1533at5820           -           1277  2.3e-297  987.5 237.2   2   7         1     4e+03  -10.3   8.7   546   627   183   243   154   327 0.44 length=3994	scaffold=scaffold00023	strand=+
306_g                -           3994 1533at5820           -           1277  2.3e-297  987.5 237.2   3   7         1     4e+03   -8.7  10.5   558   663   783   884   763   913 0.60 length=3994	scaffold=scaffold00023	strand=+
306_g                -           3994 1533at5820           -           1277  2.3e-297  987.5 237.2   4   7      0.49     2e+03   -6.1   4.2  1177  1250  1687  1762  1629  1794 0.54 length=3994	scaffold=scaffold00023	strand=+
306_g                -           3994 1533at5820           -           1277  2.3e-297  987.5 237.2   5   7         1     4e+03   -7.7   6.9   550   636  1936  2030  1910  2096 0.44 length=3994	scaffold=scaffold00023	strand=+
306_g                -           3994 1533at5820           -           1277  2.3e-297  987.5 237.2   6   7         1     4e+03  -10.7  13.6    78   129  2133  2190  2121  2260 0.60 length=3994	scaffold=scaffold00023	strand=+
306_g                -           3994 1533at5820           -           1277  2.3e-297  987.5 237.2   7   7  5.9e-301  2.3e-297  987.5 237.2     2  1276  2410  3991  2409  3992 0.90 length=3994	scaffold=scaffold00023	strand=+
#
# Program:         hmmsearch
# Version:         3.1b2 (February 2015)
# Pipeline mode:   SEARCH
# Query file:      /export/home/bio1901/Documents/29_BINP/OrthoSearch/busco_downloads/lineages/plasmodium_odb10/hmms/1533at5820.hmm
# Target file:     Results/1_GeneSequences/PB.faa
# Option settings: /home/users/bio1901/miniconda3/envs/busco/bin/hmmsearch --domtblout /export/home/bio1901/Documents/29_BINP/OrthoSearch/PB/run_plasmodium_odb10/hmmer_output/1533at5820.out --cpu 1 /export/home/bio1901/Documents/29_BINP/OrthoSearch/busco_downloads/lineages/plasmodium_odb10/hmms/1533at5820.hmm Results/1_GeneSequences/PB.faa 
# Current dir:     /export/home/bio1901/Documents/29_BINP/OrthoSearch
# Date:            Sun Mar 15 17:46:11 2020
# [ok]
