#                                                                            --- full sequence --- -------------- this domain -------------   hmm coord   ali coord   env coord
# target name        accession   tlen query name           accession   qlen   E-value  score  bias   #  of  c-Evalue  i-Evalue  score  bias  from    to  from    to  from    to  acc description of target
#------------------- ---------- ----- -------------------- ---------- ----- --------- ------ ----- --- --- --------- --------- ------ ----- ----- ----- ----- ----- ----- ----- ---- ---------------------
4120_g               -            338 15499at5820          -            119   2.4e-19   67.8  29.3   1   4         3     4e+03   -7.6  22.4    65   111     5    51     1    85 0.75 length=338	scaffold=scaffold01752	strand=-
4120_g               -            338 15499at5820          -            119   2.4e-19   67.8  29.3   2   4         3     4e+03  -13.9  33.8    42    91    82   131    50   139 0.42 length=338	scaffold=scaffold01752	strand=-
4120_g               -            338 15499at5820          -            119   2.4e-19   67.8  29.3   3   4         3     4e+03   -9.9  26.3    54    95   124   167   118   169 0.50 length=338	scaffold=scaffold01752	strand=-
4120_g               -            338 15499at5820          -            119   2.4e-19   67.8  29.3   4   4   1.8e-22   2.4e-19   67.8  29.3    11   117   211   338   203   338 0.88 length=338	scaffold=scaffold01752	strand=-
2021_g               -            109 15499at5820          -            119       1.1    7.5  19.8   1   2   0.00032      0.42    8.9  12.1    46    98     3    62     1    74 0.76 length=109	scaffold=scaffold00367	strand=-
2021_g               -            109 15499at5820          -            119       1.1    7.5  19.8   2   2     0.011        15    3.9   0.8    12    30    87   105    73   108 0.77 length=109	scaffold=scaffold00367	strand=-
3311_g               -            632 15499at5820          -            119       1.4    7.2  16.8   1   3   2.3e-05     0.031   12.6   7.9    26    91    31   107    21   143 0.79 length=632	scaffold=scaffold00986	strand=-	adjustedToFrame=3
3311_g               -            632 15499at5820          -            119       1.4    7.2  16.8   2   3       2.4   3.2e+03   -3.6   0.2    90   101   364   375   344   384 0.67 length=632	scaffold=scaffold00986	strand=-	adjustedToFrame=3
3311_g               -            632 15499at5820          -            119       1.4    7.2  16.8   3   3      0.46   6.1e+02   -1.3   0.1    78    95   410   427   398   436 0.75 length=632	scaffold=scaffold00986	strand=-	adjustedToFrame=3
#
# Program:         hmmsearch
# Version:         3.1b2 (February 2015)
# Pipeline mode:   SEARCH
# Query file:      /export/home/bio1901/Documents/29_BINP/OrthoSearch/busco_downloads/lineages/plasmodium_odb10/hmms/15499at5820.hmm
# Target file:     Results/1_GeneSequences/PB.faa
# Option settings: /home/users/bio1901/miniconda3/envs/busco/bin/hmmsearch --domtblout /export/home/bio1901/Documents/29_BINP/OrthoSearch/PB/run_plasmodium_odb10/hmmer_output/15499at5820.out --cpu 1 /export/home/bio1901/Documents/29_BINP/OrthoSearch/busco_downloads/lineages/plasmodium_odb10/hmms/15499at5820.hmm Results/1_GeneSequences/PB.faa 
# Current dir:     /export/home/bio1901/Documents/29_BINP/OrthoSearch
# Date:            Sun Mar 15 17:46:16 2020
# [ok]
