#                                                                            --- full sequence --- -------------- this domain -------------   hmm coord   ali coord   env coord
# target name        accession   tlen query name           accession   qlen   E-value  score  bias   #  of  c-Evalue  i-Evalue  score  bias  from    to  from    to  from    to  acc description of target
#------------------- ---------- ----- -------------------- ---------- ----- --------- ------ ----- --- --- --------- --------- ------ ----- ----- ----- ----- ----- ----- ----- ---- ---------------------
216_g                -           1059 1552at5820           -            902         0 1698.6  46.0   1   3  9.4e-282  9.4e-279  925.1  14.3     1   441     6   455     6   490 0.97 length=1059	scaffold=scaffold00015	strand=+
216_g                -           1059 1552at5820           -            902         0 1698.6  46.0   2   3  1.6e-157  1.6e-154  514.0   4.5   439   706   496   785   486   799 0.92 length=1059	scaffold=scaffold00015	strand=+
216_g                -           1059 1552at5820           -            902         0 1698.6  46.0   3   3   2.3e-84   2.2e-81  272.0  11.3   704   900   831  1058   822  1058 0.91 length=1059	scaffold=scaffold00015	strand=+
2137_g               -           1204 1552at5820           -            902   4.3e-32  108.9  42.8   1   2   4.5e-17   4.5e-14   49.3   5.0    15   239    16   246     4   251 0.84 length=1204	scaffold=scaffold00403	strand=+
2137_g               -           1204 1552at5820           -            902   4.3e-32  108.9  42.8   2   2   4.9e-21   4.9e-18   62.4  29.0   274   741   411   901   391  1085 0.64 length=1204	scaffold=scaffold00403	strand=+
1845_g               -            891 1552at5820           -            902   2.7e-11   40.1   2.9   1   3   3.2e-05     0.032   10.1   0.2    30    92   214   275   173   303 0.81 length=891	scaffold=scaffold00315	strand=+
1845_g               -            891 1552at5820           -            902   2.7e-11   40.1   2.9   2   3     0.051        51   -0.6   0.0   368   433   366   434   356   439 0.82 length=891	scaffold=scaffold00315	strand=+
1845_g               -            891 1552at5820           -            902   2.7e-11   40.1   2.9   3   3   8.7e-11   8.7e-08   28.5   0.1   468   562   439   533   435   554 0.81 length=891	scaffold=scaffold00315	strand=+
3817_g               -            685 1552at5820           -            902   1.1e-07   28.1  38.9   1   4   2.9e-05     0.029   10.2  10.9    25   236    32   237    14   248 0.82 length=685	scaffold=scaffold01413	strand=-
3817_g               -            685 1552at5820           -            902   1.1e-07   28.1  38.9   2   4      0.65   6.5e+02   -4.2   3.7   795   843   301   350   259   416 0.70 length=685	scaffold=scaffold01413	strand=-
3817_g               -            685 1552at5820           -            902   1.1e-07   28.1  38.9   3   4   6.5e-09   6.4e-06   22.3   3.5   374   448   484   562   431   583 0.78 length=685	scaffold=scaffold01413	strand=-
3817_g               -            685 1552at5820           -            902   1.1e-07   28.1  38.9   4   4   1.2e-06    0.0012   14.7   0.2   458   518   611   677   584   684 0.72 length=685	scaffold=scaffold01413	strand=-
#
# Program:         hmmsearch
# Version:         3.1b2 (February 2015)
# Pipeline mode:   SEARCH
# Query file:      /export/home/bio1901/Documents/29_BINP/OrthoSearch/busco_downloads/lineages/plasmodium_odb10/hmms/1552at5820.hmm
# Target file:     Results/1_GeneSequences/PB.faa
# Option settings: /home/users/bio1901/miniconda3/envs/busco/bin/hmmsearch --domtblout /export/home/bio1901/Documents/29_BINP/OrthoSearch/PB/run_plasmodium_odb10/hmmer_output/1552at5820.out --cpu 1 /export/home/bio1901/Documents/29_BINP/OrthoSearch/busco_downloads/lineages/plasmodium_odb10/hmms/1552at5820.hmm Results/1_GeneSequences/PB.faa 
# Current dir:     /export/home/bio1901/Documents/29_BINP/OrthoSearch
# Date:            Sun Mar 15 17:46:17 2020
# [ok]
