#                                                                            --- full sequence --- -------------- this domain -------------   hmm coord   ali coord   env coord
# target name        accession   tlen query name           accession   qlen   E-value  score  bias   #  of  c-Evalue  i-Evalue  score  bias  from    to  from    to  from    to  acc description of target
#------------------- ---------- ----- -------------------- ---------- ----- --------- ------ ----- --- --- --------- --------- ------ ----- ----- ----- ----- ----- ----- ----- ---- ---------------------
176_g                -           1407 1563at5820           -            937         0 1015.5 197.1   1   5   4.1e-88   2.7e-85  285.0  19.8     1   169     1   174     1   178 0.96 length=1407	scaffold=scaffold00011	strand=-
176_g                -           1407 1563at5820           -            937         0 1015.5 197.1   2   5  3.5e-214  2.3e-211  702.2  63.2   168   670   211   742   190   745 0.88 length=1407	scaffold=scaffold00011	strand=-
176_g                -           1407 1563at5820           -            937         0 1015.5 197.1   3   5     2e-14   1.3e-11   41.1  61.4   620   908   738  1072   728  1081 0.64 length=1407	scaffold=scaffold00011	strand=-
176_g                -           1407 1563at5820           -            937         0 1015.5 197.1   4   5         6     4e+03   -9.1  27.4   693   910  1018  1233   998  1248 0.43 length=1407	scaffold=scaffold00011	strand=-
176_g                -           1407 1563at5820           -            937         0 1015.5 197.1   5   5    0.0043       2.9    3.6  28.8   682   936  1159  1405  1155  1406 0.70 length=1407	scaffold=scaffold00011	strand=-
3528_g               -           1394 1563at5820           -            937   4.4e-69  231.4  20.6   1   6         6     4e+03  -19.2  22.4   727   912     5   193     2   213 0.44 length=1394	scaffold=scaffold01157	strand=+
3528_g               -           1394 1563at5820           -            937   4.4e-69  231.4  20.6   2   6         6     4e+03  -26.0  35.1   653   857   122   326    92   382 0.49 length=1394	scaffold=scaffold01157	strand=+
3528_g               -           1394 1563at5820           -            937   4.4e-69  231.4  20.6   3   6         6     4e+03  -23.0  33.0   535   783   238   488   223   539 0.47 length=1394	scaffold=scaffold01157	strand=+
3528_g               -           1394 1563at5820           -            937   4.4e-69  231.4  20.6   4   6   1.4e-24   9.6e-22   74.7   2.0     6   112   832   946   828   950 0.88 length=1394	scaffold=scaffold01157	strand=+
3528_g               -           1394 1563at5820           -            937   4.4e-69  231.4  20.6   5   6   6.4e-54   4.3e-51  171.8  11.1   148   422   953  1226   947  1240 0.82 length=1394	scaffold=scaffold01157	strand=+
3528_g               -           1394 1563at5820           -            937   4.4e-69  231.4  20.6   6   6         6     4e+03  -15.4  26.5   700   840  1194  1359  1191  1393 0.46 length=1394	scaffold=scaffold01157	strand=+
2251_g               -           1276 1563at5820           -            937   7.5e-47  157.8  21.8   1   4   9.7e-16   6.4e-13   45.5   0.8     8   110   319   423   313   430 0.80 length=1276	scaffold=scaffold00441	strand=+
2251_g               -           1276 1563at5820           -            937   7.5e-47  157.8  21.8   2   4   3.3e-40   2.2e-37  126.4  14.3   167   392   445   667   430   695 0.89 length=1276	scaffold=scaffold00441	strand=+
2251_g               -           1276 1563at5820           -            937   7.5e-47  157.8  21.8   3   4         6     4e+03   -9.0  10.0   541   597   699   758   662   845 0.44 length=1276	scaffold=scaffold00441	strand=+
2251_g               -           1276 1563at5820           -            937   7.5e-47  157.8  21.8   4   4         6     4e+03  -26.3  32.5   692   915   948  1175   929  1240 0.47 length=1276	scaffold=scaffold00441	strand=+
1078_g               -           1469 1563at5820           -            937   7.6e-44  147.8  10.6   1   6   1.5e-08   9.8e-06   21.7   0.1    54   112    85   143    69   148 0.90 length=1469	scaffold=scaffold00136	strand=+
1078_g               -           1469 1563at5820           -            937   7.6e-44  147.8  10.6   2   6   1.4e-43   9.1e-41  137.6   6.6   167   413   180   446   166   498 0.85 length=1469	scaffold=scaffold00136	strand=+
1078_g               -           1469 1563at5820           -            937   7.6e-44  147.8  10.6   3   6         6     4e+03  -13.5  15.2   791   933   565   706   472   710 0.36 length=1469	scaffold=scaffold00136	strand=+
1078_g               -           1469 1563at5820           -            937   7.6e-44  147.8  10.6   4   6         6     4e+03  -16.0  21.7   729   797   800   866   718  1000 0.52 length=1469	scaffold=scaffold00136	strand=+
1078_g               -           1469 1563at5820           -            937   7.6e-44  147.8  10.6   5   6         6     4e+03  -19.2  26.9   652   906   801  1056   786  1083 0.41 length=1469	scaffold=scaffold00136	strand=+
1078_g               -           1469 1563at5820           -            937   7.6e-44  147.8  10.6   6   6         6     4e+03  -25.4  59.0   530   912  1006  1401   956  1411 0.61 length=1469	scaffold=scaffold00136	strand=+
994_g                -           1052 1563at5820           -            937   3.1e-27   92.9  90.5   1   3   7.8e-15   5.2e-12   42.5   6.5     9   112    19   128    14   130 0.74 length=1052	scaffold=scaffold00118	strand=+
994_g                -           1052 1563at5820           -            937   3.1e-27   92.9  90.5   2   3   2.6e-19   1.7e-16   57.3  66.6   146   884   138   872   132   881 0.61 length=1052	scaffold=scaffold00118	strand=+
994_g                -           1052 1563at5820           -            937   3.1e-27   92.9  90.5   3   3         6     4e+03  -16.0  21.7   550   707   773   938   730  1001 0.42 length=1052	scaffold=scaffold00118	strand=+
2808_g               -            902 1563at5820           -            937   1.7e-09   34.2   7.9   1   3   2.5e-12   1.7e-09   34.2   7.9    16   112    52   142    37   147 0.86 length=902	scaffold=scaffold00682	strand=-	adjustedToFrame=2
2808_g               -            902 1563at5820           -            937   1.7e-09   34.2   7.9   2   3   4.1e-06    0.0027   13.6   1.2   179   290   173   284   158   289 0.68 length=902	scaffold=scaffold00682	strand=-	adjustedToFrame=2
2808_g               -            902 1563at5820           -            937   1.7e-09   34.2   7.9   3   3         6     4e+03  -12.9  18.5   747   911   381   549   360   567 0.70 length=902	scaffold=scaffold00682	strand=-	adjustedToFrame=2
#
# Program:         hmmsearch
# Version:         3.1b2 (February 2015)
# Pipeline mode:   SEARCH
# Query file:      /export/home/bio1901/Documents/29_BINP/OrthoSearch/busco_downloads/lineages/plasmodium_odb10/hmms/1563at5820.hmm
# Target file:     Results/1_GeneSequences/PB.faa
# Option settings: /home/users/bio1901/miniconda3/envs/busco/bin/hmmsearch --domtblout /export/home/bio1901/Documents/29_BINP/OrthoSearch/PB/run_plasmodium_odb10/hmmer_output/1563at5820.out --cpu 1 /export/home/bio1901/Documents/29_BINP/OrthoSearch/busco_downloads/lineages/plasmodium_odb10/hmms/1563at5820.hmm Results/1_GeneSequences/PB.faa 
# Current dir:     /export/home/bio1901/Documents/29_BINP/OrthoSearch
# Date:            Sun Mar 15 17:46:18 2020
# [ok]
