#                                                                            --- full sequence --- -------------- this domain -------------   hmm coord   ali coord   env coord
# target name        accession   tlen query name           accession   qlen   E-value  score  bias   #  of  c-Evalue  i-Evalue  score  bias  from    to  from    to  from    to  acc description of target
#------------------- ---------- ----- -------------------- ---------- ----- --------- ------ ----- --- --- --------- --------- ------ ----- ----- ----- ----- ----- ----- ----- ---- ---------------------
2086_g               -           1778 1570at5820           -           1063         0 1137.7 176.5   1   9   4.5e-57   4.5e-54  181.5  19.5     1   196     1   205     1   240 0.89 length=1778	scaffold=scaffold00385	strand=-
2086_g               -           1778 1570at5820           -           1063         0 1137.7 176.5   2   9   2.9e-37   2.9e-34  115.9  10.7   194   326   349   482   342   491 0.90 length=1778	scaffold=scaffold00385	strand=-
2086_g               -           1778 1570at5820           -           1063         0 1137.7 176.5   3   9         4     4e+03  -14.4  17.1   935  1033   503   604   487   623 0.73 length=1778	scaffold=scaffold00385	strand=-
2086_g               -           1778 1570at5820           -           1063         0 1137.7 176.5   4   9   2.3e-34   2.3e-31  106.3   5.9   300   421   623   747   616   756 0.77 length=1778	scaffold=scaffold00385	strand=-
2086_g               -           1778 1570at5820           -           1063         0 1137.7 176.5   5   9   2.4e-06    0.0024   13.5  13.4   396   496   761   883   747   897 0.63 length=1778	scaffold=scaffold00385	strand=-
2086_g               -           1778 1570at5820           -           1063         0 1137.7 176.5   6   9    8e-199  7.9e-196  650.8  31.6   470   885   886  1312   877  1338 0.92 length=1778	scaffold=scaffold00385	strand=-
2086_g               -           1778 1570at5820           -           1063         0 1137.7 176.5   7   9       3.4   3.4e+03   -6.9   5.6   413   489  1355  1431  1337  1449 0.56 length=1778	scaffold=scaffold00385	strand=-
2086_g               -           1778 1570at5820           -           1063         0 1137.7 176.5   8   9   1.5e-37   1.5e-34  116.8   7.4   885   995  1453  1568  1440  1627 0.84 length=1778	scaffold=scaffold00385	strand=-
2086_g               -           1778 1570at5820           -           1063         0 1137.7 176.5   9   9   9.8e-09   9.7e-06   21.4   4.7   975  1063  1686  1773  1660  1773 0.63 length=1778	scaffold=scaffold00385	strand=-
1748_g               -           1349 1570at5820           -           1063   7.3e-33  111.2  21.9   1   4   4.4e-06    0.0044   12.7   0.0   328   362   614   647   608   653 0.85 length=1349	scaffold=scaffold00287	strand=-
1748_g               -           1349 1570at5820           -           1063   7.3e-33  111.2  21.9   2   4   2.5e-22   2.5e-19   66.4   0.0   494   699   651   866   646   872 0.76 length=1349	scaffold=scaffold00287	strand=-
1748_g               -           1349 1570at5820           -           1063   7.3e-33  111.2  21.9   3   4   5.7e-15   5.6e-12   42.1   0.7   815  1001   933  1100   930  1118 0.69 length=1349	scaffold=scaffold00287	strand=-
1748_g               -           1349 1570at5820           -           1063   7.3e-33  111.2  21.9   4   4       1.1   1.1e+03   -5.3  10.0   437   510  1216  1286  1192  1307 0.59 length=1349	scaffold=scaffold00287	strand=-
2850_g               -           2042 1570at5820           -           1063   7.4e-30  101.3  22.4   1   4         4     4e+03   -7.4   6.3   431   498   600   668   583   706 0.74 length=2042	scaffold=scaffold00703	strand=+
2850_g               -           2042 1570at5820           -           1063   7.4e-30  101.3  22.4   2   4   3.1e-05     0.031    9.9   0.0   338   365  1541  1568  1529  1590 0.79 length=2042	scaffold=scaffold00703	strand=+
2850_g               -           2042 1570at5820           -           1063   7.4e-30  101.3  22.4   3   4   2.5e-23   2.5e-20   69.7   0.3   540   702  1604  1770  1572  1773 0.76 length=2042	scaffold=scaffold00703	strand=+
2850_g               -           2042 1570at5820           -           1063   7.4e-30  101.3  22.4   4   4   5.5e-13   5.5e-10   35.5   1.9   750   977  1773  1976  1770  2037 0.64 length=2042	scaffold=scaffold00703	strand=+
3306_g               -            823 1570at5820           -           1063   6.4e-27   91.6  26.4   1   6         4     4e+03  -19.1  22.5   939  1039    23   120     3   131 0.57 length=823	scaffold=scaffold00982	strand=-
3306_g               -            823 1570at5820           -           1063   6.4e-27   91.6  26.4   2   6   5.8e-06    0.0057   12.3   0.0   328   367   139   178   122   180 0.83 length=823	scaffold=scaffold00982	strand=-
3306_g               -            823 1570at5820           -           1063   6.4e-27   91.6  26.4   3   6   0.00019      0.19    7.2   0.0   494   523   177   206   172   211 0.83 length=823	scaffold=scaffold00982	strand=-
3306_g               -            823 1570at5820           -           1063   6.4e-27   91.6  26.4   4   6   3.5e-24   3.4e-21   72.6  10.5   561   709   283   432   233   484 0.87 length=823	scaffold=scaffold00982	strand=-
3306_g               -            823 1570at5820           -           1063   6.4e-27   91.6  26.4   5   6         4     4e+03  -14.6  17.9   411   497   568   655   557   689 0.55 length=823	scaffold=scaffold00982	strand=-
3306_g               -            823 1570at5820           -           1063   6.4e-27   91.6  26.4   6   6   1.3e-11   1.3e-08   31.0   5.3   814   952   693   817   684   822 0.82 length=823	scaffold=scaffold00982	strand=-
#
# Program:         hmmsearch
# Version:         3.1b2 (February 2015)
# Pipeline mode:   SEARCH
# Query file:      /export/home/bio1901/Documents/29_BINP/OrthoSearch/busco_downloads/lineages/plasmodium_odb10/hmms/1570at5820.hmm
# Target file:     Results/1_GeneSequences/PB.faa
# Option settings: /home/users/bio1901/miniconda3/envs/busco/bin/hmmsearch --domtblout /export/home/bio1901/Documents/29_BINP/OrthoSearch/PB/run_plasmodium_odb10/hmmer_output/1570at5820.out --cpu 1 /export/home/bio1901/Documents/29_BINP/OrthoSearch/busco_downloads/lineages/plasmodium_odb10/hmms/1570at5820.hmm Results/1_GeneSequences/PB.faa 
# Current dir:     /export/home/bio1901/Documents/29_BINP/OrthoSearch
# Date:            Sun Mar 15 17:46:20 2020
# [ok]
