#                                                                            --- full sequence --- -------------- this domain -------------   hmm coord   ali coord   env coord
# target name        accession   tlen query name           accession   qlen   E-value  score  bias   #  of  c-Evalue  i-Evalue  score  bias  from    to  from    to  from    to  acc description of target
#------------------- ---------- ----- -------------------- ---------- ----- --------- ------ ----- --- --- --------- --------- ------ ----- ----- ----- ----- ----- ----- ----- ---- ---------------------
2809_g               -           1718 1580at5820           -            954         0 1124.0 197.1   1  10   1.3e-49   5.1e-46  154.9  15.6     1   145    54   213    54   223 0.86 length=1718	scaffold=scaffold00683	strand=-
2809_g               -           1718 1580at5820           -            954         0 1124.0 197.1   2  10   2.8e-18   1.1e-14   51.2  24.3    73   194   227   353   214   366 0.78 length=1718	scaffold=scaffold00683	strand=-
2809_g               -           1718 1580at5820           -            954         0 1124.0 197.1   3  10   2.3e-60     9e-57  190.5  15.6   177   299   404   526   397   550 0.94 length=1718	scaffold=scaffold00683	strand=-
2809_g               -           1718 1580at5820           -            954         0 1124.0 197.1   4  10    6e-166  2.4e-162  539.9  12.9   292   583   575   867   567   875 0.96 length=1718	scaffold=scaffold00683	strand=-
2809_g               -           1718 1580at5820           -            954         0 1124.0 197.1   5  10   1.5e-20   5.9e-17   58.7  15.5   567   658   923  1038   896  1048 0.68 length=1718	scaffold=scaffold00683	strand=-
2809_g               -           1718 1580at5820           -            954         0 1124.0 197.1   6  10   8.6e-12   3.4e-08   29.7  19.7   655   745  1144  1263  1131  1288 0.68 length=1718	scaffold=scaffold00683	strand=-
2809_g               -           1718 1580at5820           -            954         0 1124.0 197.1   7  10      0.01        42   -0.4   0.6   731   763  1289  1323  1280  1339 0.76 length=1718	scaffold=scaffold00683	strand=-
2809_g               -           1718 1580at5820           -            954         0 1124.0 197.1   8  10   6.6e-31   2.6e-27   93.0  13.9   739   895  1341  1498  1335  1511 0.83 length=1718	scaffold=scaffold00683	strand=-
2809_g               -           1718 1580at5820           -            954         0 1124.0 197.1   9  10   5.2e-18   2.1e-14   50.3  13.8   838   927  1515  1629  1500  1637 0.73 length=1718	scaffold=scaffold00683	strand=-
2809_g               -           1718 1580at5820           -            954         0 1124.0 197.1  10  10     0.016        63   -1.0   0.1   924   954  1673  1712  1661  1712 0.70 length=1718	scaffold=scaffold00683	strand=-
#
# Program:         hmmsearch
# Version:         3.1b2 (February 2015)
# Pipeline mode:   SEARCH
# Query file:      /export/home/bio1901/Documents/29_BINP/OrthoSearch/busco_downloads/lineages/plasmodium_odb10/hmms/1580at5820.hmm
# Target file:     Results/1_GeneSequences/PB.faa
# Option settings: /home/users/bio1901/miniconda3/envs/busco/bin/hmmsearch --domtblout /export/home/bio1901/Documents/29_BINP/OrthoSearch/PB/run_plasmodium_odb10/hmmer_output/1580at5820.out --cpu 1 /export/home/bio1901/Documents/29_BINP/OrthoSearch/busco_downloads/lineages/plasmodium_odb10/hmms/1580at5820.hmm Results/1_GeneSequences/PB.faa 
# Current dir:     /export/home/bio1901/Documents/29_BINP/OrthoSearch
# Date:            Sun Mar 15 17:46:20 2020
# [ok]
