#                                                                            --- full sequence --- -------------- this domain -------------   hmm coord   ali coord   env coord
# target name        accession   tlen query name           accession   qlen   E-value  score  bias   #  of  c-Evalue  i-Evalue  score  bias  from    to  from    to  from    to  acc description of target
#------------------- ---------- ----- -------------------- ---------- ----- --------- ------ ----- --- --- --------- --------- ------ ----- ----- ----- ----- ----- ----- ----- ---- ---------------------
2665_g               -            602 1613at5820           -            801  3.3e-151  503.3  43.7   1   2    9e-102     4e-99  331.1  21.6   405   653    52   302    19   329 0.86 length=602	scaffold=scaffold00607	strand=-
2665_g               -            602 1613at5820           -            801  3.3e-151  503.3  43.7   2   2   6.2e-57   2.7e-54  182.8   8.4   650   794   429   586   407   595 0.85 length=602	scaffold=scaffold00607	strand=-
2666_g               -            285 1613at5820           -            801   2.1e-91  305.6  32.5   1   3   5.6e-56   2.5e-53  179.6  17.7   157   281     1   125     1   150 0.97 length=285	scaffold=scaffold00607	strand=-
2666_g               -            285 1613at5820           -            801   2.1e-91  305.6  32.5   2   3      0.24     1e+02   -1.0   0.8    18   465   136   156   126   176 0.55 length=285	scaffold=scaffold00607	strand=-
2666_g               -            285 1613at5820           -            801   2.1e-91  305.6  32.5   3   3   1.3e-41   5.8e-39  132.1   5.8   273   383   174   284   161   284 0.88 length=285	scaffold=scaffold00607	strand=-
1045_g               -            955 1613at5820           -            801   2.7e-51  172.9   1.4   1   2   5.1e-12   2.3e-09   34.2   0.0   163   341   177   357   165   361 0.81 length=955	scaffold=scaffold00128	strand=-	adjustedToFrame=3
1045_g               -            955 1613at5820           -            801   2.7e-51  172.9   1.4   2   2   4.1e-43   1.8e-40  137.1   0.3   477   725   493   757   487   784 0.81 length=955	scaffold=scaffold00128	strand=-	adjustedToFrame=3
2667_g               -            325 1613at5820           -            801   2.5e-46  156.5  14.8   1   2   5.6e-49   2.5e-46  156.5  14.8    13   136    40   170    29   211 0.87 length=325	scaffold=scaffold00607	strand=-
2667_g               -            325 1613at5820           -            801   2.5e-46  156.5  14.8   2   2         9     4e+03  -10.7   9.0   450   470   289   300   253   321 0.50 length=325	scaffold=scaffold00607	strand=-
1463_g               -           1124 1613at5820           -            801   5.1e-45  152.1   5.4   1   3       2.5   1.1e+03   -4.4   0.3   386   413    41    68    31    74 0.76 length=1124	scaffold=scaffold00218	strand=+
1463_g               -           1124 1613at5820           -            801   5.1e-45  152.1   5.4   2   3   1.7e-40   7.5e-38  128.4   0.1   202   667   437   880   404   898 0.75 length=1124	scaffold=scaffold00218	strand=+
1463_g               -           1124 1613at5820           -            801   5.1e-45  152.1   5.4   3   3   7.2e-09   3.2e-06   23.8   0.1   656   747   900   999   875  1008 0.71 length=1124	scaffold=scaffold00218	strand=+
2278_g               -            659 1613at5820           -            801   7.1e-44  148.4   0.0   1   2      0.11        51    0.0   0.0   288   341   253   310   242   398 0.75 length=659	scaffold=scaffold00452	strand=+
2278_g               -            659 1613at5820           -            801   7.1e-44  148.4   0.0   2   2     1e-45   4.5e-43  145.7   0.0   477   716   401   652   393   655 0.86 length=659	scaffold=scaffold00452	strand=+
1131_g               -            962 1613at5820           -            801   4.1e-43  145.8  25.5   1   4      0.12        53   -0.1   2.5    14    67   199   253   189   264 0.76 length=962	scaffold=scaffold00149	strand=-
1131_g               -            962 1613at5820           -            801   4.1e-43  145.8  25.5   2   4   4.8e-06    0.0021   14.5   8.2   221   447   303   556   283   563 0.69 length=962	scaffold=scaffold00149	strand=-
1131_g               -            962 1613at5820           -            801   4.1e-43  145.8  25.5   3   4   4.2e-37   1.8e-34  117.2   0.1   481   648   562   728   557   734 0.90 length=962	scaffold=scaffold00149	strand=-
1131_g               -            962 1613at5820           -            801   4.1e-43  145.8  25.5   4   4   8.7e-09   3.9e-06   23.5   0.0   658   739   789   872   770   882 0.85 length=962	scaffold=scaffold00149	strand=-
240_g                -            822 1613at5820           -            801   2.8e-39  133.1   4.6   1   2   1.6e-06   0.00069   16.1   0.2   199   355   192   351   186   429 0.74 length=822	scaffold=scaffold00017	strand=-
240_g                -            822 1613at5820           -            801   2.8e-39  133.1   4.6   2   2   4.8e-37   2.1e-34  117.0   0.6   482   742   434   719   424   748 0.75 length=822	scaffold=scaffold00017	strand=-
202_g                -            938 1613at5820           -            801     3e-34  116.5   5.1   1   3       1.2   5.4e+02   -3.4   0.5   322   389    58   117    20   138 0.58 length=938	scaffold=scaffold00014	strand=-
202_g                -            938 1613at5820           -            801     3e-34  116.5   5.1   2   3   5.3e-34   2.3e-31  107.0   0.0   480   652   429   600   421   661 0.81 length=938	scaffold=scaffold00014	strand=-
202_g                -            938 1613at5820           -            801     3e-34  116.5   5.1   3   3   4.9e-05     0.022   11.1   0.1   661   730   686   774   650   786 0.65 length=938	scaffold=scaffold00014	strand=-
#
# Program:         hmmsearch
# Version:         3.1b2 (February 2015)
# Pipeline mode:   SEARCH
# Query file:      /export/home/bio1901/Documents/29_BINP/OrthoSearch/busco_downloads/lineages/plasmodium_odb10/hmms/1613at5820.hmm
# Target file:     Results/1_GeneSequences/PB.faa
# Option settings: /home/users/bio1901/miniconda3/envs/busco/bin/hmmsearch --domtblout /export/home/bio1901/Documents/29_BINP/OrthoSearch/PB/run_plasmodium_odb10/hmmer_output/1613at5820.out --cpu 1 /export/home/bio1901/Documents/29_BINP/OrthoSearch/busco_downloads/lineages/plasmodium_odb10/hmms/1613at5820.hmm Results/1_GeneSequences/PB.faa 
# Current dir:     /export/home/bio1901/Documents/29_BINP/OrthoSearch
# Date:            Sun Mar 15 17:46:22 2020
# [ok]
