#                                                                            --- full sequence --- -------------- this domain -------------   hmm coord   ali coord   env coord
# target name        accession   tlen query name           accession   qlen   E-value  score  bias   #  of  c-Evalue  i-Evalue  score  bias  from    to  from    to  from    to  acc description of target
#------------------- ---------- ----- -------------------- ---------- ----- --------- ------ ----- --- --- --------- --------- ------ ----- ----- ----- ----- ----- ----- ----- ---- ---------------------
3505_g               -           1137 1635at5820           -            845         0 1129.6  81.3   1   4  5.9e-265  7.8e-262  868.8  25.3    56   486     1   430     1   438 0.96 length=1137	scaffold=scaffold01138	strand=+
3505_g               -           1137 1635at5820           -            845         0 1129.6  81.3   2   4   4.3e-80   5.8e-77  257.2  17.3   462   658   497   701   476   717 0.90 length=1137	scaffold=scaffold01138	strand=+
3505_g               -           1137 1635at5820           -            845         0 1129.6  81.3   3   4   6.4e-05     0.085    8.5   6.4   664   704   768   808   734   839 0.83 length=1137	scaffold=scaffold01138	strand=+
3505_g               -           1137 1635at5820           -            845         0 1129.6  81.3   4   4     2e-06    0.0027   13.5   8.3   691   775   981  1067   942  1130 0.62 length=1137	scaffold=scaffold01138	strand=+
2480_g               -            931 1635at5820           -            845   7.4e-43  144.4  36.0   1   4   1.4e-25   1.8e-22   76.9   5.1    18   262     3   250     1   278 0.86 length=931	scaffold=scaffold00529	strand=+	adjustedToFrame=3
2480_g               -            931 1635at5820           -            845   7.4e-43  144.4  36.0   2   4     3e-25     4e-22   75.8   9.6   270   455   358   542   348   587 0.94 length=931	scaffold=scaffold00529	strand=+	adjustedToFrame=3
2480_g               -            931 1635at5820           -            845   7.4e-43  144.4  36.0   3   4      0.06        80   -1.3   0.0   486   518   555   585   540   612 0.64 length=931	scaffold=scaffold00529	strand=+	adjustedToFrame=3
2480_g               -            931 1635at5820           -            845   7.4e-43  144.4  36.0   4   4   0.00073      0.97    5.0   2.5   535   601   658   725   630   788 0.70 length=931	scaffold=scaffold00529	strand=+	adjustedToFrame=3
369_g                -           1297 1635at5820           -            845   6.2e-15   52.0  61.2   1   4   1.9e-14   2.5e-11   40.1  18.9    10   208     6   213     3   229 0.84 length=1297	scaffold=scaffold00031	strand=+
369_g                -           1297 1635at5820           -            845   6.2e-15   52.0  61.2   2   4      0.25   3.3e+02   -3.3   1.2   599   667   278   348   230   357 0.69 length=1297	scaffold=scaffold00031	strand=+
369_g                -           1297 1635at5820           -            845   6.2e-15   52.0  61.2   3   4   1.3e-10   1.7e-07   27.4  34.2   278   696   441   872   438   893 0.63 length=1297	scaffold=scaffold00031	strand=+
369_g                -           1297 1635at5820           -            845   6.2e-15   52.0  61.2   4   4         3     4e+03   -7.9   8.0   591   701  1091  1198  1020  1208 0.59 length=1297	scaffold=scaffold00031	strand=+
#
# Program:         hmmsearch
# Version:         3.1b2 (February 2015)
# Pipeline mode:   SEARCH
# Query file:      /export/home/bio1901/Documents/29_BINP/OrthoSearch/busco_downloads/lineages/plasmodium_odb10/hmms/1635at5820.hmm
# Target file:     Results/1_GeneSequences/PB.faa
# Option settings: /home/users/bio1901/miniconda3/envs/busco/bin/hmmsearch --domtblout /export/home/bio1901/Documents/29_BINP/OrthoSearch/PB/run_plasmodium_odb10/hmmer_output/1635at5820.out --cpu 1 /export/home/bio1901/Documents/29_BINP/OrthoSearch/busco_downloads/lineages/plasmodium_odb10/hmms/1635at5820.hmm Results/1_GeneSequences/PB.faa 
# Current dir:     /export/home/bio1901/Documents/29_BINP/OrthoSearch
# Date:            Sun Mar 15 17:46:39 2020
# [ok]
