#                                                                            --- full sequence --- -------------- this domain -------------   hmm coord   ali coord   env coord
# target name        accession   tlen query name           accession   qlen   E-value  score  bias   #  of  c-Evalue  i-Evalue  score  bias  from    to  from    to  from    to  acc description of target
#------------------- ---------- ----- -------------------- ---------- ----- --------- ------ ----- --- --- --------- --------- ------ ----- ----- ----- ----- ----- ----- ----- ---- ---------------------
2177_g               -           1622 1640at5820           -            793  1.6e-103  345.3 224.0   1   9    0.0041        16    1.3   0.7    25    59    60    94    52   101 0.80 length=1622	scaffold=scaffold00417	strand=-
2177_g               -           1622 1640at5820           -            793  1.6e-103  345.3 224.0   2   9     9e-09   3.6e-05   20.0  28.4    37   184   120   296   104   317 0.72 length=1622	scaffold=scaffold00417	strand=-
2177_g               -           1622 1640at5820           -            793  1.6e-103  345.3 224.0   3   9   2.8e-18   1.1e-14   51.4  35.0   115   283   252   442   245   504 0.70 length=1622	scaffold=scaffold00417	strand=-
2177_g               -           1622 1640at5820           -            793  1.6e-103  345.3 224.0   4   9   4.2e-12   1.7e-08   31.0  30.9   266   387   541   693   484   709 0.67 length=1622	scaffold=scaffold00417	strand=-
2177_g               -           1622 1640at5820           -            793  1.6e-103  345.3 224.0   5   9   0.00013       0.5    6.3   3.2   379   406   759   786   755   807 0.76 length=1622	scaffold=scaffold00417	strand=-
2177_g               -           1622 1640at5820           -            793  1.6e-103  345.3 224.0   6   9     7e-18   2.8e-14   50.1  13.0   403   459   809   875   789   886 0.81 length=1622	scaffold=scaffold00417	strand=-
2177_g               -           1622 1640at5820           -            793  1.6e-103  345.3 224.0   7   9   1.6e-33   6.3e-30  101.8  36.0   453   639  1002  1194   995  1210 0.88 length=1622	scaffold=scaffold00417	strand=-
2177_g               -           1622 1640at5820           -            793  1.6e-103  345.3 224.0   8   9   4.1e-14   1.6e-10   37.6  16.4   613   718  1295  1408  1279  1422 0.77 length=1622	scaffold=scaffold00417	strand=-
2177_g               -           1622 1640at5820           -            793  1.6e-103  345.3 224.0   9   9   7.1e-27   2.8e-23   79.9  13.6   690   781  1457  1562  1445  1564 0.83 length=1622	scaffold=scaffold00417	strand=-
#
# Program:         hmmsearch
# Version:         3.1b2 (February 2015)
# Pipeline mode:   SEARCH
# Query file:      /export/home/bio1901/Documents/29_BINP/OrthoSearch/busco_downloads/lineages/plasmodium_odb10/hmms/1640at5820.hmm
# Target file:     Results/1_GeneSequences/PB.faa
# Option settings: /home/users/bio1901/miniconda3/envs/busco/bin/hmmsearch --domtblout /export/home/bio1901/Documents/29_BINP/OrthoSearch/PB/run_plasmodium_odb10/hmmer_output/1640at5820.out --cpu 1 /export/home/bio1901/Documents/29_BINP/OrthoSearch/busco_downloads/lineages/plasmodium_odb10/hmms/1640at5820.hmm Results/1_GeneSequences/PB.faa 
# Current dir:     /export/home/bio1901/Documents/29_BINP/OrthoSearch
# Date:            Sun Mar 15 17:46:40 2020
# [ok]
