#                                                                            --- full sequence --- -------------- this domain -------------   hmm coord   ali coord   env coord
# target name        accession   tlen query name           accession   qlen   E-value  score  bias   #  of  c-Evalue  i-Evalue  score  bias  from    to  from    to  from    to  acc description of target
#------------------- ---------- ----- -------------------- ---------- ----- --------- ------ ----- --- --- --------- --------- ------ ----- ----- ----- ----- ----- ----- ----- ---- ---------------------
3308_g               -           1383 1681at5820           -            913         0 1035.9 148.3   1   7      0.64   2.6e+03   -6.2   4.5   769   816    13    58     5    78 0.58 length=1383	scaffold=scaffold00983	strand=-	adjustedToFrame=2
3308_g               -           1383 1681at5820           -            913         0 1035.9 148.3   2   7     0.011        44   -0.4   1.7    12    42    97   127    86   142 0.73 length=1383	scaffold=scaffold00983	strand=-	adjustedToFrame=2
3308_g               -           1383 1681at5820           -            913         0 1035.9 148.3   3   7   2.3e-48   9.4e-45  150.8  13.2     4   173   157   327   154   340 0.88 length=1383	scaffold=scaffold00983	strand=-	adjustedToFrame=2
3308_g               -           1383 1681at5820           -            913         0 1035.9 148.3   4   7  2.9e-117  1.2e-113  378.8  31.1   157   458   438   754   435   775 0.91 length=1383	scaffold=scaffold00983	strand=-	adjustedToFrame=2
3308_g               -           1383 1681at5820           -            913         0 1035.9 148.3   5   7   4.2e-97   1.7e-93  312.1  36.6   446   700   796  1077   784  1096 0.85 length=1383	scaffold=scaffold00983	strand=-	adjustedToFrame=2
3308_g               -           1383 1681at5820           -            913         0 1035.9 148.3   6   7     1e-39     4e-36  122.2   8.5   690   785  1143  1238  1128  1263 0.85 length=1383	scaffold=scaffold00983	strand=-	adjustedToFrame=2
3308_g               -           1383 1681at5820           -            913         0 1035.9 148.3   7   7   8.7e-36   3.5e-32  109.2   5.2   767   861  1284  1383  1276  1383 0.86 length=1383	scaffold=scaffold00983	strand=-	adjustedToFrame=2
#
# Program:         hmmsearch
# Version:         3.1b2 (February 2015)
# Pipeline mode:   SEARCH
# Query file:      /export/home/bio1901/Documents/29_BINP/OrthoSearch/busco_downloads/lineages/plasmodium_odb10/hmms/1681at5820.hmm
# Target file:     Results/1_GeneSequences/PB.faa
# Option settings: /home/users/bio1901/miniconda3/envs/busco/bin/hmmsearch --domtblout /export/home/bio1901/Documents/29_BINP/OrthoSearch/PB/run_plasmodium_odb10/hmmer_output/1681at5820.out --cpu 1 /export/home/bio1901/Documents/29_BINP/OrthoSearch/busco_downloads/lineages/plasmodium_odb10/hmms/1681at5820.hmm Results/1_GeneSequences/PB.faa 
# Current dir:     /export/home/bio1901/Documents/29_BINP/OrthoSearch
# Date:            Sun Mar 15 17:46:56 2020
# [ok]
