#                                                                            --- full sequence --- -------------- this domain -------------   hmm coord   ali coord   env coord
# target name        accession   tlen query name           accession   qlen   E-value  score  bias   #  of  c-Evalue  i-Evalue  score  bias  from    to  from    to  from    to  acc description of target
#------------------- ---------- ----- -------------------- ---------- ----- --------- ------ ----- --- --- --------- --------- ------ ----- ----- ----- ----- ----- ----- ----- ---- ---------------------
975_g                -           7578 177at5820            -           2232         0 1873.0 244.4   1  24         6     4e+03  -19.1  18.8   801   975   484   662   399   674 0.62 length=7578	scaffold=scaffold00115	strand=-
975_g                -           7578 177at5820            -           2232         0 1873.0 244.4   2  24         6     4e+03  -11.7  15.8  1859  2008   685   826   682   847 0.61 length=7578	scaffold=scaffold00115	strand=-
975_g                -           7578 177at5820            -           2232         0 1873.0 244.4   3  24         6     4e+03  -26.8  31.8  1774  1949   857  1039   835  1201 0.55 length=7578	scaffold=scaffold00115	strand=-
975_g                -           7578 177at5820            -           2232         0 1873.0 244.4   4  24         6     4e+03  -21.3  22.4  1878  2051  1313  1493  1292  1501 0.52 length=7578	scaffold=scaffold00115	strand=-
975_g                -           7578 177at5820            -           2232         0 1873.0 244.4   5  24         6     4e+03  -23.7  25.0  1496  1678  1517  1708  1508  1718 0.66 length=7578	scaffold=scaffold00115	strand=-
975_g                -           7578 177at5820            -           2232         0 1873.0 244.4   6  24         6     4e+03  -29.0  31.4   831   920  1964  2071  1704  2143 0.52 length=7578	scaffold=scaffold00115	strand=-
975_g                -           7578 177at5820            -           2232         0 1873.0 244.4   7  24      0.23   1.5e+02   -3.2   8.1   940   996  2532  2588  2500  2604 0.81 length=7578	scaffold=scaffold00115	strand=-
975_g                -           7578 177at5820            -           2232         0 1873.0 244.4   8  24         6     4e+03   -9.8   7.7  1915  1988  3000  3070  2927  3112 0.41 length=7578	scaffold=scaffold00115	strand=-
975_g                -           7578 177at5820            -           2232         0 1873.0 244.4   9  24         6     4e+03  -10.4  14.4  1898  2065  3200  3378  3169  3442 0.56 length=7578	scaffold=scaffold00115	strand=-
975_g                -           7578 177at5820            -           2232         0 1873.0 244.4  10  24       2.3   1.5e+03   -6.5  15.3  1881  2009  3656  3784  3493  3793 0.76 length=7578	scaffold=scaffold00115	strand=-
975_g                -           7578 177at5820            -           2232         0 1873.0 244.4  11  24         6     4e+03  -31.9  32.7  1684  1991  3816  4138  3807  4151 0.56 length=7578	scaffold=scaffold00115	strand=-
975_g                -           7578 177at5820            -           2232         0 1873.0 244.4  12  24   8.3e-09   5.5e-06   21.5   0.9    31   130  4343  4471  4319  4478 0.75 length=7578	scaffold=scaffold00115	strand=-
975_g                -           7578 177at5820            -           2232         0 1873.0 244.4  13  24   1.8e-07   0.00012   17.0   1.5   124   191  4528  4603  4512  4614 0.81 length=7578	scaffold=scaffold00115	strand=-
975_g                -           7578 177at5820            -           2232         0 1873.0 244.4  14  24  1.8e-189  1.2e-186  620.7  42.8   196   821  4680  5342  4661  5350 0.89 length=7578	scaffold=scaffold00115	strand=-
975_g                -           7578 177at5820            -           2232         0 1873.0 244.4  15  24   3.4e-07   0.00022   16.1   3.9   799   861  5403  5466  5367  5489 0.75 length=7578	scaffold=scaffold00115	strand=-
975_g                -           7578 177at5820            -           2232         0 1873.0 244.4  16  24   6.7e-78   4.5e-75  250.6  24.1   859  1125  5535  5809  5506  5826 0.89 length=7578	scaffold=scaffold00115	strand=-
975_g                -           7578 177at5820            -           2232         0 1873.0 244.4  17  24       0.4   2.6e+02   -4.0   4.1  1916  1993  5865  5947  5863  5960 0.66 length=7578	scaffold=scaffold00115	strand=-
975_g                -           7578 177at5820            -           2232         0 1873.0 244.4  18  24  2.6e-103  1.7e-100  334.9  15.5  1104  1352  5944  6201  5931  6207 0.90 length=7578	scaffold=scaffold00115	strand=-
975_g                -           7578 177at5820            -           2232         0 1873.0 244.4  19  24   1.4e-32   9.3e-30  100.3   3.3  1334  1409  6241  6316  6228  6322 0.92 length=7578	scaffold=scaffold00115	strand=-
975_g                -           7578 177at5820            -           2232         0 1873.0 244.4  20  24   6.2e-36   4.1e-33  111.5  13.3  1478  1605  6325  6457  6316  6470 0.86 length=7578	scaffold=scaffold00115	strand=-
975_g                -           7578 177at5820            -           2232         0 1873.0 244.4  21  24  4.8e-106  3.2e-103  344.0  38.0  1588  1899  6589  6907  6583  6948 0.93 length=7578	scaffold=scaffold00115	strand=-
975_g                -           7578 177at5820            -           2232         0 1873.0 244.4  22  24   1.1e-05     0.007   11.2   3.6  1891  1957  6973  7037  6956  7085 0.69 length=7578	scaffold=scaffold00115	strand=-
975_g                -           7578 177at5820            -           2232         0 1873.0 244.4  23  24   8.9e-40   5.9e-37  124.2  21.8  1933  2110  7100  7279  7080  7291 0.78 length=7578	scaffold=scaffold00115	strand=-
975_g                -           7578 177at5820            -           2232         0 1873.0 244.4  24  24   7.3e-35   4.9e-32  107.9  22.1  2087  2228  7329  7478  7312  7484 0.84 length=7578	scaffold=scaffold00115	strand=-
1931_g               -           4069 177at5820            -           2232  2.1e-196  653.1 252.6   1   9      0.93   6.2e+02   -5.2   9.2  1905  1993  1325  1417  1295  1430 0.75 length=4069	scaffold=scaffold00340	strand=-
1931_g               -           4069 177at5820            -           2232  2.1e-196  653.1 252.6   2   9   5.9e-15   3.9e-12   41.9  21.1    35   377  1916  2265  1895  2278 0.80 length=4069	scaffold=scaffold00340	strand=-
1931_g               -           4069 177at5820            -           2232  2.1e-196  653.1 252.6   3   9   5.7e-70   3.8e-67  224.3  54.8   387   771  2327  2716  2302  2733 0.88 length=4069	scaffold=scaffold00340	strand=-
1931_g               -           4069 177at5820            -           2232  2.1e-196  653.1 252.6   4   9   2.9e-33     2e-30  102.6  20.1   866  1095  2726  2961  2718  2991 0.75 length=4069	scaffold=scaffold00340	strand=-
1931_g               -           4069 177at5820            -           2232  2.1e-196  653.1 252.6   5   9   2.4e-55   1.6e-52  175.9  11.0  1104  1308  3094  3298  3081  3309 0.88 length=4069	scaffold=scaffold00340	strand=-
1931_g               -           4069 177at5820            -           2232  2.1e-196  653.1 252.6   6   9         6     4e+03  -21.4  24.3  1970  1983  3371  3384  3319  3417 0.51 length=4069	scaffold=scaffold00340	strand=-
1931_g               -           4069 177at5820            -           2232  2.1e-196  653.1 252.6   7   9   9.3e-35   6.2e-32  107.6  25.6  1353  1542  3441  3635  3429  3662 0.86 length=4069	scaffold=scaffold00340	strand=-
1931_g               -           4069 177at5820            -           2232  2.1e-196  653.1 252.6   8   9   4.9e-21   3.3e-18   62.0  16.0  1679  1848  3668  3837  3656  3884 0.91 length=4069	scaffold=scaffold00340	strand=-
1931_g               -           4069 177at5820            -           2232  2.1e-196  653.1 252.6   9   9     6e-06     0.004   12.0   9.1  1978  2066  3887  3975  3868  4012 0.76 length=4069	scaffold=scaffold00340	strand=-
1605_g               -           5958 177at5820            -           2232  1.8e-121  404.5 195.4   1  13         6     4e+03   -8.9   8.8   811   901  2125  2215  2064  2259 0.68 length=5958	scaffold=scaffold00251	strand=-
1605_g               -           5958 177at5820            -           2232  1.8e-121  404.5 195.4   2  13      0.18   1.2e+02   -2.8   3.6    76   190  2480  2588  2457  2605 0.67 length=5958	scaffold=scaffold00251	strand=-
1605_g               -           5958 177at5820            -           2232  1.8e-121  404.5 195.4   3  13         6     4e+03  -17.2  15.7  2151  2226  2791  2872  2786  2881 0.50 length=5958	scaffold=scaffold00251	strand=-
1605_g               -           5958 177at5820            -           2232  1.8e-121  404.5 195.4   4  13   1.5e-28     1e-25   87.0  46.4   155   593  2980  3436  2973  3477 0.70 length=5958	scaffold=scaffold00251	strand=-
1605_g               -           5958 177at5820            -           2232  1.8e-121  404.5 195.4   5  13   1.1e-28   7.3e-26   87.4  17.5   643   795  3552  3706  3512  3729 0.84 length=5958	scaffold=scaffold00251	strand=-
1605_g               -           5958 177at5820            -           2232  1.8e-121  404.5 195.4   6  13   1.3e-32   8.9e-30  100.4  27.6   840  1097  3799  4080  3782  4104 0.73 length=5958	scaffold=scaffold00251	strand=-
1605_g               -           5958 177at5820            -           2232  1.8e-121  404.5 195.4   7  13   3.6e-27   2.4e-24   82.4  17.9  1100  1303  4213  4438  4171  4485 0.76 length=5958	scaffold=scaffold00251	strand=-
1605_g               -           5958 177at5820            -           2232  1.8e-121  404.5 195.4   8  13   1.1e-30   7.4e-28   94.0  10.0  1297  1446  4597  4740  4550  4747 0.75 length=5958	scaffold=scaffold00251	strand=-
1605_g               -           5958 177at5820            -           2232  1.8e-121  404.5 195.4   9  13   7.7e-13   5.1e-10   34.9   9.1  1560  1703  4902  5042  4882  5050 0.83 length=5958	scaffold=scaffold00251	strand=-
1605_g               -           5958 177at5820            -           2232  1.8e-121  404.5 195.4  10  13   1.1e-09   7.6e-07   24.4  19.0  1792  1940  5085  5237  5043  5256 0.70 length=5958	scaffold=scaffold00251	strand=-
1605_g               -           5958 177at5820            -           2232  1.8e-121  404.5 195.4  11  13       3.6   2.4e+03   -7.2   6.6  1883  1933  5312  5362  5293  5416 0.71 length=5958	scaffold=scaffold00251	strand=-
1605_g               -           5958 177at5820            -           2232  1.8e-121  404.5 195.4  12  13         6     4e+03  -17.2  45.8  1917  2230  5425  5737  5417  5739 0.72 length=5958	scaffold=scaffold00251	strand=-
1605_g               -           5958 177at5820            -           2232  1.8e-121  404.5 195.4  13  13         6     4e+03  -24.1  28.9  1918  2167  5766  5920  5741  5945 0.48 length=5958	scaffold=scaffold00251	strand=-
2917_g               -           2493 177at5820            -           2232   5.9e-60  200.5 193.8   1   7   6.4e-22   4.2e-19   65.0  23.1   329   580   604   880   560   888 0.78 length=2493	scaffold=scaffold00738	strand=-	adjustedToFrame=2
2917_g               -           2493 177at5820            -           2232   5.9e-60  200.5 193.8   2   7   1.3e-09   8.4e-07   24.2   6.8  1040  1095   956  1012   931  1015 0.90 length=2493	scaffold=scaffold00738	strand=-	adjustedToFrame=2
2917_g               -           2493 177at5820            -           2232   5.9e-60  200.5 193.8   3   7     6e-05      0.04    8.7  18.4  1142  1246  1038  1142  1012  1153 0.36 length=2493	scaffold=scaffold00738	strand=-	adjustedToFrame=2
2917_g               -           2493 177at5820            -           2232   5.9e-60  200.5 193.8   4   7   4.3e-26   2.8e-23   78.8  33.7   999  1287  1150  1422  1146  1433 0.83 length=2493	scaffold=scaffold00738	strand=-	adjustedToFrame=2
2917_g               -           2493 177at5820            -           2232   5.9e-60  200.5 193.8   5   7   1.5e-05      0.01   10.6  26.5  1364  1551  1434  1628  1420  1646 0.79 length=2493	scaffold=scaffold00738	strand=-	adjustedToFrame=2
2917_g               -           2493 177at5820            -           2232   5.9e-60  200.5 193.8   6   7     9e-15     6e-12   41.3  30.7  1588  1858  1759  2026  1748  2240 0.76 length=2493	scaffold=scaffold00738	strand=-	adjustedToFrame=2
2917_g               -           2493 177at5820            -           2232   5.9e-60  200.5 193.8   7   7      0.88   5.9e+02   -5.1  11.0  2093  2224  2282  2398  2251  2420 0.73 length=2493	scaffold=scaffold00738	strand=-	adjustedToFrame=2
161_g                -           3051 177at5820            -           2232   5.2e-44  147.6 214.3   1   9       2.1   1.4e+03   -6.4   3.3  1007  1063    70   126    58   160 0.66 length=3051	scaffold=scaffold00010	strand=-
161_g                -           3051 177at5820            -           2232   5.2e-44  147.6 214.3   2   9      0.16   1.1e+02   -2.7   0.9   294   376   535   619   517   634 0.60 length=3051	scaffold=scaffold00010	strand=-
161_g                -           3051 177at5820            -           2232   5.2e-44  147.6 214.3   3   9   2.2e-11   1.4e-08   30.1  23.3   517   710  1026  1238  1016  1246 0.72 length=3051	scaffold=scaffold00010	strand=-
161_g                -           3051 177at5820            -           2232   5.2e-44  147.6 214.3   4   9   5.3e-13   3.6e-10   35.4  34.4  1040  1251  1270  1462  1249  1473 0.87 length=3051	scaffold=scaffold00010	strand=-
161_g                -           3051 177at5820            -           2232   5.2e-44  147.6 214.3   5   9   1.4e-13     9e-11   37.4  20.2   454   548  1475  1572  1464  1683 0.75 length=3051	scaffold=scaffold00010	strand=-
161_g                -           3051 177at5820            -           2232   5.2e-44  147.6 214.3   6   9   6.7e-16   4.5e-13   45.0   4.1  1177  1282  1984  2084  1975  2089 0.91 length=3051	scaffold=scaffold00010	strand=-
161_g                -           3051 177at5820            -           2232   5.2e-44  147.6 214.3   7   9   1.1e-08   7.1e-06   21.1  24.9  1363  1577  2100  2318  2092  2322 0.84 length=3051	scaffold=scaffold00010	strand=-
161_g                -           3051 177at5820            -           2232   5.2e-44  147.6 214.3   8   9   2.5e-10   1.7e-07   26.5  46.2  1595  2038  2291  2722  2285  2779 0.75 length=3051	scaffold=scaffold00010	strand=-
161_g                -           3051 177at5820            -           2232   5.2e-44  147.6 214.3   9   9      0.26   1.7e+02   -3.4   1.0  2078  2218  2825  2969  2794  2983 0.50 length=3051	scaffold=scaffold00010	strand=-
162_g                -           3484 177at5820            -           2232   1.2e-42  143.1 217.0   1   8   1.2e-15   7.8e-13   44.2  20.0   345   581  1313  1579  1294  1617 0.70 length=3484	scaffold=scaffold00010	strand=-
162_g                -           3484 177at5820            -           2232   1.2e-42  143.1 217.0   2   8   2.8e-13   1.9e-10   36.3  26.9   569   766  1612  1825  1611  1828 0.80 length=3484	scaffold=scaffold00010	strand=-
162_g                -           3484 177at5820            -           2232   1.2e-42  143.1 217.0   3   8   3.2e-07   0.00021   16.2   9.0   523   588  1818  1888  1818  1921 0.82 length=3484	scaffold=scaffold00010	strand=-
162_g                -           3484 177at5820            -           2232   1.2e-42  143.1 217.0   4   8   1.6e-06    0.0011   13.9  13.2   960  1094  1948  2094  1918  2116 0.60 length=3484	scaffold=scaffold00010	strand=-
162_g                -           3484 177at5820            -           2232   1.2e-42  143.1 217.0   5   8   4.4e-16   2.9e-13   45.6   9.8  1161  1282  2323  2445  2310  2459 0.85 length=3484	scaffold=scaffold00010	strand=-
162_g                -           3484 177at5820            -           2232   1.2e-42  143.1 217.0   6   8     8e-10   5.3e-07   24.9  33.5  1363  1551  2461  2653  2453  2678 0.79 length=3484	scaffold=scaffold00010	strand=-
162_g                -           3484 177at5820            -           2232   1.2e-42  143.1 217.0   7   8   2.5e-08   1.7e-05   19.9  39.3  1623  1933  2679  2988  2655  3044 0.79 length=3484	scaffold=scaffold00010	strand=-
162_g                -           3484 177at5820            -           2232   1.2e-42  143.1 217.0   8   8         6     4e+03  -14.3  16.0  2114  2224  3313  3427  3267  3433 0.69 length=3484	scaffold=scaffold00010	strand=-
#
# Program:         hmmsearch
# Version:         3.1b2 (February 2015)
# Pipeline mode:   SEARCH
# Query file:      /export/home/bio1901/Documents/29_BINP/OrthoSearch/busco_downloads/lineages/plasmodium_odb10/hmms/177at5820.hmm
# Target file:     Results/1_GeneSequences/PB.faa
# Option settings: /home/users/bio1901/miniconda3/envs/busco/bin/hmmsearch --domtblout /export/home/bio1901/Documents/29_BINP/OrthoSearch/PB/run_plasmodium_odb10/hmmer_output/177at5820.out --cpu 1 /export/home/bio1901/Documents/29_BINP/OrthoSearch/busco_downloads/lineages/plasmodium_odb10/hmms/177at5820.hmm Results/1_GeneSequences/PB.faa 
# Current dir:     /export/home/bio1901/Documents/29_BINP/OrthoSearch
# Date:            Sun Mar 15 17:47:38 2020
# [ok]
