#                                                                            --- full sequence --- -------------- this domain -------------   hmm coord   ali coord   env coord
# target name        accession   tlen query name           accession   qlen   E-value  score  bias   #  of  c-Evalue  i-Evalue  score  bias  from    to  from    to  from    to  acc description of target
#------------------- ---------- ----- -------------------- ---------- ----- --------- ------ ----- --- --- --------- --------- ------ ----- ----- ----- ----- ----- ----- ----- ---- ---------------------
1221_g               -           2797 179at5820            -           2330         0 1775.0 164.7   1   3  6.7e-249  1.6e-246  819.1  93.4    36  1006   208  1297   160  1314 0.86 length=2797	scaffold=scaffold00165	strand=-
1221_g               -           2797 179at5820            -           2330         0 1775.0 164.7   2   3  9.9e-161  2.3e-158  526.6  32.8  1060  1767  1391  2135  1381  2140 0.87 length=2797	scaffold=scaffold00165	strand=-
1221_g               -           2797 179at5820            -           2330         0 1775.0 164.7   3   3    6e-134  1.4e-131  437.8  22.6  1770  2316  2169  2775  2159  2785 0.85 length=2797	scaffold=scaffold00165	strand=-
1222_g               -           2305 179at5820            -           2330   3.1e-46  154.7 141.9   1  11    0.0005      0.12    6.9   7.1    64   251   291   481   199   494 0.57 length=2305	scaffold=scaffold00165	strand=-	adjustedToFrame=2
1222_g               -           2305 179at5820            -           2330   3.1e-46  154.7 141.9   2  11   6.9e-06    0.0016   13.0   1.6  1839  1981   421   558   343   563 0.70 length=2305	scaffold=scaffold00165	strand=-	adjustedToFrame=2
1222_g               -           2305 179at5820            -           2330   3.1e-46  154.7 141.9   3  11     0.063        15   -0.1   0.5   411   506   639   736   628   744 0.77 length=2305	scaffold=scaffold00165	strand=-	adjustedToFrame=2
1222_g               -           2305 179at5820            -           2330   3.1e-46  154.7 141.9   4  11     2e-11   4.7e-09   31.4   9.9  2180  2319   754   890   745   897 0.87 length=2305	scaffold=scaffold00165	strand=-	adjustedToFrame=2
1222_g               -           2305 179at5820            -           2330   3.1e-46  154.7 141.9   5  11   4.3e-05      0.01   10.4   0.1  1727  1800   913   988   904  1006 0.78 length=2305	scaffold=scaffold00165	strand=-	adjustedToFrame=2
1222_g               -           2305 179at5820            -           2330   3.1e-46  154.7 141.9   6  11   5.1e-10   1.2e-07   26.7   0.2   217   276  1173  1233  1153  1241 0.76 length=2305	scaffold=scaffold00165	strand=-	adjustedToFrame=2
1222_g               -           2305 179at5820            -           2330   3.1e-46  154.7 141.9   7  11     7e-19   1.6e-16   56.1   6.9  1236  1425  1185  1381  1185  1387 0.83 length=2305	scaffold=scaffold00165	strand=-	adjustedToFrame=2
1222_g               -           2305 179at5820            -           2330   3.1e-46  154.7 141.9   8  11   3.3e-17   7.8e-15   50.6  22.7  1719  2041  1383  1707  1367  1739 0.78 length=2305	scaffold=scaffold00165	strand=-	adjustedToFrame=2
1222_g               -           2305 179at5820            -           2330   3.1e-46  154.7 141.9   9  11     0.013       3.1    2.2   5.5  1062  1184  1702  1831  1702  1845 0.77 length=2305	scaffold=scaffold00165	strand=-	adjustedToFrame=2
1222_g               -           2305 179at5820            -           2330   3.1e-46  154.7 141.9  10  11     0.053        12    0.1   2.8  1075  1145  1781  1851  1754  1872 0.67 length=2305	scaffold=scaffold00165	strand=-	adjustedToFrame=2
1222_g               -           2305 179at5820            -           2330   3.1e-46  154.7 141.9  11  11   2.3e-17   5.5e-15   51.1   8.1  2152  2302  2119  2270  2100  2300 0.72 length=2305	scaffold=scaffold00165	strand=-	adjustedToFrame=2
758_g                -           3221 179at5820            -           2330   7.3e-21   70.6 104.3   1   9   6.7e-05     0.016    9.7   3.3   892   981    13   116     5   126 0.75 length=3221	scaffold=scaffold00082	strand=-	adjustedToFrame=2
758_g                -           3221 179at5820            -           2330   7.3e-21   70.6 104.3   2   9   0.00034      0.08    7.4   0.6  1272  2036   470   595   452   630 0.52 length=3221	scaffold=scaffold00082	strand=-	adjustedToFrame=2
758_g                -           3221 179at5820            -           2330   7.3e-21   70.6 104.3   3   9   4.5e-10     1e-07   26.9   3.6  1233  1400   710   904   701   927 0.68 length=3221	scaffold=scaffold00082	strand=-	adjustedToFrame=2
758_g                -           3221 179at5820            -           2330   7.3e-21   70.6 104.3   4   9   8.1e-10   1.9e-07   26.1  10.6  1233  1414  1077  1286  1058  1291 0.67 length=3221	scaffold=scaffold00082	strand=-	adjustedToFrame=2
758_g                -           3221 179at5820            -           2330   7.3e-21   70.6 104.3   5   9   4.6e-11   1.1e-08   30.2  11.2  1233  1397  1497  1687  1488  1699 0.72 length=3221	scaffold=scaffold00082	strand=-	adjustedToFrame=2
758_g                -           3221 179at5820            -           2330   7.3e-21   70.6 104.3   6   9     0.075        18   -0.4   0.6  1316  1341  1826  1851  1799  1869 0.76 length=3221	scaffold=scaffold00082	strand=-	adjustedToFrame=2
758_g                -           3221 179at5820            -           2330   7.3e-21   70.6 104.3   7   9   3.2e-09   7.4e-07   24.1   9.9  1208  1417  1939  2146  1933  2167 0.75 length=3221	scaffold=scaffold00082	strand=-	adjustedToFrame=2
758_g                -           3221 179at5820            -           2330   7.3e-21   70.6 104.3   8   9     4e-10   9.3e-08   27.1  10.6  1202  1405  2365  2584  2350  2592 0.74 length=3221	scaffold=scaffold00082	strand=-	adjustedToFrame=2
758_g                -           3221 179at5820            -           2330   7.3e-21   70.6 104.3   9   9   5.8e-08   1.4e-05   19.9  18.7  1145  1407  2845  3119  2837  3126 0.66 length=3221	scaffold=scaffold00082	strand=-	adjustedToFrame=2
1372_g               -           1829 179at5820            -           2330   1.4e-17   59.7   6.7   1   6    0.0053       1.3    3.4   0.1  1743  1773    33    63    19    69 0.82 length=1829	scaffold=scaffold00198	strand=-
1372_g               -           1829 179at5820            -           2330   1.4e-17   59.7   6.7   2   6   1.2e-13   2.9e-11   38.7   0.5  1231  1394   117   300    95   306 0.80 length=1829	scaffold=scaffold00198	strand=-
1372_g               -           1829 179at5820            -           2330   1.4e-17   59.7   6.7   3   6     9e-05     0.021    9.3   0.0  1867  1943   536   613   525   623 0.81 length=1829	scaffold=scaffold00198	strand=-
1372_g               -           1829 179at5820            -           2330   1.4e-17   59.7   6.7   4   6      0.14        32   -1.2   0.0   643   697   625   691   617   700 0.67 length=1829	scaffold=scaffold00198	strand=-
1372_g               -           1829 179at5820            -           2330   1.4e-17   59.7   6.7   5   6      0.76   1.8e+02   -3.7   0.9    65   115  1588  1636  1531  1640 0.42 length=1829	scaffold=scaffold00198	strand=-
1372_g               -           1829 179at5820            -           2330   1.4e-17   59.7   6.7   6   6     3e-12   6.9e-10   34.1   0.9   616   694  1679  1759  1668  1768 0.86 length=1829	scaffold=scaffold00198	strand=-
861_g                -            442 179at5820            -           2330   3.4e-16   55.1   0.2   1   3   0.00048      0.11    6.9   0.0  1746  1775    14    43     3    58 0.85 length=442	scaffold=scaffold00097	strand=-	adjustedToFrame=3
861_g                -            442 179at5820            -           2330   3.4e-16   55.1   0.2   2   3   8.2e-15   1.9e-12   42.6   0.0  1192  1387    62   270    59   331 0.76 length=442	scaffold=scaffold00097	strand=-	adjustedToFrame=3
861_g                -            442 179at5820            -           2330   3.4e-16   55.1   0.2   3   3     0.016       3.8    1.8   0.1  1948  2036   337   428   328   433 0.62 length=442	scaffold=scaffold00097	strand=-	adjustedToFrame=3
1888_g               -            553 179at5820            -           2330   2.4e-13   45.6   2.5   1   2     0.021       4.9    1.5   0.2  1747  1773    12    38     2    61 0.71 length=553	scaffold=scaffold00325	strand=-	adjustedToFrame=3
1888_g               -            553 179at5820            -           2330   2.4e-13   45.6   2.5   2   2   2.9e-15   6.8e-13   44.1   0.3  1204  1387    71   268    46   302 0.76 length=553	scaffold=scaffold00325	strand=-	adjustedToFrame=3
859_g                -            998 179at5820            -           2330   5.7e-10   34.4   5.6   1   5   0.00062      0.15    6.5   0.1  1748  1773     3    28     1    35 0.89 length=998	scaffold=scaffold00097	strand=-
859_g                -            998 179at5820            -           2330   5.7e-10   34.4   5.6   2   5   5.2e-10   1.2e-07   26.7   0.2  1232  1384    83   255    51   290 0.71 length=998	scaffold=scaffold00097	strand=-
859_g                -            998 179at5820            -           2330   5.7e-10   34.4   5.6   3   5      0.18        42   -1.6   0.1   643   692   488   535   483   548 0.80 length=998	scaffold=scaffold00097	strand=-
859_g                -            998 179at5820            -           2330   5.7e-10   34.4   5.6   4   5     0.002      0.46    4.9   0.0  1869  1935   557   621   543   638 0.83 length=998	scaffold=scaffold00097	strand=-
859_g                -            998 179at5820            -           2330   5.7e-10   34.4   5.6   5   5   1.1e-07   2.6e-05   19.0   1.3   642   701   643   714   629   748 0.76 length=998	scaffold=scaffold00097	strand=-
1627_g               -            505 179at5820            -           2330   8.4e-09   30.5   0.1   1   1   3.6e-11   8.4e-09   30.5   0.1  1231  1335   124   241    90   250 0.78 length=505	scaffold=scaffold00257	strand=+
1887_g               -            310 179at5820            -           2330     3e-08   28.7   5.2   1   2    0.0036      0.85    4.0   0.1  1749  1767    37    55    32    64 0.86 length=310	scaffold=scaffold00325	strand=-
1887_g               -            310 179at5820            -           2330     3e-08   28.7   5.2   2   2   1.8e-09   4.2e-07   24.9   1.7  1227  1337   110   234    72   305 0.57 length=310	scaffold=scaffold00325	strand=-
1629_g               -            519 179at5820            -           2330   3.6e-08   28.5   0.2   1   3     0.035       8.1    0.8   0.0   632   685    24    82    18    87 0.74 length=519	scaffold=scaffold00257	strand=+
1629_g               -            519 179at5820            -           2330   3.6e-08   28.5   0.2   2   3   1.5e-10   3.6e-08   28.5   0.2  1232  1334   116   230   113   240 0.76 length=519	scaffold=scaffold00257	strand=+
1629_g               -            519 179at5820            -           2330   3.6e-08   28.5   0.2   3   3       2.8   6.6e+02   -5.6  12.2    83   138   392   445   308   484 0.45 length=519	scaffold=scaffold00257	strand=+
3896_g               -            152 179at5820            -           2330    0.0017   12.9  10.7   1   1   8.1e-06    0.0019   12.8  10.7     8   116    35   150    28   152 0.43 length=152	scaffold=scaffold01484	strand=-
150_g                -            302 179at5820            -           2330    0.0047   11.5  25.2   1   1   2.6e-05    0.0061   11.1  25.2    26   140    78   204    60   215 0.44 length=302	scaffold=scaffold00009	strand=-
3032_g               -            110 179at5820            -           2330     0.032    8.7  12.9   1   1   0.00013     0.031    8.8  12.9    25   104    19   106     1   109 0.32 length=110	scaffold=scaffold00806	strand=+
1797_g               -            174 179at5820            -           2330     0.081    7.4  24.4   1   1   0.00039     0.091    7.2  24.4    29   130    48   144     6   169 0.34 length=174	scaffold=scaffold00301	strand=-
3279_g               -            124 179at5820            -           2330      0.48    4.8  25.9   1   1    0.0022      0.52    4.7  25.9    29   123    24   122     3   123 0.48 length=124	scaffold=scaffold00965	strand=-
2015_g               -            199 179at5820            -           2330       4.7    1.5  14.7   1   1     0.023       5.4    1.3  14.7    17   102    98   187    80   198 0.30 length=199	scaffold=scaffold00365	strand=-
4026_g               -            178 179at5820            -           2330         7    1.0  18.9   1   1     0.034       7.9    0.8  18.9    69   155    65   152    12   159 0.60 length=178	scaffold=scaffold01615	strand=-
#
# Program:         hmmsearch
# Version:         3.1b2 (February 2015)
# Pipeline mode:   SEARCH
# Query file:      /export/home/bio1901/Documents/29_BINP/OrthoSearch/busco_downloads/lineages/plasmodium_odb10/hmms/179at5820.hmm
# Target file:     Results/1_GeneSequences/PB.faa
# Option settings: /home/users/bio1901/miniconda3/envs/busco/bin/hmmsearch --domtblout /export/home/bio1901/Documents/29_BINP/OrthoSearch/PB/run_plasmodium_odb10/hmmer_output/179at5820.out --cpu 1 /export/home/bio1901/Documents/29_BINP/OrthoSearch/busco_downloads/lineages/plasmodium_odb10/hmms/179at5820.hmm Results/1_GeneSequences/PB.faa 
# Current dir:     /export/home/bio1901/Documents/29_BINP/OrthoSearch
# Date:            Sun Mar 15 17:47:49 2020
# [ok]
