#                                                                            --- full sequence --- -------------- this domain -------------   hmm coord   ali coord   env coord
# target name        accession   tlen query name           accession   qlen   E-value  score  bias   #  of  c-Evalue  i-Evalue  score  bias  from    to  from    to  from    to  acc description of target
#------------------- ---------- ----- -------------------- ---------- ----- --------- ------ ----- --- --- --------- --------- ------ ----- ----- ----- ----- ----- ----- ----- ---- ---------------------
3125_g               -           2388 1802at5820           -            635   2.8e-09   34.0   5.1   1  10         5     4e+03   -7.4  12.0   226   326    78   188    22   211 0.55 length=2388	scaffold=scaffold00860	strand=+	adjustedToFrame=2
3125_g               -           2388 1802at5820           -            635   2.8e-09   34.0   5.1   2  10       3.8   3.1e+03   -5.8  35.6   149   258   276   380   227   498 0.75 length=2388	scaffold=scaffold00860	strand=+	adjustedToFrame=2
3125_g               -           2388 1802at5820           -            635   2.8e-09   34.0   5.1   3  10   3.5e-12   2.8e-09   34.0   5.1   311   388   566   643   544   651 0.84 length=2388	scaffold=scaffold00860	strand=+	adjustedToFrame=2
3125_g               -           2388 1802at5820           -            635   2.8e-09   34.0   5.1   4  10         5     4e+03  -41.9 100.7   121   325   644   847   641   912 0.65 length=2388	scaffold=scaffold00860	strand=+	adjustedToFrame=2
3125_g               -           2388 1802at5820           -            635   2.8e-09   34.0   5.1   5  10         5     4e+03  -31.4  57.6   111   247  1005  1139   954  1196 0.64 length=2388	scaffold=scaffold00860	strand=+	adjustedToFrame=2
3125_g               -           2388 1802at5820           -            635   2.8e-09   34.0   5.1   6  10         5     4e+03  -11.7  13.6   161   209  1391  1438  1345  1522 0.62 length=2388	scaffold=scaffold00860	strand=+	adjustedToFrame=2
3125_g               -           2388 1802at5820           -            635   2.8e-09   34.0   5.1   7  10         5     4e+03  -14.0  20.5   104   167  1700  1763  1675  1778 0.69 length=2388	scaffold=scaffold00860	strand=+	adjustedToFrame=2
3125_g               -           2388 1802at5820           -            635   2.8e-09   34.0   5.1   8  10       3.8   3.1e+03   -5.8  52.9   130   390  1772  2035  1746  2036 0.53 length=2388	scaffold=scaffold00860	strand=+	adjustedToFrame=2
3125_g               -           2388 1802at5820           -            635   2.8e-09   34.0   5.1   9  10         5     4e+03  -19.8  26.1   141   237  2037  2130  2029  2182 0.46 length=2388	scaffold=scaffold00860	strand=+	adjustedToFrame=2
3125_g               -           2388 1802at5820           -            635   2.8e-09   34.0   5.1  10  10         5     4e+03  -28.0  44.5   125   227  2278  2380  2241  2387 0.43 length=2388	scaffold=scaffold00860	strand=+	adjustedToFrame=2
1625_g               -           2645 1802at5820           -            635   2.6e-08   30.8  42.8   1  15         2   1.6e+03   -4.8   7.2   148   202    20    74    16   102 0.76 length=2645	scaffold=scaffold00256	strand=-
1625_g               -           2645 1802at5820           -            635   2.6e-08   30.8  42.8   2  15         5     4e+03  -15.6  18.1   128   222   132   228   119   286 0.58 length=2645	scaffold=scaffold00256	strand=-
1625_g               -           2645 1802at5820           -            635   2.6e-08   30.8  42.8   3  15         5     4e+03  -24.6  39.9   142   316   315   491   268   501 0.47 length=2645	scaffold=scaffold00256	strand=-
1625_g               -           2645 1802at5820           -            635   2.6e-08   30.8  42.8   4  15         5     4e+03  -19.1  26.7   110   294   502   676   456   693 0.36 length=2645	scaffold=scaffold00256	strand=-
1625_g               -           2645 1802at5820           -            635   2.6e-08   30.8  42.8   5  15   4.1e-08   3.2e-05   20.5  32.0   106   386   789  1059   773  1068 0.53 length=2645	scaffold=scaffold00256	strand=-
1625_g               -           2645 1802at5820           -            635   2.6e-08   30.8  42.8   6  15     0.075        60   -0.2   1.2   268   331  1069  1133  1059  1139 0.84 length=2645	scaffold=scaffold00256	strand=-
1625_g               -           2645 1802at5820           -            635   2.6e-08   30.8  42.8   7  15         5     4e+03  -21.8  38.3   115   326  1201  1436  1182  1448 0.50 length=2645	scaffold=scaffold00256	strand=-
1625_g               -           2645 1802at5820           -            635   2.6e-08   30.8  42.8   8  15         5     4e+03   -6.7   6.9   109   193  1411  1499  1388  1537 0.56 length=2645	scaffold=scaffold00256	strand=-
1625_g               -           2645 1802at5820           -            635   2.6e-08   30.8  42.8   9  15         5     4e+03   -7.7  13.7   111   167  1641  1698  1613  1740 0.63 length=2645	scaffold=scaffold00256	strand=-
1625_g               -           2645 1802at5820           -            635   2.6e-08   30.8  42.8  10  15         5     4e+03  -11.7  21.0   171   262  1811  1896  1768  1921 0.65 length=2645	scaffold=scaffold00256	strand=-
1625_g               -           2645 1802at5820           -            635   2.6e-08   30.8  42.8  11  15   6.2e-10     5e-07   26.5   3.0   338   386  1928  1977  1925  1987 0.90 length=2645	scaffold=scaffold00256	strand=-
1625_g               -           2645 1802at5820           -            635   2.6e-08   30.8  42.8  12  15         5     4e+03  -26.4  44.6   119   287  1983  2159  1978  2174 0.66 length=2645	scaffold=scaffold00256	strand=-
1625_g               -           2645 1802at5820           -            635   2.6e-08   30.8  42.8  13  15         5     4e+03   -9.9  41.2   125   260  2197  2337  2177  2342 0.50 length=2645	scaffold=scaffold00256	strand=-
1625_g               -           2645 1802at5820           -            635   2.6e-08   30.8  42.8  14  15         5     4e+03  -28.0  66.3   121   247  2339  2466  2333  2477 0.57 length=2645	scaffold=scaffold00256	strand=-
1625_g               -           2645 1802at5820           -            635   2.6e-08   30.8  42.8  15  15         5     4e+03  -18.1  41.1   123   195  2405  2477  2397  2583 0.56 length=2645	scaffold=scaffold00256	strand=-
3469_g               -            437 1802at5820           -            635   0.00072   16.1   2.6   1   3   9.1e-07   0.00072   16.1   2.6   319   419    19   127    11   133 0.75 length=437	scaffold=scaffold01112	strand=+
3469_g               -            437 1802at5820           -            635   0.00072   16.1   2.6   2   3         5     4e+03  -21.1  40.1   100   287   143   324   132   332 0.61 length=437	scaffold=scaffold01112	strand=+
3469_g               -            437 1802at5820           -            635   0.00072   16.1   2.6   3   3         5     4e+03  -15.8  45.1   111   209   331   436   322   436 0.69 length=437	scaffold=scaffold01112	strand=+
2197_g               -            212 1802at5820           -            635      0.14    8.6  35.5   1   2     0.045        36    0.6  23.5   126   178     4    52     1    74 0.43 length=212	scaffold=scaffold00423	strand=+
2197_g               -            212 1802at5820           -            635      0.14    8.6  35.5   2   2   0.00014      0.11    8.9   4.1   343   461   100   204    82   211 0.72 length=212	scaffold=scaffold00423	strand=+
1986_g               -            123 1802at5820           -            635       9.7    2.4  25.9   1   1     0.014        11    2.3  25.9   130   233     3   110     1   118 0.61 length=123	scaffold=scaffold00357	strand=+	adjustedToFrame=3
#
# Program:         hmmsearch
# Version:         3.1b2 (February 2015)
# Pipeline mode:   SEARCH
# Query file:      /export/home/bio1901/Documents/29_BINP/OrthoSearch/busco_downloads/lineages/plasmodium_odb10/hmms/1802at5820.hmm
# Target file:     Results/1_GeneSequences/PB.faa
# Option settings: /home/users/bio1901/miniconda3/envs/busco/bin/hmmsearch --domtblout /export/home/bio1901/Documents/29_BINP/OrthoSearch/PB/run_plasmodium_odb10/hmmer_output/1802at5820.out --cpu 1 /export/home/bio1901/Documents/29_BINP/OrthoSearch/busco_downloads/lineages/plasmodium_odb10/hmms/1802at5820.hmm Results/1_GeneSequences/PB.faa 
# Current dir:     /export/home/bio1901/Documents/29_BINP/OrthoSearch
# Date:            Sun Mar 15 17:47:57 2020
# [ok]
