#                                                                            --- full sequence --- -------------- this domain -------------   hmm coord   ali coord   env coord
# target name        accession   tlen query name           accession   qlen   E-value  score  bias   #  of  c-Evalue  i-Evalue  score  bias  from    to  from    to  from    to  acc description of target
#------------------- ---------- ----- -------------------- ---------- ----- --------- ------ ----- --- --- --------- --------- ------ ----- ----- ----- ----- ----- ----- ----- ---- ---------------------
1849_g               -            953 1806at5820           -            857         0 1211.0  21.1   1   2  1.2e-147  1.2e-144  480.8   0.8    15   279     5   274     2   295 0.97 length=953	scaffold=scaffold00316	strand=+
1849_g               -            953 1806at5820           -            857         0 1211.0  21.1   2   2  2.2e-224  2.2e-221  734.7  13.6   281   808   329   932   310   935 0.90 length=953	scaffold=scaffold00316	strand=+
1741_g               -            824 1806at5820           -            857  1.9e-121  404.1  24.7   1   3   7.7e-81   7.7e-78  259.8   7.0    20   305     1   299     1   302 0.91 length=824	scaffold=scaffold00285	strand=+	adjustedToFrame=2
1741_g               -            824 1806at5820           -            857  1.9e-121  404.1  24.7   2   3   1.5e-41   1.5e-38  129.8   7.8   280   615   294   652   276   662 0.83 length=824	scaffold=scaffold00285	strand=+	adjustedToFrame=2
1741_g               -            824 1806at5820           -            857  1.9e-121  404.1  24.7   3   3     4e-09     4e-06   22.6   0.0   715   855   667   818   654   820 0.69 length=824	scaffold=scaffold00285	strand=+	adjustedToFrame=2
1850_g               -            369 1806at5820           -            857   1.5e-23   80.2   0.6   1   2         4     4e+03  -13.6   9.9   157   190    42    74    19    82 0.45 length=369	scaffold=scaffold00316	strand=-
1850_g               -            369 1806at5820           -            857   1.5e-23   80.2   0.6   2   2   1.5e-26   1.5e-23   80.2   0.6    14    57   318   362   306   364 0.88 length=369	scaffold=scaffold00316	strand=-
490_g                -           1600 1806at5820           -            857   1.7e-11   40.3   7.4   1   4      0.34   3.4e+02   -3.7   0.1   652   672   320   340   317   344 0.89 length=1600	scaffold=scaffold00045	strand=+
490_g                -           1600 1806at5820           -            857   1.7e-11   40.3   7.4   2   4   8.4e-08   8.3e-05   18.2   0.1   651   706   706   770   670   790 0.74 length=1600	scaffold=scaffold00045	strand=+
490_g                -           1600 1806at5820           -            857   1.7e-11   40.3   7.4   3   4    0.0005       0.5    5.7   0.0   655   673  1085  1103  1056  1107 0.85 length=1600	scaffold=scaffold00045	strand=+
490_g                -           1600 1806at5820           -            857   1.7e-11   40.3   7.4   4   4   5.4e-08   5.4e-05   18.8   0.3   652   695  1196  1246  1159  1253 0.81 length=1600	scaffold=scaffold00045	strand=+
#
# Program:         hmmsearch
# Version:         3.1b2 (February 2015)
# Pipeline mode:   SEARCH
# Query file:      /export/home/bio1901/Documents/29_BINP/OrthoSearch/busco_downloads/lineages/plasmodium_odb10/hmms/1806at5820.hmm
# Target file:     Results/1_GeneSequences/PB.faa
# Option settings: /home/users/bio1901/miniconda3/envs/busco/bin/hmmsearch --domtblout /export/home/bio1901/Documents/29_BINP/OrthoSearch/PB/run_plasmodium_odb10/hmmer_output/1806at5820.out --cpu 1 /export/home/bio1901/Documents/29_BINP/OrthoSearch/busco_downloads/lineages/plasmodium_odb10/hmms/1806at5820.hmm Results/1_GeneSequences/PB.faa 
# Current dir:     /export/home/bio1901/Documents/29_BINP/OrthoSearch
# Date:            Sun Mar 15 17:47:57 2020
# [ok]
