#                                                                            --- full sequence --- -------------- this domain -------------   hmm coord   ali coord   env coord
# target name        accession   tlen query name           accession   qlen   E-value  score  bias   #  of  c-Evalue  i-Evalue  score  bias  from    to  from    to  from    to  acc description of target
#------------------- ---------- ----- -------------------- ---------- ----- --------- ------ ----- --- --- --------- --------- ------ ----- ----- ----- ----- ----- ----- ----- ---- ---------------------
1743_g               -           1111 1821at5820           -            689  1.2e-202  672.9  92.6   1   7   7.8e-43   1.6e-39  133.8   7.9     1   113     4   119     4   126 0.91 length=1111	scaffold=scaffold00285	strand=-
1743_g               -           1111 1821at5820           -            689  1.2e-202  672.9  92.6   2   7  2.6e-130  5.3e-127  422.9  17.3    66   338   210   467   196   483 0.91 length=1111	scaffold=scaffold00285	strand=-
1743_g               -           1111 1821at5820           -            689  1.2e-202  672.9  92.6   3   7   5.2e-29     1e-25   88.1  13.1   341   480   509   648   503   653 0.82 length=1111	scaffold=scaffold00285	strand=-
1743_g               -           1111 1821at5820           -            689  1.2e-202  672.9  92.6   4   7         2     4e+03  -17.6  21.4    74   100   664   690   639   702 0.44 length=1111	scaffold=scaffold00285	strand=-
1743_g               -           1111 1821at5820           -            689  1.2e-202  672.9  92.6   5   7         2     4e+03  -11.3  19.3     9   104   690   781   682   792 0.47 length=1111	scaffold=scaffold00285	strand=-
1743_g               -           1111 1821at5820           -            689  1.2e-202  672.9  92.6   6   7   1.2e-24   2.4e-21   73.7  30.3   439   588   798   984   787  1049 0.74 length=1111	scaffold=scaffold00285	strand=-
1743_g               -           1111 1821at5820           -            689  1.2e-202  672.9  92.6   7   7         2     4e+03  -10.4  10.5    82   100  1064  1082   987  1109 0.45 length=1111	scaffold=scaffold00285	strand=-
3462_g               -            278 1821at5820           -            689     1e-06   25.4   1.0   1   2   0.00057       1.1    5.4   0.0    31    66    17    52     9    60 0.83 length=278	scaffold=scaffold01105	strand=-
3462_g               -            278 1821at5820           -            689     1e-06   25.4   1.0   2   2   5.5e-08   0.00011   18.7   0.5   132   185    95   146    87   253 0.70 length=278	scaffold=scaffold01105	strand=-
#
# Program:         hmmsearch
# Version:         3.1b2 (February 2015)
# Pipeline mode:   SEARCH
# Query file:      /export/home/bio1901/Documents/29_BINP/OrthoSearch/busco_downloads/lineages/plasmodium_odb10/hmms/1821at5820.hmm
# Target file:     Results/1_GeneSequences/PB.faa
# Option settings: /home/users/bio1901/miniconda3/envs/busco/bin/hmmsearch --domtblout /export/home/bio1901/Documents/29_BINP/OrthoSearch/PB/run_plasmodium_odb10/hmmer_output/1821at5820.out --cpu 1 /export/home/bio1901/Documents/29_BINP/OrthoSearch/busco_downloads/lineages/plasmodium_odb10/hmms/1821at5820.hmm Results/1_GeneSequences/PB.faa 
# Current dir:     /export/home/bio1901/Documents/29_BINP/OrthoSearch
# Date:            Sun Mar 15 17:47:59 2020
# [ok]
