#                                                                            --- full sequence --- -------------- this domain -------------   hmm coord   ali coord   env coord
# target name        accession   tlen query name           accession   qlen   E-value  score  bias   #  of  c-Evalue  i-Evalue  score  bias  from    to  from    to  from    to  acc description of target
#------------------- ---------- ----- -------------------- ---------- ----- --------- ------ ----- --- --- --------- --------- ------ ----- ----- ----- ----- ----- ----- ----- ---- ---------------------
2370_g               -           1365 1841at5820           -            929         0 1403.0 131.0   1   4  7.8e-133  2.2e-130  434.5  25.5     1   269     1   277     1   334 0.94 length=1365	scaffold=scaffold00490	strand=-
2370_g               -           1365 1841at5820           -            929         0 1403.0 131.0   2   4   2.1e-57   6.1e-55  184.8  32.8   255   422   332   511   320   536 0.84 length=1365	scaffold=scaffold00490	strand=-
2370_g               -           1365 1841at5820           -            929         0 1403.0 131.0   3   4   3.1e-39   8.8e-37  124.7   8.7   414   539   584   712   580   726 0.87 length=1365	scaffold=scaffold00490	strand=-
2370_g               -           1365 1841at5820           -            929         0 1403.0 131.0   4   4  5.3e-211  1.5e-208  693.2  20.0   538   928   763  1161   739  1162 0.98 length=1365	scaffold=scaffold00490	strand=-
3772_g               -            363 1841at5820           -            929   6.3e-22   75.6  15.2   1   4   1.5e-06   0.00042   16.6   0.4   106   159    72   126    66   129 0.84 length=363	scaffold=scaffold01372	strand=-
3772_g               -            363 1841at5820           -            929   6.3e-22   75.6  15.2   2   4   2.1e-12   5.9e-10   36.0   1.5   580   671   115   205   114   217 0.83 length=363	scaffold=scaffold01372	strand=-
3772_g               -            363 1841at5820           -            929   6.3e-22   75.6  15.2   3   4   9.6e-09   2.7e-06   23.8   0.2   552   621   211   280   202   285 0.88 length=363	scaffold=scaffold01372	strand=-
3772_g               -            363 1841at5820           -            929   6.3e-22   75.6  15.2   4   4   1.4e-05    0.0039   13.4   0.1    59   135   285   359   276   362 0.85 length=363	scaffold=scaffold01372	strand=-
3362_g               -            624 1841at5820           -            929   1.4e-14   51.3   1.9   1   5       5.8   1.7e+03   -5.3   6.7   286   330   114   163    84   183 0.69 length=624	scaffold=scaffold01024	strand=-
3362_g               -            624 1841at5820           -            929   1.4e-14   51.3   1.9   2   5       5.2   1.5e+03   -5.1   5.6   287   352   178   243   174   257 0.61 length=624	scaffold=scaffold01024	strand=-
3362_g               -            624 1841at5820           -            929   1.4e-14   51.3   1.9   3   5   3.1e-08   8.8e-06   22.1   0.5    78   137   330   389   284   391 0.61 length=624	scaffold=scaffold01024	strand=-
3362_g               -            624 1841at5820           -            929   1.4e-14   51.3   1.9   4   5     1e-12   2.9e-10   37.0   0.0    91   215   385   501   383   517 0.86 length=624	scaffold=scaffold01024	strand=-
3362_g               -            624 1841at5820           -            929   1.4e-14   51.3   1.9   5   5      0.19        54   -0.3   0.1   622   659   530   570   480   616 0.53 length=624	scaffold=scaffold01024	strand=-
3098_g               -            504 1841at5820           -            929   6.8e-11   39.0  13.0   1   3     0.052        15    1.5   0.2   104   187   167   245   132   249 0.57 length=504	scaffold=scaffold00846	strand=-
3098_g               -            504 1841at5820           -            929   6.8e-11   39.0  13.0   2   3     2e-10   5.7e-08   29.4   4.2    73   153   224   305   170   338 0.77 length=504	scaffold=scaffold00846	strand=-
3098_g               -            504 1841at5820           -            929   6.8e-11   39.0  13.0   3   3   5.4e-06    0.0015   14.7   0.7    63   173   347   463   335   475 0.84 length=504	scaffold=scaffold00846	strand=-
3220_g               -            502 1841at5820           -            929   3.3e-10   36.8  12.1   1   4   0.00094      0.27    7.3   1.3    85   136   231   282   199   305 0.60 length=502	scaffold=scaffold00926	strand=-
3220_g               -            502 1841at5820           -            929   3.3e-10   36.8  12.1   2   4   0.00034     0.097    8.8   1.8    85   189   231   331   221   349 0.63 length=502	scaffold=scaffold00926	strand=-
3220_g               -            502 1841at5820           -            929   3.3e-10   36.8  12.1   3   4   4.7e-09   1.3e-06   24.8   0.0    80   139   356   415   351   428 0.93 length=502	scaffold=scaffold00926	strand=-
3220_g               -            502 1841at5820           -            929   3.3e-10   36.8  12.1   4   4   0.00055      0.16    8.1   0.1    82   138   441   499   430   501 0.75 length=502	scaffold=scaffold00926	strand=-
496_g                -            605 1841at5820           -            929   3.7e-09   33.3  34.5   1   5   0.00045      0.13    8.4   0.0   569   616   236   283   211   308 0.83 length=605	scaffold=scaffold00046	strand=+
496_g                -            605 1841at5820           -            929   3.7e-09   33.3  34.5   2   5      0.14        41    0.1   0.0   588   611   317   340   304   348 0.84 length=605	scaffold=scaffold00046	strand=+
496_g                -            605 1841at5820           -            929   3.7e-09   33.3  34.5   3   5   3.4e-08   9.8e-06   22.0   0.1    99   159   373   433   368   438 0.92 length=605	scaffold=scaffold00046	strand=+
496_g                -            605 1841at5820           -            929   3.7e-09   33.3  34.5   4   5   3.5e-05      0.01   12.0   0.3    84   159   442   518   434   523 0.90 length=605	scaffold=scaffold00046	strand=+
496_g                -            605 1841at5820           -            929   3.7e-09   33.3  34.5   5   5   0.00013     0.037   10.1   0.3   640   686   526   572   522   583 0.83 length=605	scaffold=scaffold00046	strand=+
2202_g               -            427 1841at5820           -            929     6e-09   32.6  11.4   1   2   2.1e-11     6e-09   32.6  11.4    77   249    58   229    44   250 0.85 length=427	scaffold=scaffold00424	strand=+
2202_g               -            427 1841at5820           -            929     6e-09   32.6  11.4   2   2      0.49   1.4e+02   -1.7   0.2    58   142   242   327   237   333 0.67 length=427	scaffold=scaffold00424	strand=+
3672_g               -            522 1841at5820           -            929   1.8e-08   31.0   2.4   1   5       1.2   3.5e+02   -3.0   0.2   535   619    27    60     4    85 0.48 length=522	scaffold=scaffold01278	strand=-
3672_g               -            522 1841at5820           -            929   1.8e-08   31.0   2.4   2   5     0.035        10    2.1   0.2   635   653   226   244   205   256 0.63 length=522	scaffold=scaffold01278	strand=-
3672_g               -            522 1841at5820           -            929   1.8e-08   31.0   2.4   3   5   6.4e-11   1.8e-08   31.0   2.4   580   676   263   359   249   363 0.90 length=522	scaffold=scaffold01278	strand=-
3672_g               -            522 1841at5820           -            929   1.8e-08   31.0   2.4   4   5   5.3e-05     0.015   11.4   2.6   175   275   324   425   321   437 0.81 length=522	scaffold=scaffold01278	strand=-
3672_g               -            522 1841at5820           -            929   1.8e-08   31.0   2.4   5   5     0.014       3.9    3.5   1.2   592   666   359   432   348   460 0.63 length=522	scaffold=scaffold01278	strand=-
42_g                 -            534 1841at5820           -            929   8.7e-07   25.5   4.7   1   3   3.1e-09   8.7e-07   25.5   4.7    25   147    26   149    17   175 0.81 length=534	scaffold=scaffold00002	strand=-
42_g                 -            534 1841at5820           -            929   8.7e-07   25.5   4.7   2   3   0.00023     0.065    9.3   1.9    59   160   276   378   258   386 0.85 length=534	scaffold=scaffold00002	strand=-
42_g                 -            534 1841at5820           -            929   8.7e-07   25.5   4.7   3   3     0.067        19    1.2   0.1    89   136   391   439   378   449 0.48 length=534	scaffold=scaffold00002	strand=-
3656_g               -           1262 1841at5820           -            929   1.7e-06   24.5  13.5   1   5      0.29        82   -0.9   8.9   303   388     4    88     1   132 0.85 length=1262	scaffold=scaffold01261	strand=-	adjustedToFrame=3
3656_g               -           1262 1841at5820           -            929   1.7e-06   24.5  13.5   2   5      0.63   1.8e+02   -2.0   3.7   294   359   585   650   575   676 0.84 length=1262	scaffold=scaffold01261	strand=-	adjustedToFrame=3
3656_g               -           1262 1841at5820           -            929   1.7e-06   24.5  13.5   3   5    0.0011      0.32    7.0   0.1   104   137   854   887   844   891 0.88 length=1262	scaffold=scaffold01261	strand=-	adjustedToFrame=3
3656_g               -           1262 1841at5820           -            929   1.7e-06   24.5  13.5   4   5   3.5e-07    0.0001   18.6   4.0   535   652   896  1016   888  1022 0.79 length=1262	scaffold=scaffold01261	strand=-	adjustedToFrame=3
3656_g               -           1262 1841at5820           -            929   1.7e-06   24.5  13.5   5   5   7.8e-08   2.2e-05   20.8   2.1    68   158  1032  1126   993  1155 0.76 length=1262	scaffold=scaffold01261	strand=-	adjustedToFrame=3
334_g                -            601 1841at5820           -            929   7.3e-06   22.4  28.6   1   5       4.7   1.3e+03   -4.9   6.9   292   374   212   288   202   298 0.65 length=601	scaffold=scaffold00027	strand=-
334_g                -            601 1841at5820           -            929   7.3e-06   22.4  28.6   2   5    0.0017      0.49    6.4   0.0   102   144   304   347   294   349 0.88 length=601	scaffold=scaffold00027	strand=-
334_g                -            601 1841at5820           -            929   7.3e-06   22.4  28.6   3   5   1.6e-06   0.00045   16.5   0.6   102   140   348   386   346   398 0.86 length=601	scaffold=scaffold00027	strand=-
334_g                -            601 1841at5820           -            929   7.3e-06   22.4  28.6   4   5   2.6e-05    0.0074   12.5   1.0    72   137   402   467   390   510 0.82 length=601	scaffold=scaffold00027	strand=-
334_g                -            601 1841at5820           -            929   7.3e-06   22.4  28.6   5   5    0.0055       1.6    4.8   1.1   551   653   492   600   483   600 0.65 length=601	scaffold=scaffold00027	strand=-
1715_g               -            328 1841at5820           -            929   1.2e-05   21.7   1.6   1   4    0.0064       1.8    4.5   0.0   579   615     6    42     3    45 0.63 length=328	scaffold=scaffold00278	strand=-
1715_g               -            328 1841at5820           -            929   1.2e-05   21.7   1.6   2   4      0.15        43   -0.0   0.0   577   621    45    89    41   130 0.77 length=328	scaffold=scaffold00278	strand=-
1715_g               -            328 1841at5820           -            929   1.2e-05   21.7   1.6   3   4   1.2e-05    0.0035   13.5   0.1   596   660   156   219   147   237 0.64 length=328	scaffold=scaffold00278	strand=-
1715_g               -            328 1841at5820           -            929   1.2e-05   21.7   1.6   4   4       0.8   2.3e+02   -2.4   0.0   134   161   271   298   263   316 0.65 length=328	scaffold=scaffold00278	strand=-
3277_g               -            508 1841at5820           -            929   2.5e-05   20.6   0.9   1   4   8.7e-06    0.0025   14.0   3.3    76   164    18   107     9   120 0.85 length=508	scaffold=scaffold00964	strand=-
3277_g               -            508 1841at5820           -            929   2.5e-05   20.6   0.9   2   4   8.9e-08   2.5e-05   20.6   0.9    57   137   128   209   121   219 0.77 length=508	scaffold=scaffold00964	strand=-
3277_g               -            508 1841at5820           -            929   2.5e-05   20.6   0.9   3   4         1   2.9e+02   -2.7   6.4   307   368   391   452   379   466 0.80 length=508	scaffold=scaffold00964	strand=-
3277_g               -            508 1841at5820           -            929   2.5e-05   20.6   0.9   4   4     0.055        16    1.5   0.1   145   189   460   503   457   507 0.72 length=508	scaffold=scaffold00964	strand=-
4136_g               -            212 1841at5820           -            929     0.025   10.7   0.1   1   1   0.00014     0.039   10.1   0.1   571   664   114   207   109   211 0.82 length=212	scaffold=scaffold01857	strand=-	adjustedToFrame=2
#
# Program:         hmmsearch
# Version:         3.1b2 (February 2015)
# Pipeline mode:   SEARCH
# Query file:      /export/home/bio1901/Documents/29_BINP/OrthoSearch/busco_downloads/lineages/plasmodium_odb10/hmms/1841at5820.hmm
# Target file:     Results/1_GeneSequences/PB.faa
# Option settings: /home/users/bio1901/miniconda3/envs/busco/bin/hmmsearch --domtblout /export/home/bio1901/Documents/29_BINP/OrthoSearch/PB/run_plasmodium_odb10/hmmer_output/1841at5820.out --cpu 1 /export/home/bio1901/Documents/29_BINP/OrthoSearch/busco_downloads/lineages/plasmodium_odb10/hmms/1841at5820.hmm Results/1_GeneSequences/PB.faa 
# Current dir:     /export/home/bio1901/Documents/29_BINP/OrthoSearch
# Date:            Sun Mar 15 17:48:03 2020
# [ok]
