#                                                                            --- full sequence --- -------------- this domain -------------   hmm coord   ali coord   env coord
# target name        accession   tlen query name           accession   qlen   E-value  score  bias   #  of  c-Evalue  i-Evalue  score  bias  from    to  from    to  from    to  acc description of target
#------------------- ---------- ----- -------------------- ---------- ----- --------- ------ ----- --- --- --------- --------- ------ ----- ----- ----- ----- ----- ----- ----- ---- ---------------------
624_g                -           1532 1887at5820           -            670  8.2e-226  749.3  85.5   1   4      0.13   1.3e+02   -1.5   1.0     6    64   134   190   129   222 0.58 length=1532	scaffold=scaffold00063	strand=+
624_g                -           1532 1887at5820           -            670  8.2e-226  749.3  85.5   2   4   6.7e-89   6.7e-86  286.9  17.5    16   227   485   716   479   736 0.87 length=1532	scaffold=scaffold00063	strand=+
624_g                -           1532 1887at5820           -            670  8.2e-226  749.3  85.5   3   4   3.6e-86   3.6e-83  277.9  17.4   226   460   879  1119   866  1159 0.86 length=1532	scaffold=scaffold00063	strand=+
624_g                -           1532 1887at5820           -            670  8.2e-226  749.3  85.5   4   4   2.9e-63   2.9e-60  202.2  26.7   455   669  1246  1487  1206  1488 0.86 length=1532	scaffold=scaffold00063	strand=+
2150_g               -           1257 1887at5820           -            670   9.7e-41  137.7  31.4   1   3      0.53   5.3e+02   -3.6   1.2   283   292    42    51    17   143 0.49 length=1257	scaffold=scaffold00408	strand=+	adjustedToFrame=2
2150_g               -           1257 1887at5820           -            670   9.7e-41  137.7  31.4   2   3   9.8e-44   9.7e-41  137.7  31.4    25   402   338   711   321   725 0.80 length=1257	scaffold=scaffold00408	strand=+	adjustedToFrame=2
2150_g               -           1257 1887at5820           -            670   9.7e-41  137.7  31.4   3   3         4     4e+03  -13.1  36.3   395   655   827  1101   816  1108 0.73 length=1257	scaffold=scaffold00408	strand=+	adjustedToFrame=2
2856_g               -           1536 1887at5820           -            670   5.5e-17   59.2  19.4   1   3   4.8e-14   4.8e-11   39.5   0.1    48   238   283   484   265   497 0.75 length=1536	scaffold=scaffold00707	strand=-
2856_g               -           1536 1887at5820           -            670   5.5e-17   59.2  19.4   2   3   1.6e-10   1.5e-07   27.9   1.0   258   408   537   701   503   725 0.74 length=1536	scaffold=scaffold00707	strand=-
2856_g               -           1536 1887at5820           -            670   5.5e-17   59.2  19.4   3   3      0.15   1.4e+02   -1.7   7.4   552   617  1164  1230  1148  1263 0.75 length=1536	scaffold=scaffold00707	strand=-
1975_g               -            530 1887at5820           -            670   1.1e-12   45.0   7.5   1   1   2.2e-15   2.2e-12   43.9   7.5    17   191   345   521   333   525 0.82 length=530	scaffold=scaffold00353	strand=+
#
# Program:         hmmsearch
# Version:         3.1b2 (February 2015)
# Pipeline mode:   SEARCH
# Query file:      /export/home/bio1901/Documents/29_BINP/OrthoSearch/busco_downloads/lineages/plasmodium_odb10/hmms/1887at5820.hmm
# Target file:     Results/1_GeneSequences/PB.faa
# Option settings: /home/users/bio1901/miniconda3/envs/busco/bin/hmmsearch --domtblout /export/home/bio1901/Documents/29_BINP/OrthoSearch/PB/run_plasmodium_odb10/hmmer_output/1887at5820.out --cpu 1 /export/home/bio1901/Documents/29_BINP/OrthoSearch/busco_downloads/lineages/plasmodium_odb10/hmms/1887at5820.hmm Results/1_GeneSequences/PB.faa 
# Current dir:     /export/home/bio1901/Documents/29_BINP/OrthoSearch
# Date:            Sun Mar 15 17:48:07 2020
# [ok]
