#                                                                            --- full sequence --- -------------- this domain -------------   hmm coord   ali coord   env coord
# target name        accession   tlen query name           accession   qlen   E-value  score  bias   #  of  c-Evalue  i-Evalue  score  bias  from    to  from    to  from    to  acc description of target
#------------------- ---------- ----- -------------------- ---------- ----- --------- ------ ----- --- --- --------- --------- ------ ----- ----- ----- ----- ----- ----- ----- ---- ---------------------
494_g                -           5246 18at5820             -           4644         0 3248.3 524.8   1  16   2.4e-29   4.8e-26   87.1  14.9  1355  1442   116   203   101   301 0.88 length=5246	scaffold=scaffold00046	strand=-
494_g                -           5246 18at5820             -           4644         0 3248.3 524.8   2  16   5.1e-35     1e-31  105.9  18.2  1440  1566   311   439   301   488 0.86 length=5246	scaffold=scaffold00046	strand=-
494_g                -           5246 18at5820             -           4644         0 3248.3 524.8   3  16   6.6e-05      0.13    5.9  12.3  1571  1653   523   614   477   621 0.65 length=5246	scaffold=scaffold00046	strand=-
494_g                -           5246 18at5820             -           4644         0 3248.3 524.8   4  16   1.3e-28   2.5e-25   84.7   3.0  1626  1692   635   701   626   750 0.69 length=5246	scaffold=scaffold00046	strand=-
494_g                -           5246 18at5820             -           4644         0 3248.3 524.8   5  16   1.1e-60   2.2e-57  191.1  20.7  1691  1950   771  1046   763  1061 0.81 length=5246	scaffold=scaffold00046	strand=-
494_g                -           5246 18at5820             -           4644         0 3248.3 524.8   6  16   2.3e-22   4.7e-19   63.9  11.9  1948  2066  1134  1258  1106  1275 0.77 length=5246	scaffold=scaffold00046	strand=-
494_g                -           5246 18at5820             -           4644         0 3248.3 524.8   7  16  7.5e-183  1.5e-179  596.6  65.2  2050  2628  1446  2121  1436  2149 0.77 length=5246	scaffold=scaffold00046	strand=-
494_g                -           5246 18at5820             -           4644         0 3248.3 524.8   8  16   1.5e-19     3e-16   54.5  10.1  2623  2728  2157  2256  2142  2274 0.76 length=5246	scaffold=scaffold00046	strand=-
494_g                -           5246 18at5820             -           4644         0 3248.3 524.8   9  16   4.1e-89   8.2e-86  285.5  47.6  2705  3038  2274  2626  2264  2659 0.81 length=5246	scaffold=scaffold00046	strand=-
494_g                -           5246 18at5820             -           4644         0 3248.3 524.8  10  16   2.6e-32   5.2e-29   96.9  26.6  2970  3159  2657  2875  2643  2889 0.63 length=5246	scaffold=scaffold00046	strand=-
494_g                -           5246 18at5820             -           4644         0 3248.3 524.8  11  16   6.5e-58   1.3e-54  181.9  25.6  3015  3270  2870  3126  2851  3133 0.73 length=5246	scaffold=scaffold00046	strand=-
494_g                -           5246 18at5820             -           4644         0 3248.3 524.8  12  16   1.1e-74   2.3e-71  237.5  18.8  3245  3430  3226  3413  3149  3449 0.85 length=5246	scaffold=scaffold00046	strand=-
494_g                -           5246 18at5820             -           4644         0 3248.3 524.8  13  16   2.1e-72   4.2e-69  230.0  24.5  3441  3623  3599  3784  3562  3799 0.85 length=5246	scaffold=scaffold00046	strand=-
494_g                -           5246 18at5820             -           4644         0 3248.3 524.8  14  16   1.1e-54   2.1e-51  171.2  35.4  3621  3881  3842  4121  3830  4156 0.76 length=5246	scaffold=scaffold00046	strand=-
494_g                -           5246 18at5820             -           4644         0 3248.3 524.8  15  16   2.3e-50   4.7e-47  156.8  14.1  3939  4072  4245  4380  4242  4457 0.79 length=5246	scaffold=scaffold00046	strand=-
494_g                -           5246 18at5820             -           4644         0 3248.3 524.8  16  16  1.6e-238  3.2e-235  781.4  62.1  4058  4606  4561  5141  4549  5159 0.89 length=5246	scaffold=scaffold00046	strand=-
495_g                -           1938 18at5820             -           4644         0 1383.5 246.3   1   9  1.4e-142  2.8e-139  462.9  20.6     1   284     1   283     1   293 0.93 length=1938	scaffold=scaffold00046	strand=-
495_g                -           1938 18at5820             -           4644         0 1383.5 246.3   2   9    0.0002       0.4    4.3  51.2   212   415   316   530   285   555 0.55 length=1938	scaffold=scaffold00046	strand=-
495_g                -           1938 18at5820             -           4644         0 1383.5 246.3   3   9     0.058   1.2e+02   -3.8   8.2   345   383   492   532   480   589 0.56 length=1938	scaffold=scaffold00046	strand=-
495_g                -           1938 18at5820             -           4644         0 1383.5 246.3   4   9   1.5e-91   2.9e-88  293.6  24.1   382   656   608   883   586   911 0.87 length=1938	scaffold=scaffold00046	strand=-
495_g                -           1938 18at5820             -           4644         0 1383.5 246.3   5   9   5.8e-72   1.2e-68  228.5  26.2   644   819   919  1096   915  1112 0.90 length=1938	scaffold=scaffold00046	strand=-
495_g                -           1938 18at5820             -           4644         0 1383.5 246.3   6   9     3e-96     6e-93  309.1  29.7   807  1128  1129  1449  1097  1460 0.85 length=1938	scaffold=scaffold00046	strand=-
495_g                -           1938 18at5820             -           4644         0 1383.5 246.3   7   9   4.2e-34   8.4e-31  102.9  17.3  1106  1220  1548  1663  1512  1712 0.82 length=1938	scaffold=scaffold00046	strand=-
495_g                -           1938 18at5820             -           4644         0 1383.5 246.3   8   9         2     4e+03  -17.4  18.5   247   362  1721  1835  1695  1880 0.40 length=1938	scaffold=scaffold00046	strand=-
495_g                -           1938 18at5820             -           4644         0 1383.5 246.3   9   9   1.5e-14   3.1e-11   37.9   6.9  1248  1294  1890  1936  1857  1937 0.86 length=1938	scaffold=scaffold00046	strand=-
#
# Program:         hmmsearch
# Version:         3.1b2 (February 2015)
# Pipeline mode:   SEARCH
# Query file:      /export/home/bio1901/Documents/29_BINP/OrthoSearch/busco_downloads/lineages/plasmodium_odb10/hmms/18at5820.hmm
# Target file:     Results/1_GeneSequences/PB.faa
# Option settings: /home/users/bio1901/miniconda3/envs/busco/bin/hmmsearch --domtblout /export/home/bio1901/Documents/29_BINP/OrthoSearch/PB/run_plasmodium_odb10/hmmer_output/18at5820.out --cpu 1 /export/home/bio1901/Documents/29_BINP/OrthoSearch/busco_downloads/lineages/plasmodium_odb10/hmms/18at5820.hmm Results/1_GeneSequences/PB.faa 
# Current dir:     /export/home/bio1901/Documents/29_BINP/OrthoSearch
# Date:            Sun Mar 15 17:48:20 2020
# [ok]
