#                                                                            --- full sequence --- -------------- this domain -------------   hmm coord   ali coord   env coord
# target name        accession   tlen query name           accession   qlen   E-value  score  bias   #  of  c-Evalue  i-Evalue  score  bias  from    to  from    to  from    to  acc description of target
#------------------- ---------- ----- -------------------- ---------- ----- --------- ------ ----- --- --- --------- --------- ------ ----- ----- ----- ----- ----- ----- ----- ---- ---------------------
819_g                -           1206 1919at5820           -           1069         0 1281.9 140.9   1   3    3e-145    4e-142  473.0  13.8    10   271     1   263     1   271 0.93 length=1206	scaffold=scaffold00091	strand=-	adjustedToFrame=2
819_g                -           1206 1919at5820           -           1069         0 1281.9 140.9   2   3   1.6e-22   2.1e-19   66.6  38.0   246   432   273   465   268   468 0.90 length=1206	scaffold=scaffold00091	strand=-	adjustedToFrame=2
819_g                -           1206 1919at5820           -           1069         0 1281.9 140.9   3   3  1.4e-227  1.9e-224  745.6  77.8   399  1063   453  1186   449  1198 0.85 length=1206	scaffold=scaffold00091	strand=-	adjustedToFrame=2
3547_g               -           1214 1919at5820           -           1069   8.5e-21   71.3 154.6   1   5   1.9e-09   2.5e-06   23.4  33.0    23   342     6   343     1   354 0.67 length=1214	scaffold=scaffold01172	strand=-	adjustedToFrame=2
3547_g               -           1214 1919at5820           -           1069   8.5e-21   71.3 154.6   2   5         3     4e+03   -9.9  24.0   642   749   311   418   289   470 0.73 length=1214	scaffold=scaffold01172	strand=-	adjustedToFrame=2
3547_g               -           1214 1919at5820           -           1069   8.5e-21   71.3 154.6   3   5      0.04        53   -0.9  65.2   287   750   356   815   328   818 0.63 length=1214	scaffold=scaffold01172	strand=-	adjustedToFrame=2
3547_g               -           1214 1919at5820           -           1069   8.5e-21   71.3 154.6   4   5     2e-07   0.00027   16.7  46.7   677   932   792  1053   787  1065 0.77 length=1214	scaffold=scaffold01172	strand=-	adjustedToFrame=2
3547_g               -           1214 1919at5820           -           1069   8.5e-21   71.3 154.6   5   5   4.3e-14   5.7e-11   38.7   0.1   954  1037  1104  1188  1083  1211 0.81 length=1214	scaffold=scaffold01172	strand=-	adjustedToFrame=2
3455_g               -           1640 1919at5820           -           1069   1.7e-20   70.2  54.0   1   6   4.9e-19   6.5e-16   55.1   0.2     2    84    59   141    58   159 0.85 length=1640	scaffold=scaffold01099	strand=-	adjustedToFrame=2
3455_g               -           1640 1919at5820           -           1069   1.7e-20   70.2  54.0   2   6       2.2   2.9e+03   -6.7   5.6   278   317   188   228   178   243 0.80 length=1640	scaffold=scaffold01099	strand=-	adjustedToFrame=2
3455_g               -           1640 1919at5820           -           1069   1.7e-20   70.2  54.0   3   6    0.0027       3.6    3.0  36.4    99   341   293   555   281   560 0.70 length=1640	scaffold=scaffold01099	strand=-	adjustedToFrame=2
3455_g               -           1640 1919at5820           -           1069   1.7e-20   70.2  54.0   4   6         3     4e+03  -18.4  68.3   273   753   536  1032   521  1052 0.60 length=1640	scaffold=scaffold01099	strand=-	adjustedToFrame=2
3455_g               -           1640 1919at5820           -           1069   1.7e-20   70.2  54.0   5   6         3     4e+03   -7.6  20.3   601   705  1056  1160  1040  1174 0.81 length=1640	scaffold=scaffold01099	strand=-	adjustedToFrame=2
3455_g               -           1640 1919at5820           -           1069   1.7e-20   70.2  54.0   6   6   8.1e-11   1.1e-07   27.9  48.9   613  1029  1176  1588  1169  1598 0.71 length=1640	scaffold=scaffold01099	strand=-	adjustedToFrame=2
#
# Program:         hmmsearch
# Version:         3.1b2 (February 2015)
# Pipeline mode:   SEARCH
# Query file:      /export/home/bio1901/Documents/29_BINP/OrthoSearch/busco_downloads/lineages/plasmodium_odb10/hmms/1919at5820.hmm
# Target file:     Results/1_GeneSequences/PB.faa
# Option settings: /home/users/bio1901/miniconda3/envs/busco/bin/hmmsearch --domtblout /export/home/bio1901/Documents/29_BINP/OrthoSearch/PB/run_plasmodium_odb10/hmmer_output/1919at5820.out --cpu 1 /export/home/bio1901/Documents/29_BINP/OrthoSearch/busco_downloads/lineages/plasmodium_odb10/hmms/1919at5820.hmm Results/1_GeneSequences/PB.faa 
# Current dir:     /export/home/bio1901/Documents/29_BINP/OrthoSearch
# Date:            Sun Mar 15 17:48:23 2020
# [ok]
