#                                                                            --- full sequence --- -------------- this domain -------------   hmm coord   ali coord   env coord
# target name        accession   tlen query name           accession   qlen   E-value  score  bias   #  of  c-Evalue  i-Evalue  score  bias  from    to  from    to  from    to  acc description of target
#------------------- ---------- ----- -------------------- ---------- ----- --------- ------ ----- --- --- --------- --------- ------ ----- ----- ----- ----- ----- ----- ----- ---- ---------------------
4053_g               -            874 1942at5820           -            861    2e-272  904.1  99.5   1   3  1.1e-246  1.5e-243  808.6  64.0     1   545     1   576     1   605 0.93 length=874	scaffold=scaffold01644	strand=-
4053_g               -            874 1942at5820           -            861    2e-272  904.1  99.5   2   3   5.7e-09   7.6e-06   22.2   4.6   548   588   610   651   603   666 0.85 length=874	scaffold=scaffold01644	strand=-
4053_g               -            874 1942at5820           -            861    2e-272  904.1  99.5   3   3   4.2e-28   5.6e-25   85.5  15.1   580   683   742   845   716   865 0.84 length=874	scaffold=scaffold01644	strand=-
1529_g               -            791 1942at5820           -            861   2.4e-24   83.4  65.8   1   5   0.00029      0.38    6.6   7.5    63   178    81   195    66   199 0.70 length=791	scaffold=scaffold00234	strand=-
1529_g               -            791 1942at5820           -            861   2.4e-24   83.4  65.8   2   5   0.00028      0.37    6.6   5.6   121   159   210   246   192   253 0.77 length=791	scaffold=scaffold00234	strand=-
1529_g               -            791 1942at5820           -            861   2.4e-24   83.4  65.8   3   5   4.5e-22     6e-19   65.5   7.4   163   332   291   461   274   500 0.84 length=791	scaffold=scaffold00234	strand=-
1529_g               -            791 1942at5820           -            861   2.4e-24   83.4  65.8   4   5   1.1e-11   1.5e-08   31.2   6.3   381   501   543   672   535   675 0.77 length=791	scaffold=scaffold00234	strand=-
1529_g               -            791 1942at5820           -            861   2.4e-24   83.4  65.8   5   5      0.21   2.8e+02   -2.8  12.0   587   696   659   771   645   790 0.67 length=791	scaffold=scaffold00234	strand=-
3965_g               -            282 1942at5820           -            861   1.7e-17   60.7  42.6   1   3   9.1e-09   1.2e-05   21.5   0.5   711   748     8    47     1    52 0.75 length=282	scaffold=scaffold01549	strand=+	adjustedToFrame=2
3965_g               -            282 1942at5820           -            861   1.7e-17   60.7  42.6   2   3   1.5e-09     2e-06   24.1  22.5   732   841    66   200    58   214 0.76 length=282	scaffold=scaffold01549	strand=+	adjustedToFrame=2
3965_g               -            282 1942at5820           -            861   1.7e-17   60.7  42.6   3   3   3.3e-09   4.4e-06   23.0   9.3   808   861   224   279   192   279 0.65 length=282	scaffold=scaffold01549	strand=+	adjustedToFrame=2
#
# Program:         hmmsearch
# Version:         3.1b2 (February 2015)
# Pipeline mode:   SEARCH
# Query file:      /export/home/bio1901/Documents/29_BINP/OrthoSearch/busco_downloads/lineages/plasmodium_odb10/hmms/1942at5820.hmm
# Target file:     Results/1_GeneSequences/PB.faa
# Option settings: /home/users/bio1901/miniconda3/envs/busco/bin/hmmsearch --domtblout /export/home/bio1901/Documents/29_BINP/OrthoSearch/PB/run_plasmodium_odb10/hmmer_output/1942at5820.out --cpu 1 /export/home/bio1901/Documents/29_BINP/OrthoSearch/busco_downloads/lineages/plasmodium_odb10/hmms/1942at5820.hmm Results/1_GeneSequences/PB.faa 
# Current dir:     /export/home/bio1901/Documents/29_BINP/OrthoSearch
# Date:            Sun Mar 15 17:48:29 2020
# [ok]
