#                                                                            --- full sequence --- -------------- this domain -------------   hmm coord   ali coord   env coord
# target name        accession   tlen query name           accession   qlen   E-value  score  bias   #  of  c-Evalue  i-Evalue  score  bias  from    to  from    to  from    to  acc description of target
#------------------- ---------- ----- -------------------- ---------- ----- --------- ------ ----- --- --- --------- --------- ------ ----- ----- ----- ----- ----- ----- ----- ---- ---------------------
3850_g               -            360 1997at5820           -            739  5.9e-109  363.5  18.8   1   2   2.3e-57   4.6e-54  182.0   4.8   499   614    40   155    25   190 0.88 length=360	scaffold=scaffold01440	strand=+	adjustedToFrame=2
3850_g               -            360 1997at5820           -            739  5.9e-109  363.5  18.8   2   2   7.1e-59   1.4e-55  187.0   6.8   584   739   204   359   184   359 0.90 length=360	scaffold=scaffold01440	strand=+	adjustedToFrame=2
172_g                -            874 1997at5820           -            739  1.4e-106  355.7 106.1   1   5     3e-18   5.9e-15   52.7  18.1    60   186     4   149     1   164 0.80 length=874	scaffold=scaffold00010	strand=-	adjustedToFrame=3
172_g                -            874 1997at5820           -            739  1.4e-106  355.7 106.1   2   5         1     2e+03   -5.2   1.2   199   219   203   219   181   250 0.43 length=874	scaffold=scaffold00010	strand=-	adjustedToFrame=3
172_g                -            874 1997at5820           -            739  1.4e-106  355.7 106.1   3   5   1.3e-06    0.0025   14.3   3.9   173   232   293   353   276   362 0.85 length=874	scaffold=scaffold00010	strand=-	adjustedToFrame=3
172_g                -            874 1997at5820           -            739  1.4e-106  355.7 106.1   4   5     2e-10   3.9e-07   26.9  14.1   198   292   347   456   342   486 0.76 length=874	scaffold=scaffold00010	strand=-	adjustedToFrame=3
172_g                -            874 1997at5820           -            739  1.4e-106  355.7 106.1   5   5   2.9e-87   5.7e-84  280.9  44.4   165   483   503   853   473   867 0.73 length=874	scaffold=scaffold00010	strand=-	adjustedToFrame=3
#
# Program:         hmmsearch
# Version:         3.1b2 (February 2015)
# Pipeline mode:   SEARCH
# Query file:      /export/home/bio1901/Documents/29_BINP/OrthoSearch/busco_downloads/lineages/plasmodium_odb10/hmms/1997at5820.hmm
# Target file:     Results/1_GeneSequences/PB.faa
# Option settings: /home/users/bio1901/miniconda3/envs/busco/bin/hmmsearch --domtblout /export/home/bio1901/Documents/29_BINP/OrthoSearch/PB/run_plasmodium_odb10/hmmer_output/1997at5820.out --cpu 1 /export/home/bio1901/Documents/29_BINP/OrthoSearch/busco_downloads/lineages/plasmodium_odb10/hmms/1997at5820.hmm Results/1_GeneSequences/PB.faa 
# Current dir:     /export/home/bio1901/Documents/29_BINP/OrthoSearch
# Date:            Sun Mar 15 17:49:04 2020
# [ok]
