#                                                                            --- full sequence --- -------------- this domain -------------   hmm coord   ali coord   env coord
# target name        accession   tlen query name           accession   qlen   E-value  score  bias   #  of  c-Evalue  i-Evalue  score  bias  from    to  from    to  from    to  acc description of target
#------------------- ---------- ----- -------------------- ---------- ----- --------- ------ ----- --- --- --------- --------- ------ ----- ----- ----- ----- ----- ----- ----- ---- ---------------------
1081_g               -           2587 1998at5820           -            769         0 1136.3  72.8   1   5   1.3e-43   6.4e-41  138.0   4.6     1   112     1   115     1   152 0.81 length=2587	scaffold=scaffold00136	strand=-
1081_g               -           2587 1998at5820           -            769         0 1136.3  72.8   2   5  3.5e-111  1.7e-108  361.5  21.4   107   341   154   395   144   401 0.96 length=2587	scaffold=scaffold00136	strand=-
1081_g               -           2587 1998at5820           -            769         0 1136.3  72.8   3   5  2.2e-135  1.1e-132  441.5   9.3   335   577   546   789   523   800 0.94 length=2587	scaffold=scaffold00136	strand=-
1081_g               -           2587 1998at5820           -            769         0 1136.3  72.8   4   5   2.3e-69   1.1e-66  223.2   2.5   577   722   816   966   807   978 0.93 length=2587	scaffold=scaffold00136	strand=-
1081_g               -           2587 1998at5820           -            769         0 1136.3  72.8   5   5         8     4e+03   -8.0   4.5    53   137  2362  2444  2350  2458 0.64 length=2587	scaffold=scaffold00136	strand=-
1045_g               -            955 1998at5820           -            769   9.7e-75  249.9   2.2   1   2   3.6e-09   1.8e-06   24.1   0.0   133   231   217   321   206   365 0.83 length=955	scaffold=scaffold00128	strand=-	adjustedToFrame=3
1045_g               -            955 1998at5820           -            769   9.7e-75  249.9   2.2   2   2   5.7e-70   2.8e-67  225.2   0.5   353   690   444   786   416   805 0.90 length=955	scaffold=scaffold00128	strand=-	adjustedToFrame=3
1131_g               -            962 1998at5820           -            769   1.2e-67  226.4  17.0   1   2   1.1e-59   5.3e-57  191.2  10.9   145   574   298   730   276   743 0.83 length=962	scaffold=scaffold00149	strand=-
1131_g               -            962 1998at5820           -            769   1.2e-67  226.4  17.0   2   2   1.6e-13   8.1e-11   38.5   0.1   585   681   783   877   758   924 0.79 length=962	scaffold=scaffold00149	strand=-
1463_g               -           1124 1998at5820           -            769   1.3e-63  213.1   5.6   1   2   1.9e-07   9.3e-05   18.4   0.6    96   273   401   581   372   591 0.77 length=1124	scaffold=scaffold00218	strand=+
1463_g               -           1124 1998at5820           -            769   1.3e-63  213.1   5.6   2   2   3.5e-61   1.8e-58  196.1   0.4   406   665   697   979   683  1067 0.81 length=1124	scaffold=scaffold00218	strand=+
2278_g               -            659 1998at5820           -            769   1.1e-60  203.4   0.2   1   2      0.31   1.5e+02   -2.1   0.0   156   212   174   232   164   243 0.80 length=659	scaffold=scaffold00452	strand=+
2278_g               -            659 1998at5820           -            769   1.1e-60  203.4   0.2   2   2   8.3e-63   4.2e-60  201.5   0.1   372   650   372   650   349   656 0.88 length=659	scaffold=scaffold00452	strand=+
240_g                -            822 1998at5820           -            769   3.5e-59  198.4   4.8   1   2     0.016       8.2    2.1   0.2   111   218   174   281   159   309 0.75 length=822	scaffold=scaffold00017	strand=-
240_g                -            822 1998at5820           -            769   3.5e-59  198.4   4.8   2   2     1e-61     5e-59  197.9   0.9   352   675   378   715   346   757 0.82 length=822	scaffold=scaffold00017	strand=-
202_g                -            938 1998at5820           -            769   1.6e-52  176.4   0.5   1   3      0.42   2.1e+02   -2.6   0.0   150   180   198   228   195   234 0.82 length=938	scaffold=scaffold00014	strand=-
202_g                -            938 1998at5820           -            769   1.6e-52  176.4   0.5   2   3   1.8e-49     9e-47  157.4   0.0   362   583   388   608   368   618 0.92 length=938	scaffold=scaffold00014	strand=-
202_g                -            938 1998at5820           -            769   1.6e-52  176.4   0.5   3   3   8.4e-07   0.00042   16.3   0.0   605   666   710   773   706   830 0.83 length=938	scaffold=scaffold00014	strand=-
2665_g               -            602 1998at5820           -            769   2.5e-37  126.1  17.2   1   2   7.9e-36   3.9e-33  112.3   6.9   402   569   126   294   117   318 0.86 length=602	scaffold=scaffold00607	strand=-
2665_g               -            602 1998at5820           -            769   2.5e-37  126.1  17.2   2   2   1.2e-07     6e-05   19.1   2.6   563   671   410   514   401   528 0.89 length=602	scaffold=scaffold00607	strand=-
#
# Program:         hmmsearch
# Version:         3.1b2 (February 2015)
# Pipeline mode:   SEARCH
# Query file:      /export/home/bio1901/Documents/29_BINP/OrthoSearch/busco_downloads/lineages/plasmodium_odb10/hmms/1998at5820.hmm
# Target file:     Results/1_GeneSequences/PB.faa
# Option settings: /home/users/bio1901/miniconda3/envs/busco/bin/hmmsearch --domtblout /export/home/bio1901/Documents/29_BINP/OrthoSearch/PB/run_plasmodium_odb10/hmmer_output/1998at5820.out --cpu 1 /export/home/bio1901/Documents/29_BINP/OrthoSearch/busco_downloads/lineages/plasmodium_odb10/hmms/1998at5820.hmm Results/1_GeneSequences/PB.faa 
# Current dir:     /export/home/bio1901/Documents/29_BINP/OrthoSearch
# Date:            Sun Mar 15 17:49:04 2020
# [ok]
