#                                                                            --- full sequence --- -------------- this domain -------------   hmm coord   ali coord   env coord
# target name        accession   tlen query name           accession   qlen   E-value  score  bias   #  of  c-Evalue  i-Evalue  score  bias  from    to  from    to  from    to  acc description of target
#------------------- ---------- ----- -------------------- ---------- ----- --------- ------ ----- --- --- --------- --------- ------ ----- ----- ----- ----- ----- ----- ----- ---- ---------------------
2216_g               -           1196 2031at5820           -            916         0 1219.3 124.1   1   6    1e-113    2e-110  368.0  29.3     2   219    10   229     9   264 0.90 length=1196	scaffold=scaffold00429	strand=+	adjustedToFrame=2
2216_g               -           1196 2031at5820           -            916         0 1219.3 124.1   2   6         2     4e+03   -8.1   9.7   858   910   233   287   226   293 0.58 length=1196	scaffold=scaffold00429	strand=+	adjustedToFrame=2
2216_g               -           1196 2031at5820           -            916         0 1219.3 124.1   3   6   4.5e-11     9e-08   28.3   0.8   215   259   319   365   296   372 0.84 length=1196	scaffold=scaffold00429	strand=+	adjustedToFrame=2
2216_g               -           1196 2031at5820           -            916         0 1219.3 124.1   4   6  6.9e-173  1.4e-169  563.8  28.1   240   606   394   777   377   786 0.94 length=1196	scaffold=scaffold00429	strand=+	adjustedToFrame=2
2216_g               -           1196 2031at5820           -            916         0 1219.3 124.1   5   6   3.1e-65   6.1e-62  207.5  25.0   596   764   886  1077   878  1085 0.87 length=1196	scaffold=scaffold00429	strand=+	adjustedToFrame=2
2216_g               -           1196 2031at5820           -            916         0 1219.3 124.1   6   6   3.9e-26   7.7e-23   78.1   2.6   753   818  1122  1190  1115  1194 0.92 length=1196	scaffold=scaffold00429	strand=+	adjustedToFrame=2
2217_g               -            743 2031at5820           -            916   2.9e-06   23.3  10.0   1   2   1.5e-09   2.9e-06   23.3  10.0   848   907     6    65     1    68 0.88 length=743	scaffold=scaffold00429	strand=+
2217_g               -            743 2031at5820           -            916   2.9e-06   23.3  10.0   2   2      0.23   4.7e+02   -3.9   0.5   530   580   516   565   465   594 0.56 length=743	scaffold=scaffold00429	strand=+
#
# Program:         hmmsearch
# Version:         3.1b2 (February 2015)
# Pipeline mode:   SEARCH
# Query file:      /export/home/bio1901/Documents/29_BINP/OrthoSearch/busco_downloads/lineages/plasmodium_odb10/hmms/2031at5820.hmm
# Target file:     Results/1_GeneSequences/PB.faa
# Option settings: /home/users/bio1901/miniconda3/envs/busco/bin/hmmsearch --domtblout /export/home/bio1901/Documents/29_BINP/OrthoSearch/PB/run_plasmodium_odb10/hmmer_output/2031at5820.out --cpu 1 /export/home/bio1901/Documents/29_BINP/OrthoSearch/busco_downloads/lineages/plasmodium_odb10/hmms/2031at5820.hmm Results/1_GeneSequences/PB.faa 
# Current dir:     /export/home/bio1901/Documents/29_BINP/OrthoSearch
# Date:            Sun Mar 15 17:49:09 2020
# [ok]
