#                                                                            --- full sequence --- -------------- this domain -------------   hmm coord   ali coord   env coord
# target name        accession   tlen query name           accession   qlen   E-value  score  bias   #  of  c-Evalue  i-Evalue  score  bias  from    to  from    to  from    to  acc description of target
#------------------- ---------- ----- -------------------- ---------- ----- --------- ------ ----- --- --- --------- --------- ------ ----- ----- ----- ----- ----- ----- ----- ---- ---------------------
1682_g               -           1285 2097at5820           -            830   3.1e-59  198.2  13.4   1   3   2.4e-18   1.2e-15   54.1   0.1    16    82    11    77     6    92 0.91 length=1285	scaffold=scaffold00269	strand=-
1682_g               -           1285 2097at5820           -            830   3.1e-59  198.2  13.4   2   3   3.5e-35   1.8e-32  109.7   3.2    83   376   146   486   116   498 0.69 length=1285	scaffold=scaffold00269	strand=-
1682_g               -           1285 2097at5820           -            830   3.1e-59  198.2  13.4   3   3     1e-12     5e-10   35.4   0.3   470   560   764   854   737   894 0.85 length=1285	scaffold=scaffold00269	strand=-
2178_g               -            933 2097at5820           -            830   2.3e-37  125.9   4.6   1   3   1.2e-23   5.9e-21   71.6   0.2    17   171    29   183    24   222 0.85 length=933	scaffold=scaffold00418	strand=-
2178_g               -            933 2097at5820           -            830   2.3e-37  125.9   4.6   2   3   1.1e-13   5.4e-11   38.6   0.3   418   585   418   583   371   610 0.80 length=933	scaffold=scaffold00418	strand=-
2178_g               -            933 2097at5820           -            830   2.3e-37  125.9   4.6   3   3   9.8e-07   0.00049   15.6   0.0   700   798   660   756   607   774 0.76 length=933	scaffold=scaffold00418	strand=-
3663_g               -            595 2097at5820           -            830   5.9e-25   84.8   0.5   1   3   1.2e-27   5.9e-25   84.8   0.5    18   178   142   302   130   324 0.86 length=595	scaffold=scaffold01270	strand=+
3663_g               -            595 2097at5820           -            830   5.9e-25   84.8   0.5   2   3      0.13        63   -1.3   0.0   322   347   407   433   398   444 0.79 length=595	scaffold=scaffold01270	strand=+
3663_g               -            595 2097at5820           -            830   5.9e-25   84.8   0.5   3   3       3.1   1.5e+03   -5.9   2.1   222   256   546   580   513   585 0.73 length=595	scaffold=scaffold01270	strand=+
1778_g               -            767 2097at5820           -            830   1.9e-21   73.2   7.4   1   2   5.5e-19   2.7e-16   56.2   2.4    19   197    24   192     9   478 0.70 length=767	scaffold=scaffold00295	strand=+
1778_g               -            767 2097at5820           -            830   1.9e-21   73.2   7.4   2   2   1.4e-07   7.2e-05   18.4   0.2   639   762   640   764   587   766 0.79 length=767	scaffold=scaffold00295	strand=+
2388_g               -            795 2097at5820           -            830   2.9e-21   72.6   0.1   1   2   1.6e-21   8.1e-19   64.5   0.1    16   165   127   265   114   287 0.84 length=795	scaffold=scaffold00497	strand=-
2388_g               -            795 2097at5820           -            830   2.9e-21   72.6   0.1   2   2     0.001       0.5    5.7   0.0   700   804   573   673   535   679 0.82 length=795	scaffold=scaffold00497	strand=-
2833_g               -           1249 2097at5820           -            830   2.3e-19   66.3   0.8   1   2   1.4e-21   6.8e-19   64.8   0.1    14   138   469   583   460   598 0.91 length=1249	scaffold=scaffold00693	strand=-	adjustedToFrame=3
2833_g               -           1249 2097at5820           -            830   2.3e-19   66.3   0.8   2   2      0.25   1.2e+02   -2.2   0.0   485   552   869   936   849   943 0.62 length=1249	scaffold=scaffold00693	strand=-	adjustedToFrame=3
1681_g               -            207 2097at5820           -            830   8.8e-17   57.8   0.1   1   1   2.1e-19   1.1e-16   57.5   0.1   685   807    44   164    21   190 0.84 length=207	scaffold=scaffold00269	strand=-
750_g                -            466 2097at5820           -            830   4.7e-10   35.5   1.6   1   2   9.6e-13   4.8e-10   35.5   0.3    12   156    74   210    65   228 0.78 length=466	scaffold=scaffold00080	strand=-
750_g                -            466 2097at5820           -            830   4.7e-10   35.5   1.6   2   2      0.23   1.2e+02   -2.1   0.1   366   413   281   326   277   373 0.66 length=466	scaffold=scaffold00080	strand=-
#
# Program:         hmmsearch
# Version:         3.1b2 (February 2015)
# Pipeline mode:   SEARCH
# Query file:      /export/home/bio1901/Documents/29_BINP/OrthoSearch/busco_downloads/lineages/plasmodium_odb10/hmms/2097at5820.hmm
# Target file:     Results/1_GeneSequences/PB.faa
# Option settings: /home/users/bio1901/miniconda3/envs/busco/bin/hmmsearch --domtblout /export/home/bio1901/Documents/29_BINP/OrthoSearch/PB/run_plasmodium_odb10/hmmer_output/2097at5820.out --cpu 1 /export/home/bio1901/Documents/29_BINP/OrthoSearch/busco_downloads/lineages/plasmodium_odb10/hmms/2097at5820.hmm Results/1_GeneSequences/PB.faa 
# Current dir:     /export/home/bio1901/Documents/29_BINP/OrthoSearch
# Date:            Sun Mar 15 17:49:19 2020
# [ok]
