#                                                                            --- full sequence --- -------------- this domain -------------   hmm coord   ali coord   env coord
# target name        accession   tlen query name           accession   qlen   E-value  score  bias   #  of  c-Evalue  i-Evalue  score  bias  from    to  from    to  from    to  acc description of target
#------------------- ---------- ----- -------------------- ---------- ----- --------- ------ ----- --- --- --------- --------- ------ ----- ----- ----- ----- ----- ----- ----- ---- ---------------------
259_g                -           2033 2102at5820           -           1057         0 1648.5 167.2   1   7      0.22   8.7e+02   -5.0   6.9     1    71     1    74     1    94 0.71 length=2033	scaffold=scaffold00019	strand=-
259_g                -           2033 2102at5820           -           1057         0 1648.5 167.2   2   7      0.57   2.3e+03   -6.4   3.4    21    64   121   163   103   166 0.65 length=2033	scaffold=scaffold00019	strand=-
259_g                -           2033 2102at5820           -           1057         0 1648.5 167.2   3   7   6.9e-39   2.8e-35  119.2  15.5    20   152   205   340   188   396 0.69 length=2033	scaffold=scaffold00019	strand=-
259_g                -           2033 2102at5820           -           1057         0 1648.5 167.2   4   7         1     4e+03  -11.9  13.7     4    59   508   565   501   592 0.55 length=2033	scaffold=scaffold00019	strand=-
259_g                -           2033 2102at5820           -           1057         0 1648.5 167.2   5   7  5.4e-143  2.1e-139  463.9  43.7    10   427   749  1167   726  1198 0.79 length=2033	scaffold=scaffold00019	strand=-
259_g                -           2033 2102at5820           -           1057         0 1648.5 167.2   6   7  1.3e-176  5.3e-173  575.1  14.8   423   721  1295  1613  1279  1622 0.89 length=2033	scaffold=scaffold00019	strand=-
259_g                -           2033 2102at5820           -           1057         0 1648.5 167.2   7   7  1.5e-165  5.8e-162  538.6  21.3   718  1057  1661  2030  1644  2030 0.91 length=2033	scaffold=scaffold00019	strand=-
#
# Program:         hmmsearch
# Version:         3.1b2 (February 2015)
# Pipeline mode:   SEARCH
# Query file:      /export/home/bio1901/Documents/29_BINP/OrthoSearch/busco_downloads/lineages/plasmodium_odb10/hmms/2102at5820.hmm
# Target file:     Results/1_GeneSequences/PB.faa
# Option settings: /home/users/bio1901/miniconda3/envs/busco/bin/hmmsearch --domtblout /export/home/bio1901/Documents/29_BINP/OrthoSearch/PB/run_plasmodium_odb10/hmmer_output/2102at5820.out --cpu 1 /export/home/bio1901/Documents/29_BINP/OrthoSearch/busco_downloads/lineages/plasmodium_odb10/hmms/2102at5820.hmm Results/1_GeneSequences/PB.faa 
# Current dir:     /export/home/bio1901/Documents/29_BINP/OrthoSearch
# Date:            Sun Mar 15 17:49:19 2020
# [ok]
