#                                                                            --- full sequence --- -------------- this domain -------------   hmm coord   ali coord   env coord
# target name        accession   tlen query name           accession   qlen   E-value  score  bias   #  of  c-Evalue  i-Evalue  score  bias  from    to  from    to  from    to  acc description of target
#------------------- ---------- ----- -------------------- ---------- ----- --------- ------ ----- --- --- --------- --------- ------ ----- ----- ----- ----- ----- ----- ----- ---- ---------------------
486_g                -           1111 2123at5820           -            973         0 1022.9  77.6   1   2   4.5e-19   5.9e-16   55.2  20.7    36   250    29   256    18   284 0.72 length=1111	scaffold=scaffold00045	strand=+
486_g                -           1111 2123at5820           -            973         0 1022.9  77.6   2   2  1.9e-295  2.6e-292  969.9  48.9   292   964   378  1105   310  1109 0.93 length=1111	scaffold=scaffold00045	strand=+
2470_g               -           1189 2123at5820           -            973  1.8e-135  450.8  24.5   1   5         3     4e+03   -8.0   8.3    33    99     8    75     2   168 0.68 length=1189	scaffold=scaffold00525	strand=-	adjustedToFrame=3
2470_g               -           1189 2123at5820           -            973  1.8e-135  450.8  24.5   2   5    0.0087        12    1.2   0.1    72   126   381   431   372   453 0.75 length=1189	scaffold=scaffold00525	strand=-	adjustedToFrame=3
2470_g               -           1189 2123at5820           -            973  1.8e-135  450.8  24.5   3   5   4.1e-73   5.5e-70  234.0   3.9   314   635   455   783   444   812 0.83 length=1189	scaffold=scaffold00525	strand=-	adjustedToFrame=3
2470_g               -           1189 2123at5820           -            973  1.8e-135  450.8  24.5   4   5   2.2e-62     3e-59  198.5   0.9   586   786   856  1057   811  1064 0.90 length=1189	scaffold=scaffold00525	strand=-	adjustedToFrame=3
2470_g               -           1189 2123at5820           -            973  1.8e-135  450.8  24.5   5   5   8.1e-17   1.1e-13   47.7   4.9   836   957  1065  1182  1058  1186 0.93 length=1189	scaffold=scaffold00525	strand=-	adjustedToFrame=3
429_g                -            822 2123at5820           -            973  3.4e-105  350.6  43.8   1   3   9.9e-53   1.3e-49  166.5  24.6   244   627    56   432    28   458 0.75 length=822	scaffold=scaffold00038	strand=-
429_g                -            822 2123at5820           -            973  3.4e-105  350.6  43.8   2   3   1.3e-55   1.7e-52  176.1   0.4   617   782   506   672   496   684 0.96 length=822	scaffold=scaffold00038	strand=-
429_g                -            822 2123at5820           -            973  3.4e-105  350.6  43.8   3   3   1.3e-07   0.00018   17.2   4.7   833   920   691   774   686   803 0.88 length=822	scaffold=scaffold00038	strand=-
#
# Program:         hmmsearch
# Version:         3.1b2 (February 2015)
# Pipeline mode:   SEARCH
# Query file:      /export/home/bio1901/Documents/29_BINP/OrthoSearch/busco_downloads/lineages/plasmodium_odb10/hmms/2123at5820.hmm
# Target file:     Results/1_GeneSequences/PB.faa
# Option settings: /home/users/bio1901/miniconda3/envs/busco/bin/hmmsearch --domtblout /export/home/bio1901/Documents/29_BINP/OrthoSearch/PB/run_plasmodium_odb10/hmmer_output/2123at5820.out --cpu 1 /export/home/bio1901/Documents/29_BINP/OrthoSearch/busco_downloads/lineages/plasmodium_odb10/hmms/2123at5820.hmm Results/1_GeneSequences/PB.faa 
# Current dir:     /export/home/bio1901/Documents/29_BINP/OrthoSearch
# Date:            Sun Mar 15 17:49:22 2020
# [ok]
