#                                                                            --- full sequence --- -------------- this domain -------------   hmm coord   ali coord   env coord
# target name        accession   tlen query name           accession   qlen   E-value  score  bias   #  of  c-Evalue  i-Evalue  score  bias  from    to  from    to  from    to  acc description of target
#------------------- ---------- ----- -------------------- ---------- ----- --------- ------ ----- --- --- --------- --------- ------ ----- ----- ----- ----- ----- ----- ----- ---- ---------------------
662_g                -           6829 212at5820            -           2667         0 1237.4 530.8   1  28         1     4e+03   -8.3  14.2   286   389    29   133    10   172 0.73 length=6829	scaffold=scaffold00068	strand=+
662_g                -           6829 212at5820            -           2667         0 1237.4 530.8   2  28         1     4e+03  -24.6  34.5   360   536   235   412   186   421 0.67 length=6829	scaffold=scaffold00068	strand=+
662_g                -           6829 212at5820            -           2667         0 1237.4 530.8   3  28      0.69   2.7e+03   -7.3  11.1  2115  2171   401   455   393   618 0.52 length=6829	scaffold=scaffold00068	strand=+
662_g                -           6829 212at5820            -           2667         0 1237.4 530.8   4  28         1     4e+03  -14.0  14.2   711   795   785   877   754   928 0.61 length=6829	scaffold=scaffold00068	strand=+
662_g                -           6829 212at5820            -           2667         0 1237.4 530.8   5  28         1     4e+03  -28.4  34.4   702   898  1051  1259  1036  1298 0.41 length=6829	scaffold=scaffold00068	strand=+
662_g                -           6829 212at5820            -           2667         0 1237.4 530.8   6  28         1     4e+03  -29.5  38.4  1674  1942  1159  1444  1144  1446 0.65 length=6829	scaffold=scaffold00068	strand=+
662_g                -           6829 212at5820            -           2667         0 1237.4 530.8   7  28         1     4e+03  -66.9  92.3   250   718  1442  1937  1425  2021 0.60 length=6829	scaffold=scaffold00068	strand=+
662_g                -           6829 212at5820            -           2667         0 1237.4 530.8   8  28         1     4e+03  -19.4  25.3   434   555  2162  2285  2040  2315 0.71 length=6829	scaffold=scaffold00068	strand=+
662_g                -           6829 212at5820            -           2667         0 1237.4 530.8   9  28         1     4e+03  -49.0  53.5   251   729  2401  2889  2361  2946 0.52 length=6829	scaffold=scaffold00068	strand=+
662_g                -           6829 212at5820            -           2667         0 1237.4 530.8  10  28   1.3e-58   5.1e-55  184.2  41.6    13   378  2963  3385  2951  3394 0.80 length=6829	scaffold=scaffold00068	strand=+
662_g                -           6829 212at5820            -           2667         0 1237.4 530.8  11  28   2.8e-08   0.00011   17.2   7.2   358   440  3402  3484  3396  3490 0.75 length=6829	scaffold=scaffold00068	strand=+
662_g                -           6829 212at5820            -           2667         0 1237.4 530.8  12  28   1.3e-14   5.3e-11   38.2  15.6   439   507  3539  3608  3514  3670 0.77 length=6829	scaffold=scaffold00068	strand=+
662_g                -           6829 212at5820            -           2667         0 1237.4 530.8  13  28   4.7e-31   1.9e-27   92.8  20.6   519   692  3695  3885  3679  3907 0.85 length=6829	scaffold=scaffold00068	strand=+
662_g                -           6829 212at5820            -           2667         0 1237.4 530.8  14  28   1.2e-31   4.7e-28   94.8  20.1   684   815  3925  4061  3912  4068 0.91 length=6829	scaffold=scaffold00068	strand=+
662_g                -           6829 212at5820            -           2667         0 1237.4 530.8  15  28   7.3e-20   2.9e-16   55.6  26.9   816  1016  4102  4310  4096  4322 0.71 length=6829	scaffold=scaffold00068	strand=+
662_g                -           6829 212at5820            -           2667         0 1237.4 530.8  16  28     0.001       4.1    2.1   7.7   954  1001  4312  4359  4305  4371 0.77 length=6829	scaffold=scaffold00068	strand=+
662_g                -           6829 212at5820            -           2667         0 1237.4 530.8  17  28   1.4e-08   5.8e-05   18.2  23.4   954  1091  4357  4510  4356  4523 0.74 length=6829	scaffold=scaffold00068	strand=+
662_g                -           6829 212at5820            -           2667         0 1237.4 530.8  18  28   3.2e-08   0.00013   17.0  15.2  1079  1146  4530  4601  4525  4625 0.78 length=6829	scaffold=scaffold00068	strand=+
662_g                -           6829 212at5820            -           2667         0 1237.4 530.8  19  28   2.5e-33     1e-29  100.3  46.3  1176  1446  4728  5040  4720  5097 0.72 length=6829	scaffold=scaffold00068	strand=+
662_g                -           6829 212at5820            -           2667         0 1237.4 530.8  20  28   8.5e-21   3.4e-17   58.7  24.3  1439  1568  5093  5236  5083  5238 0.78 length=6829	scaffold=scaffold00068	strand=+
662_g                -           6829 212at5820            -           2667         0 1237.4 530.8  21  28   1.8e-19     7e-16   54.4  15.7  1614  1733  5237  5352  5233  5356 0.85 length=6829	scaffold=scaffold00068	strand=+
662_g                -           6829 212at5820            -           2667         0 1237.4 530.8  22  28  4.3e-116  1.7e-112  374.9 101.0  1701  2205  5391  5962  5368  5975 0.76 length=6829	scaffold=scaffold00068	strand=+
662_g                -           6829 212at5820            -           2667         0 1237.4 530.8  23  28         1     4e+03  -21.6  26.5  1804  1851  5957  6005  5951  6017 0.58 length=6829	scaffold=scaffold00068	strand=+
662_g                -           6829 212at5820            -           2667         0 1237.4 530.8  24  28   3.7e-17   1.5e-13   46.7  10.5  2175  2252  6059  6136  6046  6152 0.92 length=6829	scaffold=scaffold00068	strand=+
662_g                -           6829 212at5820            -           2667         0 1237.4 530.8  25  28   6.1e-22   2.4e-18   62.5   7.2  2255  2320  6214  6279  6202  6290 0.92 length=6829	scaffold=scaffold00068	strand=+
662_g                -           6829 212at5820            -           2667         0 1237.4 530.8  26  28   2.2e-23   8.6e-20   67.4   6.8  2314  2408  6355  6450  6341  6455 0.87 length=6829	scaffold=scaffold00068	strand=+
662_g                -           6829 212at5820            -           2667         0 1237.4 530.8  27  28   8.9e-50   3.5e-46  154.9  38.1  2388  2572  6486  6675  6476  6699 0.86 length=6829	scaffold=scaffold00068	strand=+
662_g                -           6829 212at5820            -           2667         0 1237.4 530.8  28  28   2.5e-28     1e-24   83.7  20.9  2574  2666  6733  6828  6722  6828 0.92 length=6829	scaffold=scaffold00068	strand=+
#
# Program:         hmmsearch
# Version:         3.1b2 (February 2015)
# Pipeline mode:   SEARCH
# Query file:      /export/home/bio1901/Documents/29_BINP/OrthoSearch/busco_downloads/lineages/plasmodium_odb10/hmms/212at5820.hmm
# Target file:     Results/1_GeneSequences/PB.faa
# Option settings: /home/users/bio1901/miniconda3/envs/busco/bin/hmmsearch --domtblout /export/home/bio1901/Documents/29_BINP/OrthoSearch/PB/run_plasmodium_odb10/hmmer_output/212at5820.out --cpu 1 /export/home/bio1901/Documents/29_BINP/OrthoSearch/busco_downloads/lineages/plasmodium_odb10/hmms/212at5820.hmm Results/1_GeneSequences/PB.faa 
# Current dir:     /export/home/bio1901/Documents/29_BINP/OrthoSearch
# Date:            Sun Mar 15 17:49:24 2020
# [ok]
