#                                                                            --- full sequence --- -------------- this domain -------------   hmm coord   ali coord   env coord
# target name        accession   tlen query name           accession   qlen   E-value  score  bias   #  of  c-Evalue  i-Evalue  score  bias  from    to  from    to  from    to  acc description of target
#------------------- ---------- ----- -------------------- ---------- ----- --------- ------ ----- --- --- --------- --------- ------ ----- ----- ----- ----- ----- ----- ----- ---- ---------------------
2944_g               -           1103 2136at5820           -            816   2.3e-98  328.3  37.1   1   7   4.4e-63   1.7e-59  199.7   3.2     1   124     1   124     1   131 0.98 length=1103	scaffold=scaffold00754	strand=-
2944_g               -           1103 2136at5820           -            816   2.3e-98  328.3  37.1   2   7         1     4e+03  -11.9  13.9   203   256   182   237   171   258 0.59 length=1103	scaffold=scaffold00754	strand=-
2944_g               -           1103 2136at5820           -            816   2.3e-98  328.3  37.1   3   7   3.7e-46   1.5e-42  143.7  26.0   117   318   260   461   249   500 0.70 length=1103	scaffold=scaffold00754	strand=-
2944_g               -           1103 2136at5820           -            816   2.3e-98  328.3  37.1   4   7         1     4e+03   -8.6   6.7   205   254   569   621   533   630 0.56 length=1103	scaffold=scaffold00754	strand=-
2944_g               -           1103 2136at5820           -            816   2.3e-98  328.3  37.1   5   7         1     4e+03  -14.7  16.9   254   357   742   847   671   858 0.40 length=1103	scaffold=scaffold00754	strand=-
2944_g               -           1103 2136at5820           -            816   2.3e-98  328.3  37.1   6   7         1     4e+03  -13.6  18.8   208   278   901   975   877  1030 0.52 length=1103	scaffold=scaffold00754	strand=-
2944_g               -           1103 2136at5820           -            816   2.3e-98  328.3  37.1   7   7         1     4e+03  -12.2  13.5   208   276  1030  1099  1009  1102 0.64 length=1103	scaffold=scaffold00754	strand=-
#
# Program:         hmmsearch
# Version:         3.1b2 (February 2015)
# Pipeline mode:   SEARCH
# Query file:      /export/home/bio1901/Documents/29_BINP/OrthoSearch/busco_downloads/lineages/plasmodium_odb10/hmms/2136at5820.hmm
# Target file:     Results/1_GeneSequences/PB.faa
# Option settings: /home/users/bio1901/miniconda3/envs/busco/bin/hmmsearch --domtblout /export/home/bio1901/Documents/29_BINP/OrthoSearch/PB/run_plasmodium_odb10/hmmer_output/2136at5820.out --cpu 1 /export/home/bio1901/Documents/29_BINP/OrthoSearch/busco_downloads/lineages/plasmodium_odb10/hmms/2136at5820.hmm Results/1_GeneSequences/PB.faa 
# Current dir:     /export/home/bio1901/Documents/29_BINP/OrthoSearch
# Date:            Sun Mar 15 17:49:24 2020
# [ok]
