#                                                                            --- full sequence --- -------------- this domain -------------   hmm coord   ali coord   env coord
# target name        accession   tlen query name           accession   qlen   E-value  score  bias   #  of  c-Evalue  i-Evalue  score  bias  from    to  from    to  from    to  acc description of target
#------------------- ---------- ----- -------------------- ---------- ----- --------- ------ ----- --- --- --------- --------- ------ ----- ----- ----- ----- ----- ----- ----- ---- ---------------------
2356_g               -           2497 2167at5820           -            898         0 1391.1 106.5   1   3  2.9e-264  2.7e-262  870.5  13.9     1   459     1   460     1   474 0.97 length=2497	scaffold=scaffold00484	strand=-
2356_g               -           2497 2167at5820           -            898         0 1391.1 106.5   2   3  1.8e-163  1.7e-161  537.0  84.6   461   855   555   979   548  1107 0.84 length=2497	scaffold=scaffold00484	strand=-
2356_g               -           2497 2167at5820           -            898         0 1391.1 106.5   3   3       3.9   3.7e+02   -3.4   3.1   819   858  1154  1192  1102  1234 0.56 length=2497	scaffold=scaffold00484	strand=-
3138_g               -           1979 2167at5820           -            898   4.5e-60  201.4  30.4   1   2   2.5e-34   2.3e-32  109.7  14.0   109   436   524   837   520   843 0.88 length=1979	scaffold=scaffold00868	strand=+
3138_g               -           1979 2167at5820           -            898   4.5e-60  201.4  30.4   2   2   9.5e-34     9e-32  107.8   8.5   492   653  1608  1768  1535  1780 0.89 length=1979	scaffold=scaffold00868	strand=+
2162_g               -           3446 2167at5820           -            898   1.3e-55  186.6   9.1   1   3   4.3e-32   4.1e-30  102.3   1.0   130   435  1790  2089  1780  2100 0.79 length=3446	scaffold=scaffold00412	strand=+
2162_g               -           3446 2167at5820           -            898   1.3e-55  186.6   9.1   2   3   2.7e-31   2.6e-29   99.6   1.6   491   650  2105  2264  2094  2277 0.92 length=3446	scaffold=scaffold00412	strand=+
2162_g               -           3446 2167at5820           -            898   1.3e-55  186.6   9.1   3   3      0.55        52   -0.6  30.9   644   846  3068  3294  3065  3314 0.59 length=3446	scaffold=scaffold00412	strand=+
2298_g               -           1371 2167at5820           -            898   5.1e-53  178.1  46.3   1   4       5.4   5.2e+02   -3.9  26.3   747   828   110   190     9   230 0.56 length=1371	scaffold=scaffold00459	strand=-
2298_g               -           1371 2167at5820           -            898   5.1e-53  178.1  46.3   2   4   1.4e-30   1.4e-28   97.3   3.6   124   346   261   469   246   471 0.86 length=1371	scaffold=scaffold00459	strand=-
2298_g               -           1371 2167at5820           -            898   5.1e-53  178.1  46.3   3   4     7e-09   6.6e-07   25.5   2.8   343   438   559   656   555   670 0.81 length=1371	scaffold=scaffold00459	strand=-
2298_g               -           1371 2167at5820           -            898   5.1e-53  178.1  46.3   4   4   3.5e-27   3.3e-25   86.1  24.2   492   678   672   860   659  1040 0.77 length=1371	scaffold=scaffold00459	strand=-
2343_g               -           2672 2167at5820           -            898   2.2e-46  156.1   1.3   1   4   5.3e-27     5e-25   85.5   0.0    94   333   309   538   301   549 0.83 length=2672	scaffold=scaffold00477	strand=+
2343_g               -           2672 2167at5820           -            898   2.2e-46  156.1   1.3   2   4       1.4   1.3e+02   -2.0   0.3   348   433   598   680   589   686 0.86 length=2672	scaffold=scaffold00477	strand=+
2343_g               -           2672 2167at5820           -            898   2.2e-46  156.1   1.3   3   4   2.2e-25   2.1e-23   80.1   0.4   511   646  1158  1294  1147  1346 0.86 length=2672	scaffold=scaffold00477	strand=+
2343_g               -           2672 2167at5820           -            898   2.2e-46  156.1   1.3   4   4      0.49        46   -0.5  31.4   761   896  2468  2608  2454  2610 0.57 length=2672	scaffold=scaffold00477	strand=+
2943_g               -           2178 2167at5820           -            898   4.8e-42  141.8  62.7   1   3   1.6e-37   1.5e-35  120.3   4.5   134   436  1005  1296   987  1306 0.83 length=2178	scaffold=scaffold00753	strand=+
2943_g               -           2178 2167at5820           -            898   4.8e-42  141.8  62.7   2   3   3.1e-06   0.00029   16.7   2.2   491   561  1308  1377  1300  1381 0.79 length=2178	scaffold=scaffold00753	strand=+
2943_g               -           2178 2167at5820           -            898   4.8e-42  141.8  62.7   3   3   2.8e-12   2.6e-10   36.7  40.4   560   846  1514  1840  1504  1888 0.64 length=2178	scaffold=scaffold00753	strand=+
363_g                -           1753 2167at5820           -            898     2e-30  103.3  19.5   1   5   1.3e-06   0.00012   18.0   0.0   133   196   234   297   188   309 0.76 length=1753	scaffold=scaffold00030	strand=+
363_g                -           1753 2167at5820           -            898     2e-30  103.3  19.5   2   5     0.025       2.4    3.8   0.1   191   263   419   487   401   496 0.79 length=1753	scaffold=scaffold00030	strand=+
363_g                -           1753 2167at5820           -            898     2e-30  103.3  19.5   3   5       2.4   2.3e+02   -2.8  31.0   723   854   750   888   702   930 0.51 length=1753	scaffold=scaffold00030	strand=+
363_g                -           1753 2167at5820           -            898     2e-30  103.3  19.5   4   5   3.5e-09   3.3e-07   26.5   0.0   254   313  1062  1122  1047  1127 0.88 length=1753	scaffold=scaffold00030	strand=+
363_g                -           1753 2167at5820           -            898     2e-30  103.3  19.5   5   5     3e-25   2.8e-23   79.7  14.4   453   683  1506  1733  1485  1748 0.78 length=1753	scaffold=scaffold00030	strand=+
2684_g               -            903 2167at5820           -            898   3.7e-26   89.2  13.0   1   2   1.4e-18   1.4e-16   57.5   4.3   130   402   284   529   246   565 0.78 length=903	scaffold=scaffold00614	strand=+
2684_g               -            903 2167at5820           -            898   3.7e-26   89.2  13.0   2   2   4.9e-15   4.6e-13   45.9   1.4   513   666   613   764   603   797 0.87 length=903	scaffold=scaffold00614	strand=+
474_g                -            951 2167at5820           -            898     4e-25   85.8  17.0   1   4   2.4e-17   2.3e-15   53.5  11.8   128   354   208   436   171   444 0.71 length=951	scaffold=scaffold00043	strand=-
474_g                -            951 2167at5820           -            898     4e-25   85.8  17.0   2   4     0.061       5.8    2.5   1.1   737   861   398   518   395   527 0.53 length=951	scaffold=scaffold00043	strand=-
474_g                -            951 2167at5820           -            898     4e-25   85.8  17.0   3   4   0.00066     0.063    9.0  11.9   409   535   666   804   662   832 0.68 length=951	scaffold=scaffold00043	strand=-
474_g                -            951 2167at5820           -            898     4e-25   85.8  17.0   4   4   1.4e-14   1.4e-12   44.3   0.2   537   588   895   946   889   949 0.96 length=951	scaffold=scaffold00043	strand=-
2614_g               -           1423 2167at5820           -            898   3.1e-18   63.0  17.1   1   5       2.5   2.4e+02   -2.8   2.7   800   848    20    68     6    85 0.61 length=1423	scaffold=scaffold00586	strand=+
2614_g               -           1423 2167at5820           -            898   3.1e-18   63.0  17.1   2   5   1.7e-05    0.0016   14.3   0.0   154   193   611   651   606   660 0.86 length=1423	scaffold=scaffold00586	strand=+
2614_g               -           1423 2167at5820           -            898   3.1e-18   63.0  17.1   3   5       2.3   2.2e+02   -2.7   0.0   191   238   671   717   665   738 0.72 length=1423	scaffold=scaffold00586	strand=+
2614_g               -           1423 2167at5820           -            898   3.1e-18   63.0  17.1   4   5   3.6e-06   0.00034   16.5   0.2   262   435   856  1031   845  1039 0.61 length=1423	scaffold=scaffold00586	strand=+
2614_g               -           1423 2167at5820           -            898   3.1e-18   63.0  17.1   5   5   1.9e-13   1.8e-11   40.6   1.1   564   644  1308  1388  1186  1399 0.72 length=1423	scaffold=scaffold00586	strand=+
2293_g               -            580 2167at5820           -            898   1.1e-05   21.5  14.7   1   2       7.3     7e+02   -4.4   2.4   403   555    97   150    48   159 0.56 length=580	scaffold=scaffold00457	strand=+
2293_g               -            580 2167at5820           -            898   1.1e-05   21.5  14.7   2   2   1.1e-07   1.1e-05   21.5  14.7   749   857   397   508   309   527 0.54 length=580	scaffold=scaffold00457	strand=+
2510_g               -            151 2167at5820           -            898   0.00017   17.5  10.2   1   1   2.1e-06    0.0002   17.3  10.2   774   881    27   133     8   146 0.65 length=151	scaffold=scaffold00541	strand=-
1936_g               -            796 2167at5820           -            898   0.00043   16.2  19.5   1   1   8.6e-06   0.00082   15.3  19.5   744   824   492   571   458   589 0.46 length=796	scaffold=scaffold00341	strand=+
3811_g               -            606 2167at5820           -            898    0.0016   14.3  77.3   1   3         8   7.6e+02   -4.5   2.2   844   866    67    89    16   117 0.53 length=606	scaffold=scaffold01405	strand=-
3811_g               -            606 2167at5820           -            898    0.0016   14.3  77.3   2   3   2.7e-05    0.0026   13.6  40.5   767   874   210   319   192   336 0.34 length=606	scaffold=scaffold01405	strand=-
3811_g               -            606 2167at5820           -            898    0.0016   14.3  77.3   3   3   7.5e-06   0.00072   15.4  18.9   759   877   387   511   349   525 0.47 length=606	scaffold=scaffold01405	strand=-
1797_g               -            174 2167at5820           -            898    0.0016   14.3  40.3   1   1   2.1e-05     0.002   14.0  40.3   756   852    65   163    44   172 0.55 length=174	scaffold=scaffold00301	strand=-
150_g                -            302 2167at5820           -            898    0.0032   13.3  36.6   1   1   4.9e-05    0.0046   12.8  36.6   744   828    96   180    66   196 0.55 length=302	scaffold=scaffold00009	strand=-
1341_g               -            188 2167at5820           -            898    0.0081   12.0  10.0   1   1   9.4e-05    0.0089   11.8  10.0   759   811    17    71     6   122 0.54 length=188	scaffold=scaffold00189	strand=-
957_g                -            506 2167at5820           -            898     0.011   11.6  25.1   1   1   0.00016     0.015   11.1  25.1   695   811   385   503   380   505 0.39 length=506	scaffold=scaffold00112	strand=+
4026_g               -            178 2167at5820           -            898     0.017   10.9  20.8   1   1    0.0002     0.019   10.7  20.8   768   840    65   138    36   172 0.39 length=178	scaffold=scaffold01615	strand=-
3032_g               -            110 2167at5820           -            898     0.024   10.4  17.0   1   1   0.00025     0.024   10.4  17.0   734   802    38   107    13   109 0.54 length=110	scaffold=scaffold00806	strand=+
3279_g               -            124 2167at5820           -            898     0.039    9.7  30.2   1   1   0.00042      0.04    9.7  30.2   748   816    52   119    30   123 0.57 length=124	scaffold=scaffold00965	strand=-
2214_g               -            136 2167at5820           -            898     0.052    9.3  32.5   1   1   0.00057     0.054    9.2  32.5   761   831     3    74     1   117 0.34 length=136	scaffold=scaffold00428	strand=-
1957_g               -            404 2167at5820           -            898     0.091    8.5  21.2   1   1    0.0015      0.14    7.9  21.2   748   830    39   121    10   156 0.47 length=404	scaffold=scaffold00348	strand=+
2855_g               -            309 2167at5820           -            898       0.1    8.4  23.8   1   1    0.0017      0.16    7.6  23.8   748   829    54   133    27   152 0.56 length=309	scaffold=scaffold00707	strand=-
2936_g               -            148 2167at5820           -            898      0.13    8.0  21.3   1   1    0.0013      0.13    8.0  21.3   763   835    30   107     4   145 0.44 length=148	scaffold=scaffold00750	strand=+	adjustedToFrame=2
1330_g               -            275 2167at5820           -            898      0.15    7.8  35.2   1   1    0.0023      0.22    7.2  35.2   757   857    41   146    14   182 0.65 length=275	scaffold=scaffold00187	strand=-
1410_g               -            164 2167at5820           -            898      0.25    7.0  31.5   1   1    0.0031      0.29    6.8  31.5   763   863    18   116     2   135 0.54 length=164	scaffold=scaffold00206	strand=+
1582_g               -            155 2167at5820           -            898      0.76    5.4  12.9   1   1    0.0078      0.74    5.5  12.9   751   821    73   147    15   154 0.43 length=155	scaffold=scaffold00246	strand=-
618_g                -            103 2167at5820           -            898      0.78    5.4  16.5   1   1    0.0081      0.77    5.4  16.5   787   843    44    98    16   102 0.45 length=103	scaffold=scaffold00063	strand=+
2094_g               -            104 2167at5820           -            898       1.2    4.7  16.8   1   1     0.014       1.4    4.6  16.8   799   851    46    99    26   103 0.41 length=104	scaffold=scaffold00390	strand=+
3797_g               -            589 2167at5820           -            898       1.3    4.7  20.6   1   1     0.019       1.8    4.2  20.6   758   832   394   474   372   516 0.37 length=589	scaffold=scaffold01392	strand=-
2630_g               -            156 2167at5820           -            898       1.3    4.7  24.3   1   1     0.015       1.4    4.5  24.3   764   855    41   139    11   149 0.44 length=156	scaffold=scaffold00592	strand=+
4066_g               -            255 2167at5820           -            898       1.9    4.1  41.3   1   2   3.2e-05    0.0031   13.4  28.7   756   830    24    98    18   147 0.47 length=255	scaffold=scaffold01656	strand=-
4066_g               -            255 2167at5820           -            898       1.9    4.1  41.3   2   2       3.1     3e+02   -3.1   4.7   828   858   219   248   180   255 0.45 length=255	scaffold=scaffold01656	strand=-
2737_g               -            434 2167at5820           -            898       2.2    3.9  28.3   1   1     0.034       3.2    3.4  28.3   762   825    78   137    42   162 0.43 length=434	scaffold=scaffold00642	strand=+
3775_g               -            101 2167at5820           -            898       2.5    3.7  29.6   1   1     0.027       2.6    3.7  29.6   754   822    31    95    11   100 0.32 length=101	scaffold=scaffold01375	strand=-
3986_g               -            232 2167at5820           -            898         4    3.0  40.4   1   1     0.047       4.5    2.9  40.4   685   849    57   226    24   231 0.48 length=232	scaffold=scaffold01572	strand=-
3304_g               -            108 2167at5820           -            898       4.8    2.8  31.4   1   1     0.051       4.9    2.8  31.4   764   830    11    79     2   107 0.32 length=108	scaffold=scaffold00981	strand=-
2517_g               -            112 2167at5820           -            898       6.5    2.3  32.3   1   1      0.08       7.6    2.1  32.3   759   837    24    96    10   109 0.28 length=112	scaffold=scaffold00543	strand=+
2414_g               -            205 2167at5820           -            898       7.4    2.2  33.7   1   1      0.11        10    1.7  33.7   761   844    74   162    61   200 0.41 length=205	scaffold=scaffold00504	strand=+
3375_g               -            328 2167at5820           -            898       9.1    1.9  29.9   1   1      0.17        16    1.1  29.9   757   828    15    84     1    94 0.35 length=328	scaffold=scaffold01034	strand=-	adjustedToFrame=2
1841_g               -            134 2167at5820           -            898       9.6    1.8  61.9   1   1      0.43        41   -0.3  61.9   743   856     7   127     2   133 0.42 length=134	scaffold=scaffold00313	strand=+
1005_g               -            242 2167at5820           -            898       9.8    1.8  39.8   1   1      0.12        12    1.5  39.8   759   846     3    88     1   138 0.46 length=242	scaffold=scaffold00121	strand=+
#
# Program:         hmmsearch
# Version:         3.1b2 (February 2015)
# Pipeline mode:   SEARCH
# Query file:      /export/home/bio1901/Documents/29_BINP/OrthoSearch/busco_downloads/lineages/plasmodium_odb10/hmms/2167at5820.hmm
# Target file:     Results/1_GeneSequences/PB.faa
# Option settings: /home/users/bio1901/miniconda3/envs/busco/bin/hmmsearch --domtblout /export/home/bio1901/Documents/29_BINP/OrthoSearch/PB/run_plasmodium_odb10/hmmer_output/2167at5820.out --cpu 1 /export/home/bio1901/Documents/29_BINP/OrthoSearch/busco_downloads/lineages/plasmodium_odb10/hmms/2167at5820.hmm Results/1_GeneSequences/PB.faa 
# Current dir:     /export/home/bio1901/Documents/29_BINP/OrthoSearch
# Date:            Sun Mar 15 17:49:44 2020
# [ok]
