#                                                                            --- full sequence --- -------------- this domain -------------   hmm coord   ali coord   env coord
# target name        accession   tlen query name           accession   qlen   E-value  score  bias   #  of  c-Evalue  i-Evalue  score  bias  from    to  from    to  from    to  acc description of target
#------------------- ---------- ----- -------------------- ---------- ----- --------- ------ ----- --- --- --------- --------- ------ ----- ----- ----- ----- ----- ----- ----- ---- ---------------------
1477_g               -           3380 218at5820            -           2677         0 1597.5 338.4   1  12   1.2e-26   2.4e-23   78.8  14.0     4   118    11   130     8   136 0.89 length=3380	scaffold=scaffold00221	strand=-
1477_g               -           3380 218at5820            -           2677         0 1597.5 338.4   2  12  7.1e-150  1.4e-146  487.6  71.9    98   625   147   734   133   742 0.89 length=3380	scaffold=scaffold00221	strand=-
1477_g               -           3380 218at5820            -           2677         0 1597.5 338.4   3  12   2.2e-74   4.3e-71  237.2  41.7   748  1140   740  1167   737  1237 0.76 length=3380	scaffold=scaffold00221	strand=-
1477_g               -           3380 218at5820            -           2677         0 1597.5 338.4   4  12   8.3e-88   1.7e-84  281.7  67.4  1060  1553  1267  1812  1261  1817 0.79 length=3380	scaffold=scaffold00221	strand=-
1477_g               -           3380 218at5820            -           2677         0 1597.5 338.4   5  12         2     4e+03  -48.2  72.3  1045  1200  1822  1982  1781  1996 0.38 length=3380	scaffold=scaffold00221	strand=-
1477_g               -           3380 218at5820            -           2677         0 1597.5 338.4   6  12         2     4e+03  -24.3  39.4   337   388  1992  2047  1985  2058 0.33 length=3380	scaffold=scaffold00221	strand=-
1477_g               -           3380 218at5820            -           2677         0 1597.5 338.4   7  12         2     4e+03  -25.7  40.3   346   410  2053  2117  2044  2137 0.38 length=3380	scaffold=scaffold00221	strand=-
1477_g               -           3380 218at5820            -           2677         0 1597.5 338.4   8  12   1.6e-44   3.2e-41  138.1  25.5  1741  1996  2169  2434  2137  2467 0.69 length=3380	scaffold=scaffold00221	strand=-
1477_g               -           3380 218at5820            -           2677         0 1597.5 338.4   9  12   5.1e-29     1e-25   86.6  10.7  1914  2093  2494  2657  2489  2683 0.84 length=3380	scaffold=scaffold00221	strand=-
1477_g               -           3380 218at5820            -           2677         0 1597.5 338.4  10  12   2.1e-84   4.1e-81  270.4  48.9  2096  2413  2700  3168  2692  3169 0.81 length=3380	scaffold=scaffold00221	strand=-
1477_g               -           3380 218at5820            -           2677         0 1597.5 338.4  11  12   1.6e-43   3.2e-40  134.8   2.5  2503  2636  3170  3301  3168  3310 0.94 length=3380	scaffold=scaffold00221	strand=-
1477_g               -           3380 218at5820            -           2677         0 1597.5 338.4  12  12         2     4e+03  -13.2  19.2   352   387  3311  3344  3301  3374 0.38 length=3380	scaffold=scaffold00221	strand=-
4056_g               -            151 218at5820            -           2677      0.25    5.8  17.0   1   1   0.00014      0.29    5.5  17.0  1708  1822    17   133     8   139 0.60 length=151	scaffold=scaffold01646	strand=-
#
# Program:         hmmsearch
# Version:         3.1b2 (February 2015)
# Pipeline mode:   SEARCH
# Query file:      /export/home/bio1901/Documents/29_BINP/OrthoSearch/busco_downloads/lineages/plasmodium_odb10/hmms/218at5820.hmm
# Target file:     Results/1_GeneSequences/PB.faa
# Option settings: /home/users/bio1901/miniconda3/envs/busco/bin/hmmsearch --domtblout /export/home/bio1901/Documents/29_BINP/OrthoSearch/PB/run_plasmodium_odb10/hmmer_output/218at5820.out --cpu 1 /export/home/bio1901/Documents/29_BINP/OrthoSearch/busco_downloads/lineages/plasmodium_odb10/hmms/218at5820.hmm Results/1_GeneSequences/PB.faa 
# Current dir:     /export/home/bio1901/Documents/29_BINP/OrthoSearch
# Date:            Sun Mar 15 17:49:54 2020
# [ok]
