#                                                                            --- full sequence --- -------------- this domain -------------   hmm coord   ali coord   env coord
# target name        accession   tlen query name           accession   qlen   E-value  score  bias   #  of  c-Evalue  i-Evalue  score  bias  from    to  from    to  from    to  acc description of target
#------------------- ---------- ----- -------------------- ---------- ----- --------- ------ ----- --- --- --------- --------- ------ ----- ----- ----- ----- ----- ----- ----- ---- ---------------------
698_g                -           1806 2198at5820           -            663  1.1e-169  563.8 189.2   1   9         1     4e+03  -23.3  26.8   247   247    89    89     9   171 0.54 length=1806	scaffold=scaffold00074	strand=-
698_g                -           1806 2198at5820           -            663  1.1e-169  563.8 189.2   2   9   6.1e-09   2.4e-05   20.7   1.0     3    32   461   490   459   500 0.90 length=1806	scaffold=scaffold00074	strand=-
698_g                -           1806 2198at5820           -            663  1.1e-169  563.8 189.2   3   9   8.6e-23   3.4e-19   66.5  12.1    22   122   509   613   500   621 0.86 length=1806	scaffold=scaffold00074	strand=-
698_g                -           1806 2198at5820           -            663  1.1e-169  563.8 189.2   4   9   4.9e-05      0.19    7.8   5.2   108   159   707   760   650   833 0.78 length=1806	scaffold=scaffold00074	strand=-
698_g                -           1806 2198at5820           -            663  1.1e-169  563.8 189.2   5   9   3.1e-08   0.00012   18.4  16.8   162   245   906   994   857  1005 0.60 length=1806	scaffold=scaffold00074	strand=-
698_g                -           1806 2198at5820           -            663  1.1e-169  563.8 189.2   6   9   9.4e-57   3.8e-53  178.7  22.3   225   368  1113  1256  1053  1266 0.82 length=1806	scaffold=scaffold00074	strand=-
698_g                -           1806 2198at5820           -            663  1.1e-169  563.8 189.2   7   9   2.6e-18     1e-14   51.7   6.5   363   411  1304  1352  1295  1381 0.79 length=1806	scaffold=scaffold00074	strand=-
698_g                -           1806 2198at5820           -            663  1.1e-169  563.8 189.2   8   9   8.7e-43   3.5e-39  132.6  16.2   412   534  1442  1570  1432  1585 0.88 length=1806	scaffold=scaffold00074	strand=-
698_g                -           1806 2198at5820           -            663  1.1e-169  563.8 189.2   9   9   2.6e-51     1e-47  160.7  15.8   509   661  1639  1800  1608  1802 0.89 length=1806	scaffold=scaffold00074	strand=-
#
# Program:         hmmsearch
# Version:         3.1b2 (February 2015)
# Pipeline mode:   SEARCH
# Query file:      /export/home/bio1901/Documents/29_BINP/OrthoSearch/busco_downloads/lineages/plasmodium_odb10/hmms/2198at5820.hmm
# Target file:     Results/1_GeneSequences/PB.faa
# Option settings: /home/users/bio1901/miniconda3/envs/busco/bin/hmmsearch --domtblout /export/home/bio1901/Documents/29_BINP/OrthoSearch/PB/run_plasmodium_odb10/hmmer_output/2198at5820.out --cpu 1 /export/home/bio1901/Documents/29_BINP/OrthoSearch/busco_downloads/lineages/plasmodium_odb10/hmms/2198at5820.hmm Results/1_GeneSequences/PB.faa 
# Current dir:     /export/home/bio1901/Documents/29_BINP/OrthoSearch
# Date:            Sun Mar 15 17:49:55 2020
# [ok]
