#                                                                            --- full sequence --- -------------- this domain -------------   hmm coord   ali coord   env coord
# target name        accession   tlen query name           accession   qlen   E-value  score  bias   #  of  c-Evalue  i-Evalue  score  bias  from    to  from    to  from    to  acc description of target
#------------------- ---------- ----- -------------------- ---------- ----- --------- ------ ----- --- --- --------- --------- ------ ----- ----- ----- ----- ----- ----- ----- ---- ---------------------
994_g                -           1052 2216at5820           -            639  1.2e-283  940.2  90.2   1   3  1.2e-227  7.9e-225  745.9  20.8    29   447    22   434     9   450 0.94 length=1052	scaffold=scaffold00118	strand=+
994_g                -           1052 2216at5820           -            639  1.2e-283  940.2  90.2   2   3     1e-11   6.6e-09   32.6  23.3   368   504   471   633   447   669 0.64 length=1052	scaffold=scaffold00118	strand=+
994_g                -           1052 2216at5820           -            639  1.2e-283  940.2  90.2   3   3   8.5e-55   5.7e-52  174.9  28.2   381   629   750  1017   730  1022 0.75 length=1052	scaffold=scaffold00118	strand=+
2251_g               -           1276 2216at5820           -            639     5e-48  161.8  19.4   1   3   7.5e-51     5e-48  161.8  19.4    20   385   314   680   298   811 0.79 length=1276	scaffold=scaffold00441	strand=+
2251_g               -           1276 2216at5820           -            639     5e-48  161.8  19.4   2   3       4.9   3.3e+03   -6.0   8.9   340   458   903  1028   883  1059 0.65 length=1276	scaffold=scaffold00441	strand=+
2251_g               -           1276 2216at5820           -            639     5e-48  161.8  19.4   3   3       2.3   1.5e+03   -4.9   7.3   355   455  1147  1251  1116  1269 0.66 length=1276	scaffold=scaffold00441	strand=+
3528_g               -           1394 2216at5820           -            639   6.2e-46  154.9  34.9   1   3         6     4e+03  -11.3  16.1   286   423   185   323   159   379 0.68 length=1394	scaffold=scaffold01157	strand=+
3528_g               -           1394 2216at5820           -            639   6.2e-46  154.9  34.9   2   3         1   6.7e+02   -3.8  12.5   398   474   404   481   363   485 0.77 length=1394	scaffold=scaffold01157	strand=+
3528_g               -           1394 2216at5820           -            639   6.2e-46  154.9  34.9   3   3   9.3e-49   6.2e-46  154.9  34.9    23   488   832  1297   816  1392 0.69 length=1394	scaffold=scaffold01157	strand=+
176_g                -           1407 2216at5820           -            639   2.8e-30  103.2  57.0   1   6   3.3e-15   2.2e-12   44.1   7.4    24   136     7   116     2   170 0.82 length=1407	scaffold=scaffold00011	strand=-
176_g                -           1407 2216at5820           -            639   2.8e-30  103.2  57.0   2   6   1.8e-24   1.2e-21   74.7  41.6   168   597   217   673   174   675 0.70 length=1407	scaffold=scaffold00011	strand=-
176_g                -           1407 2216at5820           -            639   2.8e-30  103.2  57.0   3   6         6     4e+03   -9.2  14.1   418   553   585   720   576   738 0.74 length=1407	scaffold=scaffold00011	strand=-
176_g                -           1407 2216at5820           -            639   2.8e-30  103.2  57.0   4   6         6     4e+03  -18.4  28.1   383   590   760   970   731   994 0.69 length=1407	scaffold=scaffold00011	strand=-
176_g                -           1407 2216at5820           -            639   2.8e-30  103.2  57.0   5   6         6     4e+03   -7.2   8.0   428   533   954  1071   944  1115 0.50 length=1407	scaffold=scaffold00011	strand=-
176_g                -           1407 2216at5820           -            639   2.8e-30  103.2  57.0   6   6       1.5     1e+03   -4.3   1.7   478   513  1178  1215  1150  1245 0.44 length=1407	scaffold=scaffold00011	strand=-
1078_g               -           1469 2216at5820           -            639   2.6e-26   90.1   4.0   1   3     4e-29   2.6e-26   90.1   4.0    12   379     5   431     1   442 0.72 length=1469	scaffold=scaffold00136	strand=+
1078_g               -           1469 2216at5820           -            639   2.6e-26   90.1   4.0   2   3         6     4e+03  -10.5   9.9   430   486  1102  1158  1002  1253 0.51 length=1469	scaffold=scaffold00136	strand=+
1078_g               -           1469 2216at5820           -            639   2.6e-26   90.1   4.0   3   3      0.58   3.8e+02   -3.0   1.4   221   286  1312  1378  1286  1382 0.61 length=1469	scaffold=scaffold00136	strand=+
2808_g               -            902 2216at5820           -            639   2.4e-19   67.1  17.7   1   2   3.6e-22   2.4e-19   67.1  17.7    24   368    42   391    24   419 0.76 length=902	scaffold=scaffold00682	strand=-	adjustedToFrame=2
2808_g               -            902 2216at5820           -            639   2.4e-19   67.1  17.7   2   2       1.4   9.3e+02   -4.2   4.1   473   546   478   553   435   569 0.58 length=902	scaffold=scaffold00682	strand=-	adjustedToFrame=2
#
# Program:         hmmsearch
# Version:         3.1b2 (February 2015)
# Pipeline mode:   SEARCH
# Query file:      /export/home/bio1901/Documents/29_BINP/OrthoSearch/busco_downloads/lineages/plasmodium_odb10/hmms/2216at5820.hmm
# Target file:     Results/1_GeneSequences/PB.faa
# Option settings: /home/users/bio1901/miniconda3/envs/busco/bin/hmmsearch --domtblout /export/home/bio1901/Documents/29_BINP/OrthoSearch/PB/run_plasmodium_odb10/hmmer_output/2216at5820.out --cpu 1 /export/home/bio1901/Documents/29_BINP/OrthoSearch/busco_downloads/lineages/plasmodium_odb10/hmms/2216at5820.hmm Results/1_GeneSequences/PB.faa 
# Current dir:     /export/home/bio1901/Documents/29_BINP/OrthoSearch
# Date:            Sun Mar 15 17:49:58 2020
# [ok]
