#                                                                            --- full sequence --- -------------- this domain -------------   hmm coord   ali coord   env coord
# target name        accession   tlen query name           accession   qlen   E-value  score  bias   #  of  c-Evalue  i-Evalue  score  bias  from    to  from    to  from    to  acc description of target
#------------------- ---------- ----- -------------------- ---------- ----- --------- ------ ----- --- --- --------- --------- ------ ----- ----- ----- ----- ----- ----- ----- ---- ---------------------
1307_g               -           3976 221at5820            -           2863         0 2173.7 594.7   1   8   7.4e-21   1.5e-18   62.9  30.7    37   246     1   216     1   219 0.57 length=3976	scaffold=scaffold00182	strand=-
1307_g               -           3976 221at5820            -           2863         0 2173.7 594.7   2   8  5.6e-248  1.1e-245  816.4 141.0   137  1131   181  1286   177  1292 0.72 length=3976	scaffold=scaffold00182	strand=-
1307_g               -           3976 221at5820            -           2863         0 2173.7 594.7   3   8     4e-18   8.1e-16   53.8   6.6  1292  1365  1530  1605  1524  1637 0.80 length=3976	scaffold=scaffold00182	strand=-
1307_g               -           3976 221at5820            -           2863         0 2173.7 594.7   4   8     6e-50   1.2e-47  159.4  83.3  1410  1746  1743  2249  1663  2296 0.76 length=3976	scaffold=scaffold00182	strand=-
1307_g               -           3976 221at5820            -           2863         0 2173.7 594.7   5   8       3.2   6.3e+02   -5.6   5.9   449   501  2253  2307  2247  2319 0.38 length=3976	scaffold=scaffold00182	strand=-
1307_g               -           3976 221at5820            -           2863         0 2173.7 594.7   6   8   3.5e-14   7.1e-12   40.7  17.0  1758  1838  2321  2427  2309  2455 0.70 length=3976	scaffold=scaffold00182	strand=-
1307_g               -           3976 221at5820            -           2863         0 2173.7 594.7   7   8  2.5e-144  4.9e-142  472.5  70.0  1842  2454  2469  3139  2448  3163 0.53 length=3976	scaffold=scaffold00182	strand=-
1307_g               -           3976 221at5820            -           2863         0 2173.7 594.7   8   8  4.5e-188    9e-186  617.7 119.0  2221  2863  3238  3975  3180  3975 0.64 length=3976	scaffold=scaffold00182	strand=-
3174_g               -            386 221at5820            -           2863    0.0011   13.5  46.4   1   1   6.6e-06    0.0013   13.3  46.4  2309  2501    75   286    13   303 0.61 length=386	scaffold=scaffold00896	strand=+
3427_g               -            191 221at5820            -           2863     0.039    8.4  34.4   1   1   0.00021     0.043    8.2  34.4  2296  2445     3   151     1   179 0.59 length=191	scaffold=scaffold01077	strand=+	adjustedToFrame=3
1005_g               -            242 221at5820            -           2863      0.11    6.9  36.5   1   1   0.00065      0.13    6.6  36.5   137   229     4   127     1   205 0.38 length=242	scaffold=scaffold00121	strand=+
1330_g               -            275 221at5820            -           2863      0.16    6.3  44.1   1   1     0.001      0.21    6.0  44.1  1146  1298     3   172     1   185 0.60 length=275	scaffold=scaffold00187	strand=-
2094_g               -            104 221at5820            -           2863      0.18    6.2  15.8   1   1   0.00085      0.17    6.3  15.8   188  2380    46    96     8   103 0.35 length=104	scaffold=scaffold00390	strand=+
872_g                -            475 221at5820            -           2863      0.53    4.6  78.7   1   1    0.0035       0.7    4.2  78.7  2151  2452    38   348    14   400 0.35 length=475	scaffold=scaffold00100	strand=-
2214_g               -            136 221at5820            -           2863      0.56    4.5  30.2   1   1    0.0029      0.58    4.5  30.2  2306  2369     7    83     1   126 0.32 length=136	scaffold=scaffold00428	strand=-
4083_g               -            223 221at5820            -           2863      0.83    4.0  59.0   1   1    0.0049      0.97    3.8  59.0  2153  2365    10   222     2   222 0.47 length=223	scaffold=scaffold01677	strand=-	adjustedToFrame=3
4026_g               -            178 221at5820            -           2863         2    2.7  24.4   1   1     0.011       2.2    2.5  24.4   155   263    65   165    26   174 0.48 length=178	scaffold=scaffold01615	strand=-
3756_g               -            275 221at5820            -           2863       2.2    2.6  51.3   1   1     0.014       2.9    2.2  51.3  2157  2315   104   264    86   273 0.32 length=275	scaffold=scaffold01357	strand=-
2532_g               -            149 221at5820            -           2863       2.9    2.2  23.9   1   1     0.016       3.2    2.0  23.9  1190  2384     5    85     1   112 0.27 length=149	scaffold=scaffold00549	strand=+	adjustedToFrame=2
2517_g               -            112 221at5820            -           2863       3.2    2.0  27.6   1   1     0.017       3.3    2.0  27.6  2304  2381    24   101     4   110 0.42 length=112	scaffold=scaffold00543	strand=+
2737_g               -            434 221at5820            -           2863       3.3    2.0  33.9   1   1     0.024       4.8    1.4  33.9   149   288    32   166    10   183 0.41 length=434	scaffold=scaffold00642	strand=+
2766_g               -            284 221at5820            -           2863       4.4    1.6  51.1   1   1     0.027       5.4    1.3  51.1  2206  2433    41   266    12   277 0.51 length=284	scaffold=scaffold00658	strand=-
3830_g               -            330 221at5820            -           2863         5    1.4  85.8   1   1     0.027       5.5    1.3  85.8  2227  2456    84   326     3   329 0.40 length=330	scaffold=scaffold01424	strand=-	adjustedToFrame=2
2149_g               -            276 221at5820            -           2863       5.5    1.3  40.1   1   1     0.038       7.5    0.8  40.1  2193  2459   112   255    31   275 0.34 length=276	scaffold=scaffold00407	strand=+
2664_g               -            244 221at5820            -           2863       6.4    1.0  45.9   1   1     0.034       6.7    1.0  45.9  2310  2468    63   223    19   243 0.36 length=244	scaffold=scaffold00607	strand=-
1680_g               -            237 221at5820            -           2863       6.8    0.9  48.7   1   1     0.041       8.2    0.7  48.7  2334  2509    33   227     8   235 0.60 length=237	scaffold=scaffold00269	strand=+
370_g                -            157 221at5820            -           2863       8.3    0.7  49.4   1   1     0.047       9.3    0.5  49.4   144   257    16   130     7   155 0.33 length=157	scaffold=scaffold00031	strand=-
#
# Program:         hmmsearch
# Version:         3.1b2 (February 2015)
# Pipeline mode:   SEARCH
# Query file:      /export/home/bio1901/Documents/29_BINP/OrthoSearch/busco_downloads/lineages/plasmodium_odb10/hmms/221at5820.hmm
# Target file:     Results/1_GeneSequences/PB.faa
# Option settings: /home/users/bio1901/miniconda3/envs/busco/bin/hmmsearch --domtblout /export/home/bio1901/Documents/29_BINP/OrthoSearch/PB/run_plasmodium_odb10/hmmer_output/221at5820.out --cpu 1 /export/home/bio1901/Documents/29_BINP/OrthoSearch/busco_downloads/lineages/plasmodium_odb10/hmms/221at5820.hmm Results/1_GeneSequences/PB.faa 
# Current dir:     /export/home/bio1901/Documents/29_BINP/OrthoSearch
# Date:            Sun Mar 15 17:50:33 2020
# [ok]
