#                                                                            --- full sequence --- -------------- this domain -------------   hmm coord   ali coord   env coord
# target name        accession   tlen query name           accession   qlen   E-value  score  bias   #  of  c-Evalue  i-Evalue  score  bias  from    to  from    to  from    to  acc description of target
#------------------- ---------- ----- -------------------- ---------- ----- --------- ------ ----- --- --- --------- --------- ------ ----- ----- ----- ----- ----- ----- ----- ---- ---------------------
2354_g               -           1231 2224at5820           -           2255  9.8e-102  339.2  98.2   1   7   1.9e-16   2.5e-13   45.9  21.1  1742  1832    32   120    13   146 0.72 length=1231	scaffold=scaffold00483	strand=+
2354_g               -           1231 2224at5820           -           2255  9.8e-102  339.2  98.2   2   7         3     4e+03  -20.3  28.6   251   370   164   279   152   302 0.60 length=1231	scaffold=scaffold00483	strand=+
2354_g               -           1231 2224at5820           -           2255  9.8e-102  339.2  98.2   3   7         3     4e+03  -15.8  22.5   227   316   307   394   282   432 0.66 length=1231	scaffold=scaffold00483	strand=+
2354_g               -           1231 2224at5820           -           2255  9.8e-102  339.2  98.2   4   7         3     4e+03  -20.6  27.3   229   316   491   583   465   596 0.54 length=1231	scaffold=scaffold00483	strand=+
2354_g               -           1231 2224at5820           -           2255  9.8e-102  339.2  98.2   5   7   1.4e-19   1.8e-16   56.3   7.8  1805  1873   587   655   583   666 0.89 length=1231	scaffold=scaffold00483	strand=+
2354_g               -           1231 2224at5820           -           2255  9.8e-102  339.2  98.2   6   7   2.1e-27   2.8e-24   82.3  23.7  1875  2010   691   842   686   863 0.83 length=1231	scaffold=scaffold00483	strand=+
2354_g               -           1231 2224at5820           -           2255  9.8e-102  339.2  98.2   7   7   3.9e-63   5.1e-60  200.8  21.6  1993  2255   938  1230   908  1230 0.79 length=1231	scaffold=scaffold00483	strand=+
2669_g               -           2844 2224at5820           -           2255     3e-73  244.7 189.5   1  10   6.4e-36   8.5e-33  110.5  27.9     2   310     2   340     1   390 0.70 length=2844	scaffold=scaffold00608	strand=-
2669_g               -           2844 2224at5820           -           2255     3e-73  244.7 189.5   2  10         3     4e+03  -35.3  51.9   234   397   433   602   400   645 0.51 length=2844	scaffold=scaffold00608	strand=-
2669_g               -           2844 2224at5820           -           2255     3e-73  244.7 189.5   3  10         3     4e+03  -16.2  33.6   301   468   736   901   719   903 0.59 length=2844	scaffold=scaffold00608	strand=-
2669_g               -           2844 2224at5820           -           2255     3e-73  244.7 189.5   4  10   7.8e-32     1e-28   97.0 100.9   212   569   818  1223   814  1237 0.63 length=2844	scaffold=scaffold00608	strand=-
2669_g               -           2844 2224at5820           -           2255     3e-73  244.7 189.5   5  10         3     4e+03  -21.2  28.5   925  1105  1321  1510  1244  1530 0.65 length=2844	scaffold=scaffold00608	strand=-
2669_g               -           2844 2224at5820           -           2255     3e-73  244.7 189.5   6  10         3     4e+03  -28.4  38.0   231   417  1537  1728  1521  1745 0.66 length=2844	scaffold=scaffold00608	strand=-
2669_g               -           2844 2224at5820           -           2255     3e-73  244.7 189.5   7  10   2.2e-07   0.00029   15.9   6.8   561   671  1744  1863  1731  1882 0.76 length=2844	scaffold=scaffold00608	strand=-
2669_g               -           2844 2224at5820           -           2255     3e-73  244.7 189.5   8  10   1.7e-17   2.3e-14   49.4  31.3   689  1128  2014  2486  1968  2509 0.62 length=2844	scaffold=scaffold00608	strand=-
2669_g               -           2844 2224at5820           -           2255     3e-73  244.7 189.5   9  10   6.5e-14   8.7e-11   37.5   5.4  1110  1231  2609  2744  2559  2754 0.71 length=2844	scaffold=scaffold00608	strand=-
2669_g               -           2844 2224at5820           -           2255     3e-73  244.7 189.5  10  10    0.0094        12    0.5   5.9  1204  1258  2752  2806  2745  2838 0.79 length=2844	scaffold=scaffold00608	strand=-
2668_g               -            636 2224at5820           -           2255   2.2e-58  195.4  78.0   1   4     1e-30   1.3e-27   93.3  13.6  1292  1420    29   156     3   181 0.78 length=636	scaffold=scaffold00608	strand=-
2668_g               -            636 2224at5820           -           2255   2.2e-58  195.4  78.0   2   4   8.9e-16   1.2e-12   43.7  23.7  1398  1554   183   345   169   377 0.78 length=636	scaffold=scaffold00608	strand=-
2668_g               -            636 2224at5820           -           2255   2.2e-58  195.4  78.0   3   4   2.3e-05      0.03    9.2  10.6  1545  1645   394   502   344   507 0.70 length=636	scaffold=scaffold00608	strand=-
2668_g               -            636 2224at5820           -           2255   2.2e-58  195.4  78.0   4   4   1.1e-21   1.4e-18   63.4  12.2  1614  1723   510   624   493   636 0.84 length=636	scaffold=scaffold00608	strand=-
#
# Program:         hmmsearch
# Version:         3.1b2 (February 2015)
# Pipeline mode:   SEARCH
# Query file:      /export/home/bio1901/Documents/29_BINP/OrthoSearch/busco_downloads/lineages/plasmodium_odb10/hmms/2224at5820.hmm
# Target file:     Results/1_GeneSequences/PB.faa
# Option settings: /home/users/bio1901/miniconda3/envs/busco/bin/hmmsearch --domtblout /export/home/bio1901/Documents/29_BINP/OrthoSearch/PB/run_plasmodium_odb10/hmmer_output/2224at5820.out --cpu 1 /export/home/bio1901/Documents/29_BINP/OrthoSearch/busco_downloads/lineages/plasmodium_odb10/hmms/2224at5820.hmm Results/1_GeneSequences/PB.faa 
# Current dir:     /export/home/bio1901/Documents/29_BINP/OrthoSearch
# Date:            Sun Mar 15 17:50:37 2020
# [ok]
