#                                                                            --- full sequence --- -------------- this domain -------------   hmm coord   ali coord   env coord
# target name        accession   tlen query name           accession   qlen   E-value  score  bias   #  of  c-Evalue  i-Evalue  score  bias  from    to  from    to  from    to  acc description of target
#------------------- ---------- ----- -------------------- ---------- ----- --------- ------ ----- --- --- --------- --------- ------ ----- ----- ----- ----- ----- ----- ----- ---- ---------------------
660_g                -           1305 2233at5820           -            734  1.2e-291  967.3 161.4   1   6   3.1e-83   4.1e-80  267.9  17.1     5   181    48   224    43   232 0.97 length=1305	scaffold=scaffold00068	strand=+
660_g                -           1305 2233at5820           -            734  1.2e-291  967.3 161.4   2   6   9.5e-41   1.3e-37  127.5   3.2   176   259   340   423   313   432 0.92 length=1305	scaffold=scaffold00068	strand=+
660_g                -           1305 2233at5820           -            734  1.2e-291  967.3 161.4   3   6     6e-71     8e-68  227.3  13.3   253   390   504   643   476   662 0.90 length=1305	scaffold=scaffold00068	strand=+
660_g                -           1305 2233at5820           -            734  1.2e-291  967.3 161.4   4   6   6.2e-17   8.3e-14   48.7  39.7   379   538   703   875   692   914 0.51 length=1305	scaffold=scaffold00068	strand=+
660_g                -           1305 2233at5820           -            734  1.2e-291  967.3 161.4   5   6   3.5e-65   4.6e-62  208.3  38.9   441   653   936  1158   925  1174 0.88 length=1305	scaffold=scaffold00068	strand=+
660_g                -           1305 2233at5820           -            734  1.2e-291  967.3 161.4   6   6   3.9e-37   5.2e-34  115.5   9.6   610   733  1179  1303  1165  1304 0.84 length=1305	scaffold=scaffold00068	strand=+
2962_g               -            640 2233at5820           -            734   8.1e-21   71.9   6.8   1   6         3     4e+03  -10.3  17.4   430   535     2   117     1   137 0.62 length=640	scaffold=scaffold00763	strand=-
2962_g               -            640 2233at5820           -            734   8.1e-21   71.9   6.8   2   6   7.5e-09     1e-05   22.0   0.0   110   149   155   194   137   200 0.85 length=640	scaffold=scaffold00763	strand=-
2962_g               -            640 2233at5820           -            734   8.1e-21   71.9   6.8   3   6   8.4e-20   1.1e-16   58.2   4.9   213   336   199   321   193   333 0.92 length=640	scaffold=scaffold00763	strand=-
2962_g               -            640 2233at5820           -            734   8.1e-21   71.9   6.8   4   6     0.013        18    1.4  15.6   413   476   351   413   336   425 0.73 length=640	scaffold=scaffold00763	strand=-
2962_g               -            640 2233at5820           -            734   8.1e-21   71.9   6.8   5   6         3     4e+03  -18.2  25.7   443   498   420   480   408   500 0.52 length=640	scaffold=scaffold00763	strand=-
2962_g               -            640 2233at5820           -            734   8.1e-21   71.9   6.8   6   6         3     4e+03  -10.8  17.5   155   211   544   599   532   613 0.72 length=640	scaffold=scaffold00763	strand=-
1703_g               -            484 2233at5820           -            734   1.4e-17   61.2  18.6   1   2   1.4e-18   1.9e-15   54.2  18.2    56   349   120   402    73   423 0.73 length=484	scaffold=scaffold00275	strand=+
1703_g               -            484 2233at5820           -            734   1.4e-17   61.2  18.6   2   2     0.016        22    1.1   0.3   420   464   386   430   384   440 0.89 length=484	scaffold=scaffold00275	strand=+
#
# Program:         hmmsearch
# Version:         3.1b2 (February 2015)
# Pipeline mode:   SEARCH
# Query file:      /export/home/bio1901/Documents/29_BINP/OrthoSearch/busco_downloads/lineages/plasmodium_odb10/hmms/2233at5820.hmm
# Target file:     Results/1_GeneSequences/PB.faa
# Option settings: /home/users/bio1901/miniconda3/envs/busco/bin/hmmsearch --domtblout /export/home/bio1901/Documents/29_BINP/OrthoSearch/PB/run_plasmodium_odb10/hmmer_output/2233at5820.out --cpu 1 /export/home/bio1901/Documents/29_BINP/OrthoSearch/busco_downloads/lineages/plasmodium_odb10/hmms/2233at5820.hmm Results/1_GeneSequences/PB.faa 
# Current dir:     /export/home/bio1901/Documents/29_BINP/OrthoSearch
# Date:            Sun Mar 15 17:50:37 2020
# [ok]
