#                                                                            --- full sequence --- -------------- this domain -------------   hmm coord   ali coord   env coord
# target name        accession   tlen query name           accession   qlen   E-value  score  bias   #  of  c-Evalue  i-Evalue  score  bias  from    to  from    to  from    to  acc description of target
#------------------- ---------- ----- -------------------- ---------- ----- --------- ------ ----- --- --- --------- --------- ------ ----- ----- ----- ----- ----- ----- ----- ---- ---------------------
2958_g               -           2052 224at5820            -           1959         0 1249.6 260.8   1   8     5e-49     1e-45  153.5  15.5   768   876    49   157    37   181 0.93 length=2052	scaffold=scaffold00761	strand=-
2958_g               -           2052 224at5820            -           1959         0 1249.6 260.8   2   8   8.1e-28   1.6e-24   83.1  17.6   866   964   198   301   187   307 0.83 length=2052	scaffold=scaffold00761	strand=-
2958_g               -           2052 224at5820            -           1959         0 1249.6 260.8   3   8   6.1e-54   1.2e-50  169.8  27.9   949  1082   307   440   302   456 0.96 length=2052	scaffold=scaffold00761	strand=-
2958_g               -           2052 224at5820            -           1959         0 1249.6 260.8   4   8   2.4e-23   4.8e-20   68.3   6.0  1083  1156   470   543   462   575 0.84 length=2052	scaffold=scaffold00761	strand=-
2958_g               -           2052 224at5820            -           1959         0 1249.6 260.8   5   8   8.1e-13   1.6e-09   33.4   4.9  1173  1247   736   812   700   823 0.69 length=2052	scaffold=scaffold00761	strand=-
2958_g               -           2052 224at5820            -           1959         0 1249.6 260.8   6   8  1.5e-208    3e-205  682.5 102.2  1216  1797   836  1431   814  1511 0.81 length=2052	scaffold=scaffold00761	strand=-
2958_g               -           2052 224at5820            -           1959         0 1249.6 260.8   7   8   1.5e-05      0.03    9.3   7.0  1743  1822  1504  1581  1494  1644 0.75 length=2052	scaffold=scaffold00761	strand=-
2958_g               -           2052 224at5820            -           1959         0 1249.6 260.8   8   8   7.3e-30   1.5e-26   89.9  28.0  1738  1958  1822  2050  1803  2051 0.76 length=2052	scaffold=scaffold00761	strand=-
2992_g               -           1465 224at5820            -           1959  1.8e-279  928.5 163.8   1   7  2.5e-138  4.9e-135  449.6  30.5     1   264     1   264     1   271 0.99 length=1465	scaffold=scaffold00780	strand=-
2992_g               -           1465 224at5820            -           1959  1.8e-279  928.5 163.8   2   7         2     4e+03  -22.7  24.9  1133  1274   375   517   306   531 0.54 length=1465	scaffold=scaffold00780	strand=-
2992_g               -           1465 224at5820            -           1959  1.8e-279  928.5 163.8   3   7     6e-85   1.2e-81  272.6  56.2   249   510   544   818   507   823 0.90 length=1465	scaffold=scaffold00780	strand=-
2992_g               -           1465 224at5820            -           1959  1.8e-279  928.5 163.8   4   7         2     4e+03  -11.2  11.6  1801  1869   886   959   821   967 0.63 length=1465	scaffold=scaffold00780	strand=-
2992_g               -           1465 224at5820            -           1959  1.8e-279  928.5 163.8   5   7     9e-37   1.8e-33  112.8  23.7   502   616   972  1087   956  1100 0.86 length=1465	scaffold=scaffold00780	strand=-
2992_g               -           1465 224at5820            -           1959  1.8e-279  928.5 163.8   6   7   4.2e-45   8.4e-42  140.4  29.6   611   769  1166  1326  1152  1341 0.91 length=1465	scaffold=scaffold00780	strand=-
2992_g               -           1465 224at5820            -           1959  1.8e-279  928.5 163.8   7   7         2     4e+03   -8.4   7.0  1219  1276  1351  1410  1342  1433 0.58 length=1465	scaffold=scaffold00780	strand=-
#
# Program:         hmmsearch
# Version:         3.1b2 (February 2015)
# Pipeline mode:   SEARCH
# Query file:      /export/home/bio1901/Documents/29_BINP/OrthoSearch/busco_downloads/lineages/plasmodium_odb10/hmms/224at5820.hmm
# Target file:     Results/1_GeneSequences/PB.faa
# Option settings: /home/users/bio1901/miniconda3/envs/busco/bin/hmmsearch --domtblout /export/home/bio1901/Documents/29_BINP/OrthoSearch/PB/run_plasmodium_odb10/hmmer_output/224at5820.out --cpu 1 /export/home/bio1901/Documents/29_BINP/OrthoSearch/busco_downloads/lineages/plasmodium_odb10/hmms/224at5820.hmm Results/1_GeneSequences/PB.faa 
# Current dir:     /export/home/bio1901/Documents/29_BINP/OrthoSearch
# Date:            Sun Mar 15 17:50:44 2020
# [ok]
