#                                                                            --- full sequence --- -------------- this domain -------------   hmm coord   ali coord   env coord
# target name        accession   tlen query name           accession   qlen   E-value  score  bias   #  of  c-Evalue  i-Evalue  score  bias  from    to  from    to  from    to  acc description of target
#------------------- ---------- ----- -------------------- ---------- ----- --------- ------ ----- --- --- --------- --------- ------ ----- ----- ----- ----- ----- ----- ----- ---- ---------------------
2038_g               -           1582 2263at5820           -            755  5.6e-268  889.0 175.1   1  10     0.037   1.5e+02   -1.8   0.6     1    34    48    86    48    97 0.70 length=1582	scaffold=scaffold00371	strand=-
2038_g               -           1582 2263at5820           -            755  5.6e-268  889.0 175.1   2  10     0.034   1.4e+02   -1.7   1.8   212   239    83   110    67   120 0.64 length=1582	scaffold=scaffold00371	strand=-
2038_g               -           1582 2263at5820           -            755  5.6e-268  889.0 175.1   3  10   1.8e-18     7e-15   52.2   7.7    26    87   117   182    94   239 0.75 length=1582	scaffold=scaffold00371	strand=-
2038_g               -           1582 2263at5820           -            755  5.6e-268  889.0 175.1   4  10         1     4e+03   -8.0   7.1   369   415   313   358   261   382 0.50 length=1582	scaffold=scaffold00371	strand=-
2038_g               -           1582 2263at5820           -            755  5.6e-268  889.0 175.1   5  10   9.4e-06     0.038   10.1   6.4    86   139   402   463   384   467 0.68 length=1582	scaffold=scaffold00371	strand=-
2038_g               -           1582 2263at5820           -            755  5.6e-268  889.0 175.1   6  10   1.2e-23   4.7e-20   69.2   5.9    88   192   468   570   462   588 0.73 length=1582	scaffold=scaffold00371	strand=-
2038_g               -           1582 2263at5820           -            755  5.6e-268  889.0 175.1   7  10   1.2e-15   4.7e-12   42.8   6.1   195   252   610   668   604   712 0.75 length=1582	scaffold=scaffold00371	strand=-
2038_g               -           1582 2263at5820           -            755  5.6e-268  889.0 175.1   8  10   2.5e-60   9.9e-57  190.5  31.2   230   409   738   918   729   978 0.80 length=1582	scaffold=scaffold00371	strand=-
2038_g               -           1582 2263at5820           -            755  5.6e-268  889.0 175.1   9  10  2.2e-145  8.6e-142  471.8  46.5   367   666  1088  1408   923  1423 0.86 length=1582	scaffold=scaffold00371	strand=-
2038_g               -           1582 2263at5820           -            755  5.6e-268  889.0 175.1  10  10   2.1e-32   8.5e-29   98.2   9.7   650   755  1449  1574  1429  1574 0.81 length=1582	scaffold=scaffold00371	strand=-
#
# Program:         hmmsearch
# Version:         3.1b2 (February 2015)
# Pipeline mode:   SEARCH
# Query file:      /export/home/bio1901/Documents/29_BINP/OrthoSearch/busco_downloads/lineages/plasmodium_odb10/hmms/2263at5820.hmm
# Target file:     Results/1_GeneSequences/PB.faa
# Option settings: /home/users/bio1901/miniconda3/envs/busco/bin/hmmsearch --domtblout /export/home/bio1901/Documents/29_BINP/OrthoSearch/PB/run_plasmodium_odb10/hmmer_output/2263at5820.out --cpu 1 /export/home/bio1901/Documents/29_BINP/OrthoSearch/busco_downloads/lineages/plasmodium_odb10/hmms/2263at5820.hmm Results/1_GeneSequences/PB.faa 
# Current dir:     /export/home/bio1901/Documents/29_BINP/OrthoSearch
# Date:            Sun Mar 15 17:50:45 2020
# [ok]
