#                                                                            --- full sequence --- -------------- this domain -------------   hmm coord   ali coord   env coord
# target name        accession   tlen query name           accession   qlen   E-value  score  bias   #  of  c-Evalue  i-Evalue  score  bias  from    to  from    to  from    to  acc description of target
#------------------- ---------- ----- -------------------- ---------- ----- --------- ------ ----- --- --- --------- --------- ------ ----- ----- ----- ----- ----- ----- ----- ---- ---------------------
2141_g               -           1066 2273at5820           -            873         0 1343.6  76.2   1   3   1.2e-77   1.5e-74  249.6   9.7    17   188    17   199    11   212 0.90 length=1066	scaffold=scaffold00404	strand=-
2141_g               -           1066 2273at5820           -            873         0 1343.6  76.2   2   3  9.8e-196  1.3e-192  640.2  33.5   185   634   231   737   200   757 0.89 length=1066	scaffold=scaffold00404	strand=-
2141_g               -           1066 2273at5820           -            873         0 1343.6  76.2   3   3  2.4e-140  3.1e-137  457.0  21.0   546   869   734  1065   729  1065 0.82 length=1066	scaffold=scaffold00404	strand=-
1160_g               -           1320 2273at5820           -            873   3.6e-22   76.3  36.6   1   7    0.0031       4.1    3.3   7.4   112   195    39   120    13   133 0.80 length=1320	scaffold=scaffold00153	strand=+
1160_g               -           1320 2273at5820           -            873   3.6e-22   76.3  36.6   2   7         3     4e+03  -11.2  12.6   539   594   136   187   117   238 0.39 length=1320	scaffold=scaffold00153	strand=+
1160_g               -           1320 2273at5820           -            873   3.6e-22   76.3  36.6   3   7         3     4e+03  -15.4  21.1   522   633   245   356   229   396 0.58 length=1320	scaffold=scaffold00153	strand=+
1160_g               -           1320 2273at5820           -            873   3.6e-22   76.3  36.6   4   7         3     4e+03   -9.7  11.5   555   621   448   516   403   572 0.59 length=1320	scaffold=scaffold00153	strand=+
1160_g               -           1320 2273at5820           -            873   3.6e-22   76.3  36.6   5   7         3     4e+03  -15.2  18.0   532   650   483   613   464   637 0.43 length=1320	scaffold=scaffold00153	strand=+
1160_g               -           1320 2273at5820           -            873   3.6e-22   76.3  36.6   6   7   2.7e-25   3.6e-22   76.3  36.6    63   552   608  1096   593  1113 0.72 length=1320	scaffold=scaffold00153	strand=+
1160_g               -           1320 2273at5820           -            873   3.6e-22   76.3  36.6   7   7      0.11   1.5e+02   -1.8   6.0   130   185  1224  1285  1155  1302 0.57 length=1320	scaffold=scaffold00153	strand=+
750_g                -            466 2273at5820           -            873   7.9e-06   22.2   0.2   1   1   1.3e-08   1.7e-05   21.1   0.2   136   266    75   222    57   238 0.73 length=466	scaffold=scaffold00080	strand=-
#
# Program:         hmmsearch
# Version:         3.1b2 (February 2015)
# Pipeline mode:   SEARCH
# Query file:      /export/home/bio1901/Documents/29_BINP/OrthoSearch/busco_downloads/lineages/plasmodium_odb10/hmms/2273at5820.hmm
# Target file:     Results/1_GeneSequences/PB.faa
# Option settings: /home/users/bio1901/miniconda3/envs/busco/bin/hmmsearch --domtblout /export/home/bio1901/Documents/29_BINP/OrthoSearch/PB/run_plasmodium_odb10/hmmer_output/2273at5820.out --cpu 1 /export/home/bio1901/Documents/29_BINP/OrthoSearch/busco_downloads/lineages/plasmodium_odb10/hmms/2273at5820.hmm Results/1_GeneSequences/PB.faa 
# Current dir:     /export/home/bio1901/Documents/29_BINP/OrthoSearch
# Date:            Sun Mar 15 17:50:54 2020
# [ok]
