#                                                                            --- full sequence --- -------------- this domain -------------   hmm coord   ali coord   env coord
# target name        accession   tlen query name           accession   qlen   E-value  score  bias   #  of  c-Evalue  i-Evalue  score  bias  from    to  from    to  from    to  acc description of target
#------------------- ---------- ----- -------------------- ---------- ----- --------- ------ ----- --- --- --------- --------- ------ ----- ----- ----- ----- ----- ----- ----- ---- ---------------------
1105_g               -           1165 2334at5820           -            693  7.1e-262  868.5 100.0   1   5  1.5e-128    3e-125  416.9  29.1     1   316     1   320     1   333 0.94 length=1165	scaffold=scaffold00142	strand=-
1105_g               -           1165 2334at5820           -            693  7.1e-262  868.5 100.0   2   5      0.16   3.2e+02   -3.0  15.0   254   395   349   496   325   508 0.55 length=1165	scaffold=scaffold00142	strand=-
1105_g               -           1165 2334at5820           -            693  7.1e-262  868.5 100.0   3   5    0.0028       5.5    2.9  20.3   306   389   507   595   486   659 0.59 length=1165	scaffold=scaffold00142	strand=-
1105_g               -           1165 2334at5820           -            693  7.1e-262  868.5 100.0   4   5   3.9e-85   7.8e-82  273.4   8.5   358   575   708   931   671   945 0.87 length=1165	scaffold=scaffold00142	strand=-
1105_g               -           1165 2334at5820           -            693  7.1e-262  868.5 100.0   5   5   2.7e-62   5.3e-59  197.9   0.9   567   691  1008  1132   993  1134 0.94 length=1165	scaffold=scaffold00142	strand=-
2843_g               -           1415 2334at5820           -            693   2.2e-10   37.2  33.7   1   7   1.5e-08     3e-05   20.3  11.5    11   250     5   246     1   257 0.61 length=1415	scaffold=scaffold00698	strand=+
2843_g               -           1415 2334at5820           -            693   2.2e-10   37.2  33.7   2   7     0.011        23    0.8  13.5   259   386   318   453   306   459 0.61 length=1415	scaffold=scaffold00698	strand=+
2843_g               -           1415 2334at5820           -            693   2.2e-10   37.2  33.7   3   7       1.3   2.6e+03   -5.9   4.5   374   400   518   544   471   587 0.55 length=1415	scaffold=scaffold00698	strand=+
2843_g               -           1415 2334at5820           -            693   2.2e-10   37.2  33.7   4   7         2     4e+03   -6.6   9.7   304   387   624   707   605   722 0.75 length=1415	scaffold=scaffold00698	strand=+
2843_g               -           1415 2334at5820           -            693   2.2e-10   37.2  33.7   5   7      0.25     5e+02   -3.6  11.5   292   391   792   891   773   912 0.77 length=1415	scaffold=scaffold00698	strand=+
2843_g               -           1415 2334at5820           -            693   2.2e-10   37.2  33.7   6   7   2.9e-12   5.7e-09   32.6  14.2   450   669  1028  1259   992  1271 0.76 length=1415	scaffold=scaffold00698	strand=+
2843_g               -           1415 2334at5820           -            693   2.2e-10   37.2  33.7   7   7         2     4e+03  -11.9  13.4    28    69  1369  1410  1335  1412 0.63 length=1415	scaffold=scaffold00698	strand=+
#
# Program:         hmmsearch
# Version:         3.1b2 (February 2015)
# Pipeline mode:   SEARCH
# Query file:      /export/home/bio1901/Documents/29_BINP/OrthoSearch/busco_downloads/lineages/plasmodium_odb10/hmms/2334at5820.hmm
# Target file:     Results/1_GeneSequences/PB.faa
# Option settings: /home/users/bio1901/miniconda3/envs/busco/bin/hmmsearch --domtblout /export/home/bio1901/Documents/29_BINP/OrthoSearch/PB/run_plasmodium_odb10/hmmer_output/2334at5820.out --cpu 1 /export/home/bio1901/Documents/29_BINP/OrthoSearch/busco_downloads/lineages/plasmodium_odb10/hmms/2334at5820.hmm Results/1_GeneSequences/PB.faa 
# Current dir:     /export/home/bio1901/Documents/29_BINP/OrthoSearch
# Date:            Sun Mar 15 17:51:13 2020
# [ok]
