#                                                                            --- full sequence --- -------------- this domain -------------   hmm coord   ali coord   env coord
# target name        accession   tlen query name           accession   qlen   E-value  score  bias   #  of  c-Evalue  i-Evalue  score  bias  from    to  from    to  from    to  acc description of target
#------------------- ---------- ----- -------------------- ---------- ----- --------- ------ ----- --- --- --------- --------- ------ ----- ----- ----- ----- ----- ----- ----- ---- ---------------------
2843_g               -           1415 2364at5820           -            889         0 1261.9 128.4   1   6  1.2e-109  2.3e-106  354.7  13.0     1   259     1   265     1   275 0.93 length=1415	scaffold=scaffold00698	strand=+
2843_g               -           1415 2364at5820           -            889         0 1261.9 128.4   2   6   1.3e-48   2.7e-45  152.6   5.1   244   356   300   414   295   462 0.88 length=1415	scaffold=scaffold00698	strand=+
2843_g               -           1415 2364at5820           -            889         0 1261.9 128.4   3   6   1.7e-08   3.3e-05   20.0   1.5   337   395   530   588   526   616 0.76 length=1415	scaffold=scaffold00698	strand=+
2843_g               -           1415 2364at5820           -            889         0 1261.9 128.4   4   6   1.7e-11   3.5e-08   29.8   3.8   366   406   616   657   600   675 0.81 length=1415	scaffold=scaffold00698	strand=+
2843_g               -           1415 2364at5820           -            889         0 1261.9 128.4   5   6   5.9e-24   1.2e-20   71.1  21.6   396   516   745   895   731   906 0.75 length=1415	scaffold=scaffold00698	strand=+
2843_g               -           1415 2364at5820           -            889         0 1261.9 128.4   6   6  6.7e-202  1.3e-198  659.9  44.5   500   888  1004  1412   995  1413 0.94 length=1415	scaffold=scaffold00698	strand=+
1105_g               -           1165 2364at5820           -            889   1.3e-15   54.4  26.4   1   6     1e-10     2e-07   27.3  21.9     4   299    10   301     6   319 0.68 length=1165	scaffold=scaffold00142	strand=-
1105_g               -           1165 2364at5820           -            889   1.3e-15   54.4  26.4   2   6     0.024        48   -0.4   7.0   377   456   320   397   306   430 0.67 length=1165	scaffold=scaffold00142	strand=-
1105_g               -           1165 2364at5820           -            889   1.3e-15   54.4  26.4   3   6       1.3   2.6e+03   -6.2   5.4   379   475   551   638   509   659 0.50 length=1165	scaffold=scaffold00142	strand=-
1105_g               -           1165 2364at5820           -            889   1.3e-15   54.4  26.4   4   6       1.8   3.6e+03   -6.6   5.3    20    67   640   688   607   721 0.67 length=1165	scaffold=scaffold00142	strand=-
1105_g               -           1165 2364at5820           -            889   1.3e-15   54.4  26.4   5   6   6.7e-05      0.13    8.0   0.6   555   609   834   888   735   900 0.82 length=1165	scaffold=scaffold00142	strand=-
1105_g               -           1165 2364at5820           -            889   1.3e-15   54.4  26.4   6   6   3.4e-14   6.8e-11   38.8   0.1   658   754  1016  1112   987  1120 0.91 length=1165	scaffold=scaffold00142	strand=-
#
# Program:         hmmsearch
# Version:         3.1b2 (February 2015)
# Pipeline mode:   SEARCH
# Query file:      /export/home/bio1901/Documents/29_BINP/OrthoSearch/busco_downloads/lineages/plasmodium_odb10/hmms/2364at5820.hmm
# Target file:     Results/1_GeneSequences/PB.faa
# Option settings: /home/users/bio1901/miniconda3/envs/busco/bin/hmmsearch --domtblout /export/home/bio1901/Documents/29_BINP/OrthoSearch/PB/run_plasmodium_odb10/hmmer_output/2364at5820.out --cpu 1 /export/home/bio1901/Documents/29_BINP/OrthoSearch/busco_downloads/lineages/plasmodium_odb10/hmms/2364at5820.hmm Results/1_GeneSequences/PB.faa 
# Current dir:     /export/home/bio1901/Documents/29_BINP/OrthoSearch
# Date:            Sun Mar 15 17:51:17 2020
# [ok]
