#                                                                            --- full sequence --- -------------- this domain -------------   hmm coord   ali coord   env coord
# target name        accession   tlen query name           accession   qlen   E-value  score  bias   #  of  c-Evalue  i-Evalue  score  bias  from    to  from    to  from    to  acc description of target
#------------------- ---------- ----- -------------------- ---------- ----- --------- ------ ----- --- --- --------- --------- ------ ----- ----- ----- ----- ----- ----- ----- ---- ---------------------
272_g                -           1401 2365at5820           -           1042  4.6e-132  439.8 147.6   1   4   1.1e-54     4e-52  175.2  12.6   104   376     1   270     1   289 0.72 length=1401	scaffold=scaffold00020	strand=+
272_g                -           1401 2365at5820           -           1042  4.6e-132  439.8 147.6   2   4   2.9e-21     1e-18   64.6  47.3   285   688   243   673   236   684 0.40 length=1401	scaffold=scaffold00020	strand=+
272_g                -           1401 2365at5820           -           1042  4.6e-132  439.8 147.6   3   4       3.3   1.2e+03   -5.1  43.4   479   752   641   949   631   953 0.57 length=1401	scaffold=scaffold00020	strand=+
272_g                -           1401 2365at5820           -           1042  4.6e-132  439.8 147.6   4   4   2.7e-64   9.9e-62  207.0  61.9   514  1000   828  1346   827  1350 0.73 length=1401	scaffold=scaffold00020	strand=+
4056_g               -            151 2365at5820           -           1042     0.016   11.0  13.6   1   1   4.9e-05     0.018   10.8  13.6   288   706    54   130    21   145 0.38 length=151	scaffold=scaffold01646	strand=-
3797_g               -            589 2365at5820           -           1042       1.3    4.7  13.5   1   1    0.0051       1.8    4.2  13.5   594   737   370   513   352   523 0.56 length=589	scaffold=scaffold01392	strand=-
2456_g               -            531 2365at5820           -           1042         2    4.0  18.8   1   1    0.0085       3.1    3.4  18.8   283   373    83   174    66   189 0.59 length=531	scaffold=scaffold00521	strand=+
618_g                -            103 2365at5820           -           1042       4.3    3.0  14.3   1   1     0.012       4.4    2.9  14.3   303   366    40    95     8   102 0.29 length=103	scaffold=scaffold00063	strand=+
2094_g               -            104 2365at5820           -           1042       5.1    2.7  16.7   1   1     0.014       5.2    2.7  16.7   285   342    47    94    19   103 0.29 length=104	scaffold=scaffold00390	strand=+
2517_g               -            112 2365at5820           -           1042       5.1    2.7  21.2   1   1     0.016       5.9    2.5  21.2   299   386    24   105     2   109 0.48 length=112	scaffold=scaffold00543	strand=+
2122_g               -            400 2365at5820           -           1042       5.2    2.7  37.7   1   1     0.017       6.2    2.4  37.7   474   721    98   365    60   398 0.55 length=400	scaffold=scaffold00399	strand=+
2984_g               -            415 2365at5820           -           1042       5.6    2.6  45.3   1   2    0.0035       1.3    4.7   8.4   301   345   114   158    14   181 0.62 length=415	scaffold=scaffold00774	strand=+
2984_g               -            415 2365at5820           -           1042       5.6    2.6  45.3   2   2    0.0057       2.1    4.0  29.0   535   658   274   401   223   414 0.74 length=415	scaffold=scaffold00774	strand=+
2737_g               -            434 2365at5820           -           1042       7.9    2.1  18.9   1   1     0.035        13    1.4  18.9   244   352    36   142    18   182 0.52 length=434	scaffold=scaffold00642	strand=+
3680_g               -            298 2365at5820           -           1042       8.5    2.0  36.3   1   1     0.031        11    1.5  36.3   239   358    66   182    50   206 0.57 length=298	scaffold=scaffold01284	strand=+
#
# Program:         hmmsearch
# Version:         3.1b2 (February 2015)
# Pipeline mode:   SEARCH
# Query file:      /export/home/bio1901/Documents/29_BINP/OrthoSearch/busco_downloads/lineages/plasmodium_odb10/hmms/2365at5820.hmm
# Target file:     Results/1_GeneSequences/PB.faa
# Option settings: /home/users/bio1901/miniconda3/envs/busco/bin/hmmsearch --domtblout /export/home/bio1901/Documents/29_BINP/OrthoSearch/PB/run_plasmodium_odb10/hmmer_output/2365at5820.out --cpu 1 /export/home/bio1901/Documents/29_BINP/OrthoSearch/busco_downloads/lineages/plasmodium_odb10/hmms/2365at5820.hmm Results/1_GeneSequences/PB.faa 
# Current dir:     /export/home/bio1901/Documents/29_BINP/OrthoSearch
# Date:            Sun Mar 15 17:51:32 2020
# [ok]
