#                                                                            --- full sequence --- -------------- this domain -------------   hmm coord   ali coord   env coord
# target name        accession   tlen query name           accession   qlen   E-value  score  bias   #  of  c-Evalue  i-Evalue  score  bias  from    to  from    to  from    to  acc description of target
#------------------- ---------- ----- -------------------- ---------- ----- --------- ------ ----- --- --- --------- --------- ------ ----- ----- ----- ----- ----- ----- ----- ---- ---------------------
2684_g               -            903 2392at5820           -            678         0 1087.2  56.0   1   5   1.9e-19   1.3e-16   58.0   1.7     1    49     3    51     3    67 0.93 length=903	scaffold=scaffold00614	strand=+
2684_g               -            903 2392at5820           -            678         0 1087.2  56.0   2   5   3.1e-09   2.1e-06   24.3   5.3    47    96   152   214   127   217 0.73 length=903	scaffold=scaffold00614	strand=+
2684_g               -            903 2392at5820           -            678         0 1087.2  56.0   3   5  4.2e-194  2.8e-191  635.2  10.4   135   470   216   555   215   568 0.96 length=903	scaffold=scaffold00614	strand=+
2684_g               -            903 2392at5820           -            678         0 1087.2  56.0   4   5  5.2e-122  3.4e-119  397.0   6.4   452   678   574   810   564   810 0.96 length=903	scaffold=scaffold00614	strand=+
2684_g               -            903 2392at5820           -            678         0 1087.2  56.0   5   5       2.3   1.5e+03   -5.1   1.5   435   478   817   862   815   867 0.77 length=903	scaffold=scaffold00614	strand=+
3138_g               -           1979 2392at5820           -            678   3.2e-38  129.4  18.1   1   4   2.1e-25   1.4e-22   77.7   7.6   179   435   526   792   518   824 0.74 length=1979	scaffold=scaffold00868	strand=+
3138_g               -           1979 2392at5820           -            678   3.2e-38  129.4  18.1   2   4      0.64   4.2e+02   -3.2   0.3   400   435  1384  1421  1356  1461 0.59 length=1979	scaffold=scaffold00868	strand=+
3138_g               -           1979 2392at5820           -            678   3.2e-38  129.4  18.1   3   4       1.4   9.4e+02   -4.4   2.9    61   114  1482  1534  1456  1546 0.74 length=1979	scaffold=scaffold00868	strand=+
3138_g               -           1979 2392at5820           -            678   3.2e-38  129.4  18.1   4   4   2.6e-22   1.7e-19   67.5   2.8   473   629  1610  1767  1596  1816 0.84 length=1979	scaffold=scaffold00868	strand=+
2343_g               -           2672 2392at5820           -            678   1.4e-34  117.3   0.6   1   4   6.8e-20   4.5e-17   59.5   0.0   200   376   343   533   339   538 0.85 length=2672	scaffold=scaffold00477	strand=+
2343_g               -           2672 2392at5820           -            678   1.4e-34  117.3   0.6   2   4      0.15        98   -1.1   0.6   383   466   587   666   580   676 0.67 length=2672	scaffold=scaffold00477	strand=+
2343_g               -           2672 2392at5820           -            678   1.4e-34  117.3   0.6   3   4   4.3e-22   2.9e-19   66.8   0.2   490   606  1159  1275  1153  1308 0.88 length=2672	scaffold=scaffold00477	strand=+
2343_g               -           2672 2392at5820           -            678   1.4e-34  117.3   0.6   4   4       5.7   3.8e+03   -6.4   6.8    45   107  1663  1726  1646  1760 0.83 length=2672	scaffold=scaffold00477	strand=+
2298_g               -           1371 2392at5820           -            678   5.3e-34  115.4   9.1   1   5   7.8e-18   5.2e-15   52.7   1.4   198   383   263   462   245   476 0.77 length=1371	scaffold=scaffold00459	strand=-
2298_g               -           1371 2392at5820           -            678   5.3e-34  115.4   9.1   2   5    0.0011      0.73    5.9   1.2   399   439   571   608   561   635 0.72 length=1371	scaffold=scaffold00459	strand=-
2298_g               -           1371 2392at5820           -            678   5.3e-34  115.4   9.1   3   5     4e-25   2.6e-22   76.8   1.2   468   608   669   808   656   900 0.90 length=1371	scaffold=scaffold00459	strand=-
2298_g               -           1371 2392at5820           -            678   5.3e-34  115.4   9.1   4   5      0.48   3.2e+02   -2.8   0.4   274   311   998  1035   996  1055 0.79 length=1371	scaffold=scaffold00459	strand=-
2298_g               -           1371 2392at5820           -            678   5.3e-34  115.4   9.1   5   5         6     4e+03  -10.5   7.6    41    83  1287  1329  1280  1357 0.58 length=1371	scaffold=scaffold00459	strand=-
363_g                -           1753 2392at5820           -            678   9.1e-25   84.9  30.8   1   3   8.4e-07   0.00056   16.2   0.4   188   241   217   274   101   279 0.71 length=1753	scaffold=scaffold00030	strand=+
363_g                -           1753 2392at5820           -            678   9.1e-25   84.9  30.8   2   3   2.3e-06    0.0015   14.8   2.6   305   406  1067  1169  1034  1179 0.75 length=1753	scaffold=scaffold00030	strand=+
363_g                -           1753 2392at5820           -            678   9.1e-25   84.9  30.8   3   3   6.7e-21   4.4e-18   62.8  14.2   429   664  1504  1738  1499  1749 0.83 length=1753	scaffold=scaffold00030	strand=+
474_g                -            951 2392at5820           -            678   1.8e-24   83.9  17.2   1   3   4.5e-19     3e-16   56.8   5.5   186   371   196   402   163   442 0.77 length=951	scaffold=scaffold00043	strand=-
474_g                -            951 2392at5820           -            678   1.8e-24   83.9  17.2   2   3      0.57   3.8e+02   -3.0   1.6   403   433   486   516   452   551 0.64 length=951	scaffold=scaffold00043	strand=-
474_g                -            951 2392at5820           -            678   1.8e-24   83.9  17.2   3   3   1.6e-12   1.1e-09   35.1   0.0   513   568   893   948   883   949 0.92 length=951	scaffold=scaffold00043	strand=-
#
# Program:         hmmsearch
# Version:         3.1b2 (February 2015)
# Pipeline mode:   SEARCH
# Query file:      /export/home/bio1901/Documents/29_BINP/OrthoSearch/busco_downloads/lineages/plasmodium_odb10/hmms/2392at5820.hmm
# Target file:     Results/1_GeneSequences/PB.faa
# Option settings: /home/users/bio1901/miniconda3/envs/busco/bin/hmmsearch --domtblout /export/home/bio1901/Documents/29_BINP/OrthoSearch/PB/run_plasmodium_odb10/hmmer_output/2392at5820.out --cpu 1 /export/home/bio1901/Documents/29_BINP/OrthoSearch/busco_downloads/lineages/plasmodium_odb10/hmms/2392at5820.hmm Results/1_GeneSequences/PB.faa 
# Current dir:     /export/home/bio1901/Documents/29_BINP/OrthoSearch
# Date:            Sun Mar 15 17:51:47 2020
# [ok]
