#                                                                            --- full sequence --- -------------- this domain -------------   hmm coord   ali coord   env coord
# target name        accession   tlen query name           accession   qlen   E-value  score  bias   #  of  c-Evalue  i-Evalue  score  bias  from    to  from    to  from    to  acc description of target
#------------------- ---------- ----- -------------------- ---------- ----- --------- ------ ----- --- --- --------- --------- ------ ----- ----- ----- ----- ----- ----- ----- ---- ---------------------
1111_g               -           1594 2399at5820           -            771  6.5e-246  816.2 129.5   1   7   8.4e-19   3.3e-15   53.3   3.8    32   103    27   105    24   149 0.73 length=1594	scaffold=scaffold00143	strand=+
1111_g               -           1594 2399at5820           -            771  6.5e-246  816.2 129.5   2   7     0.005        20    1.1   0.2    85   102   200   217   183   242 0.80 length=1594	scaffold=scaffold00143	strand=+
1111_g               -           1594 2399at5820           -            771  6.5e-246  816.2 129.5   3   7   2.6e-46     1e-42  144.2   9.5   107   191   594   678   569   703 0.85 length=1594	scaffold=scaffold00143	strand=+
1111_g               -           1594 2399at5820           -            771  6.5e-246  816.2 129.5   4   7     4e-93   1.6e-89  299.0  40.7   172   394   739   970   710   977 0.82 length=1594	scaffold=scaffold00143	strand=+
1111_g               -           1594 2399at5820           -            771  6.5e-246  816.2 129.5   5   7   1.7e-45   6.7e-42  141.5   7.5   366   484  1114  1233  1100  1289 0.84 length=1594	scaffold=scaffold00143	strand=+
1111_g               -           1594 2399at5820           -            771  6.5e-246  816.2 129.5   6   7    0.0066        26    0.7   0.3   347   382  1361  1396  1344  1403 0.87 length=1594	scaffold=scaffold00143	strand=+
1111_g               -           1594 2399at5820           -            771  6.5e-246  816.2 129.5   7   7   1.7e-65   6.9e-62  207.6  24.9   490   633  1450  1593  1443  1593 0.99 length=1594	scaffold=scaffold00143	strand=+
#
# Program:         hmmsearch
# Version:         3.1b2 (February 2015)
# Pipeline mode:   SEARCH
# Query file:      /export/home/bio1901/Documents/29_BINP/OrthoSearch/busco_downloads/lineages/plasmodium_odb10/hmms/2399at5820.hmm
# Target file:     Results/1_GeneSequences/PB.faa
# Option settings: /home/users/bio1901/miniconda3/envs/busco/bin/hmmsearch --domtblout /export/home/bio1901/Documents/29_BINP/OrthoSearch/PB/run_plasmodium_odb10/hmmer_output/2399at5820.out --cpu 1 /export/home/bio1901/Documents/29_BINP/OrthoSearch/busco_downloads/lineages/plasmodium_odb10/hmms/2399at5820.hmm Results/1_GeneSequences/PB.faa 
# Current dir:     /export/home/bio1901/Documents/29_BINP/OrthoSearch
# Date:            Sun Mar 15 17:51:48 2020
# [ok]
