#                                                                            --- full sequence --- -------------- this domain -------------   hmm coord   ali coord   env coord
# target name        accession   tlen query name           accession   qlen   E-value  score  bias   #  of  c-Evalue  i-Evalue  score  bias  from    to  from    to  from    to  acc description of target
#------------------- ---------- ----- -------------------- ---------- ----- --------- ------ ----- --- --- --------- --------- ------ ----- ----- ----- ----- ----- ----- ----- ---- ---------------------
3970_g               -            207 2411at5820           -            715   2.8e-64  215.4  13.7   1   3   1.6e-47   9.3e-45  150.9   6.6   506   615     7   118     3   119 0.98 length=207	scaffold=scaffold01554	strand=+	adjustedToFrame=2
3970_g               -            207 2411at5820           -            715   2.8e-64  215.4  13.7   2   3   6.2e-22   3.5e-19   66.3   0.2   652   701   119   168   117   180 0.94 length=207	scaffold=scaffold01554	strand=+	adjustedToFrame=2
3970_g               -            207 2411at5820           -            715   2.8e-64  215.4  13.7   3   3     0.011       6.4    2.7   0.0   704   715   195   206   184   206 0.90 length=207	scaffold=scaffold01554	strand=+	adjustedToFrame=2
3703_g               -            556 2411at5820           -            715     8e-45  151.1  30.9   1   4   6.8e-34   3.8e-31  105.9  19.0     7   130     5   134     1   139 0.84 length=556	scaffold=scaffold01308	strand=-	adjustedToFrame=3
3703_g               -            556 2411at5820           -            715     8e-45  151.1  30.9   2   4      0.31   1.7e+02   -2.1   8.7   201   287   251   339   170   342 0.68 length=556	scaffold=scaffold01308	strand=-	adjustedToFrame=3
3703_g               -            556 2411at5820           -            715     8e-45  151.1  30.9   3   4         7     4e+03   -9.4  17.0   201   272   358   418   347   430 0.42 length=556	scaffold=scaffold01308	strand=-	adjustedToFrame=3
3703_g               -            556 2411at5820           -            715     8e-45  151.1  30.9   4   4   7.9e-20   4.5e-17   59.4   3.9   106   165   426   485   420   489 0.87 length=556	scaffold=scaffold01308	strand=-	adjustedToFrame=3
2951_g               -            907 2411at5820           -            715     7e-11   38.9   0.0   1   9   1.2e-05    0.0068   12.5   3.5     5    54    14    62     7    69 0.85 length=907	scaffold=scaffold00756	strand=+
2951_g               -            907 2411at5820           -            715     7e-11   38.9   0.0   2   9     0.005       2.9    3.8   3.1    16    60    82   126    68   148 0.78 length=907	scaffold=scaffold00756	strand=+
2951_g               -            907 2411at5820           -            715     7e-11   38.9   0.0   3   9      0.71     4e+02   -3.3   6.0   206   260   160   213   148   236 0.70 length=907	scaffold=scaffold00756	strand=+
2951_g               -            907 2411at5820           -            715     7e-11   38.9   0.0   4   9         7     4e+03   -7.9   7.4   202   300   289   390   271   435 0.44 length=907	scaffold=scaffold00756	strand=+
2951_g               -            907 2411at5820           -            715     7e-11   38.9   0.0   5   9       3.2   1.8e+03   -5.4  15.8   201   301   466   566   451   569 0.67 length=907	scaffold=scaffold00756	strand=+
2951_g               -            907 2411at5820           -            715     7e-11   38.9   0.0   6   9      0.34     2e+02   -2.2   2.8   111   214   569   675   566   683 0.63 length=907	scaffold=scaffold00756	strand=+
2951_g               -            907 2411at5820           -            715     7e-11   38.9   0.0   7   9    0.0099       5.6    2.9   3.0   323   403   700   778   668   783 0.69 length=907	scaffold=scaffold00756	strand=+
2951_g               -            907 2411at5820           -            715     7e-11   38.9   0.0   8   9     9e-05     0.051    9.6   1.9   458   529   755   830   752   835 0.82 length=907	scaffold=scaffold00756	strand=+
2951_g               -            907 2411at5820           -            715     7e-11   38.9   0.0   9   9   1.2e-13     7e-11   38.9   0.0   604   662   848   906   843   907 0.86 length=907	scaffold=scaffold00756	strand=+
659_g                -            370 2411at5820           -            715   2.3e-08   30.6  50.4   1   6   9.1e-06    0.0052   12.9   6.2    14    92     5    84     2    87 0.79 length=370	scaffold=scaffold00067	strand=-
659_g                -            370 2411at5820           -            715   2.3e-08   30.6  50.4   2   6   2.1e-06    0.0012   15.0   2.4    19    59    79   118    72   133 0.82 length=370	scaffold=scaffold00067	strand=-
659_g                -            370 2411at5820           -            715   2.3e-08   30.6  50.4   3   6      0.01       5.8    2.8   2.0    16    56   155   194   141   203 0.80 length=370	scaffold=scaffold00067	strand=-
659_g                -            370 2411at5820           -            715   2.3e-08   30.6  50.4   4   6   0.00011     0.061    9.4   4.6    17    69   202   253   195   257 0.85 length=370	scaffold=scaffold00067	strand=-
659_g                -            370 2411at5820           -            715   2.3e-08   30.6  50.4   5   6   2.3e-06    0.0013   14.9   3.2    15    65   246   295   242   297 0.89 length=370	scaffold=scaffold00067	strand=-
659_g                -            370 2411at5820           -            715   2.3e-08   30.6  50.4   6   6    0.0049       2.8    3.9   1.9    16    75   293   354   289   363 0.73 length=370	scaffold=scaffold00067	strand=-
1755_g               -            253 2411at5820           -            715   1.9e-05   21.0  18.9   1   4   8.4e-06    0.0048   13.0   0.3    35    59    50    74    23    82 0.85 length=253	scaffold=scaffold00289	strand=-
1755_g               -            253 2411at5820           -            715   1.9e-05   21.0  18.9   2   4   1.1e-05    0.0064   12.6   0.4    17    79    79   140    70   164 0.78 length=253	scaffold=scaffold00289	strand=-
1755_g               -            253 2411at5820           -            715   1.9e-05   21.0  18.9   3   4     0.027        15    1.5   4.0    25    56   155   186   143   195 0.86 length=253	scaffold=scaffold00289	strand=-
1755_g               -            253 2411at5820           -            715   1.9e-05   21.0  18.9   4   4     0.021        12    1.8   8.2     4    71   157   226   154   239 0.68 length=253	scaffold=scaffold00289	strand=-
2410_g               -            133 2411at5820           -            715   0.00017   17.8   0.9   1   2   0.00028      0.16    8.0   0.1   509   537     2    31     1    35 0.85 length=133	scaffold=scaffold00503	strand=-
2410_g               -            133 2411at5820           -            715   0.00017   17.8   0.9   2   2   0.00013     0.076    9.1   0.1   604   689    40   125    31   131 0.66 length=133	scaffold=scaffold00503	strand=-
3174_g               -            386 2411at5820           -            715    0.0026   13.9   1.7   1   5    0.0001     0.058    9.5   3.3    15    57    44    85    34    91 0.85 length=386	scaffold=scaffold00896	strand=+
3174_g               -            386 2411at5820           -            715    0.0026   13.9   1.7   2   5         7     4e+03   -7.4  12.1   215   272    96   153    86   168 0.49 length=386	scaffold=scaffold00896	strand=+
3174_g               -            386 2411at5820           -            715    0.0026   13.9   1.7   3   5       2.9   1.7e+03   -5.3   8.0   213   270   124   183   115   194 0.52 length=386	scaffold=scaffold00896	strand=+
3174_g               -            386 2411at5820           -            715    0.0026   13.9   1.7   4   5      0.39   2.2e+02   -2.4   2.1   521   584   221   284   215   306 0.66 length=386	scaffold=scaffold00896	strand=+
3174_g               -            386 2411at5820           -            715    0.0026   13.9   1.7   5   5   4.6e-06    0.0026   13.9   1.7    23    60   340   378   328   384 0.81 length=386	scaffold=scaffold00896	strand=+
#
# Program:         hmmsearch
# Version:         3.1b2 (February 2015)
# Pipeline mode:   SEARCH
# Query file:      /export/home/bio1901/Documents/29_BINP/OrthoSearch/busco_downloads/lineages/plasmodium_odb10/hmms/2411at5820.hmm
# Target file:     Results/1_GeneSequences/PB.faa
# Option settings: /home/users/bio1901/miniconda3/envs/busco/bin/hmmsearch --domtblout /export/home/bio1901/Documents/29_BINP/OrthoSearch/PB/run_plasmodium_odb10/hmmer_output/2411at5820.out --cpu 1 /export/home/bio1901/Documents/29_BINP/OrthoSearch/busco_downloads/lineages/plasmodium_odb10/hmms/2411at5820.hmm Results/1_GeneSequences/PB.faa 
# Current dir:     /export/home/bio1901/Documents/29_BINP/OrthoSearch
# Date:            Sun Mar 15 17:52:18 2020
# [ok]
