#                                                                            --- full sequence --- -------------- this domain -------------   hmm coord   ali coord   env coord
# target name        accession   tlen query name           accession   qlen   E-value  score  bias   #  of  c-Evalue  i-Evalue  score  bias  from    to  from    to  from    to  acc description of target
#------------------- ---------- ----- -------------------- ---------- ----- --------- ------ ----- --- --- --------- --------- ------ ----- ----- ----- ----- ----- ----- ----- ---- ---------------------
301_g                -           1835 2437at5820           -            745    1e-234  779.1 137.1   1  10         1     4e+03   -9.6   6.9   666   743     7    86     6    88 0.70 length=1835	scaffold=scaffold00023	strand=-
301_g                -           1835 2437at5820           -            745    1e-234  779.1 137.1   2  10   7.2e-72   2.9e-68  228.8  36.3    30   247   151   374   132   386 0.88 length=1835	scaffold=scaffold00023	strand=-
301_g                -           1835 2437at5820           -            745    1e-234  779.1 137.1   3  10   2.3e-23   9.2e-20   68.4  26.7   224   364   407   575   372   585 0.79 length=1835	scaffold=scaffold00023	strand=-
301_g                -           1835 2437at5820           -            745    1e-234  779.1 137.1   4  10     5e-41     2e-37  126.8   8.1   365   459   618   712   612   722 0.94 length=1835	scaffold=scaffold00023	strand=-
301_g                -           1835 2437at5820           -            745    1e-234  779.1 137.1   5  10  1.4e-124  5.5e-121  403.1  42.0   439   741   728  1056   715  1060 0.87 length=1835	scaffold=scaffold00023	strand=-
301_g                -           1835 2437at5820           -            745    1e-234  779.1 137.1   6  10     8e-05      0.32    7.1   1.5   702   742  1045  1086  1043  1092 0.83 length=1835	scaffold=scaffold00023	strand=-
301_g                -           1835 2437at5820           -            745    1e-234  779.1 137.1   7  10     0.042   1.7e+02   -1.9   1.9    89   385  1106  1140  1090  1185 0.55 length=1835	scaffold=scaffold00023	strand=-
301_g                -           1835 2437at5820           -            745    1e-234  779.1 137.1   8  10      0.69   2.7e+03   -5.9   3.1   507   514  1250  1257  1221  1327 0.53 length=1835	scaffold=scaffold00023	strand=-
301_g                -           1835 2437at5820           -            745    1e-234  779.1 137.1   9  10      0.62   2.5e+03   -5.8   2.0   153   178  1392  1419  1370  1428 0.56 length=1835	scaffold=scaffold00023	strand=-
301_g                -           1835 2437at5820           -            745    1e-234  779.1 137.1  10  10         1     4e+03  -13.2  14.5   143   205  1681  1744  1610  1827 0.50 length=1835	scaffold=scaffold00023	strand=-
#
# Program:         hmmsearch
# Version:         3.1b2 (February 2015)
# Pipeline mode:   SEARCH
# Query file:      /export/home/bio1901/Documents/29_BINP/OrthoSearch/busco_downloads/lineages/plasmodium_odb10/hmms/2437at5820.hmm
# Target file:     Results/1_GeneSequences/PB.faa
# Option settings: /home/users/bio1901/miniconda3/envs/busco/bin/hmmsearch --domtblout /export/home/bio1901/Documents/29_BINP/OrthoSearch/PB/run_plasmodium_odb10/hmmer_output/2437at5820.out --cpu 1 /export/home/bio1901/Documents/29_BINP/OrthoSearch/busco_downloads/lineages/plasmodium_odb10/hmms/2437at5820.hmm Results/1_GeneSequences/PB.faa 
# Current dir:     /export/home/bio1901/Documents/29_BINP/OrthoSearch
# Date:            Sun Mar 15 17:52:22 2020
# [ok]
