#                                                                            --- full sequence --- -------------- this domain -------------   hmm coord   ali coord   env coord
# target name        accession   tlen query name           accession   qlen   E-value  score  bias   #  of  c-Evalue  i-Evalue  score  bias  from    to  from    to  from    to  acc description of target
#------------------- ---------- ----- -------------------- ---------- ----- --------- ------ ----- --- --- --------- --------- ------ ----- ----- ----- ----- ----- ----- ----- ---- ---------------------
1232_g               -           3620 2458at5820           -            572   6.8e-65  217.9 113.1   1  14         1     4e+03  -12.7  17.2   127   199    62   134    26   158 0.67 length=3620	scaffold=scaffold00167	strand=-	adjustedToFrame=3
1232_g               -           3620 2458at5820           -            572   6.8e-65  217.9 113.1   2  14         1     4e+03   -6.8   3.9   135   383   633   683   624   697 0.50 length=3620	scaffold=scaffold00167	strand=-	adjustedToFrame=3
1232_g               -           3620 2458at5820           -            572   6.8e-65  217.9 113.1   3  14         1     4e+03   -7.4   5.3   317   360  1275  1320  1198  1350 0.68 length=3620	scaffold=scaffold00167	strand=-	adjustedToFrame=3
1232_g               -           3620 2458at5820           -            572   6.8e-65  217.9 113.1   4  14         1     4e+03  -14.6  16.1    78   188  1796  1903  1789  1922 0.57 length=3620	scaffold=scaffold00167	strand=-	adjustedToFrame=3
1232_g               -           3620 2458at5820           -            572   6.8e-65  217.9 113.1   5  14         1     4e+03  -22.1  24.3    92   294  1996  2208  1975  2261 0.47 length=3620	scaffold=scaffold00167	strand=-	adjustedToFrame=3
1232_g               -           3620 2458at5820           -            572   6.8e-65  217.9 113.1   6  14   3.2e-13   1.3e-09   35.4  25.2     9   170  2294  2469  2287  2508 0.63 length=3620	scaffold=scaffold00167	strand=-	adjustedToFrame=3
1232_g               -           3620 2458at5820           -            572   6.8e-65  217.9 113.1   7  14   3.9e-09   1.5e-05   21.9  17.2    48   184  2565  2701  2559  2705 0.71 length=3620	scaffold=scaffold00167	strand=-	adjustedToFrame=3
1232_g               -           3620 2458at5820           -            572   6.8e-65  217.9 113.1   8  14         1     4e+03  -13.4  14.3   147   191  2721  2769  2716  2774 0.55 length=3620	scaffold=scaffold00167	strand=-	adjustedToFrame=3
1232_g               -           3620 2458at5820           -            572   6.8e-65  217.9 113.1   9  14   2.6e-43     1e-39  134.7  23.4   127   250  2775  2902  2767  2907 0.94 length=3620	scaffold=scaffold00167	strand=-	adjustedToFrame=3
1232_g               -           3620 2458at5820           -            572   6.8e-65  217.9 113.1  10  14         1     4e+03   -6.4   9.7   280   366  2991  3081  2978  3131 0.65 length=3620	scaffold=scaffold00167	strand=-	adjustedToFrame=3
1232_g               -           3620 2458at5820           -            572   6.8e-65  217.9 113.1  11  14   2.2e-25   8.8e-22   75.5  21.1   299   413  3147  3280  3138  3316 0.81 length=3620	scaffold=scaffold00167	strand=-	adjustedToFrame=3
1232_g               -           3620 2458at5820           -            572   6.8e-65  217.9 113.1  12  14   3.5e-06     0.014   12.2   0.0   416   440  3318  3342  3296  3350 0.81 length=3620	scaffold=scaffold00167	strand=-	adjustedToFrame=3
1232_g               -           3620 2458at5820           -            572   6.8e-65  217.9 113.1  13  14   1.5e-05     0.058   10.1   0.0   523   544  3516  3537  3514  3543 0.89 length=3620	scaffold=scaffold00167	strand=-	adjustedToFrame=3
1232_g               -           3620 2458at5820           -            572   6.8e-65  217.9 113.1  14  14   0.00029       1.2    5.8   0.3   543   571  3590  3618  3578  3619 0.85 length=3620	scaffold=scaffold00167	strand=-	adjustedToFrame=3
#
# Program:         hmmsearch
# Version:         3.1b2 (February 2015)
# Pipeline mode:   SEARCH
# Query file:      /export/home/bio1901/Documents/29_BINP/OrthoSearch/busco_downloads/lineages/plasmodium_odb10/hmms/2458at5820.hmm
# Target file:     Results/1_GeneSequences/PB.faa
# Option settings: /home/users/bio1901/miniconda3/envs/busco/bin/hmmsearch --domtblout /export/home/bio1901/Documents/29_BINP/OrthoSearch/PB/run_plasmodium_odb10/hmmer_output/2458at5820.out --cpu 1 /export/home/bio1901/Documents/29_BINP/OrthoSearch/busco_downloads/lineages/plasmodium_odb10/hmms/2458at5820.hmm Results/1_GeneSequences/PB.faa 
# Current dir:     /export/home/bio1901/Documents/29_BINP/OrthoSearch
# Date:            Sun Mar 15 17:52:49 2020
# [ok]
