#                                                                            --- full sequence --- -------------- this domain -------------   hmm coord   ali coord   env coord
# target name        accession   tlen query name           accession   qlen   E-value  score  bias   #  of  c-Evalue  i-Evalue  score  bias  from    to  from    to  from    to  acc description of target
#------------------- ---------- ----- -------------------- ---------- ----- --------- ------ ----- --- --- --------- --------- ------ ----- ----- ----- ----- ----- ----- ----- ---- ---------------------
242_g                -            982 2481at5820           -            813         0 1126.1 136.3   1   2   1.5e-29   5.5e-27   92.0  16.2     9   112    59   171    50   177 0.85 length=982	scaffold=scaffold00017	strand=-
242_g                -            982 2481at5820           -            813         0 1126.1 136.3   2   2         0         0 1039.8 112.2    91   813   192   981   177   981 0.86 length=982	scaffold=scaffold00017	strand=-
1618_g               -            391 2481at5820           -            813   2.9e-16   56.6   2.4   1   2   2.3e-05    0.0082   12.1   0.1   279   377    81   179    70   195 0.70 length=391	scaffold=scaffold00254	strand=-
1618_g               -            391 2481at5820           -            813   2.9e-16   56.6   2.4   2   2   3.6e-15   1.3e-12   44.5   0.3   525   613   255   344   204   373 0.84 length=391	scaffold=scaffold00254	strand=-
2407_g               -            396 2481at5820           -            813   3.8e-16   56.2   0.1   1   2    0.0097       3.5    3.4   0.0   322   387   130   191    99   220 0.70 length=396	scaffold=scaffold00502	strand=+
2407_g               -            396 2481at5820           -            813   3.8e-16   56.2   0.1   2   2   4.8e-17   1.7e-14   50.7   0.0   525   612   258   346   219   359 0.91 length=396	scaffold=scaffold00502	strand=+
1035_g               -            652 2481at5820           -            813   1.2e-15   54.6   7.3   1   6      0.05        18    1.0   0.6    38   108    26    95    15   106 0.76 length=652	scaffold=scaffold00126	strand=-	adjustedToFrame=2
1035_g               -            652 2481at5820           -            813   1.2e-15   54.6   7.3   2   6      0.29     1e+02   -1.5   1.9   450   478   225   253   129   273 0.59 length=652	scaffold=scaffold00126	strand=-	adjustedToFrame=2
1035_g               -            652 2481at5820           -            813   1.2e-15   54.6   7.3   3   6     0.081        29    0.3   1.4   124   148   276   300   193   308 0.68 length=652	scaffold=scaffold00126	strand=-	adjustedToFrame=2
1035_g               -            652 2481at5820           -            813   1.2e-15   54.6   7.3   4   6     0.021       7.6    2.3   2.5   418   490   302   370   292   382 0.68 length=652	scaffold=scaffold00126	strand=-	adjustedToFrame=2
1035_g               -            652 2481at5820           -            813   1.2e-15   54.6   7.3   5   6    0.0019       0.7    5.7   0.1   326   395   382   447   376   458 0.80 length=652	scaffold=scaffold00126	strand=-	adjustedToFrame=2
1035_g               -            652 2481at5820           -            813   1.2e-15   54.6   7.3   6   6   3.2e-18   1.2e-15   54.6   7.3   521   626   504   608   476   646 0.82 length=652	scaffold=scaffold00126	strand=-	adjustedToFrame=2
2156_g               -            475 2481at5820           -            813   1.7e-14   50.8   1.1   1   3     0.031        11    1.7   0.0    20    60    55    95    33   113 0.85 length=475	scaffold=scaffold00410	strand=+
2156_g               -            475 2481at5820           -            813   1.7e-14   50.8   1.1   2   3      0.39   1.4e+02   -1.9   0.1   332   387   215   267   170   293 0.61 length=475	scaffold=scaffold00410	strand=+
2156_g               -            475 2481at5820           -            813   1.7e-14   50.8   1.1   3   3   1.1e-15   3.8e-13   46.2   0.9   498   615   314   425   261   454 0.79 length=475	scaffold=scaffold00410	strand=+
1925_g               -            866 2481at5820           -            813   3.1e-14   49.8   2.6   1   3    0.0021      0.77    5.6   1.2   117   168   349   400   314   402 0.63 length=866	scaffold=scaffold00338	strand=-
1925_g               -            866 2481at5820           -            813   3.1e-14   49.8   2.6   2   3    0.0034       1.2    4.9   0.2   220   265   384   428   380   450 0.72 length=866	scaffold=scaffold00338	strand=-
1925_g               -            866 2481at5820           -            813   3.1e-14   49.8   2.6   3   3   8.7e-17   3.1e-14   49.8   2.6   529   649   611   729   576   750 0.84 length=866	scaffold=scaffold00338	strand=-
1091_g               -            493 2481at5820           -            813   1.9e-11   40.7   0.7   1   3    0.0075       2.7    3.7   0.0    20    63   148   191   122   203 0.80 length=493	scaffold=scaffold00138	strand=-
1091_g               -            493 2481at5820           -            813   1.9e-11   40.7   0.7   2   3      0.16        58   -0.7   0.0   328   370   234   273   197   289 0.76 length=493	scaffold=scaffold00138	strand=-
1091_g               -            493 2481at5820           -            813   1.9e-11   40.7   0.7   3   3   5.1e-14   1.9e-11   40.7   0.7   525   612   355   443   296   450 0.87 length=493	scaffold=scaffold00138	strand=-
207_g                -            641 2481at5820           -            813   2.4e-11   40.3   0.1   1   4       4.3   1.6e+03   -5.4   3.0   407   435    49    80    33   101 0.43 length=641	scaffold=scaffold00014	strand=+
207_g                -            641 2481at5820           -            813   2.4e-11   40.3   0.1   2   4     0.056        20    0.8   0.1    26    62   195   231   192   236 0.87 length=641	scaffold=scaffold00014	strand=+
207_g                -            641 2481at5820           -            813   2.4e-11   40.3   0.1   3   4      0.24        85   -1.2   0.0   325   396   320   387   314   404 0.76 length=641	scaffold=scaffold00014	strand=+
207_g                -            641 2481at5820           -            813   2.4e-11   40.3   0.1   4   4   6.5e-14   2.4e-11   40.3   0.1   441   636   367   552   341   588 0.79 length=641	scaffold=scaffold00014	strand=+
2422_g               -            654 2481at5820           -            813   1.8e-10   37.4   2.5   1   3       0.1        36    0.0   0.2    13    62   223   277   210   285 0.68 length=654	scaffold=scaffold00506	strand=-
2422_g               -            654 2481at5820           -            813   1.8e-10   37.4   2.5   2   3   0.00013     0.048    9.5   0.2   319   396   351   424   328   458 0.81 length=654	scaffold=scaffold00506	strand=-
2422_g               -            654 2481at5820           -            813   1.8e-10   37.4   2.5   3   3   5.1e-13   1.8e-10   37.4   2.5   525   627   481   582   462   638 0.87 length=654	scaffold=scaffold00506	strand=-
2139_g               -            551 2481at5820           -            813   5.4e-10   35.8  14.2   1   3      0.13        46   -0.3   0.0    41    63   142   164   129   186 0.87 length=551	scaffold=scaffold00403	strand=+
2139_g               -            551 2481at5820           -            813   5.4e-10   35.8  14.2   2   3   4.3e-07   0.00016   17.8   0.1   331   387   244   299   232   305 0.86 length=551	scaffold=scaffold00403	strand=+
2139_g               -            551 2481at5820           -            813   5.4e-10   35.8  14.2   3   3   2.5e-10     9e-08   28.5   9.9   530   684   380   535   312   543 0.83 length=551	scaffold=scaffold00403	strand=+
4074_g               -            889 2481at5820           -            813   1.9e-08   30.7   3.0   1   3    0.0063       2.3    4.0   0.0   114   142    94   121    72   126 0.73 length=889	scaffold=scaffold01665	strand=-	adjustedToFrame=3
4074_g               -            889 2481at5820           -            813   1.9e-08   30.7   3.0   2   3   6.2e-05     0.022   10.6   0.1   322   388   175   240   170   261 0.86 length=889	scaffold=scaffold01665	strand=-	adjustedToFrame=3
4074_g               -            889 2481at5820           -            813   1.9e-08   30.7   3.0   3   3   5.3e-11   1.9e-08   30.7   3.0   530   655   311   432   296   487 0.72 length=889	scaffold=scaffold01665	strand=-	adjustedToFrame=3
#
# Program:         hmmsearch
# Version:         3.1b2 (February 2015)
# Pipeline mode:   SEARCH
# Query file:      /export/home/bio1901/Documents/29_BINP/OrthoSearch/busco_downloads/lineages/plasmodium_odb10/hmms/2481at5820.hmm
# Target file:     Results/1_GeneSequences/PB.faa
# Option settings: /home/users/bio1901/miniconda3/envs/busco/bin/hmmsearch --domtblout /export/home/bio1901/Documents/29_BINP/OrthoSearch/PB/run_plasmodium_odb10/hmmer_output/2481at5820.out --cpu 1 /export/home/bio1901/Documents/29_BINP/OrthoSearch/busco_downloads/lineages/plasmodium_odb10/hmms/2481at5820.hmm Results/1_GeneSequences/PB.faa 
# Current dir:     /export/home/bio1901/Documents/29_BINP/OrthoSearch
# Date:            Sun Mar 15 17:52:51 2020
# [ok]
