#                                                                            --- full sequence --- -------------- this domain -------------   hmm coord   ali coord   env coord
# target name        accession   tlen query name           accession   qlen   E-value  score  bias   #  of  c-Evalue  i-Evalue  score  bias  from    to  from    to  from    to  acc description of target
#------------------- ---------- ----- -------------------- ---------- ----- --------- ------ ----- --- --- --------- --------- ------ ----- ----- ----- ----- ----- ----- ----- ---- ---------------------
3941_g               -           1041 249at5820            -           1994  7.8e-139  462.2 106.7   1   7   8.1e-43   1.6e-39  132.9  14.0   609   721    62   174    39   203 0.91 length=1041	scaffold=scaffold01527	strand=-	adjustedToFrame=2
3941_g               -           1041 249at5820            -           1994  7.8e-139  462.2 106.7   2   7         2   3.9e+03   -7.7   6.7   695   719   276   302   265   316 0.38 length=1041	scaffold=scaffold01527	strand=-	adjustedToFrame=2
3941_g               -           1041 249at5820            -           1994  7.8e-139  462.2 106.7   3   7         2     4e+03   -9.3  11.3   262   319   312   371   307   383 0.70 length=1041	scaffold=scaffold01527	strand=-	adjustedToFrame=2
3941_g               -           1041 249at5820            -           1994  7.8e-139  462.2 106.7   4   7     6e-81   1.2e-77  259.3  44.9   694   930   440   690   432   697 0.85 length=1041	scaffold=scaffold01527	strand=-	adjustedToFrame=2
3941_g               -           1041 249at5820            -           1994  7.8e-139  462.2 106.7   5   7         2     4e+03  -20.9  24.5   274   326   789   838   711   856 0.43 length=1041	scaffold=scaffold01527	strand=-	adjustedToFrame=2
3941_g               -           1041 249at5820            -           1994  7.8e-139  462.2 106.7   6   7     1e-14     2e-11   39.7  14.5   921   978   858   914   846   919 0.84 length=1041	scaffold=scaffold01527	strand=-	adjustedToFrame=2
3941_g               -           1041 249at5820            -           1994  7.8e-139  462.2 106.7   7   7   1.3e-25   2.7e-22   75.8   9.2   970  1023   988  1041   985  1041 0.98 length=1041	scaffold=scaffold01527	strand=-	adjustedToFrame=2
2163_g               -            193 249at5820            -           1994   5.4e-67  224.0  36.1   1   1     3e-70   6.1e-67  223.8  36.1     1   185     1   193     1   193 0.94 length=193	scaffold=scaffold00413	strand=-
#
# Program:         hmmsearch
# Version:         3.1b2 (February 2015)
# Pipeline mode:   SEARCH
# Query file:      /export/home/bio1901/Documents/29_BINP/OrthoSearch/busco_downloads/lineages/plasmodium_odb10/hmms/249at5820.hmm
# Target file:     Results/1_GeneSequences/PB.faa
# Option settings: /home/users/bio1901/miniconda3/envs/busco/bin/hmmsearch --domtblout /export/home/bio1901/Documents/29_BINP/OrthoSearch/PB/run_plasmodium_odb10/hmmer_output/249at5820.out --cpu 1 /export/home/bio1901/Documents/29_BINP/OrthoSearch/busco_downloads/lineages/plasmodium_odb10/hmms/249at5820.hmm Results/1_GeneSequences/PB.faa 
# Current dir:     /export/home/bio1901/Documents/29_BINP/OrthoSearch
# Date:            Sun Mar 15 17:52:54 2020
# [ok]
