#                                                                            --- full sequence --- -------------- this domain -------------   hmm coord   ali coord   env coord
# target name        accession   tlen query name           accession   qlen   E-value  score  bias   #  of  c-Evalue  i-Evalue  score  bias  from    to  from    to  from    to  acc description of target
#------------------- ---------- ----- -------------------- ---------- ----- --------- ------ ----- --- --- --------- --------- ------ ----- ----- ----- ----- ----- ----- ----- ---- ---------------------
1222_g               -           2305 252at5820            -           1874         0 1177.2 130.9   1   3         6     4e+03   -8.3   5.0  1163  1176   175   188   119   234 0.51 length=2305	scaffold=scaffold00165	strand=-	adjustedToFrame=2
1222_g               -           2305 252at5820            -           1874         0 1177.2 130.9   2   3  8.5e-269  5.6e-266  883.5 100.6    54  1266   346  1848   337  1856 0.86 length=2305	scaffold=scaffold00165	strand=-	adjustedToFrame=2
1222_g               -           2305 252at5820            -           1874         0 1177.2 130.9   3   3   4.1e-95   2.7e-92  307.6   9.3  1534  1869  1930  2302  1912  2304 0.85 length=2305	scaffold=scaffold00165	strand=-	adjustedToFrame=2
1221_g               -           2797 252at5820            -           1874   3.4e-67  224.4 124.8   1   9         6     4e+03  -20.7  18.3  1535  1535   264   264   237   287 0.50 length=2797	scaffold=scaffold00165	strand=-
1221_g               -           2797 252at5820            -           1874   3.4e-67  224.4 124.8   2   9     3e-29     2e-26   89.3  39.4   888  1477   364   991   356   996 0.71 length=2797	scaffold=scaffold00165	strand=-
1221_g               -           2797 252at5820            -           1874   3.4e-67  224.4 124.8   3   9   7.7e-19   5.1e-16   54.7  37.0   541  1093   654  1228   640  1251 0.76 length=2797	scaffold=scaffold00165	strand=-
1221_g               -           2797 252at5820            -           1874   3.4e-67  224.4 124.8   4   9   1.9e-20   1.3e-17   60.1   2.2   878  1094  1424  1679  1416  1694 0.81 length=2797	scaffold=scaffold00165	strand=-
1221_g               -           2797 252at5820            -           1874   3.4e-67  224.4 124.8   5   9    0.0041       2.8    2.6   0.7   487   592  1695  1795  1674  1829 0.70 length=2797	scaffold=scaffold00165	strand=-
1221_g               -           2797 252at5820            -           1874   3.4e-67  224.4 124.8   6   9   4.4e-13   2.9e-10   35.7   1.3  1716  1872  1874  2025  1864  2027 0.89 length=2797	scaffold=scaffold00165	strand=-
1221_g               -           2797 252at5820            -           1874   3.4e-67  224.4 124.8   7   9    0.0085       5.7    1.5   2.1   504   591  2033  2133  2021  2137 0.77 length=2797	scaffold=scaffold00165	strand=-
1221_g               -           2797 252at5820            -           1874   3.4e-67  224.4 124.8   8   9   6.2e-12   4.1e-09   31.8   3.5   937  1116  2225  2423  2196  2465 0.73 length=2797	scaffold=scaffold00165	strand=-
1221_g               -           2797 252at5820            -           1874   3.4e-67  224.4 124.8   9   9   1.2e-12   7.8e-10   34.2   3.0   898  1138  2511  2755  2496  2768 0.71 length=2797	scaffold=scaffold00165	strand=-
1887_g               -            310 252at5820            -           1874   3.5e-13   45.3   5.2   1   2   1.2e-09   7.8e-07   24.3   0.8   914  1034    44   161    30   161 0.82 length=310	scaffold=scaffold00325	strand=-
1887_g               -            310 252at5820            -           1874   3.5e-13   45.3   5.2   2   2     3e-10     2e-07   26.3   1.2  1341  1477   142   293   137   303 0.77 length=310	scaffold=scaffold00325	strand=-
861_g                -            442 252at5820            -           1874   1.2e-09   33.6   0.6   1   3   7.2e-05     0.048    8.4   0.0   914  1002    24   117     5   127 0.74 length=442	scaffold=scaffold00097	strand=-	adjustedToFrame=3
861_g                -            442 252at5820            -           1874   1.2e-09   33.6   0.6   2   3   1.8e-10   1.2e-07   27.0   0.1  1309  1469    94   264    93   269 0.81 length=442	scaffold=scaffold00097	strand=-	adjustedToFrame=3
861_g                -            442 252at5820            -           1874   1.2e-09   33.6   0.6   3   3      0.35   2.3e+02   -3.8   0.0  1409  1468   366   427   363   429 0.56 length=442	scaffold=scaffold00097	strand=-	adjustedToFrame=3
1888_g               -            553 252at5820            -           1874   1.4e-08   30.1   0.3   1   1   3.5e-11   2.3e-08   29.3   0.3   914  1074    21   186     9   292 0.72 length=553	scaffold=scaffold00325	strand=-	adjustedToFrame=3
1629_g               -            519 252at5820            -           1874   7.3e-06   21.1   0.0   1   1   3.6e-08   2.4e-05   19.4   0.0   915  1076    45   211    35   232 0.68 length=519	scaffold=scaffold00257	strand=+
#
# Program:         hmmsearch
# Version:         3.1b2 (February 2015)
# Pipeline mode:   SEARCH
# Query file:      /export/home/bio1901/Documents/29_BINP/OrthoSearch/busco_downloads/lineages/plasmodium_odb10/hmms/252at5820.hmm
# Target file:     Results/1_GeneSequences/PB.faa
# Option settings: /home/users/bio1901/miniconda3/envs/busco/bin/hmmsearch --domtblout /export/home/bio1901/Documents/29_BINP/OrthoSearch/PB/run_plasmodium_odb10/hmmer_output/252at5820.out --cpu 1 /export/home/bio1901/Documents/29_BINP/OrthoSearch/busco_downloads/lineages/plasmodium_odb10/hmms/252at5820.hmm Results/1_GeneSequences/PB.faa 
# Current dir:     /export/home/bio1901/Documents/29_BINP/OrthoSearch
# Date:            Sun Mar 15 17:53:17 2020
# [ok]
