#                                                                            --- full sequence --- -------------- this domain -------------   hmm coord   ali coord   env coord
# target name        accession   tlen query name           accession   qlen   E-value  score  bias   #  of  c-Evalue  i-Evalue  score  bias  from    to  from    to  from    to  acc description of target
#------------------- ---------- ----- -------------------- ---------- ----- --------- ------ ----- --- --- --------- --------- ------ ----- ----- ----- ----- ----- ----- ----- ---- ---------------------
1840_g               -            483 2563at5820           -            842  6.6e-201  667.5  51.2   1   2   2.4e-83   1.9e-80  269.0  21.7   314   526     3   218     1   223 0.95 length=483	scaffold=scaffold00313	strand=-
1840_g               -            483 2563at5820           -            842  6.6e-201  667.5  51.2   2   2  5.7e-123  4.5e-120  400.1  21.6   552   842   216   482   215   482 0.94 length=483	scaffold=scaffold00313	strand=-
1842_g               -            662 2563at5820           -            842   1.7e-69  232.8  13.3   1   4         5     4e+03  -12.6  17.2     7   122    33   149    26   183 0.63 length=662	scaffold=scaffold00313	strand=-
1842_g               -            662 2563at5820           -            842   1.7e-69  232.8  13.3   2   4         5     4e+03  -15.9  19.5    27   115   155   248   130   264 0.48 length=662	scaffold=scaffold00313	strand=-
1842_g               -            662 2563at5820           -            842   1.7e-69  232.8  13.3   3   4         5     4e+03  -16.2  25.9    24   125   264   370   241   395 0.58 length=662	scaffold=scaffold00313	strand=-
1842_g               -            662 2563at5820           -            842   1.7e-69  232.8  13.3   4   4   2.1e-72   1.7e-69  232.8  13.3    58   272   416   661   380   661 0.81 length=662	scaffold=scaffold00313	strand=-
1843_g               -            237 2563at5820           -            842   2.7e-56  189.1   8.1   1   1   3.7e-59   2.9e-56  189.0   8.1   584   803    16   232     2   237 0.95 length=237	scaffold=scaffold00313	strand=+
2121_g               -            433 2563at5820           -            842   2.1e-45  153.1  13.8   1   3   2.7e-48   2.1e-45  153.1  13.8   585   805     9   231     2   254 0.86 length=433	scaffold=scaffold00398	strand=-
2121_g               -            433 2563at5820           -            842   2.1e-45  153.1  13.8   2   3     0.068        54   -0.4   4.1    37   106   215   284   202   298 0.58 length=433	scaffold=scaffold00398	strand=-
2121_g               -            433 2563at5820           -            842   2.1e-45  153.1  13.8   3   3       2.8   2.3e+03   -5.8   6.5    76   107   357   385   273   431 0.46 length=433	scaffold=scaffold00398	strand=-
2930_g               -            723 2563at5820           -            842   5.2e-40  135.3  21.9   1   3   6.5e-43   5.2e-40  135.3  21.9   478   741   196   469   153   523 0.81 length=723	scaffold=scaffold00746	strand=-
2930_g               -            723 2563at5820           -            842   5.2e-40  135.3  21.9   2   3    0.0008      0.64    5.9   2.9   752   826   522   594   507   606 0.78 length=723	scaffold=scaffold00746	strand=-
2930_g               -            723 2563at5820           -            842   5.2e-40  135.3  21.9   3   3         5     4e+03  -10.5   6.9   814   822   672   680   646   714 0.57 length=723	scaffold=scaffold00746	strand=-
#
# Program:         hmmsearch
# Version:         3.1b2 (February 2015)
# Pipeline mode:   SEARCH
# Query file:      /export/home/bio1901/Documents/29_BINP/OrthoSearch/busco_downloads/lineages/plasmodium_odb10/hmms/2563at5820.hmm
# Target file:     Results/1_GeneSequences/PB.faa
# Option settings: /home/users/bio1901/miniconda3/envs/busco/bin/hmmsearch --domtblout /export/home/bio1901/Documents/29_BINP/OrthoSearch/PB/run_plasmodium_odb10/hmmer_output/2563at5820.out --cpu 1 /export/home/bio1901/Documents/29_BINP/OrthoSearch/busco_downloads/lineages/plasmodium_odb10/hmms/2563at5820.hmm Results/1_GeneSequences/PB.faa 
# Current dir:     /export/home/bio1901/Documents/29_BINP/OrthoSearch
# Date:            Sun Mar 15 17:53:22 2020
# [ok]
