#                                                                            --- full sequence --- -------------- this domain -------------   hmm coord   ali coord   env coord
# target name        accession   tlen query name           accession   qlen   E-value  score  bias   #  of  c-Evalue  i-Evalue  score  bias  from    to  from    to  from    to  acc description of target
#------------------- ---------- ----- -------------------- ---------- ----- --------- ------ ----- --- --- --------- --------- ------ ----- ----- ----- ----- ----- ----- ----- ---- ---------------------
1560_g               -           1647 2584at5820           -            782  1.9e-178  593.0 136.2   1   7     1e-18   4.1e-15   52.8  21.0    34   152    62   197    26   218 0.59 length=1647	scaffold=scaffold00241	strand=-	adjustedToFrame=2
1560_g               -           1647 2584at5820           -            782  1.9e-178  593.0 136.2   2   7   3.8e-09   1.5e-05   21.2  10.6    99   181   284   367   255   393 0.79 length=1647	scaffold=scaffold00241	strand=-	adjustedToFrame=2
1560_g               -           1647 2584at5820           -            782  1.9e-178  593.0 136.2   3   7   1.8e-70   7.2e-67  224.0  10.4   158   339   689   873   589   878 0.83 length=1647	scaffold=scaffold00241	strand=-	adjustedToFrame=2
1560_g               -           1647 2584at5820           -            782  1.9e-178  593.0 136.2   4   7   1.8e-38   7.4e-35  118.1  26.1   330   498  1055  1236  1047  1242 0.86 length=1647	scaffold=scaffold00241	strand=-	adjustedToFrame=2
1560_g               -           1647 2584at5820           -            782  1.9e-178  593.0 136.2   5   7   1.1e-15   4.2e-12   42.9   2.8   472   531  1247  1307  1241  1309 0.88 length=1647	scaffold=scaffold00241	strand=-	adjustedToFrame=2
1560_g               -           1647 2584at5820           -            782  1.9e-178  593.0 136.2   6   7   4.3e-14   1.7e-10   37.5   5.4   584   654  1308  1389  1306  1394 0.75 length=1647	scaffold=scaffold00241	strand=-	adjustedToFrame=2
1560_g               -           1647 2584at5820           -            782  1.9e-178  593.0 136.2   7   7   3.4e-44   1.3e-40  137.1   8.7   646   782  1497  1636  1492  1636 0.93 length=1647	scaffold=scaffold00241	strand=-	adjustedToFrame=2
#
# Program:         hmmsearch
# Version:         3.1b2 (February 2015)
# Pipeline mode:   SEARCH
# Query file:      /export/home/bio1901/Documents/29_BINP/OrthoSearch/busco_downloads/lineages/plasmodium_odb10/hmms/2584at5820.hmm
# Target file:     Results/1_GeneSequences/PB.faa
# Option settings: /home/users/bio1901/miniconda3/envs/busco/bin/hmmsearch --domtblout /export/home/bio1901/Documents/29_BINP/OrthoSearch/PB/run_plasmodium_odb10/hmmer_output/2584at5820.out --cpu 1 /export/home/bio1901/Documents/29_BINP/OrthoSearch/busco_downloads/lineages/plasmodium_odb10/hmms/2584at5820.hmm Results/1_GeneSequences/PB.faa 
# Current dir:     /export/home/bio1901/Documents/29_BINP/OrthoSearch
# Date:            Sun Mar 15 17:53:23 2020
# [ok]
