#                                                                            --- full sequence --- -------------- this domain -------------   hmm coord   ali coord   env coord
# target name        accession   tlen query name           accession   qlen   E-value  score  bias   #  of  c-Evalue  i-Evalue  score  bias  from    to  from    to  from    to  acc description of target
#------------------- ---------- ----- -------------------- ---------- ----- --------- ------ ----- --- --- --------- --------- ------ ----- ----- ----- ----- ----- ----- ----- ---- ---------------------
3307_g               -            977 2585at5820           -            739  3.5e-170  565.3 119.6   1   8   1.2e-12   3.8e-10   36.3   8.7   183   224    11    52     5    64 0.93 length=977	scaffold=scaffold00982	strand=+
3307_g               -            977 2585at5820           -            739  3.5e-170  565.3 119.6   2   8   7.2e-26   2.2e-23   80.0  12.3   216   301    75   159    62   165 0.84 length=977	scaffold=scaffold00982	strand=+
3307_g               -            977 2585at5820           -            739  3.5e-170  565.3 119.6   3   8   1.4e-49   4.2e-47  158.4  15.0   258   392   195   338   182   342 0.86 length=977	scaffold=scaffold00982	strand=+
3307_g               -            977 2585at5820           -            739  3.5e-170  565.3 119.6   4   8   1.9e-48   5.7e-46  154.7   7.5   391   494   407   516   382   543 0.86 length=977	scaffold=scaffold00982	strand=+
3307_g               -            977 2585at5820           -            739  3.5e-170  565.3 119.6   5   8   4.1e-16   1.3e-13   47.8   1.9   560   597   557   594   526   621 0.89 length=977	scaffold=scaffold00982	strand=+
3307_g               -            977 2585at5820           -            739  3.5e-170  565.3 119.6   6   8   2.5e-20   7.6e-18   61.7  12.0   595   666   661   735   652   758 0.83 length=977	scaffold=scaffold00982	strand=+
3307_g               -            977 2585at5820           -            739  3.5e-170  565.3 119.6   7   8      0.13        41   -0.2   4.9   637   695   774   833   752   878 0.76 length=977	scaffold=scaffold00982	strand=+
3307_g               -            977 2585at5820           -            739  3.5e-170  565.3 119.6   8   8   2.5e-22   7.8e-20   68.3   3.8   689   739   918   968   899   969 0.93 length=977	scaffold=scaffold00982	strand=+
2139_g               -            551 2585at5820           -            739   9.2e-24   81.3   5.9   1   2   8.6e-07   0.00026   16.9   0.1    20   109    93   187    72   201 0.69 length=551	scaffold=scaffold00403	strand=+
2139_g               -            551 2585at5820           -            739   9.2e-24   81.3   5.9   2   2   1.8e-21   5.4e-19   65.5   2.1   505   624   378   499   350   543 0.90 length=551	scaffold=scaffold00403	strand=+
1925_g               -            866 2585at5820           -            739   1.7e-20   70.4   8.4   1   3     4e-08   1.2e-05   21.3   1.0    50   117   315   386   291   400 0.84 length=866	scaffold=scaffold00338	strand=-
1925_g               -            866 2585at5820           -            739   1.7e-20   70.4   8.4   2   3       1.3   4.1e+02   -3.5   0.0   312   344   454   489   452   492 0.71 length=866	scaffold=scaffold00338	strand=-
1925_g               -            866 2585at5820           -            739   1.7e-20   70.4   8.4   3   3   1.1e-17   3.4e-15   53.0   0.5   484   616   589   722   577   748 0.88 length=866	scaffold=scaffold00338	strand=-
207_g                -            641 2585at5820           -            739     2e-20   70.2   0.1   1   2   1.7e-07   5.2e-05   19.3   0.1    16   106   161   252   149   256 0.92 length=641	scaffold=scaffold00014	strand=+
207_g                -            641 2585at5820           -            739     2e-20   70.2   0.1   2   2   2.1e-16   6.5e-14   48.7   0.0   505   609   446   551   412   570 0.87 length=641	scaffold=scaffold00014	strand=+
2156_g               -            475 2585at5820           -            739   5.7e-19   65.4   0.1   1   2     0.031       9.6    1.9   0.0    70   109    82   121    63   123 0.82 length=475	scaffold=scaffold00410	strand=+
2156_g               -            475 2585at5820           -            739   5.7e-19   65.4   0.1   2   2   4.6e-20   1.4e-17   60.8   0.0   487   614   319   447   300   462 0.88 length=475	scaffold=scaffold00410	strand=+
1618_g               -            391 2585at5820           -            739   3.5e-16   56.2   0.1   1   2    0.0012      0.36    6.6   0.0    44   110    17    80     4   100 0.78 length=391	scaffold=scaffold00254	strand=-
1618_g               -            391 2585at5820           -            739   3.5e-16   56.2   0.1   2   2   5.5e-16   1.7e-13   47.3   0.1   490   626   243   380   215   386 0.88 length=391	scaffold=scaffold00254	strand=-
1091_g               -            493 2585at5820           -            739   4.3e-16   55.9   2.2   1   2    0.0012      0.36    6.6   0.0    48   109   153   214   129   237 0.85 length=493	scaffold=scaffold00138	strand=-
1091_g               -            493 2585at5820           -            739   4.3e-16   55.9   2.2   2   2   1.4e-18   4.3e-16   55.9   2.2   493   608   346   462   317   472 0.88 length=493	scaffold=scaffold00138	strand=-
2407_g               -            396 2585at5820           -            739   1.5e-15   54.1   0.1   1   2     0.015       4.6    2.9   0.0    40   110    17    87     3   118 0.82 length=396	scaffold=scaffold00502	strand=+
2407_g               -            396 2585at5820           -            739   1.5e-15   54.1   0.1   2   2   1.4e-16   4.4e-14   49.3   0.0   493   610   249   367   224   388 0.86 length=396	scaffold=scaffold00502	strand=+
1035_g               -            652 2585at5820           -            739   2.7e-15   53.2  10.3   1   2   2.8e-05    0.0087   11.9   2.1    51   144   238   330   195   370 0.70 length=652	scaffold=scaffold00126	strand=-	adjustedToFrame=2
1035_g               -            652 2585at5820           -            739   2.7e-15   53.2  10.3   2   2   3.1e-15   9.6e-13   44.8   1.3   498   597   504   604   468   638 0.89 length=652	scaffold=scaffold00126	strand=-	adjustedToFrame=2
2422_g               -            654 2585at5820           -            739   8.7e-15   51.6   6.5   1   3   3.2e-07   9.9e-05   18.3   0.2    27   112   219   304   196   312 0.76 length=654	scaffold=scaffold00506	strand=-
2422_g               -            654 2585at5820           -            739   8.7e-15   51.6   6.5   2   3      0.11        33    0.1   0.2   313   365   363   419   354   447 0.76 length=654	scaffold=scaffold00506	strand=-
2422_g               -            654 2585at5820           -            739   8.7e-15   51.6   6.5   3   3   5.6e-15   1.7e-12   44.0   2.1   495   597   474   577   462   649 0.88 length=654	scaffold=scaffold00506	strand=-
4074_g               -            889 2585at5820           -            739   2.8e-14   49.9   3.8   1   2   1.1e-06   0.00033   16.6   0.0    59   109    72   122    33   126 0.87 length=889	scaffold=scaffold01665	strand=-	adjustedToFrame=3
4074_g               -            889 2585at5820           -            739   2.8e-14   49.9   3.8   2   2   1.9e-14   5.8e-12   42.3   1.7   496   626   299   431   278   459 0.85 length=889	scaffold=scaffold01665	strand=-	adjustedToFrame=3
3826_g               -           1126 2585at5820           -            739   1.5e-13   47.5   0.0   1   3       7.6   2.3e+03   -6.0   2.9   656   692   109   145    74   160 0.55 length=1126	scaffold=scaffold01419	strand=-	adjustedToFrame=3
3826_g               -           1126 2585at5820           -            739   1.5e-13   47.5   0.0   2   3    0.0041       1.3    4.8   0.0    50   108   703   761   661   766 0.87 length=1126	scaffold=scaffold01419	strand=-	adjustedToFrame=3
3826_g               -           1126 2585at5820           -            739   1.5e-13   47.5   0.0   3   3     5e-16   1.5e-13   47.5   0.0   494   630   958  1097   941  1110 0.87 length=1126	scaffold=scaffold01419	strand=-	adjustedToFrame=3
1604_g               -            597 2585at5820           -            739   1.6e-10   37.5  19.1   1   2   1.5e-06   0.00046   16.1   7.1     9   110    78   183    73   217 0.76 length=597	scaffold=scaffold00250	strand=-	adjustedToFrame=2
1604_g               -            597 2585at5820           -            739   1.6e-10   37.5  19.1   2   2   9.9e-10     3e-07   26.6   4.1   496   619   365   490   300   505 0.79 length=597	scaffold=scaffold00250	strand=-	adjustedToFrame=2
#
# Program:         hmmsearch
# Version:         3.1b2 (February 2015)
# Pipeline mode:   SEARCH
# Query file:      /export/home/bio1901/Documents/29_BINP/OrthoSearch/busco_downloads/lineages/plasmodium_odb10/hmms/2585at5820.hmm
# Target file:     Results/1_GeneSequences/PB.faa
# Option settings: /home/users/bio1901/miniconda3/envs/busco/bin/hmmsearch --domtblout /export/home/bio1901/Documents/29_BINP/OrthoSearch/PB/run_plasmodium_odb10/hmmer_output/2585at5820.out --cpu 1 /export/home/bio1901/Documents/29_BINP/OrthoSearch/busco_downloads/lineages/plasmodium_odb10/hmms/2585at5820.hmm Results/1_GeneSequences/PB.faa 
# Current dir:     /export/home/bio1901/Documents/29_BINP/OrthoSearch
# Date:            Sun Mar 15 17:53:23 2020
# [ok]
