#                                                                            --- full sequence --- -------------- this domain -------------   hmm coord   ali coord   env coord
# target name        accession   tlen query name           accession   qlen   E-value  score  bias   #  of  c-Evalue  i-Evalue  score  bias  from    to  from    to  from    to  acc description of target
#------------------- ---------- ----- -------------------- ---------- ----- --------- ------ ----- --- --- --------- --------- ------ ----- ----- ----- ----- ----- ----- ----- ---- ---------------------
2820_g               -           1404 2594at5820           -           1171  9.6e-166  551.3 276.8   1   7       0.1        59   -1.1   0.1     5    42     5    43     3    50 0.76 length=1404	scaffold=scaffold00687	strand=-	adjustedToFrame=3
2820_g               -           1404 2594at5820           -           1171  9.6e-166  551.3 276.8   2   7  9.4e-106  5.4e-103  343.5  63.9    18   330    62   364    45   373 0.92 length=1404	scaffold=scaffold00687	strand=-	adjustedToFrame=3
2820_g               -           1404 2594at5820           -           1171  9.6e-166  551.3 276.8   3   7   8.1e-19   4.6e-16   55.6   6.1   327   388   418   479   406   487 0.89 length=1404	scaffold=scaffold00687	strand=-	adjustedToFrame=3
2820_g               -           1404 2594at5820           -           1171  9.6e-166  551.3 276.8   4   7   8.6e-09   4.9e-06   22.4  12.3   380   489   526   641   515   654 0.66 length=1404	scaffold=scaffold00687	strand=-	adjustedToFrame=3
2820_g               -           1404 2594at5820           -           1171  9.6e-166  551.3 276.8   5   7       6.2   3.5e+03   -7.0  22.2   829   920   660   757   653   761 0.47 length=1404	scaffold=scaffold00687	strand=-	adjustedToFrame=3
2820_g               -           1404 2594at5820           -           1171  9.6e-166  551.3 276.8   6   7   6.7e-14   3.8e-11   39.3  34.4   578   740   715   883   710   891 0.59 length=1404	scaffold=scaffold00687	strand=-	adjustedToFrame=3
2820_g               -           1404 2594at5820           -           1171  9.6e-166  551.3 276.8   7   7     6e-39   3.4e-36  122.2 120.9   670  1108   863  1380   856  1402 0.58 length=1404	scaffold=scaffold00687	strand=-	adjustedToFrame=3
659_g                -            370 2594at5820           -           1171   3.8e-32  108.8  97.7   1   6   1.4e-05    0.0079   11.7   9.2   255   295    27    67    18    76 0.92 length=370	scaffold=scaffold00067	strand=-
659_g                -            370 2594at5820           -           1171   3.8e-32  108.8  97.7   2   6   4.9e-10   2.8e-07   26.5   8.7   257   301    75   119    68   122 0.90 length=370	scaffold=scaffold00067	strand=-
659_g                -            370 2594at5820           -           1171   3.8e-32  108.8  97.7   3   6   2.4e-10   1.4e-07   27.5  23.4   217   302   121   222   119   222 0.94 length=370	scaffold=scaffold00067	strand=-
659_g                -            370 2594at5820           -           1171   3.8e-32  108.8  97.7   4   6   3.8e-10   2.2e-07   26.8  12.7   253   302   196   245   193   246 0.90 length=370	scaffold=scaffold00067	strand=-
659_g                -            370 2594at5820           -           1171   3.8e-32  108.8  97.7   5   6   2.2e-09   1.3e-06   24.3   9.1   256   302   245   291   243   292 0.96 length=370	scaffold=scaffold00067	strand=-
659_g                -            370 2594at5820           -           1171   3.8e-32  108.8  97.7   6   6   1.4e-10     8e-08   28.3   6.9   256   317   291   353   289   365 0.87 length=370	scaffold=scaffold00067	strand=-
2942_g               -           1391 2594at5820           -           1171   1.2e-09   34.3  39.9   1   7         7     4e+03  -12.1  18.8   819   892    30   106     4   173 0.44 length=1391	scaffold=scaffold00752	strand=-
2942_g               -           1391 2594at5820           -           1171   1.2e-09   34.3  39.9   2   7   9.4e-06    0.0054   12.3   2.4   216   274   209   250   188   250 0.91 length=1391	scaffold=scaffold00752	strand=-
2942_g               -           1391 2594at5820           -           1171   1.2e-09   34.3  39.9   3   7   2.1e-12   1.2e-09   34.3  39.9   124   313   234   403   231   423 0.88 length=1391	scaffold=scaffold00752	strand=-
2942_g               -           1391 2594at5820           -           1171   1.2e-09   34.3  39.9   4   7         7     4e+03  -22.6  33.8   780   949   470   653   391   780 0.56 length=1391	scaffold=scaffold00752	strand=-
2942_g               -           1391 2594at5820           -           1171   1.2e-09   34.3  39.9   5   7         5   2.9e+03   -6.7  21.3   839   920  1000  1086   982  1089 0.39 length=1391	scaffold=scaffold00752	strand=-
2942_g               -           1391 2594at5820           -           1171   1.2e-09   34.3  39.9   6   7         7     4e+03   -9.1  26.9   792   905  1073  1198  1070  1212 0.47 length=1391	scaffold=scaffold00752	strand=-
2942_g               -           1391 2594at5820           -           1171   1.2e-09   34.3  39.9   7   7         7     4e+03  -14.3  47.0   796   921  1165  1286  1162  1334 0.53 length=1391	scaffold=scaffold00752	strand=-
3174_g               -            386 2594at5820           -           1171   1.3e-08   30.9  25.5   1   3   7.1e-08     4e-05   19.3   7.2   254   296    41    83    24    89 0.88 length=386	scaffold=scaffold00896	strand=+
3174_g               -            386 2594at5820           -           1171   1.3e-08   30.9  25.5   2   3         7     4e+03  -27.5  41.2   795   908    95   215    87   305 0.47 length=386	scaffold=scaffold00896	strand=+
3174_g               -            386 2594at5820           -           1171   1.3e-08   30.9  25.5   3   3   1.1e-09   6.3e-07   25.3  10.3   256   305   332   381   325   384 0.92 length=386	scaffold=scaffold00896	strand=+
1755_g               -            253 2594at5820           -           1171   1.6e-06   24.0   0.3   1   4    0.0014      0.81    5.1   2.2   276   302    50    76    48    78 0.90 length=253	scaffold=scaffold00289	strand=-
1755_g               -            253 2594at5820           -           1171   1.6e-06   24.0   0.3   2   4   2.8e-09   1.6e-06   24.0   0.3   255   313    75   133    70   140 0.92 length=253	scaffold=scaffold00289	strand=-
1755_g               -            253 2594at5820           -           1171   1.6e-06   24.0   0.3   3   4   0.00045      0.26    6.7  10.7   257   297   146   186   139   192 0.91 length=253	scaffold=scaffold00289	strand=-
1755_g               -            253 2594at5820           -           1171   1.6e-06   24.0   0.3   4   4     0.013       7.3    1.9   1.6   253   293   191   231   187   240 0.79 length=253	scaffold=scaffold00289	strand=-
2749_g               -            300 2594at5820           -           1171     0.014   10.9   0.9   1   1   3.1e-05     0.018   10.6   0.9   303   359   239   296   234   300 0.85 length=300	scaffold=scaffold00649	strand=+
2214_g               -            136 2594at5820           -           1171       4.1    2.7  26.0   1   1    0.0083       4.7    2.5  26.0   817   937     6   127     1   134 0.39 length=136	scaffold=scaffold00428	strand=-
#
# Program:         hmmsearch
# Version:         3.1b2 (February 2015)
# Pipeline mode:   SEARCH
# Query file:      /export/home/bio1901/Documents/29_BINP/OrthoSearch/busco_downloads/lineages/plasmodium_odb10/hmms/2594at5820.hmm
# Target file:     Results/1_GeneSequences/PB.faa
# Option settings: /home/users/bio1901/miniconda3/envs/busco/bin/hmmsearch --domtblout /export/home/bio1901/Documents/29_BINP/OrthoSearch/PB/run_plasmodium_odb10/hmmer_output/2594at5820.out --cpu 1 /export/home/bio1901/Documents/29_BINP/OrthoSearch/busco_downloads/lineages/plasmodium_odb10/hmms/2594at5820.hmm Results/1_GeneSequences/PB.faa 
# Current dir:     /export/home/bio1901/Documents/29_BINP/OrthoSearch
# Date:            Sun Mar 15 17:53:31 2020
# [ok]
