#                                                                            --- full sequence --- -------------- this domain -------------   hmm coord   ali coord   env coord
# target name        accession   tlen query name           accession   qlen   E-value  score  bias   #  of  c-Evalue  i-Evalue  score  bias  from    to  from    to  from    to  acc description of target
#------------------- ---------- ----- -------------------- ---------- ----- --------- ------ ----- --- --- --------- --------- ------ ----- ----- ----- ----- ----- ----- ----- ---- ---------------------
1268_g               -           5013 25at5820             -           4225         0 7277.8 232.3   1  10   5.7e-24   3.2e-21   71.2   1.5     1    55     1    55     1    65 0.95 length=5013	scaffold=scaffold00174	strand=-
1268_g               -           5013 25at5820             -           4225         0 7277.8 232.3   2  10     5e-27   2.8e-24   81.3   1.0    51   128    93   183    85   213 0.84 length=5013	scaffold=scaffold00174	strand=-
1268_g               -           5013 25at5820             -           4225         0 7277.8 232.3   3  10         0         0 3130.0 111.4   114  1909   212  2162   208  2175 0.94 length=5013	scaffold=scaffold00174	strand=-
1268_g               -           5013 25at5820             -           4225         0 7277.8 232.3   4  10  3.2e-141  1.8e-138  460.4   1.7  1901  2149  2211  2470  2202  2487 0.93 length=5013	scaffold=scaffold00174	strand=-
1268_g               -           5013 25at5820             -           4225         0 7277.8 232.3   5  10   1.4e-37   7.8e-35  116.4   0.7  2154  2255  2601  2698  2597  2724 0.88 length=5013	scaffold=scaffold00174	strand=-
1268_g               -           5013 25at5820             -           4225         0 7277.8 232.3   6  10         0         0 2545.5  34.7  2252  3499  2733  4013  2729  4017 0.98 length=5013	scaffold=scaffold00174	strand=-
1268_g               -           5013 25at5820             -           4225         0 7277.8 232.3   7  10     5e-20   2.8e-17   58.1   1.8  3526  3681  4014  4176  4011  4184 0.80 length=5013	scaffold=scaffold00174	strand=-
1268_g               -           5013 25at5820             -           4225         0 7277.8 232.3   8  10  1.2e-192  6.9e-190  631.0   4.2  3624  3991  4223  4607  4216  4630 0.95 length=5013	scaffold=scaffold00174	strand=-
1268_g               -           5013 25at5820             -           4225         0 7277.8 232.3   9  10   4.8e-40   2.7e-37  124.5   7.1  3985  4101  4701  4826  4693  4852 0.88 length=5013	scaffold=scaffold00174	strand=-
1268_g               -           5013 25at5820             -           4225         0 7277.8 232.3  10  10   5.2e-36   2.9e-33  111.2   1.2  4094  4224  4865  5011  4860  5012 0.85 length=5013	scaffold=scaffold00174	strand=-
1284_g               -           5635 25at5820             -           4225  7.3e-275  913.1 148.1   1  10      0.13        74   -3.0   2.7  3251  3343   291   384   268   387 0.73 length=5635	scaffold=scaffold00178	strand=-
1284_g               -           5635 25at5820             -           4225  7.3e-275  913.1 148.1   2  10      0.12        69   -2.9   6.0   436   578   679   814   624   837 0.76 length=5635	scaffold=scaffold00178	strand=-
1284_g               -           5635 25at5820             -           4225  7.3e-275  913.1 148.1   3  10         7     4e+03  -31.5  41.4   576   876   936  1231   928  1316 0.54 length=5635	scaffold=scaffold00178	strand=-
1284_g               -           5635 25at5820             -           4225  7.3e-275  913.1 148.1   4  10         7     4e+03  -13.0  12.7  1156  1290  1788  1926  1714  1954 0.68 length=5635	scaffold=scaffold00178	strand=-
1284_g               -           5635 25at5820             -           4225  7.3e-275  913.1 148.1   5  10  7.9e-167  4.5e-164  545.4  47.2  1297  2181  2042  2995  2009  3034 0.81 length=5635	scaffold=scaffold00178	strand=-
1284_g               -           5635 25at5820             -           4225  7.3e-275  913.1 148.1   6  10     2e-16   1.2e-13   46.1   7.5  2256  2596  3217  3572  3206  3590 0.74 length=5635	scaffold=scaffold00178	strand=-
1284_g               -           5635 25at5820             -           4225  7.3e-275  913.1 148.1   7  10   1.3e-21   7.2e-19   63.4   0.6  2594  2748  3648  3803  3615  3816 0.87 length=5635	scaffold=scaffold00178	strand=-
1284_g               -           5635 25at5820             -           4225  7.3e-275  913.1 148.1   8  10   2.2e-73   1.3e-70  235.2  49.7  2758  3527  3881  4672  3869  4764 0.81 length=5635	scaffold=scaffold00178	strand=-
1284_g               -           5635 25at5820             -           4225  7.3e-275  913.1 148.1   9  10   3.8e-30   2.1e-27   91.7  12.7  3632  4075  4925  5355  4914  5400 0.76 length=5635	scaffold=scaffold00178	strand=-
1284_g               -           5635 25at5820             -           4225  7.3e-275  913.1 148.1  10  10   5.7e-05     0.032    8.1   0.8  4018  4148  5398  5528  5392  5535 0.77 length=5635	scaffold=scaffold00178	strand=-
2933_g               -           2205 25at5820             -           4225  7.4e-133  441.8  84.9   1   3   9.8e-85   5.6e-82  272.9  45.4  2589  3366   138   913   104   955 0.85 length=2205	scaffold=scaffold00748	strand=-	adjustedToFrame=2
2933_g               -           2205 25at5820             -           4225  7.4e-133  441.8  84.9   2   3   1.6e-22   9.3e-20   66.4   6.7  3358  3529  1043  1216  1006  1233 0.90 length=2205	scaffold=scaffold00748	strand=-	adjustedToFrame=2
2933_g               -           2205 25at5820             -           4225  7.4e-133  441.8  84.9   3   3     9e-36   5.1e-33  110.4  16.7  3628  4192  1545  2146  1539  2170 0.75 length=2205	scaffold=scaffold00748	strand=-	adjustedToFrame=2
2584_g               -           1542 25at5820             -           4225   4.4e-85  283.2  85.6   1   3   3.1e-65   1.7e-62  208.2  36.2  1991  2825     2   854     1   872 0.76 length=1542	scaffold=scaffold00569	strand=+
2584_g               -           1542 25at5820             -           4225   4.4e-85  283.2  85.6   2   3   9.8e-28   5.6e-25   83.7  36.8  2842  3244   972  1390   957  1409 0.84 length=1542	scaffold=scaffold00569	strand=+
2584_g               -           1542 25at5820             -           4225   4.4e-85  283.2  85.6   3   3     0.023        13   -0.5   0.1  3253  3294  1500  1542  1487  1542 0.81 length=1542	scaffold=scaffold00569	strand=+
501_g                -           5635 25at5820             -           4225   1.1e-72  242.0 204.4   1  14       4.7   2.7e+03   -8.2   7.5  1129  1254   136   259    39   309 0.61 length=5635	scaffold=scaffold00047	strand=-	adjustedToFrame=2
501_g                -           5635 25at5820             -           4225   1.1e-72  242.0 204.4   2  14     0.042        24   -1.4  18.1  1223  1399   370   547   324   551 0.73 length=5635	scaffold=scaffold00047	strand=-	adjustedToFrame=2
501_g                -           5635 25at5820             -           4225   1.1e-72  242.0 204.4   3  14   2.8e-07   0.00016   15.8   0.2  1481  1530   552   603   539   612 0.82 length=5635	scaffold=scaffold00047	strand=-	adjustedToFrame=2
501_g                -           5635 25at5820             -           4225   1.1e-72  242.0 204.4   4  14      0.49   2.8e+02   -4.9   7.8  1515  1672   809   973   790   999 0.52 length=5635	scaffold=scaffold00047	strand=-	adjustedToFrame=2
501_g                -           5635 25at5820             -           4225   1.1e-72  242.0 204.4   5  14     1e-21   5.9e-19   63.7   0.8  1666  1809  1209  1351  1189  1365 0.89 length=5635	scaffold=scaffold00047	strand=-	adjustedToFrame=2
501_g                -           5635 25at5820             -           4225   1.1e-72  242.0 204.4   6  14   5.7e-10   3.3e-07   24.7   1.8  1806  1901  1584  1679  1580  1686 0.96 length=5635	scaffold=scaffold00047	strand=-	adjustedToFrame=2
501_g                -           5635 25at5820             -           4225   1.1e-72  242.0 204.4   7  14   4.8e-09   2.7e-06   21.7   1.2  1959  2032  1706  1779  1686  1792 0.88 length=5635	scaffold=scaffold00047	strand=-	adjustedToFrame=2
501_g                -           5635 25at5820             -           4225   1.1e-72  242.0 204.4   8  14   2.1e-20   1.2e-17   59.3   6.8  2021  2275  1986  2241  1977  2248 0.87 length=5635	scaffold=scaffold00047	strand=-	adjustedToFrame=2
501_g                -           5635 25at5820             -           4225   1.1e-72  242.0 204.4   9  14      0.19   1.1e+02   -3.6  13.4  2450  2576  2738  2873  2508  2883 0.68 length=5635	scaffold=scaffold00047	strand=-	adjustedToFrame=2
501_g                -           5635 25at5820             -           4225   1.1e-72  242.0 204.4  10  14   0.00017     0.096    6.6   0.1  2589  2677  3080  3165  3071  3206 0.83 length=5635	scaffold=scaffold00047	strand=-	adjustedToFrame=2
501_g                -           5635 25at5820             -           4225   1.1e-72  242.0 204.4  11  14   1.6e-21   8.9e-19   63.1  20.6  2943  3339  3736  4144  3664  4153 0.76 length=5635	scaffold=scaffold00047	strand=-	adjustedToFrame=2
501_g                -           5635 25at5820             -           4225   1.1e-72  242.0 204.4  12  14   1.4e-18   7.8e-16   53.3  12.5  3360  3527  4210  4378  4201  4396 0.94 length=5635	scaffold=scaffold00047	strand=-	adjustedToFrame=2
501_g                -           5635 25at5820             -           4225   1.1e-72  242.0 204.4  13  14    0.0026       1.5    2.6   0.4  3628  3754  4718  4842  4713  4847 0.77 length=5635	scaffold=scaffold00047	strand=-	adjustedToFrame=2
501_g                -           5635 25at5820             -           4225   1.1e-72  242.0 204.4  14  14   3.9e-07   0.00022   15.3  21.3  3748  4137  4925  5330  4903  5347 0.72 length=5635	scaffold=scaffold00047	strand=-	adjustedToFrame=2
2583_g               -            655 25at5820             -           4225   1.1e-68  228.7   0.9   1   2     0.044        25   -1.5   9.6  1538  1673    84   232    42   247 0.69 length=655	scaffold=scaffold00569	strand=+
2583_g               -            655 25at5820             -           4225   1.1e-68  228.7   0.9   2   2     2e-71   1.1e-68  228.7   0.9  1664  1952   316   607   312   613 0.95 length=655	scaffold=scaffold00569	strand=+
2977_g               -           2789 25at5820             -           4225   3.9e-66  220.3 125.0   1   7   4.3e-11   2.5e-08   28.4   0.2  1721  1797     1    77     1    87 0.92 length=2789	scaffold=scaffold00770	strand=-	adjustedToFrame=2
2977_g               -           2789 25at5820             -           4225   3.9e-66  220.3 125.0   2   7   1.6e-24   9.1e-22   73.0   4.0  1798  1952   141   305   132   313 0.84 length=2789	scaffold=scaffold00770	strand=-	adjustedToFrame=2
2977_g               -           2789 25at5820             -           4225   3.9e-66  220.3 125.0   3   7   8.5e-23   4.9e-20   67.3   9.9  1976  2247   479   757   449   780 0.77 length=2789	scaffold=scaffold00770	strand=-	adjustedToFrame=2
2977_g               -           2789 25at5820             -           4225   3.9e-66  220.3 125.0   4   7    0.0014      0.82    3.5  18.8  2595  2768  1543  1721  1364  1728 0.86 length=2789	scaffold=scaffold00770	strand=-	adjustedToFrame=2
2977_g               -           2789 25at5820             -           4225   3.9e-66  220.3 125.0   5   7   0.00078      0.44    4.4  14.2  2836  3024  1974  2162  1957  2173 0.87 length=2789	scaffold=scaffold00770	strand=-	adjustedToFrame=2
2977_g               -           2789 25at5820             -           4225   3.9e-66  220.3 125.0   6   7   1.6e-26     9e-24   79.7  23.5  3074  3347  2171  2446  2165  2459 0.91 length=2789	scaffold=scaffold00770	strand=-	adjustedToFrame=2
2977_g               -           2789 25at5820             -           4225   3.9e-66  220.3 125.0   7   7     0.015       8.4    0.1   6.5  3442  3528  2661  2748  2585  2788 0.72 length=2789	scaffold=scaffold00770	strand=-	adjustedToFrame=2
#
# Program:         hmmsearch
# Version:         3.1b2 (February 2015)
# Pipeline mode:   SEARCH
# Query file:      /export/home/bio1901/Documents/29_BINP/OrthoSearch/busco_downloads/lineages/plasmodium_odb10/hmms/25at5820.hmm
# Target file:     Results/1_GeneSequences/PB.faa
# Option settings: /home/users/bio1901/miniconda3/envs/busco/bin/hmmsearch --domtblout /export/home/bio1901/Documents/29_BINP/OrthoSearch/PB/run_plasmodium_odb10/hmmer_output/25at5820.out --cpu 1 /export/home/bio1901/Documents/29_BINP/OrthoSearch/busco_downloads/lineages/plasmodium_odb10/hmms/25at5820.hmm Results/1_GeneSequences/PB.faa 
# Current dir:     /export/home/bio1901/Documents/29_BINP/OrthoSearch
# Date:            Sun Mar 15 17:53:35 2020
# [ok]
