#                                                                            --- full sequence --- -------------- this domain -------------   hmm coord   ali coord   env coord
# target name        accession   tlen query name           accession   qlen   E-value  score  bias   #  of  c-Evalue  i-Evalue  score  bias  from    to  from    to  from    to  acc description of target
#------------------- ---------- ----- -------------------- ---------- ----- --------- ------ ----- --- --- --------- --------- ------ ----- ----- ----- ----- ----- ----- ----- ---- ---------------------
4039_g               -            841 2624at5820           -            900  3.1e-143  476.8  80.4   1   4         2     4e+03  -11.5  31.3   341   507    22   206     1   211 0.49 length=841	scaffold=scaffold01628	strand=+	adjustedToFrame=2
4039_g               -            841 2624at5820           -            900  3.1e-143  476.8  80.4   2   4      0.62   1.2e+03   -5.0  34.1   355   493   180   331   179   335 0.50 length=841	scaffold=scaffold01628	strand=+	adjustedToFrame=2
4039_g               -            841 2624at5820           -            900  3.1e-143  476.8  80.4   3   4  3.2e-113  6.3e-110  366.6  71.7   370   722   312   709   302   713 0.75 length=841	scaffold=scaffold01628	strand=+	adjustedToFrame=2
4039_g               -            841 2624at5820           -            900  3.1e-143  476.8  80.4   4   4     5e-40     1e-36  124.4   1.4   719   798   758   840   733   840 0.90 length=841	scaffold=scaffold01628	strand=+	adjustedToFrame=2
1995_g               -            832 2624at5820           -            900     6e-23   78.8  32.2   1   3   3.8e-22   7.5e-19   65.2   1.5     3   101    13   110    11   120 0.94 length=832	scaffold=scaffold00359	strand=-
1995_g               -            832 2624at5820           -            900     6e-23   78.8  32.2   2   3   0.00066       1.3    4.9   0.0   142   193   120   169   107   181 0.85 length=832	scaffold=scaffold00359	strand=-
1995_g               -            832 2624at5820           -            900     6e-23   78.8  32.2   3   3   2.9e-07   0.00058   16.0  19.7   202   462   271   551   263   582 0.55 length=832	scaffold=scaffold00359	strand=-
#
# Program:         hmmsearch
# Version:         3.1b2 (February 2015)
# Pipeline mode:   SEARCH
# Query file:      /export/home/bio1901/Documents/29_BINP/OrthoSearch/busco_downloads/lineages/plasmodium_odb10/hmms/2624at5820.hmm
# Target file:     Results/1_GeneSequences/PB.faa
# Option settings: /home/users/bio1901/miniconda3/envs/busco/bin/hmmsearch --domtblout /export/home/bio1901/Documents/29_BINP/OrthoSearch/PB/run_plasmodium_odb10/hmmer_output/2624at5820.out --cpu 1 /export/home/bio1901/Documents/29_BINP/OrthoSearch/busco_downloads/lineages/plasmodium_odb10/hmms/2624at5820.hmm Results/1_GeneSequences/PB.faa 
# Current dir:     /export/home/bio1901/Documents/29_BINP/OrthoSearch
# Date:            Sun Mar 15 17:53:41 2020
# [ok]
