#                                                                            --- full sequence --- -------------- this domain -------------   hmm coord   ali coord   env coord
# target name        accession   tlen query name           accession   qlen   E-value  score  bias   #  of  c-Evalue  i-Evalue  score  bias  from    to  from    to  from    to  acc description of target
#------------------- ---------- ----- -------------------- ---------- ----- --------- ------ ----- --- --- --------- --------- ------ ----- ----- ----- ----- ----- ----- ----- ---- ---------------------
3951_g               -           1094 2625at5820           -           1265   3.8e-64  215.1 213.9   1   1   1.3e-66   3.8e-64  215.1 213.9   341  1055   239  1094   236  1094 0.53 length=1094	scaffold=scaffold01535	strand=-	adjustedToFrame=2
1470_g               -            570 2625at5820           -           1265   2.1e-05   20.5  72.5   1   1     1e-07   2.9e-05   20.0  72.5   346   619     5   318     2   538 0.39 length=570	scaffold=scaffold00220	strand=+
2398_g               -            332 2625at5820           -           1265    0.0041   12.9  46.0   1   1   1.9e-05    0.0053   12.5  46.0   367   506    73   221    32   320 0.42 length=332	scaffold=scaffold00499	strand=-	adjustedToFrame=2
2074_g               -            475 2625at5820           -           1265    0.0091   11.7  71.4   1   1   4.1e-05     0.012   11.4  71.4   365   721    12   409     1   467 0.31 length=475	scaffold=scaffold00381	strand=-
948_g                -           1139 2625at5820           -           1265     0.047    9.4 149.9   1   2     0.018         5    2.7 104.7   357   806    37   482     6   586 0.25 length=1139	scaffold=scaffold00110	strand=+
948_g                -           1139 2625at5820           -           1265     0.047    9.4 149.9   2   2     3e-05    0.0084   11.8  37.2   338   518   676   937   632   979 0.31 length=1139	scaffold=scaffold00110	strand=+
3174_g               -            386 2625at5820           -           1265     0.049    9.3  45.3   1   1   0.00021     0.059    9.0  45.3   353   533    93   280    34   309 0.41 length=386	scaffold=scaffold00896	strand=+
3702_g               -            389 2625at5820           -           1265     0.058    9.1  67.0   1   1   0.00026     0.074    8.7  67.0   336   651    16   378     7   383 0.28 length=389	scaffold=scaffold01308	strand=+	adjustedToFrame=3
3830_g               -            330 2625at5820           -           1265     0.097    8.3  83.0   1   1   0.00043      0.12    8.0  83.0   332   583    83   320     6   329 0.34 length=330	scaffold=scaffold01424	strand=-	adjustedToFrame=2
3610_g               -            328 2625at5820           -           1265      0.42    6.2  70.1   1   1    0.0017       0.5    6.0  70.1   380   619     6   274     1   327 0.20 length=328	scaffold=scaffold01221	strand=-	adjustedToFrame=2
3288_g               -            374 2625at5820           -           1265      0.43    6.2  58.5   1   1    0.0023      0.66    5.6  58.5   367   574    38   270     4   342 0.27 length=374	scaffold=scaffold00970	strand=-
346_g                -            545 2625at5820           -           1265      0.71    5.5  60.7   1   1    0.0037         1    4.9  60.7   373   677    63   420     7   452 0.31 length=545	scaffold=scaffold00028	strand=+
3527_g               -            158 2625at5820           -           1265       2.6    3.6  43.1   1   1      0.01         3    3.4  43.1   428   522    50   143    10   155 0.24 length=158	scaffold=scaffold01156	strand=-	adjustedToFrame=3
3950_g               -            271 2625at5820           -           1265       6.3    2.3  73.8   1   1     0.028       7.9    2.0  73.8   338   557    41   255    12   268 0.25 length=271	scaffold=scaffold01534	strand=-	adjustedToFrame=3
3328_g               -            847 2625at5820           -           1265       6.6    2.3  88.7   1   2     0.091        26    0.3   9.0   465   575    17   127     3   289 0.40 length=847	scaffold=scaffold00998	strand=-
3328_g               -            847 2625at5820           -           1265       6.6    2.3  88.7   2   2   0.00044      0.13    8.0  71.7   380   767   420   840   334   847 0.31 length=847	scaffold=scaffold00998	strand=-
#
# Program:         hmmsearch
# Version:         3.1b2 (February 2015)
# Pipeline mode:   SEARCH
# Query file:      /export/home/bio1901/Documents/29_BINP/OrthoSearch/busco_downloads/lineages/plasmodium_odb10/hmms/2625at5820.hmm
# Target file:     Results/1_GeneSequences/PB.faa
# Option settings: /home/users/bio1901/miniconda3/envs/busco/bin/hmmsearch --domtblout /export/home/bio1901/Documents/29_BINP/OrthoSearch/PB/run_plasmodium_odb10/hmmer_output/2625at5820.out --cpu 1 /export/home/bio1901/Documents/29_BINP/OrthoSearch/busco_downloads/lineages/plasmodium_odb10/hmms/2625at5820.hmm Results/1_GeneSequences/PB.faa 
# Current dir:     /export/home/bio1901/Documents/29_BINP/OrthoSearch
# Date:            Sun Mar 15 17:53:53 2020
# [ok]
