#                                                                            --- full sequence --- -------------- this domain -------------   hmm coord   ali coord   env coord
# target name        accession   tlen query name           accession   qlen   E-value  score  bias   #  of  c-Evalue  i-Evalue  score  bias  from    to  from    to  from    to  acc description of target
#------------------- ---------- ----- -------------------- ---------- ----- --------- ------ ----- --- --- --------- --------- ------ ----- ----- ----- ----- ----- ----- ----- ---- ---------------------
2328_g               -           1006 2641at5820           -            590  1.1e-174  580.2  79.4   1   7   8.3e-06     0.033   10.7   0.4     1    24    65    88    65    95 0.88 length=1006	scaffold=scaffold00472	strand=-
2328_g               -           1006 2641at5820           -            590  1.1e-174  580.2  79.4   2   7     4e-66   1.6e-62  209.8  14.1    24   174   110   279   106   298 0.88 length=1006	scaffold=scaffold00472	strand=-
2328_g               -           1006 2641at5820           -            590  1.1e-174  580.2  79.4   3   7   1.4e-27   5.7e-24   82.5   5.9   180   293   318   440   312   443 0.82 length=1006	scaffold=scaffold00472	strand=-
2328_g               -           1006 2641at5820           -            590  1.1e-174  580.2  79.4   4   7   2.8e-52   1.1e-48  164.1  14.7   266   441   443   623   424   648 0.88 length=1006	scaffold=scaffold00472	strand=-
2328_g               -           1006 2641at5820           -            590  1.1e-174  580.2  79.4   5   7   1.2e-16   4.9e-13   46.4   2.0   420   486   725   794   707   797 0.91 length=1006	scaffold=scaffold00472	strand=-
2328_g               -           1006 2641at5820           -            590  1.1e-174  580.2  79.4   6   7   2.2e-17   8.9e-14   48.9   0.5   481   524   820   863   809   870 0.91 length=1006	scaffold=scaffold00472	strand=-
2328_g               -           1006 2641at5820           -            590  1.1e-174  580.2  79.4   7   7   2.1e-17   8.3e-14   49.0   0.8   525   573   922   971   918   990 0.81 length=1006	scaffold=scaffold00472	strand=-
#
# Program:         hmmsearch
# Version:         3.1b2 (February 2015)
# Pipeline mode:   SEARCH
# Query file:      /export/home/bio1901/Documents/29_BINP/OrthoSearch/busco_downloads/lineages/plasmodium_odb10/hmms/2641at5820.hmm
# Target file:     Results/1_GeneSequences/PB.faa
# Option settings: /home/users/bio1901/miniconda3/envs/busco/bin/hmmsearch --domtblout /export/home/bio1901/Documents/29_BINP/OrthoSearch/PB/run_plasmodium_odb10/hmmer_output/2641at5820.out --cpu 1 /export/home/bio1901/Documents/29_BINP/OrthoSearch/busco_downloads/lineages/plasmodium_odb10/hmms/2641at5820.hmm Results/1_GeneSequences/PB.faa 
# Current dir:     /export/home/bio1901/Documents/29_BINP/OrthoSearch
# Date:            Sun Mar 15 17:53:53 2020
# [ok]
