#                                                                            --- full sequence --- -------------- this domain -------------   hmm coord   ali coord   env coord
# target name        accession   tlen query name           accession   qlen   E-value  score  bias   #  of  c-Evalue  i-Evalue  score  bias  from    to  from    to  from    to  acc description of target
#------------------- ---------- ----- -------------------- ---------- ----- --------- ------ ----- --- --- --------- --------- ------ ----- ----- ----- ----- ----- ----- ----- ---- ---------------------
4100_g               -            724 2667at5820           -            841   1.1e-70  236.4 107.7   1   2   2.7e-07   0.00011   18.1  47.5    15   228    60   283    38   299 0.46 length=724	scaffold=scaffold01689	strand=-
4100_g               -            724 2667at5820           -            841   1.1e-70  236.4 107.7   2   2   3.8e-69   1.5e-66  222.7  55.3   186   543   292   724   282   724 0.78 length=724	scaffold=scaffold01689	strand=-
456_g                -            228 2667at5820           -            841   0.00036   16.4  19.4   1   1   1.3e-06   0.00052   15.8  19.4    39   189     9   206     2   222 0.51 length=228	scaffold=scaffold00041	strand=+
2094_g               -            104 2667at5820           -            841     0.074    8.7  15.8   1   1   0.00017     0.069    8.8  15.8    76   132    42    98     6   103 0.42 length=104	scaffold=scaffold00390	strand=+
3680_g               -            298 2667at5820           -            841      0.29    6.7  39.1   1   1    0.0008      0.32    6.6  39.1     4   138    54   188    51   275 0.56 length=298	scaffold=scaffold01284	strand=+
2517_g               -            112 2667at5820           -            841       0.7    5.5  21.3   1   1    0.0019      0.74    5.4  21.3    75   161    24   110     3   111 0.55 length=112	scaffold=scaffold00543	strand=+
2335_g               -            212 2667at5820           -            841      0.94    5.1  14.2   1   1    0.0023      0.92    5.1  14.2    38   144   112   203     4   210 0.53 length=212	scaffold=scaffold00474	strand=-
2214_g               -            136 2667at5820           -            841       2.6    3.6  25.9   1   1    0.0068       2.7    3.5  25.9    58   126    10    78     1   129 0.30 length=136	scaffold=scaffold00428	strand=-
3279_g               -            124 2667at5820           -            841       2.9    3.4  31.7   1   1    0.0076         3    3.4  31.7    59   150    31   121     3   123 0.54 length=124	scaffold=scaffold00965	strand=-
3427_g               -            191 2667at5820           -            841       3.9    3.0  33.8   1   1     0.011       4.4    2.8  33.8     5   168     4   172     1   189 0.52 length=191	scaffold=scaffold01077	strand=+	adjustedToFrame=3
2664_g               -            244 2667at5820           -            841       7.7    2.0  41.8   1   1     0.024       9.6    1.7  41.8     9   139    86   222    61   237 0.45 length=244	scaffold=scaffold00607	strand=-
#
# Program:         hmmsearch
# Version:         3.1b2 (February 2015)
# Pipeline mode:   SEARCH
# Query file:      /export/home/bio1901/Documents/29_BINP/OrthoSearch/busco_downloads/lineages/plasmodium_odb10/hmms/2667at5820.hmm
# Target file:     Results/1_GeneSequences/PB.faa
# Option settings: /home/users/bio1901/miniconda3/envs/busco/bin/hmmsearch --domtblout /export/home/bio1901/Documents/29_BINP/OrthoSearch/PB/run_plasmodium_odb10/hmmer_output/2667at5820.out --cpu 1 /export/home/bio1901/Documents/29_BINP/OrthoSearch/busco_downloads/lineages/plasmodium_odb10/hmms/2667at5820.hmm Results/1_GeneSequences/PB.faa 
# Current dir:     /export/home/bio1901/Documents/29_BINP/OrthoSearch
# Date:            Sun Mar 15 17:54:04 2020
# [ok]
