#                                                                            --- full sequence --- -------------- this domain -------------   hmm coord   ali coord   env coord
# target name        accession   tlen query name           accession   qlen   E-value  score  bias   #  of  c-Evalue  i-Evalue  score  bias  from    to  from    to  from    to  acc description of target
#------------------- ---------- ----- -------------------- ---------- ----- --------- ------ ----- --- --- --------- --------- ------ ----- ----- ----- ----- ----- ----- ----- ---- ---------------------
474_g                -            951 2670at5820           -            735         0 1025.1 121.3   1   6   2.4e-09   9.6e-07   25.2  13.9     1    64     1    64     1    79 0.80 length=951	scaffold=scaffold00043	strand=-
474_g                -            951 2670at5820           -            735         0 1025.1 121.3   2   6       6.4   2.6e+03   -6.0   5.4   420   459    77   114    69   119 0.62 length=951	scaffold=scaffold00043	strand=-
474_g                -            951 2670at5820           -            735         0 1025.1 121.3   3   6  3.1e-148  1.3e-145  484.4  32.4    44   323   136   422    99   445 0.90 length=951	scaffold=scaffold00043	strand=-
474_g                -            951 2670at5820           -            735         0 1025.1 121.3   4   6   2.7e-45   1.1e-42  144.0  13.8   317   437   454   579   447   589 0.87 length=951	scaffold=scaffold00043	strand=-
474_g                -            951 2670at5820           -            735         0 1025.1 121.3   5   6   5.7e-94   2.3e-91  305.0  24.6   419   601   618   813   597   825 0.89 length=951	scaffold=scaffold00043	strand=-
474_g                -            951 2670at5820           -            735         0 1025.1 121.3   6   6   2.5e-29     1e-26   91.3   0.3   605   666   886   947   865   950 0.81 length=951	scaffold=scaffold00043	strand=-
2298_g               -           1371 2670at5820           -            735     2e-64  215.9  21.0   1   8        10     4e+03  -11.2  15.0   399   455    98   155    79   198 0.76 length=1371	scaffold=scaffold00459	strand=-
2298_g               -           1371 2670at5820           -            735     2e-64  215.9  21.0   2   8   3.6e-37   1.5e-34  117.2   4.8   114   302   267   448   244   465 0.89 length=1371	scaffold=scaffold00459	strand=-
2298_g               -           1371 2670at5820           -            735     2e-64  215.9  21.0   3   8        10     4e+03  -14.5  15.6   418   441   492   515   456   557 0.47 length=1371	scaffold=scaffold00459	strand=-
2298_g               -           1371 2670at5820           -            735     2e-64  215.9  21.0   4   8   2.2e-07   8.8e-05   18.7   2.9   335   389   564   618   553   625 0.85 length=1371	scaffold=scaffold00459	strand=-
2298_g               -           1371 2670at5820           -            735     2e-64  215.9  21.0   5   8    0.0058       2.3    4.1   0.0   447   481   623   656   617   665 0.81 length=1371	scaffold=scaffold00459	strand=-
2298_g               -           1371 2670at5820           -            735     2e-64  215.9  21.0   6   8    0.0002     0.079    9.0   0.3   544   584   666   707   656   716 0.80 length=1371	scaffold=scaffold00459	strand=-
2298_g               -           1371 2670at5820           -            735     2e-64  215.9  21.0   7   8     2e-34   8.2e-32  108.1   0.2   614   717   716   820   710   830 0.95 length=1371	scaffold=scaffold00459	strand=-
2298_g               -           1371 2670at5820           -            735     2e-64  215.9  21.0   8   8        10     4e+03  -18.0  16.4   418   436  1326  1344  1288  1366 0.43 length=1371	scaffold=scaffold00459	strand=-
3138_g               -           1979 2670at5820           -            735   1.4e-62  209.8  60.5   1   7       5.1     2e+03   -5.6   7.9    41   105    65   135    37   142 0.67 length=1979	scaffold=scaffold00868	strand=+
3138_g               -           1979 2670at5820           -            735   1.4e-62  209.8  60.5   2   7        10     4e+03  -16.4  15.4   442   463   283   304   231   356 0.60 length=1979	scaffold=scaffold00868	strand=+
3138_g               -           1979 2670at5820           -            735   1.4e-62  209.8  60.5   3   7        10     4e+03  -10.1   7.0   401   441   404   445   379   460 0.59 length=1979	scaffold=scaffold00868	strand=+
3138_g               -           1979 2670at5820           -            735   1.4e-62  209.8  60.5   4   7       1.1   4.3e+02   -3.4   0.8   420   448   499   527   491   536 0.56 length=1979	scaffold=scaffold00868	strand=+
3138_g               -           1979 2670at5820           -            735   1.4e-62  209.8  60.5   5   7   2.1e-48   8.5e-46  154.3  14.8   112   387   543   803   528   831 0.86 length=1979	scaffold=scaffold00868	strand=+
3138_g               -           1979 2670at5820           -            735   1.4e-62  209.8  60.5   6   7   2.3e-23     9e-21   71.6  37.7   327   716  1372  1755  1352  1765 0.67 length=1979	scaffold=scaffold00868	strand=+
3138_g               -           1979 2670at5820           -            735   1.4e-62  209.8  60.5   7   7       6.8   2.7e+03   -6.0   5.1   363   453  1807  1851  1787  1893 0.48 length=1979	scaffold=scaffold00868	strand=+
2343_g               -           2672 2670at5820           -            735   7.5e-54  180.9   9.0   1   7   3.5e-34   1.4e-31  107.3   0.8    22   307   256   532   238   541 0.81 length=2672	scaffold=scaffold00477	strand=+
2343_g               -           2672 2670at5820           -            735   7.5e-54  180.9   9.0   2   7       0.5     2e+02   -2.3   0.5   330   387   595   653   588   715 0.83 length=2672	scaffold=scaffold00477	strand=+
2343_g               -           2672 2670at5820           -            735   7.5e-54  180.9   9.0   3   7   1.8e-28   7.2e-26   88.4   1.9   614   716  1184  1288  1110  1302 0.94 length=2672	scaffold=scaffold00477	strand=+
2343_g               -           2672 2670at5820           -            735   7.5e-54  180.9   9.0   4   7        10     4e+03   -8.7  12.0   380   460  1714  1798  1707  1830 0.72 length=2672	scaffold=scaffold00477	strand=+
2343_g               -           2672 2670at5820           -            735   7.5e-54  180.9   9.0   5   7        10     4e+03  -10.3   6.7   406   459  1915  1966  1912  1972 0.69 length=2672	scaffold=scaffold00477	strand=+
2343_g               -           2672 2670at5820           -            735   7.5e-54  180.9   9.0   6   7        10     4e+03   -9.9   7.0    24    89  2051  2116  2042  2143 0.67 length=2672	scaffold=scaffold00477	strand=+
2343_g               -           2672 2670at5820           -            735   7.5e-54  180.9   9.0   7   7        10     4e+03  -11.9   9.5   402   457  2332  2390  2279  2404 0.52 length=2672	scaffold=scaffold00477	strand=+
2162_g               -           3446 2670at5820           -            735   5.2e-53  178.2   8.4   1   7     0.073        29    0.5   1.1     9    43  1389  1423  1383  1431 0.83 length=3446	scaffold=scaffold00412	strand=+
2162_g               -           3446 2670at5820           -            735   5.2e-53  178.2   8.4   2   7        10     4e+03  -12.7  11.3   396   445  1564  1611  1487  1675 0.55 length=3446	scaffold=scaffold00412	strand=+
2162_g               -           3446 2670at5820           -            735   5.2e-53  178.2   8.4   3   7   5.1e-33     2e-30  103.5   2.7   112   391  1788  2059  1763  2085 0.84 length=3446	scaffold=scaffold00412	strand=+
2162_g               -           3446 2670at5820           -            735   5.2e-53  178.2   8.4   4   7    0.0068       2.7    3.9   0.1   546   586  2103  2143  2094  2150 0.86 length=3446	scaffold=scaffold00412	strand=+
2162_g               -           3446 2670at5820           -            735   5.2e-53  178.2   8.4   5   7   1.2e-28   4.8e-26   89.0   0.3   615   716  2151  2254  2146  2273 0.92 length=3446	scaffold=scaffold00412	strand=+
2162_g               -           3446 2670at5820           -            735   5.2e-53  178.2   8.4   6   7        10     4e+03   -6.7  12.2   412   455  2807  2852  2778  2884 0.61 length=3446	scaffold=scaffold00412	strand=+
2162_g               -           3446 2670at5820           -            735   5.2e-53  178.2   8.4   7   7        10     4e+03  -18.6  16.9   383   439  2989  3044  2942  3097 0.55 length=3446	scaffold=scaffold00412	strand=+
2943_g               -           2178 2670at5820           -            735   2.1e-48  162.9  15.9   1   8        10     4e+03   -9.0   5.4   409   453    46    97    20   107 0.57 length=2178	scaffold=scaffold00753	strand=+
2943_g               -           2178 2670at5820           -            735   2.1e-48  162.9  15.9   2   8       1.1   4.5e+02   -3.5   1.4   402   449   604   655   570   665 0.65 length=2178	scaffold=scaffold00753	strand=+
2943_g               -           2178 2670at5820           -            735   2.1e-48  162.9  15.9   3   8        10     4e+03  -19.4  20.6   418   539   706   836   685   925 0.52 length=2178	scaffold=scaffold00753	strand=+
2943_g               -           2178 2670at5820           -            735   2.1e-48  162.9  15.9   4   8     6e-38   2.4e-35  119.8  11.2   114   384  1001  1258   994  1291 0.84 length=2178	scaffold=scaffold00753	strand=+
2943_g               -           2178 2670at5820           -            735   2.1e-48  162.9  15.9   5   8    0.0015      0.59    6.1   2.9   536   596  1296  1357  1275  1388 0.79 length=2178	scaffold=scaffold00753	strand=+
2943_g               -           2178 2670at5820           -            735   2.1e-48  162.9  15.9   6   8        10     4e+03  -14.9  15.2   417   454  1452  1489  1407  1510 0.48 length=2178	scaffold=scaffold00753	strand=+
2943_g               -           2178 2670at5820           -            735   2.1e-48  162.9  15.9   7   8   1.2e-18     5e-16   55.9   0.1   635   715  1512  1593  1498  1601 0.92 length=2178	scaffold=scaffold00753	strand=+
2943_g               -           2178 2670at5820           -            735   2.1e-48  162.9  15.9   8   8        10     4e+03  -11.8  13.4   388   455  1744  1813  1724  1822 0.63 length=2178	scaffold=scaffold00753	strand=+
2356_g               -           2497 2670at5820           -            735   9.4e-43  144.3  18.6   1   7     3e-22   1.2e-19   67.9   9.4   112   389   129   409   116   443 0.79 length=2497	scaffold=scaffold00484	strand=-
2356_g               -           2497 2670at5820           -            735   9.4e-43  144.3  18.6   2   7   1.3e-29     5e-27   92.3   1.7   609   721   626   739   557   753 0.82 length=2497	scaffold=scaffold00484	strand=-
2356_g               -           2497 2670at5820           -            735   9.4e-43  144.3  18.6   3   7        10     4e+03   -8.2  13.6   416   468   924   980   887  1007 0.66 length=2497	scaffold=scaffold00484	strand=-
2356_g               -           2497 2670at5820           -            735   9.4e-43  144.3  18.6   4   7        10     4e+03   -7.0   4.0   176   270  1132  1226  1117  1235 0.64 length=2497	scaffold=scaffold00484	strand=-
2356_g               -           2497 2670at5820           -            735   9.4e-43  144.3  18.6   5   7        10     4e+03  -16.9  19.2   418   462  1443  1487  1389  1582 0.74 length=2497	scaffold=scaffold00484	strand=-
2356_g               -           2497 2670at5820           -            735   9.4e-43  144.3  18.6   6   7        10     4e+03   -7.0   5.4   487   587  1914  2010  1833  2017 0.74 length=2497	scaffold=scaffold00484	strand=-
2356_g               -           2497 2670at5820           -            735   9.4e-43  144.3  18.6   7   7        10     4e+03   -8.5   7.9   493   526  2336  2369  2303  2472 0.69 length=2497	scaffold=scaffold00484	strand=-
2684_g               -            903 2670at5820           -            735   8.9e-28   94.7   8.3   1   4      0.43   1.7e+02   -2.1   0.4   423   467   141   186   138   210 0.77 length=903	scaffold=scaffold00614	strand=+
2684_g               -            903 2670at5820           -            735   8.9e-28   94.7   8.3   2   4   9.3e-15   3.7e-12   43.1   2.3   113   369   283   511   267   534 0.78 length=903	scaffold=scaffold00614	strand=+
2684_g               -            903 2670at5820           -            735   8.9e-28   94.7   8.3   3   4   3.8e-21   1.5e-18   64.2   0.4   614   725   637   751   603   759 0.89 length=903	scaffold=scaffold00614	strand=+
2684_g               -            903 2670at5820           -            735   8.9e-28   94.7   8.3   4   4       4.6   1.8e+03   -5.5   3.5    35   437   783   835   772   875 0.53 length=903	scaffold=scaffold00614	strand=+
2614_g               -           1423 2670at5820           -            735   1.4e-22   77.6  31.7   1   5     0.067        27    0.6   2.7    19    78    48   102    44   113 0.81 length=1423	scaffold=scaffold00586	strand=+
2614_g               -           1423 2670at5820           -            735   1.4e-22   77.6  31.7   2   5     0.045        18    1.2   0.2   109   127   473   492   439   557 0.81 length=1423	scaffold=scaffold00586	strand=+
2614_g               -           1423 2670at5820           -            735   1.4e-22   77.6  31.7   3   5    0.0028       1.1    5.2   0.6   160   183   665   688   609   759 0.59 length=1423	scaffold=scaffold00586	strand=+
2614_g               -           1423 2670at5820           -            735   1.4e-22   77.6  31.7   4   5   5.9e-06    0.0024   14.0   1.2   245   382   860   987   853  1003 0.66 length=1423	scaffold=scaffold00586	strand=+
2614_g               -           1423 2670at5820           -            735   1.4e-22   77.6  31.7   5   5   5.1e-22     2e-19   67.1   0.8   541   710  1207  1378  1191  1394 0.81 length=1423	scaffold=scaffold00586	strand=+
363_g                -           1753 2670at5820           -            735   1.5e-21   74.2  10.7   1   8   2.5e-07   9.8e-05   18.6   0.4    76   154   188   272   156   290 0.75 length=1753	scaffold=scaffold00030	strand=+
363_g                -           1753 2670at5820           -            735   1.5e-21   74.2  10.7   2   8       1.1   4.3e+02   -3.4   0.1   161   186   414   439   399   470 0.76 length=1753	scaffold=scaffold00030	strand=+
363_g                -           1753 2670at5820           -            735   1.5e-21   74.2  10.7   3   8        10     4e+03   -9.5   8.6   376   459   555   642   534   653 0.70 length=1753	scaffold=scaffold00030	strand=+
363_g                -           1753 2670at5820           -            735   1.5e-21   74.2  10.7   4   8        10     4e+03  -17.2  18.2   373   460   772   868   691   873 0.48 length=1753	scaffold=scaffold00030	strand=+
363_g                -           1753 2670at5820           -            735   1.5e-21   74.2  10.7   5   8         3   1.2e+03   -4.8   1.9    31    59   941   969   919   978 0.66 length=1753	scaffold=scaffold00030	strand=+
363_g                -           1753 2670at5820           -            735   1.5e-21   74.2  10.7   6   8   1.4e-05    0.0056   12.7   0.0   241   295  1070  1124  1022  1130 0.91 length=1753	scaffold=scaffold00030	strand=+
363_g                -           1753 2670at5820           -            735   1.5e-21   74.2  10.7   7   8         1     4e+02   -3.3   0.2   659   695  1346  1385  1340  1401 0.69 length=1753	scaffold=scaffold00030	strand=+
363_g                -           1753 2670at5820           -            735   1.5e-21   74.2  10.7   8   8   3.3e-21   1.3e-18   64.4   4.5   541   726  1538  1705  1518  1709 0.85 length=1753	scaffold=scaffold00030	strand=+
#
# Program:         hmmsearch
# Version:         3.1b2 (February 2015)
# Pipeline mode:   SEARCH
# Query file:      /export/home/bio1901/Documents/29_BINP/OrthoSearch/busco_downloads/lineages/plasmodium_odb10/hmms/2670at5820.hmm
# Target file:     Results/1_GeneSequences/PB.faa
# Option settings: /home/users/bio1901/miniconda3/envs/busco/bin/hmmsearch --domtblout /export/home/bio1901/Documents/29_BINP/OrthoSearch/PB/run_plasmodium_odb10/hmmer_output/2670at5820.out --cpu 1 /export/home/bio1901/Documents/29_BINP/OrthoSearch/busco_downloads/lineages/plasmodium_odb10/hmms/2670at5820.hmm Results/1_GeneSequences/PB.faa 
# Current dir:     /export/home/bio1901/Documents/29_BINP/OrthoSearch
# Date:            Sun Mar 15 17:54:09 2020
# [ok]
