#                                                                            --- full sequence --- -------------- this domain -------------   hmm coord   ali coord   env coord
# target name        accession   tlen query name           accession   qlen   E-value  score  bias   #  of  c-Evalue  i-Evalue  score  bias  from    to  from    to  from    to  acc description of target
#------------------- ---------- ----- -------------------- ---------- ----- --------- ------ ----- --- --- --------- --------- ------ ----- ----- ----- ----- ----- ----- ----- ---- ---------------------
26_g                 -           1226 2673at5820           -            700  4.4e-283  938.8 120.6   1   6     7e-19   2.3e-16   57.2   1.5     6    66    76   136    72   163 0.87 length=1226	scaffold=scaffold00002	strand=+
26_g                 -           1226 2673at5820           -            700  4.4e-283  938.8 120.6   2   6  4.8e-112  1.6e-109  365.2  46.9    61   368   192   527   181   542 0.79 length=1226	scaffold=scaffold00002	strand=+
26_g                 -           1226 2673at5820           -            700  4.4e-283  938.8 120.6   3   6   7.1e-13   2.4e-10   37.4   4.8   292   345   545   601   532   633 0.81 length=1226	scaffold=scaffold00002	strand=+
26_g                 -           1226 2673at5820           -            700  4.4e-283  938.8 120.6   4   6     8e-39   2.6e-36  123.2  17.3   342   438   643   751   630   758 0.83 length=1226	scaffold=scaffold00002	strand=+
26_g                 -           1226 2673at5820           -            700  4.4e-283  938.8 120.6   5   6     2e-60   6.8e-58  194.5   7.8   459   595   849   986   840   990 0.96 length=1226	scaffold=scaffold00002	strand=+
26_g                 -           1226 2673at5820           -            700  4.4e-283  938.8 120.6   6   6   5.5e-59   1.8e-56  189.8   4.8   595   698  1042  1145  1035  1147 0.98 length=1226	scaffold=scaffold00002	strand=+
1604_g               -            597 2673at5820           -            700   8.4e-37  124.8  35.1   1   3   3.1e-26     1e-23   81.5  15.9    72   303   121   346   109   352 0.87 length=597	scaffold=scaffold00250	strand=-	adjustedToFrame=2
1604_g               -            597 2673at5820           -            700   8.4e-37  124.8  35.1   2   3    0.0001     0.033   10.4   2.0   370   424   341   396   333   413 0.83 length=597	scaffold=scaffold00250	strand=-	adjustedToFrame=2
1604_g               -            597 2673at5820           -            700   8.4e-37  124.8  35.1   3   3   6.4e-15   2.1e-12   44.1   5.5   471   672   399   587   394   593 0.88 length=597	scaffold=scaffold00250	strand=-	adjustedToFrame=2
2360_g               -            960 2673at5820           -            700   4.5e-19   66.2  36.2   1   3   6.5e-14   2.1e-11   40.8  18.0    66   310   126   359   115   367 0.79 length=960	scaffold=scaffold00485	strand=-
2360_g               -            960 2673at5820           -            700   4.5e-19   66.2  36.2   2   3     0.015       4.9    3.3   2.2   389   422   364   397   361   406 0.88 length=960	scaffold=scaffold00485	strand=-
2360_g               -            960 2673at5820           -            700   4.5e-19   66.2  36.2   3   3   3.6e-11   1.2e-08   31.7   2.7   471   599   404   535   399   551 0.89 length=960	scaffold=scaffold00485	strand=-
4074_g               -            889 2673at5820           -            700   6.7e-17   59.0   7.4   1   2     6e-13     2e-10   37.6   1.2    85   279    77   263    64   297 0.84 length=889	scaffold=scaffold01665	strand=-	adjustedToFrame=3
4074_g               -            889 2673at5820           -            700   6.7e-17   59.0   7.4   2   2   5.5e-09   1.8e-06   24.5   0.6   473   567   335   431   314   462 0.82 length=889	scaffold=scaffold01665	strand=-	adjustedToFrame=3
207_g                -            641 2673at5820           -            700   6.5e-16   55.8   0.8   1   2   1.2e-12   3.9e-10   36.7   0.2    80   275   205   398   134   439 0.82 length=641	scaffold=scaffold00014	strand=+
207_g                -            641 2673at5820           -            700   6.5e-16   55.8   0.8   2   2   6.9e-07   0.00023   17.6   0.0   462   534   461   532   449   562 0.89 length=641	scaffold=scaffold00014	strand=+
2139_g               -            551 2673at5820           -            700   2.1e-15   54.1   4.9   1   2   3.4e-12   1.1e-09   35.1   0.7    70   257   128   301   122   340 0.82 length=551	scaffold=scaffold00403	strand=+
2139_g               -            551 2673at5820           -            700   2.1e-15   54.1   4.9   2   2   1.1e-07   3.5e-05   20.3   0.1   469   546   401   477   335   489 0.86 length=551	scaffold=scaffold00403	strand=+
1035_g               -            652 2673at5820           -            700   1.7e-14   51.1  12.3   1   3   9.5e-07   0.00031   17.1   0.2    23   138   192   303   175   312 0.78 length=652	scaffold=scaffold00126	strand=-	adjustedToFrame=2
1035_g               -            652 2673at5820           -            700   1.7e-14   51.1  12.3   2   3   3.7e-09   1.2e-06   25.1   2.3   142   298   334   482   323   502 0.83 length=652	scaffold=scaffold00126	strand=-	adjustedToFrame=2
1035_g               -            652 2673at5820           -            700   1.7e-14   51.1  12.3   3   3   6.5e-06    0.0022   14.4   0.1   478   550   542   613   499   619 0.80 length=652	scaffold=scaffold00126	strand=-	adjustedToFrame=2
1937_g               -           1358 2673at5820           -            700   1.1e-13   48.4  10.1   1   3   2.8e-05    0.0092   12.3   0.1    88   142   192   246   172   253 0.83 length=1358	scaffold=scaffold00342	strand=+	adjustedToFrame=2
1937_g               -           1358 2673at5820           -            700   1.1e-13   48.4  10.1   2   3   3.6e-05     0.012   11.9   3.1   146   292   313   451   297   484 0.80 length=1358	scaffold=scaffold00342	strand=+	adjustedToFrame=2
1937_g               -           1358 2673at5820           -            700   1.1e-13   48.4  10.1   3   3   1.5e-09   4.9e-07   26.4   0.1   467   565   508   605   501   614 0.93 length=1358	scaffold=scaffold00342	strand=+	adjustedToFrame=2
3826_g               -           1126 2673at5820           -            700   2.3e-10   37.4   0.0   1   2   1.4e-06   0.00046   16.6   0.0    91   257   723   881   708   915 0.80 length=1126	scaffold=scaffold01419	strand=-	adjustedToFrame=3
3826_g               -           1126 2673at5820           -            700   2.3e-10   37.4   0.0   2   2   4.3e-07   0.00014   18.3   0.0   474   568   998  1089   985  1098 0.87 length=1126	scaffold=scaffold01419	strand=-	adjustedToFrame=3
1925_g               -            866 2673at5820           -            700   1.3e-07   28.4   2.3   1   2   0.00055      0.18    8.0   0.2    80   247   324   498   303   507 0.64 length=866	scaffold=scaffold00338	strand=-
1925_g               -            866 2673at5820           -            700   1.3e-07   28.4   2.3   2   2   1.5e-07     5e-05   19.8   0.1   462   534   625   696   556   723 0.90 length=866	scaffold=scaffold00338	strand=-
2156_g               -            475 2673at5820           -            700   1.2e-06   25.1   1.0   1   3      0.28        94   -1.0   0.0    92   129    83   120    63   124 0.85 length=475	scaffold=scaffold00410	strand=+
2156_g               -            475 2673at5820           -            700   1.2e-06   25.1   1.0   2   3    0.0024      0.81    5.9   1.3   173   226   187   242   157   328 0.75 length=475	scaffold=scaffold00410	strand=+
2156_g               -            475 2673at5820           -            700   1.2e-06   25.1   1.0   3   3   2.9e-06   0.00096   15.5   0.0   474   546   364   435   336   450 0.84 length=475	scaffold=scaffold00410	strand=+
2407_g               -            396 2673at5820           -            700   3.2e-06   23.7   0.0   1   2    0.0018       0.6    6.3   0.0   145   281    93   217    51   226 0.77 length=396	scaffold=scaffold00502	strand=+
2407_g               -            396 2673at5820           -            700   3.2e-06   23.7   0.0   2   2   3.2e-06    0.0011   15.4   0.0   471   534   285   347   272   365 0.87 length=396	scaffold=scaffold00502	strand=+
#
# Program:         hmmsearch
# Version:         3.1b2 (February 2015)
# Pipeline mode:   SEARCH
# Query file:      /export/home/bio1901/Documents/29_BINP/OrthoSearch/busco_downloads/lineages/plasmodium_odb10/hmms/2673at5820.hmm
# Target file:     Results/1_GeneSequences/PB.faa
# Option settings: /home/users/bio1901/miniconda3/envs/busco/bin/hmmsearch --domtblout /export/home/bio1901/Documents/29_BINP/OrthoSearch/PB/run_plasmodium_odb10/hmmer_output/2673at5820.out --cpu 1 /export/home/bio1901/Documents/29_BINP/OrthoSearch/busco_downloads/lineages/plasmodium_odb10/hmms/2673at5820.hmm Results/1_GeneSequences/PB.faa 
# Current dir:     /export/home/bio1901/Documents/29_BINP/OrthoSearch
# Date:            Sun Mar 15 17:54:10 2020
# [ok]
