#                                                                            --- full sequence --- -------------- this domain -------------   hmm coord   ali coord   env coord
# target name        accession   tlen query name           accession   qlen   E-value  score  bias   #  of  c-Evalue  i-Evalue  score  bias  from    to  from    to  from    to  acc description of target
#------------------- ---------- ----- -------------------- ---------- ----- --------- ------ ----- --- --- --------- --------- ------ ----- ----- ----- ----- ----- ----- ----- ---- ---------------------
4108_g               -            867 2674at5820           -            536     2e-35  120.2  26.5   1   6         3     4e+03  -23.9  39.0   312   396    15    97     2   106 0.50 length=867	scaffold=scaffold01699	strand=-	adjustedToFrame=2
4108_g               -            867 2674at5820           -            536     2e-35  120.2  26.5   2   6         3     4e+03  -19.3  29.7   292   383    84   184    76   200 0.42 length=867	scaffold=scaffold01699	strand=-	adjustedToFrame=2
4108_g               -            867 2674at5820           -            536     2e-35  120.2  26.5   3   6         3     4e+03  -17.4  36.0   328   405   209   291   178   315 0.54 length=867	scaffold=scaffold01699	strand=-	adjustedToFrame=2
4108_g               -            867 2674at5820           -            536     2e-35  120.2  26.5   4   6         3     4e+03  -11.9  32.1   312   391   292   372   270   378 0.56 length=867	scaffold=scaffold01699	strand=-	adjustedToFrame=2
4108_g               -            867 2674at5820           -            536     2e-35  120.2  26.5   5   6    0.0014       1.8    4.9   5.8   362   438   402   485   386   490 0.68 length=867	scaffold=scaffold01699	strand=-	adjustedToFrame=2
4108_g               -            867 2674at5820           -            536     2e-35  120.2  26.5   6   6   1.5e-38     2e-35  120.2  26.5   423   535   720   835   562   836 0.65 length=867	scaffold=scaffold01699	strand=-	adjustedToFrame=2
3994_g               -            437 2674at5820           -            536   1.9e-22   77.4  20.1   1   5   1.4e-25   1.9e-22   77.4  20.1    10   119    23   134    13   147 0.87 length=437	scaffold=scaffold01580	strand=-
3994_g               -            437 2674at5820           -            536   1.9e-22   77.4  20.1   2   5         3     4e+03   -9.6  17.8   303   393   147   238   134   245 0.57 length=437	scaffold=scaffold01580	strand=-
3994_g               -            437 2674at5820           -            536   1.9e-22   77.4  20.1   3   5         3     4e+03  -17.5  29.6   301   390   183   275   170   287 0.60 length=437	scaffold=scaffold01580	strand=-
3994_g               -            437 2674at5820           -            536   1.9e-22   77.4  20.1   4   5         3     4e+03   -9.2  18.3   303   388   233   317   225   320 0.62 length=437	scaffold=scaffold01580	strand=-
3994_g               -            437 2674at5820           -            536   1.9e-22   77.4  20.1   5   5     0.002       2.7    4.3   4.1   129   184   321   379   315   436 0.66 length=437	scaffold=scaffold01580	strand=-
3993_g               -            476 2674at5820           -            536   3.2e-06   23.9  18.0   1   3   2.4e-09   3.2e-06   23.9  18.0   164   287    14   132     4   168 0.79 length=476	scaffold=scaffold01580	strand=-
3993_g               -            476 2674at5820           -            536   3.2e-06   23.9  18.0   2   3      0.28   3.7e+02   -2.8  41.0   270   441   168   339   116   340 0.58 length=476	scaffold=scaffold01580	strand=-
3993_g               -            476 2674at5820           -            536   3.2e-06   23.9  18.0   3   3         3     4e+03  -13.6  31.3   301   436   297   430   293   440 0.81 length=476	scaffold=scaffold01580	strand=-
#
# Program:         hmmsearch
# Version:         3.1b2 (February 2015)
# Pipeline mode:   SEARCH
# Query file:      /export/home/bio1901/Documents/29_BINP/OrthoSearch/busco_downloads/lineages/plasmodium_odb10/hmms/2674at5820.hmm
# Target file:     Results/1_GeneSequences/PB.faa
# Option settings: /home/users/bio1901/miniconda3/envs/busco/bin/hmmsearch --domtblout /export/home/bio1901/Documents/29_BINP/OrthoSearch/PB/run_plasmodium_odb10/hmmer_output/2674at5820.out --cpu 1 /export/home/bio1901/Documents/29_BINP/OrthoSearch/busco_downloads/lineages/plasmodium_odb10/hmms/2674at5820.hmm Results/1_GeneSequences/PB.faa 
# Current dir:     /export/home/bio1901/Documents/29_BINP/OrthoSearch
# Date:            Sun Mar 15 17:54:11 2020
# [ok]
