#                                                                            --- full sequence --- -------------- this domain -------------   hmm coord   ali coord   env coord
# target name        accession   tlen query name           accession   qlen   E-value  score  bias   #  of  c-Evalue  i-Evalue  score  bias  from    to  from    to  from    to  acc description of target
#------------------- ---------- ----- -------------------- ---------- ----- --------- ------ ----- --- --- --------- --------- ------ ----- ----- ----- ----- ----- ----- ----- ---- ---------------------
3411_g               -            877 2703at5820           -            688    1e-189  629.7  31.9   1   3   5.8e-26   5.5e-24   82.0   2.3     7    96     6    98     2   100 0.93 length=877	scaffold=scaffold01062	strand=-	adjustedToFrame=2
3411_g               -            877 2703at5820           -            688    1e-189  629.7  31.9   2   3   7.6e-44   7.2e-42  141.1   9.6    96   293   238   462   218   478 0.68 length=877	scaffold=scaffold01062	strand=-	adjustedToFrame=2
3411_g               -            877 2703at5820           -            688    1e-189  629.7  31.9   3   3  4.1e-133  3.9e-131  436.1   4.5   286   612   538   870   528   874 0.93 length=877	scaffold=scaffold01062	strand=-	adjustedToFrame=2
3036_g               -           1000 2703at5820           -            688     2e-60  202.4  12.2   1   2   1.2e-13   1.1e-11   41.3   2.5   209   280   648   721   631   729 0.89 length=1000	scaffold=scaffold00809	strand=+	adjustedToFrame=2
3036_g               -           1000 2703at5820           -            688     2e-60  202.4  12.2   2   2   2.6e-54   2.5e-52  175.6   2.3   343   564   749   976   744   999 0.83 length=1000	scaffold=scaffold00809	strand=+	adjustedToFrame=2
1275_g               -            518 2703at5820           -            688   1.3e-44  150.2  10.5   1   3   1.2e-07   1.2e-05   21.4   1.6   215   282    26    94     9   100 0.83 length=518	scaffold=scaffold00176	strand=-
1275_g               -            518 2703at5820           -            688   1.3e-44  150.2  10.5   2   3   4.3e-44   4.1e-42  141.9   1.9   350   546   125   315   110   331 0.83 length=518	scaffold=scaffold00176	strand=-
1275_g               -            518 2703at5820           -            688   1.3e-44  150.2  10.5   3   3       9.8   9.3e+02   -4.7  22.3   603   687   325   410   313   422 0.55 length=518	scaffold=scaffold00176	strand=-
1507_g               -           1229 2703at5820           -            688   3.5e-38  128.9  10.6   1   3   3.6e-40   3.5e-38  128.9  10.6   208   448     4   215     3   219 0.91 length=1229	scaffold=scaffold00229	strand=-
1507_g               -           1229 2703at5820           -            688   3.5e-38  128.9  10.6   2   3       1.2   1.1e+02   -1.7  10.2   514   669   240   397   227   419 0.56 length=1229	scaffold=scaffold00229	strand=-
1507_g               -           1229 2703at5820           -            688   3.5e-38  128.9  10.6   3   3       7.4     7e+02   -4.3   0.3    84   122   778   816   767   823 0.68 length=1229	scaffold=scaffold00229	strand=-
1688_g               -            647 2703at5820           -            688   4.2e-37  125.3   1.7   1   1   2.7e-38   2.6e-36  122.7   1.7   249   544   102   417    95   424 0.74 length=647	scaffold=scaffold00271	strand=-
159_g                -            313 2703at5820           -            688   4.4e-33  112.0   1.5   1   2       4.1   3.8e+02   -3.5   0.0   217   238    48    69    46    89 0.81 length=313	scaffold=scaffold00009	strand=-	adjustedToFrame=2
159_g                -            313 2703at5820           -            688   4.4e-33  112.0   1.5   2   2   5.5e-35   5.2e-33  111.8   0.9   344   546   109   307    92   310 0.90 length=313	scaffold=scaffold00009	strand=-	adjustedToFrame=2
229_g                -           1128 2703at5820           -            688   6.8e-28   94.9  16.4   1   4     3e-11   2.8e-09   33.3   2.6   200   279   104   182    92   204 0.82 length=1128	scaffold=scaffold00016	strand=+
229_g                -           1128 2703at5820           -            688   6.8e-28   94.9  16.4   2   4   3.8e-10   3.6e-08   29.7   0.3   345   396   215   266   202   279 0.88 length=1128	scaffold=scaffold00016	strand=+
229_g                -           1128 2703at5820           -            688   6.8e-28   94.9  16.4   3   4   9.1e-15   8.6e-13   45.0   0.0   397   444   291   338   290   346 0.92 length=1128	scaffold=scaffold00016	strand=+
229_g                -           1128 2703at5820           -            688   6.8e-28   94.9  16.4   4   4   8.6e-08   8.2e-06   21.9   0.2   454   545   376   457   370   472 0.86 length=1128	scaffold=scaffold00016	strand=+
1961_g               -            485 2703at5820           -            688   1.2e-24   84.2   0.0   1   3    0.0021       0.2    7.4   0.0   219   276    46   101    35   107 0.77 length=485	scaffold=scaffold00349	strand=-
1961_g               -            485 2703at5820           -            688   1.2e-24   84.2   0.0   2   3     3e-16   2.9e-14   49.8   0.0   350   461   138   249   124   263 0.88 length=485	scaffold=scaffold00349	strand=-
1961_g               -            485 2703at5820           -            688   1.2e-24   84.2   0.0   3   3   2.7e-08   2.6e-06   23.6   0.0   511   547   262   298   248   319 0.84 length=485	scaffold=scaffold00349	strand=-
2376_g               -            462 2703at5820           -            688   4.4e-24   82.3  10.3   1   3   1.8e-05    0.0017   14.3   3.0   217   279    87   147     3   153 0.83 length=462	scaffold=scaffold00492	strand=-
2376_g               -            462 2703at5820           -            688   4.4e-24   82.3  10.3   2   3   2.4e-16   2.3e-14   50.2   0.0   351   461   182   291   171   296 0.89 length=462	scaffold=scaffold00492	strand=-
2376_g               -            462 2703at5820           -            688   4.4e-24   82.3  10.3   3   3   1.6e-07   1.5e-05   21.0   0.3   509   548   302   341   290   411 0.78 length=462	scaffold=scaffold00492	strand=-
1643_g               -            839 2703at5820           -            688   1.7e-19   67.1   5.3   1   2   2.4e-10   2.3e-08   30.3   0.9   193   277     3    87     1    98 0.85 length=839	scaffold=scaffold00260	strand=+
1643_g               -            839 2703at5820           -            688   1.7e-19   67.1   5.3   2   2   1.3e-15   1.2e-13   47.8   0.2   349   444   127   237   109   253 0.72 length=839	scaffold=scaffold00260	strand=+
61_g                 -            877 2703at5820           -            688     2e-19   66.9   3.3   1   4       3.1   2.9e+02   -3.1   8.0   546   675   204   335   183   346 0.74 length=877	scaffold=scaffold00003	strand=+
61_g                 -            877 2703at5820           -            688     2e-19   66.9   3.3   2   4      0.01      0.99    5.1   5.5   202   278   409   486   395   493 0.81 length=877	scaffold=scaffold00003	strand=+
61_g                 -            877 2703at5820           -            688     2e-19   66.9   3.3   3   4   2.7e-20   2.6e-18   63.2   0.4   346   455   517   624   507   638 0.86 length=877	scaffold=scaffold00003	strand=+
61_g                 -            877 2703at5820           -            688     2e-19   66.9   3.3   4   4   3.4e-05    0.0032   13.3   0.1   518   549   646   677   629   680 0.89 length=877	scaffold=scaffold00003	strand=+
588_g                -            577 2703at5820           -            688   1.7e-16   57.2   1.1   1   3       4.7   4.5e+02   -3.7   1.6   461   509    25    74    18    76 0.78 length=577	scaffold=scaffold00058	strand=-
588_g                -            577 2703at5820           -            688   1.7e-16   57.2   1.1   2   3      0.13        13    1.4   0.2   216   278   284   347   267   355 0.73 length=577	scaffold=scaffold00058	strand=-
588_g                -            577 2703at5820           -            688   1.7e-16   57.2   1.1   3   3   1.8e-18   1.7e-16   57.2   1.1   347   498   380   533   366   561 0.72 length=577	scaffold=scaffold00058	strand=-
825_g                -            769 2703at5820           -            688   1.9e-16   57.0   0.4   1   4      0.19        18    1.0   2.1   218   278    15    76     6    84 0.75 length=769	scaffold=scaffold00092	strand=+
825_g                -            769 2703at5820           -            688   1.9e-16   57.0   0.4   2   4     2e-18   1.9e-16   57.0   0.4   348   459   109   217   100   224 0.88 length=769	scaffold=scaffold00092	strand=+
825_g                -            769 2703at5820           -            688   1.9e-16   57.0   0.4   3   4   0.00095      0.09    8.5   0.1   513   547   230   264   218   273 0.83 length=769	scaffold=scaffold00092	strand=+
825_g                -            769 2703at5820           -            688   1.9e-16   57.0   0.4   4   4       1.7   1.6e+02   -2.2  14.4   562   671   503   608   496   631 0.66 length=769	scaffold=scaffold00092	strand=+
3015_g               -            760 2703at5820           -            688   3.1e-16   56.3   2.2   1   3      0.12        12    1.6   1.5   216   278   314   374   289   380 0.75 length=760	scaffold=scaffold00797	strand=-	adjustedToFrame=3
3015_g               -            760 2703at5820           -            688   3.1e-16   56.3   2.2   2   3   4.9e-17   4.6e-15   52.5   0.1   344   461   403   519   394   530 0.87 length=760	scaffold=scaffold00797	strand=-	adjustedToFrame=3
3015_g               -            760 2703at5820           -            688   3.1e-16   56.3   2.2   3   3   6.3e-05     0.006   12.4   0.2   518   554   539   575   520   620 0.83 length=760	scaffold=scaffold00797	strand=-	adjustedToFrame=3
1282_g               -            569 2703at5820           -            688   7.8e-14   48.4   0.0   1   1   1.5e-15   1.4e-13   47.5   0.0   356   462   363   466   346   490 0.82 length=569	scaffold=scaffold00177	strand=+
2611_g               -           1579 2703at5820           -            688   4.7e-13   45.8   0.1   1   3     0.015       1.4    4.6   1.7   219   278  1145  1201  1134  1208 0.77 length=1579	scaffold=scaffold00584	strand=-
2611_g               -           1579 2703at5820           -            688   4.7e-13   45.8   0.1   2   3   4.9e-15   4.7e-13   45.8   0.1   348   448  1235  1335  1208  1350 0.82 length=1579	scaffold=scaffold00584	strand=-
2611_g               -           1579 2703at5820           -            688   4.7e-13   45.8   0.1   3   3     0.004      0.38    6.5   0.1   518   567  1366  1414  1359  1442 0.77 length=1579	scaffold=scaffold00584	strand=-
667_g                -            544 2703at5820           -            688     1e-12   44.7   0.0   1   3      0.17        16    1.1   0.4   216   277   114   172   103   179 0.82 length=544	scaffold=scaffold00069	strand=-
667_g                -            544 2703at5820           -            688     1e-12   44.7   0.0   2   3   1.1e-14     1e-12   44.7   0.0   349   462   207   319   194   334 0.85 length=544	scaffold=scaffold00069	strand=-
667_g                -            544 2703at5820           -            688     1e-12   44.7   0.0   3   3      0.23        22    0.7  10.9   525   678   345   487   331   502 0.62 length=544	scaffold=scaffold00069	strand=-
2396_g               -            275 2703at5820           -            688   5.3e-11   39.0  11.6   1   1   3.2e-12     3e-10   36.5  11.3   296   452    70   223    37   247 0.73 length=275	scaffold=scaffold00499	strand=-
1696_g               -            415 2703at5820           -            688   5.6e-11   39.0  16.0   1   1   5.9e-13   5.6e-11   39.0  16.0   218   496    70   324    53   336 0.68 length=415	scaffold=scaffold00273	strand=-
3843_g               -           1019 2703at5820           -            688   7.1e-11   38.6   7.7   1   3   8.8e-05    0.0084   11.9   5.7   134   269   410   556   377   567 0.67 length=1019	scaffold=scaffold01434	strand=-	adjustedToFrame=2
3843_g               -           1019 2703at5820           -            688   7.1e-11   38.6   7.7   2   3   3.6e-10   3.4e-08   29.8   4.5   345   504   691   862   580   880 0.76 length=1019	scaffold=scaffold01434	strand=-	adjustedToFrame=2
3843_g               -           1019 2703at5820           -            688   7.1e-11   38.6   7.7   3   3   6.1e-07   5.8e-05   19.1   0.1   481   545   944  1016   928  1018 0.71 length=1019	scaffold=scaffold01434	strand=-	adjustedToFrame=2
2166_g               -            585 2703at5820           -            688   1.4e-10   37.7  38.3   1   4   2.9e-06   0.00027   16.9   0.6   216   283    38    99    35   117 0.84 length=585	scaffold=scaffold00414	strand=+
2166_g               -            585 2703at5820           -            688   1.4e-10   37.7  38.3   2   4       8.9   8.4e+02   -4.6  14.2   607   687   133   214   118   221 0.60 length=585	scaffold=scaffold00414	strand=+
2166_g               -            585 2703at5820           -            688   1.4e-10   37.7  38.3   3   4   2.5e-07   2.4e-05   20.4   2.3   336   385   262   311   258   315 0.93 length=585	scaffold=scaffold00414	strand=+
2166_g               -            585 2703at5820           -            688   1.4e-10   37.7  38.3   4   4   4.4e-07   4.2e-05   19.6   0.1   410   436   551   577   528   581 0.87 length=585	scaffold=scaffold00414	strand=+
4034_g               -            619 2703at5820           -            688     2e-10   37.2   3.5   1   2   1.8e-05    0.0017   14.2   0.4   213   278   367   433   362   444 0.86 length=619	scaffold=scaffold01621	strand=-	adjustedToFrame=3
4034_g               -            619 2703at5820           -            688     2e-10   37.2   3.5   2   2   6.2e-11   5.9e-09   32.3   0.2   348   434   467   562   452   590 0.80 length=619	scaffold=scaffold01621	strand=-	adjustedToFrame=3
574_g                -           1016 2703at5820           -            688   3.2e-09   33.2   0.2   1   3   0.00023     0.022   10.6   2.7   190   276    39   123    15   133 0.78 length=1016	scaffold=scaffold00057	strand=-
574_g                -           1016 2703at5820           -            688   3.2e-09   33.2   0.2   2   3   3.4e-11   3.2e-09   33.2   0.2   335   457   151   297   144   321 0.71 length=1016	scaffold=scaffold00057	strand=-
574_g                -           1016 2703at5820           -            688   3.2e-09   33.2   0.2   3   3       6.8   6.4e+02   -4.2  14.2   590   677   641   718   626   729 0.43 length=1016	scaffold=scaffold00057	strand=-
4051_g               -            682 2703at5820           -            688   7.1e-09   32.0   1.7   1   2   7.4e-11   7.1e-09   32.0   1.7   346   397   118   169   103   174 0.86 length=682	scaffold=scaffold01642	strand=-
4051_g               -            682 2703at5820           -            688   7.1e-09   32.0   1.7   2   2       6.6   6.2e+02   -4.2   4.3   645   679   320   353   255   370 0.64 length=682	scaffold=scaffold01642	strand=-
2951_g               -            907 2703at5820           -            688   9.5e-09   31.6   0.1   1   2       2.9   2.7e+02   -3.0   0.0   244   278   719   752   684   761 0.80 length=907	scaffold=scaffold00756	strand=+
2951_g               -            907 2703at5820           -            688   9.5e-09   31.6   0.1   2   2     1e-10   9.5e-09   31.6   0.1   360   460   796   895   761   898 0.80 length=907	scaffold=scaffold00756	strand=+
3635_g               -            463 2703at5820           -            688     1e-07   28.2   1.6   1   1   1.1e-09     1e-07   28.2   1.6   354   397   380   423   347   428 0.88 length=463	scaffold=scaffold01242	strand=+
3874_g               -            126 2703at5820           -            688   5.3e-07   25.8   3.9   1   2   2.8e-08   2.6e-06   23.5   1.9   207   283    11    94     3   101 0.82 length=126	scaffold=scaffold01462	strand=+
3874_g               -            126 2703at5820           -            688   5.3e-07   25.8   3.9   2   2     0.061       5.8    2.6   0.0   312   334   103   125    95   126 0.91 length=126	scaffold=scaffold01462	strand=+
2410_g               -            133 2703at5820           -            688   1.7e-06   24.2   0.0   1   1   2.1e-08     2e-06   23.9   0.0   374   448     2    74     1    88 0.82 length=133	scaffold=scaffold00503	strand=-
2390_g               -            587 2703at5820           -            688   4.2e-06   22.9   0.4   1   4     0.064       6.1    2.5   7.2   592   683    74   164    49   181 0.71 length=587	scaffold=scaffold00497	strand=+
2390_g               -            587 2703at5820           -            688   4.2e-06   22.9   0.4   2   4      0.23        22    0.7   0.4   232   280   200   252   196   258 0.79 length=587	scaffold=scaffold00497	strand=+
2390_g               -            587 2703at5820           -            688   4.2e-06   22.9   0.4   3   4   4.4e-08   4.2e-06   22.9   0.4   347   403   281   335   267   413 0.85 length=587	scaffold=scaffold00497	strand=+
2390_g               -            587 2703at5820           -            688   4.2e-06   22.9   0.4   4   4    0.0078      0.74    5.5   0.1   520   543   563   586   545   586 0.92 length=587	scaffold=scaffold00497	strand=+
2167_g               -            179 2703at5820           -            688   5.2e-06   22.6   0.3   1   1   1.5e-07   1.5e-05   21.1   0.2   440   545     2    95     1   131 0.81 length=179	scaffold=scaffold00414	strand=+
1927_g               -            810 2703at5820           -            688   0.00032   16.6   1.0   1   4   3.4e-06   0.00032   16.6   1.0   349   380   371   402   362   411 0.89 length=810	scaffold=scaffold00339	strand=+
1927_g               -            810 2703at5820           -            688   0.00032   16.6   1.0   2   4       2.5   2.4e+02   -2.8   1.6   635   676   459   497   423   501 0.44 length=810	scaffold=scaffold00339	strand=+
1927_g               -            810 2703at5820           -            688   0.00032   16.6   1.0   3   4     0.033       3.1    3.5   0.1   411   445   502   535   492   543 0.81 length=810	scaffold=scaffold00339	strand=+
1927_g               -            810 2703at5820           -            688   0.00032   16.6   1.0   4   4     0.035       3.4    3.3  30.7   519   674   577   733   574   745 0.69 length=810	scaffold=scaffold00339	strand=+
4056_g               -            151 2703at5820           -            688    0.0054   12.6  15.9   1   1   6.7e-05    0.0063   12.4  15.9   590   677    34   120    20   130 0.58 length=151	scaffold=scaffold01646	strand=-
426_g                -            564 2703at5820           -            688      0.03   10.1  16.6   1   1    0.0005     0.048    9.4  16.6   629   683   250   303   212   314 0.50 length=564	scaffold=scaffold00038	strand=-
618_g                -            103 2703at5820           -            688      0.52    6.0  18.0   1   1     0.006      0.57    5.9  18.0   617   677    39    99     7   102 0.42 length=103	scaffold=scaffold00063	strand=+
2094_g               -            104 2703at5820           -            688      0.55    5.9  15.7   1   1    0.0063      0.59    5.8  15.7   629   686    45    94    14   102 0.38 length=104	scaffold=scaffold00390	strand=+
2517_g               -            112 2703at5820           -            688      0.59    5.8  26.8   1   1     0.007      0.67    5.7  26.8   623   684    25    86     5   104 0.45 length=112	scaffold=scaffold00543	strand=+
3032_g               -            110 2703at5820           -            688       1.1    4.9  16.7   1   1     0.012       1.2    4.9  16.7   604   674    35   107    17   109 0.50 length=110	scaffold=scaffold00806	strand=+
1685_g               -           1049 2703at5820           -            688       1.2    4.8  17.7   1   1     0.022         2    4.1  17.7   616   672   979  1036   969  1046 0.52 length=1049	scaffold=scaffold00270	strand=-
2764_g               -            263 2703at5820           -            688       2.9    3.5  12.3   1   2       1.2   1.1e+02   -1.7   0.0   446   469    38    61    35    72 0.84 length=263	scaffold=scaffold00657	strand=-
2764_g               -            263 2703at5820           -            688       2.9    3.5  12.3   2   2     0.015       1.4    4.6   9.8   579   683   129   239   109   243 0.76 length=263	scaffold=scaffold00657	strand=-
3540_g               -            205 2703at5820           -            688       3.8    3.2  23.7   1   2         3   2.8e+02   -3.0   2.0   637   655    26    44     6    71 0.57 length=205	scaffold=scaffold01166	strand=+
3540_g               -            205 2703at5820           -            688       3.8    3.2  23.7   2   2   0.00017     0.016   11.0  14.2   601   676   124   200   117   203 0.66 length=205	scaffold=scaffold01166	strand=+
148_g                -            199 2703at5820           -            688       5.4    2.7  37.5   1   1     0.072       6.8    2.3  37.5   587   688    94   195    49   197 0.60 length=199	scaffold=scaffold00009	strand=+
935_g                -            450 2703at5820           -            688       6.1    2.5  19.8   1   1      0.13        12    1.5  19.8   603   682    99   184    83   201 0.48 length=450	scaffold=scaffold00109	strand=-
#
# Program:         hmmsearch
# Version:         3.1b2 (February 2015)
# Pipeline mode:   SEARCH
# Query file:      /export/home/bio1901/Documents/29_BINP/OrthoSearch/busco_downloads/lineages/plasmodium_odb10/hmms/2703at5820.hmm
# Target file:     Results/1_GeneSequences/PB.faa
# Option settings: /home/users/bio1901/miniconda3/envs/busco/bin/hmmsearch --domtblout /export/home/bio1901/Documents/29_BINP/OrthoSearch/PB/run_plasmodium_odb10/hmmer_output/2703at5820.out --cpu 1 /export/home/bio1901/Documents/29_BINP/OrthoSearch/busco_downloads/lineages/plasmodium_odb10/hmms/2703at5820.hmm Results/1_GeneSequences/PB.faa 
# Current dir:     /export/home/bio1901/Documents/29_BINP/OrthoSearch
# Date:            Sun Mar 15 17:54:35 2020
# [ok]
