#                                                                            --- full sequence --- -------------- this domain -------------   hmm coord   ali coord   env coord
# target name        accession   tlen query name           accession   qlen   E-value  score  bias   #  of  c-Evalue  i-Evalue  score  bias  from    to  from    to  from    to  acc description of target
#------------------- ---------- ----- -------------------- ---------- ----- --------- ------ ----- --- --- --------- --------- ------ ----- ----- ----- ----- ----- ----- ----- ---- ---------------------
3002_g               -            549 271at5820            -           1885   1.5e-79  265.6  83.9   1   3         4     4e+03  -16.5  19.8    54   135     4    87     2    95 0.55 length=549	scaffold=scaffold00785	strand=-	adjustedToFrame=2
3002_g               -            549 271at5820            -           1885   1.5e-79  265.6  83.9   2   3   8.9e-15   8.8e-12   40.9  37.9   996  1196    97   289    85   313 0.73 length=549	scaffold=scaffold00785	strand=-	adjustedToFrame=2
3002_g               -            549 271at5820            -           1885   1.5e-79  265.6  83.9   3   3   1.6e-74   1.6e-71  239.0  38.0  1180  1394   334   544   316   547 0.90 length=549	scaffold=scaffold00785	strand=-	adjustedToFrame=2
3001_g               -            993 271at5820            -           1885     5e-77  257.2  44.8   1   4      0.15   1.5e+02   -3.0  13.5  1426  1522   119   218    75   238 0.73 length=993	scaffold=scaffold00785	strand=-
3001_g               -            993 271at5820            -           1885     5e-77  257.2  44.8   2   4     5e-80     5e-77  257.2  44.8  1486  1762   274   558   252   568 0.82 length=993	scaffold=scaffold00785	strand=-
3001_g               -            993 271at5820            -           1885     5e-77  257.2  44.8   3   4      0.26   2.5e+02   -3.8  12.1     5   125   581   700   573   707 0.66 length=993	scaffold=scaffold00785	strand=-
3001_g               -            993 271at5820            -           1885     5e-77  257.2  44.8   4   4   1.8e-06    0.0017   13.3   3.4  1791  1834   831   873   784   921 0.86 length=993	scaffold=scaffold00785	strand=-
4062_g               -            359 271at5820            -           1885   7.9e-42  140.5  63.6   1   3         4     4e+03  -14.9  19.4   369   461     4   104     1   106 0.49 length=359	scaffold=scaffold01653	strand=-
4062_g               -            359 271at5820            -           1885   7.9e-42  140.5  63.6   2   3   7.1e-15   7.1e-12   41.2  14.4   390   443   117   170   111   183 0.82 length=359	scaffold=scaffold01653	strand=-
4062_g               -            359 271at5820            -           1885   7.9e-42  140.5  63.6   3   3   1.6e-36   1.6e-33  112.9  41.3   393   567   167   359   160   359 0.71 length=359	scaffold=scaffold01653	strand=-
4063_g               -            215 271at5820            -           1885   2.6e-19   65.8  34.1   1   1   2.6e-22   2.6e-19   65.8  34.1     1   175     1   202     1   204 0.64 length=215	scaffold=scaffold01653	strand=-
#
# Program:         hmmsearch
# Version:         3.1b2 (February 2015)
# Pipeline mode:   SEARCH
# Query file:      /export/home/bio1901/Documents/29_BINP/OrthoSearch/busco_downloads/lineages/plasmodium_odb10/hmms/271at5820.hmm
# Target file:     Results/1_GeneSequences/PB.faa
# Option settings: /home/users/bio1901/miniconda3/envs/busco/bin/hmmsearch --domtblout /export/home/bio1901/Documents/29_BINP/OrthoSearch/PB/run_plasmodium_odb10/hmmer_output/271at5820.out --cpu 1 /export/home/bio1901/Documents/29_BINP/OrthoSearch/busco_downloads/lineages/plasmodium_odb10/hmms/271at5820.hmm Results/1_GeneSequences/PB.faa 
# Current dir:     /export/home/bio1901/Documents/29_BINP/OrthoSearch
# Date:            Sun Mar 15 17:54:48 2020
# [ok]
