#                                                                            --- full sequence --- -------------- this domain -------------   hmm coord   ali coord   env coord
# target name        accession   tlen query name           accession   qlen   E-value  score  bias   #  of  c-Evalue  i-Evalue  score  bias  from    to  from    to  from    to  acc description of target
#------------------- ---------- ----- -------------------- ---------- ----- --------- ------ ----- --- --- --------- --------- ------ ----- ----- ----- ----- ----- ----- ----- ---- ---------------------
1099_g               -           1229 2730at5820           -            759  2.8e-141  470.6 170.5   1  10   2.2e-11   8.9e-08   29.1   2.1     2    51     6    55     5    61 0.91 length=1229	scaffold=scaffold00141	strand=-
1099_g               -           1229 2730at5820           -            759  2.8e-141  470.6 170.5   2  10      0.18   7.4e+02   -3.7   4.5   284   362   121   200    95   211 0.64 length=1229	scaffold=scaffold00141	strand=-
1099_g               -           1229 2730at5820           -            759  2.8e-141  470.6 170.5   3  10   1.6e-10   6.3e-07   26.3   5.8   109   194   211   295   196   317 0.67 length=1229	scaffold=scaffold00141	strand=-
1099_g               -           1229 2730at5820           -            759  2.8e-141  470.6 170.5   4  10   6.5e-17   2.6e-13   47.4  14.0   189   256   344   411   327   422 0.91 length=1229	scaffold=scaffold00141	strand=-
1099_g               -           1229 2730at5820           -            759  2.8e-141  470.6 170.5   5  10   0.00035       1.4    5.3   7.6   250   330   433   513   425   536 0.63 length=1229	scaffold=scaffold00141	strand=-
1099_g               -           1229 2730at5820           -            759  2.8e-141  470.6 170.5   6  10     0.061   2.4e+02   -2.1   1.0   306   336   552   586   526   606 0.60 length=1229	scaffold=scaffold00141	strand=-
1099_g               -           1229 2730at5820           -            759  2.8e-141  470.6 170.5   7  10   2.3e-13   9.2e-10   35.7  12.5   302   387   615   702   547   713 0.81 length=1229	scaffold=scaffold00141	strand=-
1099_g               -           1229 2730at5820           -            759  2.8e-141  470.6 170.5   8  10         1     4e+03   -8.8  19.0   362   484   755   882   716   892 0.68 length=1229	scaffold=scaffold00141	strand=-
1099_g               -           1229 2730at5820           -            759  2.8e-141  470.6 170.5   9  10   3.1e-36   1.2e-32  111.3  29.9   405   536   872  1006   862  1028 0.88 length=1229	scaffold=scaffold00141	strand=-
1099_g               -           1229 2730at5820           -            759  2.8e-141  470.6 170.5  10  10   2.2e-85   8.8e-82  273.8  17.4   533   720  1048  1225  1043  1228 0.97 length=1229	scaffold=scaffold00141	strand=-
#
# Program:         hmmsearch
# Version:         3.1b2 (February 2015)
# Pipeline mode:   SEARCH
# Query file:      /export/home/bio1901/Documents/29_BINP/OrthoSearch/busco_downloads/lineages/plasmodium_odb10/hmms/2730at5820.hmm
# Target file:     Results/1_GeneSequences/PB.faa
# Option settings: /home/users/bio1901/miniconda3/envs/busco/bin/hmmsearch --domtblout /export/home/bio1901/Documents/29_BINP/OrthoSearch/PB/run_plasmodium_odb10/hmmer_output/2730at5820.out --cpu 1 /export/home/bio1901/Documents/29_BINP/OrthoSearch/busco_downloads/lineages/plasmodium_odb10/hmms/2730at5820.hmm Results/1_GeneSequences/PB.faa 
# Current dir:     /export/home/bio1901/Documents/29_BINP/OrthoSearch
# Date:            Sun Mar 15 17:54:49 2020
# [ok]
