#                                                                            --- full sequence --- -------------- this domain -------------   hmm coord   ali coord   env coord
# target name        accession   tlen query name           accession   qlen   E-value  score  bias   #  of  c-Evalue  i-Evalue  score  bias  from    to  from    to  from    to  acc description of target
#------------------- ---------- ----- -------------------- ---------- ----- --------- ------ ----- --- --- --------- --------- ------ ----- ----- ----- ----- ----- ----- ----- ---- ---------------------
3704_g               -           1182 279at5820            -           1909  1.4e-181  603.9  19.9   1   3   1.2e-21   1.6e-18   63.2   6.3    18   139   205   330   197   367 0.79 length=1182	scaffold=scaffold01309	strand=-
3704_g               -           1182 279at5820            -           1909  1.4e-181  603.9  19.9   2   3   1.3e-42   1.8e-39  132.7   0.1   266   448   412   597   407   679 0.86 length=1182	scaffold=scaffold01309	strand=-
3704_g               -           1182 279at5820            -           1909  1.4e-181  603.9  19.9   3   3  6.8e-128    9e-125  415.5   1.3   447   932   700  1181   666  1182 0.93 length=1182	scaffold=scaffold01309	strand=-
1649_g               -           3064 279at5820            -           1909  8.3e-132  438.8  30.2   1   6   5.2e-09   6.9e-06   21.3   0.1    56   117   125   186   105   250 0.77 length=3064	scaffold=scaffold00262	strand=-
1649_g               -           3064 279at5820            -           1909  8.3e-132  438.8  30.2   2   6   5.5e-52   7.3e-49  163.8   0.7   359   584   757   993   743   998 0.89 length=3064	scaffold=scaffold00262	strand=-
1649_g               -           3064 279at5820            -           1909  8.3e-132  438.8  30.2   3   6   8.4e-09   1.1e-05   20.6   1.1   593   745  1090  1278  1080  1332 0.70 length=3064	scaffold=scaffold00262	strand=-
1649_g               -           3064 279at5820            -           1909  8.3e-132  438.8  30.2   4   6   7.2e-47   9.5e-44  146.8   1.9   794   930  1806  1943  1785  2081 0.75 length=3064	scaffold=scaffold00262	strand=-
1649_g               -           3064 279at5820            -           1909  8.3e-132  438.8  30.2   5   6   5.7e-20   7.6e-17   57.6   0.0  1133  1188  2123  2176  2107  2209 0.87 length=3064	scaffold=scaffold00262	strand=-
1649_g               -           3064 279at5820            -           1909  8.3e-132  438.8  30.2   6   6   5.7e-16   7.5e-13   44.4   0.3  1418  1562  2918  3063  2894  3064 0.89 length=3064	scaffold=scaffold00262	strand=-
618_g                -            103 279at5820            -           1909      0.74    4.6   8.3   1   1   0.00061      0.82    4.5   8.3  1301  1371     7    79     3   101 0.63 length=103	scaffold=scaffold00063	strand=+
#
# Program:         hmmsearch
# Version:         3.1b2 (February 2015)
# Pipeline mode:   SEARCH
# Query file:      /export/home/bio1901/Documents/29_BINP/OrthoSearch/busco_downloads/lineages/plasmodium_odb10/hmms/279at5820.hmm
# Target file:     Results/1_GeneSequences/PB.faa
# Option settings: /home/users/bio1901/miniconda3/envs/busco/bin/hmmsearch --domtblout /export/home/bio1901/Documents/29_BINP/OrthoSearch/PB/run_plasmodium_odb10/hmmer_output/279at5820.out --cpu 1 /export/home/bio1901/Documents/29_BINP/OrthoSearch/busco_downloads/lineages/plasmodium_odb10/hmms/279at5820.hmm Results/1_GeneSequences/PB.faa 
# Current dir:     /export/home/bio1901/Documents/29_BINP/OrthoSearch
# Date:            Sun Mar 15 17:55:10 2020
# [ok]
