#                                                                            --- full sequence --- -------------- this domain -------------   hmm coord   ali coord   env coord
# target name        accession   tlen query name           accession   qlen   E-value  score  bias   #  of  c-Evalue  i-Evalue  score  bias  from    to  from    to  from    to  acc description of target
#------------------- ---------- ----- -------------------- ---------- ----- --------- ------ ----- --- --- --------- --------- ------ ----- ----- ----- ----- ----- ----- ----- ---- ---------------------
2301_g               -            988 2822at5820           -            860  3.1e-190  632.5  67.5   1   7   6.8e-34   1.4e-30  104.4  29.2    12   114    41   144    31   205 0.82 length=988	scaffold=scaffold00460	strand=-
2301_g               -            988 2822at5820           -            860  3.1e-190  632.5  67.5   2   7         2     4e+03  -20.5  22.9    26   105   205   284   178   316 0.64 length=988	scaffold=scaffold00460	strand=-
2301_g               -            988 2822at5820           -            860  3.1e-190  632.5  67.5   3   7         2     4e+03  -25.6  28.3    41   149   258   366   226   382 0.49 length=988	scaffold=scaffold00460	strand=-
2301_g               -            988 2822at5820           -            860  3.1e-190  632.5  67.5   4   7         2     4e+03  -14.8  14.2    50   125   400   478   351   511 0.58 length=988	scaffold=scaffold00460	strand=-
2301_g               -            988 2822at5820           -            860  3.1e-190  632.5  67.5   5   7     0.002         4    3.6   8.5    12    76   521   589   508   615 0.76 length=988	scaffold=scaffold00460	strand=-
2301_g               -            988 2822at5820           -            860  3.1e-190  632.5  67.5   6   7  6.7e-152  1.3e-148  494.8  24.3   151   452   621   939   591   941 0.91 length=988	scaffold=scaffold00460	strand=-
2301_g               -            988 2822at5820           -            860  3.1e-190  632.5  67.5   7   7   7.9e-21   1.6e-17   61.2   0.3   521   563   940   982   940   985 0.96 length=988	scaffold=scaffold00460	strand=-
265_g                -            119 2822at5820           -            860      0.39    6.9   8.2   1   1   0.00021      0.43    6.8   8.2    71   152     4    86     1    98 0.80 length=119	scaffold=scaffold00019	strand=-
#
# Program:         hmmsearch
# Version:         3.1b2 (February 2015)
# Pipeline mode:   SEARCH
# Query file:      /export/home/bio1901/Documents/29_BINP/OrthoSearch/busco_downloads/lineages/plasmodium_odb10/hmms/2822at5820.hmm
# Target file:     Results/1_GeneSequences/PB.faa
# Option settings: /home/users/bio1901/miniconda3/envs/busco/bin/hmmsearch --domtblout /export/home/bio1901/Documents/29_BINP/OrthoSearch/PB/run_plasmodium_odb10/hmmer_output/2822at5820.out --cpu 1 /export/home/bio1901/Documents/29_BINP/OrthoSearch/busco_downloads/lineages/plasmodium_odb10/hmms/2822at5820.hmm Results/1_GeneSequences/PB.faa 
# Current dir:     /export/home/bio1901/Documents/29_BINP/OrthoSearch
# Date:            Sun Mar 15 17:55:19 2020
# [ok]
