#                                                                            --- full sequence --- -------------- this domain -------------   hmm coord   ali coord   env coord
# target name        accession   tlen query name           accession   qlen   E-value  score  bias   #  of  c-Evalue  i-Evalue  score  bias  from    to  from    to  from    to  acc description of target
#------------------- ---------- ----- -------------------- ---------- ----- --------- ------ ----- --- --- --------- --------- ------ ----- ----- ----- ----- ----- ----- ----- ---- ---------------------
3452_g               -            730 2829at5820           -            768  5.5e-197  654.3  50.2   1   3  2.8e-200  5.5e-197  654.3  50.2   316   767    10   484     2   486 0.91 length=730	scaffold=scaffold01097	strand=-
3452_g               -            730 2829at5820           -            768  5.5e-197  654.3  50.2   2   3       0.2   4.1e+02   -3.3   3.6   734   766   482   516   474   521 0.51 length=730	scaffold=scaffold01097	strand=-
3452_g               -            730 2829at5820           -            768  5.5e-197  654.3  50.2   3   3         2     4e+03  -19.8  32.5   660   764   588   699   575   706 0.57 length=730	scaffold=scaffold01097	strand=-
3453_g               -            698 2829at5820           -            768   1.4e-98  329.0  44.5   1   4   1.1e-05     0.021   10.9   7.3    21    84     6    78     2    84 0.64 length=698	scaffold=scaffold01097	strand=-
3453_g               -            698 2829at5820           -            768   1.4e-98  329.0  44.5   2   4         2     4e+03  -38.7  43.8   668   728    93   161    79   213 0.37 length=698	scaffold=scaffold01097	strand=-
3453_g               -            698 2829at5820           -            768   1.4e-98  329.0  44.5   3   4   6.3e-43   1.3e-39  134.0  15.1    43   178   264   401   222   441 0.86 length=698	scaffold=scaffold01097	strand=-
3453_g               -            698 2829at5820           -            768   1.4e-98  329.0  44.5   4   4   8.9e-66   1.8e-62  209.5  21.4   183   311   568   696   551   697 0.97 length=698	scaffold=scaffold01097	strand=-
#
# Program:         hmmsearch
# Version:         3.1b2 (February 2015)
# Pipeline mode:   SEARCH
# Query file:      /export/home/bio1901/Documents/29_BINP/OrthoSearch/busco_downloads/lineages/plasmodium_odb10/hmms/2829at5820.hmm
# Target file:     Results/1_GeneSequences/PB.faa
# Option settings: /home/users/bio1901/miniconda3/envs/busco/bin/hmmsearch --domtblout /export/home/bio1901/Documents/29_BINP/OrthoSearch/PB/run_plasmodium_odb10/hmmer_output/2829at5820.out --cpu 1 /export/home/bio1901/Documents/29_BINP/OrthoSearch/busco_downloads/lineages/plasmodium_odb10/hmms/2829at5820.hmm Results/1_GeneSequences/PB.faa 
# Current dir:     /export/home/bio1901/Documents/29_BINP/OrthoSearch
# Date:            Sun Mar 15 17:55:20 2020
# [ok]
