#                                                                            --- full sequence --- -------------- this domain -------------   hmm coord   ali coord   env coord
# target name        accession   tlen query name           accession   qlen   E-value  score  bias   #  of  c-Evalue  i-Evalue  score  bias  from    to  from    to  from    to  acc description of target
#------------------- ---------- ----- -------------------- ---------- ----- --------- ------ ----- --- --- --------- --------- ------ ----- ----- ----- ----- ----- ----- ----- ---- ---------------------
3698_g               -           1231 2847at5820           -            755  8.3e-216  716.3 185.9   1   8   2.4e-17   9.4e-14   48.2   5.6    15   105     1    71     1    78 0.93 length=1231	scaffold=scaffold01303	strand=-
3698_g               -           1231 2847at5820           -            755  8.3e-216  716.3 185.9   2   8   1.3e-57   5.3e-54  181.3  19.0    95   235    84   231    82   234 0.92 length=1231	scaffold=scaffold01303	strand=-
3698_g               -           1231 2847at5820           -            755  8.3e-216  716.3 185.9   3   8   2.8e-20   1.1e-16   57.9   4.0   233   314   278   376   268   412 0.75 length=1231	scaffold=scaffold01303	strand=-
3698_g               -           1231 2847at5820           -            755  8.3e-216  716.3 185.9   4   8   1.5e-44   5.8e-41  138.2   9.9   315   433   492   615   443   621 0.89 length=1231	scaffold=scaffold01303	strand=-
3698_g               -           1231 2847at5820           -            755  8.3e-216  716.3 185.9   5   8   6.7e-10   2.7e-06   23.6   3.1   430   471   635   676   629   727 0.82 length=1231	scaffold=scaffold01303	strand=-
3698_g               -           1231 2847at5820           -            755  8.3e-216  716.3 185.9   6   8   4.1e-71   1.6e-67  226.0  55.5   464   648   739   922   729   938 0.94 length=1231	scaffold=scaffold01303	strand=-
3698_g               -           1231 2847at5820           -            755  8.3e-216  716.3 185.9   7   8   2.2e-15   8.8e-12   41.7  10.1   609   707   933  1033   921  1041 0.77 length=1231	scaffold=scaffold01303	strand=-
3698_g               -           1231 2847at5820           -            755  8.3e-216  716.3 185.9   8   8   2.8e-13   1.1e-09   34.7  25.1   607   755  1091  1229  1065  1229 0.66 length=1231	scaffold=scaffold01303	strand=-
#
# Program:         hmmsearch
# Version:         3.1b2 (February 2015)
# Pipeline mode:   SEARCH
# Query file:      /export/home/bio1901/Documents/29_BINP/OrthoSearch/busco_downloads/lineages/plasmodium_odb10/hmms/2847at5820.hmm
# Target file:     Results/1_GeneSequences/PB.faa
# Option settings: /home/users/bio1901/miniconda3/envs/busco/bin/hmmsearch --domtblout /export/home/bio1901/Documents/29_BINP/OrthoSearch/PB/run_plasmodium_odb10/hmmer_output/2847at5820.out --cpu 1 /export/home/bio1901/Documents/29_BINP/OrthoSearch/busco_downloads/lineages/plasmodium_odb10/hmms/2847at5820.hmm Results/1_GeneSequences/PB.faa 
# Current dir:     /export/home/bio1901/Documents/29_BINP/OrthoSearch
# Date:            Sun Mar 15 17:55:28 2020
# [ok]
