#                                                                            --- full sequence --- -------------- this domain -------------   hmm coord   ali coord   env coord
# target name        accession   tlen query name           accession   qlen   E-value  score  bias   #  of  c-Evalue  i-Evalue  score  bias  from    to  from    to  from    to  acc description of target
#------------------- ---------- ----- -------------------- ---------- ----- --------- ------ ----- --- --- --------- --------- ------ ----- ----- ----- ----- ----- ----- ----- ---- ---------------------
1181_g               -           1702 2866at5820           -            593  3.2e-176  584.9  55.3   1   9   2.5e-08     5e-05   19.5   0.0     1    35     1    45     1    54 0.64 length=1702	scaffold=scaffold00156	strand=+
1181_g               -           1702 2866at5820           -            593  3.2e-176  584.9  55.3   2   9      0.99     2e+03   -5.5   7.3   158   566   119   170    94   181 0.48 length=1702	scaffold=scaffold00156	strand=+
1181_g               -           1702 2866at5820           -            593  3.2e-176  584.9  55.3   3   9   2.2e-46   4.5e-43  145.2   1.1    37   155   178   311   169   332 0.83 length=1702	scaffold=scaffold00156	strand=+
1181_g               -           1702 2866at5820           -            593  3.2e-176  584.9  55.3   4   9     0.049        98   -1.2   0.3   162   240   379   461   347   465 0.70 length=1702	scaffold=scaffold00156	strand=+
1181_g               -           1702 2866at5820           -            593  3.2e-176  584.9  55.3   5   9   1.9e-31   3.7e-28   95.9   3.1   142   277   533   664   476   672 0.67 length=1702	scaffold=scaffold00156	strand=+
1181_g               -           1702 2866at5820           -            593  3.2e-176  584.9  55.3   6   9  1.1e-107  2.2e-104  347.6  23.7   275   564   686   981   683   992 0.92 length=1702	scaffold=scaffold00156	strand=+
1181_g               -           1702 2866at5820           -            593  3.2e-176  584.9  55.3   7   9         2     4e+03  -29.8  41.6   456   567   988  1104   968  1120 0.34 length=1702	scaffold=scaffold00156	strand=+
1181_g               -           1702 2866at5820           -            593  3.2e-176  584.9  55.3   8   9   1.7e-12   3.5e-09   33.3   2.1   535   592  1317  1372  1289  1373 0.73 length=1702	scaffold=scaffold00156	strand=+
1181_g               -           1702 2866at5820           -            593  3.2e-176  584.9  55.3   9   9         2     4e+03  -10.0  11.6   395   527  1440  1583  1408  1622 0.62 length=1702	scaffold=scaffold00156	strand=+
500_g                -            857 2866at5820           -            593   4.3e-21   72.6   0.0   1   3   0.00056       1.1    5.2   0.1   226   275    16    64    11    66 0.84 length=857	scaffold=scaffold00047	strand=-
500_g                -            857 2866at5820           -            593   4.3e-21   72.6   0.0   2   3   1.8e-07   0.00037   16.7   0.0    84   149    55   116    48   120 0.90 length=857	scaffold=scaffold00047	strand=-
500_g                -            857 2866at5820           -            593   4.3e-21   72.6   0.0   3   3     1e-17     2e-14   50.6   0.0   221   424   121   321   116   343 0.79 length=857	scaffold=scaffold00047	strand=-
#
# Program:         hmmsearch
# Version:         3.1b2 (February 2015)
# Pipeline mode:   SEARCH
# Query file:      /export/home/bio1901/Documents/29_BINP/OrthoSearch/busco_downloads/lineages/plasmodium_odb10/hmms/2866at5820.hmm
# Target file:     Results/1_GeneSequences/PB.faa
# Option settings: /home/users/bio1901/miniconda3/envs/busco/bin/hmmsearch --domtblout /export/home/bio1901/Documents/29_BINP/OrthoSearch/PB/run_plasmodium_odb10/hmmer_output/2866at5820.out --cpu 1 /export/home/bio1901/Documents/29_BINP/OrthoSearch/busco_downloads/lineages/plasmodium_odb10/hmms/2866at5820.hmm Results/1_GeneSequences/PB.faa 
# Current dir:     /export/home/bio1901/Documents/29_BINP/OrthoSearch
# Date:            Sun Mar 15 17:55:29 2020
# [ok]
