#                                                                            --- full sequence --- -------------- this domain -------------   hmm coord   ali coord   env coord
# target name        accession   tlen query name           accession   qlen   E-value  score  bias   #  of  c-Evalue  i-Evalue  score  bias  from    to  from    to  from    to  acc description of target
#------------------- ---------- ----- -------------------- ---------- ----- --------- ------ ----- --- --- --------- --------- ------ ----- ----- ----- ----- ----- ----- ----- ---- ---------------------
1694_g               -           1069 2874at5820           -            780   1.5e-50  170.1  76.0   1   4   4.9e-19   6.5e-16   55.6  17.1    57   161    19   139     4   169 0.75 length=1069	scaffold=scaffold00273	strand=-
1694_g               -           1069 2874at5820           -            780   1.5e-50  170.1  76.0   2   4   2.6e-37   3.4e-34  116.0  11.2   156   318   171   332   163   337 0.91 length=1069	scaffold=scaffold00273	strand=-
1694_g               -           1069 2874at5820           -            780   1.5e-50  170.1  76.0   3   4   1.6e-08   2.2e-05   20.8  18.6   408   661   497   777   409   798 0.74 length=1069	scaffold=scaffold00273	strand=-
1694_g               -           1069 2874at5820           -            780   1.5e-50  170.1  76.0   4   4      0.71   9.5e+02   -4.5   5.3   662   725   932   996   899  1048 0.72 length=1069	scaffold=scaffold00273	strand=-
110_g                -            574 2874at5820           -            780   4.7e-16   56.0  45.3   1   4   8.6e-09   1.1e-05   21.7   2.5   189   308     3   111     1   125 0.89 length=574	scaffold=scaffold00006	strand=+
110_g                -            574 2874at5820           -            780   4.7e-16   56.0  45.3   2   4      0.32   4.3e+02   -3.4   4.1   108   138   198   228   180   236 0.70 length=574	scaffold=scaffold00006	strand=+
110_g                -            574 2874at5820           -            780   4.7e-16   56.0  45.3   3   4   3.3e-07   0.00044   16.4  25.0   163   299   221   354   195   367 0.77 length=574	scaffold=scaffold00006	strand=+
110_g                -            574 2874at5820           -            780   4.7e-16   56.0  45.3   4   4   7.9e-11     1e-07   28.4   2.2   193   331   387   514   362   533 0.84 length=574	scaffold=scaffold00006	strand=+
1042_g               -            633 2874at5820           -            780   0.00015   18.0  20.0   1   2     6e-06    0.0079   12.3   5.1   190   226   106   142    77   173 0.82 length=633	scaffold=scaffold00128	strand=-
1042_g               -            633 2874at5820           -            780   0.00015   18.0  20.0   2   2   1.3e-05     0.017   11.2   6.9   218   320   189   281   166   299 0.77 length=633	scaffold=scaffold00128	strand=-
#
# Program:         hmmsearch
# Version:         3.1b2 (February 2015)
# Pipeline mode:   SEARCH
# Query file:      /export/home/bio1901/Documents/29_BINP/OrthoSearch/busco_downloads/lineages/plasmodium_odb10/hmms/2874at5820.hmm
# Target file:     Results/1_GeneSequences/PB.faa
# Option settings: /home/users/bio1901/miniconda3/envs/busco/bin/hmmsearch --domtblout /export/home/bio1901/Documents/29_BINP/OrthoSearch/PB/run_plasmodium_odb10/hmmer_output/2874at5820.out --cpu 1 /export/home/bio1901/Documents/29_BINP/OrthoSearch/busco_downloads/lineages/plasmodium_odb10/hmms/2874at5820.hmm Results/1_GeneSequences/PB.faa 
# Current dir:     /export/home/bio1901/Documents/29_BINP/OrthoSearch
# Date:            Sun Mar 15 17:55:30 2020
# [ok]
