#                                                                            --- full sequence --- -------------- this domain -------------   hmm coord   ali coord   env coord
# target name        accession   tlen query name           accession   qlen   E-value  score  bias   #  of  c-Evalue  i-Evalue  score  bias  from    to  from    to  from    to  acc description of target
#------------------- ---------- ----- -------------------- ---------- ----- --------- ------ ----- --- --- --------- --------- ------ ----- ----- ----- ----- ----- ----- ----- ---- ---------------------
3650_g               -           1242 2879at5820           -           1693  4.1e-191  635.4 111.4   1   6  9.5e-115  1.9e-111  371.2  28.3     2   279    28   304    27   314 0.96 length=1242	scaffold=scaffold01255	strand=-
3650_g               -           1242 2879at5820           -           1693  4.1e-191  635.4 111.4   2   6         2     4e+03  -14.1  16.0  1312  1389   393   473   351   477 0.47 length=1242	scaffold=scaffold01255	strand=-
3650_g               -           1242 2879at5820           -           1693  4.1e-191  635.4 111.4   3   6   8.6e-64   1.7e-60  202.3  41.4   251   513   476   756   467   775 0.83 length=1242	scaffold=scaffold01255	strand=-
3650_g               -           1242 2879at5820           -           1693  4.1e-191  635.4 111.4   4   6   1.6e-15   3.1e-12   42.3   4.8   501   566   802   865   785   873 0.91 length=1242	scaffold=scaffold01255	strand=-
3650_g               -           1242 2879at5820           -           1693  4.1e-191  635.4 111.4   5   6         2     4e+03  -12.9  18.9  1323  1392   888   955   866   987 0.57 length=1242	scaffold=scaffold01255	strand=-
3650_g               -           1242 2879at5820           -           1693  4.1e-191  635.4 111.4   6   6   1.5e-22     3e-19   65.6  13.0   670   863  1014  1217  1004  1241 0.71 length=1242	scaffold=scaffold01255	strand=-
2064_g               -           2060 2879at5820           -           1693  2.7e-143  476.8 259.7   1  13   3.4e-18   6.8e-15   51.2   6.7   845   930     9    97     2   103 0.79 length=2060	scaffold=scaffold00378	strand=-
2064_g               -           2060 2879at5820           -           1693  2.7e-143  476.8 259.7   2  13   7.6e-23   1.5e-19   66.6  17.0   822  1016   102   294    78   302 0.68 length=2060	scaffold=scaffold00378	strand=-
2064_g               -           2060 2879at5820           -           1693  2.7e-143  476.8 259.7   3  13         2     4e+03  -11.1  18.3  1307  1410   296   401   277   412 0.60 length=2060	scaffold=scaffold00378	strand=-
2064_g               -           2060 2879at5820           -           1693  2.7e-143  476.8 259.7   4  13   4.3e-36   8.6e-33  110.5  24.9   980  1135   371   548   357   579 0.70 length=2060	scaffold=scaffold00378	strand=-
2064_g               -           2060 2879at5820           -           1693  2.7e-143  476.8 259.7   5  13         2     4e+03  -12.1  13.5  1314  1371   583   645   571   665 0.57 length=2060	scaffold=scaffold00378	strand=-
2064_g               -           2060 2879at5820           -           1693  2.7e-143  476.8 259.7   6  13     2e-12   3.9e-09   32.1   2.5  1128  1185   665   720   659   732 0.84 length=2060	scaffold=scaffold00378	strand=-
2064_g               -           2060 2879at5820           -           1693  2.7e-143  476.8 259.7   7  13   1.7e-26   3.5e-23   78.6  24.9  1136  1282   753   899   734   908 0.76 length=2060	scaffold=scaffold00378	strand=-
2064_g               -           2060 2879at5820           -           1693  2.7e-143  476.8 259.7   8  13   8.8e-05      0.18    6.7  18.6  1275  1354  1013  1098  1004  1114 0.58 length=2060	scaffold=scaffold00378	strand=-
2064_g               -           2060 2879at5820           -           1693  2.7e-143  476.8 259.7   9  13   4.1e-08   8.2e-05   17.7  10.2  1331  1429  1152  1253  1118  1255 0.65 length=2060	scaffold=scaffold00378	strand=-
2064_g               -           2060 2879at5820           -           1693  2.7e-143  476.8 259.7  10  13   2.4e-11   4.8e-08   28.5  10.0  1338  1471  1245  1375  1236  1386 0.77 length=2060	scaffold=scaffold00378	strand=-
2064_g               -           2060 2879at5820           -           1693  2.7e-143  476.8 259.7  11  13   3.3e-34   6.6e-31  104.2  14.3  1384  1554  1396  1567  1358  1597 0.84 length=2060	scaffold=scaffold00378	strand=-
2064_g               -           2060 2879at5820           -           1693  2.7e-143  476.8 259.7  12  13         2     4e+03  -16.7  21.0  1296  1366  1661  1724  1614  1777 0.43 length=2060	scaffold=scaffold00378	strand=-
2064_g               -           2060 2879at5820           -           1693  2.7e-143  476.8 259.7  13  13   5.4e-28   1.1e-24   83.7   1.8  1578  1687  1812  1924  1800  1930 0.88 length=2060	scaffold=scaffold00378	strand=-
#
# Program:         hmmsearch
# Version:         3.1b2 (February 2015)
# Pipeline mode:   SEARCH
# Query file:      /export/home/bio1901/Documents/29_BINP/OrthoSearch/busco_downloads/lineages/plasmodium_odb10/hmms/2879at5820.hmm
# Target file:     Results/1_GeneSequences/PB.faa
# Option settings: /home/users/bio1901/miniconda3/envs/busco/bin/hmmsearch --domtblout /export/home/bio1901/Documents/29_BINP/OrthoSearch/PB/run_plasmodium_odb10/hmmer_output/2879at5820.out --cpu 1 /export/home/bio1901/Documents/29_BINP/OrthoSearch/busco_downloads/lineages/plasmodium_odb10/hmms/2879at5820.hmm Results/1_GeneSequences/PB.faa 
# Current dir:     /export/home/bio1901/Documents/29_BINP/OrthoSearch
# Date:            Sun Mar 15 17:55:32 2020
# [ok]
