#                                                                            --- full sequence --- -------------- this domain -------------   hmm coord   ali coord   env coord
# target name        accession   tlen query name           accession   qlen   E-value  score  bias   #  of  c-Evalue  i-Evalue  score  bias  from    to  from    to  from    to  acc description of target
#------------------- ---------- ----- -------------------- ---------- ----- --------- ------ ----- --- --- --------- --------- ------ ----- ----- ----- ----- ----- ----- ----- ---- ---------------------
1467_g               -           2269 289at5820            -           1989         0 2588.9 247.3   1   4  2.5e-120  2.5e-117  390.7  52.7    18   330     7   376     2   380 0.97 length=2269	scaffold=scaffold00219	strand=-
1467_g               -           2269 289at5820            -           1989         0 2588.9 247.3   2   4   5.6e-25   5.6e-22   74.5  18.4   338   452   429   579   384   588 0.77 length=2269	scaffold=scaffold00219	strand=-
1467_g               -           2269 289at5820            -           1989         0 2588.9 247.3   3   4         0         0 1144.7  92.5   431  1223   595  1513   585  1517 0.93 length=2269	scaffold=scaffold00219	strand=-
1467_g               -           2269 289at5820            -           1989         0 2588.9 247.3   4   4  3.2e-297  3.1e-294  977.3  60.1  1178  1844  1513  2262  1502  2265 0.95 length=2269	scaffold=scaffold00219	strand=-
1466_g               -            113 289at5820            -           1989   1.7e-38  129.3   5.6   1   1     2e-41     2e-38  129.1   5.6  1883  1988     1   106     1   107 0.98 length=113	scaffold=scaffold00219	strand=-
2856_g               -           1536 289at5820            -           1989   3.4e-20   68.7   2.0   1   5   1.8e-13   1.8e-10   36.4   0.1   841  1032   263   431   236   439 0.83 length=1536	scaffold=scaffold00707	strand=-
2856_g               -           1536 289at5820            -           1989   3.4e-20   68.7   2.0   2   5      0.13   1.2e+02   -2.9   0.0  1240  1275   522   556   500   570 0.62 length=1536	scaffold=scaffold00707	strand=-
2856_g               -           1536 289at5820            -           1989   3.4e-20   68.7   2.0   3   5   5.2e-15   5.1e-12   41.5   0.4  1394  1503   592   711   558   724 0.75 length=1536	scaffold=scaffold00707	strand=-
2856_g               -           1536 289at5820            -           1989   3.4e-20   68.7   2.0   4   5         4     4e+03  -10.8  12.8   601   676   973  1049   950  1071 0.67 length=1536	scaffold=scaffold00707	strand=-
2856_g               -           1536 289at5820            -           1989   3.4e-20   68.7   2.0   5   5       0.6     6e+02   -5.1   7.0   314   624  1210  1281  1163  1375 0.67 length=1536	scaffold=scaffold00707	strand=-
1976_g               -            916 289at5820            -           1989   1.1e-13   47.1   0.7   1   3    0.0057       5.6    1.6   0.2  1237  1266   162   191   138   203 0.88 length=916	scaffold=scaffold00353	strand=+
1976_g               -            916 289at5820            -           1989   1.1e-13   47.1   0.7   2   3   1.1e-16   1.1e-13   47.1   0.7  1394  1508   235   360   209   377 0.73 length=916	scaffold=scaffold00353	strand=+
1976_g               -            916 289at5820            -           1989   1.1e-13   47.1   0.7   3   3      0.19   1.8e+02   -3.4   5.2  1583  1688   673   776   649   800 0.76 length=916	scaffold=scaffold00353	strand=+
#
# Program:         hmmsearch
# Version:         3.1b2 (February 2015)
# Pipeline mode:   SEARCH
# Query file:      /export/home/bio1901/Documents/29_BINP/OrthoSearch/busco_downloads/lineages/plasmodium_odb10/hmms/289at5820.hmm
# Target file:     Results/1_GeneSequences/PB.faa
# Option settings: /home/users/bio1901/miniconda3/envs/busco/bin/hmmsearch --domtblout /export/home/bio1901/Documents/29_BINP/OrthoSearch/PB/run_plasmodium_odb10/hmmer_output/289at5820.out --cpu 1 /export/home/bio1901/Documents/29_BINP/OrthoSearch/busco_downloads/lineages/plasmodium_odb10/hmms/289at5820.hmm Results/1_GeneSequences/PB.faa 
# Current dir:     /export/home/bio1901/Documents/29_BINP/OrthoSearch
# Date:            Sun Mar 15 17:55:35 2020
# [ok]
