#                                                                            --- full sequence --- -------------- this domain -------------   hmm coord   ali coord   env coord
# target name        accession   tlen query name           accession   qlen   E-value  score  bias   #  of  c-Evalue  i-Evalue  score  bias  from    to  from    to  from    to  acc description of target
#------------------- ---------- ----- -------------------- ---------- ----- --------- ------ ----- --- --- --------- --------- ------ ----- ----- ----- ----- ----- ----- ----- ---- ---------------------
3083_g               -           1381 2904at5820           -            646    3e-304 1008.2  78.6   1   4   3.9e-44   9.6e-42  140.9   0.1     1    83     1    83     1   101 0.93 length=1381	scaffold=scaffold00835	strand=-
3083_g               -           1381 2904at5820           -            646    3e-304 1008.2  78.6   2   4   9.7e-49   2.4e-46  156.1  11.8    84   214   147   283   119   288 0.89 length=1381	scaffold=scaffold00835	strand=-
3083_g               -           1381 2904at5820           -            646    3e-304 1008.2  78.6   3   4  1.4e-221  3.6e-219  727.1  43.4   206   639   373   847   363   860 0.89 length=1381	scaffold=scaffold00835	strand=-
3083_g               -           1381 2904at5820           -            646    3e-304 1008.2  78.6   4   4       1.2     3e+02   -2.8   3.2   292   361  1249  1318  1212  1374 0.76 length=1381	scaffold=scaffold00835	strand=-
2407_g               -            396 2904at5820           -            646   3.1e-34  116.1   0.3   1   3   1.4e-12   3.5e-10   36.6   0.0     3    65    25    87    23    95 0.95 length=396	scaffold=scaffold00502	strand=+
2407_g               -            396 2904at5820           -            646   3.1e-34  116.1   0.3   2   3   1.4e-11   3.5e-09   33.3   0.0   220   325    95   206    87   226 0.79 length=396	scaffold=scaffold00502	strand=+
2407_g               -            396 2904at5820           -            646   3.1e-34  116.1   0.3   3   3   1.8e-14   4.4e-12   42.9   0.0   446   539   277   370   235   381 0.90 length=396	scaffold=scaffold00502	strand=+
4074_g               -            889 2904at5820           -            646   1.1e-29  101.0   6.6   1   3   5.1e-12   1.3e-09   34.8   0.0     3    64    61   122    59   135 0.88 length=889	scaffold=scaffold01665	strand=-	adjustedToFrame=3
4074_g               -            889 2904at5820           -            646   1.1e-29  101.0   6.6   2   3   2.4e-08   6.1e-06   22.6   1.6   220   356   136   283   127   329 0.76 length=889	scaffold=scaffold01665	strand=-	adjustedToFrame=3
4074_g               -            889 2904at5820           -            646   1.1e-29  101.0   6.6   3   3   5.4e-15   1.4e-12   44.6   0.0   448   525   327   404   321   428 0.91 length=889	scaffold=scaffold01665	strand=-	adjustedToFrame=3
1618_g               -            391 2904at5820           -            646   5.5e-29   98.8   3.9   1   3   1.3e-09   3.3e-07   26.8   0.0     3    66    18    81    16    88 0.92 length=391	scaffold=scaffold00254	strand=-
1618_g               -            391 2904at5820           -            646   5.5e-29   98.8   3.9   2   3   5.1e-11   1.3e-08   31.5   0.4   218   344    86   221    79   237 0.85 length=391	scaffold=scaffold00254	strand=-
1618_g               -            391 2904at5820           -            646   5.5e-29   98.8   3.9   3   3   8.7e-14   2.2e-11   40.6   0.1   446   532   274   360   268   370 0.92 length=391	scaffold=scaffold00254	strand=-
2156_g               -            475 2904at5820           -            646     1e-28   97.9   7.7   1   3   1.9e-09   4.7e-07   26.3   0.0     4    63    61   120    58   124 0.93 length=475	scaffold=scaffold00410	strand=+
2156_g               -            475 2904at5820           -            646     1e-28   97.9   7.7   2   3   1.1e-08   2.8e-06   23.7   0.7   216   342   158   300   152   307 0.74 length=475	scaffold=scaffold00410	strand=+
2156_g               -            475 2904at5820           -            646     1e-28   97.9   7.7   3   3   1.4e-16   3.6e-14   49.8   0.4   448   568   355   473   302   474 0.87 length=475	scaffold=scaffold00410	strand=+
1937_g               -           1358 2904at5820           -            646   1.4e-28   97.4  15.4   1   4   1.7e-08   4.3e-06   23.1   0.1     2    71   174   244   173   273 0.72 length=1358	scaffold=scaffold00342	strand=+	adjustedToFrame=2
1937_g               -           1358 2904at5820           -            646   1.4e-28   97.4  15.4   2   4   2.1e-14   5.2e-12   42.7   1.6   214   354   308   458   293   483 0.78 length=1358	scaffold=scaffold00342	strand=+	adjustedToFrame=2
1937_g               -           1358 2904at5820           -            646   1.4e-28   97.4  15.4   3   4     1e-13   2.6e-11   40.4   0.1   456   538   514   596   504   609 0.86 length=1358	scaffold=scaffold00342	strand=+	adjustedToFrame=2
1937_g               -           1358 2904at5820           -            646   1.4e-28   97.4  15.4   4   4       1.7   4.1e+02   -3.2   0.5   555   586   700   734   619   768 0.59 length=1358	scaffold=scaffold00342	strand=+	adjustedToFrame=2
3826_g               -           1126 2904at5820           -            646   1.2e-27   94.3   6.8   1   3     9e-10   2.2e-07   27.4   0.0     3    67   701   765   699   767 0.95 length=1126	scaffold=scaffold01419	strand=-	adjustedToFrame=3
3826_g               -           1126 2904at5820           -            646   1.2e-27   94.3   6.8   2   3   1.6e-07   3.9e-05   20.0   0.0   218   294   777   865   769   885 0.82 length=1126	scaffold=scaffold01419	strand=-	adjustedToFrame=3
3826_g               -           1126 2904at5820           -            646   1.2e-27   94.3   6.8   3   3   3.2e-16   8.1e-14   48.7   0.0   435   535   976  1076   966  1084 0.92 length=1126	scaffold=scaffold01419	strand=-	adjustedToFrame=3
207_g                -            641 2904at5820           -            646   3.2e-27   92.9   0.7   1   3   3.2e-07   7.9e-05   18.9   0.0    11    61   202   252   192   261 0.84 length=641	scaffold=scaffold00014	strand=+
207_g                -            641 2904at5820           -            646   3.2e-27   92.9   0.7   2   3     1e-08   2.5e-06   23.9   0.1   221   343   273   410   263   441 0.71 length=641	scaffold=scaffold00014	strand=+
207_g                -            641 2904at5820           -            646   3.2e-27   92.9   0.7   3   3   1.4e-15   3.5e-13   46.5   0.0   455   540   471   556   446   561 0.94 length=641	scaffold=scaffold00014	strand=+
1035_g               -            652 2904at5820           -            646     2e-25   87.0  14.4   1   3   2.5e-10   6.3e-08   29.2   0.0     5    88   237   320   233   334 0.80 length=652	scaffold=scaffold00126	strand=-	adjustedToFrame=2
1035_g               -            652 2904at5820           -            646     2e-25   87.0  14.4   2   3   2.5e-08   6.2e-06   22.6   1.9   211   350   330   477   320   487 0.81 length=652	scaffold=scaffold00126	strand=-	adjustedToFrame=2
1035_g               -            652 2904at5820           -            646     2e-25   87.0  14.4   3   3   4.3e-13   1.1e-10   38.3   4.4   446   531   527   612   482   625 0.87 length=652	scaffold=scaffold00126	strand=-	adjustedToFrame=2
1925_g               -            866 2904at5820           -            646   1.1e-23   81.2   5.0   1   3   9.6e-05     0.024   10.7   0.1     6    61   316   371   310   405 0.76 length=866	scaffold=scaffold00338	strand=-
1925_g               -            866 2904at5820           -            646   1.1e-23   81.2   5.0   2   3   1.4e-06   0.00035   16.8   0.0   219   293   405   491   380   507 0.80 length=866	scaffold=scaffold00338	strand=-
1925_g               -            866 2904at5820           -            646   1.1e-23   81.2   5.0   3   3   9.1e-18   2.3e-15   53.8   1.3   442   535   621   715   544   730 0.84 length=866	scaffold=scaffold00338	strand=-
2422_g               -            654 2904at5820           -            646   6.6e-23   78.7   8.4   1   3   3.9e-08   9.7e-06   22.0   0.0     5    66   242   303   238   312 0.79 length=654	scaffold=scaffold00506	strand=-
2422_g               -            654 2904at5820           -            646   6.6e-23   78.7   8.4   2   3   1.3e-08   3.3e-06   23.5   1.5   221   343   315   447   309   455 0.80 length=654	scaffold=scaffold00506	strand=-
2422_g               -            654 2904at5820           -            646   6.6e-23   78.7   8.4   3   3   2.9e-12   7.2e-10   35.6   0.1   455   531   509   585   478   609 0.87 length=654	scaffold=scaffold00506	strand=-
2139_g               -            551 2904at5820           -            646   3.1e-22   76.5  10.3   1   3   3.9e-10   9.7e-08   28.6   0.0     4    65   127   188   125   194 0.94 length=551	scaffold=scaffold00403	strand=+
2139_g               -            551 2904at5820           -            646   3.1e-22   76.5  10.3   2   3   4.3e-09   1.1e-06   25.1   0.6   218   325   194   322   186   357 0.71 length=551	scaffold=scaffold00403	strand=+
2139_g               -            551 2904at5820           -            646   3.1e-22   76.5  10.3   3   3   8.7e-09   2.2e-06   24.1   3.8   460   529   409   478   332   488 0.85 length=551	scaffold=scaffold00403	strand=+
2360_g               -            960 2904at5820           -            646   1.6e-21   74.1  23.3   1   3   1.2e-08   3.1e-06   23.6   0.0     4    70   129   192   127   197 0.88 length=960	scaffold=scaffold00485	strand=-
2360_g               -            960 2904at5820           -            646   1.6e-21   74.1  23.3   2   3   4.1e-06     0.001   15.3   9.4   214   324   196   318   190   369 0.70 length=960	scaffold=scaffold00485	strand=-
2360_g               -            960 2904at5820           -            646   1.6e-21   74.1  23.3   3   3   4.9e-12   1.2e-09   34.8  10.7   453   563   403   515   325   566 0.75 length=960	scaffold=scaffold00485	strand=-
3057_g               -            814 2904at5820           -            646   4.3e-21   72.7  12.7   1   4   5.3e-06    0.0013   14.9   0.0     4    66   206   268   204   269 0.87 length=814	scaffold=scaffold00819	strand=+
3057_g               -            814 2904at5820           -            646   4.3e-21   72.7  12.7   2   4     3e-11   7.4e-09   32.3   0.1   210   356   264   425   262   435 0.70 length=814	scaffold=scaffold00819	strand=+
3057_g               -            814 2904at5820           -            646   4.3e-21   72.7  12.7   3   4   1.4e-11   3.5e-09   33.3   0.2   453   537   468   551   458   557 0.88 length=814	scaffold=scaffold00819	strand=+
3057_g               -            814 2904at5820           -            646   4.3e-21   72.7  12.7   4   4      0.36        89   -1.0   1.4   282   344   691   755   643   792 0.73 length=814	scaffold=scaffold00819	strand=+
1091_g               -            493 2904at5820           -            646   3.5e-20   69.7  15.1   1   3   1.6e-08   3.9e-06   23.2   0.0     4    61   154   211   152   229 0.87 length=493	scaffold=scaffold00138	strand=-
1091_g               -            493 2904at5820           -            646   3.5e-20   69.7  15.1   2   3   9.6e-05     0.024   10.7   0.0   257   322   239   302   213   311 0.80 length=493	scaffold=scaffold00138	strand=-
1091_g               -            493 2904at5820           -            646   3.5e-20   69.7  15.1   3   3     4e-15     1e-12   45.0   0.4   447   532   375   460   341   470 0.93 length=493	scaffold=scaffold00138	strand=-
1972_g               -            784 2904at5820           -            646   2.2e-13   47.2  36.8   1   4   2.6e-05    0.0066   12.6   0.1    20    77   221   279   208   311 0.75 length=784	scaffold=scaffold00352	strand=-
1972_g               -            784 2904at5820           -            646   2.2e-13   47.2  36.8   2   4   2.3e-07   5.8e-05   19.4  10.1   209   364   301   463   285   480 0.76 length=784	scaffold=scaffold00352	strand=-
1972_g               -            784 2904at5820           -            646   2.2e-13   47.2  36.8   3   4   3.2e-12   7.9e-10   35.5   1.2   431   524   486   576   477   584 0.84 length=784	scaffold=scaffold00352	strand=-
1972_g               -            784 2904at5820           -            646   2.2e-13   47.2  36.8   4   4      0.14        35    0.3   0.1   555   615   574   642   572   647 0.69 length=784	scaffold=scaffold00352	strand=-
#
# Program:         hmmsearch
# Version:         3.1b2 (February 2015)
# Pipeline mode:   SEARCH
# Query file:      /export/home/bio1901/Documents/29_BINP/OrthoSearch/busco_downloads/lineages/plasmodium_odb10/hmms/2904at5820.hmm
# Target file:     Results/1_GeneSequences/PB.faa
# Option settings: /home/users/bio1901/miniconda3/envs/busco/bin/hmmsearch --domtblout /export/home/bio1901/Documents/29_BINP/OrthoSearch/PB/run_plasmodium_odb10/hmmer_output/2904at5820.out --cpu 1 /export/home/bio1901/Documents/29_BINP/OrthoSearch/busco_downloads/lineages/plasmodium_odb10/hmms/2904at5820.hmm Results/1_GeneSequences/PB.faa 
# Current dir:     /export/home/bio1901/Documents/29_BINP/OrthoSearch
# Date:            Sun Mar 15 17:55:53 2020
# [ok]
