#                                                                            --- full sequence --- -------------- this domain -------------   hmm coord   ali coord   env coord
# target name        accession   tlen query name           accession   qlen   E-value  score  bias   #  of  c-Evalue  i-Evalue  score  bias  from    to  from    to  from    to  acc description of target
#------------------- ---------- ----- -------------------- ---------- ----- --------- ------ ----- --- --- --------- --------- ------ ----- ----- ----- ----- ----- ----- ----- ---- ---------------------
2384_g               -            913 2942at5820           -            685   2.8e-94  314.9 113.0   1   7       2.7     9e+02   -4.0   0.6   228   272   113   158   102   167 0.69 length=913	scaffold=scaffold00495	strand=+	adjustedToFrame=3
2384_g               -            913 2942at5820           -            685   2.8e-94  314.9 113.0   2   7     8e-06    0.0027   14.3   1.1   213   243   219   249   188   260 0.80 length=913	scaffold=scaffold00495	strand=+	adjustedToFrame=3
2384_g               -            913 2942at5820           -            685   2.8e-94  314.9 113.0   3   7   4.7e-21   1.6e-18   64.6   6.5   292   348   258   314   247   321 0.90 length=913	scaffold=scaffold00495	strand=+	adjustedToFrame=3
2384_g               -            913 2942at5820           -            685   2.8e-94  314.9 113.0   4   7   1.2e-20   4.1e-18   63.2   8.8   340   424   358   444   354   476 0.84 length=913	scaffold=scaffold00495	strand=+	adjustedToFrame=3
2384_g               -            913 2942at5820           -            685   2.8e-94  314.9 113.0   5   7   3.9e-07   0.00013   18.6  17.4   394   480   474   566   449   574 0.69 length=913	scaffold=scaffold00495	strand=+	adjustedToFrame=3
2384_g               -            913 2942at5820           -            685   2.8e-94  314.9 113.0   6   7     1e-38   3.4e-36  123.0  17.2   464   560   674   769   568   774 0.64 length=913	scaffold=scaffold00495	strand=+	adjustedToFrame=3
2384_g               -            913 2942at5820           -            685   2.8e-94  314.9 113.0   7   7   9.3e-25   3.1e-22   76.8   6.0   594   679   815   901   811   907 0.94 length=913	scaffold=scaffold00495	strand=+	adjustedToFrame=3
3472_g               -           1300 2942at5820           -            685   1.6e-33  114.1   2.0   1   4       3.6   1.2e+03   -4.4   7.1   311   414    50   152     4   166 0.71 length=1300	scaffold=scaffold01114	strand=-	adjustedToFrame=3
3472_g               -           1300 2942at5820           -            685   1.6e-33  114.1   2.0   2   4   2.2e-19   7.2e-17   59.1   0.0   481   602   644   765   635   773 0.88 length=1300	scaffold=scaffold01114	strand=-	adjustedToFrame=3
3472_g               -           1300 2942at5820           -            685   1.6e-33  114.1   2.0   3   4      0.27        90   -0.7   0.5   366   453   782   869   776   891 0.63 length=1300	scaffold=scaffold01114	strand=-	adjustedToFrame=3
3472_g               -           1300 2942at5820           -            685   1.6e-33  114.1   2.0   4   4   8.9e-21     3e-18   63.7   0.8   380   683   921  1219   902  1221 0.76 length=1300	scaffold=scaffold01114	strand=-	adjustedToFrame=3
2255_g               -            852 2942at5820           -            685   2.8e-26   90.2   0.0   1   3   1.1e-15   3.7e-13   46.8   0.0   480   602   243   365   236   372 0.87 length=852	scaffold=scaffold00443	strand=+	adjustedToFrame=2
2255_g               -            852 2942at5820           -            685   2.8e-26   90.2   0.0   2   3   2.1e-13   6.9e-11   39.3   0.0   481   559   517   594   509   687 0.83 length=852	scaffold=scaffold00443	strand=+	adjustedToFrame=2
2255_g               -            852 2942at5820           -            685   2.8e-26   90.2   0.0   3   3      0.18        61   -0.2   0.0   368   425   660   716   649   734 0.80 length=852	scaffold=scaffold00443	strand=+	adjustedToFrame=2
3622_g               -           1227 2942at5820           -            685   5.1e-23   79.4   0.1   1   5    0.0015      0.51    6.7  13.2   411   556   308   455   256   476 0.63 length=1227	scaffold=scaffold01231	strand=-
3622_g               -           1227 2942at5820           -            685   5.1e-23   79.4   0.1   2   5       1.5   4.9e+02   -3.2   8.3    19    81   563   629   547   659 0.59 length=1227	scaffold=scaffold01231	strand=-
3622_g               -           1227 2942at5820           -            685   5.1e-23   79.4   0.1   3   5   1.5e-25   5.1e-23   79.4   0.1   480   614   808   943   799   979 0.84 length=1227	scaffold=scaffold01231	strand=-
3622_g               -           1227 2942at5820           -            685   5.1e-23   79.4   0.1   4   5      0.25        84   -0.6   0.0   369   438   951  1016   944  1035 0.80 length=1227	scaffold=scaffold01231	strand=-
3622_g               -           1227 2942at5820           -            685   5.1e-23   79.4   0.1   5   5       1.8     6e+02   -3.5   0.4   616   662  1146  1191  1141  1201 0.70 length=1227	scaffold=scaffold01231	strand=-
2537_g               -           1064 2942at5820           -            685   1.8e-20   71.0   2.2   1   6      0.47   1.6e+02   -1.5   4.2   193   293   127   228   115   238 0.82 length=1064	scaffold=scaffold00550	strand=+
2537_g               -           1064 2942at5820           -            685   1.8e-20   71.0   2.2   2   6   0.00014     0.048   10.1   0.1   482   507   338   363   269   381 0.75 length=1064	scaffold=scaffold00550	strand=+
2537_g               -           1064 2942at5820           -            685   1.8e-20   71.0   2.2   3   6   0.00068      0.23    7.9   3.0   528   605   422   501   416   509 0.77 length=1064	scaffold=scaffold00550	strand=+
2537_g               -           1064 2942at5820           -            685   1.8e-20   71.0   2.2   4   6      0.41   1.4e+02   -1.3   4.8   366   409   515   558   511   636 0.77 length=1064	scaffold=scaffold00550	strand=+
2537_g               -           1064 2942at5820           -            685   1.8e-20   71.0   2.2   5   6   5.5e-23   1.8e-20   71.0   2.2   476   612   709   845   675   890 0.87 length=1064	scaffold=scaffold00550	strand=+
2537_g               -           1064 2942at5820           -            685   1.8e-20   71.0   2.2   6   6       8.6   2.9e+03   -5.7   9.5   379   442   961  1026   931  1057 0.58 length=1064	scaffold=scaffold00550	strand=+
3198_g               -            394 2942at5820           -            685   3.6e-16   56.8   0.0   1   1   1.6e-18   5.3e-16   56.2   0.0   480   556   168   243   151   298 0.90 length=394	scaffold=scaffold00911	strand=+
687_g                -            439 2942at5820           -            685   1.6e-13   48.1   0.0   1   1   8.1e-16   2.7e-13   47.3   0.0   480   608   213   343   167   368 0.83 length=439	scaffold=scaffold00072	strand=-
2435_g               -            393 2942at5820           -            685   8.2e-12   42.4   0.0   1   1   3.8e-14   1.3e-11   41.8   0.0   480   608   169   300   159   345 0.81 length=393	scaffold=scaffold00511	strand=-
3562_g               -            465 2942at5820           -            685   3.1e-11   40.5   0.0   1   1   1.4e-13   4.8e-11   39.8   0.0   480   613   245   381   230   435 0.80 length=465	scaffold=scaffold01184	strand=-
842_g                -            703 2942at5820           -            685     3e-10   37.2   0.0   1   2       1.3   4.4e+02   -3.0   1.3   198   222    84   109    33   133 0.53 length=703	scaffold=scaffold00095	strand=-
842_g                -            703 2942at5820           -            685     3e-10   37.2   0.0   2   2     9e-13     3e-10   37.2   0.0   481   608   281   408   230   437 0.79 length=703	scaffold=scaffold00095	strand=-
2871_g               -            412 2942at5820           -            685   3.8e-10   36.9   0.0   1   1   1.6e-12   5.3e-10   36.4   0.0   480   556   184   259   169   317 0.89 length=412	scaffold=scaffold00715	strand=+
1457_g               -            452 2942at5820           -            685     1e-08   32.1   0.0   1   2   2.2e-10   7.4e-08   29.3   0.0   479   608   228   360   195   365 0.84 length=452	scaffold=scaffold00217	strand=+
1457_g               -            452 2942at5820           -            685     1e-08   32.1   0.0   2   2      0.24        79   -0.5   0.0   365   408   370   412   363   417 0.83 length=452	scaffold=scaffold00217	strand=+
#
# Program:         hmmsearch
# Version:         3.1b2 (February 2015)
# Pipeline mode:   SEARCH
# Query file:      /export/home/bio1901/Documents/29_BINP/OrthoSearch/busco_downloads/lineages/plasmodium_odb10/hmms/2942at5820.hmm
# Target file:     Results/1_GeneSequences/PB.faa
# Option settings: /home/users/bio1901/miniconda3/envs/busco/bin/hmmsearch --domtblout /export/home/bio1901/Documents/29_BINP/OrthoSearch/PB/run_plasmodium_odb10/hmmer_output/2942at5820.out --cpu 1 /export/home/bio1901/Documents/29_BINP/OrthoSearch/busco_downloads/lineages/plasmodium_odb10/hmms/2942at5820.hmm Results/1_GeneSequences/PB.faa 
# Current dir:     /export/home/bio1901/Documents/29_BINP/OrthoSearch
# Date:            Sun Mar 15 17:55:56 2020
# [ok]
