#                                                                            --- full sequence --- -------------- this domain -------------   hmm coord   ali coord   env coord
# target name        accession   tlen query name           accession   qlen   E-value  score  bias   #  of  c-Evalue  i-Evalue  score  bias  from    to  from    to  from    to  acc description of target
#------------------- ---------- ----- -------------------- ---------- ----- --------- ------ ----- --- --- --------- --------- ------ ----- ----- ----- ----- ----- ----- ----- ---- ---------------------
2951_g               -            907 2944at5820           -            483  7.3e-203  672.7  43.3   1   3   1.2e-57   2.3e-55  186.2  15.6     4   133    16   154    13   178 0.87 length=907	scaffold=scaffold00756	strand=+
2951_g               -            907 2944at5820           -            483  7.3e-203  672.7  43.3   2   3    0.0085       1.7    5.3   0.9   125   151   366   393   356   407 0.83 length=907	scaffold=scaffold00756	strand=+
2951_g               -            907 2944at5820           -            483  7.3e-203  672.7  43.3   3   3  3.2e-153  6.3e-151  501.4  19.8   154   454   565   899   545   906 0.89 length=907	scaffold=scaffold00756	strand=+
2754_g               -           2003 2944at5820           -            483   5.6e-26   89.3   0.7   1   2       1.3   2.6e+02   -1.9   1.6    66   143   440   518   430   543 0.74 length=2003	scaffold=scaffold00652	strand=-	adjustedToFrame=3
2754_g               -           2003 2944at5820           -            483   5.6e-26   89.3   0.7   2   2   2.8e-28   5.6e-26   89.3   0.7   253   443  1630  1832  1606  1846 0.77 length=2003	scaffold=scaffold00652	strand=-	adjustedToFrame=3
1516_g               -           1695 2944at5820           -            483   9.1e-24   82.0  43.1   1   5       3.3   6.6e+02   -3.2   0.7   250   298   203   248   188   263 0.76 length=1695	scaffold=scaffold00231	strand=+
1516_g               -           1695 2944at5820           -            483   9.1e-24   82.0  43.1   2   5   0.00013     0.026   11.3   1.6     5    44   439   478   435   543 0.93 length=1695	scaffold=scaffold00231	strand=+
1516_g               -           1695 2944at5820           -            483   9.1e-24   82.0  43.1   3   5       7.9   1.6e+03   -4.5   4.2    62   142   881   962   876   986 0.66 length=1695	scaffold=scaffold00231	strand=+
1516_g               -           1695 2944at5820           -            483   9.1e-24   82.0  43.1   4   5   1.1e-07   2.2e-05   21.5  10.5   159   302  1229  1380  1191  1441 0.73 length=1695	scaffold=scaffold00231	strand=+
1516_g               -           1695 2944at5820           -            483   9.1e-24   82.0  43.1   5   5   2.2e-23   4.3e-21   73.2   0.2   296   439  1464  1620  1429  1627 0.81 length=1695	scaffold=scaffold00231	strand=+
61_g                 -            877 2944at5820           -            483   2.2e-23   80.8   7.8   1   3      0.33        66    0.1   0.2    61   118     7    69     4    81 0.73 length=877	scaffold=scaffold00003	strand=+
61_g                 -            877 2944at5820           -            483   2.2e-23   80.8   7.8   2   3   1.1e-25   2.2e-23   80.8   7.8   244   440   408   620   390   659 0.81 length=877	scaffold=scaffold00003	strand=+
61_g                 -            877 2944at5820           -            483   2.2e-23   80.8   7.8   3   3       5.7   1.1e+03   -4.0   1.3   214   246   721   756   712   766 0.61 length=877	scaffold=scaffold00003	strand=+
825_g                -            769 2944at5820           -            483   1.8e-22   77.8   6.0   1   1   8.8e-25   1.8e-22   77.8   6.0   249   441     8   210     3   250 0.80 length=769	scaffold=scaffold00092	strand=+
667_g                -            544 2944at5820           -            483   1.1e-21   75.2   2.4   1   2   5.6e-24   1.1e-21   75.2   2.4   249   440   108   308    97   344 0.84 length=544	scaffold=scaffold00069	strand=-
667_g                -            544 2944at5820           -            483   1.1e-21   75.2   2.4   2   2       5.3   1.1e+03   -3.9   0.2   336   362   466   492   460   521 0.56 length=544	scaffold=scaffold00069	strand=-
2604_g               -           1027 2944at5820           -            483   6.6e-21   72.6   1.9   1   1   3.3e-23   6.6e-21   72.6   1.9   243   442   687   897   663   916 0.76 length=1027	scaffold=scaffold00578	strand=-	adjustedToFrame=2
3774_g               -           1389 2944at5820           -            483     9e-21   72.2   6.0   1   3   4.5e-23     9e-21   72.2   6.0   214   443   212   456   181   469 0.79 length=1389	scaffold=scaffold01374	strand=-	adjustedToFrame=2
3774_g               -           1389 2944at5820           -            483     9e-21   72.2   6.0   2   3       9.5   1.9e+03   -4.7   4.4   241   312   559   631   513   653 0.61 length=1389	scaffold=scaffold01374	strand=-	adjustedToFrame=2
3774_g               -           1389 2944at5820           -            483     9e-21   72.2   6.0   3   3         8   1.6e+03   -4.5   5.4   225   319   877   979   848  1034 0.65 length=1389	scaffold=scaffold01374	strand=-	adjustedToFrame=2
1282_g               -            569 2944at5820           -            483   6.1e-20   69.4   4.9   1   2       0.1        21    1.7   1.0   267   338   104   180    62   189 0.69 length=569	scaffold=scaffold00177	strand=+
1282_g               -            569 2944at5820           -            483   6.1e-20   69.4   4.9   2   2   3.7e-22   7.3e-20   69.2   0.2   239   447   244   461   219   468 0.83 length=569	scaffold=scaffold00177	strand=+
3036_g               -           1000 2944at5820           -            483   2.2e-16   57.7   3.9   1   1   2.3e-18   4.6e-16   56.6   3.9   251   452   652   872   645   898 0.77 length=1000	scaffold=scaffold00809	strand=+	adjustedToFrame=2
3917_g               -           1019 2944at5820           -            483   5.8e-14   49.7   5.2   1   4   5.4e-07   0.00011   19.2   1.5   245   334   301   392   287   406 0.80 length=1019	scaffold=scaffold01500	strand=-
3917_g               -           1019 2944at5820           -            483   5.8e-14   49.7   5.2   2   4     1e-13     2e-11   41.3   0.1   344   447   586   694   575   700 0.86 length=1019	scaffold=scaffold01500	strand=-
3917_g               -           1019 2944at5820           -            483   5.8e-14   49.7   5.2   3   4      0.85   1.7e+02   -1.3   1.2   113   164   704   754   689   811 0.63 length=1019	scaffold=scaffold01500	strand=-
3917_g               -           1019 2944at5820           -            483   5.8e-14   49.7   5.2   4   4       3.9   7.8e+02   -3.5   0.6    74   278   941   955   901   976 0.74 length=1019	scaffold=scaffold01500	strand=-
3411_g               -            877 2944at5820           -            483   6.7e-14   49.5  11.9   1   2   0.00091      0.18    8.5  10.8    66   311   192   448   157   460 0.60 length=877	scaffold=scaffold01062	strand=-	adjustedToFrame=2
3411_g               -            877 2944at5820           -            483   6.7e-14   49.5  11.9   2   2   3.4e-13   6.9e-11   39.6   0.0   340   436   598   699   571   718 0.83 length=877	scaffold=scaffold01062	strand=-	adjustedToFrame=2
1643_g               -            839 2944at5820           -            483   1.2e-13   48.7  13.1   1   2     6e-16   1.2e-13   48.7  13.1   246   396    19   182    12   298 0.79 length=839	scaffold=scaffold00260	strand=+
1643_g               -            839 2944at5820           -            483   1.2e-13   48.7  13.1   2   2       1.1   2.1e+02   -1.6   1.9   181   264   262   352   246   360 0.72 length=839	scaffold=scaffold00260	strand=+
1275_g               -            518 2944at5820           -            483   2.9e-13   47.4   4.2   1   1   2.6e-15   5.1e-13   46.6   4.2   241   439    16   229     6   246 0.69 length=518	scaffold=scaffold00176	strand=-
1292_g               -           1180 2944at5820           -            483   1.6e-10   38.3   0.1   1   6   7.2e-05     0.014   12.1  15.1    10   164    41   197    36   203 0.77 length=1180	scaffold=scaffold00180	strand=-
1292_g               -           1180 2944at5820           -            483   1.6e-10   38.3   0.1   2   6       5.3   1.1e+03   -3.9   6.7   131   160   437   468   425   476 0.78 length=1180	scaffold=scaffold00180	strand=-
1292_g               -           1180 2944at5820           -            483   1.6e-10   38.3   0.1   3   6       1.8   3.6e+02   -2.4  18.9   132   272   496   638   484   660 0.69 length=1180	scaffold=scaffold00180	strand=-
1292_g               -           1180 2944at5820           -            483   1.6e-10   38.3   0.1   4   6      0.45        89   -0.4  13.4   233   323   864   963   773   975 0.65 length=1180	scaffold=scaffold00180	strand=-
1292_g               -           1180 2944at5820           -            483   1.6e-10   38.3   0.1   5   6      0.23        46    0.6   0.1   367   387   959   979   956   988 0.84 length=1180	scaffold=scaffold00180	strand=-
1292_g               -           1180 2944at5820           -            483   1.6e-10   38.3   0.1   6   6   8.1e-13   1.6e-10   38.3   0.1   404   480  1047  1123  1035  1126 0.89 length=1180	scaffold=scaffold00180	strand=-
2410_g               -            133 2944at5820           -            483   2.9e-10   37.5   0.0   1   1   1.8e-12   3.5e-10   37.2   0.0   367   457     1    90     1    96 0.87 length=133	scaffold=scaffold00503	strand=-
659_g                -            370 2944at5820           -            483   6.7e-09   33.0  44.4   1   4     0.035         7    3.3   0.8    13    45     7    39     2    47 0.84 length=370	scaffold=scaffold00067	strand=-
659_g                -            370 2944at5820           -            483   6.7e-09   33.0  44.4   2   4   0.00015      0.03   11.1   1.5     9    41    72   104    64   110 0.89 length=370	scaffold=scaffold00067	strand=-
659_g                -            370 2944at5820           -            483   6.7e-09   33.0  44.4   3   4   4.2e-06   0.00084   16.2  10.4     3   102   168   264   166   268 0.79 length=370	scaffold=scaffold00067	strand=-
659_g                -            370 2944at5820           -            483   6.7e-09   33.0  44.4   4   4   6.7e-07   0.00013   18.8   3.7    13    51   270   308   264   341 0.84 length=370	scaffold=scaffold00067	strand=-
1764_g               -            234 2944at5820           -            483   4.3e-06   23.8   0.0   1   1   3.6e-08   7.3e-06   23.0   0.0   371   446     1    83     1   106 0.76 length=234	scaffold=scaffold00292	strand=+	adjustedToFrame=2
1755_g               -            253 2944at5820           -            483   9.1e-05   19.4  16.3   1   3     0.024       4.7    3.8   0.5    81   102    51    72    41    75 0.84 length=253	scaffold=scaffold00289	strand=-
1755_g               -            253 2944at5820           -            483   9.1e-05   19.4  16.3   2   3   1.3e-05    0.0025   14.6   5.3     5    99    70   184    68   194 0.61 length=253	scaffold=scaffold00289	strand=-
1755_g               -            253 2944at5820           -            483   9.1e-05   19.4  16.3   3   3    0.0012      0.24    8.1   0.2    85   118   196   228   187   248 0.76 length=253	scaffold=scaffold00289	strand=-
3174_g               -            386 2944at5820           -            483     0.021   11.6  14.8   1   4   0.00011     0.021   11.6   1.5     9    54    41    86    31   115 0.75 length=386	scaffold=scaffold00896	strand=+
3174_g               -            386 2944at5820           -            483     0.021   11.6  14.8   2   4      0.02         4    4.1   0.5    81   105   330   354   314   357 0.75 length=386	scaffold=scaffold00896	strand=+
3174_g               -            386 2944at5820           -            483     0.021   11.6  14.8   3   4    0.0064       1.3    5.7   3.1    12    47   333   368   327   373 0.78 length=386	scaffold=scaffold00896	strand=+
3174_g               -            386 2944at5820           -            483     0.021   11.6  14.8   4   4    0.0069       1.4    5.6   0.2    79   102   351   374   349   383 0.81 length=386	scaffold=scaffold00896	strand=+
#
# Program:         hmmsearch
# Version:         3.1b2 (February 2015)
# Pipeline mode:   SEARCH
# Query file:      /export/home/bio1901/Documents/29_BINP/OrthoSearch/busco_downloads/lineages/plasmodium_odb10/hmms/2944at5820.hmm
# Target file:     Results/1_GeneSequences/PB.faa
# Option settings: /home/users/bio1901/miniconda3/envs/busco/bin/hmmsearch --domtblout /export/home/bio1901/Documents/29_BINP/OrthoSearch/PB/run_plasmodium_odb10/hmmer_output/2944at5820.out --cpu 1 /export/home/bio1901/Documents/29_BINP/OrthoSearch/busco_downloads/lineages/plasmodium_odb10/hmms/2944at5820.hmm Results/1_GeneSequences/PB.faa 
# Current dir:     /export/home/bio1901/Documents/29_BINP/OrthoSearch
# Date:            Sun Mar 15 17:55:57 2020
# [ok]
