#                                                                            --- full sequence --- -------------- this domain -------------   hmm coord   ali coord   env coord
# target name        accession   tlen query name           accession   qlen   E-value  score  bias   #  of  c-Evalue  i-Evalue  score  bias  from    to  from    to  from    to  acc description of target
#------------------- ---------- ----- -------------------- ---------- ----- --------- ------ ----- --- --- --------- --------- ------ ----- ----- ----- ----- ----- ----- ----- ---- ---------------------
847_g                -            810 2947at5820           -            650  1.4e-201  669.2  33.2   1   3   8.4e-57   1.7e-53  179.9   4.8     1   134     1   141     1   261 0.81 length=810	scaffold=scaffold00095	strand=+
847_g                -            810 2947at5820           -            650  1.4e-201  669.2  33.2   2   3   2.1e-77   4.2e-74  248.0   6.9   130   312   303   486   293   492 0.94 length=810	scaffold=scaffold00095	strand=+
847_g                -            810 2947at5820           -            650  1.4e-201  669.2  33.2   3   3   5.1e-79     1e-75  253.4   5.0   303   511   573   799   553   806 0.87 length=810	scaffold=scaffold00095	strand=+
547_g                -            810 2947at5820           -            650   4.2e-14   49.8  14.0   1   4     0.002         4    3.6   0.1   358   393   295   333   264   337 0.71 length=810	scaffold=scaffold00054	strand=-
547_g                -            810 2947at5820           -            650   4.2e-14   49.8  14.0   2   4   2.7e-10   5.3e-07   26.3   1.6    28   113   340   423   335   459 0.82 length=810	scaffold=scaffold00054	strand=-
547_g                -            810 2947at5820           -            650   4.2e-14   49.8  14.0   3   4   0.00013      0.26    7.5   0.2   528   558   580   610   543   629 0.83 length=810	scaffold=scaffold00054	strand=-
547_g                -            810 2947at5820           -            650   4.2e-14   49.8  14.0   4   4   7.8e-08   0.00016   18.2   0.0   567   625   682   738   658   751 0.87 length=810	scaffold=scaffold00054	strand=-
#
# Program:         hmmsearch
# Version:         3.1b2 (February 2015)
# Pipeline mode:   SEARCH
# Query file:      /export/home/bio1901/Documents/29_BINP/OrthoSearch/busco_downloads/lineages/plasmodium_odb10/hmms/2947at5820.hmm
# Target file:     Results/1_GeneSequences/PB.faa
# Option settings: /home/users/bio1901/miniconda3/envs/busco/bin/hmmsearch --domtblout /export/home/bio1901/Documents/29_BINP/OrthoSearch/PB/run_plasmodium_odb10/hmmer_output/2947at5820.out --cpu 1 /export/home/bio1901/Documents/29_BINP/OrthoSearch/busco_downloads/lineages/plasmodium_odb10/hmms/2947at5820.hmm Results/1_GeneSequences/PB.faa 
# Current dir:     /export/home/bio1901/Documents/29_BINP/OrthoSearch
# Date:            Sun Mar 15 17:55:57 2020
# [ok]
