#                                                                            --- full sequence --- -------------- this domain -------------   hmm coord   ali coord   env coord
# target name        accession   tlen query name           accession   qlen   E-value  score  bias   #  of  c-Evalue  i-Evalue  score  bias  from    to  from    to  from    to  acc description of target
#------------------- ---------- ----- -------------------- ---------- ----- --------- ------ ----- --- --- --------- --------- ------ ----- ----- ----- ----- ----- ----- ----- ---- ---------------------
3901_g               -           1019 2950at5820           -            863  2.2e-146  487.0 140.3   1   5   7.6e-34   4.3e-31  105.6   3.3   299   358     1    60     1    68 0.95 length=1019	scaffold=scaffold01486	strand=-
3901_g               -           1019 2950at5820           -            863  2.2e-146  487.0 140.3   2   5   1.2e-74   6.7e-72  240.6  16.2   353   532   123   318   102   341 0.83 length=1019	scaffold=scaffold01486	strand=-
3901_g               -           1019 2950at5820           -            863  2.2e-146  487.0 140.3   3   5   1.5e-16   8.6e-14   48.4  18.2   524   607   415   511   373   528 0.79 length=1019	scaffold=scaffold01486	strand=-
3901_g               -           1019 2950at5820           -            863  2.2e-146  487.0 140.3   4   5   1.5e-35   8.5e-33  111.2  35.7   571   755   537   735   531   806 0.66 length=1019	scaffold=scaffold01486	strand=-
3901_g               -           1019 2950at5820           -            863  2.2e-146  487.0 140.3   5   5    0.0018       1.1    5.1  34.5   655   828   819   988   814  1016 0.69 length=1019	scaffold=scaffold01486	strand=-
1078_g               -           1469 2950at5820           -            863     1e-42  144.1   4.5   1   6   5.8e-14   3.3e-11   39.8   0.0    70   143    70   143    63   146 0.95 length=1469	scaffold=scaffold00136	strand=+
1078_g               -           1469 2950at5820           -            863     1e-42  144.1   4.5   2   6   1.4e-36   8.2e-34  114.6   1.8   199   418   182   418   178   444 0.83 length=1469	scaffold=scaffold00136	strand=+
1078_g               -           1469 2950at5820           -            863     1e-42  144.1   4.5   3   6      0.84   4.8e+02   -3.7   3.5   782   818   814   858   712   875 0.63 length=1469	scaffold=scaffold00136	strand=+
1078_g               -           1469 2950at5820           -            863     1e-42  144.1   4.5   4   6     0.071        40   -0.2   1.0   695   739   919   965   896   977 0.76 length=1469	scaffold=scaffold00136	strand=+
1078_g               -           1469 2950at5820           -            863     1e-42  144.1   4.5   5   6         7     4e+03  -15.3  23.7   749   860  1099  1214   965  1217 0.64 length=1469	scaffold=scaffold00136	strand=+
1078_g               -           1469 2950at5820           -            863     1e-42  144.1   4.5   6   6         7     4e+03  -10.2  14.3   665   741  1271  1349  1220  1376 0.45 length=1469	scaffold=scaffold00136	strand=+
176_g                -           1407 2950at5820           -            863   4.9e-41  138.5  33.4   1   7   1.4e-17   8.2e-15   51.7  14.1    53   207    18   176     8   194 0.76 length=1407	scaffold=scaffold00011	strand=-
176_g                -           1407 2950at5820           -            863   4.9e-41  138.5  33.4   2   7   7.3e-33   4.2e-30  102.3  11.3   204   439   217   449   196   455 0.83 length=1407	scaffold=scaffold00011	strand=-
176_g                -           1407 2950at5820           -            863   4.9e-41  138.5  33.4   3   7       3.8   2.2e+03   -5.9  13.0   497   612   436   549   433   557 0.81 length=1407	scaffold=scaffold00011	strand=-
176_g                -           1407 2950at5820           -            863   4.9e-41  138.5  33.4   4   7         7     4e+03  -30.6  51.3   486   793   559   848   551   889 0.65 length=1407	scaffold=scaffold00011	strand=-
176_g                -           1407 2950at5820           -            863   4.9e-41  138.5  33.4   5   7         7     4e+03  -33.9  58.5   508   823   762  1076   756  1082 0.66 length=1407	scaffold=scaffold00011	strand=-
176_g                -           1407 2950at5820           -            863   4.9e-41  138.5  33.4   6   7         7     4e+03  -31.4  47.5   545   829   923  1235   892  1246 0.62 length=1407	scaffold=scaffold00011	strand=-
176_g                -           1407 2950at5820           -            863   4.9e-41  138.5  33.4   7   7         7     4e+03  -15.5  17.4   551   741  1183  1392  1168  1400 0.54 length=1407	scaffold=scaffold00011	strand=-
2251_g               -           1276 2950at5820           -            863   3.3e-37  125.8  64.0   1   2   9.8e-15   5.6e-12   42.4   4.9    27   144   301   426   277   430 0.70 length=1276	scaffold=scaffold00441	strand=+
2251_g               -           1276 2950at5820           -            863   3.3e-37  125.8  64.0   2   2   1.4e-29   7.8e-27   91.5  49.4   177   790   426  1032   423  1102 0.76 length=1276	scaffold=scaffold00441	strand=+
3528_g               -           1394 2950at5820           -            863   1.5e-33  113.8  40.3   1   5         7     4e+03  -20.0  25.1   619   755    40   174     1   201 0.66 length=1394	scaffold=scaffold01157	strand=+
3528_g               -           1394 2950at5820           -            863   1.5e-33  113.8  40.3   2   5         7     4e+03  -11.2  11.0   721   800   270   349   236   378 0.56 length=1394	scaffold=scaffold01157	strand=+
3528_g               -           1394 2950at5820           -            863   1.5e-33  113.8  40.3   3   5         7     4e+03  -12.4  14.5   559   642   394   481   388   513 0.72 length=1394	scaffold=scaffold01157	strand=+
3528_g               -           1394 2950at5820           -            863   1.5e-33  113.8  40.3   4   5   4.2e-09   2.4e-06   23.7   1.3    61   144   856   947   830   951 0.71 length=1394	scaffold=scaffold01157	strand=+
3528_g               -           1394 2950at5820           -            863   1.5e-33  113.8  40.3   5   5   1.3e-33   7.2e-31  104.9  31.7   181   430   951  1194   947  1393 0.88 length=1394	scaffold=scaffold01157	strand=+
994_g                -           1052 2950at5820           -            863   5.7e-29   98.6  19.2   1   5   1.2e-10   6.8e-08   28.9   3.3    62   147    41   132    23   137 0.79 length=1052	scaffold=scaffold00118	strand=+
994_g                -           1052 2950at5820           -            863   5.7e-29   98.6  19.2   2   5   1.5e-27   8.7e-25   84.7   8.1   179   430   136   371   132   395 0.86 length=1052	scaffold=scaffold00118	strand=+
994_g                -           1052 2950at5820           -            863   5.7e-29   98.6  19.2   3   5         7     4e+03  -21.9  28.9   602   779   432   615   413   647 0.70 length=1052	scaffold=scaffold00118	strand=+
994_g                -           1052 2950at5820           -            863   5.7e-29   98.6  19.2   4   5         7     4e+03   -9.0  10.7    96   142   597   646   580   697 0.60 length=1052	scaffold=scaffold00118	strand=+
994_g                -           1052 2950at5820           -            863   5.7e-29   98.6  19.2   5   5         7     4e+03  -22.6  34.0   578   788   734   942   691   961 0.62 length=1052	scaffold=scaffold00118	strand=+
2808_g               -            902 2950at5820           -            863   2.8e-09   33.4  39.6   1   3   3.7e-09   2.1e-06   23.9   7.3    53   146    52   145    21   162 0.74 length=902	scaffold=scaffold00682	strand=-	adjustedToFrame=2
2808_g               -            902 2950at5820           -            863   2.8e-09   33.4  39.6   2   3   5.3e-09     3e-06   23.4  14.3   196   433   160   401   143   416 0.73 length=902	scaffold=scaffold00682	strand=-	adjustedToFrame=2
2808_g               -            902 2950at5820           -            863   2.8e-09   33.4  39.6   3   3      0.59   3.4e+02   -3.2   4.0   663   734   500   572   462   614 0.65 length=902	scaffold=scaffold00682	strand=-	adjustedToFrame=2
#
# Program:         hmmsearch
# Version:         3.1b2 (February 2015)
# Pipeline mode:   SEARCH
# Query file:      /export/home/bio1901/Documents/29_BINP/OrthoSearch/busco_downloads/lineages/plasmodium_odb10/hmms/2950at5820.hmm
# Target file:     Results/1_GeneSequences/PB.faa
# Option settings: /home/users/bio1901/miniconda3/envs/busco/bin/hmmsearch --domtblout /export/home/bio1901/Documents/29_BINP/OrthoSearch/PB/run_plasmodium_odb10/hmmer_output/2950at5820.out --cpu 1 /export/home/bio1901/Documents/29_BINP/OrthoSearch/busco_downloads/lineages/plasmodium_odb10/hmms/2950at5820.hmm Results/1_GeneSequences/PB.faa 
# Current dir:     /export/home/bio1901/Documents/29_BINP/OrthoSearch
# Date:            Sun Mar 15 17:55:58 2020
# [ok]
