#                                                                            --- full sequence --- -------------- this domain -------------   hmm coord   ali coord   env coord
# target name        accession   tlen query name           accession   qlen   E-value  score  bias   #  of  c-Evalue  i-Evalue  score  bias  from    to  from    to  from    to  acc description of target
#------------------- ---------- ----- -------------------- ---------- ----- --------- ------ ----- --- --- --------- --------- ------ ----- ----- ----- ----- ----- ----- ----- ---- ---------------------
3792_g               -            650 2959at5820           -            696  3.4e-105  350.9  54.9   1   4   1.7e-32   3.4e-30  103.0   7.9     3   105    47   152    45   155 0.85 length=650	scaffold=scaffold01388	strand=-	adjustedToFrame=2
3792_g               -            650 2959at5820           -            696  3.4e-105  350.9  54.9   2   4      0.13        25    1.0   5.5   576   626   122   170   117   177 0.54 length=650	scaffold=scaffold01388	strand=-	adjustedToFrame=2
3792_g               -            650 2959at5820           -            696  3.4e-105  350.9  54.9   3   4   0.00018     0.036   10.4   3.2    67   105   174   219   168   224 0.80 length=650	scaffold=scaffold01388	strand=-	adjustedToFrame=2
3792_g               -            650 2959at5820           -            696  3.4e-105  350.9  54.9   4   4     1e-80     2e-78  262.4  39.0    89   314   342   577   330   591 0.90 length=650	scaffold=scaffold01388	strand=-	adjustedToFrame=2
3791_g               -            385 2959at5820           -            696     1e-92  309.6  56.8   1   3     8e-44   1.6e-41  140.4  11.2   401   502     1   106     1   125 0.85 length=385	scaffold=scaffold01388	strand=-
3791_g               -            385 2959at5820           -            696     1e-92  309.6  56.8   2   3   2.2e-42   4.5e-40  135.7  24.4   455   619   100   274    93   281 0.77 length=385	scaffold=scaffold01388	strand=-
3791_g               -            385 2959at5820           -            696     1e-92  309.6  56.8   3   3   2.1e-14   4.1e-12   43.2  10.2   611   675   307   371   296   383 0.80 length=385	scaffold=scaffold01388	strand=-
2422_g               -            654 2959at5820           -            696   8.2e-31  105.0  18.3   1   4   9.9e-09     2e-06   24.5   0.1     7    68   240   302   234   310 0.90 length=654	scaffold=scaffold00506	strand=-
2422_g               -            654 2959at5820           -            696   8.2e-31  105.0  18.3   2   4   1.4e-05    0.0029   14.0   0.3   103   129   310   335   297   342 0.73 length=654	scaffold=scaffold00506	strand=-
2422_g               -            654 2959at5820           -            696   8.2e-31  105.0  18.3   3   4   8.9e-15   1.8e-12   44.4   5.1   172   323   353   503   345   509 0.82 length=654	scaffold=scaffold00506	strand=-
2422_g               -            654 2959at5820           -            696   8.2e-31  105.0  18.3   4   4   9.1e-18   1.8e-15   54.3   0.1   366   466   510   609   504   646 0.86 length=654	scaffold=scaffold00506	strand=-
1618_g               -            391 2959at5820           -            696   2.5e-28   96.8   2.7   1   3   9.7e-07   0.00019   17.9   0.0     6    69    17    81    11   104 0.86 length=391	scaffold=scaffold00254	strand=-
1618_g               -            391 2959at5820           -            696   2.5e-28   96.8   2.7   2   3   8.9e-09   1.8e-06   24.6   0.4   151   263   114   220    80   228 0.82 length=391	scaffold=scaffold00254	strand=-
1618_g               -            391 2959at5820           -            696   2.5e-28   96.8   2.7   3   3   2.6e-17   5.1e-15   52.8   0.3   317   447   233   363   226   372 0.83 length=391	scaffold=scaffold00254	strand=-
2156_g               -            475 2959at5820           -            696   2.7e-28   96.7   4.1   1   2   3.4e-14   6.8e-12   42.5   3.4    30   309    83   342    61   348 0.76 length=475	scaffold=scaffold00410	strand=+
2156_g               -            475 2959at5820           -            696   2.7e-28   96.7   4.1   2   2     2e-16   4.1e-14   49.8   0.0   353   449   350   444   336   451 0.88 length=475	scaffold=scaffold00410	strand=+
2407_g               -            396 2959at5820           -            696   1.5e-26   91.0   0.2   1   4   0.00028     0.056    9.7   0.0     7    71    25    89    19    97 0.83 length=396	scaffold=scaffold00502	strand=+
2407_g               -            396 2959at5820           -            696   1.5e-26   91.0   0.2   2   4     0.098        20    1.3   0.0   108   126    95   113    91   120 0.85 length=396	scaffold=scaffold00502	strand=+
2407_g               -            396 2959at5820           -            696   1.5e-26   91.0   0.2   3   4   4.1e-09   8.2e-07   25.7   0.0   173   281   133   239   117   250 0.76 length=396	scaffold=scaffold00502	strand=+
2407_g               -            396 2959at5820           -            696   1.5e-26   91.0   0.2   4   4   2.1e-16   4.2e-14   49.8   0.0   331   450   249   369   233   378 0.82 length=396	scaffold=scaffold00502	strand=+
2360_g               -            960 2959at5820           -            696   5.4e-26   89.1  66.2   1   4     1e-08   2.1e-06   24.4   0.2    26    72   147   194   122   202 0.78 length=960	scaffold=scaffold00485	strand=-
2360_g               -            960 2959at5820           -            696   5.4e-26   89.1  66.2   2   4   0.00013     0.025   10.9   0.1   101   136   196   231   192   247 0.82 length=960	scaffold=scaffold00485	strand=-
2360_g               -            960 2959at5820           -            696   5.4e-26   89.1  66.2   3   4   1.3e-15   2.5e-13   47.2  20.2   171   325   239   398   233   401 0.86 length=960	scaffold=scaffold00485	strand=-
2360_g               -            960 2959at5820           -            696   5.4e-26   89.1  66.2   4   4     7e-15   1.4e-12   44.8  32.5   363   607   403   647   399   697 0.73 length=960	scaffold=scaffold00485	strand=-
1035_g               -            652 2959at5820           -            696   1.2e-25   88.0  18.9   1   3   2.6e-16   5.2e-14   49.5   1.2     6   128   234   359   230   369 0.86 length=652	scaffold=scaffold00126	strand=-	adjustedToFrame=2
1035_g               -            652 2959at5820           -            696   1.2e-25   88.0  18.9   2   3   1.8e-07   3.5e-05   20.3   2.0   177   313   385   520   378   537 0.87 length=652	scaffold=scaffold00126	strand=-	adjustedToFrame=2
1035_g               -            652 2959at5820           -            696   1.2e-25   88.0  18.9   3   3   5.1e-15     1e-12   45.2   1.5   362   445   533   614   522   623 0.81 length=652	scaffold=scaffold00126	strand=-	adjustedToFrame=2
2139_g               -            551 2959at5820           -            696   1.4e-25   87.7  33.0   1   4   2.6e-11   5.2e-09   33.0   0.0     1    67   120   187   119   192 0.88 length=551	scaffold=scaffold00403	strand=+
2139_g               -            551 2959at5820           -            696   1.4e-25   87.7  33.0   2   4      0.77   1.5e+02   -1.6   0.0   107   123   195   211   190   218 0.85 length=551	scaffold=scaffold00403	strand=+
2139_g               -            551 2959at5820           -            696   1.4e-25   87.7  33.0   3   4   5.5e-08   1.1e-05   22.0   2.0   168   306   233   381   222   392 0.75 length=551	scaffold=scaffold00403	strand=+
2139_g               -            551 2959at5820           -            696   1.4e-25   87.7  33.0   4   4   1.5e-17     3e-15   53.6   5.5   347   493   388   533   368   546 0.79 length=551	scaffold=scaffold00403	strand=+
1604_g               -            597 2959at5820           -            696   1.6e-25   87.6  21.4   1   3   2.6e-06   0.00052   16.4   0.8    11    74   121   189   110   193 0.77 length=597	scaffold=scaffold00250	strand=-	adjustedToFrame=2
1604_g               -            597 2959at5820           -            696   1.6e-25   87.6  21.4   2   3     2e-14   3.9e-12   43.3  12.4   100   328   184   398   182   408 0.78 length=597	scaffold=scaffold00250	strand=-	adjustedToFrame=2
1604_g               -            597 2959at5820           -            696   1.6e-25   87.6  21.4   3   3   2.9e-11   5.7e-09   32.8   0.1   376   466   406   497   397   524 0.76 length=597	scaffold=scaffold00250	strand=-	adjustedToFrame=2
1925_g               -            866 2959at5820           -            696   1.5e-24   84.3   7.2   1   3   1.1e-10   2.2e-08   30.9   0.2    10   130   316   428   307   451 0.82 length=866	scaffold=scaffold00338	strand=-
1925_g               -            866 2959at5820           -            696   1.5e-24   84.3   7.2   2   3   3.1e-06   0.00062   16.2   0.0   179   229   454   504   440   509 0.92 length=866	scaffold=scaffold00338	strand=-
1925_g               -            866 2959at5820           -            696   1.5e-24   84.3   7.2   3   3   3.1e-13   6.3e-11   39.3   1.1   353   450   623   718   597   734 0.84 length=866	scaffold=scaffold00338	strand=-
3057_g               -            814 2959at5820           -            696   2.1e-24   83.8  14.3   1   4   1.7e-09   3.4e-07   27.0   0.1     6    67   204   266   198   268 0.91 length=814	scaffold=scaffold00819	strand=+
3057_g               -            814 2959at5820           -            696   2.1e-24   83.8  14.3   2   4   1.4e-05    0.0028   14.0   0.0   100   126   267   293   265   296 0.88 length=814	scaffold=scaffold00819	strand=+
3057_g               -            814 2959at5820           -            696   2.1e-24   83.8  14.3   3   4   5.1e-11     1e-08   32.0   2.2   158   315   302   456   292   466 0.76 length=814	scaffold=scaffold00819	strand=+
3057_g               -            814 2959at5820           -            696   2.1e-24   83.8  14.3   4   4   2.7e-14   5.4e-12   42.8   0.4   366   481   471   584   460   623 0.79 length=814	scaffold=scaffold00819	strand=+
207_g                -            641 2959at5820           -            696   8.4e-22   75.3  17.2   1   3     0.002      0.39    6.9   0.0     7    65   194   253   191   262 0.89 length=641	scaffold=scaffold00014	strand=+
207_g                -            641 2959at5820           -            696   8.4e-22   75.3  17.2   2   3   5.8e-11   1.2e-08   31.8   0.0   106   244   270   390   259   413 0.83 length=641	scaffold=scaffold00014	strand=+
207_g                -            641 2959at5820           -            696   8.4e-22   75.3  17.2   3   3   7.2e-16   1.4e-13   48.0   0.0   353   479   459   582   447   590 0.86 length=641	scaffold=scaffold00014	strand=+
4074_g               -            889 2959at5820           -            696   2.8e-18   63.6  34.5   1   4   3.7e-07   7.4e-05   19.3   0.1    13    68    67   123    58   126 0.83 length=889	scaffold=scaffold01665	strand=-	adjustedToFrame=3
4074_g               -            889 2959at5820           -            696   2.8e-18   63.6  34.5   2   4     0.016       3.2    3.9   0.0   104   126   132   154   126   168 0.79 length=889	scaffold=scaffold01665	strand=-	adjustedToFrame=3
4074_g               -            889 2959at5820           -            696   2.8e-18   63.6  34.5   3   4     6e-09   1.2e-06   25.2   0.8   174   320   179   325   171   333 0.74 length=889	scaffold=scaffold01665	strand=-	adjustedToFrame=3
4074_g               -            889 2959at5820           -            696   2.8e-18   63.6  34.5   4   4   5.6e-13   1.1e-10   38.5   2.1   384   466   350   434   324   460 0.79 length=889	scaffold=scaffold01665	strand=-	adjustedToFrame=3
1091_g               -            493 2959at5820           -            696   4.5e-18   62.9  16.1   1   3   1.8e-07   3.5e-05   20.3   0.0     4    67   150   214   147   231 0.88 length=493	scaffold=scaffold00138	strand=-
1091_g               -            493 2959at5820           -            696   4.5e-18   62.9  16.1   2   3   2.4e-05    0.0047   13.3   0.0   176   242   235   300   221   344 0.80 length=493	scaffold=scaffold00138	strand=-
1091_g               -            493 2959at5820           -            696   4.5e-18   62.9  16.1   3   3   6.2e-13   1.2e-10   38.3   1.0   329   453   344   469   327   474 0.83 length=493	scaffold=scaffold00138	strand=-
291_g                -           1572 2959at5820           -            696   3.9e-15   53.2   1.6   1   6   5.6e-10   1.1e-07   28.6   0.1     4    67   416   481   414   490 0.91 length=1572	scaffold=scaffold00022	strand=-
291_g                -           1572 2959at5820           -            696   3.9e-15   53.2   1.6   2   6    0.0014      0.28    7.4   0.1   108   135   490   517   482   524 0.87 length=1572	scaffold=scaffold00022	strand=-
291_g                -           1572 2959at5820           -            696   3.9e-15   53.2   1.6   3   6   5.6e-06    0.0011   15.4   6.5   174   307   529   662   521   706 0.73 length=1572	scaffold=scaffold00022	strand=-
291_g                -           1572 2959at5820           -            696   3.9e-15   53.2   1.6   4   6   1.5e-11     3e-09   33.8   0.1   386   452   719   804   711   811 0.76 length=1572	scaffold=scaffold00022	strand=-
291_g                -           1572 2959at5820           -            696   3.9e-15   53.2   1.6   5   6       1.9   3.8e+02   -2.9   3.3   538   628   923  1017   915  1030 0.64 length=1572	scaffold=scaffold00022	strand=-
291_g                -           1572 2959at5820           -            696   3.9e-15   53.2   1.6   6   6       7.1   1.4e+03   -4.8   3.6   217   286  1283  1350  1257  1414 0.59 length=1572	scaffold=scaffold00022	strand=-
3581_g               -           1373 2959at5820           -            696   4.4e-14   49.7  23.8   1   3   2.5e-05    0.0049   13.2   0.3     7    70   218   283   209   286 0.85 length=1373	scaffold=scaffold01199	strand=+
3581_g               -           1373 2959at5820           -            696   4.4e-14   49.7  23.8   2   3   4.9e-12   9.9e-10   35.4  18.6   108   329   291   489   279   506 0.79 length=1373	scaffold=scaffold01199	strand=+
3581_g               -           1373 2959at5820           -            696   4.4e-14   49.7  23.8   3   3   1.8e-09   3.6e-07   26.9   0.2   388   453   511   577   499   588 0.87 length=1373	scaffold=scaffold01199	strand=+
3826_g               -           1126 2959at5820           -            696   5.6e-14   49.4   0.2   1   4   2.5e-05     0.005   13.2   0.0    16    67   710   762   700   767 0.79 length=1126	scaffold=scaffold01419	strand=-	adjustedToFrame=3
3826_g               -           1126 2959at5820           -            696   5.6e-14   49.4   0.2   2   4   7.9e-05     0.016   11.5   0.0   100   132   771   803   767   809 0.84 length=1126	scaffold=scaffold01419	strand=-	adjustedToFrame=3
3826_g               -           1126 2959at5820           -            696   5.6e-14   49.4   0.2   3   4   2.3e-05    0.0046   13.3   0.0   179   234   827   882   815   904 0.86 length=1126	scaffold=scaffold01419	strand=-	adjustedToFrame=3
3826_g               -           1126 2959at5820           -            696   5.6e-14   49.4   0.2   4   4   2.1e-11   4.3e-09   33.3   0.1   354   461   985  1090   956  1099 0.78 length=1126	scaffold=scaffold01419	strand=-	adjustedToFrame=3
1972_g               -            784 2959at5820           -            696     1e-12   45.2  21.0   1   3   8.8e-09   1.7e-06   24.6   3.0    32   124   229   330   219   338 0.72 length=784	scaffold=scaffold00352	strand=-
1972_g               -            784 2959at5820           -            696     1e-12   45.2  21.0   2   3   2.3e-05    0.0046   13.3   9.6   174   245   351   423   336   495 0.70 length=784	scaffold=scaffold00352	strand=-
1972_g               -            784 2959at5820           -            696     1e-12   45.2  21.0   3   3   5.9e-12   1.2e-09   35.1  10.2   374   467   516   612   457   626 0.75 length=784	scaffold=scaffold00352	strand=-
1937_g               -           1358 2959at5820           -            696   1.2e-12   45.0  28.8   1   4     6e-07   0.00012   18.5   1.4    13    80   179   246   167   276 0.72 length=1358	scaffold=scaffold00342	strand=+	adjustedToFrame=2
1937_g               -           1358 2959at5820           -            696   1.2e-12   45.0  28.8   2   4     0.022       4.3    3.5   0.1    83   132   289   338   275   347 0.82 length=1358	scaffold=scaffold00342	strand=+	adjustedToFrame=2
1937_g               -           1358 2959at5820           -            696   1.2e-12   45.0  28.8   3   4   8.7e-10   1.7e-07   27.9   0.9   172   314   355   498   349   512 0.80 length=1358	scaffold=scaffold00342	strand=+	adjustedToFrame=2
1937_g               -           1358 2959at5820           -            696   1.2e-12   45.0  28.8   4   4   9.2e-10   1.8e-07   27.9  12.1   384   461   529   608   507   770 0.65 length=1358	scaffold=scaffold00342	strand=+	adjustedToFrame=2
#
# Program:         hmmsearch
# Version:         3.1b2 (February 2015)
# Pipeline mode:   SEARCH
# Query file:      /export/home/bio1901/Documents/29_BINP/OrthoSearch/busco_downloads/lineages/plasmodium_odb10/hmms/2959at5820.hmm
# Target file:     Results/1_GeneSequences/PB.faa
# Option settings: /home/users/bio1901/miniconda3/envs/busco/bin/hmmsearch --domtblout /export/home/bio1901/Documents/29_BINP/OrthoSearch/PB/run_plasmodium_odb10/hmmer_output/2959at5820.out --cpu 1 /export/home/bio1901/Documents/29_BINP/OrthoSearch/busco_downloads/lineages/plasmodium_odb10/hmms/2959at5820.hmm Results/1_GeneSequences/PB.faa 
# Current dir:     /export/home/bio1901/Documents/29_BINP/OrthoSearch
# Date:            Sun Mar 15 17:55:59 2020
# [ok]
