#                                                                            --- full sequence --- -------------- this domain -------------   hmm coord   ali coord   env coord
# target name        accession   tlen query name           accession   qlen   E-value  score  bias   #  of  c-Evalue  i-Evalue  score  bias  from    to  from    to  from    to  acc description of target
#------------------- ---------- ----- -------------------- ---------- ----- --------- ------ ----- --- --- --------- --------- ------ ----- ----- ----- ----- ----- ----- ----- ---- ---------------------
3027_g               -           1569 3009at5820           -            962   5.9e-27   91.9  77.2   1   8   3.6e-09   1.4e-05   21.1  13.2   128   193     2    71     1    74 0.71 length=1569	scaffold=scaffold00804	strand=+	adjustedToFrame=2
3027_g               -           1569 3009at5820           -            962   5.9e-27   91.9  77.2   2   8         1     4e+03  -16.3  32.5   548   620    69   142    62   150 0.45 length=1569	scaffold=scaffold00804	strand=+	adjustedToFrame=2
3027_g               -           1569 3009at5820           -            962   5.9e-27   91.9  77.2   3   8   1.7e-16   6.7e-13   45.4  42.9   179   391   143   351   138   388 0.68 length=1569	scaffold=scaffold00804	strand=+	adjustedToFrame=2
3027_g               -           1569 3009at5820           -            962   5.9e-27   91.9  77.2   4   8         1     4e+03  -14.2  36.2   273   411   391   525   371   533 0.58 length=1569	scaffold=scaffold00804	strand=+	adjustedToFrame=2
3027_g               -           1569 3009at5820           -            962   5.9e-27   91.9  77.2   5   8         1     4e+03  -10.8  60.7   322   508   540   713   520   742 0.55 length=1569	scaffold=scaffold00804	strand=+	adjustedToFrame=2
3027_g               -           1569 3009at5820           -            962   5.9e-27   91.9  77.2   6   8         1     4e+03  -70.3 162.0   261   701   790  1227   771  1230 0.65 length=1569	scaffold=scaffold00804	strand=+	adjustedToFrame=2
3027_g               -           1569 3009at5820           -            962   5.9e-27   91.9  77.2   7   8         1     4e+03  -42.4  96.4   298   672  1135  1500  1133  1526 0.47 length=1569	scaffold=scaffold00804	strand=+	adjustedToFrame=2
3027_g               -           1569 3009at5820           -            962   5.9e-27   91.9  77.2   8   8   5.8e-20   2.3e-16   56.8   5.2   920   962  1526  1568  1518  1568 0.93 length=1569	scaffold=scaffold00804	strand=+	adjustedToFrame=2
#
# Program:         hmmsearch
# Version:         3.1b2 (February 2015)
# Pipeline mode:   SEARCH
# Query file:      /export/home/bio1901/Documents/29_BINP/OrthoSearch/busco_downloads/lineages/plasmodium_odb10/hmms/3009at5820.hmm
# Target file:     Results/1_GeneSequences/PB.faa
# Option settings: /home/users/bio1901/miniconda3/envs/busco/bin/hmmsearch --domtblout /export/home/bio1901/Documents/29_BINP/OrthoSearch/PB/run_plasmodium_odb10/hmmer_output/3009at5820.out --cpu 1 /export/home/bio1901/Documents/29_BINP/OrthoSearch/busco_downloads/lineages/plasmodium_odb10/hmms/3009at5820.hmm Results/1_GeneSequences/PB.faa 
# Current dir:     /export/home/bio1901/Documents/29_BINP/OrthoSearch
# Date:            Sun Mar 15 17:56:14 2020
# [ok]
