#                                                                            --- full sequence --- -------------- this domain -------------   hmm coord   ali coord   env coord
# target name        accession   tlen query name           accession   qlen   E-value  score  bias   #  of  c-Evalue  i-Evalue  score  bias  from    to  from    to  from    to  acc description of target
#------------------- ---------- ----- -------------------- ---------- ----- --------- ------ ----- --- --- --------- --------- ------ ----- ----- ----- ----- ----- ----- ----- ---- ---------------------
349_g                -           3062 303at5820            -           2020         0 2135.3 509.0   1  14   2.1e-45   8.2e-42  140.5  18.5     9   163    65   223    58   241 0.82 length=3062	scaffold=scaffold00028	strand=-
349_g                -           3062 303at5820            -           2020         0 2135.3 509.0   2  14  5.8e-121  2.3e-117  391.0  79.3   116   491   222   627   209   699 0.86 length=3062	scaffold=scaffold00028	strand=-
349_g                -           3062 303at5820            -           2020         0 2135.3 509.0   3  14   4.2e-27   1.7e-23   79.8   9.0   517   617   770   870   759   889 0.89 length=3062	scaffold=scaffold00028	strand=-
349_g                -           3062 303at5820            -           2020         0 2135.3 509.0   4  14   4.4e-48   1.8e-44  149.3  16.7   550   757   919  1126   913  1160 0.86 length=3062	scaffold=scaffold00028	strand=-
349_g                -           3062 303at5820            -           2020         0 2135.3 509.0   5  14   1.4e-85   5.4e-82  273.7  39.7   757   959  1199  1401  1161  1401 0.92 length=3062	scaffold=scaffold00028	strand=-
349_g                -           3062 303at5820            -           2020         0 2135.3 509.0   6  14   5.3e-40   2.1e-36  122.5  17.0  1002  1156  1397  1556  1397  1569 0.82 length=3062	scaffold=scaffold00028	strand=-
349_g                -           3062 303at5820            -           2020         0 2135.3 509.0   7  14     4e-45   1.6e-41  139.5  32.5  1107  1298  1625  1842  1612  1862 0.75 length=3062	scaffold=scaffold00028	strand=-
349_g                -           3062 303at5820            -           2020         0 2135.3 509.0   8  14   4.1e-05      0.16    6.9   1.2  1276  1318  1870  1915  1863  1932 0.72 length=3062	scaffold=scaffold00028	strand=-
349_g                -           3062 303at5820            -           2020         0 2135.3 509.0   9  14         1     4e+03  -10.6  10.5  1089  1143  1952  2006  1927  2026 0.68 length=3062	scaffold=scaffold00028	strand=-
349_g                -           3062 303at5820            -           2020         0 2135.3 509.0  10  14  3.5e-184  1.4e-180  600.7 103.7  1327  1757  2039  2525  2004  2549 0.86 length=3062	scaffold=scaffold00028	strand=-
349_g                -           3062 303at5820            -           2020         0 2135.3 509.0  11  14   8.9e-49   3.5e-45  151.7  19.1  1751  1872  2567  2695  2557  2710 0.86 length=3062	scaffold=scaffold00028	strand=-
349_g                -           3062 303at5820            -           2020         0 2135.3 509.0  12  14   7.7e-64   3.1e-60  201.6  20.6  1861  2020  2736  2911  2730  2911 0.87 length=3062	scaffold=scaffold00028	strand=-
349_g                -           3062 303at5820            -           2020         0 2135.3 509.0  13  14         1     4e+03  -24.1  26.0  1069  1140  2917  2993  2915  3023 0.53 length=3062	scaffold=scaffold00028	strand=-
349_g                -           3062 303at5820            -           2020         0 2135.3 509.0  14  14         1     4e+03  -19.8  22.6  1098  1134  3013  3048  2998  3059 0.46 length=3062	scaffold=scaffold00028	strand=-
#
# Program:         hmmsearch
# Version:         3.1b2 (February 2015)
# Pipeline mode:   SEARCH
# Query file:      /export/home/bio1901/Documents/29_BINP/OrthoSearch/busco_downloads/lineages/plasmodium_odb10/hmms/303at5820.hmm
# Target file:     Results/1_GeneSequences/PB.faa
# Option settings: /home/users/bio1901/miniconda3/envs/busco/bin/hmmsearch --domtblout /export/home/bio1901/Documents/29_BINP/OrthoSearch/PB/run_plasmodium_odb10/hmmer_output/303at5820.out --cpu 1 /export/home/bio1901/Documents/29_BINP/OrthoSearch/busco_downloads/lineages/plasmodium_odb10/hmms/303at5820.hmm Results/1_GeneSequences/PB.faa 
# Current dir:     /export/home/bio1901/Documents/29_BINP/OrthoSearch
# Date:            Sun Mar 15 17:56:16 2020
# [ok]
