#                                                                            --- full sequence --- -------------- this domain -------------   hmm coord   ali coord   env coord
# target name        accession   tlen query name           accession   qlen   E-value  score  bias   #  of  c-Evalue  i-Evalue  score  bias  from    to  from    to  from    to  acc description of target
#------------------- ---------- ----- -------------------- ---------- ----- --------- ------ ----- --- --- --------- --------- ------ ----- ----- ----- ----- ----- ----- ----- ---- ---------------------
894_g                -            926 3054at5820           -            713         0 1129.4  55.9   1   2  1.2e-269  1.2e-266  884.3  24.6     1   508     1   553     1   565 0.92 length=926	scaffold=scaffold00103	strand=-
894_g                -            926 3054at5820           -            713         0 1129.4  55.9   2   2   4.9e-78   4.9e-75  250.9  23.5   491   712   571   813   560   816 0.89 length=926	scaffold=scaffold00103	strand=-
476_g                -            673 3054at5820           -            713   1.2e-42  143.8   0.0   1   1   2.1e-45   2.1e-42  143.0   0.0     4   374    18   394    16   404 0.83 length=673	scaffold=scaffold00043	strand=+
672_g                -            664 3054at5820           -            713   6.2e-29   98.4   9.3   1   2   1.7e-31   1.7e-28   97.0   0.3     3   373    42   415    40   423 0.81 length=664	scaffold=scaffold00070	strand=-
672_g                -            664 3054at5820           -            713   6.2e-29   98.4   9.3   2   2    0.0013       1.3    4.8   3.4   518   596   530   608   518   646 0.78 length=664	scaffold=scaffold00070	strand=-
1678_g               -            981 3054at5820           -            713   2.6e-27   93.1   9.8   1   3   2.4e-22   2.4e-19   66.8   0.1     3   179   399   582   397   590 0.84 length=981	scaffold=scaffold00268	strand=+
1678_g               -            981 3054at5820           -            713   2.6e-27   93.1   9.8   2   3   3.5e-09   3.5e-06   23.3   0.0   264   372   611   729   597   737 0.74 length=981	scaffold=scaffold00268	strand=+
1678_g               -            981 3054at5820           -            713   2.6e-27   93.1   9.8   3   3     0.003         3    3.7   4.3   547   626   877   958   848   965 0.82 length=981	scaffold=scaffold00268	strand=+
#
# Program:         hmmsearch
# Version:         3.1b2 (February 2015)
# Pipeline mode:   SEARCH
# Query file:      /export/home/bio1901/Documents/29_BINP/OrthoSearch/busco_downloads/lineages/plasmodium_odb10/hmms/3054at5820.hmm
# Target file:     Results/1_GeneSequences/PB.faa
# Option settings: /home/users/bio1901/miniconda3/envs/busco/bin/hmmsearch --domtblout /export/home/bio1901/Documents/29_BINP/OrthoSearch/PB/run_plasmodium_odb10/hmmer_output/3054at5820.out --cpu 1 /export/home/bio1901/Documents/29_BINP/OrthoSearch/busco_downloads/lineages/plasmodium_odb10/hmms/3054at5820.hmm Results/1_GeneSequences/PB.faa 
# Current dir:     /export/home/bio1901/Documents/29_BINP/OrthoSearch
# Date:            Sun Mar 15 17:56:18 2020
# [ok]
