#                                                                            --- full sequence --- -------------- this domain -------------   hmm coord   ali coord   env coord
# target name        accession   tlen query name           accession   qlen   E-value  score  bias   #  of  c-Evalue  i-Evalue  score  bias  from    to  from    to  from    to  acc description of target
#------------------- ---------- ----- -------------------- ---------- ----- --------- ------ ----- --- --- --------- --------- ------ ----- ----- ----- ----- ----- ----- ----- ---- ---------------------
1555_g               -            619 3057at5820           -            701   3.4e-82  274.7 105.2   1   3   2.8e-17   5.5e-14   49.3  13.8     1    77    31   120    31   128 0.76 length=619	scaffold=scaffold00241	strand=-
1555_g               -            619 3057at5820           -            701   3.4e-82  274.7 105.2   2   3   5.3e-10   1.1e-06   25.2  15.7    75   186   144   261   132   264 0.73 length=619	scaffold=scaffold00241	strand=-
1555_g               -            619 3057at5820           -            701   3.4e-82  274.7 105.2   3   3   1.4e-64   2.9e-61  205.6  70.3     8   381   229   614   208   618 0.76 length=619	scaffold=scaffold00241	strand=-
3770_g               -            511 3057at5820           -            701   4.8e-73  244.5  62.0   1   4   1.8e-08   3.7e-05   20.1   7.8   386   454     7    91     2    99 0.71 length=511	scaffold=scaffold01371	strand=+	adjustedToFrame=2
3770_g               -            511 3057at5820           -            701   4.8e-73  244.5  62.0   2   4   5.6e-20   1.1e-16   58.2   7.1   446   501   139   194   134   216 0.90 length=511	scaffold=scaffold01371	strand=+	adjustedToFrame=2
3770_g               -            511 3057at5820           -            701   4.8e-73  244.5  62.0   3   4         2     4e+03  -15.3  21.3   617   679   218   289   211   296 0.54 length=511	scaffold=scaffold01371	strand=+	adjustedToFrame=2
3770_g               -            511 3057at5820           -            701   4.8e-73  244.5  62.0   4   4   3.5e-61   6.9e-58  194.4  31.1   501   698   300   508   295   510 0.91 length=511	scaffold=scaffold01371	strand=+	adjustedToFrame=2
#
# Program:         hmmsearch
# Version:         3.1b2 (February 2015)
# Pipeline mode:   SEARCH
# Query file:      /export/home/bio1901/Documents/29_BINP/OrthoSearch/busco_downloads/lineages/plasmodium_odb10/hmms/3057at5820.hmm
# Target file:     Results/1_GeneSequences/PB.faa
# Option settings: /home/users/bio1901/miniconda3/envs/busco/bin/hmmsearch --domtblout /export/home/bio1901/Documents/29_BINP/OrthoSearch/PB/run_plasmodium_odb10/hmmer_output/3057at5820.out --cpu 1 /export/home/bio1901/Documents/29_BINP/OrthoSearch/busco_downloads/lineages/plasmodium_odb10/hmms/3057at5820.hmm Results/1_GeneSequences/PB.faa 
# Current dir:     /export/home/bio1901/Documents/29_BINP/OrthoSearch
# Date:            Sun Mar 15 17:56:18 2020
# [ok]
