#                                                                            --- full sequence --- -------------- this domain -------------   hmm coord   ali coord   env coord
# target name        accession   tlen query name           accession   qlen   E-value  score  bias   #  of  c-Evalue  i-Evalue  score  bias  from    to  from    to  from    to  acc description of target
#------------------- ---------- ----- -------------------- ---------- ----- --------- ------ ----- --- --- --------- --------- ------ ----- ----- ----- ----- ----- ----- ----- ---- ---------------------
1305_g               -            743 3079at5820           -            559  3.6e-116  386.8  72.7   1   6   4.8e-26   3.9e-23   79.7   0.7   206   293     2    89     1   111 0.88 length=743	scaffold=scaffold00182	strand=+
1305_g               -            743 3079at5820           -            559  3.6e-116  386.8  72.7   2   6   1.1e-50   9.1e-48  161.1   6.2   267   361   116   210   102   225 0.94 length=743	scaffold=scaffold00182	strand=+
1305_g               -            743 3079at5820           -            559  3.6e-116  386.8  72.7   3   6   8.6e-48   6.9e-45  151.5  11.0   358   502   272   415   267   418 0.84 length=743	scaffold=scaffold00182	strand=+
1305_g               -            743 3079at5820           -            559  3.6e-116  386.8  72.7   4   6   2.6e-05     0.021   11.3  18.2   457   522   397   474   387   497 0.66 length=743	scaffold=scaffold00182	strand=+
1305_g               -            743 3079at5820           -            559  3.6e-116  386.8  72.7   5   6      0.79   6.3e+02   -3.5   3.8   457   522   521   585   482   613 0.55 length=743	scaffold=scaffold00182	strand=+
1305_g               -            743 3079at5820           -            559  3.6e-116  386.8  72.7   6   6   0.00098      0.78    6.1   7.0   473   558   662   741   618   742 0.61 length=743	scaffold=scaffold00182	strand=+
1304_g               -            228 3079at5820           -            559  4.3e-100  333.8  11.1   1   1  6.3e-103    5e-100  333.6  11.1     1   194    33   226    33   227 0.99 length=228	scaffold=scaffold00182	strand=+
1715_g               -            328 3079at5820           -            559   2.1e-06   24.5   0.8   1   3      0.11        84   -0.6   0.1   248   283    19    55     3    92 0.54 length=328	scaffold=scaffold00278	strand=-
1715_g               -            328 3079at5820           -            559   2.1e-06   24.5   0.8   2   3   4.9e-06    0.0039   13.7   0.0   393   448   154   209   135   243 0.85 length=328	scaffold=scaffold00278	strand=-
1715_g               -            328 3079at5820           -            559   2.1e-06   24.5   0.8   3   3   0.00029      0.23    7.8   0.1   407   457   272   322   266   324 0.90 length=328	scaffold=scaffold00278	strand=-
3362_g               -            624 3079at5820           -            559   2.3e-06   24.4   9.3   1   4      0.11        90   -0.7   0.2   324   357    50    80    42    93 0.72 length=624	scaffold=scaffold01024	strand=-
3362_g               -            624 3079at5820           -            559   2.3e-06   24.4   9.3   2   4   0.00019      0.15    8.5   0.0   394   453   331   391   315   396 0.82 length=624	scaffold=scaffold01024	strand=-
3362_g               -            624 3079at5820           -            559   2.3e-06   24.4   9.3   3   4   1.1e-07   9.2e-05   19.1   0.0   385   451   364   431   360   440 0.84 length=624	scaffold=scaffold01024	strand=-
3362_g               -            624 3079at5820           -            559   2.3e-06   24.4   9.3   4   4   0.00093      0.74    6.2   0.9   384   520   447   585   439   610 0.69 length=624	scaffold=scaffold01024	strand=-
3772_g               -            363 3079at5820           -            559   3.6e-05   20.4   7.2   1   2   4.5e-08   3.6e-05   20.4   7.2   382   493   118   229    88   268 0.83 length=363	scaffold=scaffold01372	strand=-
3772_g               -            363 3079at5820           -            559   3.6e-05   20.4   7.2   2   2     0.073        58   -0.1   0.8   213   273   261   325   214   332 0.49 length=363	scaffold=scaffold01372	strand=-
#
# Program:         hmmsearch
# Version:         3.1b2 (February 2015)
# Pipeline mode:   SEARCH
# Query file:      /export/home/bio1901/Documents/29_BINP/OrthoSearch/busco_downloads/lineages/plasmodium_odb10/hmms/3079at5820.hmm
# Target file:     Results/1_GeneSequences/PB.faa
# Option settings: /home/users/bio1901/miniconda3/envs/busco/bin/hmmsearch --domtblout /export/home/bio1901/Documents/29_BINP/OrthoSearch/PB/run_plasmodium_odb10/hmmer_output/3079at5820.out --cpu 1 /export/home/bio1901/Documents/29_BINP/OrthoSearch/busco_downloads/lineages/plasmodium_odb10/hmms/3079at5820.hmm Results/1_GeneSequences/PB.faa 
# Current dir:     /export/home/bio1901/Documents/29_BINP/OrthoSearch
# Date:            Sun Mar 15 17:56:23 2020
# [ok]
