#                                                                            --- full sequence --- -------------- this domain -------------   hmm coord   ali coord   env coord
# target name        accession   tlen query name           accession   qlen   E-value  score  bias   #  of  c-Evalue  i-Evalue  score  bias  from    to  from    to  from    to  acc description of target
#------------------- ---------- ----- -------------------- ---------- ----- --------- ------ ----- --- --- --------- --------- ------ ----- ----- ----- ----- ----- ----- ----- ---- ---------------------
2356_g               -           2497 3089at5820           -            632  7.4e-175  581.2 173.7   1   9       0.9   2.2e+02   -1.8   1.6   119   209   567   665   554   676 0.67 length=2497	scaffold=scaffold00484	strand=-
2356_g               -           2497 3089at5820           -            632  7.4e-175  581.2 173.7   2   9   8.7e-05     0.022   11.4   1.4     3    39  1112  1148  1106  1166 0.84 length=2497	scaffold=scaffold00484	strand=-
2356_g               -           2497 3089at5820           -            632  7.4e-175  581.2 173.7   3   9   1.5e-14   3.7e-12   43.7   7.4    36   115  1192  1275  1178  1285 0.70 length=2497	scaffold=scaffold00484	strand=-
2356_g               -           2497 3089at5820           -            632  7.4e-175  581.2 173.7   4   9         4   9.9e+02   -4.0   5.5    22    73  1327  1380  1307  1390 0.62 length=2497	scaffold=scaffold00484	strand=-
2356_g               -           2497 3089at5820           -            632  7.4e-175  581.2 173.7   5   9   5.6e-25   1.4e-22   78.1  28.2    94   209  1469  1593  1397  1616 0.86 length=2497	scaffold=scaffold00484	strand=-
2356_g               -           2497 3089at5820           -            632  7.4e-175  581.2 173.7   6   9   4.9e-99   1.2e-96  322.8  25.3   200   433  1652  1911  1630  1926 0.86 length=2497	scaffold=scaffold00484	strand=-
2356_g               -           2497 3089at5820           -            632  7.4e-175  581.2 173.7   7   9   4.1e-42     1e-39  134.8  10.0   424   514  1953  2043  1919  2073 0.86 length=2497	scaffold=scaffold00484	strand=-
2356_g               -           2497 3089at5820           -            632  7.4e-175  581.2 173.7   8   9   8.9e-11   2.2e-08   31.2  17.7   511   578  2250  2327  2247  2400 0.61 length=2497	scaffold=scaffold00484	strand=-
2356_g               -           2497 3089at5820           -            632  7.4e-175  581.2 173.7   9   9     0.042        10    2.6  14.7   543   629  2399  2485  2391  2488 0.79 length=2497	scaffold=scaffold00484	strand=-
3472_g               -           1300 3089at5820           -            632   1.2e-43  147.7   7.2   1   4   4.5e-17   1.1e-14   52.0   2.3   305   415   632   744   477   748 0.69 length=1300	scaffold=scaffold01114	strand=-	adjustedToFrame=3
3472_g               -           1300 3089at5820           -            632   1.2e-43  147.7   7.2   2   4   2.5e-06   0.00062   16.5   0.0   441   504   725   789   725   837 0.77 length=1300	scaffold=scaffold01114	strand=-	adjustedToFrame=3
3472_g               -           1300 3089at5820           -            632   1.2e-43  147.7   7.2   3   4   7.2e-24   1.8e-21   74.5   0.0   292   416  1002  1130   992  1133 0.85 length=1300	scaffold=scaffold01114	strand=-	adjustedToFrame=3
3472_g               -           1300 3089at5820           -            632   1.2e-43  147.7   7.2   4   4   5.4e-11   1.4e-08   31.9   0.0   460   543  1130  1216  1128  1224 0.86 length=1300	scaffold=scaffold01114	strand=-	adjustedToFrame=3
2255_g               -            852 3089at5820           -            632   1.9e-43  147.1   0.0   1   4   3.7e-13   9.2e-11   39.1   0.0   315   413   248   342   237   348 0.87 length=852	scaffold=scaffold00443	strand=+	adjustedToFrame=2
2255_g               -            852 3089at5820           -            632   1.9e-43  147.1   0.0   2   4   1.7e-06   0.00041   17.1   0.0   460   543   345   431   337   479 0.78 length=852	scaffold=scaffold00443	strand=+	adjustedToFrame=2
2255_g               -            852 3089at5820           -            632   1.9e-43  147.1   0.0   3   4     3e-19   7.6e-17   59.2   0.0   311   414   517   619   485   624 0.89 length=852	scaffold=scaffold00443	strand=+	adjustedToFrame=2
2255_g               -            852 3089at5820           -            632   1.9e-43  147.1   0.0   4   4   1.6e-09     4e-07   27.1   0.0   461   537   622   701   619   729 0.79 length=852	scaffold=scaffold00443	strand=+	adjustedToFrame=2
2006_g               -            876 3089at5820           -            632   3.1e-40  136.5   7.0   1   2   7.4e-28   1.8e-25   87.7   0.0   314   415   219   322   183   328 0.85 length=876	scaffold=scaffold00363	strand=-
2006_g               -            876 3089at5820           -            632   3.1e-40  136.5   7.0   2   2   1.5e-16   3.8e-14   50.3   0.0   461   540   324   407   320   429 0.85 length=876	scaffold=scaffold00363	strand=-
842_g                -            703 3089at5820           -            632   1.4e-36  124.4  11.0   1   4       1.1   2.8e+02   -2.2   4.8   415   478    43   116    22   127 0.64 length=703	scaffold=scaffold00095	strand=-
842_g                -            703 3089at5820           -            632   1.4e-36  124.4  11.0   2   4   1.3e-30   3.3e-28   96.7   0.0   281   414   245   380   240   384 0.85 length=703	scaffold=scaffold00095	strand=-
842_g                -            703 3089at5820           -            632   1.4e-36  124.4  11.0   3   4   2.8e-11     7e-09   32.9   0.0   458   546   380   473   377   516 0.79 length=703	scaffold=scaffold00095	strand=-
842_g                -            703 3089at5820           -            632   1.4e-36  124.4  11.0   4   4       2.7   6.7e+02   -3.4   0.1   232   615   617   634   580   667 0.58 length=703	scaffold=scaffold00095	strand=-
1406_g               -            957 3089at5820           -            632   3.2e-36  123.2  10.2   1   4      0.12        31    1.0   5.4   154   202   260   311   221   335 0.72 length=957	scaffold=scaffold00206	strand=+
1406_g               -            957 3089at5820           -            632   3.2e-36  123.2  10.2   2   4      0.15        37    0.8   0.4   286   318   336   367   327   383 0.76 length=957	scaffold=scaffold00206	strand=+
1406_g               -            957 3089at5820           -            632   3.2e-36  123.2  10.2   3   4   6.3e-29   1.6e-26   91.2   0.0   316   422   434   541   404   544 0.88 length=957	scaffold=scaffold00206	strand=+
1406_g               -            957 3089at5820           -            632   3.2e-36  123.2  10.2   4   4   9.8e-11   2.4e-08   31.1   0.0   462   551   538   634   533   645 0.82 length=957	scaffold=scaffold00206	strand=+
2537_g               -           1064 3089at5820           -            632   8.9e-33  111.8  38.2   1   5      0.32        79   -0.3   5.2   180   338   195   364   158   370 0.62 length=1064	scaffold=scaffold00550	strand=+
2537_g               -           1064 3089at5820           -            632   8.9e-33  111.8  38.2   2   5     0.029       7.3    3.1   0.2   358   403   422   468   412   474 0.66 length=1064	scaffold=scaffold00550	strand=+
2537_g               -           1064 3089at5820           -            632   8.9e-33  111.8  38.2   3   5   4.6e-10   1.1e-07   28.9   3.0   441   549   459   571   448   604 0.85 length=1064	scaffold=scaffold00550	strand=+
2537_g               -           1064 3089at5820           -            632   8.9e-33  111.8  38.2   4   5   1.1e-23   2.6e-21   73.9   0.1   296   415   692   814   678   820 0.82 length=1064	scaffold=scaffold00550	strand=+
2537_g               -           1064 3089at5820           -            632   8.9e-33  111.8  38.2   5   5   1.3e-10   3.2e-08   30.7   0.4   464   557   819   910   814   971 0.82 length=1064	scaffold=scaffold00550	strand=+
3562_g               -            465 3089at5820           -            632   1.9e-28   97.5   0.0   1   2   5.8e-22   1.4e-19   68.2   0.0   315   414   250   348   205   353 0.89 length=465	scaffold=scaffold01184	strand=-
3562_g               -            465 3089at5820           -            632   1.9e-28   97.5   0.0   2   2   1.6e-09     4e-07   27.1   0.0   466   546   356   439   350   459 0.84 length=465	scaffold=scaffold01184	strand=-
687_g                -            439 3089at5820           -            632     2e-28   97.4   0.0   1   2     2e-23     5e-21   73.0   0.0   294   422   190   323   173   325 0.82 length=439	scaffold=scaffold00072	strand=-
687_g                -            439 3089at5820           -            632     2e-28   97.4   0.0   2   2   1.6e-09   4.1e-07   27.0   0.0   449   544   306   404   298   434 0.75 length=439	scaffold=scaffold00072	strand=-
2871_g               -            412 3089at5820           -            632   3.7e-28   96.6   0.0   1   2   1.5e-22   3.7e-20   70.1   0.0   315   422   189   295   179   297 0.91 length=412	scaffold=scaffold00715	strand=+
2871_g               -            412 3089at5820           -            632   3.7e-28   96.6   0.0   2   2     2e-09   5.1e-07   26.7   0.0   456   523   285   352   279   406 0.71 length=412	scaffold=scaffold00715	strand=+
2435_g               -            393 3089at5820           -            632   2.1e-27   94.1   0.0   1   2   6.4e-22   1.6e-19   68.0   0.0   315   422   174   280   144   282 0.89 length=393	scaffold=scaffold00511	strand=-
2435_g               -            393 3089at5820           -            632   2.1e-27   94.1   0.0   2   2   5.6e-09   1.4e-06   25.3   0.0   463   547   277   364   271   379 0.87 length=393	scaffold=scaffold00511	strand=-
3198_g               -            394 3089at5820           -            632   4.1e-27   93.1   0.0   1   2   4.4e-23   1.1e-20   71.9   0.0   314   422   172   279   157   281 0.91 length=394	scaffold=scaffold00911	strand=+
3198_g               -            394 3089at5820           -            632   4.1e-27   93.1   0.0   2   2   1.8e-07   4.5e-05   20.3   0.0   466   553   279   367   276   393 0.75 length=394	scaffold=scaffold00911	strand=+
3622_g               -           1227 3089at5820           -            632   1.1e-26   91.7  11.2   1   5   6.2e-08   1.5e-05   21.8   6.3   285   389   351   458   299   477 0.83 length=1227	scaffold=scaffold01231	strand=-
3622_g               -           1227 3089at5820           -            632   1.1e-26   91.7  11.2   2   5       1.6   3.9e+02   -2.6   4.8   150   212   549   612   539   646 0.80 length=1227	scaffold=scaffold01231	strand=-
3622_g               -           1227 3089at5820           -            632   1.1e-26   91.7  11.2   3   5   1.9e-22   4.8e-20   69.8   0.0   284   416   775   911   763   915 0.83 length=1227	scaffold=scaffold01231	strand=-
3622_g               -           1227 3089at5820           -            632   1.1e-26   91.7  11.2   4   5   2.6e-07   6.6e-05   19.8   0.0   463   505   914   956   910  1003 0.76 length=1227	scaffold=scaffold01231	strand=-
3622_g               -           1227 3089at5820           -            632   1.1e-26   91.7  11.2   5   5      0.64   1.6e+02   -1.3   1.9     8    71  1145  1210  1138  1222 0.77 length=1227	scaffold=scaffold01231	strand=-
1457_g               -            452 3089at5820           -            632   2.1e-26   90.8   0.0   1   3       2.6   6.6e+02   -3.4   1.7    59   254    52    72    16   113 0.59 length=452	scaffold=scaffold00217	strand=+
1457_g               -            452 3089at5820           -            632   2.1e-26   90.8   0.0   2   3   1.9e-20   4.8e-18   63.2   0.0   314   413   233   331   203   336 0.90 length=452	scaffold=scaffold00217	strand=+
1457_g               -            452 3089at5820           -            632   2.1e-26   90.8   0.0   3   3   1.6e-09     4e-07   27.1   0.0   454   543   328   420   324   449 0.80 length=452	scaffold=scaffold00217	strand=+
1654_g               -            771 3089at5820           -            632   1.5e-17   61.5  13.4   1   4     1e-12   2.6e-10   37.6   0.1   316   419   277   387   264   388 0.80 length=771	scaffold=scaffold00263	strand=-
1654_g               -            771 3089at5820           -            632   1.5e-17   61.5  13.4   2   4   4.3e-06    0.0011   15.7   0.0   463   515   387   439   384   483 0.89 length=771	scaffold=scaffold00263	strand=-
1654_g               -            771 3089at5820           -            632   1.5e-17   61.5  13.4   3   4   3.1e-06   0.00078   16.2   0.9   314   383   555   624   509   628 0.67 length=771	scaffold=scaffold00263	strand=-
1654_g               -            771 3089at5820           -            632   1.5e-17   61.5  13.4   4   4       1.8   4.5e+02   -2.8   1.2   190   246   657   716   637   740 0.48 length=771	scaffold=scaffold00263	strand=-
261_g                -            532 3089at5820           -            632    0.0001   19.1   0.2   1   2   8.5e-07   0.00021   18.1   0.0   311   354    61   106    35   132 0.77 length=532	scaffold=scaffold00019	strand=+
261_g                -            532 3089at5820           -            632    0.0001   19.1   0.2   2   2       3.2   7.9e+02   -3.6   0.0   232   246   286   300   285   341 0.56 length=532	scaffold=scaffold00019	strand=+
#
# Program:         hmmsearch
# Version:         3.1b2 (February 2015)
# Pipeline mode:   SEARCH
# Query file:      /export/home/bio1901/Documents/29_BINP/OrthoSearch/busco_downloads/lineages/plasmodium_odb10/hmms/3089at5820.hmm
# Target file:     Results/1_GeneSequences/PB.faa
# Option settings: /home/users/bio1901/miniconda3/envs/busco/bin/hmmsearch --domtblout /export/home/bio1901/Documents/29_BINP/OrthoSearch/PB/run_plasmodium_odb10/hmmer_output/3089at5820.out --cpu 1 /export/home/bio1901/Documents/29_BINP/OrthoSearch/busco_downloads/lineages/plasmodium_odb10/hmms/3089at5820.hmm Results/1_GeneSequences/PB.faa 
# Current dir:     /export/home/bio1901/Documents/29_BINP/OrthoSearch
# Date:            Sun Mar 15 17:56:24 2020
# [ok]
