#                                                                            --- full sequence --- -------------- this domain -------------   hmm coord   ali coord   env coord
# target name        accession   tlen query name           accession   qlen   E-value  score  bias   #  of  c-Evalue  i-Evalue  score  bias  from    to  from    to  from    to  acc description of target
#------------------- ---------- ----- -------------------- ---------- ----- --------- ------ ----- --- --- --------- --------- ------ ----- ----- ----- ----- ----- ----- ----- ---- ---------------------
2519_g               -            859 3105at5820           -            680  3.1e-286  948.9  26.8   1   3   1.8e-23   2.4e-20   70.2   4.5    28   159   144   315   136   332 0.78 length=859	scaffold=scaffold00543	strand=-	adjustedToFrame=2
2519_g               -            859 3105at5820           -            680  3.1e-286  948.9  26.8   2   3  3.6e-237  4.8e-234  776.4   8.4   147   569   340   760   307   765 0.93 length=859	scaffold=scaffold00543	strand=-	adjustedToFrame=2
2519_g               -            859 3105at5820           -            680  3.1e-286  948.9  26.8   3   3   1.7e-35   2.3e-32  110.0   0.6   601   680   767   848   762   848 0.94 length=859	scaffold=scaffold00543	strand=-	adjustedToFrame=2
2430_g               -            852 3105at5820           -            680   3.7e-86  287.7   9.1   1   2   2.8e-85   3.7e-82  274.5   4.7   157   530   214   597   115   690 0.91 length=852	scaffold=scaffold00509	strand=+
2430_g               -            852 3105at5820           -            680   3.7e-86  287.7   9.1   2   2   1.3e-06    0.0018   14.5   0.1   595   645   736   786   727   801 0.90 length=852	scaffold=scaffold00509	strand=+
3318_g               -            480 3105at5820           -            680   7.9e-09   32.2   0.1   1   2   5.9e-12   7.9e-09   32.2   0.1   165   242    61   138    43   145 0.91 length=480	scaffold=scaffold00991	strand=+
3318_g               -            480 3105at5820           -            680   7.9e-09   32.2   0.1   2   2       0.1   1.4e+02   -1.7   1.6   396   411   288   303   203   396 0.59 length=480	scaffold=scaffold00991	strand=+
#
# Program:         hmmsearch
# Version:         3.1b2 (February 2015)
# Pipeline mode:   SEARCH
# Query file:      /export/home/bio1901/Documents/29_BINP/OrthoSearch/busco_downloads/lineages/plasmodium_odb10/hmms/3105at5820.hmm
# Target file:     Results/1_GeneSequences/PB.faa
# Option settings: /home/users/bio1901/miniconda3/envs/busco/bin/hmmsearch --domtblout /export/home/bio1901/Documents/29_BINP/OrthoSearch/PB/run_plasmodium_odb10/hmmer_output/3105at5820.out --cpu 1 /export/home/bio1901/Documents/29_BINP/OrthoSearch/busco_downloads/lineages/plasmodium_odb10/hmms/3105at5820.hmm Results/1_GeneSequences/PB.faa 
# Current dir:     /export/home/bio1901/Documents/29_BINP/OrthoSearch
# Date:            Sun Mar 15 17:56:25 2020
# [ok]
