#                                                                            --- full sequence --- -------------- this domain -------------   hmm coord   ali coord   env coord
# target name        accession   tlen query name           accession   qlen   E-value  score  bias   #  of  c-Evalue  i-Evalue  score  bias  from    to  from    to  from    to  acc description of target
#------------------- ---------- ----- -------------------- ---------- ----- --------- ------ ----- --- --- --------- --------- ------ ----- ----- ----- ----- ----- ----- ----- ---- ---------------------
3843_g               -           1019 3113at5820           -            540  1.6e-188  625.5  71.8   1   5   6.3e-06    0.0023   14.4   5.5    54    91   290   329   281   353 0.77 length=1019	scaffold=scaffold01434	strand=-	adjustedToFrame=2
3843_g               -           1019 3113at5820           -            540  1.6e-188  625.5  71.8   2   5   0.00012     0.043   10.2   4.7    86   145   370   431   350   441 0.71 length=1019	scaffold=scaffold01434	strand=-	adjustedToFrame=2
3843_g               -           1019 3113at5820           -            540  1.6e-188  625.5  71.8   3   5   1.2e-43   4.3e-41  138.9   9.6   107   227   446   575   433   580 0.85 length=1019	scaffold=scaffold01434	strand=-	adjustedToFrame=2
3843_g               -           1019 3113at5820           -            540  1.6e-188  625.5  71.8   4   5  1.8e-128  6.5e-126  418.8  13.2   224   490   643   927   633   942 0.92 length=1019	scaffold=scaffold01434	strand=-	adjustedToFrame=2
3843_g               -           1019 3113at5820           -            540  1.6e-188  625.5  71.8   5   5   1.1e-23   4.1e-21   72.9   0.1   485   540   959  1017   946  1017 0.89 length=1019	scaffold=scaffold01434	strand=-	adjustedToFrame=2
1275_g               -            518 3113at5820           -            540   8.5e-15   52.1   5.0   1   3   1.2e-08   4.4e-06   23.4   1.5   148   224    23    96    11   109 0.85 length=518	scaffold=scaffold00176	strand=-
1275_g               -            518 3113at5820           -            540   8.5e-15   52.1   5.0   2   3   4.7e-09   1.7e-06   24.7   0.0   275   380   121   224   105   279 0.82 length=518	scaffold=scaffold00176	strand=-
1275_g               -            518 3113at5820           -            540   8.5e-15   52.1   5.0   3   3    0.0098       3.5    3.9   0.0   511   535   283   307   267   314 0.86 length=518	scaffold=scaffold00176	strand=-
3411_g               -            877 3113at5820           -            540   1.2e-14   51.6   1.1   1   3   0.00014     0.052    9.9   0.2   148   208   381   438   329   445 0.75 length=877	scaffold=scaffold01062	strand=-	adjustedToFrame=2
3411_g               -            877 3113at5820           -            540   1.2e-14   51.6   1.1   2   3   2.2e-13   7.9e-11   39.0   0.0   275   378   598   695   535   729 0.81 length=877	scaffold=scaffold01062	strand=-	adjustedToFrame=2
3411_g               -            877 3113at5820           -            540   1.2e-14   51.6   1.1   3   3      0.31   1.1e+02   -1.1   0.0   515   539   773   800   709   801 0.82 length=877	scaffold=scaffold01062	strand=-	adjustedToFrame=2
159_g                -            313 3113at5820           -            540   1.7e-10   37.9   4.4   1   3     0.012       4.4    3.6   0.1   144   177    39    72    16    95 0.79 length=313	scaffold=scaffold00009	strand=-	adjustedToFrame=2
159_g                -            313 3113at5820           -            540   1.7e-10   37.9   4.4   2   3   4.1e-09   1.5e-06   24.9   0.1   279   374   115   203   108   213 0.76 length=313	scaffold=scaffold00009	strand=-	adjustedToFrame=2
159_g                -            313 3113at5820           -            540   1.7e-10   37.9   4.4   3   3   0.00011      0.04   10.3   0.1   463   540   217   307   206   307 0.73 length=313	scaffold=scaffold00009	strand=-	adjustedToFrame=2
2376_g               -            462 3113at5820           -            540   3.2e-10   37.0   2.0   1   3   6.6e-05     0.024   11.0   0.5   148   212    82   147    65   164 0.76 length=462	scaffold=scaffold00492	strand=-
2376_g               -            462 3113at5820           -            540   3.2e-10   37.0   2.0   2   3   6.6e-09   2.4e-06   24.2   0.0   281   380   183   275   178   293 0.86 length=462	scaffold=scaffold00492	strand=-
2376_g               -            462 3113at5820           -            540   3.2e-10   37.0   2.0   3   3      0.45   1.6e+02   -1.6   0.0   512   539   308   338   279   339 0.79 length=462	scaffold=scaffold00492	strand=-
588_g                -            577 3113at5820           -            540   9.1e-10   35.5   1.4   1   2       3.8   1.4e+03   -4.7  13.3   148   225   280   363   153   374 0.60 length=577	scaffold=scaffold00058	strand=-
588_g                -            577 3113at5820           -            540   9.1e-10   35.5   1.4   2   2   2.5e-12   9.1e-10   35.5   1.4   282   446   386   542   372   567 0.73 length=577	scaffold=scaffold00058	strand=-
1688_g               -            647 3113at5820           -            540   3.3e-09   33.7   0.1   1   4     0.077        28    0.9   0.0   143   166    14    37     5    45 0.79 length=647	scaffold=scaffold00271	strand=-
1688_g               -            647 3113at5820           -            540   3.3e-09   33.7   0.1   2   4    0.0012      0.45    6.8   0.0   454   503   144   194   106   210 0.78 length=647	scaffold=scaffold00271	strand=-
1688_g               -            647 3113at5820           -            540   3.3e-09   33.7   0.1   3   4   3.9e-08   1.4e-05   21.7   0.0   279   352   208   281   195   323 0.85 length=647	scaffold=scaffold00271	strand=-
1688_g               -            647 3113at5820           -            540   3.3e-09   33.7   0.1   4   4      0.96   3.5e+02   -2.7   0.0   514   539   390   418   365   419 0.78 length=647	scaffold=scaffold00271	strand=-
1961_g               -            485 3113at5820           -            540   2.2e-08   30.9   0.3   1   3      0.13        47    0.2   0.1   130   207    22    99    10   110 0.68 length=485	scaffold=scaffold00349	strand=-
1961_g               -            485 3113at5820           -            540   2.2e-08   30.9   0.3   2   3   8.2e-09     3e-06   23.9   0.0   281   380   140   233   126   251 0.86 length=485	scaffold=scaffold00349	strand=-
1961_g               -            485 3113at5820           -            540   2.2e-08   30.9   0.3   3   3      0.02       7.3    2.8   0.0   512   539   266   296   238   297 0.87 length=485	scaffold=scaffold00349	strand=-
3874_g               -            126 3113at5820           -            540   1.6e-07   28.1   3.2   1   1   5.2e-10   1.9e-07   27.9   3.2   137   248     7   116     2   125 0.80 length=126	scaffold=scaffold01462	strand=+
2396_g               -            275 3113at5820           -            540   7.7e-06   22.5  10.2   1   2    0.0085       3.1    4.1   3.4   180   223    51    95    35    99 0.76 length=275	scaffold=scaffold00499	strand=-
2396_g               -            275 3113at5820           -            540   7.7e-06   22.5  10.2   2   2   2.6e-08   9.5e-06   22.2   0.6   278   326   128   173   100   184 0.82 length=275	scaffold=scaffold00499	strand=-
667_g                -            544 3113at5820           -            540   0.00018   18.0   0.0   1   3      0.16        58   -0.1   0.6   148   205   110   167    77   191 0.70 length=544	scaffold=scaffold00069	strand=-
667_g                -            544 3113at5820           -            540   0.00018   18.0   0.0   2   3   4.9e-07   0.00018   18.0   0.0   279   350   208   277   205   342 0.78 length=544	scaffold=scaffold00069	strand=-
667_g                -            544 3113at5820           -            540   0.00018   18.0   0.0   3   3      0.61   2.2e+02   -2.1   1.7   436   502   457   526   447   535 0.70 length=544	scaffold=scaffold00069	strand=-
#
# Program:         hmmsearch
# Version:         3.1b2 (February 2015)
# Pipeline mode:   SEARCH
# Query file:      /export/home/bio1901/Documents/29_BINP/OrthoSearch/busco_downloads/lineages/plasmodium_odb10/hmms/3113at5820.hmm
# Target file:     Results/1_GeneSequences/PB.faa
# Option settings: /home/users/bio1901/miniconda3/envs/busco/bin/hmmsearch --domtblout /export/home/bio1901/Documents/29_BINP/OrthoSearch/PB/run_plasmodium_odb10/hmmer_output/3113at5820.out --cpu 1 /export/home/bio1901/Documents/29_BINP/OrthoSearch/busco_downloads/lineages/plasmodium_odb10/hmms/3113at5820.hmm Results/1_GeneSequences/PB.faa 
# Current dir:     /export/home/bio1901/Documents/29_BINP/OrthoSearch
# Date:            Sun Mar 15 17:56:26 2020
# [ok]
