#                                                                            --- full sequence --- -------------- this domain -------------   hmm coord   ali coord   env coord
# target name        accession   tlen query name           accession   qlen   E-value  score  bias   #  of  c-Evalue  i-Evalue  score  bias  from    to  from    to  from    to  acc description of target
#------------------- ---------- ----- -------------------- ---------- ----- --------- ------ ----- --- --- --------- --------- ------ ----- ----- ----- ----- ----- ----- ----- ---- ---------------------
2902_g               -           1534 3141at5820           -            730  2.3e-208  691.9  68.3   1   7   5.3e-05      0.21    7.6   0.0    35    58     1    24     1    34 0.92 length=1534	scaffold=scaffold00730	strand=-	adjustedToFrame=2
2902_g               -           1534 3141at5820           -            730  2.3e-208  691.9  68.3   2   7  1.2e-117  4.8e-114  380.0   8.7    62   366   110   427   100   438 0.92 length=1534	scaffold=scaffold00730	strand=-	adjustedToFrame=2
2902_g               -           1534 3141at5820           -            730  2.3e-208  691.9  68.3   3   7   7.7e-21   3.1e-17   60.0   3.5   380   441   517   578   498   591 0.90 length=1534	scaffold=scaffold00730	strand=-	adjustedToFrame=2
2902_g               -           1534 3141at5820           -            730  2.3e-208  691.9  68.3   4   7   8.9e-38   3.6e-34  116.0   1.0   436   562   673   814   629   819 0.84 length=1534	scaffold=scaffold00730	strand=-	adjustedToFrame=2
2902_g               -           1534 3141at5820           -            730  2.3e-208  691.9  68.3   5   7         1     4e+03  -16.2  14.5   106   122   898   914   854   953 0.44 length=1534	scaffold=scaffold00730	strand=-	adjustedToFrame=2
2902_g               -           1534 3141at5820           -            730  2.3e-208  691.9  68.3   6   7   2.8e-07    0.0011   15.2   0.2   556   609  1144  1197  1101  1205 0.83 length=1534	scaffold=scaffold00730	strand=-	adjustedToFrame=2
2902_g               -           1534 3141at5820           -            730  2.3e-208  691.9  68.3   7   7   6.6e-49   2.6e-45  152.8   4.7   608   730  1410  1533  1400  1533 0.93 length=1534	scaffold=scaffold00730	strand=-	adjustedToFrame=2
#
# Program:         hmmsearch
# Version:         3.1b2 (February 2015)
# Pipeline mode:   SEARCH
# Query file:      /export/home/bio1901/Documents/29_BINP/OrthoSearch/busco_downloads/lineages/plasmodium_odb10/hmms/3141at5820.hmm
# Target file:     Results/1_GeneSequences/PB.faa
# Option settings: /home/users/bio1901/miniconda3/envs/busco/bin/hmmsearch --domtblout /export/home/bio1901/Documents/29_BINP/OrthoSearch/PB/run_plasmodium_odb10/hmmer_output/3141at5820.out --cpu 1 /export/home/bio1901/Documents/29_BINP/OrthoSearch/busco_downloads/lineages/plasmodium_odb10/hmms/3141at5820.hmm Results/1_GeneSequences/PB.faa 
# Current dir:     /export/home/bio1901/Documents/29_BINP/OrthoSearch
# Date:            Sun Mar 15 17:56:38 2020
# [ok]
