#                                                                            --- full sequence --- -------------- this domain -------------   hmm coord   ali coord   env coord
# target name        accession   tlen query name           accession   qlen   E-value  score  bias   #  of  c-Evalue  i-Evalue  score  bias  from    to  from    to  from    to  acc description of target
#------------------- ---------- ----- -------------------- ---------- ----- --------- ------ ----- --- --- --------- --------- ------ ----- ----- ----- ----- ----- ----- ----- ---- ---------------------
1063_g               -           1312 3177at5820           -            625  3.2e-172  572.0 210.6   1   7   4.8e-18   1.5e-15   54.5  22.2     1    81    79   160    79   174 0.88 length=1312	scaffold=scaffold00132	strand=-	adjustedToFrame=2
1063_g               -           1312 3177at5820           -            625  3.2e-172  572.0 210.6   2   7    0.0082       2.5    4.2  22.5    12   115   297   420   280   452 0.64 length=1312	scaffold=scaffold00132	strand=-	adjustedToFrame=2
1063_g               -           1312 3177at5820           -            625  3.2e-172  572.0 210.6   3   7   1.9e-15   5.8e-13   46.0  12.7    88   170   431   512   421   518 0.82 length=1312	scaffold=scaffold00132	strand=-	adjustedToFrame=2
1063_g               -           1312 3177at5820           -            625  3.2e-172  572.0 210.6   4   7   1.9e-21   5.7e-19   65.8  16.4   149   281   580   709   547   722 0.74 length=1312	scaffold=scaffold00132	strand=-	adjustedToFrame=2
1063_g               -           1312 3177at5820           -            625  3.2e-172  572.0 210.6   5   7   1.3e-35   4.1e-33  112.5  26.6   210   343   739   905   723   907 0.80 length=1312	scaffold=scaffold00132	strand=-	adjustedToFrame=2
1063_g               -           1312 3177at5820           -            625  3.2e-172  572.0 210.6   6   7   3.7e-13   1.1e-10   38.4  11.8   334   429   945  1039   938  1067 0.69 length=1312	scaffold=scaffold00132	strand=-	adjustedToFrame=2
1063_g               -           1312 3177at5820           -            625  3.2e-172  572.0 210.6   7   7   6.5e-89     2e-86  288.6  31.4   413   625  1106  1303  1099  1303 0.94 length=1312	scaffold=scaffold00132	strand=-	adjustedToFrame=2
2156_g               -            475 3177at5820           -            625   1.9e-19   67.3   2.8   1   4      0.15        45    0.1   0.0   183   201   104   122    97   178 0.86 length=475	scaffold=scaffold00410	strand=+
2156_g               -            475 3177at5820           -            625   1.9e-19   67.3   2.8   2   4   4.2e-07   0.00013   18.4   0.3   289   373   188   269   179   281 0.78 length=475	scaffold=scaffold00410	strand=+
2156_g               -            475 3177at5820           -            625   1.9e-19   67.3   2.8   3   4     0.057        18    1.4   0.0   462   487   260   286   251   300 0.75 length=475	scaffold=scaffold00410	strand=+
2156_g               -            475 3177at5820           -            625   1.9e-19   67.3   2.8   4   4   1.6e-15   4.8e-13   46.2   0.0   529   610   377   458   367   474 0.84 length=475	scaffold=scaffold00410	strand=+
2407_g               -            396 3177at5820           -            625   2.6e-19   66.9   0.4   1   3   8.5e-09   2.6e-06   24.0   0.2   284   443   111   267   103   277 0.80 length=396	scaffold=scaffold00502	strand=+
2407_g               -            396 3177at5820           -            625   2.6e-19   66.9   0.4   2   3      0.09        27    0.8   0.0   474   495   262   283   242   302 0.75 length=396	scaffold=scaffold00502	strand=+
2407_g               -            396 3177at5820           -            625   2.6e-19   66.9   0.4   3   3   1.1e-13   3.4e-11   40.1   0.0   540   599   312   371   296   387 0.87 length=396	scaffold=scaffold00502	strand=+
1618_g               -            391 3177at5820           -            625   4.1e-15   53.1   3.6   1   3       0.8   2.4e+02   -2.4   0.0   179   202    58    81    55   105 0.63 length=391	scaffold=scaffold00254	strand=-
1618_g               -            391 3177at5820           -            625   4.1e-15   53.1   3.6   2   3   1.2e-06   0.00037   16.9   0.1   279   365   103   182    76   199 0.86 length=391	scaffold=scaffold00254	strand=-
1618_g               -            391 3177at5820           -            625   4.1e-15   53.1   3.6   3   3   3.7e-12   1.1e-09   35.1   0.6   540   596   309   365   237   384 0.90 length=391	scaffold=scaffold00254	strand=-
1925_g               -            866 3177at5820           -            625   1.6e-14   51.1   4.6   1   3   0.00016     0.048    9.9   0.3   151   251   320   421   316   427 0.64 length=866	scaffold=scaffold00338	strand=-
1925_g               -            866 3177at5820           -            625   1.6e-14   51.1   4.6   2   3     4e-05     0.012   11.8   0.0   287   356   429   491   423   501 0.84 length=866	scaffold=scaffold00338	strand=-
1925_g               -            866 3177at5820           -            625   1.6e-14   51.1   4.6   3   3   1.7e-10   5.3e-08   29.6   0.1   540   602   661   722   652   738 0.86 length=866	scaffold=scaffold00338	strand=-
2139_g               -            551 3177at5820           -            625   4.7e-13   46.2  12.6   1   4       0.2        62   -0.4   0.0   109   147   123   160   118   165 0.83 length=551	scaffold=scaffold00403	strand=+
2139_g               -            551 3177at5820           -            625   4.7e-13   46.2  12.6   2   4   2.7e-06   0.00082   15.7   0.2   252   359   183   287   176   298 0.78 length=551	scaffold=scaffold00403	strand=+
2139_g               -            551 3177at5820           -            625   4.7e-13   46.2  12.6   3   4      0.49   1.5e+02   -1.7   0.5   142   168   362   388   306   395 0.67 length=551	scaffold=scaffold00403	strand=+
2139_g               -            551 3177at5820           -            625   4.7e-13   46.2  12.6   4   4   1.8e-12   5.4e-10   36.1   0.4   538   600   428   490   415   517 0.81 length=551	scaffold=scaffold00403	strand=+
4074_g               -            889 3177at5820           -            625     1e-11   41.8  31.8   1   5     0.034        10    2.2   0.0   182   200   104   122    70   127 0.88 length=889	scaffold=scaffold01665	strand=-	adjustedToFrame=3
4074_g               -            889 3177at5820           -            625     1e-11   41.8  31.8   2   5   3.3e-08     1e-05   22.0   1.6   282   369   154   233   142   262 0.79 length=889	scaffold=scaffold01665	strand=-	adjustedToFrame=3
4074_g               -            889 3177at5820           -            625     1e-11   41.8  31.8   3   5   2.5e-11   7.8e-09   32.3   1.2   532   599   352   420   345   434 0.82 length=889	scaffold=scaffold01665	strand=-	adjustedToFrame=3
4074_g               -            889 3177at5820           -            625     1e-11   41.8  31.8   4   5      0.16        50   -0.1   0.3   420   451   424   455   416   462 0.83 length=889	scaffold=scaffold01665	strand=-	adjustedToFrame=3
4074_g               -            889 3177at5820           -            625     1e-11   41.8  31.8   5   5         1   3.2e+02   -2.7   9.7    11    68   665   723   655   751 0.62 length=889	scaffold=scaffold01665	strand=-	adjustedToFrame=3
207_g                -            641 3177at5820           -            625   8.2e-11   38.8  10.6   1   4      0.69   2.1e+02   -2.1   3.3    17    46   118   147    59   232 0.48 length=641	scaffold=scaffold00014	strand=+
207_g                -            641 3177at5820           -            625   8.2e-11   38.8  10.6   2   4   2.9e-06   0.00088   15.6   0.0   295   366   309   373   297   440 0.81 length=641	scaffold=scaffold00014	strand=+
207_g                -            641 3177at5820           -            625   8.2e-11   38.8  10.6   3   4      0.14        44    0.1   0.0   473   507   446   482   427   494 0.69 length=641	scaffold=scaffold00014	strand=+
207_g                -            641 3177at5820           -            625   8.2e-11   38.8  10.6   4   4   1.9e-09   5.8e-07   26.1   0.1   541   595   498   552   492   562 0.88 length=641	scaffold=scaffold00014	strand=+
3826_g               -           1126 3177at5820           -            625   7.2e-10   35.7   0.1   1   3       1.2   3.8e+02   -3.0   0.0   183   202   745   764   738   773 0.82 length=1126	scaffold=scaffold01419	strand=-	adjustedToFrame=3
3826_g               -           1126 3177at5820           -            625   7.2e-10   35.7   0.1   2   3   8.5e-05     0.026   10.8   0.0   295   356   810   864   799   874 0.81 length=1126	scaffold=scaffold01419	strand=-	adjustedToFrame=3
3826_g               -           1126 3177at5820           -            625   7.2e-10   35.7   0.1   3   3   2.7e-11   8.3e-09   32.2   0.0   540   591  1022  1073   974  1092 0.87 length=1126	scaffold=scaffold01419	strand=-	adjustedToFrame=3
1035_g               -            652 3177at5820           -            625   3.3e-09   33.5  23.0   1   4      0.97     3e+02   -2.6   1.3    31    68   198   235   166   264 0.56 length=652	scaffold=scaffold00126	strand=-	adjustedToFrame=2
1035_g               -            652 3177at5820           -            625   3.3e-09   33.5  23.0   2   4    0.0054       1.7    4.8   0.1   183   217   278   314   271   359 0.60 length=652	scaffold=scaffold00126	strand=-	adjustedToFrame=2
1035_g               -            652 3177at5820           -            625   3.3e-09   33.5  23.0   3   4   0.00051      0.16    8.2   0.8   284   363   359   431   345   489 0.78 length=652	scaffold=scaffold00126	strand=-	adjustedToFrame=2
1035_g               -            652 3177at5820           -            625   3.3e-09   33.5  23.0   4   4   4.1e-11   1.3e-08   31.6   5.5   493   607   505   633   471   642 0.62 length=652	scaffold=scaffold00126	strand=-	adjustedToFrame=2
1091_g               -            493 3177at5820           -            625   1.1e-08   31.9   8.0   1   2   9.1e-06    0.0028   14.0   0.4   307   427   226   351   201   369 0.70 length=493	scaffold=scaffold00138	strand=-
1091_g               -            493 3177at5820           -            625   1.1e-08   31.9   8.0   2   2   1.9e-10   5.8e-08   29.4   2.2   539   598   408   467   333   488 0.69 length=493	scaffold=scaffold00138	strand=-
3792_g               -            650 3177at5820           -            625   7.6e-08   29.0  28.9   1   2      0.48   1.5e+02   -1.6  16.6   176   295    88   212    61   225 0.62 length=650	scaffold=scaffold01388	strand=-	adjustedToFrame=2
3792_g               -            650 3177at5820           -            625   7.6e-08   29.0  28.9   2   2   2.5e-10   7.6e-08   29.0  28.9   210   434   333   550   330   574 0.74 length=650	scaffold=scaffold01388	strand=-	adjustedToFrame=2
2422_g               -            654 3177at5820           -            625   7.8e-06   22.4   9.3   1   4      0.21        65   -0.5   0.0   182   205   283   306   276   311 0.89 length=654	scaffold=scaffold00506	strand=-
2422_g               -            654 3177at5820           -            625   7.8e-06   22.4   9.3   2   4   0.00074      0.23    7.7   0.0   227   257   305   335   297   342 0.84 length=654	scaffold=scaffold00506	strand=-
2422_g               -            654 3177at5820           -            625   7.8e-06   22.4   9.3   3   4   5.2e-06    0.0016   14.8   0.5   309   357   353   401   342   436 0.83 length=654	scaffold=scaffold00506	strand=-
2422_g               -            654 3177at5820           -            625   7.8e-06   22.4   9.3   4   4   1.2e-07   3.7e-05   20.2   2.7   537   598   532   594   464   613 0.72 length=654	scaffold=scaffold00506	strand=-
#
# Program:         hmmsearch
# Version:         3.1b2 (February 2015)
# Pipeline mode:   SEARCH
# Query file:      /export/home/bio1901/Documents/29_BINP/OrthoSearch/busco_downloads/lineages/plasmodium_odb10/hmms/3177at5820.hmm
# Target file:     Results/1_GeneSequences/PB.faa
# Option settings: /home/users/bio1901/miniconda3/envs/busco/bin/hmmsearch --domtblout /export/home/bio1901/Documents/29_BINP/OrthoSearch/PB/run_plasmodium_odb10/hmmer_output/3177at5820.out --cpu 1 /export/home/bio1901/Documents/29_BINP/OrthoSearch/busco_downloads/lineages/plasmodium_odb10/hmms/3177at5820.hmm Results/1_GeneSequences/PB.faa 
# Current dir:     /export/home/bio1901/Documents/29_BINP/OrthoSearch
# Date:            Sun Mar 15 17:56:40 2020
# [ok]
