#                                                                            --- full sequence --- -------------- this domain -------------   hmm coord   ali coord   env coord
# target name        accession   tlen query name           accession   qlen   E-value  score  bias   #  of  c-Evalue  i-Evalue  score  bias  from    to  from    to  from    to  acc description of target
#------------------- ---------- ----- -------------------- ---------- ----- --------- ------ ----- --- --- --------- --------- ------ ----- ----- ----- ----- ----- ----- ----- ---- ---------------------
2430_g               -            852 3194at5820           -            645         0 1027.0  34.0   1   4     0.075     1e+02   -1.2   0.0    30    55    56    81    50   128 0.80 length=852	scaffold=scaffold00509	strand=+
2430_g               -            852 3194at5820           -            645         0 1027.0  34.0   2   4   0.00054      0.72    5.9   1.2    58    92   134   172    93   191 0.79 length=852	scaffold=scaffold00509	strand=+
2430_g               -            852 3194at5820           -            645         0 1027.0  34.0   3   4  1.3e-274  1.7e-271  900.0   9.2    92   546   202   689   188   698 0.95 length=852	scaffold=scaffold00509	strand=+
2430_g               -            852 3194at5820           -            645         0 1027.0  34.0   4   4   5.7e-42   7.6e-39  131.4   7.4   544   643   740   846   732   848 0.93 length=852	scaffold=scaffold00509	strand=+
2519_g               -            859 3194at5820           -            645     1e-82  276.3   6.2   1   3         3     4e+03  -12.2  10.2   614   639    15    40     5    69 0.53 length=859	scaffold=scaffold00543	strand=-	adjustedToFrame=2
2519_g               -            859 3194at5820           -            645     1e-82  276.3   6.2   2   3   7.9e-86     1e-82  276.3   6.2   104   469   350   721   313   745 0.91 length=859	scaffold=scaffold00543	strand=-	adjustedToFrame=2
2519_g               -            859 3194at5820           -            645     1e-82  276.3   6.2   3   3   0.00064      0.85    5.6   0.3   547   595   768   820   756   850 0.78 length=859	scaffold=scaffold00543	strand=-	adjustedToFrame=2
3318_g               -            480 3194at5820           -            645   3.7e-07   26.7   6.1   1   3   1.1e-09   1.4e-06   24.7   0.1   113   178    62   127    43   150 0.86 length=480	scaffold=scaffold00991	strand=+
3318_g               -            480 3194at5820           -            645   3.7e-07   26.7   6.1   2   3    0.0054       7.2    2.6   1.8   295   374   231   314   200   345 0.71 length=480	scaffold=scaffold00991	strand=+
3318_g               -            480 3194at5820           -            645   3.7e-07   26.7   6.1   3   3     0.048        64   -0.6   0.4    45    89   315   362   297   377 0.76 length=480	scaffold=scaffold00991	strand=+
#
# Program:         hmmsearch
# Version:         3.1b2 (February 2015)
# Pipeline mode:   SEARCH
# Query file:      /export/home/bio1901/Documents/29_BINP/OrthoSearch/busco_downloads/lineages/plasmodium_odb10/hmms/3194at5820.hmm
# Target file:     Results/1_GeneSequences/PB.faa
# Option settings: /home/users/bio1901/miniconda3/envs/busco/bin/hmmsearch --domtblout /export/home/bio1901/Documents/29_BINP/OrthoSearch/PB/run_plasmodium_odb10/hmmer_output/3194at5820.out --cpu 1 /export/home/bio1901/Documents/29_BINP/OrthoSearch/busco_downloads/lineages/plasmodium_odb10/hmms/3194at5820.hmm Results/1_GeneSequences/PB.faa 
# Current dir:     /export/home/bio1901/Documents/29_BINP/OrthoSearch
# Date:            Sun Mar 15 17:56:41 2020
# [ok]
