#                                                                            --- full sequence --- -------------- this domain -------------   hmm coord   ali coord   env coord
# target name        accession   tlen query name           accession   qlen   E-value  score  bias   #  of  c-Evalue  i-Evalue  score  bias  from    to  from    to  from    to  acc description of target
#------------------- ---------- ----- -------------------- ---------- ----- --------- ------ ----- --- --- --------- --------- ------ ----- ----- ----- ----- ----- ----- ----- ---- ---------------------
1292_g               -           1180 3196at5820           -            672  1.8e-176  586.1 104.1   1   4   1.3e-85   3.8e-83  277.7  28.1     1   222     1   224     1   239 0.97 length=1180	scaffold=scaffold00180	strand=-
1292_g               -           1180 3196at5820           -            672  1.8e-176  586.1 104.1   2   4   9.9e-50   2.8e-47  159.2  30.8   213   396   455   651   449   662 0.80 length=1180	scaffold=scaffold00180	strand=-
1292_g               -           1180 3196at5820           -            672  1.8e-176  586.1 104.1   3   4   2.9e-15   8.2e-13   45.3   6.3   417   468   906   958   873   960 0.77 length=1180	scaffold=scaffold00180	strand=-
1292_g               -           1180 3196at5820           -            672  1.8e-176  586.1 104.1   4   4   6.4e-47   1.8e-44  149.9  14.9   516   671   958  1155   956  1156 0.81 length=1180	scaffold=scaffold00180	strand=-
2951_g               -            907 3196at5820           -            672   6.2e-24   82.0  30.6   1   4    0.0071         2    4.3  19.1    33   171    16   168     9   253 0.70 length=907	scaffold=scaffold00756	strand=+
2951_g               -            907 3196at5820           -            672   6.2e-24   82.0  30.6   2   4       7.4   2.1e+03   -5.6  17.4   164   274   372   477   356   487 0.65 length=907	scaffold=scaffold00756	strand=+
2951_g               -            907 3196at5820           -            672   6.2e-24   82.0  30.6   3   4   5.1e-19   1.5e-16   57.7  30.4   208   538   512   830   478   840 0.70 length=907	scaffold=scaffold00756	strand=+
2951_g               -            907 3196at5820           -            672   6.2e-24   82.0  30.6   4   4   4.4e-11   1.3e-08   31.5   0.0   574   614   839   879   831   888 0.82 length=907	scaffold=scaffold00756	strand=+
659_g                -            370 3196at5820           -            672   1.3e-21   74.4  71.0   1   6   4.1e-07   0.00012   18.4  12.2    38   128     2    92     1    96 0.92 length=370	scaffold=scaffold00067	strand=-
659_g                -            370 3196at5820           -            672   1.3e-21   74.4  71.0   2   6   3.9e-10   1.1e-07   28.3  10.7    35   112    68   144    67   147 0.92 length=370	scaffold=scaffold00067	strand=-
659_g                -            370 3196at5820           -            672   1.3e-21   74.4  71.0   3   6   8.6e-07   0.00025   17.3   7.7    35   112    91   165    91   174 0.78 length=370	scaffold=scaffold00067	strand=-
659_g                -            370 3196at5820           -            672   1.3e-21   74.4  71.0   4   6   3.8e-08   1.1e-05   21.8  13.7    37   105   172   239   163   241 0.91 length=370	scaffold=scaffold00067	strand=-
659_g                -            370 3196at5820           -            672   1.3e-21   74.4  71.0   5   6     2e-08   5.7e-06   22.7   7.7    36    97   240   300   237   301 0.93 length=370	scaffold=scaffold00067	strand=-
659_g                -            370 3196at5820           -            672   1.3e-21   74.4  71.0   6   6   1.4e-09     4e-07   26.5   5.1    35    95   285   345   284   351 0.95 length=370	scaffold=scaffold00067	strand=-
1755_g               -            253 3196at5820           -            672   1.6e-19   67.5  13.3   1   2   3.3e-15   9.5e-13   45.1   0.8    37   118    49   130    25   137 0.86 length=253	scaffold=scaffold00289	strand=-
1755_g               -            253 3196at5820           -            672   1.6e-19   67.5  13.3   2   2   8.9e-10   2.5e-07   27.2   5.9    36   102   163   231   160   242 0.91 length=253	scaffold=scaffold00289	strand=-
1516_g               -           1695 3196at5820           -            672   3.4e-16   56.5  47.8   1   4   3.6e-06     0.001   15.2   3.5    43   111   447   491   424   530 0.64 length=1695	scaffold=scaffold00231	strand=+
1516_g               -           1695 3196at5820           -            672   3.4e-16   56.5  47.8   2   4   1.9e-09   5.5e-07   26.0   8.4   269   398  1229  1367  1165  1375 0.79 length=1695	scaffold=scaffold00231	strand=+
1516_g               -           1695 3196at5820           -            672   3.4e-16   56.5  47.8   3   4   3.4e-06   0.00097   15.3   3.0   447   537  1465  1564  1413  1570 0.75 length=1695	scaffold=scaffold00231	strand=+
1516_g               -           1695 3196at5820           -            672   3.4e-16   56.5  47.8   4   4   1.3e-08   3.6e-06   23.4   0.0   575   667  1576  1673  1565  1678 0.70 length=1695	scaffold=scaffold00231	strand=+
2376_g               -            462 3196at5820           -            672   7.7e-15   52.0   7.5   1   2   1.4e-11   4.1e-09   33.1   5.7   427   538   113   228    89   241 0.79 length=462	scaffold=scaffold00492	strand=-
2376_g               -            462 3196at5820           -            672   7.7e-15   52.0   7.5   2   2   3.4e-07   9.7e-05   18.6   0.0   582   618   244   281   230   334 0.74 length=462	scaffold=scaffold00492	strand=-
1282_g               -            569 3196at5820           -            672   9.9e-12   41.7   3.0   1   3       1.6   4.5e+02   -3.4   0.3   457   457   118   118    64   161 0.54 length=569	scaffold=scaffold00177	strand=+
1282_g               -            569 3196at5820           -            672   9.9e-12   41.7   3.0   2   3   1.6e-09   4.5e-07   26.3   0.2   428   539   290   402   276   410 0.76 length=569	scaffold=scaffold00177	strand=+
1282_g               -            569 3196at5820           -            672   9.9e-12   41.7   3.0   3   3   2.3e-06   0.00066   15.9   0.0   577   616   410   449   401   457 0.82 length=569	scaffold=scaffold00177	strand=+
159_g                -            313 3196at5820           -            672   8.8e-10   35.3   1.3   1   2   6.2e-11   1.8e-08   31.0   0.8   452   536    73   158    67   171 0.91 length=313	scaffold=scaffold00009	strand=-	adjustedToFrame=2
159_g                -            313 3196at5820           -            672   8.8e-10   35.3   1.3   2   2     0.023       6.6    2.6   0.0   580   614   174   209   165   227 0.82 length=313	scaffold=scaffold00009	strand=-	adjustedToFrame=2
61_g                 -            877 3196at5820           -            672   7.1e-09   32.3  14.8   1   4     0.032       9.2    2.2   0.2   162   217   235   289   214   328 0.72 length=877	scaffold=scaffold00003	strand=+
61_g                 -            877 3196at5820           -            672   7.1e-09   32.3  14.8   2   4   1.2e-10   3.5e-08   30.0  11.6   425   540   451   567   403   573 0.87 length=877	scaffold=scaffold00003	strand=+
61_g                 -            877 3196at5820           -            672   7.1e-09   32.3  14.8   3   4   2.7e-05    0.0077   12.3   0.1   570   622   569   624   564   669 0.69 length=877	scaffold=scaffold00003	strand=+
61_g                 -            877 3196at5820           -            672   7.1e-09   32.3  14.8   4   4       2.9   8.2e+02   -4.3   2.7   395   395   760   760   713   846 0.47 length=877	scaffold=scaffold00003	strand=+
667_g                -            544 3196at5820           -            672     2e-08   30.8  10.9   1   3   1.4e-06   0.00041   16.6   1.0   437   539   150   256   126   266 0.77 length=544	scaffold=scaffold00069	strand=-
667_g                -            544 3196at5820           -            672     2e-08   30.8  10.9   2   3   7.6e-08   2.2e-05   20.8   0.0   584   621   272   311   257   354 0.75 length=544	scaffold=scaffold00069	strand=-
667_g                -            544 3196at5820           -            672     2e-08   30.8  10.9   3   3      0.81   2.3e+02   -2.5   1.0   162   162   467   467   411   526 0.53 length=544	scaffold=scaffold00069	strand=-
1764_g               -            234 3196at5820           -            672   3.5e-06   23.4   0.0   1   1   2.2e-08   6.3e-06   22.5   0.0   580   618    38    78    20   104 0.86 length=234	scaffold=scaffold00292	strand=+	adjustedToFrame=2
2410_g               -            133 3196at5820           -            672     1e-05   21.8   0.1   1   2     0.021         6    2.8   0.0   518   547     2    32     1    37 0.83 length=133	scaffold=scaffold00503	strand=-
2410_g               -            133 3196at5820           -            672     1e-05   21.8   0.1   2   2   6.8e-07   0.00019   17.6   0.0   581   634    38    93    32   132 0.75 length=133	scaffold=scaffold00503	strand=-
899_g                -            123 3196at5820           -            672   0.00045   16.4   2.3   1   1   1.8e-06   0.00051   16.2   2.3   466   535    16    86    10   107 0.73 length=123	scaffold=scaffold00103	strand=-
3174_g               -            386 3196at5820           -            672     0.023   10.8  29.0   1   3   2.2e-05    0.0062   12.7   2.0    38    64    63    89    53   106 0.89 length=386	scaffold=scaffold00896	strand=+
3174_g               -            386 3196at5820           -            672     0.023   10.8  29.0   2   3      0.24        67   -0.7   5.4   214   272   226   283   208   328 0.67 length=386	scaffold=scaffold00896	strand=+
3174_g               -            386 3196at5820           -            672     0.023   10.8  29.0   3   3   0.00012     0.034   10.2   6.3    40    88   331   378   325   382 0.87 length=386	scaffold=scaffold00896	strand=+
#
# Program:         hmmsearch
# Version:         3.1b2 (February 2015)
# Pipeline mode:   SEARCH
# Query file:      /export/home/bio1901/Documents/29_BINP/OrthoSearch/busco_downloads/lineages/plasmodium_odb10/hmms/3196at5820.hmm
# Target file:     Results/1_GeneSequences/PB.faa
# Option settings: /home/users/bio1901/miniconda3/envs/busco/bin/hmmsearch --domtblout /export/home/bio1901/Documents/29_BINP/OrthoSearch/PB/run_plasmodium_odb10/hmmer_output/3196at5820.out --cpu 1 /export/home/bio1901/Documents/29_BINP/OrthoSearch/busco_downloads/lineages/plasmodium_odb10/hmms/3196at5820.hmm Results/1_GeneSequences/PB.faa 
# Current dir:     /export/home/bio1901/Documents/29_BINP/OrthoSearch
# Date:            Sun Mar 15 17:56:42 2020
# [ok]
