#                                                                            --- full sequence --- -------------- this domain -------------   hmm coord   ali coord   env coord
# target name        accession   tlen query name           accession   qlen   E-value  score  bias   #  of  c-Evalue  i-Evalue  score  bias  from    to  from    to  from    to  acc description of target
#------------------- ---------- ----- -------------------- ---------- ----- --------- ------ ----- --- --- --------- --------- ------ ----- ----- ----- ----- ----- ----- ----- ---- ---------------------
440_g                -           1399 3205at5820           -            970         0 1127.9 256.2   1   7         3     4e+03  -13.1  14.3   441   545    23   146     5   167 0.40 length=1399	scaffold=scaffold00039	strand=-
440_g                -           1399 3205at5820           -            970         0 1127.9 256.2   2   7   4.2e-44   5.6e-41  138.3  28.6    24   159   164   307   145   324 0.73 length=1399	scaffold=scaffold00039	strand=-
440_g                -           1399 3205at5820           -            970         0 1127.9 256.2   3   7    8e-152  1.1e-148  494.8  97.1   138   566   312   841   303   849 0.89 length=1399	scaffold=scaffold00039	strand=-
440_g                -           1399 3205at5820           -            970         0 1127.9 256.2   4   7   2.7e-20   3.5e-17   59.5  14.0   535   598   912   978   900   980 0.78 length=1399	scaffold=scaffold00039	strand=-
440_g                -           1399 3205at5820           -            970         0 1127.9 256.2   5   7     8e-15   1.1e-11   41.4   0.9   643   683   981  1022   978  1036 0.86 length=1399	scaffold=scaffold00039	strand=-
440_g                -           1399 3205at5820           -            970         0 1127.9 256.2   6   7  3.8e-106  5.1e-103  343.6  46.6   681   909  1048  1284  1034  1292 0.90 length=1399	scaffold=scaffold00039	strand=-
440_g                -           1399 3205at5820           -            970         0 1127.9 256.2   7   7   1.5e-28     2e-25   86.8  18.4   878   970  1303  1398  1301  1398 0.85 length=1399	scaffold=scaffold00039	strand=-
1997_g               -            620 3205at5820           -            970   2.2e-09   33.7  17.3   1   4   7.6e-05       0.1    8.3   0.0   640   675   122   158   108   168 0.78 length=620	scaffold=scaffold00360	strand=-
1997_g               -            620 3205at5820           -            970   2.2e-09   33.7  17.3   2   4   1.6e-06    0.0021   13.9   2.4   314   404   206   297   177   304 0.83 length=620	scaffold=scaffold00360	strand=-
1997_g               -            620 3205at5820           -            970   2.2e-09   33.7  17.3   3   4   0.00043      0.57    5.9   0.1   112   133   387   408   364   422 0.69 length=620	scaffold=scaffold00360	strand=-
1997_g               -            620 3205at5820           -            970   2.2e-09   33.7  17.3   4   4   2.7e-06    0.0036   13.1   1.5   288   412   436   556   428   566 0.81 length=620	scaffold=scaffold00360	strand=-
1950_g               -            905 3205at5820           -            970   1.9e-07   27.3  26.4   1   5         3     4e+03  -17.9  23.5   201   289    26   111     4   164 0.50 length=905	scaffold=scaffold00346	strand=+
1950_g               -            905 3205at5820           -            970   1.9e-07   27.3  26.4   2   5   3.9e-05     0.051    9.3  14.4    40   153   178   307   151   370 0.55 length=905	scaffold=scaffold00346	strand=+
1950_g               -            905 3205at5820           -            970   1.9e-07   27.3  26.4   3   5     0.003         4    3.1  33.0   258   420   340   504   304   661 0.74 length=905	scaffold=scaffold00346	strand=+
1950_g               -            905 3205at5820           -            970   1.9e-07   27.3  26.4   4   5     7e-08   9.2e-05   18.4  11.3    76   177   676   777   671   799 0.90 length=905	scaffold=scaffold00346	strand=+
1950_g               -            905 3205at5820           -            970   1.9e-07   27.3  26.4   5   5   1.6e-09   2.2e-06   23.8   7.2   737   844   763   873   752   899 0.79 length=905	scaffold=scaffold00346	strand=+
#
# Program:         hmmsearch
# Version:         3.1b2 (February 2015)
# Pipeline mode:   SEARCH
# Query file:      /export/home/bio1901/Documents/29_BINP/OrthoSearch/busco_downloads/lineages/plasmodium_odb10/hmms/3205at5820.hmm
# Target file:     Results/1_GeneSequences/PB.faa
# Option settings: /home/users/bio1901/miniconda3/envs/busco/bin/hmmsearch --domtblout /export/home/bio1901/Documents/29_BINP/OrthoSearch/PB/run_plasmodium_odb10/hmmer_output/3205at5820.out --cpu 1 /export/home/bio1901/Documents/29_BINP/OrthoSearch/busco_downloads/lineages/plasmodium_odb10/hmms/3205at5820.hmm Results/1_GeneSequences/PB.faa 
# Current dir:     /export/home/bio1901/Documents/29_BINP/OrthoSearch
# Date:            Sun Mar 15 17:56:46 2020
# [ok]
