#                                                                            --- full sequence --- -------------- this domain -------------   hmm coord   ali coord   env coord
# target name        accession   tlen query name           accession   qlen   E-value  score  bias   #  of  c-Evalue  i-Evalue  score  bias  from    to  from    to  from    to  acc description of target
#------------------- ---------- ----- -------------------- ---------- ----- --------- ------ ----- --- --- --------- --------- ------ ----- ----- ----- ----- ----- ----- ----- ---- ---------------------
544_g                -            856 3262at5820           -            627   1.1e-74  250.0  39.3   1   4         3     4e+03  -18.5  24.6   456   497    18    61     1    73 0.40 length=856	scaffold=scaffold00054	strand=+
544_g                -            856 3262at5820           -            627   1.1e-74  250.0  39.3   2   4   8.2e-51   1.1e-47  160.9  18.4    12   179   143   309   132   329 0.80 length=856	scaffold=scaffold00054	strand=+
544_g                -            856 3262at5820           -            627   1.1e-74  250.0  39.3   3   4   1.4e-33   1.8e-30  104.0  12.9   176   310   605   746   576   753 0.83 length=856	scaffold=scaffold00054	strand=+
544_g                -            856 3262at5820           -            627   1.1e-74  250.0  39.3   4   4         3     4e+03  -23.7  35.4   434   505   768   844   752   855 0.47 length=856	scaffold=scaffold00054	strand=+
545_g                -            500 3262at5820           -            627   9.7e-60  200.7  57.4   1   4         3     4e+03   -7.3   7.9   476   500    27    49     5    61 0.40 length=500	scaffold=scaffold00054	strand=+
545_g                -            500 3262at5820           -            627   9.7e-60  200.7  57.4   2   4       1.5   1.9e+03   -5.1  12.1     6    51    34    79    26    82 0.64 length=500	scaffold=scaffold00054	strand=+
545_g                -            500 3262at5820           -            627   9.7e-60  200.7  57.4   3   4   6.3e-59   8.4e-56  187.7  26.0   267   455    45   236    38   308 0.77 length=500	scaffold=scaffold00054	strand=+
545_g                -            500 3262at5820           -            627   9.7e-60  200.7  57.4   4   4   1.2e-08   1.6e-05   21.6  17.9   428   532   389   498   373   499 0.61 length=500	scaffold=scaffold00054	strand=+
3512_g               -            114 3262at5820           -            627   0.00084   15.9   0.1   1   1   7.2e-07   0.00096   15.7   0.1    64   124     3    73     1    88 0.68 length=114	scaffold=scaffold01144	strand=-
#
# Program:         hmmsearch
# Version:         3.1b2 (February 2015)
# Pipeline mode:   SEARCH
# Query file:      /export/home/bio1901/Documents/29_BINP/OrthoSearch/busco_downloads/lineages/plasmodium_odb10/hmms/3262at5820.hmm
# Target file:     Results/1_GeneSequences/PB.faa
# Option settings: /home/users/bio1901/miniconda3/envs/busco/bin/hmmsearch --domtblout /export/home/bio1901/Documents/29_BINP/OrthoSearch/PB/run_plasmodium_odb10/hmmer_output/3262at5820.out --cpu 1 /export/home/bio1901/Documents/29_BINP/OrthoSearch/busco_downloads/lineages/plasmodium_odb10/hmms/3262at5820.hmm Results/1_GeneSequences/PB.faa 
# Current dir:     /export/home/bio1901/Documents/29_BINP/OrthoSearch
# Date:            Sun Mar 15 17:56:53 2020
# [ok]
