#                                                                            --- full sequence --- -------------- this domain -------------   hmm coord   ali coord   env coord
# target name        accession   tlen query name           accession   qlen   E-value  score  bias   #  of  c-Evalue  i-Evalue  score  bias  from    to  from    to  from    to  acc description of target
#------------------- ---------- ----- -------------------- ---------- ----- --------- ------ ----- --- --- --------- --------- ------ ----- ----- ----- ----- ----- ----- ----- ---- ---------------------
3441_g               -            942 3266at5820           -            679  7.3e-231  766.0  98.7   1   3   1.1e-39   1.4e-36  123.9  13.7    11   106   128   223   121   234 0.94 length=942	scaffold=scaffold01085	strand=+
3441_g               -            942 3266at5820           -            679  7.3e-231  766.0  98.7   2   3  4.9e-139  6.6e-136  452.2  49.2    87   468   235   628   226   637 0.92 length=942	scaffold=scaffold01085	strand=+
3441_g               -            942 3266at5820           -            679  7.3e-231  766.0  98.7   3   3     2e-62   2.7e-59  199.0  19.8   471   652   742   939   688   941 0.83 length=942	scaffold=scaffold01085	strand=+
3303_g               -            675 3266at5820           -            679   1.2e-12   44.8  53.8   1   4   2.7e-07   0.00036   16.8  21.5    41   312    70   344    44   348 0.71 length=675	scaffold=scaffold00981	strand=+
3303_g               -            675 3266at5820           -            679   1.2e-12   44.8  53.8   2   4   2.4e-14   3.2e-11   40.1  12.9   241   401   347   507   342   533 0.86 length=675	scaffold=scaffold00981	strand=+
3303_g               -            675 3266at5820           -            679   1.2e-12   44.8  53.8   3   4     0.045        60   -0.5   0.1   580   607   510   537   502   547 0.81 length=675	scaffold=scaffold00981	strand=+
3303_g               -            675 3266at5820           -            679   1.2e-12   44.8  53.8   4   4      0.14   1.9e+02   -2.1   4.4   377   450   539   612   532   644 0.72 length=675	scaffold=scaffold00981	strand=+
694_g                -            912 3266at5820           -            679   4.6e-05   19.7   3.0   1   5   3.5e-08   4.6e-05   19.7   3.0   196   290   112   202    54   203 0.78 length=912	scaffold=scaffold00073	strand=-
694_g                -            912 3266at5820           -            679   4.6e-05   19.7   3.0   2   5     3e-06     0.004   13.4  11.8   125   242   191   308   187   365 0.78 length=912	scaffold=scaffold00073	strand=-
694_g                -            912 3266at5820           -            679   4.6e-05   19.7   3.0   3   5      0.74   9.8e+02   -4.5   6.7    51   141   421   514   412   517 0.58 length=912	scaffold=scaffold00073	strand=-
694_g                -            912 3266at5820           -            679   4.6e-05   19.7   3.0   4   5   3.1e-05     0.041   10.0  25.0   297   477   512   694   446   715 0.78 length=912	scaffold=scaffold00073	strand=-
694_g                -            912 3266at5820           -            679   4.6e-05   19.7   3.0   5   5       0.4   5.3e+02   -3.6   7.2   388   492   711   822   697   825 0.67 length=912	scaffold=scaffold00073	strand=-
#
# Program:         hmmsearch
# Version:         3.1b2 (February 2015)
# Pipeline mode:   SEARCH
# Query file:      /export/home/bio1901/Documents/29_BINP/OrthoSearch/busco_downloads/lineages/plasmodium_odb10/hmms/3266at5820.hmm
# Target file:     Results/1_GeneSequences/PB.faa
# Option settings: /home/users/bio1901/miniconda3/envs/busco/bin/hmmsearch --domtblout /export/home/bio1901/Documents/29_BINP/OrthoSearch/PB/run_plasmodium_odb10/hmmer_output/3266at5820.out --cpu 1 /export/home/bio1901/Documents/29_BINP/OrthoSearch/busco_downloads/lineages/plasmodium_odb10/hmms/3266at5820.hmm Results/1_GeneSequences/PB.faa 
# Current dir:     /export/home/bio1901/Documents/29_BINP/OrthoSearch
# Date:            Sun Mar 15 17:56:54 2020
# [ok]
