#                                                                            --- full sequence --- -------------- this domain -------------   hmm coord   ali coord   env coord
# target name        accession   tlen query name           accession   qlen   E-value  score  bias   #  of  c-Evalue  i-Evalue  score  bias  from    to  from    to  from    to  acc description of target
#------------------- ---------- ----- -------------------- ---------- ----- --------- ------ ----- --- --- --------- --------- ------ ----- ----- ----- ----- ----- ----- ----- ---- ---------------------
45_g                 -           1897 326at5820            -           1464  5.5e-151  502.6 242.1   1  11   2.1e-10   4.3e-07   25.8  18.7   276   448     8   198     3   238 0.63 length=1897	scaffold=scaffold00002	strand=+
45_g                 -           1897 326at5820            -           1464  5.5e-151  502.6 242.1   2  11   1.2e-12   2.3e-09   33.3   2.7   465   524   266   325   250   335 0.86 length=1897	scaffold=scaffold00002	strand=+
45_g                 -           1897 326at5820            -           1464  5.5e-151  502.6 242.1   3  11   2.8e-49   5.6e-46  154.6  71.5   516   823   393   767   379   781 0.74 length=1897	scaffold=scaffold00002	strand=+
45_g                 -           1897 326at5820            -           1464  5.5e-151  502.6 242.1   4  11   5.8e-09   1.2e-05   21.0  15.1   783   873   795   888   778   901 0.73 length=1897	scaffold=scaffold00002	strand=+
45_g                 -           1897 326at5820            -           1464  5.5e-151  502.6 242.1   5  11   4.6e-29   9.1e-26   87.6  20.5   884  1064   970  1184   944  1199 0.78 length=1897	scaffold=scaffold00002	strand=+
45_g                 -           1897 326at5820            -           1464  5.5e-151  502.6 242.1   6  11   1.7e-07   0.00034   16.1   6.1  1057  1122  1231  1295  1226  1344 0.75 length=1897	scaffold=scaffold00002	strand=+
45_g                 -           1897 326at5820            -           1464  5.5e-151  502.6 242.1   7  11   7.1e-15   1.4e-11   40.6   9.4  1109  1200  1346  1444  1334  1451 0.85 length=1897	scaffold=scaffold00002	strand=+
45_g                 -           1897 326at5820            -           1464  5.5e-151  502.6 242.1   8  11   1.2e-12   2.5e-09   33.2  10.8  1174  1270  1446  1542  1439  1548 0.82 length=1897	scaffold=scaffold00002	strand=+
45_g                 -           1897 326at5820            -           1464  5.5e-151  502.6 242.1   9  11   3.9e-32   7.8e-29   97.8   1.5  1274  1371  1595  1691  1582  1702 0.90 length=1897	scaffold=scaffold00002	strand=+
45_g                 -           1897 326at5820            -           1464  5.5e-151  502.6 242.1  10  11     8e-16   1.6e-12   43.8   9.5  1340  1432  1737  1827  1732  1857 0.69 length=1897	scaffold=scaffold00002	strand=+
45_g                 -           1897 326at5820            -           1464  5.5e-151  502.6 242.1  11  11    0.0035       7.1    1.9   0.8  1425  1462  1857  1894  1850  1895 0.83 length=1897	scaffold=scaffold00002	strand=+
44_g                 -            469 326at5820            -           1464   4.5e-59  198.0  65.8   1   2   5.2e-49     1e-45  153.8  39.7    16   272    33   288    26   292 0.84 length=469	scaffold=scaffold00002	strand=+
44_g                 -            469 326at5820            -           1464   4.5e-59  198.0  65.8   2   2   7.1e-17   1.4e-13   47.2  18.9   191   340   289   449   286   463 0.78 length=469	scaffold=scaffold00002	strand=+
#
# Program:         hmmsearch
# Version:         3.1b2 (February 2015)
# Pipeline mode:   SEARCH
# Query file:      /export/home/bio1901/Documents/29_BINP/OrthoSearch/busco_downloads/lineages/plasmodium_odb10/hmms/326at5820.hmm
# Target file:     Results/1_GeneSequences/PB.faa
# Option settings: /home/users/bio1901/miniconda3/envs/busco/bin/hmmsearch --domtblout /export/home/bio1901/Documents/29_BINP/OrthoSearch/PB/run_plasmodium_odb10/hmmer_output/326at5820.out --cpu 1 /export/home/bio1901/Documents/29_BINP/OrthoSearch/busco_downloads/lineages/plasmodium_odb10/hmms/326at5820.hmm Results/1_GeneSequences/PB.faa 
# Current dir:     /export/home/bio1901/Documents/29_BINP/OrthoSearch
# Date:            Sun Mar 15 17:56:55 2020
# [ok]
