#                                                                            --- full sequence --- -------------- this domain -------------   hmm coord   ali coord   env coord
# target name        accession   tlen query name           accession   qlen   E-value  score  bias   #  of  c-Evalue  i-Evalue  score  bias  from    to  from    to  from    to  acc description of target
#------------------- ---------- ----- -------------------- ---------- ----- --------- ------ ----- --- --- --------- --------- ------ ----- ----- ----- ----- ----- ----- ----- ---- ---------------------
1795_g               -            920 3290at5820           -            564  8.9e-182  603.5 100.9   1   5   1.8e-29   3.6e-26   89.8  17.8     9   178    55   217    47   234 0.76 length=920	scaffold=scaffold00300	strand=-
1795_g               -            920 3290at5820           -            564  8.9e-182  603.5 100.9   2   5   1.2e-14   2.3e-11   40.9  14.3   119   233   311   431   301   447 0.82 length=920	scaffold=scaffold00300	strand=-
1795_g               -            920 3290at5820           -            564  8.9e-182  603.5 100.9   3   5  1.3e-134  2.7e-131  436.9  33.4   201   503   454   754   438   762 0.97 length=920	scaffold=scaffold00300	strand=-
1795_g               -            920 3290at5820           -            564  8.9e-182  603.5 100.9   4   5   3.1e-10   6.2e-07   26.3   2.5   485   525   806   846   772   867 0.75 length=920	scaffold=scaffold00300	strand=-
1795_g               -            920 3290at5820           -            564  8.9e-182  603.5 100.9   5   5   1.4e-11   2.9e-08   30.7   2.0   521   564   875   919   861   919 0.88 length=920	scaffold=scaffold00300	strand=-
3184_g               -            442 3290at5820           -            564   3.9e-53  178.8  14.9   1   2   5.3e-24   1.1e-20   71.8   4.3   212   311    90   190    74   195 0.84 length=442	scaffold=scaffold00902	strand=-
3184_g               -            442 3290at5820           -            564   3.9e-53  178.8  14.9   2   2   6.5e-37   1.3e-33  114.4   3.0   337   544   188   392   180   403 0.89 length=442	scaffold=scaffold00902	strand=-
#
# Program:         hmmsearch
# Version:         3.1b2 (February 2015)
# Pipeline mode:   SEARCH
# Query file:      /export/home/bio1901/Documents/29_BINP/OrthoSearch/busco_downloads/lineages/plasmodium_odb10/hmms/3290at5820.hmm
# Target file:     Results/1_GeneSequences/PB.faa
# Option settings: /home/users/bio1901/miniconda3/envs/busco/bin/hmmsearch --domtblout /export/home/bio1901/Documents/29_BINP/OrthoSearch/PB/run_plasmodium_odb10/hmmer_output/3290at5820.out --cpu 1 /export/home/bio1901/Documents/29_BINP/OrthoSearch/busco_downloads/lineages/plasmodium_odb10/hmms/3290at5820.hmm Results/1_GeneSequences/PB.faa 
# Current dir:     /export/home/bio1901/Documents/29_BINP/OrthoSearch
# Date:            Sun Mar 15 17:56:58 2020
# [ok]
