#                                                                            --- full sequence --- -------------- this domain -------------   hmm coord   ali coord   env coord
# target name        accession   tlen query name           accession   qlen   E-value  score  bias   #  of  c-Evalue  i-Evalue  score  bias  from    to  from    to  from    to  acc description of target
#------------------- ---------- ----- -------------------- ---------- ----- --------- ------ ----- --- --- --------- --------- ------ ----- ----- ----- ----- ----- ----- ----- ---- ---------------------
3733_g               -            705 3304at5820           -            670  1.8e-109  365.1 111.5   1   5     9e-63   1.8e-59  199.8  27.5   184   342     1   159     1   169 0.95 length=705	scaffold=scaffold01338	strand=-
3733_g               -            705 3304at5820           -            670  1.8e-109  365.1 111.5   2   5   1.6e-16   3.2e-13   46.9   8.8   344   392   206   254   178   262 0.86 length=705	scaffold=scaffold01338	strand=-
3733_g               -            705 3304at5820           -            670  1.8e-109  365.1 111.5   3   5   1.3e-18   2.6e-15   53.9  16.3   381   460   296   375   287   439 0.82 length=705	scaffold=scaffold01338	strand=-
3733_g               -            705 3304at5820           -            670  1.8e-109  365.1 111.5   4   5   1.5e-12     3e-09   33.8  12.1   466   547   472   563   459   592 0.79 length=705	scaffold=scaffold01338	strand=-
3733_g               -            705 3304at5820           -            670  1.8e-109  365.1 111.5   5   5     9e-19   1.8e-15   54.4  16.3   540   647   592   692   573   700 0.79 length=705	scaffold=scaffold01338	strand=-
3734_g               -            307 3304at5820           -            670   1.4e-20   71.2  31.4   1   2     0.011        21    1.3   3.5   304   354    35    87     1   116 0.67 length=307	scaffold=scaffold01338	strand=-
3734_g               -            307 3304at5820           -            670   1.4e-20   71.2  31.4   2   2   7.1e-24   1.4e-20   71.2  31.4    38   152   153   286   142   302 0.81 length=307	scaffold=scaffold01338	strand=-
#
# Program:         hmmsearch
# Version:         3.1b2 (February 2015)
# Pipeline mode:   SEARCH
# Query file:      /export/home/bio1901/Documents/29_BINP/OrthoSearch/busco_downloads/lineages/plasmodium_odb10/hmms/3304at5820.hmm
# Target file:     Results/1_GeneSequences/PB.faa
# Option settings: /home/users/bio1901/miniconda3/envs/busco/bin/hmmsearch --domtblout /export/home/bio1901/Documents/29_BINP/OrthoSearch/PB/run_plasmodium_odb10/hmmer_output/3304at5820.out --cpu 1 /export/home/bio1901/Documents/29_BINP/OrthoSearch/busco_downloads/lineages/plasmodium_odb10/hmms/3304at5820.hmm Results/1_GeneSequences/PB.faa 
# Current dir:     /export/home/bio1901/Documents/29_BINP/OrthoSearch
# Date:            Sun Mar 15 17:56:59 2020
# [ok]
