#                                                                            --- full sequence --- -------------- this domain -------------   hmm coord   ali coord   env coord
# target name        accession   tlen query name           accession   qlen   E-value  score  bias   #  of  c-Evalue  i-Evalue  score  bias  from    to  from    to  from    to  acc description of target
#------------------- ---------- ----- -------------------- ---------- ----- --------- ------ ----- --- --- --------- --------- ------ ----- ----- ----- ----- ----- ----- ----- ---- ---------------------
2752_g               -           1314 3325at5820           -            638  2.8e-207  688.1 164.2   1   7   1.8e-10   7.1e-07   26.0   7.9     8    62    12    66     7   117 0.71 length=1314	scaffold=scaffold00651	strand=-
2752_g               -           1314 3325at5820           -            638  2.8e-207  688.1 164.2   2   7   3.6e-99   1.4e-95  319.1  52.8    46   306   165   461   154   478 0.83 length=1314	scaffold=scaffold00651	strand=-
2752_g               -           1314 3325at5820           -            638  2.8e-207  688.1 164.2   3   7   3.9e-50   1.6e-46  157.1  23.9   306   423   618   741   555   750 0.83 length=1314	scaffold=scaffold00651	strand=-
2752_g               -           1314 3325at5820           -            638  2.8e-207  688.1 164.2   4   7      0.03   1.2e+02   -1.1   0.3    41    91   751   801   740   809 0.80 length=1314	scaffold=scaffold00651	strand=-
2752_g               -           1314 3325at5820           -            638  2.8e-207  688.1 164.2   5   7      0.22   8.8e+02   -4.0   2.7    43    97   887   946   880   958 0.47 length=1314	scaffold=scaffold00651	strand=-
2752_g               -           1314 3325at5820           -            638  2.8e-207  688.1 164.2   6   7   1.1e-08   4.5e-05   20.1   3.2   418   459   954   995   948  1045 0.82 length=1314	scaffold=scaffold00651	strand=-
2752_g               -           1314 3325at5820           -            638  2.8e-207  688.1 164.2   7   7   1.4e-63   5.6e-60  201.5  29.4   448   638  1110  1309  1099  1309 0.89 length=1314	scaffold=scaffold00651	strand=-
#
# Program:         hmmsearch
# Version:         3.1b2 (February 2015)
# Pipeline mode:   SEARCH
# Query file:      /export/home/bio1901/Documents/29_BINP/OrthoSearch/busco_downloads/lineages/plasmodium_odb10/hmms/3325at5820.hmm
# Target file:     Results/1_GeneSequences/PB.faa
# Option settings: /home/users/bio1901/miniconda3/envs/busco/bin/hmmsearch --domtblout /export/home/bio1901/Documents/29_BINP/OrthoSearch/PB/run_plasmodium_odb10/hmmer_output/3325at5820.out --cpu 1 /export/home/bio1901/Documents/29_BINP/OrthoSearch/busco_downloads/lineages/plasmodium_odb10/hmms/3325at5820.hmm Results/1_GeneSequences/PB.faa 
# Current dir:     /export/home/bio1901/Documents/29_BINP/OrthoSearch
# Date:            Sun Mar 15 17:57:00 2020
# [ok]
