#                                                                            --- full sequence --- -------------- this domain -------------   hmm coord   ali coord   env coord
# target name        accession   tlen query name           accession   qlen   E-value  score  bias   #  of  c-Evalue  i-Evalue  score  bias  from    to  from    to  from    to  acc description of target
#------------------- ---------- ----- -------------------- ---------- ----- --------- ------ ----- --- --- --------- --------- ------ ----- ----- ----- ----- ----- ----- ----- ---- ---------------------
1846_g               -           1182 3333at5820           -            635  9.8e-204  676.1 139.8   1   8     1e-40   2.1e-37  126.6  12.5     2   134     5   146     4   153 0.88 length=1182	scaffold=scaffold00315	strand=-
1846_g               -           1182 3333at5820           -            635  9.8e-204  676.1 139.8   2   8   1.5e-11   3.1e-08   30.2   2.7   125   170   218   265   210   320 0.77 length=1182	scaffold=scaffold00315	strand=-
1846_g               -           1182 3333at5820           -            635  9.8e-204  676.1 139.8   3   8         2     4e+03  -11.3  13.2   122   231   339   443   327   455 0.48 length=1182	scaffold=scaffold00315	strand=-
1846_g               -           1182 3333at5820           -            635  9.8e-204  676.1 139.8   4   8   1.4e-81   2.8e-78  261.6  39.1   187   412   452   695   446   725 0.87 length=1182	scaffold=scaffold00315	strand=-
1846_g               -           1182 3333at5820           -            635  9.8e-204  676.1 139.8   5   8   4.5e-35     9e-32  108.0   7.6   404   482   777   855   754   870 0.91 length=1182	scaffold=scaffold00315	strand=-
1846_g               -           1182 3333at5820           -            635  9.8e-204  676.1 139.8   6   8      0.92   1.8e+03   -5.4   5.6   225   267   860   903   855   907 0.74 length=1182	scaffold=scaffold00315	strand=-
1846_g               -           1182 3333at5820           -            635  9.8e-204  676.1 139.8   7   8   5.2e-46     1e-42  144.1   9.3   448   582   940  1075   918  1099 0.83 length=1182	scaffold=scaffold00315	strand=-
1846_g               -           1182 3333at5820           -            635  9.8e-204  676.1 139.8   8   8   1.6e-18   3.2e-15   53.3   0.4   582   635  1125  1178  1107  1178 0.94 length=1182	scaffold=scaffold00315	strand=-
1266_g               -           1005 3333at5820           -            635   2.4e-17   60.3  31.3   1   6     0.074   1.5e+02   -1.7   0.6    41    87    70   119    66   148 0.60 length=1005	scaffold=scaffold00174	strand=-
1266_g               -           1005 3333at5820           -            635   2.4e-17   60.3  31.3   2   6   5.8e-05      0.12    8.5   4.4    20    83   142   207   124   210 0.76 length=1005	scaffold=scaffold00174	strand=-
1266_g               -           1005 3333at5820           -            635   2.4e-17   60.3  31.3   3   6   1.2e-20   2.4e-17   60.3  31.3   188   384   186   395   170   412 0.81 length=1005	scaffold=scaffold00174	strand=-
1266_g               -           1005 3333at5820           -            635   2.4e-17   60.3  31.3   4   6         2     4e+03   -8.8   9.2   208   244   476   510   466   520 0.47 length=1005	scaffold=scaffold00174	strand=-
1266_g               -           1005 3333at5820           -            635   2.4e-17   60.3  31.3   5   6   6.9e-06     0.014   11.6   2.6   446   567   589   719   569   762 0.67 length=1005	scaffold=scaffold00174	strand=-
1266_g               -           1005 3333at5820           -            635   2.4e-17   60.3  31.3   6   6         2     4e+03   -7.0   4.5   192   227   876   916   870   962 0.43 length=1005	scaffold=scaffold00174	strand=-
#
# Program:         hmmsearch
# Version:         3.1b2 (February 2015)
# Pipeline mode:   SEARCH
# Query file:      /export/home/bio1901/Documents/29_BINP/OrthoSearch/busco_downloads/lineages/plasmodium_odb10/hmms/3333at5820.hmm
# Target file:     Results/1_GeneSequences/PB.faa
# Option settings: /home/users/bio1901/miniconda3/envs/busco/bin/hmmsearch --domtblout /export/home/bio1901/Documents/29_BINP/OrthoSearch/PB/run_plasmodium_odb10/hmmer_output/3333at5820.out --cpu 1 /export/home/bio1901/Documents/29_BINP/OrthoSearch/busco_downloads/lineages/plasmodium_odb10/hmms/3333at5820.hmm Results/1_GeneSequences/PB.faa 
# Current dir:     /export/home/bio1901/Documents/29_BINP/OrthoSearch
# Date:            Sun Mar 15 17:57:02 2020
# [ok]
