#                                                                            --- full sequence --- -------------- this domain -------------   hmm coord   ali coord   env coord
# target name        accession   tlen query name           accession   qlen   E-value  score  bias   #  of  c-Evalue  i-Evalue  score  bias  from    to  from    to  from    to  acc description of target
#------------------- ---------- ----- -------------------- ---------- ----- --------- ------ ----- --- --- --------- --------- ------ ----- ----- ----- ----- ----- ----- ----- ---- ---------------------
2851_g               -            794 3350at5820           -            688   1.3e-89  299.4  68.3   1   8   2.2e-30   2.2e-27   93.7   1.7   105   173     2    70     1    95 0.91 length=794	scaffold=scaffold00704	strand=+	adjustedToFrame=2
2851_g               -            794 3350at5820           -            688   1.3e-89  299.4  68.3   2   8         4     4e+03  -17.1  19.9   612   680   181   249   173   259 0.64 length=794	scaffold=scaffold00704	strand=+	adjustedToFrame=2
2851_g               -            794 3350at5820           -            688   1.3e-89  299.4  68.3   3   8   2.2e-16   2.2e-13   47.5  11.0   213   248   330   365   322   382 0.90 length=794	scaffold=scaffold00704	strand=+	adjustedToFrame=2
2851_g               -            794 3350at5820           -            688   1.3e-89  299.4  68.3   4   8       3.2   3.2e+03   -6.0   5.9   648   683   381   418   366   424 0.75 length=794	scaffold=scaffold00704	strand=+	adjustedToFrame=2
2851_g               -            794 3350at5820           -            688   1.3e-89  299.4  68.3   5   8   6.3e-58   6.3e-55  184.8  25.4   253   418   424   593   419   606 0.93 length=794	scaffold=scaffold00704	strand=+	adjustedToFrame=2
2851_g               -            794 3350at5820           -            688   1.3e-89  299.4  68.3   6   8   3.4e-05     0.033   10.5   1.0   623   659   614   656   598   662 0.73 length=794	scaffold=scaffold00704	strand=+	adjustedToFrame=2
2851_g               -            794 3350at5820           -            688   1.3e-89  299.4  68.3   7   8   3.3e-07   0.00033   17.1   6.7   591   676   662   749   652   759 0.81 length=794	scaffold=scaffold00704	strand=+	adjustedToFrame=2
2851_g               -            794 3350at5820           -            688   1.3e-89  299.4  68.3   8   8     0.026        26    1.0   2.8   662   688   767   791   750   791 0.69 length=794	scaffold=scaffold00704	strand=+	adjustedToFrame=2
209_g                -            939 3350at5820           -            688   4.5e-39  132.4  31.7   1   1   3.4e-41   3.3e-38  129.5  31.7    34   488     6   462     1   472 0.86 length=939	scaffold=scaffold00014	strand=-
1265_g               -            858 3350at5820           -            688   9.9e-16   55.2   9.8   1   4   9.9e-19   9.9e-16   55.2   9.8    50   203     4   160     2   171 0.79 length=858	scaffold=scaffold00174	strand=+
1265_g               -            858 3350at5820           -            688   9.9e-16   55.2   9.8   2   4      0.14   1.4e+02   -1.5   3.9    48   111   152   215   122   244 0.65 length=858	scaffold=scaffold00174	strand=+
1265_g               -            858 3350at5820           -            688   9.9e-16   55.2   9.8   3   4     0.091        91   -0.8   0.5   419   483   214   282   210   298 0.76 length=858	scaffold=scaffold00174	strand=+
1265_g               -            858 3350at5820           -            688   9.9e-16   55.2   9.8   4   4    0.0057       5.6    3.2  18.4   350   562   300   510   280   551 0.70 length=858	scaffold=scaffold00174	strand=+
2480_g               -            931 3350at5820           -            688   2.5e-08   30.7   2.8   1   2   2.5e-11   2.5e-08   30.7   2.8    78   207    59   189    28   220 0.82 length=931	scaffold=scaffold00529	strand=+	adjustedToFrame=3
2480_g               -            931 3350at5820           -            688   2.5e-08   30.7   2.8   2   2    0.0043       4.3    3.5   8.6    71   215   358   504   310   541 0.76 length=931	scaffold=scaffold00529	strand=+	adjustedToFrame=3
#
# Program:         hmmsearch
# Version:         3.1b2 (February 2015)
# Pipeline mode:   SEARCH
# Query file:      /export/home/bio1901/Documents/29_BINP/OrthoSearch/busco_downloads/lineages/plasmodium_odb10/hmms/3350at5820.hmm
# Target file:     Results/1_GeneSequences/PB.faa
# Option settings: /home/users/bio1901/miniconda3/envs/busco/bin/hmmsearch --domtblout /export/home/bio1901/Documents/29_BINP/OrthoSearch/PB/run_plasmodium_odb10/hmmer_output/3350at5820.out --cpu 1 /export/home/bio1901/Documents/29_BINP/OrthoSearch/busco_downloads/lineages/plasmodium_odb10/hmms/3350at5820.hmm Results/1_GeneSequences/PB.faa 
# Current dir:     /export/home/bio1901/Documents/29_BINP/OrthoSearch
# Date:            Sun Mar 15 17:57:07 2020
# [ok]
