#                                                                            --- full sequence --- -------------- this domain -------------   hmm coord   ali coord   env coord
# target name        accession   tlen query name           accession   qlen   E-value  score  bias   #  of  c-Evalue  i-Evalue  score  bias  from    to  from    to  from    to  acc description of target
#------------------- ---------- ----- -------------------- ---------- ----- --------- ------ ----- --- --- --------- --------- ------ ----- ----- ----- ----- ----- ----- ----- ---- ---------------------
1529_g               -            791 3374at5820           -            638  2.3e-249  827.2  76.8   1   3   6.9e-51   9.2e-48  161.2  22.9     2   187    17   251    16   264 0.76 length=791	scaffold=scaffold00234	strand=-
1529_g               -            791 3374at5820           -            638  2.3e-249  827.2  76.8   2   3  1.8e-104  2.4e-101  338.2  13.0   177   397   281   508   263   519 0.93 length=791	scaffold=scaffold00234	strand=-
1529_g               -            791 3374at5820           -            638  2.3e-249  827.2  76.8   3   3  7.7e-103     1e-99  332.8  25.0   385   612   530   776   524   780 0.92 length=791	scaffold=scaffold00234	strand=-
4053_g               -            874 3374at5820           -            638   5.7e-37  125.5  34.2   1   4     0.049        65   -0.2   5.5    17    92    35   116    24   131 0.67 length=874	scaffold=scaffold01644	strand=-
4053_g               -            874 3374at5820           -            638   5.7e-37  125.5  34.2   2   4   4.3e-40   5.7e-37  125.5  34.2   141   523   129   524   116   537 0.81 length=874	scaffold=scaffold01644	strand=-
4053_g               -            874 3374at5820           -            638   5.7e-37  125.5  34.2   3   4      0.37   4.9e+02   -3.1   1.0   391   458   593   659   565   692 0.73 length=874	scaffold=scaffold01644	strand=-
4053_g               -            874 3374at5820           -            638   5.7e-37  125.5  34.2   4   4         3     4e+03   -7.5   6.0   415   420   763   768   673   822 0.50 length=874	scaffold=scaffold01644	strand=-
241_g                -           2445 3374at5820           -            638   6.6e-27   92.3  62.5   1   6      0.23   3.1e+02   -2.5   9.4    31   132   115   217    95   242 0.75 length=2445	scaffold=scaffold00017	strand=-
241_g                -           2445 3374at5820           -            638   6.6e-27   92.3  62.5   2   6   1.1e-16   1.4e-13   48.2   4.5   155   263   612   742   574   751 0.68 length=2445	scaffold=scaffold00017	strand=-
241_g                -           2445 3374at5820           -            638   6.6e-27   92.3  62.5   3   6   3.4e-07   0.00045   16.8   7.5   263   394   797   937   775   950 0.68 length=2445	scaffold=scaffold00017	strand=-
241_g                -           2445 3374at5820           -            638   6.6e-27   92.3  62.5   4   6   4.9e-10   6.6e-07   26.2   1.8   399   430   997  1028   969  1066 0.80 length=2445	scaffold=scaffold00017	strand=-
241_g                -           2445 3374at5820           -            638   6.6e-27   92.3  62.5   5   6   2.3e-12     3e-09   33.9   0.5   457   532  1190  1264  1184  1281 0.84 length=2445	scaffold=scaffold00017	strand=-
241_g                -           2445 3374at5820           -            638   6.6e-27   92.3  62.5   6   6       1.7   2.2e+03   -5.3   1.8   337   375  2171  2211  2160  2219 0.67 length=2445	scaffold=scaffold00017	strand=-
#
# Program:         hmmsearch
# Version:         3.1b2 (February 2015)
# Pipeline mode:   SEARCH
# Query file:      /export/home/bio1901/Documents/29_BINP/OrthoSearch/busco_downloads/lineages/plasmodium_odb10/hmms/3374at5820.hmm
# Target file:     Results/1_GeneSequences/PB.faa
# Option settings: /home/users/bio1901/miniconda3/envs/busco/bin/hmmsearch --domtblout /export/home/bio1901/Documents/29_BINP/OrthoSearch/PB/run_plasmodium_odb10/hmmer_output/3374at5820.out --cpu 1 /export/home/bio1901/Documents/29_BINP/OrthoSearch/busco_downloads/lineages/plasmodium_odb10/hmms/3374at5820.hmm Results/1_GeneSequences/PB.faa 
# Current dir:     /export/home/bio1901/Documents/29_BINP/OrthoSearch
# Date:            Sun Mar 15 17:57:10 2020
# [ok]
