#                                                                            --- full sequence --- -------------- this domain -------------   hmm coord   ali coord   env coord
# target name        accession   tlen query name           accession   qlen   E-value  score  bias   #  of  c-Evalue  i-Evalue  score  bias  from    to  from    to  from    to  acc description of target
#------------------- ---------- ----- -------------------- ---------- ----- --------- ------ ----- --- --- --------- --------- ------ ----- ----- ----- ----- ----- ----- ----- ---- ---------------------
2360_g               -            960 3396at5820           -            652  7.4e-290  960.9 112.5   1   3  9.2e-281  1.8e-278  923.3  75.6    16   625    57   695    21   719 0.88 length=960	scaffold=scaffold00485	strand=-
2360_g               -            960 3396at5820           -            652  7.4e-290  960.9 112.5   2   3     2e-16   3.7e-14   49.9   9.9   546   642   719   832   708   838 0.74 length=960	scaffold=scaffold00485	strand=-
2360_g               -            960 3396at5820           -            652  7.4e-290  960.9 112.5   3   3       4.8   9.1e+02   -4.2  12.6    13    65   867   919   856   925 0.59 length=960	scaffold=scaffold00485	strand=-
2422_g               -            654 3396at5820           -            652   2.4e-59  199.2  25.3   1   1   1.3e-61   2.4e-59  199.2  25.3    20   482   185   644   157   652 0.82 length=654	scaffold=scaffold00506	strand=-
4074_g               -            889 3396at5820           -            652   7.4e-41  138.1   8.5   1   1   3.9e-43   7.4e-41  138.1   8.5    17   450     7   439     1   462 0.85 length=889	scaffold=scaffold01665	strand=-	adjustedToFrame=3
1604_g               -            597 3396at5820           -            652     4e-39  132.4  30.1   1   1   2.7e-41   5.2e-39  132.0  30.1    36   530    88   589    55   595 0.78 length=597	scaffold=scaffold00250	strand=-	adjustedToFrame=2
3057_g               -            814 3396at5820           -            652   1.3e-38  130.7  31.8   1   1   6.8e-41   1.3e-38  130.7  31.8     8   435   142   557   129   790 0.70 length=814	scaffold=scaffold00819	strand=+
1618_g               -            391 3396at5820           -            652   4.8e-38  128.8   3.0   1   1   3.3e-40   6.2e-38  128.5   3.0    68   433    18   369    11   387 0.83 length=391	scaffold=scaffold00254	strand=-
2139_g               -            551 3396at5820           -            652   5.9e-38  128.5  14.5   1   1   4.1e-40   7.8e-38  128.1  14.5    41   423    97   482    57   543 0.78 length=551	scaffold=scaffold00403	strand=+
207_g                -            641 3396at5820           -            652   4.5e-37  125.6   0.1   1   2      0.61   1.1e+02   -1.3   1.4   517   576    80   146    75   158 0.66 length=641	scaffold=scaffold00014	strand=+
207_g                -            641 3396at5820           -            652   4.5e-37  125.6   0.1   2   2   2.4e-39   4.5e-37  125.6   0.1    41   432   168   557   135   572 0.78 length=641	scaffold=scaffold00014	strand=+
1937_g               -           1358 3396at5820           -            652   2.1e-35  120.1  16.9   1   4   1.9e-12   3.5e-10   36.8   1.5    41   133   151   238   123   249 0.75 length=1358	scaffold=scaffold00342	strand=+	adjustedToFrame=2
1937_g               -           1358 3396at5820           -            652   2.1e-35  120.1  16.9   2   4   4.8e-31   9.1e-29   98.2   8.1   142   443   313   609   297   640 0.84 length=1358	scaffold=scaffold00342	strand=+	adjustedToFrame=2
1937_g               -           1358 3396at5820           -            652   2.1e-35  120.1  16.9   3   4       1.5   2.8e+02   -2.5   5.4   560   634   665   745   627   762 0.66 length=1358	scaffold=scaffold00342	strand=+	adjustedToFrame=2
1937_g               -           1358 3396at5820           -            652   2.1e-35  120.1  16.9   4   4       1.8   3.4e+02   -2.8   0.1    24    62   772   808   750   836 0.59 length=1358	scaffold=scaffold00342	strand=+	adjustedToFrame=2
1035_g               -            652 3396at5820           -            652   3.8e-35  119.3  21.2   1   2   2.4e-07   4.6e-05   19.9   0.4    37   132   199   298   170   305 0.75 length=652	scaffold=scaffold00126	strand=-	adjustedToFrame=2
1035_g               -            652 3396at5820           -            652   3.8e-35  119.3  21.2   2   2   8.5e-33   1.6e-30  104.0  13.6   133   425   330   616   323   645 0.84 length=652	scaffold=scaffold00126	strand=-	adjustedToFrame=2
2156_g               -            475 3396at5820           -            652   3.8e-35  119.3   2.9   1   2   1.6e-07     3e-05   20.5   0.0    68   132    60   124    15   133 0.88 length=475	scaffold=scaffold00410	strand=+
2156_g               -            475 3396at5820           -            652   3.8e-35  119.3   2.9   2   2     4e-30   7.6e-28   95.1   4.6   138   428   157   445   150   465 0.86 length=475	scaffold=scaffold00410	strand=+
3581_g               -           1373 3396at5820           -            652   3.3e-33  112.9  32.5   1   1   1.7e-35   3.3e-33  112.9  32.5    59   423   209   569   182   577 0.83 length=1373	scaffold=scaffold01199	strand=+
1925_g               -            866 3396at5820           -            652   2.4e-32  110.0   9.5   1   2   4.5e-15   8.5e-13   45.4   0.5    74   239   319   502   301   513 0.80 length=866	scaffold=scaffold00338	strand=-
1925_g               -            866 3396at5820           -            652   2.4e-32  110.0   9.5   2   2     6e-22   1.1e-19   68.1   3.0   248   444   545   735   534   744 0.80 length=866	scaffold=scaffold00338	strand=-
1091_g               -            493 3396at5820           -            652   2.4e-31  106.7  10.9   1   2   8.4e-12   1.6e-09   34.6   1.9     6   143    94   224    86   241 0.71 length=493	scaffold=scaffold00138	strand=-
1091_g               -            493 3396at5820           -            652   2.4e-31  106.7  10.9   2   2   3.8e-27   7.3e-25   85.3   2.0   186   424   234   462   217   480 0.81 length=493	scaffold=scaffold00138	strand=-
2407_g               -            396 3396at5820           -            652   5.5e-31  105.5   0.1   1   1   3.6e-33   6.8e-31  105.2   0.1    68   431    25   372     4   389 0.82 length=396	scaffold=scaffold00502	strand=+
3826_g               -           1126 3396at5820           -            652   3.4e-29   99.6   0.0   1   2   2.5e-19   4.8e-17   59.5   0.0    70   246   703   882   623   885 0.81 length=1126	scaffold=scaffold01419	strand=-	adjustedToFrame=3
3826_g               -           1126 3396at5820           -            652   3.4e-29   99.6   0.0   2   2   1.2e-15   2.2e-13   47.4   0.1   317   424   972  1075   943  1095 0.85 length=1126	scaffold=scaffold01419	strand=-	adjustedToFrame=3
291_g                -           1572 3396at5820           -            652   1.5e-23   80.9  22.3   1   2     8e-26   1.5e-23   80.9  22.3    71   427   422   801   398   860 0.73 length=1572	scaffold=scaffold00022	strand=-
291_g                -           1572 3396at5820           -            652   1.5e-23   80.9  22.3   2   2       3.3   6.3e+02   -3.7   1.1   595   630  1132  1166  1110  1188 0.58 length=1572	scaffold=scaffold00022	strand=-
3437_g               -            903 3396at5820           -            652   8.3e-19   65.3  35.7   1   2     3e-17   5.7e-15   52.6  18.0    27   239   181   401   153   471 0.74 length=903	scaffold=scaffold01083	strand=+
3437_g               -            903 3396at5820           -            652   8.3e-19   65.3  35.7   2   2   1.1e-09     2e-07   27.6   9.7   276   406   677   801   666   894 0.82 length=903	scaffold=scaffold01083	strand=+
1972_g               -            784 3396at5820           -            652   1.9e-14   50.9  27.7   1   2   3.7e-05     0.007   12.7   6.3    14   129   144   265   132   270 0.65 length=784	scaffold=scaffold00352	strand=-
1972_g               -            784 3396at5820           -            652   1.9e-14   50.9  27.7   2   2   9.9e-17   1.9e-14   50.9  27.7   141   452   312   615   295   635 0.78 length=784	scaffold=scaffold00352	strand=-
3792_g               -            650 3396at5820           -            652   2.8e-11   40.4   0.5   1   3   1.5e-13   2.8e-11   40.4   0.5    28   130    11   113     2   126 0.89 length=650	scaffold=scaffold01388	strand=-	adjustedToFrame=2
3792_g               -            650 3396at5820           -            652   2.8e-11   40.4   0.5   2   3   0.00019     0.036   10.3  55.5    15   325   236   576   229   591 0.69 length=650	scaffold=scaffold01388	strand=-	adjustedToFrame=2
3792_g               -            650 3396at5820           -            652   2.8e-11   40.4   0.5   3   3       3.2   6.1e+02   -3.7   2.8   520   548   605   634   576   647 0.51 length=650	scaffold=scaffold01388	strand=-	adjustedToFrame=2
3791_g               -            385 3396at5820           -            652   7.6e-08   29.0  15.6   1   3     4e-10   7.6e-08   29.0  15.6   380   543     3   165     1   175 0.72 length=385	scaffold=scaffold01388	strand=-
3791_g               -            385 3396at5820           -            652   7.6e-08   29.0  15.6   2   3     0.066        13    1.9   9.8   448   548   151   265   137   280 0.60 length=385	scaffold=scaffold01388	strand=-
3791_g               -            385 3396at5820           -            652   7.6e-08   29.0  15.6   3   3         9   1.7e+03   -5.2   4.4    13    54   307   351   299   379 0.50 length=385	scaffold=scaffold01388	strand=-
#
# Program:         hmmsearch
# Version:         3.1b2 (February 2015)
# Pipeline mode:   SEARCH
# Query file:      /export/home/bio1901/Documents/29_BINP/OrthoSearch/busco_downloads/lineages/plasmodium_odb10/hmms/3396at5820.hmm
# Target file:     Results/1_GeneSequences/PB.faa
# Option settings: /home/users/bio1901/miniconda3/envs/busco/bin/hmmsearch --domtblout /export/home/bio1901/Documents/29_BINP/OrthoSearch/PB/run_plasmodium_odb10/hmmer_output/3396at5820.out --cpu 1 /export/home/bio1901/Documents/29_BINP/OrthoSearch/busco_downloads/lineages/plasmodium_odb10/hmms/3396at5820.hmm Results/1_GeneSequences/PB.faa 
# Current dir:     /export/home/bio1901/Documents/29_BINP/OrthoSearch
# Date:            Sun Mar 15 17:57:12 2020
# [ok]
