#                                                                            --- full sequence --- -------------- this domain -------------   hmm coord   ali coord   env coord
# target name        accession   tlen query name           accession   qlen   E-value  score  bias   #  of  c-Evalue  i-Evalue  score  bias  from    to  from    to  from    to  acc description of target
#------------------- ---------- ----- -------------------- ---------- ----- --------- ------ ----- --- --- --------- --------- ------ ----- ----- ----- ----- ----- ----- ----- ---- ---------------------
2537_g               -           1064 3420at5820           -            717         0 1020.6  83.1   1   6   4.7e-11   1.2e-08   31.4   1.8     4    65    20    95    17   106 0.85 length=1064	scaffold=scaffold00550	strand=+
2537_g               -           1064 3420at5820           -            717         0 1020.6  83.1   2   6   2.2e-18   5.4e-16   55.7   8.7    65   163   127   247   101   270 0.73 length=1064	scaffold=scaffold00550	strand=+
2537_g               -           1064 3420at5820           -            717         0 1020.6  83.1   3   6   2.5e-43   6.3e-41  138.1   6.2   160   245   298   383   270   387 0.93 length=1064	scaffold=scaffold00550	strand=+
2537_g               -           1064 3420at5820           -            717         0 1020.6  83.1   4   6     1e-91   2.6e-89  298.0  13.7   232   431   392   593   381   602 0.91 length=1064	scaffold=scaffold00550	strand=+
2537_g               -           1064 3420at5820           -            717         0 1020.6  83.1   5   6  1.1e-143  2.8e-141  469.8   8.1   417   643   650   876   636   886 0.97 length=1064	scaffold=scaffold00550	strand=+
2537_g               -           1064 3420at5820           -            717         0 1020.6  83.1   6   6   2.3e-19   5.6e-17   58.9   5.0   631   697   956  1023   944  1045 0.75 length=1064	scaffold=scaffold00550	strand=+
3472_g               -           1300 3420at5820           -            717  1.3e-143  477.6  25.8   1   3     0.078        20    0.9   6.5     3   168   436   599   435   612 0.68 length=1300	scaffold=scaffold01114	strand=-	adjustedToFrame=3
3472_g               -           1300 3420at5820           -            717  1.3e-143  477.6  25.8   2   3   3.8e-61   9.5e-59  197.0   1.9   448   694   611   850   602   864 0.94 length=1300	scaffold=scaffold01114	strand=-	adjustedToFrame=3
3472_g               -           1300 3420at5820           -            717  1.3e-143  477.6  25.8   3   3   1.8e-89   4.6e-87  290.6   2.4   409   678   956  1221   949  1230 0.94 length=1300	scaffold=scaffold01114	strand=-	adjustedToFrame=3
2255_g               -            852 3420at5820           -            717  4.4e-127  422.9   0.0   1   2   2.2e-54   5.5e-52  174.7   0.0   448   677   211   435   205   443 0.95 length=852	scaffold=scaffold00443	strand=+	adjustedToFrame=2
2255_g               -            852 3420at5820           -            717  4.4e-127  422.9   0.0   2   2   3.2e-76     8e-74  246.8   0.0   405   680   441   714   435   734 0.92 length=852	scaffold=scaffold00443	strand=+	adjustedToFrame=2
3622_g               -           1227 3420at5820           -            717   1.4e-74  249.3   8.8   1   2   3.9e-05    0.0098   11.8  13.8   447   629   350   519   304   529 0.73 length=1227	scaffold=scaffold01231	strand=-
3622_g               -           1227 3420at5820           -            717   1.4e-74  249.3   8.8   2   2   5.6e-77   1.4e-74  249.3   8.8   413   679   740  1003   728  1014 0.90 length=1227	scaffold=scaffold01231	strand=-
2435_g               -            393 3420at5820           -            717   1.2e-55  186.8   0.1   1   1   9.4e-58   2.3e-55  185.8   0.0   441   676   130   363    21   382 0.86 length=393	scaffold=scaffold00511	strand=-
687_g                -            439 3420at5820           -            717     3e-53  178.8   0.0   1   1   1.9e-55   4.6e-53  178.2   0.0   442   706   175   432   128   438 0.86 length=439	scaffold=scaffold00072	strand=-
3198_g               -            394 3420at5820           -            717   9.5e-51  170.6   0.0   1   1     6e-53   1.5e-50  169.9   0.0   448   679   136   364   123   391 0.86 length=394	scaffold=scaffold00911	strand=+
3562_g               -            465 3420at5820           -            717   5.5e-49  164.7   0.0   1   1   3.3e-51   8.2e-49  164.2   0.0   445   686   210   450   198   460 0.88 length=465	scaffold=scaffold01184	strand=-
1457_g               -            452 3420at5820           -            717   3.4e-48  162.1   2.6   1   2       4.9   1.2e+03   -5.0   5.7   233   293    27    86     4   107 0.69 length=452	scaffold=scaffold00217	strand=+
1457_g               -            452 3420at5820           -            717   3.4e-48  162.1   2.6   2   2   1.9e-50   4.7e-48  161.7   0.0   441   676   190   423   182   448 0.90 length=452	scaffold=scaffold00217	strand=+
2006_g               -            876 3420at5820           -            717   1.3e-47  160.2   0.0   1   1   5.3e-50   1.3e-47  160.2   0.0   447   682   183   417   177   427 0.87 length=876	scaffold=scaffold00363	strand=-
2871_g               -            412 3420at5820           -            717   5.3e-46  154.9   0.0   1   1   3.2e-48     8e-46  154.3   0.0   444   679   148   381   135   404 0.89 length=412	scaffold=scaffold00715	strand=+
842_g                -            703 3420at5820           -            717   1.9e-45  153.0   0.4   1   2   7.7e-48   1.9e-45  153.0   0.4   440   678   241   473   227   509 0.88 length=703	scaffold=scaffold00095	strand=-
842_g                -            703 3420at5820           -            717   1.9e-45  153.0   0.4   2   2       1.9   4.7e+02   -3.6   0.4    62    93   607   643   584   676 0.51 length=703	scaffold=scaffold00095	strand=-
1406_g               -            957 3420at5820           -            717   4.9e-42  141.8   0.1   1   1   3.4e-44   8.5e-42  141.0   0.1   446   696   395   646   362   666 0.87 length=957	scaffold=scaffold00206	strand=+
1654_g               -            771 3420at5820           -            717   3.7e-40  135.5  17.9   1   3      0.38        94   -1.3   0.6   630   685    33    89    24   159 0.62 length=771	scaffold=scaffold00263	strand=-
1654_g               -            771 3420at5820           -            717   3.7e-40  135.5  17.9   2   3   1.6e-42   3.9e-40  135.5   0.7   465   699   259   509   225   524 0.81 length=771	scaffold=scaffold00263	strand=-
1654_g               -            771 3420at5820           -            717   3.7e-40  135.5  17.9   3   3   0.00014     0.035   10.0   3.5   472   628   544   697   535   744 0.70 length=771	scaffold=scaffold00263	strand=-
792_g                -           1363 3420at5820           -            717   5.1e-13   45.8   3.5   1   1   5.4e-15   1.3e-12   44.4   3.5   477   684  1084  1301  1060  1313 0.71 length=1363	scaffold=scaffold00088	strand=-	adjustedToFrame=2
3055_g               -            515 3420at5820           -            717   4.1e-07   26.3   7.9   1   3      0.57   1.4e+02   -1.9   5.2    97   201    34   148     3   157 0.56 length=515	scaffold=scaffold00818	strand=-
3055_g               -            515 3420at5820           -            717   4.1e-07   26.3   7.9   2   3    0.0002      0.05    9.5   0.0   483   520   256   293   237   298 0.81 length=515	scaffold=scaffold00818	strand=-
3055_g               -            515 3420at5820           -            717   4.1e-07   26.3   7.9   3   3   7.2e-07   0.00018   17.6   0.0   572   620   392   441   379   470 0.84 length=515	scaffold=scaffold00818	strand=-
#
# Program:         hmmsearch
# Version:         3.1b2 (February 2015)
# Pipeline mode:   SEARCH
# Query file:      /export/home/bio1901/Documents/29_BINP/OrthoSearch/busco_downloads/lineages/plasmodium_odb10/hmms/3420at5820.hmm
# Target file:     Results/1_GeneSequences/PB.faa
# Option settings: /home/users/bio1901/miniconda3/envs/busco/bin/hmmsearch --domtblout /export/home/bio1901/Documents/29_BINP/OrthoSearch/PB/run_plasmodium_odb10/hmmer_output/3420at5820.out --cpu 1 /export/home/bio1901/Documents/29_BINP/OrthoSearch/busco_downloads/lineages/plasmodium_odb10/hmms/3420at5820.hmm Results/1_GeneSequences/PB.faa 
# Current dir:     /export/home/bio1901/Documents/29_BINP/OrthoSearch
# Date:            Sun Mar 15 17:57:14 2020
# [ok]
