#                                                                            --- full sequence --- -------------- this domain -------------   hmm coord   ali coord   env coord
# target name        accession   tlen query name           accession   qlen   E-value  score  bias   #  of  c-Evalue  i-Evalue  score  bias  from    to  from    to  from    to  acc description of target
#------------------- ---------- ----- -------------------- ---------- ----- --------- ------ ----- --- --- --------- --------- ------ ----- ----- ----- ----- ----- ----- ----- ---- ---------------------
358_g                -           2911 348at5820            -           2087    5e-160  532.5 285.1   1   6   3.4e-59   1.7e-56  189.2  63.1    13   564     3   606     1   631 0.78 length=2911	scaffold=scaffold00030	strand=-
358_g                -           2911 348at5820            -           2087    5e-160  532.5 285.1   2   6         8     4e+03  -12.8  62.1   478   991   691  1189   620  1233 0.73 length=2911	scaffold=scaffold00030	strand=-
358_g                -           2911 348at5820            -           2087    5e-160  532.5 285.1   3   6   2.5e-22   1.3e-19   66.9  53.1   989  1388  1412  1881  1405  1886 0.78 length=2911	scaffold=scaffold00030	strand=-
358_g                -           2911 348at5820            -           2087    5e-160  532.5 285.1   4   6     1e-05    0.0052   11.8   0.6  1393  1447  1988  2042  1979  2054 0.90 length=2911	scaffold=scaffold00030	strand=-
358_g                -           2911 348at5820            -           2087    5e-160  532.5 285.1   5   6   1.7e-43   8.4e-41  137.1  28.2  1464  1681  2165  2388  2156  2406 0.88 length=2911	scaffold=scaffold00030	strand=-
358_g                -           2911 348at5820            -           2087    5e-160  532.5 285.1   6   6   3.3e-53   1.6e-50  169.3  39.6  1689  2087  2431  2910  2421  2910 0.86 length=2911	scaffold=scaffold00030	strand=-
859_g                -            998 348at5820            -           2087     0.068    8.1  16.0   1   1    0.0002     0.099    7.5  16.0   476   576   342   442   239   500 0.73 length=998	scaffold=scaffold00097	strand=-
3597_g               -            225 348at5820            -           2087      0.19    6.6  23.6   1   1   0.00044      0.22    6.4  23.6   507   641     6   139     1   156 0.80 length=225	scaffold=scaffold01211	strand=+
3883_g               -            283 348at5820            -           2087      0.37    5.6  21.8   1   1   0.00079      0.39    5.5  21.8   477   573   141   267    49   281 0.65 length=283	scaffold=scaffold01471	strand=-
3032_g               -            110 348at5820            -           2087      0.97    4.2  18.9   1   1    0.0021       1.1    4.1  18.9   456   549    14   107     3   109 0.79 length=110	scaffold=scaffold00806	strand=+
3527_g               -            158 348at5820            -           2087       3.1    2.5  40.5   1   1    0.0064       3.2    2.5  40.5   478   578    55   148    20   157 0.48 length=158	scaffold=scaffold01156	strand=-	adjustedToFrame=3
436_g                -            385 348at5820            -           2087       3.2    2.5  34.9   1   1      0.01       5.1    1.9  34.9   412   579     7   299     3   359 0.55 length=385	scaffold=scaffold00039	strand=+
2737_g               -            434 348at5820            -           2087         5    1.9  24.0   1   1     0.016       7.9    1.2  24.0   480   545    75   138    27   177 0.56 length=434	scaffold=scaffold00642	strand=+
#
# Program:         hmmsearch
# Version:         3.1b2 (February 2015)
# Pipeline mode:   SEARCH
# Query file:      /export/home/bio1901/Documents/29_BINP/OrthoSearch/busco_downloads/lineages/plasmodium_odb10/hmms/348at5820.hmm
# Target file:     Results/1_GeneSequences/PB.faa
# Option settings: /home/users/bio1901/miniconda3/envs/busco/bin/hmmsearch --domtblout /export/home/bio1901/Documents/29_BINP/OrthoSearch/PB/run_plasmodium_odb10/hmmer_output/348at5820.out --cpu 1 /export/home/bio1901/Documents/29_BINP/OrthoSearch/busco_downloads/lineages/plasmodium_odb10/hmms/348at5820.hmm Results/1_GeneSequences/PB.faa 
# Current dir:     /export/home/bio1901/Documents/29_BINP/OrthoSearch
# Date:            Sun Mar 15 17:57:30 2020
# [ok]
