#                                                                            --- full sequence --- -------------- this domain -------------   hmm coord   ali coord   env coord
# target name        accession   tlen query name           accession   qlen   E-value  score  bias   #  of  c-Evalue  i-Evalue  score  bias  from    to  from    to  from    to  acc description of target
#------------------- ---------- ----- -------------------- ---------- ----- --------- ------ ----- --- --- --------- --------- ------ ----- ----- ----- ----- ----- ----- ----- ---- ---------------------
3052_g               -            883 3504at5820           -            686  2.7e-242  803.8  81.4   1   2   2.3e-62   6.5e-60  201.1  26.8    17   186   217   397   197   425 0.81 length=883	scaffold=scaffold00817	strand=+
3052_g               -            883 3504at5820           -            686  2.7e-242  803.8  81.4   2   2  2.5e-184  7.1e-182  604.2  50.2   138   566   415   878   396   881 0.87 length=883	scaffold=scaffold00817	strand=+
1937_g               -           1358 3504at5820           -            686   5.8e-26   88.9   9.4   1   3   6.9e-06     0.002   14.4   1.5     9    94   153   235   145   251 0.72 length=1358	scaffold=scaffold00342	strand=+	adjustedToFrame=2
1937_g               -           1358 3504at5820           -            686   5.8e-26   88.9   9.4   2   3     0.031       8.8    2.4   0.4   195   266   383   454   377   465 0.77 length=1358	scaffold=scaffold00342	strand=+	adjustedToFrame=2
1937_g               -           1358 3504at5820           -            686   5.8e-26   88.9   9.4   3   3     2e-28   5.8e-26   88.9   9.4   352   582   487   722   462   770 0.85 length=1358	scaffold=scaffold00342	strand=+	adjustedToFrame=2
1035_g               -            652 3504at5820           -            686   7.1e-24   82.0   9.7   1   2   2.8e-05    0.0081   12.4   0.2    26    98   232   300   201   401 0.84 length=652	scaffold=scaffold00126	strand=-	adjustedToFrame=2
1035_g               -            652 3504at5820           -            686   7.1e-24   82.0   9.7   2   2     2e-23   5.7e-21   72.4   4.3   332   471   491   628   419   646 0.82 length=652	scaffold=scaffold00126	strand=-	adjustedToFrame=2
207_g                -            641 3504at5820           -            686   8.8e-23   78.4   0.1   1   4       6.8   1.9e+03   -5.4   2.4   646   678   143   175   108   178 0.72 length=641	scaffold=scaffold00014	strand=+
207_g                -            641 3504at5820           -            686   8.8e-23   78.4   0.1   2   4      0.08        23    1.0   0.0    75   101   237   263   212   278 0.89 length=641	scaffold=scaffold00014	strand=+
207_g                -            641 3504at5820           -            686   8.8e-23   78.4   0.1   3   4      0.35     1e+02   -1.1   0.0   153   180   316   343   282   350 0.86 length=641	scaffold=scaffold00014	strand=+
207_g                -            641 3504at5820           -            686   8.8e-23   78.4   0.1   4   4   3.1e-25   8.8e-23   78.4   0.1   330   457   422   551   415   560 0.87 length=641	scaffold=scaffold00014	strand=+
1925_g               -            866 3504at5820           -            686   2.8e-21   73.4   8.0   1   2   5.7e-05     0.016   11.4   0.6    40   176   324   467   302   475 0.63 length=866	scaffold=scaffold00338	strand=-
1925_g               -            866 3504at5820           -            686   2.8e-21   73.4   8.0   2   2   2.4e-21   6.9e-19   65.5   1.6   322   453   581   711   560   731 0.83 length=866	scaffold=scaffold00338	strand=-
2407_g               -            396 3504at5820           -            686   6.8e-21   72.1   0.2   1   2      0.13        37    0.3   0.0    76   110    69   103    61   158 0.78 length=396	scaffold=scaffold00502	strand=+
2407_g               -            396 3504at5820           -            686   6.8e-21   72.1   0.2   2   2   1.7e-22   4.9e-20   69.3   0.1   349   470   257   381   235   389 0.86 length=396	scaffold=scaffold00502	strand=+
2139_g               -            551 3504at5820           -            686   3.5e-20   69.8   5.3   1   2   0.00031     0.089    9.0   0.2     9   120   106   216    93   263 0.73 length=551	scaffold=scaffold00403	strand=+
2139_g               -            551 3504at5820           -            686   3.5e-20   69.8   5.3   2   2   1.6e-20   4.6e-18   62.8   0.7   379   472   406   499   351   539 0.88 length=551	scaffold=scaffold00403	strand=+
1618_g               -            391 3504at5820           -            686   7.8e-20   68.6   2.6   1   2     0.034       9.8    2.2   0.3    68   134    54   118    48   196 0.71 length=391	scaffold=scaffold00254	strand=-
1618_g               -            391 3504at5820           -            686   7.8e-20   68.6   2.6   2   2   1.4e-21   3.9e-19   66.3   0.1   349   471   254   377   230   384 0.90 length=391	scaffold=scaffold00254	strand=-
1604_g               -            597 3504at5820           -            686   2.2e-17   60.5  33.1   1   3     1e-11   2.9e-09   33.7  14.2     5   151    92   246    83   259 0.73 length=597	scaffold=scaffold00250	strand=-	adjustedToFrame=2
1604_g               -            597 3504at5820           -            686   2.2e-17   60.5  33.1   2   3   3.4e-12   9.6e-10   35.3   7.4   233   454   260   477   251   498 0.73 length=597	scaffold=scaffold00250	strand=-	adjustedToFrame=2
1604_g               -            597 3504at5820           -            686   2.2e-17   60.5  33.1   3   3      0.82   2.3e+02   -2.3   0.1   290   339   500   550   489   561 0.58 length=597	scaffold=scaffold00250	strand=-	adjustedToFrame=2
4074_g               -            889 3504at5820           -            686   7.3e-17   58.8   7.2   1   2   5.3e-05     0.015   11.5   0.1    50    95    81   124    70   131 0.76 length=889	scaffold=scaffold01665	strand=-	adjustedToFrame=3
4074_g               -            889 3504at5820           -            686   7.3e-17   58.8   7.2   2   2   6.1e-19   1.7e-16   57.6   3.8   285   472   238   429   224   438 0.80 length=889	scaffold=scaffold01665	strand=-	adjustedToFrame=3
2422_g               -            654 3504at5820           -            686   8.3e-17   58.6   5.6   1   2   4.5e-07   0.00013   18.3   0.3    68   120   276   330   198   364 0.76 length=654	scaffold=scaffold00506	strand=-
2422_g               -            654 3504at5820           -            686   8.3e-17   58.6   5.6   2   2   5.1e-17   1.5e-14   51.2   0.8   348   466   479   599   455   644 0.78 length=654	scaffold=scaffold00506	strand=-
3057_g               -            814 3504at5820           -            686   9.8e-16   55.1   1.0   1   2    0.0033      0.95    5.6   0.1    18   117   190   288   167   313 0.65 length=814	scaffold=scaffold00819	strand=+
3057_g               -            814 3504at5820           -            686   9.8e-16   55.1   1.0   2   2   3.5e-18   9.8e-16   55.1   1.0   353   469   445   564   386   622 0.82 length=814	scaffold=scaffold00819	strand=+
2156_g               -            475 3504at5820           -            686   2.2e-14   50.6   0.4   1   3      0.13        37    0.3   0.0    70    94    98   122    92   129 0.87 length=475	scaffold=scaffold00410	strand=+
2156_g               -            475 3504at5820           -            686   2.2e-14   50.6   0.4   2   3      0.49   1.4e+02   -1.6   0.1   164   199   215   251   198   332 0.63 length=475	scaffold=scaffold00410	strand=+
2156_g               -            475 3504at5820           -            686   2.2e-14   50.6   0.4   3   3     9e-16   2.6e-13   47.1   0.1   347   455   331   440   302   456 0.83 length=475	scaffold=scaffold00410	strand=+
1091_g               -            493 3504at5820           -            686   1.9e-13   47.6   0.2   1   2    0.0066       1.9    4.6   0.0    67    93   188   214   178   222 0.86 length=493	scaffold=scaffold00138	strand=-
1091_g               -            493 3504at5820           -            686   1.9e-13   47.6   0.2   2   2   6.5e-16   1.9e-13   47.6   0.2   350   465   355   471   337   483 0.89 length=493	scaffold=scaffold00138	strand=-
#
# Program:         hmmsearch
# Version:         3.1b2 (February 2015)
# Pipeline mode:   SEARCH
# Query file:      /export/home/bio1901/Documents/29_BINP/OrthoSearch/busco_downloads/lineages/plasmodium_odb10/hmms/3504at5820.hmm
# Target file:     Results/1_GeneSequences/PB.faa
# Option settings: /home/users/bio1901/miniconda3/envs/busco/bin/hmmsearch --domtblout /export/home/bio1901/Documents/29_BINP/OrthoSearch/PB/run_plasmodium_odb10/hmmer_output/3504at5820.out --cpu 1 /export/home/bio1901/Documents/29_BINP/OrthoSearch/busco_downloads/lineages/plasmodium_odb10/hmms/3504at5820.hmm Results/1_GeneSequences/PB.faa 
# Current dir:     /export/home/bio1901/Documents/29_BINP/OrthoSearch
# Date:            Sun Mar 15 17:57:32 2020
# [ok]
