#                                                                            --- full sequence --- -------------- this domain -------------   hmm coord   ali coord   env coord
# target name        accession   tlen query name           accession   qlen   E-value  score  bias   #  of  c-Evalue  i-Evalue  score  bias  from    to  from    to  from    to  acc description of target
#------------------- ---------- ----- -------------------- ---------- ----- --------- ------ ----- --- --- --------- --------- ------ ----- ----- ----- ----- ----- ----- ----- ---- ---------------------
2675_g               -            945 3505at5820           -            693    5e-234  776.5 124.7   1   6   7.8e-09   2.8e-06   23.7   5.7   100   152    10    61     2    88 0.74 length=945	scaffold=scaffold00611	strand=-	adjustedToFrame=2
2675_g               -            945 3505at5820           -            693    5e-234  776.5 124.7   2   6    0.0052       1.9    4.5   0.9   133   152   115   134   110   146 0.78 length=945	scaffold=scaffold00611	strand=-	adjustedToFrame=2
2675_g               -            945 3505at5820           -            693    5e-234  776.5 124.7   3   6   5.7e-19   2.1e-16   57.2   9.8   144   210   174   251   135   259 0.71 length=945	scaffold=scaffold00611	strand=-	adjustedToFrame=2
2675_g               -            945 3505at5820           -            693    5e-234  776.5 124.7   4   6   2.3e-72   8.2e-70  233.7  32.6   184   358   277   463   254   474 0.84 length=945	scaffold=scaffold00611	strand=-	adjustedToFrame=2
2675_g               -            945 3505at5820           -            693    5e-234  776.5 124.7   5   6   3.6e-43   1.3e-40  137.2  15.1   357   459   493   595   479   640 0.87 length=945	scaffold=scaffold00611	strand=-	adjustedToFrame=2
2675_g               -            945 3505at5820           -            693    5e-234  776.5 124.7   6   6  4.5e-107  1.6e-104  348.4  23.2   442   693   673   944   669   944 0.92 length=945	scaffold=scaffold00611	strand=-	adjustedToFrame=2
733_g                -            865 3505at5820           -            693   1.4e-27   94.1  10.2   1   4   2.3e-07   8.5e-05   18.9   0.0   564   632    16    85    10    93 0.89 length=865	scaffold=scaffold00078	strand=+
733_g                -            865 3505at5820           -            693   1.4e-27   94.1  10.2   2   4   3.5e-08   1.3e-05   21.6   0.1   565   629   105   169    98   185 0.89 length=865	scaffold=scaffold00078	strand=+
733_g                -            865 3505at5820           -            693   1.4e-27   94.1  10.2   3   4   8.3e-10     3e-07   27.0   0.2   565   626   194   253   177   267 0.87 length=865	scaffold=scaffold00078	strand=+
733_g                -            865 3505at5820           -            693   1.4e-27   94.1  10.2   4   4   1.1e-10   3.9e-08   29.9   1.1   557   640   385   468   302   473 0.83 length=865	scaffold=scaffold00078	strand=+
3867_g               -            446 3505at5820           -            693   1.9e-12   44.1   4.3   1   3   6.6e-05     0.024   10.8   0.1   565   640    44   123    41   127 0.79 length=446	scaffold=scaffold01456	strand=+
3867_g               -            446 3505at5820           -            693   1.9e-12   44.1   4.3   2   3   3.6e-08   1.3e-05   21.5   0.1   564   625   141   202   134   210 0.94 length=446	scaffold=scaffold01456	strand=+
3867_g               -            446 3505at5820           -            693   1.9e-12   44.1   4.3   3   3   3.4e-05     0.012   11.7   0.1   577   625   349   398   338   432 0.82 length=446	scaffold=scaffold01456	strand=+
3916_g               -            330 3505at5820           -            693   7.2e-11   38.9   0.3   1   1   2.8e-13     1e-10   38.4   0.3   555   637   225   309   193   316 0.85 length=330	scaffold=scaffold01499	strand=-
3449_g               -            446 3505at5820           -            693   1.9e-10   37.5   0.7   1   2   1.3e-09   4.9e-07   26.3   0.0   512   634   106   229    90   238 0.75 length=446	scaffold=scaffold01092	strand=+
3449_g               -            446 3505at5820           -            693   1.9e-10   37.5   0.7   2   2   5.3e-07   0.00019   17.7   0.1   563   621   238   296   234   302 0.91 length=446	scaffold=scaffold01092	strand=+
2817_g               -            153 3505at5820           -            693     2e-08   30.8   0.1   1   1   5.5e-11     2e-08   30.8   0.1   566   640     9    84     2   145 0.91 length=153	scaffold=scaffold00686	strand=+
3879_g               -            567 3505at5820           -            693   1.2e-06   25.0   0.1   1   1     5e-09   1.8e-06   24.4   0.1   562   639    53   131    28   146 0.85 length=567	scaffold=scaffold01467	strand=-	adjustedToFrame=2
927_g                -            168 3505at5820           -            693   4.8e-06   23.0   0.1   1   1   1.9e-08   6.8e-06   22.5   0.1   565   649    63   148    53   158 0.86 length=168	scaffold=scaffold00108	strand=-
3592_g               -            193 3505at5820           -            693   6.7e-06   22.5   0.2   1   1   3.1e-08   1.1e-05   21.8   0.2   567   626   116   176   105   185 0.88 length=193	scaffold=scaffold01208	strand=-
1432_g               -            321 3505at5820           -            693   0.00083   15.6  13.4   1   3    0.0018      0.65    6.0   0.2   491   524    68   101    61   109 0.57 length=321	scaffold=scaffold00211	strand=+	adjustedToFrame=2
1432_g               -            321 3505at5820           -            693   0.00083   15.6  13.4   2   3     3e-06    0.0011   15.2   0.2   581   624   112   155   103   167 0.88 length=321	scaffold=scaffold00211	strand=+	adjustedToFrame=2
1432_g               -            321 3505at5820           -            693   0.00083   15.6  13.4   3   3      0.15        56   -0.4   4.1   500   561   248   309   215   319 0.71 length=321	scaffold=scaffold00211	strand=+	adjustedToFrame=2
1733_g               -            239 3505at5820           -            693    0.0024   14.1   0.1   1   2     0.016       5.6    2.9   0.0   499   534    43    78     5    97 0.62 length=239	scaffold=scaffold00282	strand=+
1733_g               -            239 3505at5820           -            693    0.0024   14.1   0.1   2   2    0.0002     0.071    9.2   0.0   567   639   161   233   155   236 0.86 length=239	scaffold=scaffold00282	strand=+
#
# Program:         hmmsearch
# Version:         3.1b2 (February 2015)
# Pipeline mode:   SEARCH
# Query file:      /export/home/bio1901/Documents/29_BINP/OrthoSearch/busco_downloads/lineages/plasmodium_odb10/hmms/3505at5820.hmm
# Target file:     Results/1_GeneSequences/PB.faa
# Option settings: /home/users/bio1901/miniconda3/envs/busco/bin/hmmsearch --domtblout /export/home/bio1901/Documents/29_BINP/OrthoSearch/PB/run_plasmodium_odb10/hmmer_output/3505at5820.out --cpu 1 /export/home/bio1901/Documents/29_BINP/OrthoSearch/busco_downloads/lineages/plasmodium_odb10/hmms/3505at5820.hmm Results/1_GeneSequences/PB.faa 
# Current dir:     /export/home/bio1901/Documents/29_BINP/OrthoSearch
# Date:            Sun Mar 15 17:57:32 2020
# [ok]
