#                                                                            --- full sequence --- -------------- this domain -------------   hmm coord   ali coord   env coord
# target name        accession   tlen query name           accession   qlen   E-value  score  bias   #  of  c-Evalue  i-Evalue  score  bias  from    to  from    to  from    to  acc description of target
#------------------- ---------- ----- -------------------- ---------- ----- --------- ------ ----- --- --- --------- --------- ------ ----- ----- ----- ----- ----- ----- ----- ---- ---------------------
842_g                -            703 3507at5820           -            595         0 1199.3  31.2   1   2   1.7e-30   3.6e-28   96.1  10.3     7    80    44   122    38   148 0.89 length=703	scaffold=scaffold00095	strand=-
842_g                -            703 3507at5820           -            595         0 1199.3  31.2   2   2         0         0 1109.5  12.9    74   594   173   701   134   702 0.97 length=703	scaffold=scaffold00095	strand=-
2006_g               -            876 3507at5820           -            595  2.8e-111  370.6   0.1   1   1  1.3e-113  2.8e-111  370.6   0.1   140   571   182   627   170   635 0.92 length=876	scaffold=scaffold00363	strand=-
3472_g               -           1300 3507at5820           -            595    7e-106  352.7   2.2   1   2   7.2e-54   1.5e-51  173.3   0.5   139   372   608   842   585   875 0.94 length=1300	scaffold=scaffold01114	strand=-	adjustedToFrame=3
3472_g               -           1300 3507at5820           -            595    7e-106  352.7   2.2   2   2   2.2e-55   4.6e-53  178.3   0.0   139   357   992  1212   972  1233 0.94 length=1300	scaffold=scaffold01114	strand=-	adjustedToFrame=3
1406_g               -            957 3507at5820           -            595   6.8e-97  323.1   0.2   1   3      0.99   2.1e+02   -2.2   1.1    47    77   272   302   254   342 0.82 length=957	scaffold=scaffold00206	strand=+
1406_g               -            957 3507at5820           -            595   6.8e-97  323.1   0.2   2   3   3.3e-99   6.8e-97  323.1   0.2   131   585   381   856   349   866 0.87 length=957	scaffold=scaffold00206	strand=+
1406_g               -            957 3507at5820           -            595   6.8e-97  323.1   0.2   3   3       3.5   7.4e+02   -4.0   0.7   512   527   932   947   923   953 0.70 length=957	scaffold=scaffold00206	strand=+
2255_g               -            852 3507at5820           -            595   2.8e-96  321.0   0.0   1   2   8.2e-48   1.7e-45  153.3   0.0   140   371   209   441   204   451 0.96 length=852	scaffold=scaffold00443	strand=+	adjustedToFrame=2
2255_g               -            852 3507at5820           -            595   2.8e-96  321.0   0.0   2   2   1.8e-51   3.8e-49  165.4   0.0   131   371   475   717   452   728 0.89 length=852	scaffold=scaffold00443	strand=+	adjustedToFrame=2
2537_g               -           1064 3507at5820           -            595   7.6e-58  194.1   7.4   1   3   2.2e-05    0.0045   13.2   0.1   146   201   308   364   274   380 0.76 length=1064	scaffold=scaffold00550	strand=+
2537_g               -           1064 3507at5820           -            595   7.6e-58  194.1   7.4   2   3     1e-15   2.2e-13   47.3   0.7   223   357   424   561   416   573 0.79 length=1064	scaffold=scaffold00550	strand=+
2537_g               -           1064 3507at5820           -            595   7.6e-58  194.1   7.4   3   3     2e-42   4.2e-40  135.5   0.1   135   321   674   861   657   878 0.91 length=1064	scaffold=scaffold00550	strand=+
2871_g               -            412 3507at5820           -            595   3.6e-57  191.9   0.1   1   1   2.7e-59   5.7e-57  191.2   0.1   136   384   146   398   137   406 0.93 length=412	scaffold=scaffold00715	strand=+
687_g                -            439 3507at5820           -            595   2.3e-54  182.6   0.2   1   1   1.7e-56   3.5e-54  182.0   0.2   133   381   171   423   164   434 0.93 length=439	scaffold=scaffold00072	strand=-
3198_g               -            394 3507at5820           -            595   5.7e-54  181.3   0.0   1   1   3.4e-56   7.2e-54  181.0   0.0   139   356   133   354   121   391 0.93 length=394	scaffold=scaffold00911	strand=+
1457_g               -            452 3507at5820           -            595   2.2e-52  176.0   0.1   1   2       5.3   1.1e+03   -4.6   0.9   544   580    26    63    18    73 0.50 length=452	scaffold=scaffold00217	strand=+
1457_g               -            452 3507at5820           -            595   2.2e-52  176.0   0.1   2   2   1.1e-54   2.2e-52  176.0   0.1   141   370   196   429   183   449 0.90 length=452	scaffold=scaffold00217	strand=+
2435_g               -            393 3507at5820           -            595   1.2e-51  173.6   0.1   1   2       2.3   4.7e+02   -3.3   0.1   444   457    15    28     6    59 0.52 length=393	scaffold=scaffold00511	strand=-
2435_g               -            393 3507at5820           -            595   1.2e-51  173.6   0.1   2   2   5.8e-54   1.2e-51  173.6   0.1   136   363   131   362    89   386 0.91 length=393	scaffold=scaffold00511	strand=-
3562_g               -            465 3507at5820           -            595   2.7e-51  172.5   0.1   1   1   1.7e-53   3.7e-51  172.0   0.1   141   379   212   454   181   464 0.90 length=465	scaffold=scaffold01184	strand=-
3622_g               -           1227 3507at5820           -            595   1.3e-50  170.2   9.2   1   3   9.6e-09     2e-06   24.3   1.7   133   321   342   518   200   540 0.79 length=1227	scaffold=scaffold01231	strand=-
3622_g               -           1227 3507at5820           -            595   1.3e-50  170.2   9.2   2   3       1.3   2.8e+02   -2.6   0.9   510   584   586   661   568   671 0.50 length=1227	scaffold=scaffold01231	strand=-
3622_g               -           1227 3507at5820           -            595   1.3e-50  170.2   9.2   3   3   9.1e-50   1.9e-47  159.8   1.0   121   370   752  1006   743  1053 0.86 length=1227	scaffold=scaffold01231	strand=-
1654_g               -            771 3507at5820           -            595   6.7e-34  115.0   1.1   1   3       3.8     8e+02   -4.1   0.0   358   378   152   172   150   182 0.81 length=771	scaffold=scaffold00263	strand=-
1654_g               -            771 3507at5820           -            595   6.7e-34  115.0   1.1   2   3   3.3e-29   6.8e-27   91.9   0.1   169   356   267   469   220   528 0.84 length=771	scaffold=scaffold00263	strand=-
1654_g               -            771 3507at5820           -            595   6.7e-34  115.0   1.1   3   3   6.9e-08   1.4e-05   21.5   0.0   178   292   556   672   544   693 0.80 length=771	scaffold=scaffold00263	strand=-
2356_g               -           2497 3507at5820           -            595   9.8e-31  104.6   0.1   1   2   9.8e-27     2e-24   83.7   0.1   137   279  1748  1898  1667  1908 0.86 length=2497	scaffold=scaffold00484	strand=-
2356_g               -           2497 3507at5820           -            595   9.8e-31  104.6   0.1   2   2   9.9e-07   0.00021   17.7   0.0   267   327  1981  2041  1951  2063 0.88 length=2497	scaffold=scaffold00484	strand=-
792_g                -           1363 3507at5820           -            595   8.2e-14   48.7   0.1   1   1   1.1e-15   2.4e-13   47.2   0.1   147   328  1064  1242  1051  1321 0.79 length=1363	scaffold=scaffold00088	strand=-	adjustedToFrame=2
1029_g               -            551 3507at5820           -            595   9.8e-07   25.3   0.0   1   1   7.5e-09   1.6e-06   24.6   0.0   152   320   304   493   275   502 0.70 length=551	scaffold=scaffold00125	strand=+
261_g                -            532 3507at5820           -            595   0.00011   18.6   0.1   1   1   1.5e-06   0.00031   17.1   0.1   172   213    59   102    52   120 0.82 length=532	scaffold=scaffold00019	strand=+
3055_g               -            515 3507at5820           -            595   0.00012   18.4   0.0   1   2     0.057        12    1.9   0.0   155   200   235   280   228   300 0.87 length=515	scaffold=scaffold00818	strand=-
3055_g               -            515 3507at5820           -            595   0.00012   18.4   0.0   2   2   1.3e-05    0.0028   13.9   0.0   263   312   390   439   364   460 0.83 length=515	scaffold=scaffold00818	strand=-
#
# Program:         hmmsearch
# Version:         3.1b2 (February 2015)
# Pipeline mode:   SEARCH
# Query file:      /export/home/bio1901/Documents/29_BINP/OrthoSearch/busco_downloads/lineages/plasmodium_odb10/hmms/3507at5820.hmm
# Target file:     Results/1_GeneSequences/PB.faa
# Option settings: /home/users/bio1901/miniconda3/envs/busco/bin/hmmsearch --domtblout /export/home/bio1901/Documents/29_BINP/OrthoSearch/PB/run_plasmodium_odb10/hmmer_output/3507at5820.out --cpu 1 /export/home/bio1901/Documents/29_BINP/OrthoSearch/busco_downloads/lineages/plasmodium_odb10/hmms/3507at5820.hmm Results/1_GeneSequences/PB.faa 
# Current dir:     /export/home/bio1901/Documents/29_BINP/OrthoSearch
# Date:            Sun Mar 15 17:57:33 2020
# [ok]
