#                                                                            --- full sequence --- -------------- this domain -------------   hmm coord   ali coord   env coord
# target name        accession   tlen query name           accession   qlen   E-value  score  bias   #  of  c-Evalue  i-Evalue  score  bias  from    to  from    to  from    to  acc description of target
#------------------- ---------- ----- -------------------- ---------- ----- --------- ------ ----- --- --- --------- --------- ------ ----- ----- ----- ----- ----- ----- ----- ---- ---------------------
898_g                -            720 3514at5820           -            681         0 1462.7  40.6   1   2    7e-148    7e-145  481.7   7.6     3   241     4   245     1   251 0.93 length=720	scaffold=scaffold00103	strand=-
898_g                -            720 3514at5820           -            681         0 1462.7  40.6   2   2  1.1e-300  1.1e-297  986.7  28.0   217   681   246   719   237   719 0.97 length=720	scaffold=scaffold00103	strand=-
688_g                -            884 3514at5820           -            681  1.6e-169  563.2  29.4   1   3  6.4e-127  6.4e-124  412.5  10.4     3   402    67   470    65   493 0.91 length=884	scaffold=scaffold00073	strand=+	adjustedToFrame=2
688_g                -            884 3514at5820           -            681  1.6e-169  563.2  29.4   2   3   3.2e-52   3.1e-49  165.6  11.0   399   664   496   763   484   785 0.89 length=884	scaffold=scaffold00073	strand=+	adjustedToFrame=2
688_g                -            884 3514at5820           -            681  1.6e-169  563.2  29.4   3   3         4     4e+03   -7.2   7.2   216   267   799   845   782   871 0.49 length=884	scaffold=scaffold00073	strand=+	adjustedToFrame=2
341_g                -            988 3514at5820           -            681  2.4e-143  476.6  29.6   1   2   1.5e-13   1.5e-10   37.8   0.3     3    59   113   167   111   214 0.79 length=988	scaffold=scaffold00028	strand=-
341_g                -            988 3514at5820           -            681  2.4e-143  476.6  29.6   2   2  6.8e-136  6.8e-133  442.1  23.7    52   655   217   829   209   839 0.88 length=988	scaffold=scaffold00028	strand=-
3894_g               -            927 3514at5820           -            681   1.1e-87  292.7  51.7   1   2   5.2e-45   5.1e-42  141.8  16.6     4   257    76   361    73   367 0.74 length=927	scaffold=scaffold01482	strand=-
3894_g               -            927 3514at5820           -            681   1.1e-87  292.7  51.7   2   2     1e-49     1e-46  157.3  22.3   247   651   411   836   393   845 0.79 length=927	scaffold=scaffold01482	strand=-
#
# Program:         hmmsearch
# Version:         3.1b2 (February 2015)
# Pipeline mode:   SEARCH
# Query file:      /export/home/bio1901/Documents/29_BINP/OrthoSearch/busco_downloads/lineages/plasmodium_odb10/hmms/3514at5820.hmm
# Target file:     Results/1_GeneSequences/PB.faa
# Option settings: /home/users/bio1901/miniconda3/envs/busco/bin/hmmsearch --domtblout /export/home/bio1901/Documents/29_BINP/OrthoSearch/PB/run_plasmodium_odb10/hmmer_output/3514at5820.out --cpu 1 /export/home/bio1901/Documents/29_BINP/OrthoSearch/busco_downloads/lineages/plasmodium_odb10/hmms/3514at5820.hmm Results/1_GeneSequences/PB.faa 
# Current dir:     /export/home/bio1901/Documents/29_BINP/OrthoSearch
# Date:            Sun Mar 15 17:57:39 2020
# [ok]
