#                                                                            --- full sequence --- -------------- this domain -------------   hmm coord   ali coord   env coord
# target name        accession   tlen query name           accession   qlen   E-value  score  bias   #  of  c-Evalue  i-Evalue  score  bias  from    to  from    to  from    to  acc description of target
#------------------- ---------- ----- -------------------- ---------- ----- --------- ------ ----- --- --- --------- --------- ------ ----- ----- ----- ----- ----- ----- ----- ---- ---------------------
1712_g               -            332 3532at5820           -            596   4.2e-17   60.0   3.2   1   2   1.8e-17   2.4e-14   50.8   2.4    14   107   130   230   114   240 0.73 length=332	scaffold=scaffold00277	strand=-
1712_g               -            332 3532at5820           -            596   4.2e-17   60.0   3.2   2   2   0.00021      0.28    7.7   0.0   152   186   242   276   236   281 0.93 length=332	scaffold=scaffold00277	strand=-
750_g                -            466 3532at5820           -            596   1.5e-08   31.8   1.1   1   3    0.0013       1.8    5.1   0.0    47    84    82   119    78   139 0.87 length=466	scaffold=scaffold00080	strand=-
750_g                -            466 3532at5820           -            596   1.5e-08   31.8   1.1   2   3     4e-09   5.3e-06   23.3   0.0   156   226   148   214   141   236 0.85 length=466	scaffold=scaffold00080	strand=-
750_g                -            466 3532at5820           -            596   1.5e-08   31.8   1.1   3   3     0.059        79   -0.4   0.0   356   395   299   341   280   358 0.81 length=466	scaffold=scaffold00080	strand=-
1351_g               -            466 3532at5820           -            596   4.4e-06   23.6   0.0   1   2    0.0022       2.9    4.3   0.1    44    66    33    55     2    62 0.74 length=466	scaffold=scaffold00192	strand=+
1351_g               -            466 3532at5820           -            596   4.4e-06   23.6   0.0   2   2   2.6e-07   0.00034   17.3   0.0    99   245    65   211    56   242 0.76 length=466	scaffold=scaffold00192	strand=+
#
# Program:         hmmsearch
# Version:         3.1b2 (February 2015)
# Pipeline mode:   SEARCH
# Query file:      /export/home/bio1901/Documents/29_BINP/OrthoSearch/busco_downloads/lineages/plasmodium_odb10/hmms/3532at5820.hmm
# Target file:     Results/1_GeneSequences/PB.faa
# Option settings: /home/users/bio1901/miniconda3/envs/busco/bin/hmmsearch --domtblout /export/home/bio1901/Documents/29_BINP/OrthoSearch/PB/run_plasmodium_odb10/hmmer_output/3532at5820.out --cpu 1 /export/home/bio1901/Documents/29_BINP/OrthoSearch/busco_downloads/lineages/plasmodium_odb10/hmms/3532at5820.hmm Results/1_GeneSequences/PB.faa 
# Current dir:     /export/home/bio1901/Documents/29_BINP/OrthoSearch
# Date:            Sun Mar 15 17:57:52 2020
# [ok]
