#                                                                            --- full sequence --- -------------- this domain -------------   hmm coord   ali coord   env coord
# target name        accession   tlen query name           accession   qlen   E-value  score  bias   #  of  c-Evalue  i-Evalue  score  bias  from    to  from    to  from    to  acc description of target
#------------------- ---------- ----- -------------------- ---------- ----- --------- ------ ----- --- --- --------- --------- ------ ----- ----- ----- ----- ----- ----- ----- ---- ---------------------
3436_g               -           1066 3550at5820           -            599  5.1e-139  462.5 177.0   1   7   1.1e-47   4.3e-44  149.0   7.6    35   168     2   133     1   152 0.81 length=1066	scaffold=scaffold01082	strand=-
3436_g               -           1066 3550at5820           -            599  5.1e-139  462.5 177.0   2   7     1e-26   4.2e-23   79.7  18.9   136   261   224   349   206   371 0.66 length=1066	scaffold=scaffold01082	strand=-
3436_g               -           1066 3550at5820           -            599  5.1e-139  462.5 177.0   3   7   1.1e-16   4.6e-13   46.5  23.1   207   341   359   495   346   503 0.71 length=1066	scaffold=scaffold01082	strand=-
3436_g               -           1066 3550at5820           -            599  5.1e-139  462.5 177.0   4   7         1     4e+03  -20.3  46.5   211   378   496   672   494   674 0.67 length=1066	scaffold=scaffold01082	strand=-
3436_g               -           1066 3550at5820           -            599  5.1e-139  462.5 177.0   5   7   1.1e-47   4.3e-44  149.0  55.3   225   487   606   861   599   919 0.74 length=1066	scaffold=scaffold01082	strand=-
3436_g               -           1066 3550at5820           -            599  5.1e-139  462.5 177.0   6   7   3.5e-17   1.4e-13   48.2   8.9   463   520   949  1006   927  1019 0.74 length=1066	scaffold=scaffold01082	strand=-
3436_g               -           1066 3550at5820           -            599  5.1e-139  462.5 177.0   7   7   3.7e-08   0.00015   18.4   5.9   508   542  1019  1053  1000  1064 0.78 length=1066	scaffold=scaffold01082	strand=-
#
# Program:         hmmsearch
# Version:         3.1b2 (February 2015)
# Pipeline mode:   SEARCH
# Query file:      /export/home/bio1901/Documents/29_BINP/OrthoSearch/busco_downloads/lineages/plasmodium_odb10/hmms/3550at5820.hmm
# Target file:     Results/1_GeneSequences/PB.faa
# Option settings: /home/users/bio1901/miniconda3/envs/busco/bin/hmmsearch --domtblout /export/home/bio1901/Documents/29_BINP/OrthoSearch/PB/run_plasmodium_odb10/hmmer_output/3550at5820.out --cpu 1 /export/home/bio1901/Documents/29_BINP/OrthoSearch/busco_downloads/lineages/plasmodium_odb10/hmms/3550at5820.hmm Results/1_GeneSequences/PB.faa 
# Current dir:     /export/home/bio1901/Documents/29_BINP/OrthoSearch
# Date:            Sun Mar 15 17:57:54 2020
# [ok]
