#                                                                            --- full sequence --- -------------- this domain -------------   hmm coord   ali coord   env coord
# target name        accession   tlen query name           accession   qlen   E-value  score  bias   #  of  c-Evalue  i-Evalue  score  bias  from    to  from    to  from    to  acc description of target
#------------------- ---------- ----- -------------------- ---------- ----- --------- ------ ----- --- --- --------- --------- ------ ----- ----- ----- ----- ----- ----- ----- ---- ---------------------
759_g                -           3035 3557at5820           -            694   2.3e-46  156.5  18.7   1   9         6     4e+03  -14.5  25.0   185   365    95   284    73   298 0.67 length=3035	scaffold=scaffold00083	strand=+	adjustedToFrame=3
759_g                -           3035 3557at5820           -            694   2.3e-46  156.5  18.7   2   9         6     4e+03   -8.7  13.7   140   243   264   370   228   410 0.69 length=3035	scaffold=scaffold00083	strand=+	adjustedToFrame=3
759_g                -           3035 3557at5820           -            694   2.3e-46  156.5  18.7   3   9   1.6e-12     1e-09   35.3   0.6    16   163   446   603   434   613 0.75 length=3035	scaffold=scaffold00083	strand=+	adjustedToFrame=3
759_g                -           3035 3557at5820           -            694   2.3e-46  156.5  18.7   4   9     0.012       8.1    2.7   0.1   273   321   621   672   612   716 0.80 length=3035	scaffold=scaffold00083	strand=+	adjustedToFrame=3
759_g                -           3035 3557at5820           -            694   2.3e-46  156.5  18.7   5   9   4.5e-43     3e-40  136.3  11.7   338   690   744  1099   733  1106 0.86 length=3035	scaffold=scaffold00083	strand=+	adjustedToFrame=3
759_g                -           3035 3557at5820           -            694   2.3e-46  156.5  18.7   6   9         6     4e+03  -10.3  14.6   198   324  1240  1370  1207  1414 0.55 length=3035	scaffold=scaffold00083	strand=+	adjustedToFrame=3
759_g                -           3035 3557at5820           -            694   2.3e-46  156.5  18.7   7   9         6     4e+03   -7.8   9.5   161   285  1405  1529  1400  1557 0.62 length=3035	scaffold=scaffold00083	strand=+	adjustedToFrame=3
759_g                -           3035 3557at5820           -            694   2.3e-46  156.5  18.7   8   9         6     4e+03  -11.3  11.1   289   375  1703  1794  1681  1824 0.59 length=3035	scaffold=scaffold00083	strand=+	adjustedToFrame=3
759_g                -           3035 3557at5820           -            694   2.3e-46  156.5  18.7   9   9       1.3   8.7e+02   -4.1   1.5   178   228  2174  2225  2154  2239 0.72 length=3035	scaffold=scaffold00083	strand=+	adjustedToFrame=3
1676_g               -            762 3557at5820           -            694   8.1e-44  148.1  11.4   1   3   2.6e-14   1.7e-11   41.2   1.3    20   170   114   275    96   280 0.64 length=762	scaffold=scaffold00268	strand=-
1676_g               -            762 3557at5820           -            694   8.1e-44  148.1  11.4   2   3   6.6e-05     0.044   10.1   0.2   277   328   288   338   284   351 0.87 length=762	scaffold=scaffold00268	strand=-
1676_g               -            762 3557at5820           -            694   8.1e-44  148.1  11.4   3   3   7.8e-33   5.2e-30  102.4   0.0   359   685   397   731   378   739 0.86 length=762	scaffold=scaffold00268	strand=-
2847_g               -           1178 3557at5820           -            694   4.3e-43  145.7  30.1   1   6         6     4e+03   -9.7  10.0   174   259    49   141    30   206 0.64 length=1178	scaffold=scaffold00700	strand=-
2847_g               -           1178 3557at5820           -            694   4.3e-43  145.7  30.1   2   6       1.1   7.6e+02   -3.9   3.4   172   236   236   299   213   320 0.69 length=1178	scaffold=scaffold00700	strand=-
2847_g               -           1178 3557at5820           -            694   4.3e-43  145.7  30.1   3   6         6     4e+03  -11.2  19.1   170   267   325   424   316   433 0.70 length=1178	scaffold=scaffold00700	strand=-
2847_g               -           1178 3557at5820           -            694   4.3e-43  145.7  30.1   4   6   2.5e-12   1.6e-09   34.7   1.6     9   168   434   604   426   608 0.82 length=1178	scaffold=scaffold00700	strand=-
2847_g               -           1178 3557at5820           -            694   4.3e-43  145.7  30.1   5   6   2.1e-05     0.014   11.8   0.1   277   329   619   670   615   702 0.90 length=1178	scaffold=scaffold00700	strand=-
2847_g               -           1178 3557at5820           -            694   4.3e-43  145.7  30.1   6   6   6.9e-40   4.6e-37  125.8  21.0   333   691   782  1156   739  1159 0.82 length=1178	scaffold=scaffold00700	strand=-
3134_g               -            372 3557at5820           -            694   6.5e-37  125.3  44.0   1   3   2.5e-15   1.7e-12   44.6  12.1     1    97     1    96     1   112 0.84 length=372	scaffold=scaffold00866	strand=-
3134_g               -            372 3557at5820           -            694   6.5e-37  125.3  44.0   2   3   2.2e-30   1.4e-27   94.4  23.9    89   249   127   282   107   301 0.64 length=372	scaffold=scaffold00866	strand=-
3134_g               -            372 3557at5820           -            694   6.5e-37  125.3  44.0   3   3         6     4e+03  -13.3  16.4   182   238   288   344   245   371 0.38 length=372	scaffold=scaffold00866	strand=-
2955_g               -            397 3557at5820           -            694   1.5e-35  120.8   8.2   1   2   2.2e-38   1.5e-35  120.8   8.2   406   686    10   292     4   299 0.86 length=397	scaffold=scaffold00760	strand=+	adjustedToFrame=3
2955_g               -            397 3557at5820           -            694   1.5e-35  120.8   8.2   2   2         6     4e+03  -10.0   8.7   171   204   358   391   339   393 0.69 length=397	scaffold=scaffold00760	strand=+	adjustedToFrame=3
1943_g               -            949 3557at5820           -            694   1.5e-19   67.9  37.5   1   7         3     2e+03   -5.3   3.0   175   201    61    88    12   118 0.51 length=949	scaffold=scaffold00344	strand=-
1943_g               -            949 3557at5820           -            694   1.5e-19   67.9  37.5   2   7   2.3e-13   1.6e-10   38.1   4.7    92   168   136   213   126   223 0.89 length=949	scaffold=scaffold00344	strand=-
1943_g               -            949 3557at5820           -            694   1.5e-19   67.9  37.5   3   7         6     4e+03  -18.6  29.6   181   229   283   331   227   377 0.54 length=949	scaffold=scaffold00344	strand=-
1943_g               -            949 3557at5820           -            694   1.5e-19   67.9  37.5   4   7      0.46     3e+02   -2.6   0.0   308   349   384   419   379   424 0.76 length=949	scaffold=scaffold00344	strand=-
1943_g               -            949 3557at5820           -            694   1.5e-19   67.9  37.5   5   7   1.5e-12   9.9e-10   35.4   9.3   359   550   518   703   512   721 0.85 length=949	scaffold=scaffold00344	strand=-
1943_g               -            949 3557at5820           -            694   1.5e-19   67.9  37.5   6   7         6     4e+03  -14.7  17.8   190   220   732   753   698   781 0.39 length=949	scaffold=scaffold00344	strand=-
1943_g               -            949 3557at5820           -            694   1.5e-19   67.9  37.5   7   7   3.3e-09   2.2e-06   24.4   7.5   537   686   781   937   773   943 0.83 length=949	scaffold=scaffold00344	strand=-
#
# Program:         hmmsearch
# Version:         3.1b2 (February 2015)
# Pipeline mode:   SEARCH
# Query file:      /export/home/bio1901/Documents/29_BINP/OrthoSearch/busco_downloads/lineages/plasmodium_odb10/hmms/3557at5820.hmm
# Target file:     Results/1_GeneSequences/PB.faa
# Option settings: /home/users/bio1901/miniconda3/envs/busco/bin/hmmsearch --domtblout /export/home/bio1901/Documents/29_BINP/OrthoSearch/PB/run_plasmodium_odb10/hmmer_output/3557at5820.out --cpu 1 /export/home/bio1901/Documents/29_BINP/OrthoSearch/busco_downloads/lineages/plasmodium_odb10/hmms/3557at5820.hmm Results/1_GeneSequences/PB.faa 
# Current dir:     /export/home/bio1901/Documents/29_BINP/OrthoSearch
# Date:            Sun Mar 15 17:57:56 2020
# [ok]
