#                                                                            --- full sequence --- -------------- this domain -------------   hmm coord   ali coord   env coord
# target name        accession   tlen query name           accession   qlen   E-value  score  bias   #  of  c-Evalue  i-Evalue  score  bias  from    to  from    to  from    to  acc description of target
#------------------- ---------- ----- -------------------- ---------- ----- --------- ------ ----- --- --- --------- --------- ------ ----- ----- ----- ----- ----- ----- ----- ---- ---------------------
2543_g               -            720 3576at5820           -            580  1.2e-238  791.5  67.2   1   4   5.4e-41   7.2e-38  128.6   5.9     1    73     1    73     1    81 0.97 length=720	scaffold=scaffold00552	strand=+
2543_g               -            720 3576at5820           -            580  1.2e-238  791.5  67.2   2   4   6.3e-25   8.3e-22   75.5   8.8   117   181    84   151    79   191 0.87 length=720	scaffold=scaffold00552	strand=+
2543_g               -            720 3576at5820           -            580  1.2e-238  791.5  67.2   3   4   8.3e-26   1.1e-22   78.5   1.6   174   247   211   284   204   295 0.90 length=720	scaffold=scaffold00552	strand=+
2543_g               -            720 3576at5820           -            580  1.2e-238  791.5  67.2   4   4  1.1e-161  1.4e-158  527.1  27.5   235   580   351   718   317   718 0.90 length=720	scaffold=scaffold00552	strand=+
1747_g               -            649 3576at5820           -            580   3.6e-09   33.8  18.9   1   3   3.9e-11   5.1e-08   30.0  17.2    80   297    76   285    33   320 0.78 length=649	scaffold=scaffold00286	strand=-
1747_g               -            649 3576at5820           -            580   3.6e-09   33.8  18.9   2   3         3     4e+03  -11.0  14.3   305   508   321   532   295   563 0.64 length=649	scaffold=scaffold00286	strand=-
1747_g               -            649 3576at5820           -            580   3.6e-09   33.8  18.9   3   3   1.2e-05     0.015   11.9   0.0   525   572   582   629   573   637 0.86 length=649	scaffold=scaffold00286	strand=-
3885_g               -            535 3576at5820           -            580   0.00032   17.5   0.1   1   4   6.5e-05     0.087    9.4   4.9   245   311    36   102    29   128 0.76 length=535	scaffold=scaffold01473	strand=-
3885_g               -            535 3576at5820           -            580   0.00032   17.5   0.1   2   4      0.47   6.3e+02   -3.3   7.9   287   432   154   311   146   328 0.73 length=535	scaffold=scaffold01473	strand=-
3885_g               -            535 3576at5820           -            580   0.00032   17.5   0.1   3   4      0.19   2.5e+02   -2.0   1.8   198   249   358   412   328   430 0.63 length=535	scaffold=scaffold01473	strand=-
3885_g               -            535 3576at5820           -            580   0.00032   17.5   0.1   4   4   2.4e-07   0.00032   17.5   0.1   524   571   477   524   466   530 0.85 length=535	scaffold=scaffold01473	strand=-
#
# Program:         hmmsearch
# Version:         3.1b2 (February 2015)
# Pipeline mode:   SEARCH
# Query file:      /export/home/bio1901/Documents/29_BINP/OrthoSearch/busco_downloads/lineages/plasmodium_odb10/hmms/3576at5820.hmm
# Target file:     Results/1_GeneSequences/PB.faa
# Option settings: /home/users/bio1901/miniconda3/envs/busco/bin/hmmsearch --domtblout /export/home/bio1901/Documents/29_BINP/OrthoSearch/PB/run_plasmodium_odb10/hmmer_output/3576at5820.out --cpu 1 /export/home/bio1901/Documents/29_BINP/OrthoSearch/busco_downloads/lineages/plasmodium_odb10/hmms/3576at5820.hmm Results/1_GeneSequences/PB.faa 
# Current dir:     /export/home/bio1901/Documents/29_BINP/OrthoSearch
# Date:            Sun Mar 15 17:58:00 2020
# [ok]
