#                                                                            --- full sequence --- -------------- this domain -------------   hmm coord   ali coord   env coord
# target name        accession   tlen query name           accession   qlen   E-value  score  bias   #  of  c-Evalue  i-Evalue  score  bias  from    to  from    to  from    to  acc description of target
#------------------- ---------- ----- -------------------- ---------- ----- --------- ------ ----- --- --- --------- --------- ------ ----- ----- ----- ----- ----- ----- ----- ---- ---------------------
1863_g               -           1652 3582at5820           -            705  1.5e-179  596.3 134.0   1   7         2     4e+03  -11.1  36.4    12   128    23   141    12   145 0.67 length=1652	scaffold=scaffold00319	strand=-
1863_g               -           1652 3582at5820           -            705  1.5e-179  596.3 134.0   2   7         2     4e+03  -13.6  33.7    21   132   125   237   115   239 0.49 length=1652	scaffold=scaffold00319	strand=-
1863_g               -           1652 3582at5820           -            705  1.5e-179  596.3 134.0   3   7         2     4e+03   -6.8  23.0     8   125   194   305   189   311 0.65 length=1652	scaffold=scaffold00319	strand=-
1863_g               -           1652 3582at5820           -            705  1.5e-179  596.3 134.0   4   7   1.4e-97   2.8e-94  314.5  51.8     9   345   292   630   283   647 0.74 length=1652	scaffold=scaffold00319	strand=-
1863_g               -           1652 3582at5820           -            705  1.5e-179  596.3 134.0   5   7   3.5e-86   6.9e-83  276.8  40.9   322   620   760  1057   733  1065 0.78 length=1652	scaffold=scaffold00319	strand=-
1863_g               -           1652 3582at5820           -            705  1.5e-179  596.3 134.0   6   7   1.7e-13   3.4e-10   36.6  25.4   559   665  1065  1170  1054  1177 0.76 length=1652	scaffold=scaffold00319	strand=-
1863_g               -           1652 3582at5820           -            705  1.5e-179  596.3 134.0   7   7         2     4e+03  -12.9  26.2     9   137  1167  1304  1161  1316 0.53 length=1652	scaffold=scaffold00319	strand=-
2214_g               -            136 3582at5820           -            705       1.3    4.8  23.5   1   1   0.00071       1.4    4.8  23.5    33   110     6    76     1   132 0.31 length=136	scaffold=scaffold00428	strand=-
#
# Program:         hmmsearch
# Version:         3.1b2 (February 2015)
# Pipeline mode:   SEARCH
# Query file:      /export/home/bio1901/Documents/29_BINP/OrthoSearch/busco_downloads/lineages/plasmodium_odb10/hmms/3582at5820.hmm
# Target file:     Results/1_GeneSequences/PB.faa
# Option settings: /home/users/bio1901/miniconda3/envs/busco/bin/hmmsearch --domtblout /export/home/bio1901/Documents/29_BINP/OrthoSearch/PB/run_plasmodium_odb10/hmmer_output/3582at5820.out --cpu 1 /export/home/bio1901/Documents/29_BINP/OrthoSearch/busco_downloads/lineages/plasmodium_odb10/hmms/3582at5820.hmm Results/1_GeneSequences/PB.faa 
# Current dir:     /export/home/bio1901/Documents/29_BINP/OrthoSearch
# Date:            Sun Mar 15 17:58:04 2020
# [ok]
