#                                                                            --- full sequence --- -------------- this domain -------------   hmm coord   ali coord   env coord
# target name        accession   tlen query name           accession   qlen   E-value  score  bias   #  of  c-Evalue  i-Evalue  score  bias  from    to  from    to  from    to  acc description of target
#------------------- ---------- ----- -------------------- ---------- ----- --------- ------ ----- --- --- --------- --------- ------ ----- ----- ----- ----- ----- ----- ----- ---- ---------------------
340_g                -           2781 365at5820            -           2034         0 2012.6 396.0   1   5  2.5e-215  3.3e-212  705.5 153.9     1   768     1   929     1   934 0.70 length=2781	scaffold=scaffold00027	strand=-
340_g                -           2781 365at5820            -           2034         0 2012.6 396.0   2   5  4.5e-123    6e-120  399.5 150.6   531  1392   885  1888   870  1907 0.68 length=2781	scaffold=scaffold00027	strand=-
340_g                -           2781 365at5820            -           2034         0 2012.6 396.0   3   5   5.6e-14   7.4e-11   37.7  53.5  1117  1329  1724  1993  1708  2016 0.62 length=2781	scaffold=scaffold00027	strand=-
340_g                -           2781 365at5820            -           2034         0 2012.6 396.0   4   5  9.6e-259  1.3e-255  849.4  56.9  1378  1974  2001  2623  1993  2663 0.78 length=2781	scaffold=scaffold00027	strand=-
340_g                -           2781 365at5820            -           2034         0 2012.6 396.0   5   5   0.00027      0.36    5.6  18.5  1927  2033  2646  2756  2625  2761 0.67 length=2781	scaffold=scaffold00027	strand=-
1921_g               -            829 365at5820            -           2034   1.5e-07   26.7  33.1   1   3         3     4e+03  -15.6  28.8  1118  1255    72   231    15   254 0.34 length=829	scaffold=scaffold00336	strand=+
1921_g               -            829 365at5820            -           2034   1.5e-07   26.7  33.1   2   3       1.1   1.5e+03   -6.4  17.7   513   611   242   351   233   396 0.49 length=829	scaffold=scaffold00336	strand=+
1921_g               -            829 365at5820            -           2034   1.5e-07   26.7  33.1   3   3   1.2e-10   1.5e-07   26.7  33.1  1543  1905   432   803   423   822 0.80 length=829	scaffold=scaffold00336	strand=+
3610_g               -            328 365at5820            -           2034     0.022    9.6  38.2   1   1   2.2e-05     0.029    9.2  38.2   516   713    52   240     3   317 0.49 length=328	scaffold=scaffold01221	strand=-	adjustedToFrame=2
#
# Program:         hmmsearch
# Version:         3.1b2 (February 2015)
# Pipeline mode:   SEARCH
# Query file:      /export/home/bio1901/Documents/29_BINP/OrthoSearch/busco_downloads/lineages/plasmodium_odb10/hmms/365at5820.hmm
# Target file:     Results/1_GeneSequences/PB.faa
# Option settings: /home/users/bio1901/miniconda3/envs/busco/bin/hmmsearch --domtblout /export/home/bio1901/Documents/29_BINP/OrthoSearch/PB/run_plasmodium_odb10/hmmer_output/365at5820.out --cpu 1 /export/home/bio1901/Documents/29_BINP/OrthoSearch/busco_downloads/lineages/plasmodium_odb10/hmms/365at5820.hmm Results/1_GeneSequences/PB.faa 
# Current dir:     /export/home/bio1901/Documents/29_BINP/OrthoSearch
# Date:            Sun Mar 15 17:58:38 2020
# [ok]
