#                                                                            --- full sequence --- -------------- this domain -------------   hmm coord   ali coord   env coord
# target name        accession   tlen query name           accession   qlen   E-value  score  bias   #  of  c-Evalue  i-Evalue  score  bias  from    to  from    to  from    to  acc description of target
#------------------- ---------- ----- -------------------- ---------- ----- --------- ------ ----- --- --- --------- --------- ------ ----- ----- ----- ----- ----- ----- ----- ---- ---------------------
3148_g               -           1005 3668at5820           -            654  5.4e-146  485.5 156.4   1   6   3.6e-19   4.7e-16   56.1  16.1    10   121    41   154    31   166 0.69 length=1005	scaffold=scaffold00878	strand=-
3148_g               -           1005 3668at5820           -            654  5.4e-146  485.5 156.4   2   6  2.2e-102   2.9e-99  331.0  69.5    64   456   157   571   152   596 0.81 length=1005	scaffold=scaffold00878	strand=-
3148_g               -           1005 3668at5820           -            654  5.4e-146  485.5 156.4   3   6     1e-06    0.0014   14.9   6.9   454   488   600   634   591   664 0.83 length=1005	scaffold=scaffold00878	strand=-
3148_g               -           1005 3668at5820           -            654  5.4e-146  485.5 156.4   4   6    0.0051       6.8    2.7  18.6   480   555   671   748   641   760 0.72 length=1005	scaffold=scaffold00878	strand=-
3148_g               -           1005 3668at5820           -            654  5.4e-146  485.5 156.4   5   6     0.052        69   -0.6   0.6   512   531   759   778   745   783 0.81 length=1005	scaffold=scaffold00878	strand=-
3148_g               -           1005 3668at5820           -            654  5.4e-146  485.5 156.4   6   6   1.3e-30   1.8e-27   93.9  19.2   533   654   861  1003   832  1003 0.74 length=1005	scaffold=scaffold00878	strand=-
2472_g               -            328 3668at5820           -            654       1.1    5.3  30.1   1   1    0.0011       1.5    4.9  30.1    32   188    31   178     1   191 0.60 length=328	scaffold=scaffold00526	strand=+
1627_g               -            505 3668at5820           -            654       2.5    4.2  16.0   1   1     0.003         4    3.5  16.0   154   224     2    75     1    91 0.74 length=505	scaffold=scaffold00257	strand=+
#
# Program:         hmmsearch
# Version:         3.1b2 (February 2015)
# Pipeline mode:   SEARCH
# Query file:      /export/home/bio1901/Documents/29_BINP/OrthoSearch/busco_downloads/lineages/plasmodium_odb10/hmms/3668at5820.hmm
# Target file:     Results/1_GeneSequences/PB.faa
# Option settings: /home/users/bio1901/miniconda3/envs/busco/bin/hmmsearch --domtblout /export/home/bio1901/Documents/29_BINP/OrthoSearch/PB/run_plasmodium_odb10/hmmer_output/3668at5820.out --cpu 1 /export/home/bio1901/Documents/29_BINP/OrthoSearch/busco_downloads/lineages/plasmodium_odb10/hmms/3668at5820.hmm Results/1_GeneSequences/PB.faa 
# Current dir:     /export/home/bio1901/Documents/29_BINP/OrthoSearch
# Date:            Sun Mar 15 17:58:46 2020
# [ok]
