#                                                                            --- full sequence --- -------------- this domain -------------   hmm coord   ali coord   env coord
# target name        accession   tlen query name           accession   qlen   E-value  score  bias   #  of  c-Evalue  i-Evalue  score  bias  from    to  from    to  from    to  acc description of target
#------------------- ---------- ----- -------------------- ---------- ----- --------- ------ ----- --- --- --------- --------- ------ ----- ----- ----- ----- ----- ----- ----- ---- ---------------------
427_g                -            712 3676at5820           -            548  4.9e-236  782.3  49.3   1   4   2.1e-81   2.1e-78  262.1   5.5     4   197    18   213    14   231 0.89 length=712	scaffold=scaffold00038	strand=-
427_g                -            712 3676at5820           -            548  4.9e-236  782.3  49.3   2   4   1.8e-14   1.8e-11   41.1   7.6   188   245   265   329   252   353 0.83 length=712	scaffold=scaffold00038	strand=-
427_g                -            712 3676at5820           -            548  4.9e-236  782.3  49.3   3   4   2.5e-72   2.5e-69  232.1   0.6   248   390   358   499   347   511 0.94 length=712	scaffold=scaffold00038	strand=-
427_g                -            712 3676at5820           -            548  4.9e-236  782.3  49.3   4   4     5e-82     5e-79  264.1  13.1   391   547   545   705   535   706 0.94 length=712	scaffold=scaffold00038	strand=-
3365_g               -            427 3676at5820           -            548     1e-70  236.7  31.0   1   1   3.8e-71   3.7e-68  228.2  31.0   151   544    20   424     1   426 0.76 length=427	scaffold=scaffold01026	strand=-
1332_g               -           1728 3676at5820           -            548   1.9e-17   60.9  16.3   1   2   1.3e-11   1.3e-08   31.7   9.8   338   513   419   597   357   602 0.76 length=1728	scaffold=scaffold00187	strand=+
1332_g               -           1728 3676at5820           -            548   1.9e-17   60.9  16.3   2   2   2.5e-11   2.5e-08   30.7   0.4   470   513  1249  1293  1208  1298 0.90 length=1728	scaffold=scaffold00187	strand=+
297_g                -            721 3676at5820           -            548     1e-09   35.4  33.3   1   3       0.3     3e+02   -2.5   6.4   187   223   110   148    88   169 0.70 length=721	scaffold=scaffold00022	strand=-
297_g                -            721 3676at5820           -            548     1e-09   35.4  33.3   2   3      0.41   4.1e+02   -3.0   1.4   263   329   244   311   163   317 0.47 length=721	scaffold=scaffold00022	strand=-
297_g                -            721 3676at5820           -            548     1e-09   35.4  33.3   3   3     1e-12     1e-09   35.4  33.3   186   516   356   701   344   717 0.72 length=721	scaffold=scaffold00022	strand=-
#
# Program:         hmmsearch
# Version:         3.1b2 (February 2015)
# Pipeline mode:   SEARCH
# Query file:      /export/home/bio1901/Documents/29_BINP/OrthoSearch/busco_downloads/lineages/plasmodium_odb10/hmms/3676at5820.hmm
# Target file:     Results/1_GeneSequences/PB.faa
# Option settings: /home/users/bio1901/miniconda3/envs/busco/bin/hmmsearch --domtblout /export/home/bio1901/Documents/29_BINP/OrthoSearch/PB/run_plasmodium_odb10/hmmer_output/3676at5820.out --cpu 1 /export/home/bio1901/Documents/29_BINP/OrthoSearch/busco_downloads/lineages/plasmodium_odb10/hmms/3676at5820.hmm Results/1_GeneSequences/PB.faa 
# Current dir:     /export/home/bio1901/Documents/29_BINP/OrthoSearch
# Date:            Sun Mar 15 17:59:17 2020
# [ok]
