#                                                                            --- full sequence --- -------------- this domain -------------   hmm coord   ali coord   env coord
# target name        accession   tlen query name           accession   qlen   E-value  score  bias   #  of  c-Evalue  i-Evalue  score  bias  from    to  from    to  from    to  acc description of target
#------------------- ---------- ----- -------------------- ---------- ----- --------- ------ ----- --- --- --------- --------- ------ ----- ----- ----- ----- ----- ----- ----- ---- ---------------------
2148_g               -           2492 367at5820            -           1769         0 2276.9 197.2   1   9   7.4e-64   5.9e-61  204.0   9.7     1   188     1   194     1   208 0.84 length=2492	scaffold=scaffold00407	strand=-
2148_g               -           2492 367at5820            -           1769         0 2276.9 197.2   2   9   1.7e-40   1.3e-37  126.6   0.5   155   250   256   350   206   370 0.73 length=2492	scaffold=scaffold00407	strand=-
2148_g               -           2492 367at5820            -           1769         0 2276.9 197.2   3   9   1.6e-93   1.3e-90  302.4  10.7   249   440   386   581   354   599 0.88 length=2492	scaffold=scaffold00407	strand=-
2148_g               -           2492 367at5820            -           1769         0 2276.9 197.2   4   9    2e-186  1.6e-183  610.4  17.6   446   855   652  1100   640  1117 0.91 length=2492	scaffold=scaffold00407	strand=-
2148_g               -           2492 367at5820            -           1769         0 2276.9 197.2   5   9   3.6e-62   2.8e-59  198.5  23.0   850  1022  1133  1316  1129  1330 0.90 length=2492	scaffold=scaffold00407	strand=-
2148_g               -           2492 367at5820            -           1769         0 2276.9 197.2   6   9   7.2e-48   5.8e-45  151.0   7.4  1018  1130  1445  1557  1428  1587 0.88 length=2492	scaffold=scaffold00407	strand=-
2148_g               -           2492 367at5820            -           1769         0 2276.9 197.2   7   9   0.00025       0.2    6.7   0.1  1117  1152  1637  1671  1627  1681 0.84 length=2492	scaffold=scaffold00407	strand=-
2148_g               -           2492 367at5820            -           1769         0 2276.9 197.2   8   9   9.3e-92   7.4e-89  296.5  32.4  1143  1373  1716  1945  1690  1973 0.90 length=2492	scaffold=scaffold00407	strand=-
2148_g               -           2492 367at5820            -           1769         0 2276.9 197.2   9   9  3.7e-130    3e-127  423.8  38.9  1383  1723  2129  2484  2111  2490 0.94 length=2492	scaffold=scaffold00407	strand=-
1314_g               -            508 367at5820            -           1769   1.6e-33  113.1  26.9   1   3   1.3e-26     1e-23   80.6  19.1   122   382    78   350    41   353 0.79 length=508	scaffold=scaffold00184	strand=+
1314_g               -            508 367at5820            -           1769   1.6e-33  113.1  26.9   2   3   1.8e-08   1.4e-05   20.4   0.3   546   580   324   359   321   371 0.82 length=508	scaffold=scaffold00184	strand=+
1314_g               -            508 367at5820            -           1769   1.6e-33  113.1  26.9   3   3   5.2e-13   4.2e-10   35.5   0.4   191   298   372   480   367   496 0.82 length=508	scaffold=scaffold00184	strand=+
1615_g               -            484 367at5820            -           1769   3.7e-25   85.4  10.3   1   2   2.5e-13     2e-10   36.5   0.7   491   575    72   153    66   177 0.87 length=484	scaffold=scaffold00253	strand=-
1615_g               -            484 367at5820            -           1769   3.7e-25   85.4  10.3   2   2   2.4e-18   1.9e-15   53.2   2.9   196   350   240   406   192   413 0.83 length=484	scaffold=scaffold00253	strand=-
4015_g               -            885 367at5820            -           1769   5.5e-12   41.7   4.3   1   5   6.8e-15   5.5e-12   41.7   4.3   494   617    17   138     3   151 0.83 length=885	scaffold=scaffold01601	strand=-
4015_g               -            885 367at5820            -           1769   5.5e-12   41.7   4.3   2   5   8.4e-07   0.00067   14.9  18.5   130   340   293   507   230   526 0.70 length=885	scaffold=scaffold01601	strand=-
4015_g               -            885 367at5820            -           1769   5.5e-12   41.7   4.3   3   5      0.77   6.1e+02   -4.9   3.8   121   148   544   571   512   622 0.46 length=885	scaffold=scaffold01601	strand=-
4015_g               -            885 367at5820            -           1769   5.5e-12   41.7   4.3   4   5         5     4e+03  -19.5  26.0   125   183   655   712   637   733 0.44 length=885	scaffold=scaffold01601	strand=-
4015_g               -            885 367at5820            -           1769   5.5e-12   41.7   4.3   5   5         5     4e+03  -11.2  12.8    91   191   710   817   709   860 0.39 length=885	scaffold=scaffold01601	strand=-
3130_g               -            544 367at5820            -           1769   6.8e-05   18.2   3.2   1   3     0.041        33   -0.7  15.1   657   864     8   233     4   278 0.66 length=544	scaffold=scaffold00863	strand=+
3130_g               -            544 367at5820            -           1769   6.8e-05   18.2   3.2   2   3   8.5e-08   6.8e-05   18.2   3.2   157   235   255   337   220   347 0.57 length=544	scaffold=scaffold00863	strand=+
3130_g               -            544 367at5820            -           1769   6.8e-05   18.2   3.2   3   3   0.00027      0.22    6.5   4.6   529   617   432   526   381   534 0.66 length=544	scaffold=scaffold00863	strand=+
#
# Program:         hmmsearch
# Version:         3.1b2 (February 2015)
# Pipeline mode:   SEARCH
# Query file:      /export/home/bio1901/Documents/29_BINP/OrthoSearch/busco_downloads/lineages/plasmodium_odb10/hmms/367at5820.hmm
# Target file:     Results/1_GeneSequences/PB.faa
# Option settings: /home/users/bio1901/miniconda3/envs/busco/bin/hmmsearch --domtblout /export/home/bio1901/Documents/29_BINP/OrthoSearch/PB/run_plasmodium_odb10/hmmer_output/367at5820.out --cpu 1 /export/home/bio1901/Documents/29_BINP/OrthoSearch/busco_downloads/lineages/plasmodium_odb10/hmms/367at5820.hmm Results/1_GeneSequences/PB.faa 
# Current dir:     /export/home/bio1901/Documents/29_BINP/OrthoSearch
# Date:            Sun Mar 15 17:59:19 2020
# [ok]
