#                                                                            --- full sequence --- -------------- this domain -------------   hmm coord   ali coord   env coord
# target name        accession   tlen query name           accession   qlen   E-value  score  bias   #  of  c-Evalue  i-Evalue  score  bias  from    to  from    to  from    to  acc description of target
#------------------- ---------- ----- -------------------- ---------- ----- --------- ------ ----- --- --- --------- --------- ------ ----- ----- ----- ----- ----- ----- ----- ---- ---------------------
2563_g               -            949 3757at5820           -            645  1.9e-104  348.1  47.3   1   7         1     4e+03   -7.8   8.0   305   350    35    69    12    81 0.44 length=949	scaffold=scaffold00559	strand=-	adjustedToFrame=2
2563_g               -            949 3757at5820           -            645  1.9e-104  348.1  47.3   2   7     8e-74   3.2e-70  235.1  31.7   124   318   114   306    73   344 0.86 length=949	scaffold=scaffold00559	strand=-	adjustedToFrame=2
2563_g               -            949 3757at5820           -            645  1.9e-104  348.1  47.3   3   7         1     4e+03  -11.7  21.2   279   334   354   413   344   429 0.62 length=949	scaffold=scaffold00559	strand=-	adjustedToFrame=2
2563_g               -            949 3757at5820           -            645  1.9e-104  348.1  47.3   4   7      0.32   1.3e+03   -4.8   3.5   281   331   443   497   435   515 0.49 length=949	scaffold=scaffold00559	strand=-	adjustedToFrame=2
2563_g               -            949 3757at5820           -            645  1.9e-104  348.1  47.3   5   7         1     4e+03   -7.8   7.0   302   338   517   554   477   579 0.60 length=949	scaffold=scaffold00559	strand=-	adjustedToFrame=2
2563_g               -            949 3757at5820           -            645  1.9e-104  348.1  47.3   6   7      0.41   1.6e+03   -5.2   5.8   282   342   555   621   548   627 0.64 length=949	scaffold=scaffold00559	strand=-	adjustedToFrame=2
2563_g               -            949 3757at5820           -            645  1.9e-104  348.1  47.3   7   7   1.9e-41   7.5e-38  128.1   7.6   339   452   829   945   800   947 0.90 length=949	scaffold=scaffold00559	strand=-	adjustedToFrame=2
#
# Program:         hmmsearch
# Version:         3.1b2 (February 2015)
# Pipeline mode:   SEARCH
# Query file:      /export/home/bio1901/Documents/29_BINP/OrthoSearch/busco_downloads/lineages/plasmodium_odb10/hmms/3757at5820.hmm
# Target file:     Results/1_GeneSequences/PB.faa
# Option settings: /home/users/bio1901/miniconda3/envs/busco/bin/hmmsearch --domtblout /export/home/bio1901/Documents/29_BINP/OrthoSearch/PB/run_plasmodium_odb10/hmmer_output/3757at5820.out --cpu 1 /export/home/bio1901/Documents/29_BINP/OrthoSearch/busco_downloads/lineages/plasmodium_odb10/hmms/3757at5820.hmm Results/1_GeneSequences/PB.faa 
# Current dir:     /export/home/bio1901/Documents/29_BINP/OrthoSearch
# Date:            Sun Mar 15 17:59:27 2020
# [ok]
