#                                                                            --- full sequence --- -------------- this domain -------------   hmm coord   ali coord   env coord
# target name        accession   tlen query name           accession   qlen   E-value  score  bias   #  of  c-Evalue  i-Evalue  score  bias  from    to  from    to  from    to  acc description of target
#------------------- ---------- ----- -------------------- ---------- ----- --------- ------ ----- --- --- --------- --------- ------ ----- ----- ----- ----- ----- ----- ----- ---- ---------------------
1943_g               -            949 3774at5820           -            638         0 1080.3  50.1   1   5   7.3e-23   3.6e-20   69.7   1.2     1    50     1    50     1    53 0.96 length=949	scaffold=scaffold00344	strand=-
1943_g               -            949 3774at5820           -            638         0 1080.3  50.1   2   5   2.6e-93   1.3e-90  302.4   4.1    47   209    91   255    80   265 0.95 length=949	scaffold=scaffold00344	strand=-
1943_g               -            949 3774at5820           -            638         0 1080.3  50.1   3   5   3.6e-19   1.8e-16   57.5   0.5   207   245   382   420   379   426 0.95 length=949	scaffold=scaffold00344	strand=-
1943_g               -            949 3774at5820           -            638         0 1080.3  50.1   4   5  4.3e-129  2.1e-126  420.6   4.1   230   485   452   695   443   706 0.94 length=949	scaffold=scaffold00344	strand=-
1943_g               -            949 3774at5820           -            638         0 1080.3  50.1   5   5   3.6e-78   1.8e-75  252.4  10.8   481   634   775   939   770   943 0.94 length=949	scaffold=scaffold00344	strand=-
759_g                -           3035 3774at5820           -            638  2.5e-135  450.1  15.5   1   1  9.6e-138  4.8e-135  449.2  15.5     3   632   443  1095   441  1103 0.89 length=3035	scaffold=scaffold00083	strand=+	adjustedToFrame=3
1676_g               -            762 3774at5820           -            638  3.3e-135  449.7   3.1   1   2   4.6e-71   2.3e-68  228.9   2.5     3   225   107   334   105   350 0.92 length=762	scaffold=scaffold00268	strand=-
1676_g               -            762 3774at5820           -            638  3.3e-135  449.7   3.1   2   2   2.8e-68   1.4e-65  219.7   0.0   262   632   349   732   337   740 0.87 length=762	scaffold=scaffold00268	strand=-
2847_g               -           1178 3774at5820           -            638   1.9e-99  331.6  28.7   1   3   1.3e-58   6.6e-56  187.7   4.8     2   231   437   671   436   675 0.93 length=1178	scaffold=scaffold00700	strand=-
2847_g               -           1178 3774at5820           -            638   1.9e-99  331.6  28.7   2   3     0.001      0.51    6.4   0.1   258   287   677   706   670   783 0.75 length=1178	scaffold=scaffold00700	strand=-
2847_g               -           1178 3774at5820           -            638   1.9e-99  331.6  28.7   3   3   1.1e-45   5.6e-43  145.0  13.2   262   631   770  1147   762  1155 0.81 length=1178	scaffold=scaffold00700	strand=-
3605_g               -            884 3774at5820           -            638   1.1e-62  210.2   2.3   1   3   2.5e-41   1.2e-38  130.7   0.2     2   139   623   761   622   763 0.91 length=884	scaffold=scaffold01217	strand=-
3605_g               -            884 3774at5820           -            638   1.1e-62  210.2   2.3   2   3   1.3e-07   6.4e-05   19.3   0.1   191   233   763   808   759   812 0.88 length=884	scaffold=scaffold01217	strand=-
3605_g               -            884 3774at5820           -            638   1.1e-62  210.2   2.3   3   3   1.4e-19     7e-17   58.8   0.0   263   326   818   881   815   884 0.95 length=884	scaffold=scaffold01217	strand=-
2955_g               -            397 3774at5820           -            638   2.2e-55  186.0   3.9   1   1   5.6e-58   2.8e-55  185.7   3.9   344   632     1   292     1   295 0.87 length=397	scaffold=scaffold00760	strand=+	adjustedToFrame=3
3310_g               -           1432 3774at5820           -            638   9.6e-55  183.9  24.7   1   4     8e-30     4e-27   92.6   0.1     3   128   424   550   422   552 0.90 length=1432	scaffold=scaffold00985	strand=-
3310_g               -           1432 3774at5820           -            638   9.6e-55  183.9  24.7   2   4     1e-06    0.0005   16.3   0.9   150   227   550   633   550   643 0.81 length=1432	scaffold=scaffold00985	strand=-
3310_g               -           1432 3774at5820           -            638   9.6e-55  183.9  24.7   3   4   6.5e-26   3.2e-23   79.7   3.8   262   426   878  1059   875  1078 0.87 length=1432	scaffold=scaffold00985	strand=-
3310_g               -           1432 3774at5820           -            638   9.6e-55  183.9  24.7   4   4    0.0002       0.1    8.7   1.9   504   572  1310  1379  1279  1398 0.74 length=1432	scaffold=scaffold00985	strand=-
3134_g               -            372 3774at5820           -            638   3.6e-09   33.3   4.0   1   1   1.1e-11   5.6e-09   32.7   4.0    87   173   126   212   121   233 0.90 length=372	scaffold=scaffold00866	strand=-
#
# Program:         hmmsearch
# Version:         3.1b2 (February 2015)
# Pipeline mode:   SEARCH
# Query file:      /export/home/bio1901/Documents/29_BINP/OrthoSearch/busco_downloads/lineages/plasmodium_odb10/hmms/3774at5820.hmm
# Target file:     Results/1_GeneSequences/PB.faa
# Option settings: /home/users/bio1901/miniconda3/envs/busco/bin/hmmsearch --domtblout /export/home/bio1901/Documents/29_BINP/OrthoSearch/PB/run_plasmodium_odb10/hmmer_output/3774at5820.out --cpu 1 /export/home/bio1901/Documents/29_BINP/OrthoSearch/busco_downloads/lineages/plasmodium_odb10/hmms/3774at5820.hmm Results/1_GeneSequences/PB.faa 
# Current dir:     /export/home/bio1901/Documents/29_BINP/OrthoSearch
# Date:            Sun Mar 15 17:59:38 2020
# [ok]
