#                                                                            --- full sequence --- -------------- this domain -------------   hmm coord   ali coord   env coord
# target name        accession   tlen query name           accession   qlen   E-value  score  bias   #  of  c-Evalue  i-Evalue  score  bias  from    to  from    to  from    to  acc description of target
#------------------- ---------- ----- -------------------- ---------- ----- --------- ------ ----- --- --- --------- --------- ------ ----- ----- ----- ----- ----- ----- ----- ---- ---------------------
1937_g               -           1358 3783at5820           -            543  5.7e-285  943.7  26.2   1   2   7.7e-22   1.4e-19   67.7   0.2    12    64   184   236   179   260 0.86 length=1358	scaffold=scaffold00342	strand=+	adjustedToFrame=2
1937_g               -           1358 3783at5820           -            543  5.7e-285  943.7  26.2   2   2  1.9e-267  3.4e-265  878.4  21.1    64   528   311   780   304   801 0.95 length=1358	scaffold=scaffold00342	strand=+	adjustedToFrame=2
4074_g               -            889 3783at5820           -            543   1.4e-64  216.3   8.5   1   2   7.7e-67   1.4e-64  216.3   8.5    18   385    78   456    69   482 0.87 length=889	scaffold=scaffold01665	strand=-	adjustedToFrame=3
4074_g               -            889 3783at5820           -            543   1.4e-64  216.3   8.5   2   2       4.2   7.6e+02   -4.0   4.9   425   507   718   804   647   827 0.68 length=889	scaffold=scaffold01665	strand=-	adjustedToFrame=3
1618_g               -            391 3783at5820           -            543   2.3e-61  205.6   2.3   1   1   1.6e-63     3e-61  205.3   2.3    12   364    29   381    27   389 0.88 length=391	scaffold=scaffold00254	strand=-
1035_g               -            652 3783at5820           -            543   7.6e-61  203.9   4.7   1   2   3.6e-07   6.4e-05   19.3   0.0    20    61   253   294   243   301 0.82 length=652	scaffold=scaffold00126	strand=-	adjustedToFrame=2
1035_g               -            652 3783at5820           -            543   7.6e-61  203.9   4.7   2   2   7.9e-57   1.4e-54  183.2   3.5    58   345   330   615   306   628 0.94 length=652	scaffold=scaffold00126	strand=-	adjustedToFrame=2
2407_g               -            396 3783at5820           -            543   7.1e-58  194.1   0.5   1   1   5.1e-60   9.3e-58  193.7   0.5    12   359    36   381    27   392 0.86 length=396	scaffold=scaffold00502	strand=+
207_g                -            641 3783at5820           -            543   2.6e-55  185.7   0.1   1   1   2.6e-57   4.8e-55  184.8   0.1    12   368   205   573   202   592 0.85 length=641	scaffold=scaffold00014	strand=+
3826_g               -           1126 3783at5820           -            543   2.4e-53  179.2   0.2   1   2       2.7   4.9e+02   -3.4   0.2    79   111   356   390   350   394 0.76 length=1126	scaffold=scaffold01419	strand=-	adjustedToFrame=3
3826_g               -           1126 3783at5820           -            543   2.4e-53  179.2   0.2   2   2   2.8e-54     5e-52  174.8   0.0    21   349   721  1079   710  1098 0.82 length=1126	scaffold=scaffold01419	strand=-	adjustedToFrame=3
3057_g               -            814 3783at5820           -            543   7.3e-50  167.7   2.6   1   1     4e-52   7.3e-50  167.7   2.6    18   359   222   562   211   593 0.88 length=814	scaffold=scaffold00819	strand=+
2422_g               -            654 3783at5820           -            543   8.6e-50  167.5   4.3   1   1   8.5e-52   1.5e-49  166.6   4.3    22   364   261   607   250   634 0.89 length=654	scaffold=scaffold00506	strand=-
1925_g               -            866 3783at5820           -            543   5.5e-48  161.5   1.8   1   3   1.6e-06    0.0003   17.2   0.0    16    62   328   374   316   381 0.78 length=866	scaffold=scaffold00338	strand=-
1925_g               -            866 3783at5820           -            543   5.5e-48  161.5   1.8   2   3   9.5e-20   1.7e-17   60.8   0.0    60   166   399   505   394   512 0.94 length=866	scaffold=scaffold00338	strand=-
1925_g               -            866 3783at5820           -            543   5.5e-48  161.5   1.8   3   3   6.7e-26   1.2e-23   81.1   0.2   171   353   544   721   535   735 0.85 length=866	scaffold=scaffold00338	strand=-
2139_g               -            551 3783at5820           -            543   5.8e-46  154.8   5.5   1   1   4.5e-48   8.2e-46  154.3   5.5    19   356   144   494   133   525 0.81 length=551	scaffold=scaffold00403	strand=+
2360_g               -            960 3783at5820           -            543     4e-45  152.1  23.3   1   1     6e-47   1.1e-44  150.6  23.3    13   413   140   560   134   648 0.80 length=960	scaffold=scaffold00485	strand=-
3581_g               -           1373 3783at5820           -            543   5.1e-41  138.5  10.5   1   1   2.8e-43   5.1e-41  138.5  10.5    22   343   240   570   228   581 0.88 length=1373	scaffold=scaffold01199	strand=+
1091_g               -            493 3783at5820           -            543   4.8e-40  135.3   0.9   1   2   2.2e-08     4e-06   23.3   0.0    13    63   165   215   158   222 0.90 length=493	scaffold=scaffold00138	strand=-
1091_g               -            493 3783at5820           -            543   4.8e-40  135.3   0.9   2   2   3.2e-37   5.8e-35  118.5   0.4    98   367   221   483   215   489 0.88 length=493	scaffold=scaffold00138	strand=-
1604_g               -            597 3783at5820           -            543   1.7e-37  126.9  11.3   1   1   1.3e-39   2.4e-37  126.4  11.3    16   349   136   483   127   521 0.77 length=597	scaffold=scaffold00250	strand=-	adjustedToFrame=2
2156_g               -            475 3783at5820           -            543   3.4e-37  125.9   2.7   1   2    0.0024      0.43    6.7   0.0    15    62    74   121    64   124 0.87 length=475	scaffold=scaffold00410	strand=+
2156_g               -            475 3783at5820           -            543   3.4e-37  125.9   2.7   2   2   5.6e-37     1e-34  117.7   2.1    68   354   163   451   157   468 0.81 length=475	scaffold=scaffold00410	strand=+
291_g                -           1572 3783at5820           -            543   1.8e-29  100.4   9.3   1   1   9.7e-32   1.8e-29  100.4   9.3    20   364   438   819   428   833 0.73 length=1572	scaffold=scaffold00022	strand=-
1972_g               -            784 3783at5820           -            543   1.2e-26   91.1  14.6   1   2   1.9e-05    0.0034   13.6   0.0    23    64   226   267   212   314 0.72 length=784	scaffold=scaffold00352	strand=-
1972_g               -            784 3783at5820           -            543   1.2e-26   91.1  14.6   2   2   8.3e-25   1.5e-22   77.5  12.1    67   369   314   614   303   628 0.86 length=784	scaffold=scaffold00352	strand=-
3083_g               -           1381 3783at5820           -            543   1.7e-22   77.3  10.9   1   4   6.9e-05     0.013   11.8   0.0    19    64    21    69    12    81 0.82 length=1381	scaffold=scaffold00835	strand=-
3083_g               -           1381 3783at5820           -            543   1.7e-22   77.3  10.9   2   4   2.5e-11   4.5e-09   33.0   0.7    64   200   384   523   377   535 0.81 length=1381	scaffold=scaffold00835	strand=-
3083_g               -           1381 3783at5820           -            543   1.7e-22   77.3  10.9   3   4       1.2   2.2e+02   -2.2   0.2   457   520   537   599   527   606 0.76 length=1381	scaffold=scaffold00835	strand=-
3083_g               -           1381 3783at5820           -            543   1.7e-22   77.3  10.9   4   4   2.1e-12   3.8e-10   36.6   1.1   241   350   616   741   585   783 0.73 length=1381	scaffold=scaffold00835	strand=-
3052_g               -            883 3783at5820           -            543   3.4e-20   69.8  19.0   1   2   0.00084      0.15    8.2   0.1    19    81   260   330   241   360 0.71 length=883	scaffold=scaffold00817	strand=+
3052_g               -            883 3783at5820           -            543   3.4e-20   69.8  19.0   2   2   2.6e-22   4.7e-20   69.3   7.5   191   440   615   862   572   880 0.82 length=883	scaffold=scaffold00817	strand=+
3437_g               -            903 3783at5820           -            543   1.5e-19   67.7   4.2   1   4         6   1.1e+03   -4.5   1.2   186   226   161   202   156   203 0.78 length=903	scaffold=scaffold01083	strand=+
3437_g               -            903 3783at5820           -            543   1.5e-19   67.7   4.2   2   4     7e-20   1.3e-17   61.3   2.7    19   160   242   398   230   448 0.79 length=903	scaffold=scaffold01083	strand=+
3437_g               -            903 3783at5820           -            543   1.5e-19   67.7   4.2   3   4       3.3     6e+02   -3.7   5.6   401   463   505   566   465   634 0.68 length=903	scaffold=scaffold01083	strand=+
3437_g               -            903 3783at5820           -            543   1.5e-19   67.7   4.2   4   4   8.3e-06    0.0015   14.8   0.0   264   326   737   800   731   803 0.86 length=903	scaffold=scaffold01083	strand=+
1049_g               -            804 3783at5820           -            543   1.8e-06   24.5   3.9   1   1   2.3e-08   4.1e-06   23.3   3.8    22   360   138   506   129   575 0.70 length=804	scaffold=scaffold00129	strand=+
#
# Program:         hmmsearch
# Version:         3.1b2 (February 2015)
# Pipeline mode:   SEARCH
# Query file:      /export/home/bio1901/Documents/29_BINP/OrthoSearch/busco_downloads/lineages/plasmodium_odb10/hmms/3783at5820.hmm
# Target file:     Results/1_GeneSequences/PB.faa
# Option settings: /home/users/bio1901/miniconda3/envs/busco/bin/hmmsearch --domtblout /export/home/bio1901/Documents/29_BINP/OrthoSearch/PB/run_plasmodium_odb10/hmmer_output/3783at5820.out --cpu 1 /export/home/bio1901/Documents/29_BINP/OrthoSearch/busco_downloads/lineages/plasmodium_odb10/hmms/3783at5820.hmm Results/1_GeneSequences/PB.faa 
# Current dir:     /export/home/bio1901/Documents/29_BINP/OrthoSearch
# Date:            Sun Mar 15 17:59:39 2020
# [ok]
