#                                                                            --- full sequence --- -------------- this domain -------------   hmm coord   ali coord   env coord
# target name        accession   tlen query name           accession   qlen   E-value  score  bias   #  of  c-Evalue  i-Evalue  score  bias  from    to  from    to  from    to  acc description of target
#------------------- ---------- ----- -------------------- ---------- ----- --------- ------ ----- --- --- --------- --------- ------ ----- ----- ----- ----- ----- ----- ----- ---- ---------------------
3736_g               -           1200 381at5820            -           1663  1.5e-111  372.1 119.4   1   7         1     4e+03  -22.4  28.7   925  1001     5    84     1   106 0.48 length=1200	scaffold=scaffold01339	strand=-
3736_g               -           1200 381at5820            -           1663  1.5e-111  372.1 119.4   2   7   1.1e-79   4.6e-76  254.5  72.5    53   383   103   417    96   429 0.86 length=1200	scaffold=scaffold01339	strand=-
3736_g               -           1200 381at5820            -           1663  1.5e-111  372.1 119.4   3   7         1     4e+03  -19.3  36.5   665   766   430   538   419   543 0.44 length=1200	scaffold=scaffold01339	strand=-
3736_g               -           1200 381at5820            -           1663  1.5e-111  372.1 119.4   4   7     5e-43     2e-39  133.0  38.9   381   540   525   684   521   689 0.95 length=1200	scaffold=scaffold01339	strand=-
3736_g               -           1200 381at5820            -           1663  1.5e-111  372.1 119.4   5   7         1     4e+03  -29.2  54.0   902  1148   721   977   718   982 0.64 length=1200	scaffold=scaffold01339	strand=-
3736_g               -           1200 381at5820            -           1663  1.5e-111  372.1 119.4   6   7         1     4e+03   -9.2  54.0   680   842   972  1144   952  1153 0.60 length=1200	scaffold=scaffold01339	strand=-
3736_g               -           1200 381at5820            -           1663  1.5e-111  372.1 119.4   7   7         1     4e+03  -19.7  37.3   734   827  1105  1198  1100  1199 0.54 length=1200	scaffold=scaffold01339	strand=-
#
# Program:         hmmsearch
# Version:         3.1b2 (February 2015)
# Pipeline mode:   SEARCH
# Query file:      /export/home/bio1901/Documents/29_BINP/OrthoSearch/busco_downloads/lineages/plasmodium_odb10/hmms/381at5820.hmm
# Target file:     Results/1_GeneSequences/PB.faa
# Option settings: /home/users/bio1901/miniconda3/envs/busco/bin/hmmsearch --domtblout /export/home/bio1901/Documents/29_BINP/OrthoSearch/PB/run_plasmodium_odb10/hmmer_output/381at5820.out --cpu 1 /export/home/bio1901/Documents/29_BINP/OrthoSearch/busco_downloads/lineages/plasmodium_odb10/hmms/381at5820.hmm Results/1_GeneSequences/PB.faa 
# Current dir:     /export/home/bio1901/Documents/29_BINP/OrthoSearch
# Date:            Sun Mar 15 17:59:51 2020
# [ok]
