#                                                                            --- full sequence --- -------------- this domain -------------   hmm coord   ali coord   env coord
# target name        accession   tlen query name           accession   qlen   E-value  score  bias   #  of  c-Evalue  i-Evalue  score  bias  from    to  from    to  from    to  acc description of target
#------------------- ---------- ----- -------------------- ---------- ----- --------- ------ ----- --- --- --------- --------- ------ ----- ----- ----- ----- ----- ----- ----- ---- ---------------------
1518_g               -           1186 382at5820            -           1675  2.2e-218  726.0 158.7   1   5   3.3e-34   6.6e-31  104.5  14.7   968  1088     7   126     2   135 0.82 length=1186	scaffold=scaffold00231	strand=-
1518_g               -           1186 382at5820            -           1675  2.2e-218  726.0 158.7   2   5         2     4e+03   -8.2  27.9  1040  1075   265   300   134   316 0.82 length=1186	scaffold=scaffold00231	strand=-
1518_g               -           1186 382at5820            -           1675  2.2e-218  726.0 158.7   3   5     1e-35     2e-32  109.5  15.1  1073  1213   406   545   393   557 0.86 length=1186	scaffold=scaffold00231	strand=-
1518_g               -           1186 382at5820            -           1675  2.2e-218  726.0 158.7   4   5   3.4e-66   6.8e-63  210.5  11.7  1188  1321   572   705   552   768 0.91 length=1186	scaffold=scaffold00231	strand=-
1518_g               -           1186 382at5820            -           1675  2.2e-218  726.0 158.7   5   5  7.7e-103   1.5e-99  332.0  54.4  1392  1675   860  1148   786  1148 0.85 length=1186	scaffold=scaffold00231	strand=-
1519_g               -           1746 382at5820            -           1675  2.3e-217  722.6 230.1   1   9   1.4e-32   2.8e-29   99.1  13.7     1   132     1   141     1   161 0.86 length=1746	scaffold=scaffold00231	strand=-
1519_g               -           1746 382at5820            -           1675  2.3e-217  722.6 230.1   2   9     7e-46   1.4e-42  143.2  35.8    99   319   138   388   134   400 0.80 length=1746	scaffold=scaffold00231	strand=-
1519_g               -           1746 382at5820            -           1675  2.3e-217  722.6 230.1   3   9         2     4e+03   -9.8  25.3   210   379   426   625   396   636 0.63 length=1746	scaffold=scaffold00231	strand=-
1519_g               -           1746 382at5820            -           1675  2.3e-217  722.6 230.1   4   9   3.1e-27   6.2e-24   81.4  18.1   376   487   680   825   676   844 0.79 length=1746	scaffold=scaffold00231	strand=-
1519_g               -           1746 382at5820            -           1675  2.3e-217  722.6 230.1   5   9         2     4e+03  -11.6  13.0   199   261   886   958   854   962 0.53 length=1746	scaffold=scaffold00231	strand=-
1519_g               -           1746 382at5820            -           1675  2.3e-217  722.6 230.1   6   9   4.5e-58   8.9e-55  183.6  31.1   476   650   956  1166   945  1176 0.78 length=1746	scaffold=scaffold00231	strand=-
1519_g               -           1746 382at5820            -           1675  2.3e-217  722.6 230.1   7   9   1.2e-27   2.3e-24   82.8  22.8   619   740  1186  1309  1171  1317 0.75 length=1746	scaffold=scaffold00231	strand=-
1519_g               -           1746 382at5820            -           1675  2.3e-217  722.6 230.1   8   9   2.2e-54   4.4e-51  171.4   9.9   722   858  1462  1604  1399  1612 0.89 length=1746	scaffold=scaffold00231	strand=-
1519_g               -           1746 382at5820            -           1675  2.3e-217  722.6 230.1   9   9   1.7e-09   3.4e-06   22.6   4.8   848   914  1619  1685  1610  1700 0.73 length=1746	scaffold=scaffold00231	strand=-
#
# Program:         hmmsearch
# Version:         3.1b2 (February 2015)
# Pipeline mode:   SEARCH
# Query file:      /export/home/bio1901/Documents/29_BINP/OrthoSearch/busco_downloads/lineages/plasmodium_odb10/hmms/382at5820.hmm
# Target file:     Results/1_GeneSequences/PB.faa
# Option settings: /home/users/bio1901/miniconda3/envs/busco/bin/hmmsearch --domtblout /export/home/bio1901/Documents/29_BINP/OrthoSearch/PB/run_plasmodium_odb10/hmmer_output/382at5820.out --cpu 1 /export/home/bio1901/Documents/29_BINP/OrthoSearch/busco_downloads/lineages/plasmodium_odb10/hmms/382at5820.hmm Results/1_GeneSequences/PB.faa 
# Current dir:     /export/home/bio1901/Documents/29_BINP/OrthoSearch
# Date:            Sun Mar 15 18:00:06 2020
# [ok]
