#                                                                            --- full sequence --- -------------- this domain -------------   hmm coord   ali coord   env coord
# target name        accession   tlen query name           accession   qlen   E-value  score  bias   #  of  c-Evalue  i-Evalue  score  bias  from    to  from    to  from    to  acc description of target
#------------------- ---------- ----- -------------------- ---------- ----- --------- ------ ----- --- --- --------- --------- ------ ----- ----- ----- ----- ----- ----- ----- ---- ---------------------
2489_g               -            729 3909at5820           -            605  6.2e-167  554.5  36.1   1   3      0.29   2.3e+02   -2.2   1.0   340   394   250   311   224   329 0.56 length=729	scaffold=scaffold00532	strand=-	adjustedToFrame=2
2489_g               -            729 3909at5820           -            605  6.2e-167  554.5  36.1   2   3    1e-105  8.3e-103  342.7  10.1   306   479   330   503   319   513 0.98 length=729	scaffold=scaffold00532	strand=-	adjustedToFrame=2
2489_g               -            729 3909at5820           -            605  6.2e-167  554.5  36.1   3   3     2e-69   1.6e-66  222.9  11.0   475   598   533   656   522   660 0.97 length=729	scaffold=scaffold00532	strand=-	adjustedToFrame=2
636_g                -           1065 3909at5820           -            605  1.4e-109  365.1  23.3   1   1  2.3e-110  1.9e-107  358.0  23.3    22   588    22   559     5   571 0.94 length=1065	scaffold=scaffold00065	strand=-
3991_g               -            538 3909at5820           -            605   1.3e-13   48.1   8.6   1   2   1.6e-13   1.3e-10   38.2   3.0    36   179     6   148     4   179 0.84 length=538	scaffold=scaffold01578	strand=-	adjustedToFrame=2
3991_g               -            538 3909at5820           -            605   1.3e-13   48.1   8.6   2   2   6.9e-06    0.0055   13.0   0.3   392   576   346   522   322   536 0.79 length=538	scaffold=scaffold01578	strand=-	adjustedToFrame=2
1375_g               -            524 3909at5820           -            605   5.4e-10   36.2  16.2   1   3   6.4e-11   5.1e-08   29.6   5.7    49   215    24   191     8   239 0.83 length=524	scaffold=scaffold00199	strand=+	adjustedToFrame=2
1375_g               -            524 3909at5820           -            605   5.4e-10   36.2  16.2   2   3    0.0072       5.8    3.0   0.9    66   186   248   371   239   380 0.75 length=524	scaffold=scaffold00199	strand=+	adjustedToFrame=2
1375_g               -            524 3909at5820           -            605   5.4e-10   36.2  16.2   3   3   9.5e-05     0.076    9.3   0.0   498   577   435   516   420   522 0.84 length=524	scaffold=scaffold00199	strand=+	adjustedToFrame=2
1006_g               -            536 3909at5820           -            605     7e-08   29.2   3.4   1   2   8.8e-11     7e-08   29.2   3.4    33   172    20   155    14   179 0.85 length=536	scaffold=scaffold00121	strand=-
1006_g               -            536 3909at5820           -            605     7e-08   29.2   3.4   2   2     0.012       9.4    2.3   1.2   508   577   453   525   372   533 0.75 length=536	scaffold=scaffold00121	strand=-
#
# Program:         hmmsearch
# Version:         3.1b2 (February 2015)
# Pipeline mode:   SEARCH
# Query file:      /export/home/bio1901/Documents/29_BINP/OrthoSearch/busco_downloads/lineages/plasmodium_odb10/hmms/3909at5820.hmm
# Target file:     Results/1_GeneSequences/PB.faa
# Option settings: /home/users/bio1901/miniconda3/envs/busco/bin/hmmsearch --domtblout /export/home/bio1901/Documents/29_BINP/OrthoSearch/PB/run_plasmodium_odb10/hmmer_output/3909at5820.out --cpu 1 /export/home/bio1901/Documents/29_BINP/OrthoSearch/busco_downloads/lineages/plasmodium_odb10/hmms/3909at5820.hmm Results/1_GeneSequences/PB.faa 
# Current dir:     /export/home/bio1901/Documents/29_BINP/OrthoSearch
# Date:            Sun Mar 15 18:00:32 2020
# [ok]
