#                                                                            --- full sequence --- -------------- this domain -------------   hmm coord   ali coord   env coord
# target name        accession   tlen query name           accession   qlen   E-value  score  bias   #  of  c-Evalue  i-Evalue  score  bias  from    to  from    to  from    to  acc description of target
#------------------- ---------- ----- -------------------- ---------- ----- --------- ------ ----- --- --- --------- --------- ------ ----- ----- ----- ----- ----- ----- ----- ---- ---------------------
3894_g               -            927 3958at5820           -            617         0 1109.4  64.3   1   4   1.9e-28   1.9e-25   87.2   3.1    10    94    66   152    57   152 0.85 length=927	scaffold=scaffold01482	strand=-
3894_g               -            927 3958at5820           -            617         0 1109.4  64.3   2   4   2.6e-71   2.5e-68  228.8  13.8    62   227   149   335   139   360 0.82 length=927	scaffold=scaffold01482	strand=-
3894_g               -            927 3958at5820           -            617         0 1109.4  64.3   3   4  2.7e-164  2.7e-161  535.9  26.6   210   491   420   702   408   710 0.97 length=927	scaffold=scaffold01482	strand=-
3894_g               -            927 3958at5820           -            617         0 1109.4  64.3   4   4   1.7e-83   1.7e-80  269.0   1.0   480   617   710   852   702   852 0.95 length=927	scaffold=scaffold01482	strand=-
898_g                -            720 3958at5820           -            617  1.1e-111  372.1  23.1   1   2   2.1e-53   2.1e-50  169.6   2.2    19   214     4   219     2   243 0.87 length=720	scaffold=scaffold00103	strand=-
898_g                -            720 3958at5820           -            617  1.1e-111  372.1  23.1   2   2   5.3e-65   5.3e-62  207.9  13.3   207   605   282   685   246   690 0.83 length=720	scaffold=scaffold00103	strand=-
341_g                -            988 3958at5820           -            617  1.7e-111  371.4  29.9   1   3   4.6e-17   4.6e-14   49.6   0.2    14    63   108   157   100   164 0.91 length=988	scaffold=scaffold00028	strand=-
341_g                -            988 3958at5820           -            617  1.7e-111  371.4  29.9   2   3     4e-45     4e-42  142.3   3.3    61   209   221   383   211   393 0.88 length=988	scaffold=scaffold00028	strand=-
341_g                -            988 3958at5820           -            617  1.7e-111  371.4  29.9   3   3   3.3e-59   3.3e-56  188.8  13.3   204   600   406   823   399   836 0.82 length=988	scaffold=scaffold00028	strand=-
688_g                -            884 3958at5820           -            617  9.2e-102  339.2  37.7   1   3   2.2e-59   2.2e-56  189.3   1.2    18   211    66   282    57   291 0.89 length=884	scaffold=scaffold00073	strand=+	adjustedToFrame=2
688_g                -            884 3958at5820           -            617  9.2e-102  339.2  37.7   2   3   4.9e-50   4.9e-47  158.5  19.7   205   597   316   746   311   753 0.78 length=884	scaffold=scaffold00073	strand=+	adjustedToFrame=2
688_g                -            884 3958at5820           -            617  9.2e-102  339.2  37.7   3   3       1.4   1.4e+03   -4.9   2.0   352   352   838   838   788   874 0.55 length=884	scaffold=scaffold00073	strand=+	adjustedToFrame=2
#
# Program:         hmmsearch
# Version:         3.1b2 (February 2015)
# Pipeline mode:   SEARCH
# Query file:      /export/home/bio1901/Documents/29_BINP/OrthoSearch/busco_downloads/lineages/plasmodium_odb10/hmms/3958at5820.hmm
# Target file:     Results/1_GeneSequences/PB.faa
# Option settings: /home/users/bio1901/miniconda3/envs/busco/bin/hmmsearch --domtblout /export/home/bio1901/Documents/29_BINP/OrthoSearch/PB/run_plasmodium_odb10/hmmer_output/3958at5820.out --cpu 1 /export/home/bio1901/Documents/29_BINP/OrthoSearch/busco_downloads/lineages/plasmodium_odb10/hmms/3958at5820.hmm Results/1_GeneSequences/PB.faa 
# Current dir:     /export/home/bio1901/Documents/29_BINP/OrthoSearch
# Date:            Sun Mar 15 18:00:36 2020
# [ok]
