#                                                                            --- full sequence --- -------------- this domain -------------   hmm coord   ali coord   env coord
# target name        accession   tlen query name           accession   qlen   E-value  score  bias   #  of  c-Evalue  i-Evalue  score  bias  from    to  from    to  from    to  acc description of target
#------------------- ---------- ----- -------------------- ---------- ----- --------- ------ ----- --- --- --------- --------- ------ ----- ----- ----- ----- ----- ----- ----- ---- ---------------------
672_g                -            664 3972at5820           -            595         0 1293.5  21.7   1   1         0         0 1293.2  21.7     1   591    34   641    34   645 0.98 length=664	scaffold=scaffold00070	strand=-
476_g                -            673 3972at5820           -            595  2.6e-181  601.6   8.0   1   1  3.8e-184    3e-181  601.4   8.0     9   561    17   582    10   614 0.91 length=673	scaffold=scaffold00043	strand=+
1678_g               -            981 3972at5820           -            595  1.5e-154  513.3  19.9   1   2   2.1e-70   1.7e-67  225.8   1.0     8   211   398   603   394   604 0.95 length=981	scaffold=scaffold00268	strand=+
1678_g               -            981 3972at5820           -            595  1.5e-154  513.3  19.9   2   2   9.7e-91   7.8e-88  292.9  11.8   252   574   603   925   601   946 0.89 length=981	scaffold=scaffold00268	strand=+
894_g                -            926 3972at5820           -            595   2.7e-22   76.5   4.6   1   3   3.4e-25   2.7e-22   76.5   4.6     9   381     3   414     1   434 0.78 length=926	scaffold=scaffold00103	strand=-
894_g                -            926 3972at5820           -            595   2.7e-22   76.5   4.6   2   3    0.0022       1.8    4.4   0.2   502   560   609   668   602   678 0.78 length=926	scaffold=scaffold00103	strand=-
894_g                -            926 3972at5820           -            595   2.7e-22   76.5   4.6   3   3         5     4e+03  -15.3  16.7   506   554   806   854   745   893 0.46 length=926	scaffold=scaffold00103	strand=-
498_g                -           1041 3972at5820           -            595     1e-20   71.2   5.6   1   4   1.3e-23     1e-20   71.2   5.6   114   395   160   462    20   472 0.82 length=1041	scaffold=scaffold00046	strand=+
498_g                -           1041 3972at5820           -            595     1e-20   71.2   5.6   2   4         5     4e+03  -20.0  23.2   517   568   643   691   573   718 0.45 length=1041	scaffold=scaffold00046	strand=+
498_g                -           1041 3972at5820           -            595     1e-20   71.2   5.6   3   4       0.5     4e+02   -3.4   0.7   507   555   748   797   743   805 0.60 length=1041	scaffold=scaffold00046	strand=+
498_g                -           1041 3972at5820           -            595     1e-20   71.2   5.6   4   4         5     4e+03  -17.9  22.1   485   592   904  1006   855  1033 0.68 length=1041	scaffold=scaffold00046	strand=+
#
# Program:         hmmsearch
# Version:         3.1b2 (February 2015)
# Pipeline mode:   SEARCH
# Query file:      /export/home/bio1901/Documents/29_BINP/OrthoSearch/busco_downloads/lineages/plasmodium_odb10/hmms/3972at5820.hmm
# Target file:     Results/1_GeneSequences/PB.faa
# Option settings: /home/users/bio1901/miniconda3/envs/busco/bin/hmmsearch --domtblout /export/home/bio1901/Documents/29_BINP/OrthoSearch/PB/run_plasmodium_odb10/hmmer_output/3972at5820.out --cpu 1 /export/home/bio1901/Documents/29_BINP/OrthoSearch/busco_downloads/lineages/plasmodium_odb10/hmms/3972at5820.hmm Results/1_GeneSequences/PB.faa 
# Current dir:     /export/home/bio1901/Documents/29_BINP/OrthoSearch
# Date:            Sun Mar 15 18:01:09 2020
# [ok]
