#                                                                            --- full sequence --- -------------- this domain -------------   hmm coord   ali coord   env coord
# target name        accession   tlen query name           accession   qlen   E-value  score  bias   #  of  c-Evalue  i-Evalue  score  bias  from    to  from    to  from    to  acc description of target
#------------------- ---------- ----- -------------------- ---------- ----- --------- ------ ----- --- --- --------- --------- ------ ----- ----- ----- ----- ----- ----- ----- ---- ---------------------
1480_g               -           1445 3973at5820           -            418   1.1e-17   62.0  97.2   1   9      0.28   1.1e+03   -3.8   1.8    21    76    41    93    20   103 0.73 length=1445	scaffold=scaffold00222	strand=+
1480_g               -           1445 3973at5820           -            418   1.1e-17   62.0  97.2   2   9         1     4e+03  -12.1  17.9   215   302   291   376   179   383 0.57 length=1445	scaffold=scaffold00222	strand=+
1480_g               -           1445 3973at5820           -            418   1.1e-17   62.0  97.2   3   9   2.8e-11   1.1e-07   29.2   2.7   205   295   475   569   438   581 0.74 length=1445	scaffold=scaffold00222	strand=+
1480_g               -           1445 3973at5820           -            418   1.1e-17   62.0  97.2   4   9         1     4e+03  -10.4  12.8    70   284   632   710   590   725 0.47 length=1445	scaffold=scaffold00222	strand=+
1480_g               -           1445 3973at5820           -            418   1.1e-17   62.0  97.2   5   9         1     4e+03  -15.0  19.1   237   326   663   754   618   761 0.52 length=1445	scaffold=scaffold00222	strand=+
1480_g               -           1445 3973at5820           -            418   1.1e-17   62.0  97.2   6   9         1     4e+03  -23.3  42.6    93   247   735   908   719   940 0.43 length=1445	scaffold=scaffold00222	strand=+
1480_g               -           1445 3973at5820           -            418   1.1e-17   62.0  97.2   7   9         1     4e+03  -19.7  29.5   207   299   934  1025   901  1074 0.63 length=1445	scaffold=scaffold00222	strand=+
1480_g               -           1445 3973at5820           -            418   1.1e-17   62.0  97.2   8   9   2.9e-14   1.2e-10   39.0  68.1   103   364  1089  1347  1031  1380 0.65 length=1445	scaffold=scaffold00222	strand=+
1480_g               -           1445 3973at5820           -            418   1.1e-17   62.0  97.2   9   9   5.4e-10   2.1e-06   24.9  10.6   366   418  1394  1444  1353  1444 0.66 length=1445	scaffold=scaffold00222	strand=+
#
# Program:         hmmsearch
# Version:         3.1b2 (February 2015)
# Pipeline mode:   SEARCH
# Query file:      /export/home/bio1901/Documents/29_BINP/OrthoSearch/busco_downloads/lineages/plasmodium_odb10/hmms/3973at5820.hmm
# Target file:     Results/1_GeneSequences/PB.faa
# Option settings: /home/users/bio1901/miniconda3/envs/busco/bin/hmmsearch --domtblout /export/home/bio1901/Documents/29_BINP/OrthoSearch/PB/run_plasmodium_odb10/hmmer_output/3973at5820.out --cpu 1 /export/home/bio1901/Documents/29_BINP/OrthoSearch/busco_downloads/lineages/plasmodium_odb10/hmms/3973at5820.hmm Results/1_GeneSequences/PB.faa 
# Current dir:     /export/home/bio1901/Documents/29_BINP/OrthoSearch
# Date:            Sun Mar 15 18:01:10 2020
# [ok]
