#                                                                            --- full sequence --- -------------- this domain -------------   hmm coord   ali coord   env coord
# target name        accession   tlen query name           accession   qlen   E-value  score  bias   #  of  c-Evalue  i-Evalue  score  bias  from    to  from    to  from    to  acc description of target
#------------------- ---------- ----- -------------------- ---------- ----- --------- ------ ----- --- --- --------- --------- ------ ----- ----- ----- ----- ----- ----- ----- ---- ---------------------
476_g                -            673 3994at5820           -            641         0 1434.4   3.4   1   1         0         0 1434.0   3.4     1   641     8   672     8   672 0.97 length=673	scaffold=scaffold00043	strand=+
1678_g               -            981 3994at5820           -            641  5.7e-212  703.1  11.9   1   2   9.1e-89     6e-86  286.7   0.5    10   218   399   605   392   607 0.98 length=981	scaffold=scaffold00268	strand=+
1678_g               -            981 3994at5820           -            641  5.7e-212  703.1  11.9   2   2  2.1e-129  1.4e-126  420.9   5.6   261   608   606   968   603   975 0.92 length=981	scaffold=scaffold00268	strand=+
672_g                -            664 3994at5820           -            641  3.5e-180  598.0  12.4   1   1  6.4e-183  4.3e-180  597.7  12.4     8   605    40   640    32   651 0.91 length=664	scaffold=scaffold00070	strand=-
894_g                -            926 3994at5820           -            641   1.2e-43  147.0   3.1   1   3   1.8e-46   1.2e-43  147.0   3.1    11   387     4   414     2   420 0.83 length=926	scaffold=scaffold00103	strand=-
894_g                -            926 3994at5820           -            641   1.2e-43  147.0   3.1   2   3      0.27   1.8e+02   -2.3   0.7   530   574   626   674   609   710 0.69 length=926	scaffold=scaffold00103	strand=-
894_g                -            926 3994at5820           -            641   1.2e-43  147.0   3.1   3   3      0.57   3.8e+02   -3.4   0.1   527   591   735   802   719   809 0.65 length=926	scaffold=scaffold00103	strand=-
498_g                -           1041 3994at5820           -            641   1.7e-23   80.4   1.7   1   5    0.0016         1    5.1   0.0     7    77    23    94    18   114 0.88 length=1041	scaffold=scaffold00046	strand=+
498_g                -           1041 3994at5820           -            641   1.7e-23   80.4   1.7   2   5   2.6e-26   1.7e-23   80.4   1.7   145   404   197   461   133   476 0.82 length=1041	scaffold=scaffold00046	strand=+
498_g                -           1041 3994at5820           -            641   1.7e-23   80.4   1.7   3   5         6     4e+03  -13.1  20.5   440   587   535   682   509   700 0.57 length=1041	scaffold=scaffold00046	strand=+
498_g                -           1041 3994at5820           -            641   1.7e-23   80.4   1.7   4   5     0.048        32    0.2   0.9   516   583   746   813   742   841 0.75 length=1041	scaffold=scaffold00046	strand=+
498_g                -           1041 3994at5820           -            641   1.7e-23   80.4   1.7   5   5         6     4e+03  -14.9  16.2   539   589   940   990   866  1016 0.55 length=1041	scaffold=scaffold00046	strand=+
3018_g               -           1028 3994at5820           -            641      0.76    5.5  33.9   1   3    0.0011      0.74    5.6  11.4   608   634     5    31     1    36 0.55 length=1028	scaffold=scaffold00799	strand=-
3018_g               -           1028 3994at5820           -            641      0.76    5.5  33.9   2   3   0.00095      0.63    5.8   4.6   606   631    31    56    29    69 0.73 length=1028	scaffold=scaffold00799	strand=-
3018_g               -           1028 3994at5820           -            641      0.76    5.5  33.9   3   3    0.0034       2.3    4.0   6.2   597   629    76   106    62   113 0.43 length=1028	scaffold=scaffold00799	strand=-
#
# Program:         hmmsearch
# Version:         3.1b2 (February 2015)
# Pipeline mode:   SEARCH
# Query file:      /export/home/bio1901/Documents/29_BINP/OrthoSearch/busco_downloads/lineages/plasmodium_odb10/hmms/3994at5820.hmm
# Target file:     Results/1_GeneSequences/PB.faa
# Option settings: /home/users/bio1901/miniconda3/envs/busco/bin/hmmsearch --domtblout /export/home/bio1901/Documents/29_BINP/OrthoSearch/PB/run_plasmodium_odb10/hmmer_output/3994at5820.out --cpu 1 /export/home/bio1901/Documents/29_BINP/OrthoSearch/busco_downloads/lineages/plasmodium_odb10/hmms/3994at5820.hmm Results/1_GeneSequences/PB.faa 
# Current dir:     /export/home/bio1901/Documents/29_BINP/OrthoSearch
# Date:            Sun Mar 15 18:01:15 2020
# [ok]
