#                                                                            --- full sequence --- -------------- this domain -------------   hmm coord   ali coord   env coord
# target name        accession   tlen query name           accession   qlen   E-value  score  bias   #  of  c-Evalue  i-Evalue  score  bias  from    to  from    to  from    to  acc description of target
#------------------- ---------- ----- -------------------- ---------- ----- --------- ------ ----- --- --- --------- --------- ------ ----- ----- ----- ----- ----- ----- ----- ---- ---------------------
1605_g               -           5958 39at5820             -           4063         0 2367.9 579.3   1  17     0.093        62   -2.6  11.3    51   173    71   209    13   288 0.59 length=5958	scaffold=scaffold00251	strand=-
1605_g               -           5958 39at5820             -           4063         0 2367.9 579.3   2  17   6.3e-18   4.2e-15   51.1  35.3   223   524   347   688   243   705 0.70 length=5958	scaffold=scaffold00251	strand=-
1605_g               -           5958 39at5820             -           4063         0 2367.9 579.3   3  17   1.6e-13     1e-10   36.5   6.2   531   623   748   854   708   903 0.71 length=5958	scaffold=scaffold00251	strand=-
1605_g               -           5958 39at5820             -           4063         0 2367.9 579.3   4  17   5.4e-89   3.6e-86  287.0  87.7   644  1474  1078  2056  1073  2149 0.73 length=5958	scaffold=scaffold00251	strand=-
1605_g               -           5958 39at5820             -           4063         0 2367.9 579.3   5  17     7e-25   4.6e-22   74.2  37.7  1460  1684  2158  2418  2123  2450 0.76 length=5958	scaffold=scaffold00251	strand=-
1605_g               -           5958 39at5820             -           4063         0 2367.9 579.3   6  17   8.9e-21   5.9e-18   60.6  12.4  1670  1799  2457  2602  2429  2618 0.76 length=5958	scaffold=scaffold00251	strand=-
1605_g               -           5958 39at5820             -           4063         0 2367.9 579.3   7  17   2.5e-35   1.6e-32  108.9  22.2  1825  2010  2924  3107  2864  3118 0.86 length=5958	scaffold=scaffold00251	strand=-
1605_g               -           5958 39at5820             -           4063         0 2367.9 579.3   8  17  1.2e-114  7.9e-112  372.1  45.5  2003  2326  3151  3487  3108  3508 0.91 length=5958	scaffold=scaffold00251	strand=-
1605_g               -           5958 39at5820             -           4063         0 2367.9 579.3   9  17   6.2e-69   4.1e-66  220.4  19.6  2341  2540  3543  3742  3511  3759 0.92 length=5958	scaffold=scaffold00251	strand=-
1605_g               -           5958 39at5820             -           4063         0 2367.9 579.3  10  17   1.4e-99   9.2e-97  322.1  33.8  2525  2850  3776  4105  3752  4133 0.89 length=5958	scaffold=scaffold00251	strand=-
1605_g               -           5958 39at5820             -           4063         0 2367.9 579.3  11  17  1.5e-102  9.7e-100  332.0  26.1  2844  3155  4193  4524  4178  4531 0.86 length=5958	scaffold=scaffold00251	strand=-
1605_g               -           5958 39at5820             -           4063         0 2367.9 579.3  12  17     2e-51   1.3e-48  162.3  13.6  3080  3240  4581  4740  4551  4747 0.83 length=5958	scaffold=scaffold00251	strand=-
1605_g               -           5958 39at5820             -           4063         0 2367.9 579.3  13  17     1e-32   6.9e-30  100.2   6.6  3347  3466  4907  5036  4883  5038 0.87 length=5958	scaffold=scaffold00251	strand=-
1605_g               -           5958 39at5820             -           4063         0 2367.9 579.3  14  17   5.2e-54   3.5e-51  170.9  31.3  3500  3717  5037  5254  5036  5264 0.97 length=5958	scaffold=scaffold00251	strand=-
1605_g               -           5958 39at5820             -           4063         0 2367.9 579.3  15  17   1.8e-10   1.2e-07   26.3   4.9  3688  3770  5297  5383  5275  5387 0.78 length=5958	scaffold=scaffold00251	strand=-
1605_g               -           5958 39at5820             -           4063         0 2367.9 579.3  16  17   6.2e-24   4.1e-21   71.0  51.5  3668  3894  5388  5625  5374  5753 0.75 length=5958	scaffold=scaffold00251	strand=-
1605_g               -           5958 39at5820             -           4063         0 2367.9 579.3  17  17   1.6e-22     1e-19   66.4  15.7  3880  3987  5847  5955  5825  5958 0.85 length=5958	scaffold=scaffold00251	strand=-
975_g                -           7578 39at5820             -           4063  5.4e-141  468.9 169.8   1  20       1.1   7.3e+02   -6.1   5.0  1803  1924    26   160     6   178 0.67 length=7578	scaffold=scaffold00115	strand=-
975_g                -           7578 39at5820             -           4063  5.4e-141  468.9 169.8   2  20         6     4e+03  -28.0  33.2  1316  1542   203   436   182   509 0.54 length=7578	scaffold=scaffold00115	strand=-
975_g                -           7578 39at5820             -           4063  5.4e-141  468.9 169.8   3  20         6     4e+03  -58.7  63.5  1438  1882   547  1003   540  1040 0.51 length=7578	scaffold=scaffold00115	strand=-
975_g                -           7578 39at5820             -           4063  5.4e-141  468.9 169.8   4  20         6     4e+03  -11.8  18.1  3598  3719  1073  1197  1044  1255 0.77 length=7578	scaffold=scaffold00115	strand=-
975_g                -           7578 39at5820             -           4063  5.4e-141  468.9 169.8   5  20         6     4e+03  -48.5  50.1  1338  1627  1459  1742  1385  1839 0.54 length=7578	scaffold=scaffold00115	strand=-
975_g                -           7578 39at5820             -           4063  5.4e-141  468.9 169.8   6  20         6     4e+03  -35.0  43.4  3588  3770  1843  2041  1799  2092 0.41 length=7578	scaffold=scaffold00115	strand=-
975_g                -           7578 39at5820             -           4063  5.4e-141  468.9 169.8   7  20         6     4e+03  -23.5  29.7  2493  2694  2244  2441  2238  2460 0.79 length=7578	scaffold=scaffold00115	strand=-
975_g                -           7578 39at5820             -           4063  5.4e-141  468.9 169.8   8  20       2.8   1.8e+03   -7.5   5.7   317   409  2521  2613  2501  2659 0.67 length=7578	scaffold=scaffold00115	strand=-
975_g                -           7578 39at5820             -           4063  5.4e-141  468.9 169.8   9  20     0.062        41   -2.0   0.6  3217  3242  2700  2725  2674  2749 0.85 length=7578	scaffold=scaffold00115	strand=-
975_g                -           7578 39at5820             -           4063  5.4e-141  468.9 169.8  10  20         6     4e+03  -22.9  24.1  1285  1500  2848  3067  2833  3091 0.53 length=7578	scaffold=scaffold00115	strand=-
975_g                -           7578 39at5820             -           4063  5.4e-141  468.9 169.8  11  20         6     4e+03  -20.4  22.7  1409  1606  3140  3344  3113  3381 0.64 length=7578	scaffold=scaffold00115	strand=-
975_g                -           7578 39at5820             -           4063  5.4e-141  468.9 169.8  12  20       3.7   2.4e+03   -7.9   7.0  1540  1653  4309  4431  4205  4459 0.68 length=7578	scaffold=scaffold00115	strand=-
975_g                -           7578 39at5820             -           4063  5.4e-141  468.9 169.8  13  20   1.6e-74     1e-71  239.0  44.9  1715  2474  4525  5283  4509  5292 0.74 length=7578	scaffold=scaffold00115	strand=-
975_g                -           7578 39at5820             -           4063  5.4e-141  468.9 169.8  14  20       1.4   9.4e+02   -6.5  10.0  1804  1923  5361  5484  5355  5495 0.80 length=7578	scaffold=scaffold00115	strand=-
975_g                -           7578 39at5820             -           4063  5.4e-141  468.9 169.8  15  20   9.5e-28   6.3e-25   83.7  26.7  2539  2849  5503  5805  5487  5832 0.73 length=7578	scaffold=scaffold00115	strand=-
975_g                -           7578 39at5820             -           4063  5.4e-141  468.9 169.8  16  20   2.9e-42   1.9e-39  131.9  34.1  2845  3205  5920  6317  5897  6324 0.71 length=7578	scaffold=scaffold00115	strand=-
975_g                -           7578 39at5820             -           4063  5.4e-141  468.9 169.8  17  20   1.2e-07   7.8e-05   17.0   3.0  3275  3342  6324  6390  6316  6408 0.87 length=7578	scaffold=scaffold00115	strand=-
975_g                -           7578 39at5820             -           4063  5.4e-141  468.9 169.8  18  20   3.9e-23   2.6e-20   68.4  40.1  3363  3656  6598  6907  6580  6913 0.79 length=7578	scaffold=scaffold00115	strand=-
975_g                -           7578 39at5820             -           4063  5.4e-141  468.9 169.8  19  20    0.0018       1.2    3.1  25.4  3718  3885  7107  7278  6971  7299 0.60 length=7578	scaffold=scaffold00115	strand=-
975_g                -           7578 39at5820             -           4063  5.4e-141  468.9 169.8  20  20       3.7   2.4e+03   -7.9  27.7  3867  4049  7311  7508  7296  7529 0.60 length=7578	scaffold=scaffold00115	strand=-
1931_g               -           4069 39at5820             -           4063  1.4e-110  367.9 157.6   1  13    0.0037       2.5    2.1   1.3   231   267   162   198   143   233 0.80 length=4069	scaffold=scaffold00340	strand=-
1931_g               -           4069 39at5820             -           4063  1.4e-110  367.9 157.6   2  13     0.043        29   -1.5   9.8   832  1131   920  1251   911  1285 0.68 length=4069	scaffold=scaffold00340	strand=-
1931_g               -           4069 39at5820             -           4063  1.4e-110  367.9 157.6   3  13   3.2e-11   2.1e-08   28.8   6.5  1223  1360  1573  1715  1553  1726 0.76 length=4069	scaffold=scaffold00340	strand=-
1931_g               -           4069 39at5820             -           4063  1.4e-110  367.9 157.6   4  13   4.5e-05      0.03    8.4  12.9  1586  1769  1858  2061  1827  2070 0.73 length=4069	scaffold=scaffold00340	strand=-
1931_g               -           4069 39at5820             -           4063  1.4e-110  367.9 157.6   5  13      0.43   2.8e+02   -4.8  16.1  1886  2034  2091  2243  2064  2253 0.70 length=4069	scaffold=scaffold00340	strand=-
1931_g               -           4069 39at5820             -           4063  1.4e-110  367.9 157.6   6  13   2.1e-34   1.4e-31  105.8  35.7  2073  2279  2331  2546  2324  2567 0.89 length=4069	scaffold=scaffold00340	strand=-
1931_g               -           4069 39at5820             -           4063  1.4e-110  367.9 157.6   7  13   5.1e-20   3.4e-17   58.0  14.1  2353  2477  2590  2714  2571  2721 0.90 length=4069	scaffold=scaffold00340	strand=-
1931_g               -           4069 39at5820             -           4063  1.4e-110  367.9 157.6   8  13   1.5e-20     1e-17   59.8  25.0  2570  2850  2724  2990  2718  3021 0.78 length=4069	scaffold=scaffold00340	strand=-
1931_g               -           4069 39at5820             -           4063  1.4e-110  367.9 157.6   9  13   5.6e-28   3.7e-25   84.5  17.6  2846  3061  3080  3281  3011  3297 0.74 length=4069	scaffold=scaffold00340	strand=-
1931_g               -           4069 39at5820             -           4063  1.4e-110  367.9 157.6  10  13         6     4e+03  -38.3  44.8  2498  2540  3357  3400  3341  3424 0.36 length=4069	scaffold=scaffold00340	strand=-
1931_g               -           4069 39at5820             -           4063  1.4e-110  367.9 157.6  11  13   1.2e-37   8.1e-35  116.5  18.7  3151  3376  3444  3666  3439  3672 0.91 length=4069	scaffold=scaffold00340	strand=-
1931_g               -           4069 39at5820             -           4063  1.4e-110  367.9 157.6  12  13   1.6e-05     0.011    9.9  17.0  3458  3596  3679  3825  3667  3847 0.70 length=4069	scaffold=scaffold00340	strand=-
1931_g               -           4069 39at5820             -           4063  1.4e-110  367.9 157.6  13  13   0.00044      0.29    5.1   8.5  3743  3878  3870  4008  3858  4037 0.68 length=4069	scaffold=scaffold00340	strand=-
162_g                -           3484 39at5820             -           4063   1.6e-40  135.4 218.3   1   9      0.65   4.3e+02   -5.4   2.6  1327  1389   553   619   536   623 0.74 length=3484	scaffold=scaffold00010	strand=-
162_g                -           3484 39at5820             -           4063   1.6e-40  135.4 218.3   2   9         6     4e+03  -12.0   9.4   270   404   765   909   755   925 0.60 length=3484	scaffold=scaffold00010	strand=-
162_g                -           3484 39at5820             -           4063   1.6e-40  135.4 218.3   3   9     2e-16   1.3e-13   46.1  17.4  2070  2245  1355  1548  1347  1565 0.79 length=3484	scaffold=scaffold00010	strand=-
162_g                -           3484 39at5820             -           4063   1.6e-40  135.4 218.3   4   9   3.7e-06    0.0025   12.0  16.6  2179  2244  1660  1726  1652  1729 0.84 length=3484	scaffold=scaffold00010	strand=-
162_g                -           3484 39at5820             -           4063   1.6e-40  135.4 218.3   5   9   1.5e-12   9.6e-10   33.3   4.4  2378  2475  1729  1826  1726  1832 0.84 length=3484	scaffold=scaffold00010	strand=-
162_g                -           3484 39at5820             -           4063   1.6e-40  135.4 218.3   6   9   0.00028      0.19    5.8   3.4  2719  2762  1834  1881  1828  1900 0.81 length=3484	scaffold=scaffold00010	strand=-
162_g                -           3484 39at5820             -           4063   1.6e-40  135.4 218.3   7   9   1.8e-05     0.012    9.8   5.5  2179  2245  2042  2109  1967  2118 0.85 length=3484	scaffold=scaffold00010	strand=-
162_g                -           3484 39at5820             -           4063   1.6e-40  135.4 218.3   8   9     3e-14     2e-11   38.9  18.5  2883  3054  2273  2445  2163  2452 0.72 length=3484	scaffold=scaffold00010	strand=-
162_g                -           3484 39at5820             -           4063   1.6e-40  135.4 218.3   9   9   3.7e-18   2.5e-15   51.9  77.0  3160  3708  2463  3012  2458  3026 0.72 length=3484	scaffold=scaffold00010	strand=-
2917_g               -           2493 39at5820             -           4063   2.6e-29   98.3 151.6   1   9         6     4e+03   -8.6   5.4  1378  1435    99   154    46   182 0.44 length=2493	scaffold=scaffold00738	strand=-	adjustedToFrame=2
2917_g               -           2493 39at5820             -           4063   2.6e-29   98.3 151.6   2   9   2.4e-10   1.6e-07   25.9  45.2  2014  2264   613   878   439   882 0.71 length=2493	scaffold=scaffold00738	strand=-	adjustedToFrame=2
2917_g               -           2493 39at5820             -           4063   2.6e-29   98.3 151.6   3   9   8.4e-05     0.056    7.5  12.2  2179  2245   959  1026   943  1044 0.79 length=2493	scaffold=scaffold00738	strand=-	adjustedToFrame=2
2917_g               -           2493 39at5820             -           4063   2.6e-29   98.3 151.6   4   9    0.0023       1.5    2.8  18.6  2164  2254  1061  1157  1033  1163 0.76 length=2493	scaffold=scaffold00738	strand=-	adjustedToFrame=2
2917_g               -           2493 39at5820             -           4063   2.6e-29   98.3 151.6   5   9   2.2e-09   1.5e-06   22.7   9.0  2736  2815  1164  1245  1160  1248 0.86 length=2493	scaffold=scaffold00738	strand=-	adjustedToFrame=2
2917_g               -           2493 39at5820             -           4063   2.6e-29   98.3 151.6   6   9   5.4e-18   3.6e-15   51.3  16.4  2880  3060  1250  1423  1247  1432 0.84 length=2493	scaffold=scaffold00738	strand=-	adjustedToFrame=2
2917_g               -           2493 39at5820             -           4063   2.6e-29   98.3 151.6   7   9   2.3e-12   1.5e-09   32.7  23.6  3158  3369  1433  1648  1427  1683 0.84 length=2493	scaffold=scaffold00738	strand=-	adjustedToFrame=2
2917_g               -           2493 39at5820             -           4063   2.6e-29   98.3 151.6   8   9     6e-12     4e-09   31.3  25.4  3362  3614  1760  2027  1752  2046 0.78 length=2493	scaffold=scaffold00738	strand=-	adjustedToFrame=2
2917_g               -           2493 39at5820             -           4063   2.6e-29   98.3 151.6   9   9         6     4e+03  -22.8  24.9   567  1853  2319  2420  2079  2445 0.47 length=2493	scaffold=scaffold00738	strand=-	adjustedToFrame=2
161_g                -           3051 39at5820             -           4063   7.8e-28   93.4 206.2   1   7    0.0079       5.2    1.0   8.5  2119  2172  1036  1095   927  1104 0.65 length=3051	scaffold=scaffold00010	strand=-
161_g                -           3051 39at5820             -           4063   7.8e-28   93.4 206.2   2   7   2.8e-05     0.019    9.1   7.7  2949  3025  1124  1209  1096  1212 0.74 length=3051	scaffold=scaffold00010	strand=-
161_g                -           3051 39at5820             -           4063   7.8e-28   93.4 206.2   3   7   2.3e-05     0.015    9.4   6.0  2424  2467  1269  1312  1256  1322 0.86 length=3051	scaffold=scaffold00010	strand=-
161_g                -           3051 39at5820             -           4063   7.8e-28   93.4 206.2   4   7   4.8e-14   3.2e-11   38.2   7.3  2720  2818  1331  1443  1319  1448 0.82 length=3051	scaffold=scaffold00010	strand=-
161_g                -           3051 39at5820             -           4063   7.8e-28   93.4 206.2   5   7   8.2e-11   5.4e-08   27.5  16.2  2714  2817  1444  1555  1440  1563 0.85 length=3051	scaffold=scaffold00010	strand=-
161_g                -           3051 39at5820             -           4063   7.8e-28   93.4 206.2   6   7   1.3e-11   8.7e-09   30.1   9.7  2943  3055  1977  2085  1812  2102 0.88 length=3051	scaffold=scaffold00010	strand=-
161_g                -           3051 39at5820             -           4063   7.8e-28   93.4 206.2   7   7   6.5e-07   0.00043   14.5  99.4  3161  4031  2103  2990  2088  3005 0.65 length=3051	scaffold=scaffold00010	strand=-
#
# Program:         hmmsearch
# Version:         3.1b2 (February 2015)
# Pipeline mode:   SEARCH
# Query file:      /export/home/bio1901/Documents/29_BINP/OrthoSearch/busco_downloads/lineages/plasmodium_odb10/hmms/39at5820.hmm
# Target file:     Results/1_GeneSequences/PB.faa
# Option settings: /home/users/bio1901/miniconda3/envs/busco/bin/hmmsearch --domtblout /export/home/bio1901/Documents/29_BINP/OrthoSearch/PB/run_plasmodium_odb10/hmmer_output/39at5820.out --cpu 1 /export/home/bio1901/Documents/29_BINP/OrthoSearch/busco_downloads/lineages/plasmodium_odb10/hmms/39at5820.hmm Results/1_GeneSequences/PB.faa 
# Current dir:     /export/home/bio1901/Documents/29_BINP/OrthoSearch
# Date:            Sun Mar 15 18:01:20 2020
# [ok]
