#                                                                            --- full sequence --- -------------- this domain -------------   hmm coord   ali coord   env coord
# target name        accession   tlen query name           accession   qlen   E-value  score  bias   #  of  c-Evalue  i-Evalue  score  bias  from    to  from    to  from    to  acc description of target
#------------------- ---------- ----- -------------------- ---------- ----- --------- ------ ----- --- --- --------- --------- ------ ----- ----- ----- ----- ----- ----- ----- ---- ---------------------
2359_g               -           1176 4007at5820           -            535  2.1e-151  503.1  70.7   1   7     2e-40   7.9e-37  125.0   8.3     1   157     1   160     1   168 0.90 length=1176	scaffold=scaffold00485	strand=-
2359_g               -           1176 4007at5820           -            535  2.1e-151  503.1  70.7   2   7   6.2e-89   2.5e-85  285.1  17.6   141   348   250   460   229   466 0.93 length=1176	scaffold=scaffold00485	strand=-
2359_g               -           1176 4007at5820           -            535  2.1e-151  503.1  70.7   3   7   4.9e-40     2e-36  123.7  28.8   346   532   542   732   518   743 0.81 length=1176	scaffold=scaffold00485	strand=-
2359_g               -           1176 4007at5820           -            535  2.1e-151  503.1  70.7   4   7         1     4e+03  -20.4  28.8   477   535   727   781   721   792 0.60 length=1176	scaffold=scaffold00485	strand=-
2359_g               -           1176 4007at5820           -            535  2.1e-151  503.1  70.7   5   7         1     4e+03  -15.4  21.5   464   525   799   861   788   869 0.66 length=1176	scaffold=scaffold00485	strand=-
2359_g               -           1176 4007at5820           -            535  2.1e-151  503.1  70.7   6   7         1     4e+03  -15.3  21.9   475   527   916   968   882   988 0.49 length=1176	scaffold=scaffold00485	strand=-
2359_g               -           1176 4007at5820           -            535  2.1e-151  503.1  70.7   7   7         1     4e+03  -12.3  18.9   456   528  1023  1093  1009  1099 0.76 length=1176	scaffold=scaffold00485	strand=-
#
# Program:         hmmsearch
# Version:         3.1b2 (February 2015)
# Pipeline mode:   SEARCH
# Query file:      /export/home/bio1901/Documents/29_BINP/OrthoSearch/busco_downloads/lineages/plasmodium_odb10/hmms/4007at5820.hmm
# Target file:     Results/1_GeneSequences/PB.faa
# Option settings: /home/users/bio1901/miniconda3/envs/busco/bin/hmmsearch --domtblout /export/home/bio1901/Documents/29_BINP/OrthoSearch/PB/run_plasmodium_odb10/hmmer_output/4007at5820.out --cpu 1 /export/home/bio1901/Documents/29_BINP/OrthoSearch/busco_downloads/lineages/plasmodium_odb10/hmms/4007at5820.hmm Results/1_GeneSequences/PB.faa 
# Current dir:     /export/home/bio1901/Documents/29_BINP/OrthoSearch
# Date:            Sun Mar 15 18:01:20 2020
# [ok]
