#                                                                            --- full sequence --- -------------- this domain -------------   hmm coord   ali coord   env coord
# target name        accession   tlen query name           accession   qlen   E-value  score  bias   #  of  c-Evalue  i-Evalue  score  bias  from    to  from    to  from    to  acc description of target
#------------------- ---------- ----- -------------------- ---------- ----- --------- ------ ----- --- --- --------- --------- ------ ----- ----- ----- ----- ----- ----- ----- ---- ---------------------
555_g                -           1845 4013at5820           -            604  5.4e-192  637.3  65.7   1   9         1     4e+03  -18.5  19.2    94   144    32    82     3   152 0.45 length=1845	scaffold=scaffold00055	strand=+
555_g                -           1845 4013at5820           -            604  5.4e-192  637.3  65.7   2   9   2.9e-63   1.2e-59  200.2  23.8     4   172   183   375   180   383 0.89 length=1845	scaffold=scaffold00055	strand=+
555_g                -           1845 4013at5820           -            604  5.4e-192  637.3  65.7   3   9   6.1e-22   2.4e-18   63.8   1.2   201   275   368   442   362   446 0.91 length=1845	scaffold=scaffold00055	strand=+
555_g                -           1845 4013at5820           -            604  5.4e-192  637.3  65.7   4   9   3.1e-10   1.2e-06   25.1   0.5   269   310   464   508   460   516 0.84 length=1845	scaffold=scaffold00055	strand=+
555_g                -           1845 4013at5820           -            604  5.4e-192  637.3  65.7   5   9   1.4e-08   5.4e-05   19.7   0.0   300   345   527   579   521   653 0.88 length=1845	scaffold=scaffold00055	strand=+
555_g                -           1845 4013at5820           -            604  5.4e-192  637.3  65.7   6   9  4.7e-118  1.9e-114  381.2  19.4   334   604   668   939   658   939 0.98 length=1845	scaffold=scaffold00055	strand=+
555_g                -           1845 4013at5820           -            604  5.4e-192  637.3  65.7   7   9         1     4e+03  -16.3  16.9    48   128  1049  1091   987  1172 0.54 length=1845	scaffold=scaffold00055	strand=+
555_g                -           1845 4013at5820           -            604  5.4e-192  637.3  65.7   8   9         1     4e+03   -7.4   7.9   113   142  1463  1492  1375  1530 0.74 length=1845	scaffold=scaffold00055	strand=+
555_g                -           1845 4013at5820           -            604  5.4e-192  637.3  65.7   9   9         1     4e+03  -13.6  16.0    49   111  1667  1708  1597  1765 0.56 length=1845	scaffold=scaffold00055	strand=+
#
# Program:         hmmsearch
# Version:         3.1b2 (February 2015)
# Pipeline mode:   SEARCH
# Query file:      /export/home/bio1901/Documents/29_BINP/OrthoSearch/busco_downloads/lineages/plasmodium_odb10/hmms/4013at5820.hmm
# Target file:     Results/1_GeneSequences/PB.faa
# Option settings: /home/users/bio1901/miniconda3/envs/busco/bin/hmmsearch --domtblout /export/home/bio1901/Documents/29_BINP/OrthoSearch/PB/run_plasmodium_odb10/hmmer_output/4013at5820.out --cpu 1 /export/home/bio1901/Documents/29_BINP/OrthoSearch/busco_downloads/lineages/plasmodium_odb10/hmms/4013at5820.hmm Results/1_GeneSequences/PB.faa 
# Current dir:     /export/home/bio1901/Documents/29_BINP/OrthoSearch
# Date:            Sun Mar 15 18:01:21 2020
# [ok]
