#                                                                            --- full sequence --- -------------- this domain -------------   hmm coord   ali coord   env coord
# target name        accession   tlen query name           accession   qlen   E-value  score  bias   #  of  c-Evalue  i-Evalue  score  bias  from    to  from    to  from    to  acc description of target
#------------------- ---------- ----- -------------------- ---------- ----- --------- ------ ----- --- --- --------- --------- ------ ----- ----- ----- ----- ----- ----- ----- ---- ---------------------
3043_g               -           1671 4032at5820           -            561  1.9e-260  863.0  72.4   1   5         3     4e+03  -14.4  19.9   358   409    59   120    53   142 0.44 length=1671	scaffold=scaffold00813	strand=-
3043_g               -           1671 4032at5820           -            561  1.9e-260  863.0  72.4   2   5         3     4e+03  -10.5  12.6   363   402   531   572   519   586 0.49 length=1671	scaffold=scaffold00813	strand=-
3043_g               -           1671 4032at5820           -            561  1.9e-260  863.0  72.4   3   5   1.6e-07   0.00022   17.7   6.2    43    93   929   978   886   980 0.82 length=1671	scaffold=scaffold00813	strand=-
3043_g               -           1671 4032at5820           -            561  1.9e-260  863.0  72.4   4   5  4.5e-180  5.9e-177  587.4  35.6    11   403   974  1381   969  1396 0.82 length=1671	scaffold=scaffold00813	strand=-
3043_g               -           1671 4032at5820           -            561  1.9e-260  863.0  72.4   5   5   7.3e-90   9.7e-87  289.6  14.7   381   558  1442  1619  1408  1623 0.89 length=1671	scaffold=scaffold00813	strand=-
3490_g               -            349 4032at5820           -            561   7.3e-05   19.3   0.1   1   1   7.5e-08   9.9e-05   18.8   0.1   273   372    67   166    63   246 0.79 length=349	scaffold=scaffold01129	strand=-
3195_g               -            467 4032at5820           -            561     0.042   10.2  31.4   1   1   0.00016      0.21    7.8  28.9    16   291    75   380    31   399 0.66 length=467	scaffold=scaffold00908	strand=+
#
# Program:         hmmsearch
# Version:         3.1b2 (February 2015)
# Pipeline mode:   SEARCH
# Query file:      /export/home/bio1901/Documents/29_BINP/OrthoSearch/busco_downloads/lineages/plasmodium_odb10/hmms/4032at5820.hmm
# Target file:     Results/1_GeneSequences/PB.faa
# Option settings: /home/users/bio1901/miniconda3/envs/busco/bin/hmmsearch --domtblout /export/home/bio1901/Documents/29_BINP/OrthoSearch/PB/run_plasmodium_odb10/hmmer_output/4032at5820.out --cpu 1 /export/home/bio1901/Documents/29_BINP/OrthoSearch/busco_downloads/lineages/plasmodium_odb10/hmms/4032at5820.hmm Results/1_GeneSequences/PB.faa 
# Current dir:     /export/home/bio1901/Documents/29_BINP/OrthoSearch
# Date:            Sun Mar 15 18:01:27 2020
# [ok]
