#                                                                            --- full sequence --- -------------- this domain -------------   hmm coord   ali coord   env coord
# target name        accession   tlen query name           accession   qlen   E-value  score  bias   #  of  c-Evalue  i-Evalue  score  bias  from    to  from    to  from    to  acc description of target
#------------------- ---------- ----- -------------------- ---------- ----- --------- ------ ----- --- --- --------- --------- ------ ----- ----- ----- ----- ----- ----- ----- ---- ---------------------
1160_g               -           1320 4120at5820           -            764   1.8e-23   80.3  21.8   1   6       2.3   1.5e+03   -5.4   4.8   141   190    19    69     2   104 0.62 length=1320	scaffold=scaffold00153	strand=+
1160_g               -           1320 4120at5820           -            764   1.8e-23   80.3  21.8   2   6         6     4e+03  -16.3  28.0    13   133   126   240   101   306 0.46 length=1320	scaffold=scaffold00153	strand=+
1160_g               -           1320 4120at5820           -            764   1.8e-23   80.3  21.8   3   6         6     4e+03  -10.8  15.3    36   122   334   417   297   513 0.65 length=1320	scaffold=scaffold00153	strand=+
1160_g               -           1320 4120at5820           -            764   1.8e-23   80.3  21.8   4   6   2.7e-26   1.8e-23   80.3  21.8   127   346   615   824   525   835 0.67 length=1320	scaffold=scaffold00153	strand=+
1160_g               -           1320 4120at5820           -            764   1.8e-23   80.3  21.8   5   6         6     4e+03  -11.1  14.3    66   116  1002  1052   974  1078 0.52 length=1320	scaffold=scaffold00153	strand=+
1160_g               -           1320 4120at5820           -            764   1.8e-23   80.3  21.8   6   6      0.02        14    1.4   0.1   507   622  1085  1191  1071  1200 0.70 length=1320	scaffold=scaffold00153	strand=+
2141_g               -           1066 4120at5820           -            764   1.9e-19   67.1  11.0   1   6   1.2e-21   7.8e-19   65.0   2.7   183   323   145   305   131   338 0.79 length=1066	scaffold=scaffold00404	strand=-
2141_g               -           1066 4120at5820           -            764   1.9e-19   67.1  11.0   2   6         6     4e+03  -14.0  16.0    69   110   614   654   564   703 0.62 length=1066	scaffold=scaffold00404	strand=-
2141_g               -           1066 4120at5820           -            764   1.9e-19   67.1  11.0   3   6         6     4e+03  -13.4  17.0    42   171   683   825   670   833 0.62 length=1066	scaffold=scaffold00404	strand=-
2141_g               -           1066 4120at5820           -            764   1.9e-19   67.1  11.0   4   6         6     4e+03  -20.6  26.1    53   132   802   881   750   897 0.48 length=1066	scaffold=scaffold00404	strand=-
2141_g               -           1066 4120at5820           -            764   1.9e-19   67.1  11.0   5   6         6     4e+03  -19.0  25.1    54   132   829   912   799   934 0.52 length=1066	scaffold=scaffold00404	strand=-
2141_g               -           1066 4120at5820           -            764   1.9e-19   67.1  11.0   6   6   6.6e-07   0.00044   16.2   1.3   551   630   973  1049   958  1057 0.92 length=1066	scaffold=scaffold00404	strand=-
750_g                -            466 4120at5820           -            764   2.1e-05   20.6   1.0   1   2   3.2e-08   2.1e-05   20.6   1.0   193   317    84   209    42   217 0.77 length=466	scaffold=scaffold00080	strand=-
750_g                -            466 4120at5820           -            764   2.1e-05   20.6   1.0   2   2       0.1        68   -0.9   0.3   416   456   288   329   282   360 0.83 length=466	scaffold=scaffold00080	strand=-
1682_g               -           1285 4120at5820           -            764   8.4e-05   18.6   7.7   1   4   0.00013     0.085    8.7   0.3   191   220    15    46     3    52 0.77 length=1285	scaffold=scaffold00269	strand=-
1682_g               -           1285 4120at5820           -            764   8.4e-05   18.6   7.7   2   4   1.3e-07   8.4e-05   18.6   7.7   206   334   103   238    41   267 0.68 length=1285	scaffold=scaffold00269	strand=-
1682_g               -           1285 4120at5820           -            764   8.4e-05   18.6   7.7   3   4     0.015       9.9    1.9  33.2    31   217   590   783   564   825 0.60 length=1285	scaffold=scaffold00269	strand=-
1682_g               -           1285 4120at5820           -            764   8.4e-05   18.6   7.7   4   4       2.8   1.8e+03   -5.6  24.1    29    92   897   959   847  1002 0.59 length=1285	scaffold=scaffold00269	strand=-
1005_g               -            242 4120at5820           -            764       1.6    4.5  29.0   1   1    0.0024       1.6    4.5  29.0    24   106     5    86     1   198 0.68 length=242	scaffold=scaffold00121	strand=+
2421_g               -            115 4120at5820           -            764       7.2    2.3  38.9   1   1     0.012         8    2.2  38.9    23   116     8   106     1   111 0.73 length=115	scaffold=scaffold00506	strand=+
#
# Program:         hmmsearch
# Version:         3.1b2 (February 2015)
# Pipeline mode:   SEARCH
# Query file:      /export/home/bio1901/Documents/29_BINP/OrthoSearch/busco_downloads/lineages/plasmodium_odb10/hmms/4120at5820.hmm
# Target file:     Results/1_GeneSequences/PB.faa
# Option settings: /home/users/bio1901/miniconda3/envs/busco/bin/hmmsearch --domtblout /export/home/bio1901/Documents/29_BINP/OrthoSearch/PB/run_plasmodium_odb10/hmmer_output/4120at5820.out --cpu 1 /export/home/bio1901/Documents/29_BINP/OrthoSearch/busco_downloads/lineages/plasmodium_odb10/hmms/4120at5820.hmm Results/1_GeneSequences/PB.faa 
# Current dir:     /export/home/bio1901/Documents/29_BINP/OrthoSearch
# Date:            Sun Mar 15 18:02:01 2020
# [ok]
