#                                                                            --- full sequence --- -------------- this domain -------------   hmm coord   ali coord   env coord
# target name        accession   tlen query name           accession   qlen   E-value  score  bias   #  of  c-Evalue  i-Evalue  score  bias  from    to  from    to  from    to  acc description of target
#------------------- ---------- ----- -------------------- ---------- ----- --------- ------ ----- --- --- --------- --------- ------ ----- ----- ----- ----- ----- ----- ----- ---- ---------------------
2166_g               -            585 4127at5820           -            457  1.2e-116  388.3  40.0   1   3   2.4e-53   4.5e-51  172.1   9.1     1   128     1   137     1   147 0.91 length=585	scaffold=scaffold00414	strand=+
2166_g               -            585 4127at5820           -            457  1.2e-116  388.3  40.0   2   3   4.6e-36   8.7e-34  115.2   9.3   119   219   237   349   220   356 0.83 length=585	scaffold=scaffold00414	strand=+
2166_g               -            585 4127at5820           -            457  1.2e-116  388.3  40.0   3   3   1.9e-35   3.6e-33  113.1   5.7   196   289   479   578   472   581 0.81 length=585	scaffold=scaffold00414	strand=+
2167_g               -            179 4127at5820           -            457   1.8e-88  295.4   8.3   1   1   1.5e-90   2.8e-88  294.8   8.3   291   455     1   177     1   178 0.95 length=179	scaffold=scaffold00414	strand=+
1275_g               -            518 4127at5820           -            457   8.8e-55  184.4  15.2   1   3   2.5e-11   4.7e-09   33.6   4.4    21   107    16   110     6   113 0.82 length=518	scaffold=scaffold00176	strand=-
1275_g               -            518 4127at5820           -            457   8.8e-55  184.4  15.2   2   3   7.3e-10   1.4e-07   28.8   0.9   142   188   109   155   107   165 0.90 length=518	scaffold=scaffold00176	strand=-
1275_g               -            518 4127at5820           -            457   8.8e-55  184.4  15.2   3   3   1.2e-40   2.2e-38  130.3   0.1   239   388   160   317   156   325 0.85 length=518	scaffold=scaffold00176	strand=-
2376_g               -            462 4127at5820           -            457   8.2e-31  105.4  11.8   1   4   1.1e-12   2.2e-10   38.0   0.5    28   102    82   159    65   162 0.79 length=462	scaffold=scaffold00492	strand=-
2376_g               -            462 4127at5820           -            457   8.2e-31  105.4  11.8   2   4   2.4e-11   4.5e-09   33.7   0.4   135   199   157   221   151   223 0.88 length=462	scaffold=scaffold00492	strand=-
2376_g               -            462 4127at5820           -            457   8.2e-31  105.4  11.8   3   4   5.1e-09   9.6e-07   26.0   0.1   240   313   220   291   217   295 0.92 length=462	scaffold=scaffold00492	strand=-
2376_g               -            462 4127at5820           -            457   8.2e-31  105.4  11.8   4   4     3e-06   0.00057   16.9   0.1   351   412   304   367   298   380 0.91 length=462	scaffold=scaffold00492	strand=-
3036_g               -           1000 4127at5820           -            457   1.1e-30  105.0  13.8   1   3   4.2e-07   8.1e-05   19.7   3.9    28   107   651   739   644   745 0.81 length=1000	scaffold=scaffold00809	strand=+	adjustedToFrame=2
3036_g               -           1000 4127at5820           -            457   1.1e-30  105.0  13.8   2   3   0.00087      0.16    8.8   0.3   155   187   753   785   744   791 0.87 length=1000	scaffold=scaffold00809	strand=+	adjustedToFrame=2
3036_g               -           1000 4127at5820           -            457   1.1e-30  105.0  13.8   3   3   5.9e-26   1.1e-23   81.8   0.1   240   402   792   974   787   988 0.79 length=1000	scaffold=scaffold00809	strand=+	adjustedToFrame=2
159_g                -            313 4127at5820           -            457   4.9e-26   89.6  12.9   1   3      0.55     1e+02   -0.5   0.5    14    46    29    61    18    67 0.83 length=313	scaffold=scaffold00009	strand=-	adjustedToFrame=2
159_g                -            313 4127at5820           -            457   4.9e-26   89.6  12.9   2   3     2e-09   3.8e-07   27.3   1.0   152   194   109   151    91   157 0.85 length=313	scaffold=scaffold00009	strand=-	adjustedToFrame=2
159_g                -            313 4127at5820           -            457   4.9e-26   89.6  12.9   3   3   1.3e-22   2.4e-20   70.8   0.5   238   389   150   310   146   312 0.81 length=313	scaffold=scaffold00009	strand=-	adjustedToFrame=2
3411_g               -            877 4127at5820           -            457   5.7e-24   82.8   5.2   1   3   1.1e-07   2.2e-05   21.6   0.2    11    92   361   451   352   471 0.71 length=877	scaffold=scaffold01062	strand=-	adjustedToFrame=2
3411_g               -            877 4127at5820           -            457   5.7e-24   82.8   5.2   2   3   2.1e-05    0.0039   14.1   0.5   145   188   588   632   574   637 0.85 length=877	scaffold=scaffold01062	strand=-	adjustedToFrame=2
3411_g               -            877 4127at5820           -            457   5.7e-24   82.8   5.2   3   3   2.4e-15   4.6e-13   46.9   0.0   240   384   638   799   634   806 0.75 length=877	scaffold=scaffold01062	strand=-	adjustedToFrame=2
1696_g               -            415 4127at5820           -            457   1.4e-23   81.5  13.5   1   3   5.7e-15   1.1e-12   45.6   3.8    28   105    64   148    57   167 0.85 length=415	scaffold=scaffold00273	strand=-
1696_g               -            415 4127at5820           -            457   1.4e-23   81.5  13.5   2   3   1.7e-10   3.3e-08   30.9   1.0   156   189   168   201   148   206 0.80 length=415	scaffold=scaffold00273	strand=-
1696_g               -            415 4127at5820           -            457   1.4e-23   81.5  13.5   3   3   7.9e-09   1.5e-06   25.4   0.0   239   278   206   245   203   259 0.88 length=415	scaffold=scaffold00273	strand=-
1688_g               -            647 4127at5820           -            457   6.1e-22   76.1  12.2   1   4      0.11        21    1.8   0.3    31   152    22   149     7   159 0.65 length=647	scaffold=scaffold00271	strand=-
1688_g               -            647 4127at5820           -            457   6.1e-22   76.1  12.2   2   4   2.4e-07   4.6e-05   20.5   0.6   134   200   177   250   107   258 0.68 length=647	scaffold=scaffold00271	strand=-
1688_g               -            647 4127at5820           -            457   6.1e-22   76.1  12.2   3   4   5.2e-19   9.8e-17   58.9   1.9   277   402   303   437   247   463 0.78 length=647	scaffold=scaffold00271	strand=-
1688_g               -            647 4127at5820           -            457   6.1e-22   76.1  12.2   4   4      0.68   1.3e+02   -0.8   0.1   111   151   439   479   426   487 0.78 length=647	scaffold=scaffold00271	strand=-
229_g                -           1128 4127at5820           -            457   1.1e-20   72.0  41.4   1   7   4.5e-05    0.0085   13.0   2.3    28    86   115   179    93   204 0.83 length=1128	scaffold=scaffold00016	strand=+
229_g                -           1128 4127at5820           -            457   1.1e-20   72.0  41.4   2   7   1.4e-07   2.7e-05   21.3   0.4   146   207   208   270   188   286 0.77 length=1128	scaffold=scaffold00016	strand=+
229_g                -           1128 4127at5820           -            457   1.1e-20   72.0  41.4   3   7     1e-09   1.9e-07   28.3   0.0   257   295   299   337   291   343 0.90 length=1128	scaffold=scaffold00016	strand=+
229_g                -           1128 4127at5820           -            457   1.1e-20   72.0  41.4   4   7   9.2e-13   1.7e-10   38.3   0.3   306   390   376   462   371   515 0.86 length=1128	scaffold=scaffold00016	strand=+
229_g                -           1128 4127at5820           -            457   1.1e-20   72.0  41.4   5   7       4.4   8.4e+02   -3.5   1.3   387   423   761   796   621   830 0.57 length=1128	scaffold=scaffold00016	strand=+
229_g                -           1128 4127at5820           -            457   1.1e-20   72.0  41.4   6   7       2.7   5.2e+02   -2.8   3.3   132   175   882   927   837  1003 0.76 length=1128	scaffold=scaffold00016	strand=+
229_g                -           1128 4127at5820           -            457   1.1e-20   72.0  41.4   7   7       6.2   1.2e+03   -3.9   1.0   380   420  1075  1118  1056  1121 0.63 length=1128	scaffold=scaffold00016	strand=+
1961_g               -            485 4127at5820           -            457   7.4e-18   62.6   7.2   1   4   1.6e-10     3e-08   31.0   0.0    33   101    44   115    29   122 0.66 length=485	scaffold=scaffold00349	strand=-
1961_g               -            485 4127at5820           -            457   7.4e-18   62.6   7.2   2   4   1.1e-06   0.00021   18.3   0.2   135   199   114   178   112   199 0.83 length=485	scaffold=scaffold00349	strand=-
1961_g               -            485 4127at5820           -            457   7.4e-18   62.6   7.2   3   4   0.00026      0.05   10.5   0.2   240   311   177   247   167   255 0.82 length=485	scaffold=scaffold00349	strand=-
1961_g               -            485 4127at5820           -            457   7.4e-18   62.6   7.2   4   4     0.003      0.56    7.0   0.0   351   385   262   296   253   317 0.90 length=485	scaffold=scaffold00349	strand=-
61_g                 -            877 4127at5820           -            457     3e-16   57.3  29.7   1   5   8.4e-05     0.016   12.1   5.1    20   109   408   507   400   510 0.71 length=877	scaffold=scaffold00003	strand=+
61_g                 -            877 4127at5820           -            457     3e-16   57.3  29.7   2   5   2.2e-10   4.1e-08   30.5   1.9   142   193   504   556   489   560 0.83 length=877	scaffold=scaffold00003	strand=+
61_g                 -            877 4127at5820           -            457     3e-16   57.3  29.7   3   5     8e-09   1.5e-06   25.4   0.1   240   304   557   620   553   637 0.81 length=877	scaffold=scaffold00003	strand=+
61_g                 -            877 4127at5820           -            457     3e-16   57.3  29.7   4   5    0.0026      0.49    7.2   0.6   354   426   642   712   637   738 0.75 length=877	scaffold=scaffold00003	strand=+
61_g                 -            877 4127at5820           -            457     3e-16   57.3  29.7   5   5       2.8   5.3e+02   -2.8   0.4   311   387   765   846   751   851 0.52 length=877	scaffold=scaffold00003	strand=+
3015_g               -            760 4127at5820           -            457   1.6e-14   51.7  17.6   1   4   2.5e-06   0.00048   17.1   2.9    10    99   292   384   286   392 0.63 length=760	scaffold=scaffold00797	strand=-	adjustedToFrame=3
3015_g               -            760 4127at5820           -            457   1.6e-14   51.7  17.6   2   4   1.4e-06   0.00026   18.0   0.2   150   211   401   462   383   464 0.74 length=760	scaffold=scaffold00797	strand=-	adjustedToFrame=3
3015_g               -            760 4127at5820           -            457   1.6e-14   51.7  17.6   3   4   6.8e-08   1.3e-05   22.3   0.2   240   310   448   516   439   535 0.86 length=760	scaffold=scaffold00797	strand=-	adjustedToFrame=3
3015_g               -            760 4127at5820           -            457   1.6e-14   51.7  17.6   4   4    0.0049      0.92    6.3   0.1   352   394   533   575   526   593 0.85 length=760	scaffold=scaffold00797	strand=-	adjustedToFrame=3
1507_g               -           1229 4127at5820           -            457   4.2e-14   50.3  39.3   1   4   4.8e-11   9.1e-09   32.7   3.0    30    94    10    81     2   106 0.81 length=1229	scaffold=scaffold00229	strand=-
1507_g               -           1229 4127at5820           -            457   4.2e-14   50.3  39.3   2   4   3.3e-07   6.3e-05   20.0   1.9   142   193   105   156    96   169 0.91 length=1229	scaffold=scaffold00229	strand=-
1507_g               -           1229 4127at5820           -            457   4.2e-14   50.3  39.3   3   4   5.3e-08     1e-05   22.7   0.0   240   300   157   215   155   223 0.82 length=1229	scaffold=scaffold00229	strand=-
1507_g               -           1229 4127at5820           -            457   4.2e-14   50.3  39.3   4   4       1.3   2.4e+02   -1.7   4.9     2   108   428   548   427   572 0.62 length=1229	scaffold=scaffold00229	strand=-
1282_g               -            569 4127at5820           -            457   9.6e-11   39.2  10.4   1   6       3.6   6.8e+02   -3.2   1.7    49    67    74    92    26   156 0.55 length=569	scaffold=scaffold00177	strand=+
1282_g               -            569 4127at5820           -            457   9.6e-11   39.2  10.4   2   6       5.7   1.1e+03   -3.8   0.9    46    89   107   149    78   179 0.64 length=569	scaffold=scaffold00177	strand=+
1282_g               -            569 4127at5820           -            457   9.6e-11   39.2  10.4   3   6     0.068        13    2.5   0.0    30    90   257   324   242   335 0.68 length=569	scaffold=scaffold00177	strand=+
1282_g               -            569 4127at5820           -            457   9.6e-11   39.2  10.4   4   6   1.9e-06   0.00036   17.5   0.0   143   188   341   387   331   391 0.85 length=569	scaffold=scaffold00177	strand=+
1282_g               -            569 4127at5820           -            457   9.6e-11   39.2  10.4   5   6   2.4e-08   4.6e-06   23.8   0.1   239   316   392   465   388   477 0.87 length=569	scaffold=scaffold00177	strand=+
1282_g               -            569 4127at5820           -            457   9.6e-11   39.2  10.4   6   6       1.9   3.6e+02   -2.3   0.0   354   393   478   513   469   518 0.75 length=569	scaffold=scaffold00177	strand=+
574_g                -           1016 4127at5820           -            457   1.3e-10   38.7  11.1   1   4   1.8e-06   0.00035   17.6   3.9    16   145    46   184    35   185 0.69 length=1016	scaffold=scaffold00057	strand=-
574_g                -           1016 4127at5820           -            457   1.3e-10   38.7  11.1   2   4     0.011       2.1    5.1   0.1   137   188   140   203   136   223 0.72 length=1016	scaffold=scaffold00057	strand=-
574_g                -           1016 4127at5820           -            457   1.3e-10   38.7  11.1   3   4   8.8e-08   1.7e-05   21.9   0.0   240   313   226   300   210   306 0.85 length=1016	scaffold=scaffold00057	strand=-
574_g                -           1016 4127at5820           -            457   1.3e-10   38.7  11.1   4   4       2.8   5.4e+02   -2.8   0.1   376   432   646   703   633   706 0.77 length=1016	scaffold=scaffold00057	strand=-
4034_g               -            619 4127at5820           -            457   2.3e-09   34.6   3.6   1   3     5e-06   0.00095   16.1   0.3    33   104   371   448   361   456 0.79 length=619	scaffold=scaffold01621	strand=-	adjustedToFrame=3
4034_g               -            619 4127at5820           -            457   2.3e-09   34.6   3.6   2   3   1.3e-09   2.5e-07   27.9   0.3   152   192   463   503   451   508 0.89 length=619	scaffold=scaffold01621	strand=-	adjustedToFrame=3
4034_g               -            619 4127at5820           -            457   2.3e-09   34.6   3.6   3   3   0.00099      0.19    8.6   0.2   228   287   508   563   501   571 0.74 length=619	scaffold=scaffold01621	strand=-	adjustedToFrame=3
3874_g               -            126 4127at5820           -            457   8.8e-09   32.7   2.9   1   1   7.5e-11   1.4e-08   32.0   2.9    26    93    15    94     8   122 0.78 length=126	scaffold=scaffold01462	strand=+
2410_g               -            133 4127at5820           -            457   1.4e-06   25.5   0.1   1   1   7.7e-09   1.5e-06   25.4   0.1   238   320    12    94     3   129 0.82 length=133	scaffold=scaffold00503	strand=-
588_g                -            577 4127at5820           -            457   2.6e-06   24.6   4.8   1   4    0.0012      0.23    8.3   6.2    30   107   282   366   252   370 0.75 length=577	scaffold=scaffold00058	strand=-
588_g                -            577 4127at5820           -            457   2.6e-06   24.6   4.8   2   4   1.4e-08   2.6e-06   24.6   4.8   117   189   337   414   334   422 0.84 length=577	scaffold=scaffold00058	strand=-
588_g                -            577 4127at5820           -            457   2.6e-06   24.6   4.8   3   4    0.0051      0.97    6.2   0.0   241   299   420   480   416   484 0.74 length=577	scaffold=scaffold00058	strand=-
588_g                -            577 4127at5820           -            457   2.6e-06   24.6   4.8   4   4     0.007       1.3    5.8   0.0   350   384   501   535   482   543 0.87 length=577	scaffold=scaffold00058	strand=-
1764_g               -            234 4127at5820           -            457   9.2e-05   19.5   0.0   1   3   4.9e-07   9.2e-05   19.5   0.0   256   315    32    90     9   111 0.83 length=234	scaffold=scaffold00292	strand=+	adjustedToFrame=2
1764_g               -            234 4127at5820           -            457   9.2e-05   19.5   0.0   2   3      0.26        49    0.6   0.0   358   384   110   136    85   156 0.72 length=234	scaffold=scaffold00292	strand=+	adjustedToFrame=2
1764_g               -            234 4127at5820           -            457   9.2e-05   19.5   0.0   3   3      0.57   1.1e+02   -0.5   1.8   166   166   149   149   102   230 0.54 length=234	scaffold=scaffold00292	strand=+	adjustedToFrame=2
#
# Program:         hmmsearch
# Version:         3.1b2 (February 2015)
# Pipeline mode:   SEARCH
# Query file:      /export/home/bio1901/Documents/29_BINP/OrthoSearch/busco_downloads/lineages/plasmodium_odb10/hmms/4127at5820.hmm
# Target file:     Results/1_GeneSequences/PB.faa
# Option settings: /home/users/bio1901/miniconda3/envs/busco/bin/hmmsearch --domtblout /export/home/bio1901/Documents/29_BINP/OrthoSearch/PB/run_plasmodium_odb10/hmmer_output/4127at5820.out --cpu 1 /export/home/bio1901/Documents/29_BINP/OrthoSearch/busco_downloads/lineages/plasmodium_odb10/hmms/4127at5820.hmm Results/1_GeneSequences/PB.faa 
# Current dir:     /export/home/bio1901/Documents/29_BINP/OrthoSearch
# Date:            Sun Mar 15 18:02:02 2020
# [ok]
