#                                                                            --- full sequence --- -------------- this domain -------------   hmm coord   ali coord   env coord
# target name        accession   tlen query name           accession   qlen   E-value  score  bias   #  of  c-Evalue  i-Evalue  score  bias  from    to  from    to  from    to  acc description of target
#------------------- ---------- ----- -------------------- ---------- ----- --------- ------ ----- --- --- --------- --------- ------ ----- ----- ----- ----- ----- ----- ----- ---- ---------------------
2933_g               -           2205 41at5820             -           4262         0 3388.1 142.8   1   3         0         0 1563.4  71.6  2512  3313   116   927   106   955 0.98 length=2205	scaffold=scaffold00748	strand=-	adjustedToFrame=2
2933_g               -           2205 41at5820             -           4262         0 3388.1 142.8   2   3   2.6e-93   1.2e-90  301.7  17.4  3313  3485  1050  1222  1037  1240 0.96 length=2205	scaffold=scaffold00748	strand=-	adjustedToFrame=2
2933_g               -           2205 41at5820             -           4262         0 3388.1 142.8   3   3         0         0 1535.0  37.8  3485  4262  1412  2204  1404  2204 0.97 length=2205	scaffold=scaffold00748	strand=-	adjustedToFrame=2
1284_g               -           5635 41at5820             -           4262         0 1179.3 224.5   1  10         9     4e+03  -31.7  33.7   654   792   233   368    90   395 0.43 length=5635	scaffold=scaffold00178	strand=-
1284_g               -           5635 41at5820             -           4262         0 1179.3 224.5   2  10         9     4e+03  -25.8  28.8   514   721   593   809   555   830 0.49 length=5635	scaffold=scaffold00178	strand=-
1284_g               -           5635 41at5820             -           4262         0 1179.3 224.5   3  10         9     4e+03  -30.3  40.9    68   263  1023  1221   912  1337 0.35 length=5635	scaffold=scaffold00178	strand=-
1284_g               -           5635 41at5820             -           4262         0 1179.3 224.5   4  10         9     4e+03  -32.0  49.0   820  1159  1588  1926  1531  1963 0.61 length=5635	scaffold=scaffold00178	strand=-
1284_g               -           5635 41at5820             -           4262         0 1179.3 224.5   5  10  3.7e-184  1.6e-181  603.3  67.3  1162  2122  2037  3029  2018  3046 0.89 length=5635	scaffold=scaffold00178	strand=-
1284_g               -           5635 41at5820             -           4262         0 1179.3 224.5   6  10   3.2e-19   1.4e-16   55.9  13.2  2214  2534  3229  3576  3214  3583 0.75 length=5635	scaffold=scaffold00178	strand=-
1284_g               -           5635 41at5820             -           4262         0 1179.3 224.5   7  10   2.1e-20   9.4e-18   59.8   4.1  2530  2683  3637  3792  3631  3807 0.88 length=5635	scaffold=scaffold00178	strand=-
1284_g               -           5635 41at5820             -           4262         0 1179.3 224.5   8  10  1.7e-107  7.3e-105  348.9  66.0  2709  3545  3880  4742  3869  4765 0.85 length=5635	scaffold=scaffold00178	strand=-
1284_g               -           5635 41at5820             -           4262         0 1179.3 224.5   9  10   2.9e-42   1.3e-39  132.3  24.4  3587  3978  4891  5277  4846  5334 0.79 length=5635	scaffold=scaffold00178	strand=-
1284_g               -           5635 41at5820             -           4262         0 1179.3 224.5  10  10   1.4e-22   6.3e-20   67.0   9.5  3975  4248  5335  5633  5329  5635 0.74 length=5635	scaffold=scaffold00178	strand=-
1268_g               -           5013 41at5820             -           4262  5.4e-285  946.8 102.3   1   6         9     4e+03  -23.3  27.8   742   991   982  1245   967  1260 0.69 length=5013	scaffold=scaffold00174	strand=-
1268_g               -           5013 41at5820             -           4262  5.4e-285  946.8 102.3   2   6  3.7e-131  1.6e-128  427.4  31.0  1065  1814  1380  2161  1311  2168 0.88 length=5013	scaffold=scaffold00174	strand=-
1268_g               -           5013 41at5820             -           4262  5.4e-285  946.8 102.3   3   6   1.3e-39   5.8e-37  123.5   1.0  1819  2043  2218  2452  2210  2481 0.86 length=5013	scaffold=scaffold00174	strand=-
1268_g               -           5013 41at5820             -           4262  5.4e-285  946.8 102.3   4   6  7.8e-107  3.5e-104  346.6  45.4  2230  3448  2770  4013  2755  4023 0.87 length=5013	scaffold=scaffold00174	strand=-
1268_g               -           5013 41at5820             -           4262  5.4e-285  946.8 102.3   5   6   1.5e-32   6.5e-30  100.1   2.3  3612  3988  4226  4615  4220  4631 0.82 length=5013	scaffold=scaffold00174	strand=-
1268_g               -           5013 41at5820             -           4262  5.4e-285  946.8 102.3   6   6     0.062        28   -1.5   3.4  4032  4109  4739  4822  4689  4831 0.79 length=5013	scaffold=scaffold00174	strand=-
2889_g               -           1032 41at5820             -           4262  3.9e-206  685.0 113.3   1   4   4.1e-47   1.8e-44  148.4  22.4    13   135    80   214    60   222 0.85 length=1032	scaffold=scaffold00724	strand=+
2889_g               -           1032 41at5820             -           4262  3.9e-206  685.0 113.3   2   4   2.9e-34   1.3e-31  105.8  11.5   215   304   223   314   216   321 0.94 length=1032	scaffold=scaffold00724	strand=+
2889_g               -           1032 41at5820             -           4262  3.9e-206  685.0 113.3   3   4   7.2e-74   3.2e-71  237.2  16.9   295   466   489   665   457   721 0.88 length=1032	scaffold=scaffold00724	strand=+
2889_g               -           1032 41at5820             -           4262  3.9e-206  685.0 113.3   4   4   2.5e-66   1.1e-63  212.2  38.9   465   693   767  1024   754  1032 0.88 length=1032	scaffold=scaffold00724	strand=+
2584_g               -           1542 41at5820             -           4262    6e-135  448.7 130.6   1   4   2.8e-35   1.2e-32  109.2  10.0  1898  2173     1   282     1   290 0.77 length=1542	scaffold=scaffold00569	strand=+
2584_g               -           1542 41at5820             -           4262    6e-135  448.7 130.6   2   4   2.2e-66   9.9e-64  212.4  57.9  2228  2794   293   871   282   941 0.92 length=1542	scaffold=scaffold00569	strand=+
2584_g               -           1542 41at5820             -           4262    6e-135  448.7 130.6   3   4   1.3e-41   5.7e-39  130.2  41.2  2765  3169   961  1380   954  1388 0.85 length=1542	scaffold=scaffold00569	strand=+
2584_g               -           1542 41at5820             -           4262    6e-135  448.7 130.6   4   4   2.3e-06     0.001   13.2   0.4  3170  3228  1482  1540  1474  1542 0.85 length=1542	scaffold=scaffold00569	strand=+
501_g                -           5635 41at5820             -           4262  8.6e-113  375.2 346.7   1  14         9     4e+03  -20.3  61.6   907  1245   157   520    70   539 0.69 length=5635	scaffold=scaffold00047	strand=-	adjustedToFrame=2
501_g                -           5635 41at5820             -           4262  8.6e-113  375.2 346.7   2  14   1.8e-10   7.9e-08   26.8   2.9  1334  1401   539   603   526   614 0.87 length=5635	scaffold=scaffold00047	strand=-	adjustedToFrame=2
501_g                -           5635 41at5820             -           4262  8.6e-113  375.2 346.7   3  14   1.3e-06   0.00057   14.0  10.7  1415  1569   846   997   823  1003 0.75 length=5635	scaffold=scaffold00047	strand=-	adjustedToFrame=2
501_g                -           5635 41at5820             -           4262  8.6e-113  375.2 346.7   4  14   5.6e-29   2.5e-26   88.2   4.7  1573  1705  1210  1342  1181  1355 0.87 length=5635	scaffold=scaffold00047	strand=-	adjustedToFrame=2
501_g                -           5635 41at5820             -           4262  8.6e-113  375.2 346.7   5  14   4.9e-08   2.2e-05   18.7   4.4  1707  1805  1579  1677  1572  1696 0.91 length=5635	scaffold=scaffold00047	strand=-	adjustedToFrame=2
501_g                -           5635 41at5820             -           4262  8.6e-113  375.2 346.7   6  14   0.00033      0.14    6.0   1.0  1857  1928  1696  1769  1688  1788 0.84 length=5635	scaffold=scaffold00047	strand=-	adjustedToFrame=2
501_g                -           5635 41at5820             -           4262  8.6e-113  375.2 346.7   7  14     2e-23     9e-21   69.8   6.5  1926  2112  1985  2169  1967  2192 0.90 length=5635	scaffold=scaffold00047	strand=-	adjustedToFrame=2
501_g                -           5635 41at5820             -           4262  8.6e-113  375.2 346.7   8  14   1.7e-05    0.0076   10.3  10.2  2228  2352  2545  2672  2536  2682 0.79 length=5635	scaffold=scaffold00047	strand=-	adjustedToFrame=2
501_g                -           5635 41at5820             -           4262  8.6e-113  375.2 346.7   9  14   0.00047      0.21    5.5  26.3  2317  2513  2669  2875  2664  2891 0.77 length=5635	scaffold=scaffold00047	strand=-	adjustedToFrame=2
501_g                -           5635 41at5820             -           4262  8.6e-113  375.2 346.7  10  14   4.1e-05     0.018    9.0   1.6  2535  2619  3079  3163  3069  3176 0.86 length=5635	scaffold=scaffold00047	strand=-	adjustedToFrame=2
501_g                -           5635 41at5820             -           4262  8.6e-113  375.2 346.7  11  14      0.47   2.1e+02   -4.4   9.2  2324  2430  3310  3417  3240  3450 0.60 length=5635	scaffold=scaffold00047	strand=-	adjustedToFrame=2
501_g                -           5635 41at5820             -           4262  8.6e-113  375.2 346.7  12  14   6.6e-31   2.9e-28   94.6  61.8  2867  3536  3718  4449  3659  4472 0.75 length=5635	scaffold=scaffold00047	strand=-	adjustedToFrame=2
501_g                -           5635 41at5820             -           4262  8.6e-113  375.2 346.7  13  14   9.5e-12   4.2e-09   31.0   9.9  3546  3747  4653  4843  4629  4855 0.86 length=5635	scaffold=scaffold00047	strand=-	adjustedToFrame=2
501_g                -           5635 41at5820             -           4262  8.6e-113  375.2 346.7  14  14   5.4e-33   2.4e-30  101.5  37.3  3752  4227  4932  5416  4923  5439 0.85 length=5635	scaffold=scaffold00047	strand=-	adjustedToFrame=2
2583_g               -            655 41at5820             -           4262  8.8e-100  332.0  46.5   1   3       3.5   1.5e+03   -7.3   8.4   324   381     8    71     3    95 0.54 length=655	scaffold=scaffold00569	strand=+
2583_g               -            655 41at5820             -           4262  8.8e-100  332.0  46.5   2   3   1.4e-12   6.4e-10   33.8  23.3  1411  1568    97   255    51   269 0.79 length=655	scaffold=scaffold00569	strand=+
2583_g               -            655 41at5820             -           4262  8.8e-100  332.0  46.5   3   3   3.6e-95   1.6e-92  307.9   9.3  1548  1854   294   599   258   615 0.95 length=655	scaffold=scaffold00569	strand=+
2977_g               -           2789 41at5820             -           4262   1.6e-59  198.4 258.1   1   7   2.8e-16   1.3e-13   46.1   0.7  1627  1703     1    77     1    89 0.92 length=2789	scaffold=scaffold00770	strand=-	adjustedToFrame=2
2977_g               -           2789 41at5820             -           4262   1.6e-59  198.4 258.1   2   7   1.5e-20   6.7e-18   60.2   9.6  1703  1856   140   299   135   322 0.89 length=2789	scaffold=scaffold00770	strand=-	adjustedToFrame=2
2977_g               -           2789 41at5820             -           4262   1.6e-59  198.4 258.1   3   7   1.6e-16   6.9e-14   46.9  12.9  1907  2080   501   683   479   719 0.78 length=2789	scaffold=scaffold00770	strand=-	adjustedToFrame=2
2977_g               -           2789 41at5820             -           4262   1.6e-59  198.4 258.1   4   7   1.2e-12   5.3e-10   34.0 106.4  2215  2906  1174  1904  1162  1931 0.76 length=2789	scaffold=scaffold00770	strand=-	adjustedToFrame=2
2977_g               -           2789 41at5820             -           4262   1.6e-59  198.4 258.1   5   7   1.2e-05    0.0052   10.8  20.4  2757  2961  1960  2166  1951  2173 0.85 length=2789	scaffold=scaffold00770	strand=-	adjustedToFrame=2
2977_g               -           2789 41at5820             -           4262   1.6e-59  198.4 258.1   6   7   1.4e-11   6.2e-09   30.5  37.8  3003  3313  2165  2479  2163  2560 0.84 length=2789	scaffold=scaffold00770	strand=-	adjustedToFrame=2
2977_g               -           2789 41at5820             -           4262   1.6e-59  198.4 258.1   7   7    0.0073       3.2    1.5  29.1  3294  3511  2578  2787  2528  2789 0.76 length=2789	scaffold=scaffold00770	strand=-	adjustedToFrame=2
3886_g               -           1159 41at5820             -           4262   2.2e-58  194.6  80.1   1   6         9     4e+03  -21.7  18.5  2847  2892    37    86    29   107 0.61 length=1159	scaffold=scaffold01474	strand=+	adjustedToFrame=2
3886_g               -           1159 41at5820             -           4262   2.2e-58  194.6  80.1   2   6   1.8e-13   7.8e-11   36.8  15.3  3496  3685   131   335   116   347 0.70 length=1159	scaffold=scaffold01474	strand=+	adjustedToFrame=2
3886_g               -           1159 41at5820             -           4262   2.2e-58  194.6  80.1   3   6   4.4e-34     2e-31  105.2   6.2  3701  3903   407   610   399   625 0.90 length=1159	scaffold=scaffold01474	strand=+	adjustedToFrame=2
3886_g               -           1159 41at5820             -           4262   2.2e-58  194.6  80.1   4   6    0.0011      0.48    4.3   0.1  3923  3977   690   744   667   759 0.86 length=1159	scaffold=scaffold01474	strand=+	adjustedToFrame=2
3886_g               -           1159 41at5820             -           4262   2.2e-58  194.6  80.1   5   6     1e-22   4.5e-20   67.5   6.3  4010  4184   828  1006   790  1012 0.84 length=1159	scaffold=scaffold01474	strand=+	adjustedToFrame=2
3886_g               -           1159 41at5820             -           4262   2.2e-58  194.6  80.1   6   6     8e-10   3.6e-07   24.6   0.2  4188  4257  1078  1155  1072  1158 0.75 length=1159	scaffold=scaffold01474	strand=+	adjustedToFrame=2
#
# Program:         hmmsearch
# Version:         3.1b2 (February 2015)
# Pipeline mode:   SEARCH
# Query file:      /export/home/bio1901/Documents/29_BINP/OrthoSearch/busco_downloads/lineages/plasmodium_odb10/hmms/41at5820.hmm
# Target file:     Results/1_GeneSequences/PB.faa
# Option settings: /home/users/bio1901/miniconda3/envs/busco/bin/hmmsearch --domtblout /export/home/bio1901/Documents/29_BINP/OrthoSearch/PB/run_plasmodium_odb10/hmmer_output/41at5820.out --cpu 1 /export/home/bio1901/Documents/29_BINP/OrthoSearch/busco_downloads/lineages/plasmodium_odb10/hmms/41at5820.hmm Results/1_GeneSequences/PB.faa 
# Current dir:     /export/home/bio1901/Documents/29_BINP/OrthoSearch
# Date:            Sun Mar 15 18:02:33 2020
# [ok]
