#                                                                            --- full sequence --- -------------- this domain -------------   hmm coord   ali coord   env coord
# target name        accession   tlen query name           accession   qlen   E-value  score  bias   #  of  c-Evalue  i-Evalue  score  bias  from    to  from    to  from    to  acc description of target
#------------------- ---------- ----- -------------------- ---------- ----- --------- ------ ----- --- --- --------- --------- ------ ----- ----- ----- ----- ----- ----- ----- ---- ---------------------
2774_g               -            208 4204at5820           -            534     4e-36  122.7   8.6   1   1     2e-39     4e-36  122.7   8.6   167   275     1   114     1   130 0.91 length=208	scaffold=scaffold00663	strand=-	adjustedToFrame=2
2773_g               -           1130 4204at5820           -            534   2.1e-34  117.0  19.7   1   9   3.3e-08   6.5e-05   19.7   3.9   266   318     5    52     1    58 0.83 length=1130	scaffold=scaffold00663	strand=-
2773_g               -           1130 4204at5820           -            534   2.1e-34  117.0  19.7   2   9   2.5e-36     5e-33  112.5   7.9   317   406    94   189    65   195 0.89 length=1130	scaffold=scaffold00663	strand=-
2773_g               -           1130 4204at5820           -            534   2.1e-34  117.0  19.7   3   9   0.00031      0.62    6.5   1.8   433   476   314   359   252   377 0.71 length=1130	scaffold=scaffold00663	strand=-
2773_g               -           1130 4204at5820           -            534   2.1e-34  117.0  19.7   4   9     0.021        41    0.5  26.1   477   532   391   454   378   456 0.74 length=1130	scaffold=scaffold00663	strand=-
2773_g               -           1130 4204at5820           -            534   2.1e-34  117.0  19.7   5   9         2     4e+03  -33.9  51.2   487   525   461   501   450   548 0.57 length=1130	scaffold=scaffold00663	strand=-
2773_g               -           1130 4204at5820           -            534   2.1e-34  117.0  19.7   6   9         2     4e+03  -37.1  41.9   512   512   548   548   495   616 0.54 length=1130	scaffold=scaffold00663	strand=-
2773_g               -           1130 4204at5820           -            534   2.1e-34  117.0  19.7   7   9      0.93   1.9e+03   -4.9   6.3   478   532   693   751   687   753 0.77 length=1130	scaffold=scaffold00663	strand=-
2773_g               -           1130 4204at5820           -            534   2.1e-34  117.0  19.7   8   9         2     4e+03  -14.7  18.5   489   516   896   919   872   939 0.49 length=1130	scaffold=scaffold00663	strand=-
2773_g               -           1130 4204at5820           -            534   2.1e-34  117.0  19.7   9   9         2     4e+03   -6.9   8.6   493   519   964   991   942  1006 0.54 length=1130	scaffold=scaffold00663	strand=-
#
# Program:         hmmsearch
# Version:         3.1b2 (February 2015)
# Pipeline mode:   SEARCH
# Query file:      /export/home/bio1901/Documents/29_BINP/OrthoSearch/busco_downloads/lineages/plasmodium_odb10/hmms/4204at5820.hmm
# Target file:     Results/1_GeneSequences/PB.faa
# Option settings: /home/users/bio1901/miniconda3/envs/busco/bin/hmmsearch --domtblout /export/home/bio1901/Documents/29_BINP/OrthoSearch/PB/run_plasmodium_odb10/hmmer_output/4204at5820.out --cpu 1 /export/home/bio1901/Documents/29_BINP/OrthoSearch/busco_downloads/lineages/plasmodium_odb10/hmms/4204at5820.hmm Results/1_GeneSequences/PB.faa 
# Current dir:     /export/home/bio1901/Documents/29_BINP/OrthoSearch
# Date:            Sun Mar 15 18:02:34 2020
# [ok]
