#                                                                            --- full sequence --- -------------- this domain -------------   hmm coord   ali coord   env coord
# target name        accession   tlen query name           accession   qlen   E-value  score  bias   #  of  c-Evalue  i-Evalue  score  bias  from    to  from    to  from    to  acc description of target
#------------------- ---------- ----- -------------------- ---------- ----- --------- ------ ----- --- --- --------- --------- ------ ----- ----- ----- ----- ----- ----- ----- ---- ---------------------
1889_g               -           2569 4261at5820           -            540  4.3e-165  548.6  50.6   1   5  1.1e-165  1.1e-162  540.6  37.0     5   323   134   463   129   487 0.94 length=2569	scaffold=scaffold00326	strand=+
1889_g               -           2569 4261at5820           -            540  4.3e-165  548.6  50.6   2   5   2.9e-09   2.9e-06   24.3   5.6   327   375   561   608   543   668 0.83 length=2569	scaffold=scaffold00326	strand=+
1889_g               -           2569 4261at5820           -            540  4.3e-165  548.6  50.6   3   5         4     4e+03  -11.0  14.2   435   528  1408  1500  1384  1552 0.68 length=2569	scaffold=scaffold00326	strand=+
1889_g               -           2569 4261at5820           -            540  4.3e-165  548.6  50.6   4   5         4     4e+03   -7.3   5.7   253   280  1684  1712  1649  1776 0.61 length=2569	scaffold=scaffold00326	strand=+
1889_g               -           2569 4261at5820           -            540  4.3e-165  548.6  50.6   5   5         4     4e+03  -10.1   7.9   430   476  1979  2029  1965  2122 0.57 length=2569	scaffold=scaffold00326	strand=+
4037_g               -            170 4261at5820           -            540   1.2e-12   45.4  23.3   1   1   2.2e-15   2.2e-12   44.5  23.3   374   488    18   154    10   168 0.66 length=170	scaffold=scaffold01624	strand=+	adjustedToFrame=2
212_g                -            256 4261at5820           -            540   1.7e-12   44.9   3.4   1   1   2.8e-15   2.7e-12   44.2   3.4   374   425   155   206   134   223 0.85 length=256	scaffold=scaffold00014	strand=+
302_g                -            401 4261at5820           -            540   0.00078   16.3   1.2   1   3   7.8e-07   0.00078   16.3   1.2    81   197    37   148    16   160 0.82 length=401	scaffold=scaffold00023	strand=+
302_g                -            401 4261at5820           -            540   0.00078   16.3   1.2   2   3   4.4e-05     0.044   10.5   2.9   144   233   161   249   154   276 0.77 length=401	scaffold=scaffold00023	strand=+
302_g                -            401 4261at5820           -            540   0.00078   16.3   1.2   3   3      0.92   9.2e+02   -3.7   2.4   308   376   299   366   286   390 0.57 length=401	scaffold=scaffold00023	strand=+
#
# Program:         hmmsearch
# Version:         3.1b2 (February 2015)
# Pipeline mode:   SEARCH
# Query file:      /export/home/bio1901/Documents/29_BINP/OrthoSearch/busco_downloads/lineages/plasmodium_odb10/hmms/4261at5820.hmm
# Target file:     Results/1_GeneSequences/PB.faa
# Option settings: /home/users/bio1901/miniconda3/envs/busco/bin/hmmsearch --domtblout /export/home/bio1901/Documents/29_BINP/OrthoSearch/PB/run_plasmodium_odb10/hmmer_output/4261at5820.out --cpu 1 /export/home/bio1901/Documents/29_BINP/OrthoSearch/busco_downloads/lineages/plasmodium_odb10/hmms/4261at5820.hmm Results/1_GeneSequences/PB.faa 
# Current dir:     /export/home/bio1901/Documents/29_BINP/OrthoSearch
# Date:            Sun Mar 15 18:02:40 2020
# [ok]
