#                                                                            --- full sequence --- -------------- this domain -------------   hmm coord   ali coord   env coord
# target name        accession   tlen query name           accession   qlen   E-value  score  bias   #  of  c-Evalue  i-Evalue  score  bias  from    to  from    to  from    to  acc description of target
#------------------- ---------- ----- -------------------- ---------- ----- --------- ------ ----- --- --- --------- --------- ------ ----- ----- ----- ----- ----- ----- ----- ---- ---------------------
939_g                -            935 4272at5820           -            672    3e-249  826.6  78.6   1   4   8.5e-05     0.085    8.9   3.8     8    88    66   146    60   183 0.61 length=935	scaffold=scaffold00109	strand=-
939_g                -            935 4272at5820           -            672    3e-249  826.6  78.6   2   4    3e-144    3e-141  469.7  31.1    46   401   188   540   155   552 0.82 length=935	scaffold=scaffold00109	strand=-
939_g                -            935 4272at5820           -            672    3e-249  826.6  78.6   3   4  7.2e-112  7.2e-109  362.7  18.7   404   644   592   834   583   859 0.90 length=935	scaffold=scaffold00109	strand=-
939_g                -            935 4272at5820           -            672    3e-249  826.6  78.6   4   4    0.0093       9.3    2.1   3.8   623   660   867   904   847   911 0.75 length=935	scaffold=scaffold00109	strand=-
1709_g               -            711 4272at5820           -            672   2.4e-14   50.3   2.0   1   4         4     4e+03  -12.2  15.4    34   166   113   241    25   272 0.59 length=711	scaffold=scaffold00277	strand=-
1709_g               -            711 4272at5820           -            672   2.4e-14   50.3   2.0   2   4       0.2     2e+02   -2.3  10.6   194   286   306   399   284   421 0.90 length=711	scaffold=scaffold00277	strand=-
1709_g               -            711 4272at5820           -            672   2.4e-14   50.3   2.0   3   4       3.7   3.7e+03   -6.5   8.1    62   103   513   554   488   583 0.54 length=711	scaffold=scaffold00277	strand=-
1709_g               -            711 4272at5820           -            672   2.4e-14   50.3   2.0   4   4   2.4e-17   2.4e-14   50.3   2.0   511   607   596   692   585   698 0.95 length=711	scaffold=scaffold00277	strand=-
694_g                -            912 4272at5820           -            672   1.1e-06   25.0  16.1   1   3   1.1e-09   1.1e-06   25.0  16.1   247   422   112   284    91   370 0.79 length=912	scaffold=scaffold00073	strand=-
694_g                -            912 4272at5820           -            672   1.1e-06   25.0  16.1   2   3     0.031        31    0.4  33.7   140   333   407   615   362   618 0.72 length=912	scaffold=scaffold00073	strand=-
694_g                -            912 4272at5820           -            672   1.1e-06   25.0  16.1   3   3         4     4e+03  -11.1  30.2    12   180   661   839   650   843 0.61 length=912	scaffold=scaffold00073	strand=-
3303_g               -            675 4272at5820           -            672   1.2e-06   24.9   9.2   1   5         4     4e+03  -11.7  15.7    25    83    62   117     5   186 0.45 length=675	scaffold=scaffold00981	strand=+
3303_g               -            675 4272at5820           -            672   1.2e-06   24.9   9.2   2   5   0.00025      0.25    7.3   6.0   284   389   188   300   177   308 0.83 length=675	scaffold=scaffold00981	strand=+
3303_g               -            675 4272at5820           -            672   1.2e-06   24.9   9.2   3   5   1.3e-09   1.2e-06   24.9   9.2   223   375   319   474   305   476 0.87 length=675	scaffold=scaffold00981	strand=+
3303_g               -            675 4272at5820           -            672   1.2e-06   24.9   9.2   4   5   2.6e-06    0.0026   13.9   1.1   335   391   471   528   470   538 0.87 length=675	scaffold=scaffold00981	strand=+
3303_g               -            675 4272at5820           -            672   1.2e-06   24.9   9.2   5   5     0.086        86   -1.0   0.4   283   356   529   609   522   633 0.55 length=675	scaffold=scaffold00981	strand=+
#
# Program:         hmmsearch
# Version:         3.1b2 (February 2015)
# Pipeline mode:   SEARCH
# Query file:      /export/home/bio1901/Documents/29_BINP/OrthoSearch/busco_downloads/lineages/plasmodium_odb10/hmms/4272at5820.hmm
# Target file:     Results/1_GeneSequences/PB.faa
# Option settings: /home/users/bio1901/miniconda3/envs/busco/bin/hmmsearch --domtblout /export/home/bio1901/Documents/29_BINP/OrthoSearch/PB/run_plasmodium_odb10/hmmer_output/4272at5820.out --cpu 1 /export/home/bio1901/Documents/29_BINP/OrthoSearch/busco_downloads/lineages/plasmodium_odb10/hmms/4272at5820.hmm Results/1_GeneSequences/PB.faa 
# Current dir:     /export/home/bio1901/Documents/29_BINP/OrthoSearch
# Date:            Sun Mar 15 18:02:46 2020
# [ok]
