#                                                                            --- full sequence --- -------------- this domain -------------   hmm coord   ali coord   env coord
# target name        accession   tlen query name           accession   qlen   E-value  score  bias   #  of  c-Evalue  i-Evalue  score  bias  from    to  from    to  from    to  acc description of target
#------------------- ---------- ----- -------------------- ---------- ----- --------- ------ ----- --- --- --------- --------- ------ ----- ----- ----- ----- ----- ----- ----- ---- ---------------------
1441_g               -            925 4282at5820           -            551    2e-243  807.0  55.0   1   3  8.7e-140  3.8e-137  456.2  29.2     6   321    74   422    69   467 0.86 length=925	scaffold=scaffold00213	strand=+
1441_g               -            925 4282at5820           -            551    2e-243  807.0  55.0   2   3   1.2e-57   5.3e-55  185.1   6.9   309   421   519   634   513   692 0.85 length=925	scaffold=scaffold00213	strand=+
1441_g               -            925 4282at5820           -            551    2e-243  807.0  55.0   3   3   1.5e-54   6.6e-52  174.8   2.7   423   550   788   917   780   918 0.96 length=925	scaffold=scaffold00213	strand=+
1067_g               -           1356 4282at5820           -            551   3.4e-55  185.7  32.9   1   5   2.7e-19   1.2e-16   58.4   0.3   314   418   324   429   313   470 0.90 length=1356	scaffold=scaffold00133	strand=+
1067_g               -           1356 4282at5820           -            551   3.4e-55  185.7  32.9   2   5   3.4e-14   1.5e-11   41.6   1.9   425   518   482   580   472   604 0.79 length=1356	scaffold=scaffold00133	strand=+
1067_g               -           1356 4282at5820           -            551   3.4e-55  185.7  32.9   3   5      0.14        63   -0.0   9.4    78   214   778   915   712   943 0.73 length=1356	scaffold=scaffold00133	strand=+
1067_g               -           1356 4282at5820           -            551   3.4e-55  185.7  32.9   4   5   4.5e-09     2e-06   24.7   0.0   306   372  1050  1116  1047  1132 0.92 length=1356	scaffold=scaffold00133	strand=+
1067_g               -           1356 4282at5820           -            551   3.4e-55  185.7  32.9   5   5   5.3e-24   2.3e-21   74.0   0.7   367   539  1162  1331  1129  1345 0.79 length=1356	scaffold=scaffold00133	strand=+
4070_g               -            709 4282at5820           -            551   2.4e-33  113.6  39.5   1   2   4.2e-21   1.9e-18   64.4  27.0    11   329   162   495   154   522 0.70 length=709	scaffold=scaffold01662	strand=+
4070_g               -            709 4282at5820           -            551   2.4e-33  113.6  39.5   2   2     5e-18   2.2e-15   54.3   4.5   298   433   547   678   532   685 0.86 length=709	scaffold=scaffold01662	strand=+
3785_g               -           1018 4282at5820           -            551   8.6e-33  111.7  23.1   1   2         9     4e+03   -6.6   5.6   233   254    62    83     7   170 0.56 length=1018	scaffold=scaffold01381	strand=-
3785_g               -           1018 4282at5820           -            551   8.6e-33  111.7  23.1   2   2   1.9e-35   8.6e-33  111.7  23.1   138   540   503   923   376   930 0.72 length=1018	scaffold=scaffold01381	strand=-
2201_g               -           1062 4282at5820           -            551   8.6e-28   95.2  12.6   1   3      0.13        59    0.1   2.7    95   140   136   181   123   195 0.77 length=1062	scaffold=scaffold00424	strand=-
2201_g               -           1062 4282at5820           -            551   8.6e-28   95.2  12.6   2   3         9     4e+03  -13.9  23.5     9   233   424   668   416   712 0.55 length=1062	scaffold=scaffold00424	strand=-
2201_g               -           1062 4282at5820           -            551   8.6e-28   95.2  12.6   3   3   1.9e-30   8.6e-28   95.2  12.6   326   547   827  1045   799  1049 0.85 length=1062	scaffold=scaffold00424	strand=-
526_g                -            713 4282at5820           -            551   2.7e-16   57.3  11.8   1   5       2.2   9.6e+02   -3.9   0.6   465   520    46   105    30   112 0.60 length=713	scaffold=scaffold00051	strand=+
526_g                -            713 4282at5820           -            551   2.7e-16   57.3  11.8   2   5      0.09        40    0.6   0.2   207   231   303   327   291   336 0.82 length=713	scaffold=scaffold00051	strand=+
526_g                -            713 4282at5820           -            551   2.7e-16   57.3  11.8   3   5      0.55   2.4e+02   -2.0   0.1   461   479   337   355   329   367 0.82 length=713	scaffold=scaffold00051	strand=+
526_g                -            713 4282at5820           -            551   2.7e-16   57.3  11.8   4   5   6.1e-19   2.7e-16   57.3  11.8   315   456   492   634   484   642 0.80 length=713	scaffold=scaffold00051	strand=+
526_g                -            713 4282at5820           -            551   2.7e-16   57.3  11.8   5   5     0.037        16    1.9   0.2   438   474   670   709   650   711 0.70 length=713	scaffold=scaffold00051	strand=+
1997_g               -            620 4282at5820           -            551     1e-12   45.5   8.3   1   3   6.4e-09   2.9e-06   24.2   0.9   347   516   121   292   115   305 0.77 length=620	scaffold=scaffold00360	strand=-
1997_g               -            620 4282at5820           -            551     1e-12   45.5   8.3   2   3      0.21        92   -0.6   0.0   341   364   387   410   365   431 0.81 length=620	scaffold=scaffold00360	strand=-
1997_g               -            620 4282at5820           -            551     1e-12   45.5   8.3   3   3   7.9e-09   3.5e-06   23.9   0.8   449   529   471   557   448   612 0.81 length=620	scaffold=scaffold00360	strand=-
1950_g               -            905 4282at5820           -            551     2e-10   37.9  24.2   1   5   0.00011      0.05   10.2   0.4   315   372   242   293   234   335 0.76 length=905	scaffold=scaffold00346	strand=+
1950_g               -            905 4282at5820           -            551     2e-10   37.9  24.2   2   5   4.6e-06     0.002   14.8   2.1   446   540   413   508   379   517 0.74 length=905	scaffold=scaffold00346	strand=+
1950_g               -            905 4282at5820           -            551     2e-10   37.9  24.2   3   5      0.23     1e+02   -0.7   0.1    65   102   573   610   553   656 0.71 length=905	scaffold=scaffold00346	strand=+
1950_g               -            905 4282at5820           -            551     2e-10   37.9  24.2   4   5   1.2e-07   5.5e-05   20.0   0.7   326   378   697   750   688   767 0.85 length=905	scaffold=scaffold00346	strand=+
1950_g               -            905 4282at5820           -            551     2e-10   37.9  24.2   5   5    0.0015      0.66    6.5   0.2   446   517   798   867   761   888 0.74 length=905	scaffold=scaffold00346	strand=+
4134_g               -            221 4282at5820           -            551   2.4e-09   34.3   0.1   1   1   7.3e-12   3.3e-09   33.9   0.1   349   542     1   203     1   212 0.82 length=221	scaffold=scaffold01853	strand=-
#
# Program:         hmmsearch
# Version:         3.1b2 (February 2015)
# Pipeline mode:   SEARCH
# Query file:      /export/home/bio1901/Documents/29_BINP/OrthoSearch/busco_downloads/lineages/plasmodium_odb10/hmms/4282at5820.hmm
# Target file:     Results/1_GeneSequences/PB.faa
# Option settings: /home/users/bio1901/miniconda3/envs/busco/bin/hmmsearch --domtblout /export/home/bio1901/Documents/29_BINP/OrthoSearch/PB/run_plasmodium_odb10/hmmer_output/4282at5820.out --cpu 1 /export/home/bio1901/Documents/29_BINP/OrthoSearch/busco_downloads/lineages/plasmodium_odb10/hmms/4282at5820.hmm Results/1_GeneSequences/PB.faa 
# Current dir:     /export/home/bio1901/Documents/29_BINP/OrthoSearch
# Date:            Sun Mar 15 18:02:46 2020
# [ok]
