#                                                                            --- full sequence --- -------------- this domain -------------   hmm coord   ali coord   env coord
# target name        accession   tlen query name           accession   qlen   E-value  score  bias   #  of  c-Evalue  i-Evalue  score  bias  from    to  from    to  from    to  acc description of target
#------------------- ---------- ----- -------------------- ---------- ----- --------- ------ ----- --- --- --------- --------- ------ ----- ----- ----- ----- ----- ----- ----- ---- ---------------------
3666_g               -           1378 4306at5820           -            703  8.7e-161  534.4 154.5   1   6   5.7e-21   1.1e-18   64.7   0.3   111   180   101   172    95   185 0.85 length=1378	scaffold=scaffold01272	strand=+	adjustedToFrame=2
3666_g               -           1378 4306at5820           -            703  8.7e-161  534.4 154.5   2   6   1.5e-17   2.9e-15   53.4  10.6   170   277   235   339   230   387 0.79 length=1378	scaffold=scaffold01272	strand=+	adjustedToFrame=2
3666_g               -           1378 4306at5820           -            703  8.7e-161  534.4 154.5   3   6    0.0001     0.019   11.0  11.9   219   288   401   479   393   512 0.78 length=1378	scaffold=scaffold01272	strand=+	adjustedToFrame=2
3666_g               -           1378 4306at5820           -            703  8.7e-161  534.4 154.5   4   6     1e-90   1.9e-88  295.3  27.9   284   467   589   765   558   796 0.93 length=1378	scaffold=scaffold01272	strand=+	adjustedToFrame=2
3666_g               -           1378 4306at5820           -            703  8.7e-161  534.4 154.5   5   6   1.1e-27   2.1e-25   86.9  28.9   465   691   974  1226   964  1234 0.79 length=1378	scaffold=scaffold01272	strand=+	adjustedToFrame=2
3666_g               -           1378 4306at5820           -            703  8.7e-161  534.4 154.5   6   6     1e-20     2e-18   63.9  12.8   593   700  1258  1370  1239  1373 0.83 length=1378	scaffold=scaffold01272	strand=+	adjustedToFrame=2
1618_g               -            391 4306at5820           -            703   2.9e-44  149.3   3.4   1   2     2e-26   3.8e-24   82.8   0.2    11   226     7   209     2   227 0.85 length=391	scaffold=scaffold00254	strand=-
1618_g               -            391 4306at5820           -            703   2.9e-44  149.3   3.4   2   2   9.5e-22   1.8e-19   67.3   0.4   314   442   239   367   218   380 0.88 length=391	scaffold=scaffold00254	strand=-
2139_g               -            551 4306at5820           -            703     5e-44  148.5  14.9   1   3   4.1e-29   7.9e-27   91.6   2.7    12   254   116   355   108   364 0.79 length=551	scaffold=scaffold00403	strand=+
2139_g               -            551 4306at5820           -            703     5e-44  148.5  14.9   2   3   6.3e-20   1.2e-17   61.3   5.1   331   439   376   485   334   517 0.87 length=551	scaffold=scaffold00403	strand=+
2139_g               -            551 4306at5820           -            703     5e-44  148.5  14.9   3   3      0.85   1.6e+02   -1.9   0.1   647   679   514   546   498   549 0.77 length=551	scaffold=scaffold00403	strand=+
2156_g               -            475 4306at5820           -            703     3e-38  129.4   1.8   1   3   9.1e-06    0.0017   14.5   0.0    23    82    61   120    49   123 0.89 length=475	scaffold=scaffold00410	strand=+
2156_g               -            475 4306at5820           -            703     3e-38  129.4   1.8   2   3   1.1e-10   2.1e-08   30.7   0.6    96   221   163   283   157   320 0.77 length=475	scaffold=scaffold00410	strand=+
2156_g               -            475 4306at5820           -            703     3e-38  129.4   1.8   3   3   4.3e-26   8.2e-24   81.7   0.1   316   435   320   439   310   448 0.95 length=475	scaffold=scaffold00410	strand=+
2407_g               -            396 4306at5820           -            703   1.2e-37  127.4   0.4   1   2   2.2e-21   4.1e-19   66.1   0.1    15   223    18   209     7   225 0.83 length=396	scaffold=scaffold00502	strand=+
2407_g               -            396 4306at5820           -            703   1.2e-37  127.4   0.4   2   2   2.2e-19   4.1e-17   59.5   0.1   317   434   245   362   220   369 0.81 length=396	scaffold=scaffold00502	strand=+
3057_g               -            814 4306at5820           -            703   2.4e-35  119.8   8.7   1   2   6.1e-29   1.2e-26   91.1   0.8    10   223   193   394   185   428 0.80 length=814	scaffold=scaffold00819	strand=+
3057_g               -            814 4306at5820           -            703   2.4e-35  119.8   8.7   2   2   5.3e-14     1e-11   41.7   1.7   334   454   446   565   424   580 0.81 length=814	scaffold=scaffold00819	strand=+
1035_g               -            652 4306at5820           -            703   4.3e-34  115.7  16.9   1   3   0.00015     0.029   10.5   0.2    19    86   232   298   213   314 0.79 length=652	scaffold=scaffold00126	strand=-	adjustedToFrame=2
1035_g               -            652 4306at5820           -            703   4.3e-34  115.7  16.9   2   3   2.2e-18   4.2e-16   56.2   2.9    85   227   329   461   323   512 0.75 length=652	scaffold=scaffold00126	strand=-	adjustedToFrame=2
1035_g               -            652 4306at5820           -            703   4.3e-34  115.7  16.9   3   3   3.4e-18   6.4e-16   55.6   3.2   345   440   523   618   495   632 0.82 length=652	scaffold=scaffold00126	strand=-	adjustedToFrame=2
3581_g               -           1373 4306at5820           -            703   1.6e-32  110.5  21.8   1   3   2.9e-24   5.6e-22   75.6   9.7    15   246   211   434   200   445 0.84 length=1373	scaffold=scaffold01199	strand=+
3581_g               -           1373 4306at5820           -            703   1.6e-32  110.5  21.8   2   3   1.3e-16   2.4e-14   50.4   4.2   320   445   449   578   443   588 0.89 length=1373	scaffold=scaffold01199	strand=+
3581_g               -           1373 4306at5820           -            703   1.6e-32  110.5  21.8   3   3       5.6   1.1e+03   -4.6   3.8   228   260   964   996   890  1022 0.49 length=1373	scaffold=scaffold01199	strand=+
207_g                -            641 4306at5820           -            703   2.8e-31  106.3   0.1   1   2   1.7e-18   3.2e-16   56.6   0.0    21   228   193   400   190   443 0.84 length=641	scaffold=scaffold00014	strand=+
207_g                -            641 4306at5820           -            703   2.8e-31  106.3   0.1   2   2   7.7e-16   1.5e-13   47.8   0.1   334   436   447   549   399   557 0.80 length=641	scaffold=scaffold00014	strand=+
1091_g               -            493 4306at5820           -            703   1.4e-30  104.0   2.8   1   3   6.8e-07   0.00013   18.2   0.0    13    81   144   212   133   220 0.87 length=493	scaffold=scaffold00138	strand=-
1091_g               -            493 4306at5820           -            703   1.4e-30  104.0   2.8   2   3     1e-06   0.00019   17.6   0.0   125   218   221   303   211   312 0.79 length=493	scaffold=scaffold00138	strand=-
1091_g               -            493 4306at5820           -            703   1.4e-30  104.0   2.8   3   3   6.8e-26   1.3e-23   81.0   2.1   317   450   342   475   337   482 0.93 length=493	scaffold=scaffold00138	strand=-
3826_g               -           1126 4306at5820           -            703   2.5e-30  103.2   2.8   1   2   5.9e-15   1.1e-12   44.9   0.0    22   206   701   881   697   896 0.82 length=1126	scaffold=scaffold01419	strand=-	adjustedToFrame=3
3826_g               -           1126 4306at5820           -            703   2.5e-30  103.2   2.8   2   2   1.2e-18   2.2e-16   57.1   0.0   335   444   973  1082   954  1098 0.86 length=1126	scaffold=scaffold01419	strand=-	adjustedToFrame=3
1925_g               -            866 4306at5820           -            703   3.1e-30  102.9   4.7   1   2   5.4e-18     1e-15   54.9   0.3    24   201   315   503   299   508 0.79 length=866	scaffold=scaffold00338	strand=-
1925_g               -            866 4306at5820           -            703   3.1e-30  102.9   4.7   2   2   6.5e-16   1.2e-13   48.0   0.5   330   439   607   716   583   723 0.85 length=866	scaffold=scaffold00338	strand=-
2360_g               -            960 4306at5820           -            703   2.6e-29   99.8  14.9   1   3   1.1e-22     2e-20   70.5  10.6    14   258   120   359   108   393 0.79 length=960	scaffold=scaffold00485	strand=-
2360_g               -            960 4306at5820           -            703   2.6e-29   99.8  14.9   2   3   1.2e-13   2.2e-11   40.6   0.1   362   430   409   478   391   488 0.84 length=960	scaffold=scaffold00485	strand=-
2360_g               -            960 4306at5820           -            703   2.6e-29   99.8  14.9   3   3         1   1.9e+02   -2.2   0.2   478   530   482   535   478   554 0.71 length=960	scaffold=scaffold00485	strand=-
2422_g               -            654 4306at5820           -            703   3.9e-29   99.3  16.0   1   3       1.8   3.4e+02   -3.0   1.2   597   638   160   202   128   225 0.46 length=654	scaffold=scaffold00506	strand=-
2422_g               -            654 4306at5820           -            703   3.9e-29   99.3  16.0   2   3   8.4e-22   1.6e-19   67.5   3.0     9   224   227   433   219   450 0.77 length=654	scaffold=scaffold00506	strand=-
2422_g               -            654 4306at5820           -            703   3.9e-29   99.3  16.0   3   3   2.6e-15     5e-13   46.0   5.2   286   478   436   630   416   652 0.78 length=654	scaffold=scaffold00506	strand=-
1604_g               -            597 4306at5820           -            703   6.4e-27   91.9  16.8   1   2   9.4e-20   1.8e-17   60.7  13.0    27   255   122   347    96   382 0.77 length=597	scaffold=scaffold00250	strand=-	adjustedToFrame=2
1604_g               -            597 4306at5820           -            703   6.4e-27   91.9  16.8   2   2   3.3e-11   6.2e-09   32.5   0.1   353   442   395   484   385   514 0.91 length=597	scaffold=scaffold00250	strand=-	adjustedToFrame=2
4074_g               -            889 4306at5820           -            703   2.5e-26   90.0  11.8   1   3   4.2e-20     8e-18   61.9   2.5    21   248    60   281    40   297 0.83 length=889	scaffold=scaffold01665	strand=-	adjustedToFrame=3
4074_g               -            889 4306at5820           -            703   2.5e-26   90.0  11.8   2   3   3.4e-14   6.5e-12   42.3   2.0   350   442   326   418   296   466 0.73 length=889	scaffold=scaffold01665	strand=-	adjustedToFrame=3
4074_g               -            889 4306at5820           -            703   2.5e-26   90.0  11.8   3   3     0.046       8.8    2.2   0.1   467   504   815   852   806   854 0.92 length=889	scaffold=scaffold01665	strand=-	adjustedToFrame=3
291_g                -           1572 4306at5820           -            703   4.3e-24   82.6  17.5   1   2   4.3e-18   8.1e-16   55.2   2.9    19   227   416   609   407   643 0.78 length=1572	scaffold=scaffold00022	strand=-
291_g                -           1572 4306at5820           -            703   4.3e-24   82.6  17.5   2   2   2.4e-14   4.5e-12   42.9   6.9   322   459   647   820   635   836 0.71 length=1572	scaffold=scaffold00022	strand=-
1937_g               -           1358 4306at5820           -            703   1.9e-23   80.5  10.8   1   3   8.3e-08   1.6e-05   21.2   1.1    14    85   164   236   150   245 0.82 length=1358	scaffold=scaffold00342	strand=+	adjustedToFrame=2
1937_g               -           1358 4306at5820           -            703   1.9e-23   80.5  10.8   2   3   5.1e-13   9.6e-11   38.5   0.8    96   232   315   437   301   502 0.82 length=1358	scaffold=scaffold00342	strand=+	adjustedToFrame=2
1937_g               -           1358 4306at5820           -            703   1.9e-23   80.5  10.8   3   3   7.1e-15   1.3e-12   44.6   0.0   365   439   520   594   511   612 0.91 length=1358	scaffold=scaffold00342	strand=+	adjustedToFrame=2
1972_g               -            784 4306at5820           -            703     6e-17   59.0  38.2   1   4       1.5   2.9e+02   -2.8   0.8   166   195   121   150    98   165 0.68 length=784	scaffold=scaffold00352	strand=-
1972_g               -            784 4306at5820           -            703     6e-17   59.0  38.2   2   4    0.0044      0.84    5.6   0.4    20    80   200   262   181   279 0.66 length=784	scaffold=scaffold00352	strand=-
1972_g               -            784 4306at5820           -            703     6e-17   59.0  38.2   3   4   1.4e-06   0.00027   17.1   8.4    88   236   307   440   299   478 0.76 length=784	scaffold=scaffold00352	strand=-
1972_g               -            784 4306at5820           -            703     6e-17   59.0  38.2   4   4   2.6e-16   4.9e-14   49.3  11.6   317   445   465   595   443   629 0.69 length=784	scaffold=scaffold00352	strand=-
3052_g               -            883 4306at5820           -            703   3.7e-16   56.4  18.9   1   4   8.2e-06    0.0016   14.6   2.5    15   112   234   333   222   416 0.86 length=883	scaffold=scaffold00817	strand=+
3052_g               -            883 4306at5820           -            703   3.7e-16   56.4  18.9   2   4      0.37        70   -0.7   0.0   146   190   441   488   438   502 0.73 length=883	scaffold=scaffold00817	strand=+
3052_g               -            883 4306at5820           -            703   3.7e-16   56.4  18.9   3   4     0.018       3.5    3.6   0.1    52    89   569   606   525   628 0.87 length=883	scaffold=scaffold00817	strand=+
3052_g               -            883 4306at5820           -            703   3.7e-16   56.4  18.9   4   4   4.6e-15   8.7e-13   45.2   3.4   328   443   662   772   648   810 0.88 length=883	scaffold=scaffold00817	strand=+
3791_g               -            385 4306at5820           -            703   3.9e-08   29.8  21.5   1   1   3.5e-10   6.6e-08   29.1  21.5   391   642     1   266     1   288 0.67 length=385	scaffold=scaffold01388	strand=-
#
# Program:         hmmsearch
# Version:         3.1b2 (February 2015)
# Pipeline mode:   SEARCH
# Query file:      /export/home/bio1901/Documents/29_BINP/OrthoSearch/busco_downloads/lineages/plasmodium_odb10/hmms/4306at5820.hmm
# Target file:     Results/1_GeneSequences/PB.faa
# Option settings: /home/users/bio1901/miniconda3/envs/busco/bin/hmmsearch --domtblout /export/home/bio1901/Documents/29_BINP/OrthoSearch/PB/run_plasmodium_odb10/hmmer_output/4306at5820.out --cpu 1 /export/home/bio1901/Documents/29_BINP/OrthoSearch/busco_downloads/lineages/plasmodium_odb10/hmms/4306at5820.hmm Results/1_GeneSequences/PB.faa 
# Current dir:     /export/home/bio1901/Documents/29_BINP/OrthoSearch
# Date:            Sun Mar 15 18:02:48 2020
# [ok]
