#                                                                            --- full sequence --- -------------- this domain -------------   hmm coord   ali coord   env coord
# target name        accession   tlen query name           accession   qlen   E-value  score  bias   #  of  c-Evalue  i-Evalue  score  bias  from    to  from    to  from    to  acc description of target
#------------------- ---------- ----- -------------------- ---------- ----- --------- ------ ----- --- --- --------- --------- ------ ----- ----- ----- ----- ----- ----- ----- ---- ---------------------
900_g                -            890 4348at5820           -            648  1.1e-228  759.1 105.4   1   7   8.7e-43   3.5e-39  133.0   4.1     1    85     1    86     1   105 0.93 length=890	scaffold=scaffold00103	strand=+
900_g                -            890 4348at5820           -            648  1.1e-228  759.1 105.4   2   7   1.3e-41   5.2e-38  129.1   8.2    70   166   110   206    93   209 0.91 length=890	scaffold=scaffold00103	strand=+
900_g                -            890 4348at5820           -            648  1.1e-228  759.1 105.4   3   7   6.2e-14   2.5e-10   37.7   0.0   169   205   232   268   225   277 0.91 length=890	scaffold=scaffold00103	strand=+
900_g                -            890 4348at5820           -            648  1.1e-228  759.1 105.4   4   7   1.8e-08     7e-05   19.7   5.2   202   234   309   341   299   354 0.84 length=890	scaffold=scaffold00103	strand=+
900_g                -            890 4348at5820           -            648  1.1e-228  759.1 105.4   5   7   1.2e-22   4.9e-19   66.4   7.8   219   305   359   446   341   459 0.85 length=890	scaffold=scaffold00103	strand=+
900_g                -            890 4348at5820           -            648  1.1e-228  759.1 105.4   6   7   4.2e-05      0.17    8.5   1.6   297   328   463   495   456   513 0.76 length=890	scaffold=scaffold00103	strand=+
900_g                -            890 4348at5820           -            648  1.1e-228  759.1 105.4   7   7    6e-122  2.4e-118  394.6  38.3   327   621   548   885   535   889 0.88 length=890	scaffold=scaffold00103	strand=+
#
# Program:         hmmsearch
# Version:         3.1b2 (February 2015)
# Pipeline mode:   SEARCH
# Query file:      /export/home/bio1901/Documents/29_BINP/OrthoSearch/busco_downloads/lineages/plasmodium_odb10/hmms/4348at5820.hmm
# Target file:     Results/1_GeneSequences/PB.faa
# Option settings: /home/users/bio1901/miniconda3/envs/busco/bin/hmmsearch --domtblout /export/home/bio1901/Documents/29_BINP/OrthoSearch/PB/run_plasmodium_odb10/hmmer_output/4348at5820.out --cpu 1 /export/home/bio1901/Documents/29_BINP/OrthoSearch/busco_downloads/lineages/plasmodium_odb10/hmms/4348at5820.hmm Results/1_GeneSequences/PB.faa 
# Current dir:     /export/home/bio1901/Documents/29_BINP/OrthoSearch
# Date:            Sun Mar 15 18:02:52 2020
# [ok]
