#                                                                            --- full sequence --- -------------- this domain -------------   hmm coord   ali coord   env coord
# target name        accession   tlen query name           accession   qlen   E-value  score  bias   #  of  c-Evalue  i-Evalue  score  bias  from    to  from    to  from    to  acc description of target
#------------------- ---------- ----- -------------------- ---------- ----- --------- ------ ----- --- --- --------- --------- ------ ----- ----- ----- ----- ----- ----- ----- ---- ---------------------
2254_g               -            800 4367at5820           -            599  6.8e-243  805.5  46.5   1   3  3.2e-170  4.3e-167  555.2  10.2     1   361     1   387     1   409 0.89 length=800	scaffold=scaffold00442	strand=-
2254_g               -            800 4367at5820           -            599  6.8e-243  805.5  46.5   2   3   2.3e-55     3e-52  175.9  19.4   358   547   512   710   505   721 0.88 length=800	scaffold=scaffold00442	strand=-
2254_g               -            800 4367at5820           -            599  6.8e-243  805.5  46.5   3   3   1.6e-27   2.1e-24   84.0   4.7   510   599   704   799   701   799 0.79 length=800	scaffold=scaffold00442	strand=-
3313_g               -            736 4367at5820           -            599   8.1e-21   72.1   0.3   1   4         3     4e+03   -9.3   8.5   405   504    42   151    38   234 0.51 length=736	scaffold=scaffold00987	strand=-
3313_g               -            736 4367at5820           -            599   8.1e-21   72.1   0.3   2   4         3     4e+03   -7.3  14.0   462   539   296   380   253   384 0.64 length=736	scaffold=scaffold00987	strand=-
3313_g               -            736 4367at5820           -            599   8.1e-21   72.1   0.3   3   4   6.1e-24   8.1e-21   72.1   0.3   157   294   490   635   478   649 0.84 length=736	scaffold=scaffold00987	strand=-
3313_g               -            736 4367at5820           -            599   8.1e-21   72.1   0.3   4   4         3     4e+03   -6.3   5.7   482   535   642   697   634   722 0.61 length=736	scaffold=scaffold00987	strand=-
3490_g               -            349 4367at5820           -            599   2.2e-09   34.3   1.5   1   2   2.8e-11   3.8e-08   30.3   0.0   171   257    66   150    59   156 0.86 length=349	scaffold=scaffold01129	strand=-
3490_g               -            349 4367at5820           -            599   2.2e-09   34.3   1.5   2   2     0.019        25    1.1   1.7   229   304   163   245   156   249 0.66 length=349	scaffold=scaffold01129	strand=-
#
# Program:         hmmsearch
# Version:         3.1b2 (February 2015)
# Pipeline mode:   SEARCH
# Query file:      /export/home/bio1901/Documents/29_BINP/OrthoSearch/busco_downloads/lineages/plasmodium_odb10/hmms/4367at5820.hmm
# Target file:     Results/1_GeneSequences/PB.faa
# Option settings: /home/users/bio1901/miniconda3/envs/busco/bin/hmmsearch --domtblout /export/home/bio1901/Documents/29_BINP/OrthoSearch/PB/run_plasmodium_odb10/hmmer_output/4367at5820.out --cpu 1 /export/home/bio1901/Documents/29_BINP/OrthoSearch/busco_downloads/lineages/plasmodium_odb10/hmms/4367at5820.hmm Results/1_GeneSequences/PB.faa 
# Current dir:     /export/home/bio1901/Documents/29_BINP/OrthoSearch
# Date:            Sun Mar 15 18:02:53 2020
# [ok]
