#                                                                            --- full sequence --- -------------- this domain -------------   hmm coord   ali coord   env coord
# target name        accession   tlen query name           accession   qlen   E-value  score  bias   #  of  c-Evalue  i-Evalue  score  bias  from    to  from    to  from    to  acc description of target
#------------------- ---------- ----- -------------------- ---------- ----- --------- ------ ----- --- --- --------- --------- ------ ----- ----- ----- ----- ----- ----- ----- ---- ---------------------
2251_g               -           1276 4394at5820           -            638   1.2e-29  101.2  37.9   1   4         5   3.3e+03   -6.0   2.6   486   537    31    84     7    95 0.53 length=1276	scaffold=scaffold00441	strand=+
2251_g               -           1276 4394at5820           -            638   1.2e-29  101.2  37.9   2   4   1.9e-32   1.2e-29  101.2  37.9    26   458   341   757   319   827 0.78 length=1276	scaffold=scaffold00441	strand=+
2251_g               -           1276 4394at5820           -            638   1.2e-29  101.2  37.9   3   4         6     4e+03  -17.5  19.1   438   489   943   995   915  1101 0.53 length=1276	scaffold=scaffold00441	strand=+
2251_g               -           1276 4394at5820           -            638   1.2e-29  101.2  37.9   4   4         6     4e+03  -15.8  16.4   430   546  1057  1167   994  1257 0.60 length=1276	scaffold=scaffold00441	strand=+
1078_g               -           1469 4394at5820           -            638   3.2e-26   89.9   3.3   1   7     3e-10     2e-07   27.8   0.0    49   107    85   143    70   161 0.86 length=1469	scaffold=scaffold00136	strand=+
1078_g               -           1469 4394at5820           -            638   3.2e-26   89.9   3.3   2   7   3.1e-23     2e-20   70.7   2.3   183   378   219   424   213   455 0.83 length=1469	scaffold=scaffold00136	strand=+
1078_g               -           1469 4394at5820           -            638   3.2e-26   89.9   3.3   3   7         6     4e+03   -7.7   8.2   403   509   607   651   486   693 0.65 length=1469	scaffold=scaffold00136	strand=+
1078_g               -           1469 4394at5820           -            638   3.2e-26   89.9   3.3   4   7         6     4e+03  -12.4  13.1   400   510   604   652   559   769 0.57 length=1469	scaffold=scaffold00136	strand=+
1078_g               -           1469 4394at5820           -            638   3.2e-26   89.9   3.3   5   7       3.5   2.4e+03   -5.5   7.9   512   580   807   871   790   875 0.64 length=1469	scaffold=scaffold00136	strand=+
1078_g               -           1469 4394at5820           -            638   3.2e-26   89.9   3.3   6   7         6     4e+03  -19.2  35.9   363   613  1020  1264  1005  1285 0.59 length=1469	scaffold=scaffold00136	strand=+
1078_g               -           1469 4394at5820           -            638   3.2e-26   89.9   3.3   7   7         6     4e+03  -13.8  20.6   443   539  1266  1362  1234  1389 0.50 length=1469	scaffold=scaffold00136	strand=+
3528_g               -           1394 4394at5820           -            638   2.1e-21   74.0  51.5   1   4       1.2   8.1e+02   -3.9   2.8   556   607    26    45     3   103 0.53 length=1394	scaffold=scaffold01157	strand=+
3528_g               -           1394 4394at5820           -            638   2.1e-21   74.0  51.5   2   4         6     4e+03   -6.5   6.3   458   536   126   205   111   215 0.58 length=1394	scaffold=scaffold01157	strand=+
3528_g               -           1394 4394at5820           -            638   2.1e-21   74.0  51.5   3   4         6     4e+03   -9.2  11.5   501   568   294   362   258   373 0.68 length=1394	scaffold=scaffold01157	strand=+
3528_g               -           1394 4394at5820           -            638   2.1e-21   74.0  51.5   4   4   3.2e-24   2.1e-21   74.0  51.5     5   580   842  1379   838  1394 0.73 length=1394	scaffold=scaffold01157	strand=+
994_g                -           1052 4394at5820           -            638   2.4e-18   63.9  29.1   1   3   3.6e-21   2.4e-18   63.9  29.1     4   428    25   423    23   437 0.78 length=1052	scaffold=scaffold00118	strand=+
994_g                -           1052 4394at5820           -            638   2.4e-18   63.9  29.1   2   3         6     4e+03  -21.1  27.5   359   533   442   624   430   647 0.57 length=1052	scaffold=scaffold00118	strand=+
994_g                -           1052 4394at5820           -            638   2.4e-18   63.9  29.1   3   3         6     4e+03  -23.2  32.4   456   614   732   889   652   920 0.63 length=1052	scaffold=scaffold00118	strand=+
176_g                -           1407 4394at5820           -            638     1e-14   51.9  72.5   1   5   5.2e-14   3.5e-11   40.2   9.5     4   115    15   123    13   137 0.86 length=1407	scaffold=scaffold00011	strand=-
176_g                -           1407 4394at5820           -            638     1e-14   51.9  72.5   2   5   4.3e-10   2.9e-07   27.3  54.9   192   587   258   664   212   684 0.69 length=1407	scaffold=scaffold00011	strand=-
176_g                -           1407 4394at5820           -            638     1e-14   51.9  72.5   3   5         6     4e+03  -14.2  48.9   366   629   684   965   678   975 0.68 length=1407	scaffold=scaffold00011	strand=-
176_g                -           1407 4394at5820           -            638     1e-14   51.9  72.5   4   5         6     4e+03  -23.5  28.3   411   624   987  1218   965  1234 0.50 length=1407	scaffold=scaffold00011	strand=-
176_g                -           1407 4394at5820           -            638     1e-14   51.9  72.5   5   5         6     4e+03  -14.5  16.1   388   541  1243  1394  1198  1403 0.50 length=1407	scaffold=scaffold00011	strand=-
2808_g               -            902 4394at5820           -            638   2.2e-09   34.3  53.1   1   1   1.9e-09   1.3e-06   25.1  53.2    45   542    80   561    42   569 0.66 length=902	scaffold=scaffold00682	strand=-	adjustedToFrame=2
#
# Program:         hmmsearch
# Version:         3.1b2 (February 2015)
# Pipeline mode:   SEARCH
# Query file:      /export/home/bio1901/Documents/29_BINP/OrthoSearch/busco_downloads/lineages/plasmodium_odb10/hmms/4394at5820.hmm
# Target file:     Results/1_GeneSequences/PB.faa
# Option settings: /home/users/bio1901/miniconda3/envs/busco/bin/hmmsearch --domtblout /export/home/bio1901/Documents/29_BINP/OrthoSearch/PB/run_plasmodium_odb10/hmmer_output/4394at5820.out --cpu 1 /export/home/bio1901/Documents/29_BINP/OrthoSearch/busco_downloads/lineages/plasmodium_odb10/hmms/4394at5820.hmm Results/1_GeneSequences/PB.faa 
# Current dir:     /export/home/bio1901/Documents/29_BINP/OrthoSearch
# Date:            Sun Mar 15 18:03:10 2020
# [ok]
