#                                                                            --- full sequence --- -------------- this domain -------------   hmm coord   ali coord   env coord
# target name        accession   tlen query name           accession   qlen   E-value  score  bias   #  of  c-Evalue  i-Evalue  score  bias  from    to  from    to  from    to  acc description of target
#------------------- ---------- ----- -------------------- ---------- ----- --------- ------ ----- --- --- --------- --------- ------ ----- ----- ----- ----- ----- ----- ----- ---- ---------------------
459_g                -           6938 43at5820             -           4310         0 5154.7 936.4   1  27     2e-13   3.4e-11   37.9   3.1   300   338     1    39     1    46 0.92 length=6938	scaffold=scaffold00041	strand=-
459_g                -           6938 43at5820             -           4310         0 5154.7 936.4   2  27   1.2e-26   2.1e-24   81.8  15.5   339   442   120   229   114   233 0.80 length=6938	scaffold=scaffold00041	strand=-
459_g                -           6938 43at5820             -           4310         0 5154.7 936.4   3  27  1.1e-261  1.9e-259  861.9  74.0   590  1107   369   916   360   925 0.93 length=6938	scaffold=scaffold00041	strand=-
459_g                -           6938 43at5820             -           4310         0 5154.7 936.4   4  27   4.6e-45     8e-43  142.9  12.4  1106  1209   950  1058   947  1070 0.93 length=6938	scaffold=scaffold00041	strand=-
459_g                -           6938 43at5820             -           4310         0 5154.7 936.4   5  27   2.5e-57   4.3e-55  183.6  28.2  1183  1365  1235  1425  1218  1444 0.86 length=6938	scaffold=scaffold00041	strand=-
459_g                -           6938 43at5820             -           4310         0 5154.7 936.4   6  27   6.6e-12   1.1e-09   32.9   3.3  1360  1413  1476  1535  1467  1547 0.78 length=6938	scaffold=scaffold00041	strand=-
459_g                -           6938 43at5820             -           4310         0 5154.7 936.4   7  27   1.4e-11   2.5e-09   31.8   6.0  1396  1440  1548  1593  1541  1609 0.80 length=6938	scaffold=scaffold00041	strand=-
459_g                -           6938 43at5820             -           4310         0 5154.7 936.4   8  27   2.9e-66   5.1e-64  213.3  40.5  1403  1604  1700  1903  1643  1929 0.80 length=6938	scaffold=scaffold00041	strand=-
459_g                -           6938 43at5820             -           4310         0 5154.7 936.4   9  27   6.7e-26   1.2e-23   79.3   9.0  1584  1683  1949  2074  1918  2098 0.85 length=6938	scaffold=scaffold00041	strand=-
459_g                -           6938 43at5820             -           4310         0 5154.7 936.4  10  27  2.8e-134  4.8e-132  439.1  53.3  1670  1946  2120  2412  2115  2423 0.89 length=6938	scaffold=scaffold00041	strand=-
459_g                -           6938 43at5820             -           4310         0 5154.7 936.4  11  27    0.0033      0.56    4.0   2.8  1921  1951  2454  2485  2447  2487 0.87 length=6938	scaffold=scaffold00041	strand=-
459_g                -           6938 43at5820             -           4310         0 5154.7 936.4  12  27   4.9e-40   8.4e-38  126.3  17.8  1952  2050  2591  2696  2583  2708 0.89 length=6938	scaffold=scaffold00041	strand=-
459_g                -           6938 43at5820             -           4310         0 5154.7 936.4  13  27   1.6e-45   2.7e-43  144.5  34.7  2054  2249  2777  2960  2736  2987 0.78 length=6938	scaffold=scaffold00041	strand=-
459_g                -           6938 43at5820             -           4310         0 5154.7 936.4  14  27   4.7e-46   8.2e-44  146.2  13.8  2237  2332  3024  3119  3020  3129 0.96 length=6938	scaffold=scaffold00041	strand=-
459_g                -           6938 43at5820             -           4310         0 5154.7 936.4  15  27   6.3e-78   1.1e-75  252.0  31.6  2304  2499  3173  3383  3137  3392 0.83 length=6938	scaffold=scaffold00041	strand=-
459_g                -           6938 43at5820             -           4310         0 5154.7 936.4  16  27     1e-24   1.8e-22   75.4   8.0  2498  2547  3438  3489  3417  3490 0.89 length=6938	scaffold=scaffold00041	strand=-
459_g                -           6938 43at5820             -           4310         0 5154.7 936.4  17  27   4.3e-36   7.4e-34  113.2   2.0  2610  2679  3490  3559  3489  3562 0.98 length=6938	scaffold=scaffold00041	strand=-
459_g                -           6938 43at5820             -           4310         0 5154.7 936.4  18  27   5.2e-52   9.1e-50  166.0   5.8  2676  2782  3587  3701  3570  3709 0.89 length=6938	scaffold=scaffold00041	strand=-
459_g                -           6938 43at5820             -           4310         0 5154.7 936.4  19  27   1.4e-68   2.3e-66  221.0   9.2  2781  2920  3789  3938  3778  3948 0.92 length=6938	scaffold=scaffold00041	strand=-
459_g                -           6938 43at5820             -           4310         0 5154.7 936.4  20  27   2.1e-82   3.6e-80  266.9   8.2  2911  3063  3960  4114  3947  4123 0.92 length=6938	scaffold=scaffold00041	strand=-
459_g                -           6938 43at5820             -           4310         0 5154.7 936.4  21  27  1.9e-125  3.2e-123  409.8  29.7  3050  3286  4221  4466  4207  4474 0.91 length=6938	scaffold=scaffold00041	strand=-
459_g                -           6938 43at5820             -           4310         0 5154.7 936.4  22  27   4.3e-59   7.5e-57  189.5  11.2  3271  3394  4569  4695  4543  4718 0.85 length=6938	scaffold=scaffold00041	strand=-
459_g                -           6938 43at5820             -           4310         0 5154.7 936.4  23  27    0.0001     0.018    9.0   1.9  3376  3412  4723  4760  4716  4785 0.82 length=6938	scaffold=scaffold00041	strand=-
459_g                -           6938 43at5820             -           4310         0 5154.7 936.4  24  27   1.2e-90     2e-88  294.3  29.4  3408  3617  4874  5084  4848  5115 0.88 length=6938	scaffold=scaffold00041	strand=-
459_g                -           6938 43at5820             -           4310         0 5154.7 936.4  25  27   3.1e-77   5.3e-75  249.7  76.8  3594  3837  5120  5432  5109  5441 0.79 length=6938	scaffold=scaffold00041	strand=-
459_g                -           6938 43at5820             -           4310         0 5154.7 936.4  26  27   3.5e-92   6.1e-90  299.3  63.3  3564  4090  5423  5971  5420  5984 0.73 length=6938	scaffold=scaffold00041	strand=-
459_g                -           6938 43at5820             -           4310         0 5154.7 936.4  27  27  5.4e-104  9.3e-102  338.5   9.0  4078  4306  6053  6292  5981  6295 0.89 length=6938	scaffold=scaffold00041	strand=-
3040_g               -            279 43at5820             -           4310   3.3e-07   24.7  12.3   1   1   2.5e-09   4.4e-07   24.3  12.3  3606  3711    12   119     3   129 0.66 length=279	scaffold=scaffold00812	strand=+
1576_g               -           2991 43at5820             -           4310     7e-05   17.0  27.0   1   1     4e-07     7e-05   17.0  27.0  3583  3640  2641  2698  2627  2712 0.85 length=2991	scaffold=scaffold00245	strand=-
434_g                -            673 43at5820             -           4310   8.6e-05   16.7  18.7   1   1   7.1e-07   0.00012   16.2  18.7  3599  3641   348   392   309   441 0.56 length=673	scaffold=scaffold00039	strand=-
3410_g               -            238 43at5820             -           4310   0.00013   16.1  13.3   1   1   8.9e-07   0.00015   15.9  13.3  3599  3757    28   185     7   215 0.63 length=238	scaffold=scaffold01062	strand=+
2445_g               -           1053 43at5820             -           4310   0.00015   15.9  30.6   1   1   8.5e-07   0.00015   15.9  30.6  3605  3720   655   775   644   786 0.75 length=1053	scaffold=scaffold00516	strand=-	adjustedToFrame=3
3217_g               -            297 43at5820             -           4310   0.00015   15.9  18.9   1   1   1.1e-06   0.00019   15.5  18.9  3579  3678   133   240    75   277 0.59 length=297	scaffold=scaffold00924	strand=-	adjustedToFrame=2
2009_g               -            169 43at5820             -           4310   0.00041   14.5  14.6   1   1   2.8e-06   0.00049   14.2  14.6  3589  3644    23    79    11    86 0.62 length=169	scaffold=scaffold00364	strand=-
1387_g               -            123 43at5820             -           4310    0.0026   11.8   3.5   1   1   1.7e-05    0.0029   11.6   3.5  3592  3641    32    79    21    95 0.52 length=123	scaffold=scaffold00202	strand=+
2724_g               -            773 43at5820             -           4310    0.0049   10.9  19.7   1   1   4.1e-05    0.0071   10.3  19.7  3576  3666   188   279   155   300 0.69 length=773	scaffold=scaffold00634	strand=+
3540_g               -            205 43at5820             -           4310     0.006   10.6  14.6   1   1   4.3e-05    0.0075   10.2  14.6  3594  3638   152   196   117   202 0.64 length=205	scaffold=scaffold01166	strand=+
1608_g               -            176 43at5820             -           4310     0.006   10.6   1.1   1   1   3.8e-05    0.0065   10.5   1.1  3606  3650     8    52     1   101 0.45 length=176	scaffold=scaffold00252	strand=-
4056_g               -            151 43at5820             -           4310     0.039    7.9  17.6   1   1   0.00023      0.04    7.9  17.6  3552  3636    35   115     2   144 0.58 length=151	scaffold=scaffold01646	strand=-
2456_g               -            531 43at5820             -           4310      0.14    6.0  16.4   1   1    0.0011      0.19    5.6  16.4  3596  3642    96   142    74   202 0.67 length=531	scaffold=scaffold00521	strand=+
1475_g               -            259 43at5820             -           4310      0.18    5.7   8.8   1   1    0.0013      0.22    5.4   8.8  3604  3663   151   210   136   231 0.73 length=259	scaffold=scaffold00221	strand=-
2484_g               -            116 43at5820             -           4310      0.29    5.0  19.8   1   1    0.0018      0.31    4.9  19.8  3565  3655    26   114    10   115 0.87 length=116	scaffold=scaffold00530	strand=-
952_g                -            187 43at5820             -           4310      0.33    4.8  38.9   1   2   4.5e-06   0.00077   13.5  19.7  3556  3643    66   156    54   157 0.74 length=187	scaffold=scaffold00111	strand=-
952_g                -            187 43at5820             -           4310      0.33    4.8  38.9   2   2       0.3        52   -2.5  18.6  3608  3647   147   186   145   186 0.87 length=187	scaffold=scaffold00111	strand=-
2594_g               -            444 43at5820             -           4310      0.75    3.6  19.9   1   1     0.006         1    3.1  19.9  3509  3635   295   432   270   442 0.47 length=444	scaffold=scaffold00574	strand=+
1685_g               -           1049 43at5820             -           4310      0.89    3.4  24.4   1   1    0.0068       1.2    3.0  24.4  3604  3639  1004  1039   974  1048 0.68 length=1049	scaffold=scaffold00270	strand=-
366_g                -            157 43at5820             -           4310       1.2    2.9  23.5   1   1     0.007       1.2    2.9  23.5  3596  3666    73   139    21   153 0.63 length=157	scaffold=scaffold00031	strand=+
2664_g               -            244 43at5820             -           4310       1.7    2.5  38.5   1   2      0.15        26   -1.5   5.1  2504  2540    85   121    69   129 0.83 length=244	scaffold=scaffold00607	strand=-
2664_g               -            244 43at5820             -           4310       1.7    2.5  38.5   2   2   4.9e-05    0.0085   10.1  25.4  3595  3638   160   205   137   223 0.64 length=244	scaffold=scaffold00607	strand=-
618_g                -            103 43at5820             -           4310         5    0.9  21.2   1   1     0.032       5.5    0.7  21.2  3617  3646    53    82     5   101 0.39 length=103	scaffold=scaffold00063	strand=+
2941_g               -            270 43at5820             -           4310       5.6    0.7  36.7   1   2    0.0012       0.2    5.5  30.3  3587  3636    76   125    69   151 0.67 length=270	scaffold=scaffold00752	strand=+
2941_g               -            270 43at5820             -           4310       5.6    0.7  36.7   2   2       0.6     1e+02   -3.5   2.2   333   429   146   244   135   251 0.60 length=270	scaffold=scaffold00752	strand=+
#
# Program:         hmmsearch
# Version:         3.1b2 (February 2015)
# Pipeline mode:   SEARCH
# Query file:      /export/home/bio1901/Documents/29_BINP/OrthoSearch/busco_downloads/lineages/plasmodium_odb10/hmms/43at5820.hmm
# Target file:     Results/1_GeneSequences/PB.faa
# Option settings: /home/users/bio1901/miniconda3/envs/busco/bin/hmmsearch --domtblout /export/home/bio1901/Documents/29_BINP/OrthoSearch/PB/run_plasmodium_odb10/hmmer_output/43at5820.out --cpu 1 /export/home/bio1901/Documents/29_BINP/OrthoSearch/busco_downloads/lineages/plasmodium_odb10/hmms/43at5820.hmm Results/1_GeneSequences/PB.faa 
# Current dir:     /export/home/bio1901/Documents/29_BINP/OrthoSearch
# Date:            Sun Mar 15 18:03:34 2020
# [ok]
