#                                                                            --- full sequence --- -------------- this domain -------------   hmm coord   ali coord   env coord
# target name        accession   tlen query name           accession   qlen   E-value  score  bias   #  of  c-Evalue  i-Evalue  score  bias  from    to  from    to  from    to  acc description of target
#------------------- ---------- ----- -------------------- ---------- ----- --------- ------ ----- --- --- --------- --------- ------ ----- ----- ----- ----- ----- ----- ----- ---- ---------------------
1282_g               -            569 4429at5820           -            496   1.9e-20   71.0   4.2   1   3     0.056        13    2.2   0.1   214   287   172   247   168   261 0.67 length=569	scaffold=scaffold00177	strand=+
1282_g               -            569 4429at5820           -            496   1.9e-20   71.0   4.2   2   3   4.9e-11   1.2e-08   32.1   0.4   161   303   250   390   237   394 0.76 length=569	scaffold=scaffold00177	strand=+
1282_g               -            569 4429at5820           -            496   1.9e-20   71.0   4.2   3   3   6.2e-13   1.4e-10   38.4   0.0   330   390   392   452   388   468 0.90 length=569	scaffold=scaffold00177	strand=+
3118_g               -            750 4429at5820           -            496   2.5e-17   60.7  18.3   1   2   4.4e-12     1e-09   35.6  12.3    79   258   394   576   359   580 0.66 length=750	scaffold=scaffold00857	strand=+
3118_g               -            750 4429at5820           -            496   2.5e-17   60.7  18.3   2   2   1.2e-12   2.8e-10   37.5   0.3   326   493   583   741   577   744 0.78 length=750	scaffold=scaffold00857	strand=+
1275_g               -            518 4429at5820           -            496   7.3e-16   55.9  14.5   1   1   3.1e-18   7.3e-16   55.9  14.5   160   491    17   315     4   319 0.75 length=518	scaffold=scaffold00176	strand=-
347_g                -           1559 4429at5820           -            496     4e-15   53.4   0.9   1   5       2.8   6.6e+02   -3.4  29.1     5   300   827  1146   822  1154 0.66 length=1559	scaffold=scaffold00028	strand=+
347_g                -           1559 4429at5820           -            496     4e-15   53.4   0.9   2   5       3.5   8.1e+02   -3.7   3.4     9    51  1161  1207  1151  1274 0.52 length=1559	scaffold=scaffold00028	strand=+
347_g                -           1559 4429at5820           -            496     4e-15   53.4   0.9   3   5   4.4e-15     1e-12   45.5   0.1   329   393  1335  1399  1321  1422 0.88 length=1559	scaffold=scaffold00028	strand=+
347_g                -           1559 4429at5820           -            496     4e-15   53.4   0.9   4   5       1.4   3.3e+02   -2.4   0.0   128   166  1460  1498  1455  1508 0.86 length=1559	scaffold=scaffold00028	strand=+
347_g                -           1559 4429at5820           -            496     4e-15   53.4   0.9   5   5   2.8e-06   0.00066   16.4   0.1   457   491  1517  1551  1509  1556 0.90 length=1559	scaffold=scaffold00028	strand=+
2604_g               -           1027 4429at5820           -            496   2.3e-13   47.7  35.0   1   2   1.2e-11   2.7e-09   34.2  33.7    85   302   610   828   567   831 0.74 length=1027	scaffold=scaffold00578	strand=-	adjustedToFrame=2
2604_g               -           1027 4429at5820           -            496   2.3e-13   47.7  35.0   2   2   6.7e-08   1.6e-05   21.8   0.0   331   391   832   895   829   903 0.88 length=1027	scaffold=scaffold00578	strand=-	adjustedToFrame=2
159_g                -            313 4429at5820           -            496   1.1e-12   45.4  13.2   1   3      0.71   1.7e+02   -1.4   1.1   161   187    38    64    16   104 0.67 length=313	scaffold=scaffold00009	strand=-	adjustedToFrame=2
159_g                -            313 4429at5820           -            496   1.1e-12   45.4  13.2   2   3   1.8e-08   4.3e-06   23.6   1.1   254   302    99   147    79   151 0.84 length=313	scaffold=scaffold00009	strand=-	adjustedToFrame=2
159_g                -            313 4429at5820           -            496   1.1e-12   45.4  13.2   3   3   7.9e-10   1.9e-07   28.1   0.5   329   402   150   227   147   312 0.76 length=313	scaffold=scaffold00009	strand=-	adjustedToFrame=2
2376_g               -            462 4429at5820           -            496   4.4e-12   43.4   4.7   1   3     7e-11   1.6e-08   31.6   2.4   167   302    83   213    68   218 0.83 length=462	scaffold=scaffold00492	strand=-
2376_g               -            462 4429at5820           -            496   4.4e-12   43.4   4.7   2   3   6.3e-05     0.015   12.0   0.0   325   385   214   275   212   292 0.81 length=462	scaffold=scaffold00492	strand=-
2376_g               -            462 4429at5820           -            496   4.4e-12   43.4   4.7   3   3       2.2   5.3e+02   -3.0   0.0   464   490   312   338   303   341 0.85 length=462	scaffold=scaffold00492	strand=-
3411_g               -            877 4429at5820           -            496   1.3e-11   41.9  19.4   1   4       1.2   2.9e+02   -2.2   4.0    68   108   159   200   133   217 0.66 length=877	scaffold=scaffold01062	strand=-	adjustedToFrame=2
3411_g               -            877 4429at5820           -            496   1.3e-11   41.9  19.4   2   4     0.015       3.5    4.2   1.4   161   203   376   420   294   447 0.70 length=877	scaffold=scaffold01062	strand=-	adjustedToFrame=2
3411_g               -            877 4429at5820           -            496   1.3e-11   41.9  19.4   3   4    0.0012      0.29    7.7   0.4   264   301   596   633   584   636 0.90 length=877	scaffold=scaffold01062	strand=-	adjustedToFrame=2
3411_g               -            877 4429at5820           -            496   1.3e-11   41.9  19.4   4   4   3.1e-13   7.2e-11   39.4   0.0   331   488   638   798   634   803 0.86 length=877	scaffold=scaffold01062	strand=-	adjustedToFrame=2
61_g                 -            877 4429at5820           -            496     5e-09   33.3  13.2   1   3       9.9   2.3e+03   -5.2   3.3    41    76   174   209   160   320 0.59 length=877	scaffold=scaffold00003	strand=+
61_g                 -            877 4429at5820           -            496     5e-09   33.3  13.2   2   3   8.4e-11     2e-08   31.4   9.3   166   301   419   552   386   556 0.80 length=877	scaffold=scaffold00003	strand=+
61_g                 -            877 4429at5820           -            496     5e-09   33.3  13.2   3   3   3.7e-05    0.0087   12.7   0.1   330   454   556   690   553   697 0.66 length=877	scaffold=scaffold00003	strand=+
588_g                -            577 4429at5820           -            496   6.5e-08   29.7  36.6   1   3   9.9e-07   0.00023   17.9  34.0    71   305   179   418   162   421 0.64 length=577	scaffold=scaffold00058	strand=-
588_g                -            577 4429at5820           -            496   6.5e-08   29.7  36.6   2   3    0.0005      0.12    9.0   0.0   332   393   420   486   416   498 0.77 length=577	scaffold=scaffold00058	strand=-
588_g                -            577 4429at5820           -            496   6.5e-08   29.7  36.6   3   3     0.046        11    2.5   0.0   460   490   506   536   487   541 0.81 length=577	scaffold=scaffold00058	strand=-
825_g                -            769 4429at5820           -            496   9.7e-08   29.1  12.6   1   4   8.8e-09   2.1e-06   24.7   9.6   167   304    10   145     4   147 0.81 length=769	scaffold=scaffold00092	strand=+
825_g                -            769 4429at5820           -            496   9.7e-08   29.1  12.6   2   4   1.5e-05    0.0036   14.0   0.0   330   393   146   211   143   236 0.76 length=769	scaffold=scaffold00092	strand=+
825_g                -            769 4429at5820           -            496   9.7e-08   29.1  12.6   3   4      0.97   2.3e+02   -1.8   0.0   463   489   235   261   213   268 0.75 length=769	scaffold=scaffold00092	strand=+
825_g                -            769 4429at5820           -            496   9.7e-08   29.1  12.6   4   4       1.5   3.6e+02   -2.5   0.8     9    66   693   752   679   766 0.54 length=769	scaffold=scaffold00092	strand=+
3635_g               -            463 4429at5820           -            496   1.2e-07   28.8  21.0   1   2   5.1e-10   1.2e-07   28.8  21.0   122   302   226   408   219   415 0.86 length=463	scaffold=scaffold01242	strand=+
3635_g               -            463 4429at5820           -            496   1.2e-07   28.8  21.0   2   2     0.034         8    3.0   0.0   331   344   412   425   407   436 0.82 length=463	scaffold=scaffold01242	strand=+
2166_g               -            585 4429at5820           -            496     1e-06   25.7  18.7   1   3     0.002      0.48    7.0   0.5   163   223    31    88    10   134 0.78 length=585	scaffold=scaffold00414	strand=+
2166_g               -            585 4429at5820           -            496     1e-06   25.7  18.7   2   3   9.9e-08   2.3e-05   21.2   2.0   254   300   263   306   243   321 0.84 length=585	scaffold=scaffold00414	strand=+
2166_g               -            585 4429at5820           -            496     1e-06   25.7  18.7   3   3    0.0008      0.19    8.3   0.1   329   376   527   577   478   581 0.83 length=585	scaffold=scaffold00414	strand=+
1961_g               -            485 4429at5820           -            496   2.4e-06   24.5  12.3   1   4   7.5e-08   1.8e-05   21.6   3.1   173   303    46   171    42   177 0.78 length=485	scaffold=scaffold00349	strand=-
1961_g               -            485 4429at5820           -            496   2.4e-06   24.5  12.3   2   4    0.0017      0.39    7.3   0.0   329   384   175   232   169   246 0.77 length=485	scaffold=scaffold00349	strand=-
1961_g               -            485 4429at5820           -            496   2.4e-06   24.5  12.3   3   4      0.18        41    0.6   0.0   463   490   269   296   243   302 0.85 length=485	scaffold=scaffold00349	strand=-
1961_g               -            485 4429at5820           -            496   2.4e-06   24.5  12.3   4   4       1.6   3.6e+02   -2.5   0.3   195   229   436   471   404   477 0.69 length=485	scaffold=scaffold00349	strand=-
2410_g               -            133 4429at5820           -            496   7.5e-06   22.8   0.0   1   1   4.1e-08   9.7e-06   22.5   0.0   321   399     4    85     1   105 0.84 length=133	scaffold=scaffold00503	strand=-
1688_g               -            647 4429at5820           -            496   7.8e-06   22.8   0.7   1   2   3.3e-08   7.8e-06   22.8   0.7   259   396   197   334   183   424 0.78 length=647	scaffold=scaffold00271	strand=-
1688_g               -            647 4429at5820           -            496   7.8e-06   22.8   0.7   2   2       7.1   1.7e+03   -4.7   2.1    33    83   487   540   463   575 0.57 length=647	scaffold=scaffold00271	strand=-
4034_g               -            619 4429at5820           -            496     9e-06   22.6  26.9   1   1   3.8e-08     9e-06   22.6  26.9    18   375   215   563   193   586 0.65 length=619	scaffold=scaffold01621	strand=-	adjustedToFrame=3
#
# Program:         hmmsearch
# Version:         3.1b2 (February 2015)
# Pipeline mode:   SEARCH
# Query file:      /export/home/bio1901/Documents/29_BINP/OrthoSearch/busco_downloads/lineages/plasmodium_odb10/hmms/4429at5820.hmm
# Target file:     Results/1_GeneSequences/PB.faa
# Option settings: /home/users/bio1901/miniconda3/envs/busco/bin/hmmsearch --domtblout /export/home/bio1901/Documents/29_BINP/OrthoSearch/PB/run_plasmodium_odb10/hmmer_output/4429at5820.out --cpu 1 /export/home/bio1901/Documents/29_BINP/OrthoSearch/busco_downloads/lineages/plasmodium_odb10/hmms/4429at5820.hmm Results/1_GeneSequences/PB.faa 
# Current dir:     /export/home/bio1901/Documents/29_BINP/OrthoSearch
# Date:            Sun Mar 15 18:03:36 2020
# [ok]
