#                                                                            --- full sequence --- -------------- this domain -------------   hmm coord   ali coord   env coord
# target name        accession   tlen query name           accession   qlen   E-value  score  bias   #  of  c-Evalue  i-Evalue  score  bias  from    to  from    to  from    to  acc description of target
#------------------- ---------- ----- -------------------- ---------- ----- --------- ------ ----- --- --- --------- --------- ------ ----- ----- ----- ----- ----- ----- ----- ---- ---------------------
1115_g               -           2695 4437at5820           -            479   5.7e-31  106.0  41.2   1   5   2.8e-09   2.8e-06   24.6   3.0     6   179   206   421   202   432 0.67 length=2695	scaffold=scaffold00144	strand=+
1115_g               -           2695 4437at5820           -            479   5.7e-31  106.0  41.2   2   5   1.8e-09   1.8e-06   25.3   1.5   213   436   482   726   469   755 0.72 length=2695	scaffold=scaffold00144	strand=+
1115_g               -           2695 4437at5820           -            479   5.7e-31  106.0  41.2   3   5      0.89   8.9e+02   -3.5   0.2   339   402   877   943   873   953 0.65 length=2695	scaffold=scaffold00144	strand=+
1115_g               -           2695 4437at5820           -            479   5.7e-31  106.0  41.2   4   5     4e-13     4e-10   37.3   1.9     6   182  1821  2039  1818  2049 0.69 length=2695	scaffold=scaffold00144	strand=+
1115_g               -           2695 4437at5820           -            479   5.7e-31  106.0  41.2   5   5   3.6e-12   3.6e-09   34.1   6.5   193   420  2079  2326  2070  2370 0.70 length=2695	scaffold=scaffold00144	strand=+
1337_g               -           1622 4437at5820           -            479   2.6e-24   84.0  18.6   1   3   6.5e-07   0.00065   16.8   1.7     6   139   912  1062   907  1067 0.69 length=1622	scaffold=scaffold00189	strand=-
1337_g               -           1622 4437at5820           -            479   2.6e-24   84.0  18.6   2   3   5.2e-22   5.1e-19   66.6   8.4   120   445  1068  1437  1063  1462 0.72 length=1622	scaffold=scaffold00189	strand=-
1337_g               -           1622 4437at5820           -            479   2.6e-24   84.0  18.6   3   3     0.095        94   -0.2   0.0   360   401  1440  1481  1438  1484 0.92 length=1622	scaffold=scaffold00189	strand=-
1684_g               -           1129 4437at5820           -            479     7e-23   79.3   3.4   1   2   2.1e-12   2.1e-09   34.9   0.1     7   183   530   746   528   758 0.69 length=1129	scaffold=scaffold00270	strand=+
1684_g               -           1129 4437at5820           -            479     7e-23   79.3   3.4   2   2   2.4e-14   2.4e-11   41.3   0.9   194   417   786  1029   773  1049 0.72 length=1129	scaffold=scaffold00270	strand=+
2707_g               -           1127 4437at5820           -            479   1.6e-20   71.5  34.5   1   4      0.79   7.9e+02   -3.3   0.4   181   204    96   119    79   152 0.72 length=1127	scaffold=scaffold00626	strand=+
2707_g               -           1127 4437at5820           -            479   1.6e-20   71.5  34.5   2   4   3.8e-08   3.8e-05   20.9   4.0     3   147   304   450   302   459 0.79 length=1127	scaffold=scaffold00626	strand=+
2707_g               -           1127 4437at5820           -            479   1.6e-20   71.5  34.5   3   4   6.8e-09   6.7e-06   23.3   0.1   143   174   471   502   468   531 0.89 length=1127	scaffold=scaffold00626	strand=+
2707_g               -           1127 4437at5820           -            479   1.6e-20   71.5  34.5   4   4   3.3e-14   3.3e-11   40.8  11.7   205   417   565   794   539   840 0.71 length=1127	scaffold=scaffold00626	strand=+
#
# Program:         hmmsearch
# Version:         3.1b2 (February 2015)
# Pipeline mode:   SEARCH
# Query file:      /export/home/bio1901/Documents/29_BINP/OrthoSearch/busco_downloads/lineages/plasmodium_odb10/hmms/4437at5820.hmm
# Target file:     Results/1_GeneSequences/PB.faa
# Option settings: /home/users/bio1901/miniconda3/envs/busco/bin/hmmsearch --domtblout /export/home/bio1901/Documents/29_BINP/OrthoSearch/PB/run_plasmodium_odb10/hmmer_output/4437at5820.out --cpu 1 /export/home/bio1901/Documents/29_BINP/OrthoSearch/busco_downloads/lineages/plasmodium_odb10/hmms/4437at5820.hmm Results/1_GeneSequences/PB.faa 
# Current dir:     /export/home/bio1901/Documents/29_BINP/OrthoSearch
# Date:            Sun Mar 15 18:03:36 2020
# [ok]
