#                                                                            --- full sequence --- -------------- this domain -------------   hmm coord   ali coord   env coord
# target name        accession   tlen query name           accession   qlen   E-value  score  bias   #  of  c-Evalue  i-Evalue  score  bias  from    to  from    to  from    to  acc description of target
#------------------- ---------- ----- -------------------- ---------- ----- --------- ------ ----- --- --- --------- --------- ------ ----- ----- ----- ----- ----- ----- ----- ---- ---------------------
3437_g               -            903 4442at5820           -            603  1.9e-184  612.2  57.6   1   2   2.9e-71   4.6e-69  231.1  10.3    15   205   235   405   223   413 0.96 length=903	scaffold=scaffold01083	strand=+
3437_g               -            903 4442at5820           -            603  1.9e-184  612.2  57.6   2   2  2.3e-112  3.7e-110  366.8  39.3   204   570   526   903   519   903 0.85 length=903	scaffold=scaffold01083	strand=+
2422_g               -            654 4442at5820           -            603   2.4e-66  222.1  11.6   1   3   1.3e-45   2.1e-43  146.4   9.6     9   306   225   509   217   512 0.87 length=654	scaffold=scaffold00506	strand=-
2422_g               -            654 4442at5820           -            603   2.4e-66  222.1  11.6   2   3   9.3e-27   1.5e-24   84.1   0.0   377   474   509   607   504   618 0.92 length=654	scaffold=scaffold00506	strand=-
2422_g               -            654 4442at5820           -            603   2.4e-66  222.1  11.6   3   3      0.89   1.4e+02   -1.7   0.0   504   531   618   645   611   649 0.87 length=654	scaffold=scaffold00506	strand=-
1937_g               -           1358 4442at5820           -            603   1.5e-52  176.6  18.5   1   3     4e-13   6.4e-11   39.1   3.5     9    96   157   245   150   270 0.85 length=1358	scaffold=scaffold00342	strand=+	adjustedToFrame=2
1937_g               -           1358 4442at5820           -            603   1.5e-52  176.6  18.5   2   3   9.1e-25   1.5e-22   77.5   1.0   102   238   313   442   296   483 0.84 length=1358	scaffold=scaffold00342	strand=+	adjustedToFrame=2
1937_g               -           1358 4442at5820           -            603   1.5e-52  176.6  18.5   3   3   3.9e-22   6.2e-20   68.8   0.6   362   519   498   659   488   682 0.86 length=1358	scaffold=scaffold00342	strand=+	adjustedToFrame=2
4074_g               -            889 4442at5820           -            603   1.1e-51  173.7  17.2   1   3   2.1e-36   3.4e-34  116.0   4.2    32   304    69   332    63   335 0.89 length=889	scaffold=scaffold01665	strand=-	adjustedToFrame=3
4074_g               -            889 4442at5820           -            603   1.1e-51  173.7  17.2   2   3   1.4e-21   2.3e-19   67.0   0.2   379   472   336   433   333   462 0.82 length=889	scaffold=scaffold01665	strand=-	adjustedToFrame=3
4074_g               -            889 4442at5820           -            603   1.1e-51  173.7  17.2   3   3       1.5   2.3e+02   -2.4   0.8    18    62   699   742   682   747 0.74 length=889	scaffold=scaffold01665	strand=-	adjustedToFrame=3
2360_g               -            960 4442at5820           -            603   2.4e-51  172.6  32.8   1   2   6.2e-35   9.8e-33  111.1  17.3    15   302   121   398   100   403 0.77 length=960	scaffold=scaffold00485	strand=-
2360_g               -            960 4442at5820           -            603   2.4e-51  172.6  32.8   2   2   2.3e-21   3.6e-19   66.3   7.5   378   512   406   550   400   646 0.77 length=960	scaffold=scaffold00485	strand=-
207_g                -            641 4442at5820           -            603   6.8e-44  148.0   0.8   1   2   1.8e-26   2.9e-24   83.1   0.2    31   293   201   458   192   465 0.83 length=641	scaffold=scaffold00014	strand=+
207_g                -            641 4442at5820           -            603   6.8e-44  148.0   0.8   2   2   1.4e-20   2.2e-18   63.7   0.1   367   462   461   556   454   571 0.90 length=641	scaffold=scaffold00014	strand=+
1035_g               -            652 4442at5820           -            603   1.5e-43  146.9  14.2   1   3   1.6e-10   2.6e-08   30.5   0.0    17    93   230   303   213   314 0.83 length=652	scaffold=scaffold00126	strand=-	adjustedToFrame=2
1035_g               -            652 4442at5820           -            603   1.5e-43  146.9  14.2   2   3     3e-21   4.8e-19   65.9   6.4    86   295   322   525   308   536 0.79 length=652	scaffold=scaffold00126	strand=-	adjustedToFrame=2
1035_g               -            652 4442at5820           -            603   1.5e-43  146.9  14.2   3   3     8e-18   1.3e-15   54.6   1.0   367   455   526   614   504   647 0.84 length=652	scaffold=scaffold00126	strand=-	adjustedToFrame=2
1618_g               -            391 4442at5820           -            603   2.8e-41  139.3   4.9   1   2   7.3e-30   1.2e-27   94.4   2.1    30   297    24   274    12   282 0.85 length=391	scaffold=scaffold00254	strand=-
1618_g               -            391 4442at5820           -            603   2.8e-41  139.3   4.9   2   2   2.9e-15   4.6e-13   46.2   0.1   374   462   280   368   273   381 0.91 length=391	scaffold=scaffold00254	strand=-
1604_g               -            597 4442at5820           -            603   3.3e-39  132.5  20.2   1   2   6.3e-26     1e-23   81.4  15.0     4   301    98   394    94   398 0.81 length=597	scaffold=scaffold00250	strand=-	adjustedToFrame=2
1604_g               -            597 4442at5820           -            603   3.3e-39  132.5  20.2   2   2   1.2e-17     2e-15   54.0   0.3   375   498   398   517   390   537 0.84 length=597	scaffold=scaffold00250	strand=-	adjustedToFrame=2
2139_g               -            551 4442at5820           -            603   1.9e-38  130.0  12.7   1   2   1.7e-27   2.7e-25   86.5   6.3    34   302   136   399   104   404 0.85 length=551	scaffold=scaffold00403	strand=+
2139_g               -            551 4442at5820           -            603   1.9e-38  130.0  12.7   2   2   1.1e-15   1.8e-13   47.5   0.4   379   485   406   516   400   544 0.76 length=551	scaffold=scaffold00403	strand=+
1925_g               -            866 4442at5820           -            603   7.4e-38  128.0   6.7   1   3   5.1e-25   8.1e-23   78.4   0.1    24   201   313   502   303   513 0.81 length=866	scaffold=scaffold00338	strand=-
1925_g               -            866 4442at5820           -            603   7.4e-38  128.0   6.7   2   3     0.031       4.9    3.1   0.6   206   272   536   603   531   630 0.80 length=866	scaffold=scaffold00338	strand=-
1925_g               -            866 4442at5820           -            603   7.4e-38  128.0   6.7   3   3   5.4e-16   8.6e-14   48.6   0.2   372   462   630   720   606   740 0.85 length=866	scaffold=scaffold00338	strand=-
3057_g               -            814 4442at5820           -            603   3.7e-37  125.7  30.8   1   2   8.3e-30   1.3e-27   94.2   4.5    19   292   202   455   185   467 0.84 length=814	scaffold=scaffold00819	strand=+
3057_g               -            814 4442at5820           -            603   3.7e-37  125.7  30.8   2   2   2.9e-15   4.6e-13   46.2   6.6   378   471   471   564   463   719 0.71 length=814	scaffold=scaffold00819	strand=+
3826_g               -           1126 4442at5820           -            603   4.1e-35  119.0   5.3   1   2   2.4e-25   3.8e-23   79.5   0.0    30   208   707   882   703   899 0.89 length=1126	scaffold=scaffold01419	strand=-	adjustedToFrame=3
3826_g               -           1126 4442at5820           -            603   4.1e-35  119.0   5.3   2   2   1.7e-13   2.7e-11   40.3   0.0   379   483   998  1102   978  1117 0.88 length=1126	scaffold=scaffold01419	strand=-	adjustedToFrame=3
2407_g               -            396 4442at5820           -            603   3.2e-34  116.0   1.4   1   2   5.9e-22   9.5e-20   68.2   0.5    30   273    31   254     6   283 0.83 length=396	scaffold=scaffold00502	strand=+
2407_g               -            396 4442at5820           -            603   3.2e-34  116.0   1.4   2   2   1.6e-15   2.5e-13   47.0   0.1   376   461   285   370   253   386 0.88 length=396	scaffold=scaffold00502	strand=+
3581_g               -           1373 4442at5820           -            603   4.3e-34  115.6  24.2   1   3   1.2e-31   1.9e-29  100.3  19.5     8   302   204   486   194   489 0.87 length=1373	scaffold=scaffold01199	strand=+
3581_g               -           1373 4442at5820           -            603   4.3e-34  115.6  24.2   2   3   1.3e-09   2.1e-07   27.5   0.1   375   450   488   564   481   579 0.87 length=1373	scaffold=scaffold01199	strand=+
3581_g               -           1373 4442at5820           -            603   4.3e-34  115.6  24.2   3   3       1.8   2.9e+02   -2.7   6.1   314   362  1118  1167  1107  1259 0.82 length=1373	scaffold=scaffold01199	strand=+
2156_g               -            475 4442at5820           -            603   2.8e-29   99.7   7.3   1   3   3.1e-05    0.0049   13.0   0.0    14    84    52   120    39   125 0.86 length=475	scaffold=scaffold00410	strand=+
2156_g               -            475 4442at5820           -            603   2.8e-29   99.7   7.3   2   3   1.5e-10   2.4e-08   30.6   4.9   104   305   163   361   157   363 0.78 length=475	scaffold=scaffold00410	strand=+
2156_g               -            475 4442at5820           -            603   2.8e-29   99.7   7.3   3   3   5.6e-18   8.9e-16   55.1   0.0   380   459   365   444   359   462 0.92 length=475	scaffold=scaffold00410	strand=+
3083_g               -           1381 4442at5820           -            603   1.5e-28   97.3  20.7   1   3   8.6e-09   1.4e-06   24.8   0.0    30    87     9    66     4    73 0.91 length=1381	scaffold=scaffold00835	strand=-
3083_g               -           1381 4442at5820           -            603   1.5e-28   97.3  20.7   2   3   2.9e-23   4.7e-21   72.5  15.5    98   444   382   724   364   740 0.66 length=1381	scaffold=scaffold00835	strand=-
3083_g               -           1381 4442at5820           -            603   1.5e-28   97.3  20.7   3   3       3.9   6.2e+02   -3.8   0.1   526   573   833   880   820   891 0.69 length=1381	scaffold=scaffold00835	strand=-
1091_g               -            493 4442at5820           -            603   1.8e-22   77.2   9.2   1   4       1.6   2.5e+02   -2.5   0.4   577   601    40    64    11    66 0.74 length=493	scaffold=scaffold00138	strand=-
1091_g               -            493 4442at5820           -            603   1.8e-22   77.2   9.2   2   4   1.3e-06    0.0002   17.6   0.0    29    86   158   215   130   222 0.78 length=493	scaffold=scaffold00138	strand=-
1091_g               -            493 4442at5820           -            603   1.8e-22   77.2   9.2   3   4   2.4e-09   3.9e-07   26.6   0.4   135   296   221   373   216   383 0.77 length=493	scaffold=scaffold00138	strand=-
1091_g               -            493 4442at5820           -            603   1.8e-22   77.2   9.2   4   4   8.3e-13   1.3e-10   38.0   0.1   378   450   384   456   373   471 0.89 length=493	scaffold=scaffold00138	strand=-
291_g                -           1572 4442at5820           -            603   4.4e-17   59.4  22.5   1   3   4.7e-13   7.5e-11   38.8   7.7    18   291   413   668   397   677 0.76 length=1572	scaffold=scaffold00022	strand=-
291_g                -           1572 4442at5820           -            603   4.4e-17   59.4  22.5   2   3   1.5e-10   2.3e-08   30.6   1.2   348   463   662   805   654   815 0.76 length=1572	scaffold=scaffold00022	strand=-
291_g                -           1572 4442at5820           -            603   4.4e-17   59.4  22.5   3   3       5.1   8.1e+02   -4.2   1.5   198   238  1157  1197  1123  1272 0.61 length=1572	scaffold=scaffold00022	strand=-
1972_g               -            784 4442at5820           -            603   6.7e-17   58.8  27.9   1   4      0.39        62   -0.5   1.1   323   355    94   126    80   162 0.79 length=784	scaffold=scaffold00352	strand=-
1972_g               -            784 4442at5820           -            603   6.7e-17   58.8  27.9   2   4   1.7e-06   0.00026   17.2   0.4     9    90   189   270   178   282 0.78 length=784	scaffold=scaffold00352	strand=-
1972_g               -            784 4442at5820           -            603   6.7e-17   58.8  27.9   3   4   3.6e-09   5.7e-07   26.0  12.8    91   308   299   509   291   513 0.78 length=784	scaffold=scaffold00352	strand=-
1972_g               -            784 4442at5820           -            603   6.7e-17   58.8  27.9   4   4   4.2e-14   6.7e-12   42.3   1.5   380   489   510   625   491   632 0.81 length=784	scaffold=scaffold00352	strand=-
26_g                 -           1226 4442at5820           -            603   2.1e-13   47.3  25.7   1   2   1.3e-09   2.1e-07   27.4   8.9    22   202   196   394   178   437 0.70 length=1226	scaffold=scaffold00002	strand=+
26_g                 -           1226 4442at5820           -            603   2.1e-13   47.3  25.7   2   2   2.6e-10   4.2e-08   29.8   3.2   370   487   855   974   849   989 0.91 length=1226	scaffold=scaffold00002	strand=+
3792_g               -            650 4442at5820           -            603   4.2e-13   46.3  55.0   1   2   9.1e-15   1.5e-12   44.5   0.5    30    95    57   122    32   134 0.87 length=650	scaffold=scaffold01388	strand=-	adjustedToFrame=2
3792_g               -            650 4442at5820           -            603   4.2e-13   46.3  55.0   2   2   3.4e-05    0.0053   12.9  35.8     5   290   261   576   257   630 0.67 length=650	scaffold=scaffold01388	strand=-	adjustedToFrame=2
242_g                -            982 4442at5820           -            603   2.7e-11   40.3  39.2   1   5     0.084        13    1.7   1.6     5    61    58   112    53   130 0.75 length=982	scaffold=scaffold00017	strand=-
242_g                -            982 4442at5820           -            603   2.7e-11   40.3  39.2   2   5      0.16        26    0.7   0.0    61    93   218   251   207   262 0.76 length=982	scaffold=scaffold00017	strand=-
242_g                -            982 4442at5820           -            603   2.7e-11   40.3  39.2   3   5       1.3   2.1e+02   -2.3   1.3   417   471   287   337   253   390 0.57 length=982	scaffold=scaffold00017	strand=-
242_g                -            982 4442at5820           -            603   2.7e-11   40.3  39.2   4   5   1.5e-09   2.4e-07   27.3   0.9   139   207   438   509   434   514 0.89 length=982	scaffold=scaffold00017	strand=-
242_g                -            982 4442at5820           -            603   2.7e-11   40.3  39.2   5   5   2.5e-09   3.9e-07   26.6  12.6   374   448   711   785   597   859 0.63 length=982	scaffold=scaffold00017	strand=-
3052_g               -            883 4442at5820           -            603   6.8e-11   39.0  23.7   1   2   2.4e-05    0.0038   13.4   1.1    61   108   281   338   221   357 0.58 length=883	scaffold=scaffold00817	strand=+
3052_g               -            883 4442at5820           -            603   6.8e-11   39.0  23.7   2   2   3.6e-11   5.8e-09   32.6  12.4   293   498   611   810   592   861 0.73 length=883	scaffold=scaffold00817	strand=+
3791_g               -            385 4442at5820           -            603   5.6e-08   29.4  11.0   1   3   3.5e-10   5.6e-08   29.4  11.0   410   519     1   107     1   143 0.76 length=385	scaffold=scaffold01388	strand=-
3791_g               -            385 4442at5820           -            603   5.6e-08   29.4  11.0   2   3       1.8   2.9e+02   -2.7   6.1   271   350    95   168    77   178 0.61 length=385	scaffold=scaffold01388	strand=-
3791_g               -            385 4442at5820           -            603   5.6e-08   29.4  11.0   3   3     0.076        12    1.8  11.7   492   596   147   252   101   261 0.56 length=385	scaffold=scaffold01388	strand=-
#
# Program:         hmmsearch
# Version:         3.1b2 (February 2015)
# Pipeline mode:   SEARCH
# Query file:      /export/home/bio1901/Documents/29_BINP/OrthoSearch/busco_downloads/lineages/plasmodium_odb10/hmms/4442at5820.hmm
# Target file:     Results/1_GeneSequences/PB.faa
# Option settings: /home/users/bio1901/miniconda3/envs/busco/bin/hmmsearch --domtblout /export/home/bio1901/Documents/29_BINP/OrthoSearch/PB/run_plasmodium_odb10/hmmer_output/4442at5820.out --cpu 1 /export/home/bio1901/Documents/29_BINP/OrthoSearch/busco_downloads/lineages/plasmodium_odb10/hmms/4442at5820.hmm Results/1_GeneSequences/PB.faa 
# Current dir:     /export/home/bio1901/Documents/29_BINP/OrthoSearch
# Date:            Sun Mar 15 18:03:37 2020
# [ok]
