#                                                                            --- full sequence --- -------------- this domain -------------   hmm coord   ali coord   env coord
# target name        accession   tlen query name           accession   qlen   E-value  score  bias   #  of  c-Evalue  i-Evalue  score  bias  from    to  from    to  from    to  acc description of target
#------------------- ---------- ----- -------------------- ---------- ----- --------- ------ ----- --- --- --------- --------- ------ ----- ----- ----- ----- ----- ----- ----- ---- ---------------------
3341_g               -           1160 4444at5820           -            518  4.6e-138  459.0 141.6   1   7   3.5e-29   1.4e-25   87.9   9.5     1   108     1   108     1   114 0.95 length=1160	scaffold=scaffold01009	strand=+
3341_g               -           1160 4444at5820           -            518  4.6e-138  459.0 141.6   2   7   2.3e-24   9.2e-21   72.0   2.2    84   152   187   255   166   276 0.84 length=1160	scaffold=scaffold01009	strand=+
3341_g               -           1160 4444at5820           -            518  4.6e-138  459.0 141.6   3   7   2.5e-28   9.8e-25   85.1  28.2   140   253   346   459   343   600 0.75 length=1160	scaffold=scaffold01009	strand=+
3341_g               -           1160 4444at5820           -            518  4.6e-138  459.0 141.6   4   7   7.5e-21     3e-17   60.4  13.1   223   311   636   726   619   754 0.72 length=1160	scaffold=scaffold01009	strand=+
3341_g               -           1160 4444at5820           -            518  4.6e-138  459.0 141.6   5   7   5.2e-38   2.1e-34  117.0  24.7   292   489   759   964   746   978 0.82 length=1160	scaffold=scaffold01009	strand=+
3341_g               -           1160 4444at5820           -            518  4.6e-138  459.0 141.6   6   7   1.4e-17   5.4e-14   49.6   2.1   422   482  1000  1060   991  1068 0.91 length=1160	scaffold=scaffold01009	strand=+
3341_g               -           1160 4444at5820           -            518  4.6e-138  459.0 141.6   7   7   1.2e-09   4.8e-06   23.4  14.3   453   518  1095  1159  1067  1159 0.67 length=1160	scaffold=scaffold01009	strand=+
#
# Program:         hmmsearch
# Version:         3.1b2 (February 2015)
# Pipeline mode:   SEARCH
# Query file:      /export/home/bio1901/Documents/29_BINP/OrthoSearch/busco_downloads/lineages/plasmodium_odb10/hmms/4444at5820.hmm
# Target file:     Results/1_GeneSequences/PB.faa
# Option settings: /home/users/bio1901/miniconda3/envs/busco/bin/hmmsearch --domtblout /export/home/bio1901/Documents/29_BINP/OrthoSearch/PB/run_plasmodium_odb10/hmmer_output/4444at5820.out --cpu 1 /export/home/bio1901/Documents/29_BINP/OrthoSearch/busco_downloads/lineages/plasmodium_odb10/hmms/4444at5820.hmm Results/1_GeneSequences/PB.faa 
# Current dir:     /export/home/bio1901/Documents/29_BINP/OrthoSearch
# Date:            Sun Mar 15 18:03:38 2020
# [ok]
