#                                                                            --- full sequence --- -------------- this domain -------------   hmm coord   ali coord   env coord
# target name        accession   tlen query name           accession   qlen   E-value  score  bias   #  of  c-Evalue  i-Evalue  score  bias  from    to  from    to  from    to  acc description of target
#------------------- ---------- ----- -------------------- ---------- ----- --------- ------ ----- --- --- --------- --------- ------ ----- ----- ----- ----- ----- ----- ----- ---- ---------------------
1551_g               -           1250 4454at5820           -            683   6.8e-98  326.5  64.3   1   7         3     4e+03  -13.8  13.1   374   374   124   124    42   187 0.50 length=1250	scaffold=scaffold00239	strand=-
1551_g               -           1250 4454at5820           -            683   6.8e-98  326.5  64.3   2   7         3     4e+03   -9.1  29.0    90   174   222   316   199   333 0.58 length=1250	scaffold=scaffold00239	strand=-
1551_g               -           1250 4454at5820           -            683   6.8e-98  326.5  64.3   3   7         3     4e+03  -10.2  22.8    99   166   340   412   313   431 0.46 length=1250	scaffold=scaffold00239	strand=-
1551_g               -           1250 4454at5820           -            683   6.8e-98  326.5  64.3   4   7         3     4e+03  -14.6  30.6    90   152   553   610   502   640 0.45 length=1250	scaffold=scaffold00239	strand=-
1551_g               -           1250 4454at5820           -            683   6.8e-98  326.5  64.3   5   7         3     4e+03   -9.6  25.9    87   171   643   734   623   740 0.45 length=1250	scaffold=scaffold00239	strand=-
1551_g               -           1250 4454at5820           -            683   6.8e-98  326.5  64.3   6   7   7.7e-38     1e-34  117.7  21.8    11   171   737   912   730   924 0.66 length=1250	scaffold=scaffold00239	strand=-
1551_g               -           1250 4454at5820           -            683   6.8e-98  326.5  64.3   7   7   4.6e-70   6.1e-67  224.2  34.6    96   296   930  1132   907  1218 0.65 length=1250	scaffold=scaffold00239	strand=-
348_g                -            100 4454at5820           -            683       6.5    2.7  28.6   1   1    0.0051       6.8    2.6  28.6    93   175    13    89     2    99 0.49 length=100	scaffold=scaffold00028	strand=-
163_g                -            102 4454at5820           -            683         9    2.2  45.9   1   1    0.0076        10    2.0  45.9    90   169    18    95    11   100 0.56 length=102	scaffold=scaffold00010	strand=+
#
# Program:         hmmsearch
# Version:         3.1b2 (February 2015)
# Pipeline mode:   SEARCH
# Query file:      /export/home/bio1901/Documents/29_BINP/OrthoSearch/busco_downloads/lineages/plasmodium_odb10/hmms/4454at5820.hmm
# Target file:     Results/1_GeneSequences/PB.faa
# Option settings: /home/users/bio1901/miniconda3/envs/busco/bin/hmmsearch --domtblout /export/home/bio1901/Documents/29_BINP/OrthoSearch/PB/run_plasmodium_odb10/hmmer_output/4454at5820.out --cpu 1 /export/home/bio1901/Documents/29_BINP/OrthoSearch/busco_downloads/lineages/plasmodium_odb10/hmms/4454at5820.hmm Results/1_GeneSequences/PB.faa 
# Current dir:     /export/home/bio1901/Documents/29_BINP/OrthoSearch
# Date:            Sun Mar 15 18:03:44 2020
# [ok]
