#                                                                            --- full sequence --- -------------- this domain -------------   hmm coord   ali coord   env coord
# target name        accession   tlen query name           accession   qlen   E-value  score  bias   #  of  c-Evalue  i-Evalue  score  bias  from    to  from    to  from    to  acc description of target
#------------------- ---------- ----- -------------------- ---------- ----- --------- ------ ----- --- --- --------- --------- ------ ----- ----- ----- ----- ----- ----- ----- ---- ---------------------
1520_g               -           4043 445at5820            -           1541         0 1193.9 462.3   1  20         1     4e+03   -9.7  20.6   855   950    47   147    42   160 0.72 length=4043	scaffold=scaffold00232	strand=-
1520_g               -           4043 445at5820            -           1541         0 1193.9 462.3   2  20       0.3   1.2e+03   -5.8  13.2  1271  1355   168   253   159   262 0.71 length=4043	scaffold=scaffold00232	strand=-
1520_g               -           4043 445at5820            -           1541         0 1193.9 462.3   3  20   1.7e-15   6.9e-12   41.4  23.6    19   127   219   324   215   379 0.74 length=4043	scaffold=scaffold00232	strand=-
1520_g               -           4043 445at5820            -           1541         0 1193.9 462.3   4  20         1     4e+03  -15.3  15.5  1286  1341   351   407   329   484 0.49 length=4043	scaffold=scaffold00232	strand=-
1520_g               -           4043 445at5820            -           1541         0 1193.9 462.3   5  20         1     4e+03  -19.5  22.5  1281  1392   720   831   675   863 0.49 length=4043	scaffold=scaffold00232	strand=-
1520_g               -           4043 445at5820            -           1541         0 1193.9 462.3   6  20         1     4e+03   -8.3   7.8  1300  1382   958  1040   896  1054 0.61 length=4043	scaffold=scaffold00232	strand=-
1520_g               -           4043 445at5820            -           1541         0 1193.9 462.3   7  20   4.6e-20   1.8e-16   56.5  28.4    88   259  1070  1252  1060  1268 0.66 length=4043	scaffold=scaffold00232	strand=-
1520_g               -           4043 445at5820            -           1541         0 1193.9 462.3   8  20   8.9e-17   3.5e-13   45.6   6.4   252   344  1336  1429  1313  1441 0.83 length=4043	scaffold=scaffold00232	strand=-
1520_g               -           4043 445at5820            -           1541         0 1193.9 462.3   9  20   3.4e-27   1.4e-23   80.2  19.7   316   499  1475  1667  1457  1672 0.74 length=4043	scaffold=scaffold00232	strand=-
1520_g               -           4043 445at5820            -           1541         0 1193.9 462.3  10  20   8.6e-66   3.4e-62  208.1  12.5   441   597  1667  1839  1655  1845 0.88 length=4043	scaffold=scaffold00232	strand=-
1520_g               -           4043 445at5820            -           1541         0 1193.9 462.3  11  20   3.7e-14   1.5e-10   36.9   0.1   591   633  2063  2106  2050  2114 0.88 length=4043	scaffold=scaffold00232	strand=-
1520_g               -           4043 445at5820            -           1541         0 1193.9 462.3  12  20  2.1e-119  8.5e-116  385.8  40.6   632   881  2202  2450  2191  2467 0.93 length=4043	scaffold=scaffold00232	strand=-
1520_g               -           4043 445at5820            -           1541         0 1193.9 462.3  13  20         1     4e+03  -14.4  18.6  1284  1369  2534  2619  2481  2632 0.55 length=4043	scaffold=scaffold00232	strand=-
1520_g               -           4043 445at5820            -           1541         0 1193.9 462.3  14  20   3.8e-07    0.0015   13.7  14.4   873   951  2628  2706  2616  2734 0.67 length=4043	scaffold=scaffold00232	strand=-
1520_g               -           4043 445at5820            -           1541         0 1193.9 462.3  15  20   7.1e-29   2.8e-25   85.7  10.7   994  1100  2871  2982  2806  2988 0.80 length=4043	scaffold=scaffold00232	strand=-
1520_g               -           4043 445at5820            -           1541         0 1193.9 462.3  16  20   1.6e-05     0.066    8.3   4.9  1095  1133  3022  3063  3012  3083 0.71 length=4043	scaffold=scaffold00232	strand=-
1520_g               -           4043 445at5820            -           1541         0 1193.9 462.3  17  20   2.8e-19   1.1e-15   54.0   7.6  1120  1177  3164  3221  3153  3236 0.82 length=4043	scaffold=scaffold00232	strand=-
1520_g               -           4043 445at5820            -           1541         0 1193.9 462.3  18  20   6.6e-26   2.6e-22   75.9   4.4  1166  1237  3280  3351  3276  3374 0.86 length=4043	scaffold=scaffold00232	strand=-
1520_g               -           4043 445at5820            -           1541         0 1193.9 462.3  19  20   7.7e-06     0.031    9.4  30.5  1249  1409  3416  3578  3398  3586 0.71 length=4043	scaffold=scaffold00232	strand=-
1520_g               -           4043 445at5820            -           1541         0 1193.9 462.3  20  20     1e-83     4e-80  267.5  27.7  1351  1521  3698  3874  3611  3892 0.79 length=4043	scaffold=scaffold00232	strand=-
#
# Program:         hmmsearch
# Version:         3.1b2 (February 2015)
# Pipeline mode:   SEARCH
# Query file:      /export/home/bio1901/Documents/29_BINP/OrthoSearch/busco_downloads/lineages/plasmodium_odb10/hmms/445at5820.hmm
# Target file:     Results/1_GeneSequences/PB.faa
# Option settings: /home/users/bio1901/miniconda3/envs/busco/bin/hmmsearch --domtblout /export/home/bio1901/Documents/29_BINP/OrthoSearch/PB/run_plasmodium_odb10/hmmer_output/445at5820.out --cpu 1 /export/home/bio1901/Documents/29_BINP/OrthoSearch/busco_downloads/lineages/plasmodium_odb10/hmms/445at5820.hmm Results/1_GeneSequences/PB.faa 
# Current dir:     /export/home/bio1901/Documents/29_BINP/OrthoSearch
# Date:            Sun Mar 15 18:03:47 2020
# [ok]
