#                                                                            --- full sequence --- -------------- this domain -------------   hmm coord   ali coord   env coord
# target name        accession   tlen query name           accession   qlen   E-value  score  bias   #  of  c-Evalue  i-Evalue  score  bias  from    to  from    to  from    to  acc description of target
#------------------- ---------- ----- -------------------- ---------- ----- --------- ------ ----- --- --- --------- --------- ------ ----- ----- ----- ----- ----- ----- ----- ---- ---------------------
3611_g               -            774 4465at5820           -            535   9.1e-77  257.0 147.9   1   5    0.0053       3.5    4.2   1.6     7    43    31    65    15    72 0.83 length=774	scaffold=scaffold01222	strand=-
3611_g               -            774 4465at5820           -            535   9.1e-77  257.0 147.9   2   5   4.7e-62   3.1e-59  199.1  78.7    25   391    88   487    67   493 0.77 length=774	scaffold=scaffold01222	strand=-
3611_g               -            774 4465at5820           -            535   9.1e-77  257.0 147.9   3   5   1.1e-16   7.2e-14   49.4  25.4   285   418   478   627   473   637 0.75 length=774	scaffold=scaffold01222	strand=-
3611_g               -            774 4465at5820           -            535   9.1e-77  257.0 147.9   4   5         6     4e+03   -8.6  11.8   261   311   650   699   639   719 0.57 length=774	scaffold=scaffold01222	strand=-
3611_g               -            774 4465at5820           -            535   9.1e-77  257.0 147.9   5   5   2.9e-08   1.9e-05   21.6  19.8   366   462   676   774   675   774 0.74 length=774	scaffold=scaffold01222	strand=-
2376_g               -            462 4465at5820           -            535   1.8e-11   41.5   9.5   1   3     0.047        31    1.1   1.2   331   384    74   130    63   175 0.64 length=462	scaffold=scaffold00492	strand=-
2376_g               -            462 4465at5820           -            535   1.8e-11   41.5   9.5   2   3   0.00083      0.55    6.9   0.5   224   265   175   216   161   243 0.75 length=462	scaffold=scaffold00492	strand=-
2376_g               -            462 4465at5820           -            535   1.8e-11   41.5   9.5   3   3   2.6e-13   1.7e-10   38.2   0.2   451   533   254   339   213   341 0.76 length=462	scaffold=scaffold00492	strand=-
1961_g               -            485 4465at5820           -            535   4.9e-11   40.0   3.4   1   3      0.51   3.4e+02   -2.3   0.1   160   188    84   112    71   117 0.79 length=485	scaffold=scaffold00349	strand=-
1961_g               -            485 4465at5820           -            535   4.9e-11   40.0   3.4   2   3   0.00012     0.078    9.7   0.1   217   263   125   171   121   186 0.88 length=485	scaffold=scaffold00349	strand=-
1961_g               -            485 4465at5820           -            535   4.9e-11   40.0   3.4   3   3   6.8e-11   4.5e-08   30.3   0.1   416   532   176   296   168   299 0.76 length=485	scaffold=scaffold00349	strand=-
1282_g               -            569 4465at5820           -            535   5.3e-10   36.6   8.9   1   3       2.4   1.6e+03   -4.6   4.2   305   333    86   113    30   161 0.49 length=569	scaffold=scaffold00177	strand=+
1282_g               -            569 4465at5820           -            535   5.3e-10   36.6   8.9   2   3   7.2e-07   0.00048   17.0   0.7   217   266   344   393   282   405 0.67 length=569	scaffold=scaffold00177	strand=+
1282_g               -            569 4465at5820           -            535   5.3e-10   36.6   8.9   3   3     3e-09     2e-06   24.8   0.0   456   533   432   515   389   517 0.73 length=569	scaffold=scaffold00177	strand=+
1764_g               -            234 4465at5820           -            535     1e-09   35.7   0.0   1   2   1.5e-12     1e-09   35.7   0.0   457   531    58   136    16   139 0.88 length=234	scaffold=scaffold00292	strand=+	adjustedToFrame=2
1764_g               -            234 4465at5820           -            535     1e-09   35.7   0.0   2   2      0.21   1.4e+02   -1.0   3.1   252   294   183   225   146   233 0.60 length=234	scaffold=scaffold00292	strand=+	adjustedToFrame=2
3015_g               -            760 4465at5820           -            535   3.4e-08   30.7   1.4   1   5      0.12        79   -0.2   5.8   259   315    25    85     8    92 0.71 length=760	scaffold=scaffold00797	strand=-	adjustedToFrame=3
3015_g               -            760 4465at5820           -            535   3.4e-08   30.7   1.4   2   5     0.019        13    2.4   0.6   155   188   350   383   336   389 0.85 length=760	scaffold=scaffold00797	strand=-	adjustedToFrame=3
3015_g               -            760 4465at5820           -            535   3.4e-08   30.7   1.4   3   5   0.00014     0.094    9.4   0.1   224   260   403   439   394   443 0.82 length=760	scaffold=scaffold00797	strand=-	adjustedToFrame=3
3015_g               -            760 4465at5820           -            535   3.4e-08   30.7   1.4   4   5   5.2e-11   3.4e-08   30.7   1.4   452   534   483   568   443   569 0.81 length=760	scaffold=scaffold00797	strand=-	adjustedToFrame=3
3015_g               -            760 4465at5820           -            535   3.4e-08   30.7   1.4   5   5       1.7   1.1e+03   -4.1   0.5   407   449   681   722   676   742 0.70 length=760	scaffold=scaffold00797	strand=-	adjustedToFrame=3
#
# Program:         hmmsearch
# Version:         3.1b2 (February 2015)
# Pipeline mode:   SEARCH
# Query file:      /export/home/bio1901/Documents/29_BINP/OrthoSearch/busco_downloads/lineages/plasmodium_odb10/hmms/4465at5820.hmm
# Target file:     Results/1_GeneSequences/PB.faa
# Option settings: /home/users/bio1901/miniconda3/envs/busco/bin/hmmsearch --domtblout /export/home/bio1901/Documents/29_BINP/OrthoSearch/PB/run_plasmodium_odb10/hmmer_output/4465at5820.out --cpu 1 /export/home/bio1901/Documents/29_BINP/OrthoSearch/busco_downloads/lineages/plasmodium_odb10/hmms/4465at5820.hmm Results/1_GeneSequences/PB.faa 
# Current dir:     /export/home/bio1901/Documents/29_BINP/OrthoSearch
# Date:            Sun Mar 15 18:03:47 2020
# [ok]
