#                                                                            --- full sequence --- -------------- this domain -------------   hmm coord   ali coord   env coord
# target name        accession   tlen query name           accession   qlen   E-value  score  bias   #  of  c-Evalue  i-Evalue  score  bias  from    to  from    to  from    to  acc description of target
#------------------- ---------- ----- -------------------- ---------- ----- --------- ------ ----- --- --- --------- --------- ------ ----- ----- ----- ----- ----- ----- ----- ---- ---------------------
2758_g               -           1047 4469at5820           -            832  3.8e-281  933.0 159.2   1   3      0.19   1.5e+02   -1.8  10.2   628   694    10    94     3   113 0.49 length=1047	scaffold=scaffold00655	strand=-	adjustedToFrame=2
2758_g               -           1047 4469at5820           -            832  3.8e-281  933.0 159.2   2   3  4.1e-255  3.3e-252  837.3  85.1    10   638    67   703    60   725 0.77 length=1047	scaffold=scaffold00655	strand=-	adjustedToFrame=2
2758_g               -           1047 4469at5820           -            832  3.8e-281  933.0 159.2   3   3   6.9e-33   5.5e-30  102.2  78.2   496   830   651  1042   645  1044 0.68 length=1047	scaffold=scaffold00655	strand=-	adjustedToFrame=2
3989_g               -            757 4469at5820           -            832   2.9e-23   80.0  29.2   1   3         5     4e+03  -12.3  73.1   525   770    21   255     4   276 0.39 length=757	scaffold=scaffold01574	strand=-
3989_g               -            757 4469at5820           -            832   2.9e-23   80.0  29.2   2   3   3.6e-26   2.9e-23   80.0  29.2   191   383   369   563   346   570 0.93 length=757	scaffold=scaffold01574	strand=-
3989_g               -            757 4469at5820           -            832   2.9e-23   80.0  29.2   3   3       1.5   1.2e+03   -4.7  13.6   507   648   680   733   573   757 0.32 length=757	scaffold=scaffold01574	strand=-
2630_g               -            156 4469at5820           -            832     0.024   10.8  20.9   1   1   3.4e-05     0.027   10.6  20.9   582   697    13   137     1   148 0.48 length=156	scaffold=scaffold00592	strand=+
4056_g               -            151 4469at5820           -            832      0.15    8.1  22.1   1   1   0.00023      0.19    7.8  22.1   678   758    43   117    39   144 0.58 length=151	scaffold=scaffold01646	strand=-
2517_g               -            112 4469at5820           -            832       8.9    2.3  24.3   1   1     0.012       9.5    2.2  24.3   702   783    27   110     3   111 0.59 length=112	scaffold=scaffold00543	strand=+
#
# Program:         hmmsearch
# Version:         3.1b2 (February 2015)
# Pipeline mode:   SEARCH
# Query file:      /export/home/bio1901/Documents/29_BINP/OrthoSearch/busco_downloads/lineages/plasmodium_odb10/hmms/4469at5820.hmm
# Target file:     Results/1_GeneSequences/PB.faa
# Option settings: /home/users/bio1901/miniconda3/envs/busco/bin/hmmsearch --domtblout /export/home/bio1901/Documents/29_BINP/OrthoSearch/PB/run_plasmodium_odb10/hmmer_output/4469at5820.out --cpu 1 /export/home/bio1901/Documents/29_BINP/OrthoSearch/busco_downloads/lineages/plasmodium_odb10/hmms/4469at5820.hmm Results/1_GeneSequences/PB.faa 
# Current dir:     /export/home/bio1901/Documents/29_BINP/OrthoSearch
# Date:            Sun Mar 15 18:03:55 2020
# [ok]
