#                                                                            --- full sequence --- -------------- this domain -------------   hmm coord   ali coord   env coord
# target name        accession   tlen query name           accession   qlen   E-value  score  bias   #  of  c-Evalue  i-Evalue  score  bias  from    to  from    to  from    to  acc description of target
#------------------- ---------- ----- -------------------- ---------- ----- --------- ------ ----- --- --- --------- --------- ------ ----- ----- ----- ----- ----- ----- ----- ---- ---------------------
662_g                -           6829 447at5820            -           2093         0 1596.0 443.7   1  26     2e-54   7.9e-51  170.3  43.3     1   205     1   244     1   250 0.84 length=6829	scaffold=scaffold00068	strand=+
662_g                -           6829 447at5820            -           2093         0 1596.0 443.7   2  26   1.5e-28   5.9e-25   84.5  27.1   201   311   269   384   246   390 0.88 length=6829	scaffold=scaffold00068	strand=+
662_g                -           6829 447at5820            -           2093         0 1596.0 443.7   3  26   9.5e-22   3.8e-18   61.9  11.3   312   396   509   599   493   603 0.86 length=6829	scaffold=scaffold00068	strand=+
662_g                -           6829 447at5820            -           2093         0 1596.0 443.7   4  26   4.4e-71   1.7e-67  225.5  42.5   401   652   667   968   661   971 0.84 length=6829	scaffold=scaffold00068	strand=+
662_g                -           6829 447at5820            -           2093         0 1596.0 443.7   5  26   2.2e-70   8.6e-67  223.2  52.0   652   860  1060  1305  1058  1315 0.84 length=6829	scaffold=scaffold00068	strand=+
662_g                -           6829 447at5820            -           2093         0 1596.0 443.7   6  26   9.7e-50   3.9e-46  154.7  28.1   849   991  1379  1529  1359  1551 0.86 length=6829	scaffold=scaffold00068	strand=+
662_g                -           6829 447at5820            -           2093         0 1596.0 443.7   7  26   3.7e-54   1.5e-50  169.4  23.3   991  1129  1577  1715  1565  1722 0.93 length=6829	scaffold=scaffold00068	strand=+
662_g                -           6829 447at5820            -           2093         0 1596.0 443.7   8  26   1.3e-55   5.2e-52  174.2  30.6  1126  1332  1805  2030  1795  2057 0.84 length=6829	scaffold=scaffold00068	strand=+
662_g                -           6829 447at5820            -           2093         0 1596.0 443.7   9  26   4.3e-53   1.7e-49  165.8  45.3  1324  1539  2058  2291  2035  2309 0.85 length=6829	scaffold=scaffold00068	strand=+
662_g                -           6829 447at5820            -           2093         0 1596.0 443.7  10  26   1.9e-55   7.6e-52  173.6  24.8  1628  1840  2407  2645  2401  2659 0.82 length=6829	scaffold=scaffold00068	strand=+
662_g                -           6829 447at5820            -           2093         0 1596.0 443.7  11  26     2e-49   7.9e-46  153.7  23.5  1816  1997  2658  2845  2649  2860 0.90 length=6829	scaffold=scaffold00068	strand=+
662_g                -           6829 447at5820            -           2093         0 1596.0 443.7  12  26   8.5e-14   3.4e-10   35.5   3.9  1979  2041  2883  2949  2869  2960 0.87 length=6829	scaffold=scaffold00068	strand=+
662_g                -           6829 447at5820            -           2093         0 1596.0 443.7  13  26       0.1     4e+02   -4.5   0.2   168   209  2993  3035  2991  3041 0.86 length=6829	scaffold=scaffold00068	strand=+
662_g                -           6829 447at5820            -           2093         0 1596.0 443.7  14  26         1     4e+03   -7.8   6.4   388   476  3287  3378  3269  3391 0.74 length=6829	scaffold=scaffold00068	strand=+
662_g                -           6829 447at5820            -           2093         0 1596.0 443.7  15  26         1     4e+03  -22.7  25.6  1298  1435  3607  3743  3530  3815 0.56 length=6829	scaffold=scaffold00068	strand=+
662_g                -           6829 447at5820            -           2093         0 1596.0 443.7  16  26         1     4e+03  -14.7  25.3  1195  1416  3944  4166  3935  4182 0.59 length=6829	scaffold=scaffold00068	strand=+
662_g                -           6829 447at5820            -           2093         0 1596.0 443.7  17  26         1     4e+03  -29.4  48.8  1256  1571  4239  4557  4219  4563 0.59 length=6829	scaffold=scaffold00068	strand=+
662_g                -           6829 447at5820            -           2093         0 1596.0 443.7  18  26         1     4e+03  -30.7  41.5  1745  1931  4537  4730  4526  4802 0.60 length=6829	scaffold=scaffold00068	strand=+
662_g                -           6829 447at5820            -           2093         0 1596.0 443.7  19  26      0.12   4.6e+02   -4.7   5.2   332   407  4738  4814  4725  4829 0.61 length=6829	scaffold=scaffold00068	strand=+
662_g                -           6829 447at5820            -           2093         0 1596.0 443.7  20  26         1     4e+03  -44.0  58.8  1103  1466  4878  5253  4857  5275 0.64 length=6829	scaffold=scaffold00068	strand=+
662_g                -           6829 447at5820            -           2093         0 1596.0 443.7  21  26         1     4e+03  -32.0  39.8  1218  1473  5184  5440  5127  5446 0.61 length=6829	scaffold=scaffold00068	strand=+
662_g                -           6829 447at5820            -           2093         0 1596.0 443.7  22  26         1     4e+03  -38.2  43.5  1328  1981  5293  5458  5216  5577 0.35 length=6829	scaffold=scaffold00068	strand=+
662_g                -           6829 447at5820            -           2093         0 1596.0 443.7  23  26         1     4e+03  -40.1  44.1  1087  1346  5723  5985  5707  6021 0.50 length=6829	scaffold=scaffold00068	strand=+
662_g                -           6829 447at5820            -           2093         0 1596.0 443.7  24  26         1     4e+03   -9.4  11.3  1981  2080  6178  6280  6158  6286 0.73 length=6829	scaffold=scaffold00068	strand=+
662_g                -           6829 447at5820            -           2093         0 1596.0 443.7  25  26         1     4e+03  -18.7  25.7  1332  1478  6410  6565  6314  6585 0.68 length=6829	scaffold=scaffold00068	strand=+
662_g                -           6829 447at5820            -           2093         0 1596.0 443.7  26  26         1     4e+03  -29.3  42.9  1278  1497  6574  6812  6558  6824 0.61 length=6829	scaffold=scaffold00068	strand=+
#
# Program:         hmmsearch
# Version:         3.1b2 (February 2015)
# Pipeline mode:   SEARCH
# Query file:      /export/home/bio1901/Documents/29_BINP/OrthoSearch/busco_downloads/lineages/plasmodium_odb10/hmms/447at5820.hmm
# Target file:     Results/1_GeneSequences/PB.faa
# Option settings: /home/users/bio1901/miniconda3/envs/busco/bin/hmmsearch --domtblout /export/home/bio1901/Documents/29_BINP/OrthoSearch/PB/run_plasmodium_odb10/hmmer_output/447at5820.out --cpu 1 /export/home/bio1901/Documents/29_BINP/OrthoSearch/busco_downloads/lineages/plasmodium_odb10/hmms/447at5820.hmm Results/1_GeneSequences/PB.faa 
# Current dir:     /export/home/bio1901/Documents/29_BINP/OrthoSearch
# Date:            Sun Mar 15 18:03:56 2020
# [ok]
