#                                                                            --- full sequence --- -------------- this domain -------------   hmm coord   ali coord   env coord
# target name        accession   tlen query name           accession   qlen   E-value  score  bias   #  of  c-Evalue  i-Evalue  score  bias  from    to  from    to  from    to  acc description of target
#------------------- ---------- ----- -------------------- ---------- ----- --------- ------ ----- --- --- --------- --------- ------ ----- ----- ----- ----- ----- ----- ----- ---- ---------------------
121_g                -            631 4511at5820           -            508  9.3e-232  768.0  34.1   1   3   3.5e-41   3.5e-38  129.4   3.7    16   123    39   152    21   156 0.80 length=631	scaffold=scaffold00007	strand=-
121_g                -            631 4511at5820           -            508  9.3e-232  768.0  34.1   2   3  9.7e-171  9.7e-168  556.8  18.9   121   460   203   539   195   553 0.95 length=631	scaffold=scaffold00007	strand=-
121_g                -            631 4511at5820           -            508  9.3e-232  768.0  34.1   3   3   4.3e-29   4.3e-26   89.5   0.1   448   508   567   627   545   627 0.90 length=631	scaffold=scaffold00007	strand=-
2250_g               -            520 4511at5820           -            508   1.6e-86  288.8   3.2   1   1   1.2e-88   1.2e-85  286.0   3.2    53   507    33   516    16   517 0.79 length=520	scaffold=scaffold00439	strand=-
1650_g               -            970 4511at5820           -            508   5.8e-13   46.2   7.7   1   4     0.079        79   -0.4   0.6    27    78   119   173    99   190 0.76 length=970	scaffold=scaffold00262	strand=+
1650_g               -            970 4511at5820           -            508   5.8e-13   46.2   7.7   2   4      0.29   2.9e+02   -2.3   0.2   295   346   366   419   357   443 0.65 length=970	scaffold=scaffold00262	strand=+
1650_g               -            970 4511at5820           -            508   5.8e-13   46.2   7.7   3   4     0.056        55    0.1   0.1   203   247   573   619   540   657 0.76 length=970	scaffold=scaffold00262	strand=+
1650_g               -            970 4511at5820           -            508   5.8e-13   46.2   7.7   4   4   5.8e-16   5.8e-13   46.2   7.7   248   503   705   961   689   965 0.77 length=970	scaffold=scaffold00262	strand=+
2950_g               -            614 4511at5820           -            508   3.8e-10   36.9   0.4   1   1   7.3e-13   7.3e-10   36.0   0.4   270   503   373   605   335   609 0.79 length=614	scaffold=scaffold00756	strand=-
#
# Program:         hmmsearch
# Version:         3.1b2 (February 2015)
# Pipeline mode:   SEARCH
# Query file:      /export/home/bio1901/Documents/29_BINP/OrthoSearch/busco_downloads/lineages/plasmodium_odb10/hmms/4511at5820.hmm
# Target file:     Results/1_GeneSequences/PB.faa
# Option settings: /home/users/bio1901/miniconda3/envs/busco/bin/hmmsearch --domtblout /export/home/bio1901/Documents/29_BINP/OrthoSearch/PB/run_plasmodium_odb10/hmmer_output/4511at5820.out --cpu 1 /export/home/bio1901/Documents/29_BINP/OrthoSearch/busco_downloads/lineages/plasmodium_odb10/hmms/4511at5820.hmm Results/1_GeneSequences/PB.faa 
# Current dir:     /export/home/bio1901/Documents/29_BINP/OrthoSearch
# Date:            Sun Mar 15 18:04:03 2020
# [ok]
