#                                                                            --- full sequence --- -------------- this domain -------------   hmm coord   ali coord   env coord
# target name        accession   tlen query name           accession   qlen   E-value  score  bias   #  of  c-Evalue  i-Evalue  score  bias  from    to  from    to  from    to  acc description of target
#------------------- ---------- ----- -------------------- ---------- ----- --------- ------ ----- --- --- --------- --------- ------ ----- ----- ----- ----- ----- ----- ----- ---- ---------------------
3003_g               -            377 4567at5820           -            584   7.8e-16   55.6   0.5   1   1     3e-18   1.2e-15   55.0   0.5    55   125    36   105     8   132 0.87 length=377	scaffold=scaffold00786	strand=-
156_g                -            561 4567at5820           -            584   5.3e-14   49.6  21.9   1   2   4.5e-14   1.8e-11   41.2   0.3    57   125    45   110    36   122 0.90 length=561	scaffold=scaffold00009	strand=+
156_g                -            561 4567at5820           -            584   5.3e-14   49.6  21.9   2   2   1.9e-05    0.0075   12.7  14.0   135   291   194   349   185   430 0.74 length=561	scaffold=scaffold00009	strand=+
1082_g               -            248 4567at5820           -            584   1.4e-13   48.2   0.4   1   1     5e-16     2e-13   47.6   0.4    60   123     5    69     2    76 0.92 length=248	scaffold=scaffold00136	strand=+
40_g                 -            737 4567at5820           -            584   9.3e-11   38.8   0.3   1   2   2.3e-13   9.3e-11   38.8   0.3    58   125    65   131    58   134 0.92 length=737	scaffold=scaffold00002	strand=-
40_g                 -            737 4567at5820           -            584   9.3e-11   38.8   0.3   2   2      0.53   2.1e+02   -2.0   2.4   114   175   663   727   588   734 0.73 length=737	scaffold=scaffold00002	strand=-
709_g                -            571 4567at5820           -            584   1.8e-10   37.9   0.2   1   1     1e-12   4.2e-10   36.7   0.2    54   124    45   115     1   119 0.79 length=571	scaffold=scaffold00075	strand=-
2807_g               -            663 4567at5820           -            584   9.6e-10   35.5   1.5   1   2   2.4e-12   9.6e-10   35.5   1.5    61   129   186   253   173   278 0.88 length=663	scaffold=scaffold00682	strand=-
2807_g               -            663 4567at5820           -            584   9.6e-10   35.5   1.5   2   2       1.9   7.6e+02   -3.8   1.9   284   338   455   508   444   545 0.64 length=663	scaffold=scaffold00682	strand=-
747_g                -            281 4567at5820           -            584   1.2e-09   35.2  31.1   1   1     3e-11   1.2e-08   31.9  31.1    45   144    30   129    27   280 0.70 length=281	scaffold=scaffold00080	strand=-
2296_g               -            416 4567at5820           -            584   2.8e-09   34.0   3.2   1   2   2.1e-10   8.3e-08   29.1   0.3    61   124    22    81    16    93 0.92 length=416	scaffold=scaffold00459	strand=-
2296_g               -            416 4567at5820           -            584   2.8e-09   34.0   3.2   2   2    0.0029       1.2    5.5   0.2   276   366   314   400   268   411 0.80 length=416	scaffold=scaffold00459	strand=-
3267_g               -            249 4567at5820           -            584     5e-06   23.2   3.3   1   1   1.9e-08   7.5e-06   22.6   3.3    60   125   110   174    94   181 0.92 length=249	scaffold=scaffold00955	strand=-
721_g                -            127 4567at5820           -            584   0.00011   18.8   6.5   1   1   2.9e-07   0.00012   18.7   6.5    57   142     3    88     1   121 0.69 length=127	scaffold=scaffold00077	strand=-
#
# Program:         hmmsearch
# Version:         3.1b2 (February 2015)
# Pipeline mode:   SEARCH
# Query file:      /export/home/bio1901/Documents/29_BINP/OrthoSearch/busco_downloads/lineages/plasmodium_odb10/hmms/4567at5820.hmm
# Target file:     Results/1_GeneSequences/PB.faa
# Option settings: /home/users/bio1901/miniconda3/envs/busco/bin/hmmsearch --domtblout /export/home/bio1901/Documents/29_BINP/OrthoSearch/PB/run_plasmodium_odb10/hmmer_output/4567at5820.out --cpu 1 /export/home/bio1901/Documents/29_BINP/OrthoSearch/busco_downloads/lineages/plasmodium_odb10/hmms/4567at5820.hmm Results/1_GeneSequences/PB.faa 
# Current dir:     /export/home/bio1901/Documents/29_BINP/OrthoSearch
# Date:            Sun Mar 15 18:04:09 2020
# [ok]
