#                                                                            --- full sequence --- -------------- this domain -------------   hmm coord   ali coord   env coord
# target name        accession   tlen query name           accession   qlen   E-value  score  bias   #  of  c-Evalue  i-Evalue  score  bias  from    to  from    to  from    to  acc description of target
#------------------- ---------- ----- -------------------- ---------- ----- --------- ------ ----- --- --- --------- --------- ------ ----- ----- ----- ----- ----- ----- ----- ---- ---------------------
2584_g               -           1542 45at5820             -           4216         0 2436.4 147.0   1   2         0         0 2344.9 135.6  1740  3061     1  1419     1  1428 0.99 length=1542	scaffold=scaffold00569	strand=+
2584_g               -           1542 45at5820             -           4216         0 2436.4 147.0   2   2   5.7e-31   2.1e-28   94.9   3.6  3035  3105  1472  1542  1459  1542 0.93 length=1542	scaffold=scaffold00569	strand=+
3886_g               -           1159 45at5820             -           4216         0 1259.6 100.0   1   5   1.5e-99   5.5e-97  322.5  34.5  3347  3607    66   343    61   349 0.85 length=1159	scaffold=scaffold01474	strand=+	adjustedToFrame=2
3886_g               -           1159 45at5820             -           4216         0 1259.6 100.0   2   5  7.1e-123  2.6e-120  399.9  13.7  3605  3833   396   626   375   636 0.93 length=1159	scaffold=scaffold01474	strand=+	adjustedToFrame=2
3886_g               -           1159 45at5820             -           4216         0 1259.6 100.0   3   5   4.9e-39   1.8e-36  121.7   1.9  3828  3917   665   754   658   765 0.88 length=1159	scaffold=scaffold01474	strand=+	adjustedToFrame=2
3886_g               -           1159 45at5820             -           4216         0 1259.6 100.0   4   5  5.8e-104  2.1e-101  337.2  10.5  3914  4131   800  1017   777  1032 0.94 length=1159	scaffold=scaffold01474	strand=+	adjustedToFrame=2
3886_g               -           1159 45at5820             -           4216         0 1259.6 100.0   5   5   4.1e-35   1.5e-32  108.6   1.4  4136  4216  1072  1158  1056  1158 0.88 length=1159	scaffold=scaffold01474	strand=+	adjustedToFrame=2
1284_g               -           5635 45at5820             -           4216  2.7e-283  940.9 297.2   1   8     0.074        27   -1.7   5.8  3084  3162    26   112    22   123 0.79 length=5635	scaffold=scaffold00178	strand=-
1284_g               -           5635 45at5820             -           4216  2.7e-283  940.9 297.2   2   8  1.1e-142  3.9e-140  465.7 124.4   589  1957  1580  3021  1545  3035 0.77 length=5635	scaffold=scaffold00178	strand=-
1284_g               -           5635 45at5820             -           4216  2.7e-283  940.9 297.2   3   8   2.3e-32   8.4e-30   99.5  17.4  2003  2323  3216  3554  3206  3587 0.80 length=5635	scaffold=scaffold00178	strand=-
1284_g               -           5635 45at5820             -           4216  2.7e-283  940.9 297.2   4   8   2.1e-19   7.6e-17   56.5   4.0  2345  2501  3638  3798  3618  3810 0.93 length=5635	scaffold=scaffold00178	strand=-
1284_g               -           5635 45at5820             -           4216  2.7e-283  940.9 297.2   5   8   2.3e-74   8.2e-72  238.9  66.2  2523  3344  3882  4674  3867  4684 0.86 length=5635	scaffold=scaffold00178	strand=-
1284_g               -           5635 45at5820             -           4216  2.7e-283  940.9 297.2   6   8   9.4e-08   3.4e-05   17.8   1.4  3394  3481  4683  4767  4670  4774 0.91 length=5635	scaffold=scaffold00178	strand=-
1284_g               -           5635 45at5820             -           4216  2.7e-283  940.9 297.2   7   8   4.2e-42   1.5e-39  131.8  29.7  3471  3947  4847  5308  4824  5319 0.81 length=5635	scaffold=scaffold00178	strand=-
1284_g               -           5635 45at5820             -           4216  2.7e-283  940.9 297.2   8   8   5.1e-13   1.9e-10   35.3   6.9  3906  4118  5340  5559  5316  5615 0.76 length=5635	scaffold=scaffold00178	strand=-
2583_g               -            655 45at5820             -           4216  1.2e-260  865.7  44.0   1   2   2.7e-77   9.7e-75  248.7  26.3  1223  1415    65   260    40   278 0.92 length=655	scaffold=scaffold00569	strand=+
2583_g               -            655 45at5820             -           4216  1.2e-260  865.7  44.0   2   2  3.7e-190  1.4e-187  623.2   9.4  1401  1700   305   603   272   615 0.93 length=655	scaffold=scaffold00569	strand=+
1268_g               -           5013 45at5820             -           4216  1.3e-240  799.2 127.6   1   5  2.7e-104  9.7e-102  338.3  55.8   653  1656  1155  2161  1102  2171 0.80 length=5013	scaffold=scaffold00174	strand=-
1268_g               -           5013 45at5820             -           4216  1.3e-240  799.2 127.6   2   5   3.1e-38   1.1e-35  119.0   0.4  1662  1881  2219  2450  2209  2474 0.87 length=5013	scaffold=scaffold00174	strand=-
1268_g               -           5013 45at5820             -           4216  1.3e-240  799.2 127.6   3   5  2.7e-115  9.7e-113  374.8  57.4  2004  3811  2737  4518  2706  4528 0.79 length=5013	scaffold=scaffold00174	strand=-
1268_g               -           5013 45at5820             -           4216  1.3e-240  799.2 127.6   4   5       0.3   1.1e+02   -3.8   7.3  3905  4048  4686  4825  4661  4834 0.73 length=5013	scaffold=scaffold00174	strand=-
1268_g               -           5013 45at5820             -           4216  1.3e-240  799.2 127.6   5   5   0.00015     0.054    7.2   0.8  4051  4124  4884  4955  4861  4969 0.80 length=5013	scaffold=scaffold00174	strand=-
2933_g               -           2205 45at5820             -           4216  2.1e-217  722.2 154.5   1   3   3.6e-91   1.3e-88  294.7  79.5  2331  3178   117   911    72   949 0.89 length=2205	scaffold=scaffold00748	strand=-	adjustedToFrame=2
2933_g               -           2205 45at5820             -           4216  2.1e-217  722.2 154.5   2   3   7.5e-31   2.7e-28   94.5  17.7  3178  3394  1049  1270  1037  1301 0.79 length=2205	scaffold=scaffold00748	strand=-	adjustedToFrame=2
2933_g               -           2205 45at5820             -           4216  2.1e-217  722.2 154.5   3   3  5.5e-107    2e-104  347.2  36.8  3360  4213  1346  2199  1325  2202 0.81 length=2205	scaffold=scaffold00748	strand=-	adjustedToFrame=2
2582_g               -           1328 45at5820             -           4216  1.1e-204  680.0 170.2   1   7   9.9e-45   3.6e-42  140.6  13.8     3   168    27   258    25   267 0.74 length=1328	scaffold=scaffold00569	strand=+
2582_g               -           1328 45at5820             -           4216  1.1e-204  680.0 170.2   2   7   2.3e-75   8.5e-73  242.2  11.9   162   340   313   495   310   501 0.96 length=1328	scaffold=scaffold00569	strand=+
2582_g               -           1328 45at5820             -           4216  1.1e-204  680.0 170.2   3   7   6.1e-85   2.2e-82  274.0  24.2   338   529   573   764   559   789 0.96 length=1328	scaffold=scaffold00569	strand=+
2582_g               -           1328 45at5820             -           4216  1.1e-204  680.0 170.2   4   7     2e-06   0.00072   13.4   0.9   526   548   816   838   805   879 0.82 length=1328	scaffold=scaffold00569	strand=+
2582_g               -           1328 45at5820             -           4216  1.1e-204  680.0 170.2   5   7    0.0013      0.48    4.1   0.3   548   576   951   979   946   990 0.87 length=1328	scaffold=scaffold00569	strand=+
2582_g               -           1328 45at5820             -           4216  1.1e-204  680.0 170.2   6   7   4.7e-15   1.7e-12   42.1  51.4   574   830  1008  1257   992  1276 0.72 length=1328	scaffold=scaffold00569	strand=+
2582_g               -           1328 45at5820             -           4216  1.1e-204  680.0 170.2   7   7     0.037        13   -0.7  10.4   701   752  1273  1324  1239  1327 0.70 length=1328	scaffold=scaffold00569	strand=+
501_g                -           5635 45at5820             -           4216   1.6e-85  284.4 444.0   1  12   6.8e-09   2.5e-06   21.6  14.4  1248  1403   835   989   813   998 0.79 length=5635	scaffold=scaffold00047	strand=-	adjustedToFrame=2
501_g                -           5635 45at5820             -           4216   1.6e-85  284.4 444.0   2  12   6.4e-27   2.3e-24   81.4   2.6  1405  1544  1202  1338  1171  1361 0.85 length=5635	scaffold=scaffold00047	strand=-	adjustedToFrame=2
501_g                -           5635 45at5820             -           4216   1.6e-85  284.4 444.0   3  12   0.00025     0.091    6.4   4.4  1557  1670  1586  1701  1580  1707 0.81 length=5635	scaffold=scaffold00047	strand=-	adjustedToFrame=2
501_g                -           5635 45at5820             -           4216   1.6e-85  284.4 444.0   4  12   9.5e-05     0.034    7.9   2.4  1706  1771  1703  1769  1685  1777 0.80 length=5635	scaffold=scaffold00047	strand=-	adjustedToFrame=2
501_g                -           5635 45at5820             -           4216   1.6e-85  284.4 444.0   5  12   3.7e-18   1.3e-15   52.4  11.4  1768  2022  1984  2242  1959  2257 0.84 length=5635	scaffold=scaffold00047	strand=-	adjustedToFrame=2
501_g                -           5635 45at5820             -           4216   1.6e-85  284.4 444.0   6  12   4.3e-11   1.6e-08   28.9  12.9  2023  2165  2537  2682  2510  2694 0.87 length=5635	scaffold=scaffold00047	strand=-	adjustedToFrame=2
501_g                -           5635 45at5820             -           4216   1.6e-85  284.4 444.0   7  12   6.9e-19   2.5e-16   54.8  28.5  2141  2371  2693  2929  2677  2940 0.85 length=5635	scaffold=scaffold00047	strand=-	adjustedToFrame=2
501_g                -           5635 45at5820             -           4216   1.6e-85  284.4 444.0   8  12      0.47   1.7e+02   -4.4   3.3  2343  2422  3073  3153  2993  3215 0.79 length=5635	scaffold=scaffold00047	strand=-	adjustedToFrame=2
501_g                -           5635 45at5820             -           4216   1.6e-85  284.4 444.0   9  12   6.2e-07   0.00022   15.1  21.3  2433  2697  3281  3559  3270  3605 0.72 length=5635	scaffold=scaffold00047	strand=-	adjustedToFrame=2
501_g                -           5635 45at5820             -           4216   1.6e-85  284.4 444.0  10  12       1.1   3.9e+02   -5.6   5.2  3362  3455  3639  3738  3611  3753 0.58 length=5635	scaffold=scaffold00047	strand=-	adjustedToFrame=2
501_g                -           5635 45at5820             -           4216   1.6e-85  284.4 444.0  11  12   8.3e-22     3e-19   64.5 110.0  2724  3666  3741  4847  3703  4866 0.77 length=5635	scaffold=scaffold00047	strand=-	adjustedToFrame=2
501_g                -           5635 45at5820             -           4216   1.6e-85  284.4 444.0  12  12   2.6e-26   9.3e-24   79.4  43.6  3658  4120  4924  5374  4906  5422 0.82 length=5635	scaffold=scaffold00047	strand=-	adjustedToFrame=2
2977_g               -           2789 45at5820             -           4216   3.5e-43  143.9 184.7   1   6   2.4e-16   8.7e-14   46.4   2.7  1470  1543     1    74     1    80 0.95 length=2789	scaffold=scaffold00770	strand=-	adjustedToFrame=2
2977_g               -           2789 45at5820             -           4216   3.5e-43  143.9 184.7   2   6   9.4e-16   3.4e-13   44.4   7.4  1557  1713   151   317   139   328 0.82 length=2789	scaffold=scaffold00770	strand=-	adjustedToFrame=2
2977_g               -           2789 45at5820             -           4216   3.5e-43  143.9 184.7   3   6   2.6e-18   9.4e-16   52.9  18.2  1746  2010   498   787   471   823 0.70 length=2789	scaffold=scaffold00770	strand=-	adjustedToFrame=2
2977_g               -           2789 45at5820             -           4216   3.5e-43  143.9 184.7   4   6   3.6e-14   1.3e-11   39.1  93.4  2000  2574  1157  1760  1152  1788 0.81 length=2789	scaffold=scaffold00770	strand=-	adjustedToFrame=2
2977_g               -           2789 45at5820             -           4216   3.5e-43  143.9 184.7   5   6       7.8   2.8e+03   -8.5  17.7  2599  2790  1963  2157  1952  2164 0.80 length=2789	scaffold=scaffold00770	strand=-	adjustedToFrame=2
2977_g               -           2789 45at5820             -           4216   3.5e-43  143.9 184.7   6   6   1.4e-10   5.1e-08   27.2  31.2  2864  3168  2171  2453  2157  2486 0.83 length=2789	scaffold=scaffold00770	strand=-	adjustedToFrame=2
1255_g               -            639 45at5820             -           4216   1.3e-13   45.7  19.0   1   3   2.2e-09   8.1e-07   23.2   4.4   186   298   110   223    47   224 0.84 length=639	scaffold=scaffold00171	strand=+
1255_g               -            639 45at5820             -           4216   1.3e-13   45.7  19.0   2   3   4.2e-11   1.5e-08   28.9   1.3   188   269   219   298   211   306 0.90 length=639	scaffold=scaffold00171	strand=+
1255_g               -            639 45at5820             -           4216   1.3e-13   45.7  19.0   3   3   6.3e-05     0.023    8.4   1.2   186   261   382   455   312   490 0.70 length=639	scaffold=scaffold00171	strand=+
500_g                -            857 45at5820             -           4216   2.6e-12   41.5   0.0   1   3   0.00025     0.091    6.4   0.0   218   266    17    70     5    77 0.76 length=857	scaffold=scaffold00047	strand=-
500_g                -            857 45at5820             -           4216   2.6e-12   41.5   0.0   2   3   1.4e-10   5.1e-08   27.2   0.0   185   300    91   214    80   228 0.83 length=857	scaffold=scaffold00047	strand=-
500_g                -            857 45at5820             -           4216   2.6e-12   41.5   0.0   3   3    0.0004      0.14    5.8   0.0   187   247   207   270   205   304 0.71 length=857	scaffold=scaffold00047	strand=-
#
# Program:         hmmsearch
# Version:         3.1b2 (February 2015)
# Pipeline mode:   SEARCH
# Query file:      /export/home/bio1901/Documents/29_BINP/OrthoSearch/busco_downloads/lineages/plasmodium_odb10/hmms/45at5820.hmm
# Target file:     Results/1_GeneSequences/PB.faa
# Option settings: /home/users/bio1901/miniconda3/envs/busco/bin/hmmsearch --domtblout /export/home/bio1901/Documents/29_BINP/OrthoSearch/PB/run_plasmodium_odb10/hmmer_output/45at5820.out --cpu 1 /export/home/bio1901/Documents/29_BINP/OrthoSearch/busco_downloads/lineages/plasmodium_odb10/hmms/45at5820.hmm Results/1_GeneSequences/PB.faa 
# Current dir:     /export/home/bio1901/Documents/29_BINP/OrthoSearch
# Date:            Sun Mar 15 18:04:17 2020
# [ok]
