#                                                                            --- full sequence --- -------------- this domain -------------   hmm coord   ali coord   env coord
# target name        accession   tlen query name           accession   qlen   E-value  score  bias   #  of  c-Evalue  i-Evalue  score  bias  from    to  from    to  from    to  acc description of target
#------------------- ---------- ----- -------------------- ---------- ----- --------- ------ ----- --- --- --------- --------- ------ ----- ----- ----- ----- ----- ----- ----- ---- ---------------------
3185_g               -            612 4638at5820           -            522  7.4e-263  870.5  51.1   1   2  4.2e-145  5.5e-142  471.7  33.2     1   292     1   310     1   321 0.94 length=612	scaffold=scaffold00902	strand=-
3185_g               -            612 4638at5820           -            522  7.4e-263  870.5  51.1   2   2  6.9e-125  9.2e-122  404.9  10.0   294   517   376   599   352   609 0.97 length=612	scaffold=scaffold00902	strand=-
2289_g               -            834 4638at5820           -            522   1.4e-06   24.8   1.4   1   3         3     4e+03   -6.9   5.4    62   105    73   116    26   186 0.66 length=834	scaffold=scaffold00456	strand=+
2289_g               -            834 4638at5820           -            522   1.4e-06   24.8   1.4   2   3   1.1e-09   1.4e-06   24.8   1.4   133   315   456   647   391   672 0.67 length=834	scaffold=scaffold00456	strand=+
2289_g               -            834 4638at5820           -            522   1.4e-06   24.8   1.4   3   3    0.0001      0.13    8.4   0.9   221   321   692   793   677   824 0.72 length=834	scaffold=scaffold00456	strand=+
2322_g               -            439 4638at5820           -            522     1e-05   22.0   6.3   1   2     0.036        48    0.0   4.3   136   266    64   202    32   211 0.59 length=439	scaffold=scaffold00471	strand=+
2322_g               -            439 4638at5820           -            522     1e-05   22.0   6.3   2   2   7.8e-09     1e-05   22.0   6.3   210   287   240   316   209   397 0.75 length=439	scaffold=scaffold00471	strand=+
#
# Program:         hmmsearch
# Version:         3.1b2 (February 2015)
# Pipeline mode:   SEARCH
# Query file:      /export/home/bio1901/Documents/29_BINP/OrthoSearch/busco_downloads/lineages/plasmodium_odb10/hmms/4638at5820.hmm
# Target file:     Results/1_GeneSequences/PB.faa
# Option settings: /home/users/bio1901/miniconda3/envs/busco/bin/hmmsearch --domtblout /export/home/bio1901/Documents/29_BINP/OrthoSearch/PB/run_plasmodium_odb10/hmmer_output/4638at5820.out --cpu 1 /export/home/bio1901/Documents/29_BINP/OrthoSearch/busco_downloads/lineages/plasmodium_odb10/hmms/4638at5820.hmm Results/1_GeneSequences/PB.faa 
# Current dir:     /export/home/bio1901/Documents/29_BINP/OrthoSearch
# Date:            Sun Mar 15 18:04:20 2020
# [ok]
