#                                                                            --- full sequence --- -------------- this domain -------------   hmm coord   ali coord   env coord
# target name        accession   tlen query name           accession   qlen   E-value  score  bias   #  of  c-Evalue  i-Evalue  score  bias  from    to  from    to  from    to  acc description of target
#------------------- ---------- ----- -------------------- ---------- ----- --------- ------ ----- --- --- --------- --------- ------ ----- ----- ----- ----- ----- ----- ----- ---- ---------------------
3472_g               -           1300 4671at5820           -            475     5e-75  250.7  10.3   1   4      0.43   1.1e+02   -1.0   2.5   120   158   114   153   103   167 0.75 length=1300	scaffold=scaffold01114	strand=-	adjustedToFrame=3
3472_g               -           1300 4671at5820           -            475     5e-75  250.7  10.3   2   4       1.7   4.3e+02   -3.0   0.1   186   222   485   519   472   531 0.73 length=1300	scaffold=scaffold01114	strand=-	adjustedToFrame=3
3472_g               -           1300 4671at5820           -            475     5e-75  250.7  10.3   3   4   2.5e-37   6.2e-35  118.5   0.3   199   414   612   824   596   835 0.83 length=1300	scaffold=scaffold01114	strand=-	adjustedToFrame=3
3472_g               -           1300 4671at5820           -            475     5e-75  250.7  10.3   4   4   2.2e-45   5.4e-43  145.1   4.6   126   417   924  1212   902  1224 0.77 length=1300	scaffold=scaffold01114	strand=-	adjustedToFrame=3
2255_g               -            852 4671at5820           -            475   1.8e-74  248.8   0.0   1   2   4.2e-35     1e-32  111.1   0.0   199   416   212   426   190   470 0.84 length=852	scaffold=scaffold00443	strand=+	adjustedToFrame=2
2255_g               -            852 4671at5820           -            475   1.8e-74  248.8   0.0   2   2     2e-42   4.9e-40  135.3   0.0   195   426   481   712   470   720 0.91 length=852	scaffold=scaffold00443	strand=+	adjustedToFrame=2
2537_g               -           1064 4671at5820           -            475   9.9e-50  167.3  53.4   1   3   5.1e-05     0.013   11.9   5.7   132   250   233   357   136   366 0.75 length=1064	scaffold=scaffold00550	strand=+
2537_g               -           1064 4671at5820           -            475   9.9e-50  167.3  53.4   2   3   3.4e-10   8.4e-08   29.0   3.1   276   414   422   558   415   573 0.79 length=1064	scaffold=scaffold00550	strand=+
2537_g               -           1064 4671at5820           -            475   9.9e-50  167.3  53.4   3   3   2.4e-46   6.1e-44  148.2  17.5    97   405   583   895   557   922 0.78 length=1064	scaffold=scaffold00550	strand=+
3622_g               -           1227 4671at5820           -            475   3.1e-37  126.1   4.7   1   3   0.00089      0.22    7.9  26.0    90   373   221   514   211   522 0.65 length=1227	scaffold=scaffold01231	strand=-
3622_g               -           1227 4671at5820           -            475   3.1e-37  126.1   4.7   2   3   1.2e-39   3.1e-37  126.1   4.7   171   381   750   960   699  1011 0.79 length=1227	scaffold=scaffold01231	strand=-
3622_g               -           1227 4671at5820           -            475   3.1e-37  126.1   4.7   3   3         4     1e+03   -4.2  11.6    83   204  1060  1180  1039  1205 0.70 length=1227	scaffold=scaffold01231	strand=-
687_g                -            439 4671at5820           -            475   3.1e-36  122.8   0.0   1   2       1.4   3.6e+02   -2.7   3.9   128   168    57    95    14   110 0.54 length=439	scaffold=scaffold00072	strand=-
687_g                -            439 4671at5820           -            475   3.1e-36  122.8   0.0   2   2   1.3e-38   3.1e-36  122.8   0.0   201   416   184   398   167   405 0.87 length=439	scaffold=scaffold00072	strand=-
3198_g               -            394 4671at5820           -            475   4.9e-35  118.8   0.5   1   2         3   7.6e+02   -3.8   0.1   154   167    30    43     4    57 0.41 length=394	scaffold=scaffold00911	strand=+
3198_g               -            394 4671at5820           -            475   4.9e-35  118.8   0.5   2   2   2.7e-37   6.6e-35  118.4   0.0   195   416   133   354   113   370 0.81 length=394	scaffold=scaffold00911	strand=+
1654_g               -            771 4671at5820           -            475   8.3e-33  111.5   9.2   1   2   3.9e-31   9.7e-29   98.1   1.3   197   458   237   509   207   518 0.83 length=771	scaffold=scaffold00263	strand=-
1654_g               -            771 4671at5820           -            475   8.3e-33  111.5   9.2   2   2   1.8e-06   0.00045   16.7   1.2   229   369   551   690   536   725 0.71 length=771	scaffold=scaffold00263	strand=-
2435_g               -            393 4671at5820           -            475   7.1e-32  108.4   0.1   1   2       2.3   5.6e+02   -3.4   0.1   318   350    38    70    18    74 0.57 length=393	scaffold=scaffold00511	strand=-
2435_g               -            393 4671at5820           -            475   7.1e-32  108.4   0.1   2   2   2.8e-34   7.1e-32  108.4   0.1   188   382   127   325   122   355 0.84 length=393	scaffold=scaffold00511	strand=-
3562_g               -            465 4671at5820           -            475   2.5e-31  106.6   0.0   1   1     2e-33   4.9e-31  105.6   0.0   188   415   203   430   192   434 0.85 length=465	scaffold=scaffold01184	strand=-
2006_g               -            876 4671at5820           -            475   7.1e-30  101.8   0.0   1   1   2.9e-32   7.1e-30  101.8   0.0   215   409   200   398   175   406 0.80 length=876	scaffold=scaffold00363	strand=-
2871_g               -            412 4671at5820           -            475     8e-30  101.6   0.0   1   1   4.6e-32   1.2e-29  101.1   0.0   188   419   142   373   134   394 0.83 length=412	scaffold=scaffold00715	strand=+
1457_g               -            452 4671at5820           -            475   9.9e-28   94.7   2.4   1   2      0.26        65   -0.3   3.2     4    53    54   105    51   141 0.70 length=452	scaffold=scaffold00217	strand=+
1457_g               -            452 4671at5820           -            475   9.9e-28   94.7   2.4   2   2   2.8e-29     7e-27   91.9   0.0   199   414   198   413   182   418 0.82 length=452	scaffold=scaffold00217	strand=+
842_g                -            703 4671at5820           -            475   1.9e-27   93.8   0.2   1   2       1.9   4.7e+02   -3.1   0.7   125   140    93   108    47   137 0.54 length=703	scaffold=scaffold00095	strand=-
842_g                -            703 4671at5820           -            475   1.9e-27   93.8   0.2   2   2   7.7e-30   1.9e-27   93.8   0.2   192   377   243   428   217   467 0.87 length=703	scaffold=scaffold00095	strand=-
1406_g               -            957 4671at5820           -            475   5.8e-24   82.3   0.1   1   2   2.3e-26   5.8e-24   82.3   0.1   195   376   394   581   384   617 0.84 length=957	scaffold=scaffold00206	strand=+
1406_g               -            957 4671at5820           -            475   5.8e-24   82.3   0.1   2   2       5.6   1.4e+03   -4.7   2.9   109   160   850   900   785   920 0.46 length=957	scaffold=scaffold00206	strand=+
1029_g               -            551 4671at5820           -            475   7.9e-17   58.8   0.5   1   2       2.6   6.5e+02   -3.6   1.2   100   149   107   155    89   172 0.44 length=551	scaffold=scaffold00125	strand=+
1029_g               -            551 4671at5820           -            475   7.9e-17   58.8   0.5   2   2   3.2e-19   7.9e-17   58.8   0.5   232   373   330   490   299   499 0.78 length=551	scaffold=scaffold00125	strand=+
261_g                -            532 4671at5820           -            475    0.0055   13.1   0.3   1   2   6.3e-05     0.016   11.6   0.0   232   282    63   115    52   128 0.85 length=532	scaffold=scaffold00019	strand=+
261_g                -            532 4671at5820           -            475    0.0055   13.1   0.3   2   2       1.1   2.8e+02   -2.4   0.2    10    55   251   296   248   329 0.61 length=532	scaffold=scaffold00019	strand=+
#
# Program:         hmmsearch
# Version:         3.1b2 (February 2015)
# Pipeline mode:   SEARCH
# Query file:      /export/home/bio1901/Documents/29_BINP/OrthoSearch/busco_downloads/lineages/plasmodium_odb10/hmms/4671at5820.hmm
# Target file:     Results/1_GeneSequences/PB.faa
# Option settings: /home/users/bio1901/miniconda3/envs/busco/bin/hmmsearch --domtblout /export/home/bio1901/Documents/29_BINP/OrthoSearch/PB/run_plasmodium_odb10/hmmer_output/4671at5820.out --cpu 1 /export/home/bio1901/Documents/29_BINP/OrthoSearch/busco_downloads/lineages/plasmodium_odb10/hmms/4671at5820.hmm Results/1_GeneSequences/PB.faa 
# Current dir:     /export/home/bio1901/Documents/29_BINP/OrthoSearch
# Date:            Sun Mar 15 18:04:20 2020
# [ok]
