#                                                                            --- full sequence --- -------------- this domain -------------   hmm coord   ali coord   env coord
# target name        accession   tlen query name           accession   qlen   E-value  score  bias   #  of  c-Evalue  i-Evalue  score  bias  from    to  from    to  from    to  acc description of target
#------------------- ---------- ----- -------------------- ---------- ----- --------- ------ ----- --- --- --------- --------- ------ ----- ----- ----- ----- ----- ----- ----- ---- ---------------------
2717_g               -           2247 467at5820            -           1530         0 1172.4 216.2   1  10   1.3e-30   5.4e-27   91.6  23.5   240   360   344   477   294   482 0.84 length=2247	scaffold=scaffold00630	strand=-	adjustedToFrame=2
2717_g               -           2247 467at5820            -           1530         0 1172.4 216.2   2  10     0.032   1.3e+02   -2.4   1.0   456   483   625   652   614   662 0.73 length=2247	scaffold=scaffold00630	strand=-	adjustedToFrame=2
2717_g               -           2247 467at5820            -           1530         0 1172.4 216.2   3  10   2.4e-52   9.5e-49  163.7  19.1   482   619   692   834   682   851 0.93 length=2247	scaffold=scaffold00630	strand=-	adjustedToFrame=2
2717_g               -           2247 467at5820            -           1530         0 1172.4 216.2   4  10   1.7e-51   6.7e-48  160.9  39.0   598   839   957  1231   943  1278 0.78 length=2247	scaffold=scaffold00630	strand=-	adjustedToFrame=2
2717_g               -           2247 467at5820            -           1530         0 1172.4 216.2   5  10   7.3e-17   2.9e-13   46.1   9.8   846   920  1291  1367  1233  1376 0.76 length=2247	scaffold=scaffold00630	strand=-	adjustedToFrame=2
2717_g               -           2247 467at5820            -           1530         0 1172.4 216.2   6  10   7.6e-10     3e-06   22.8   2.0   912   974  1383  1444  1380  1453 0.87 length=2247	scaffold=scaffold00630	strand=-	adjustedToFrame=2
2717_g               -           2247 467at5820            -           1530         0 1172.4 216.2   7  10   5.9e-60   2.3e-56  188.9  23.5   958  1126  1455  1644  1446  1669 0.81 length=2247	scaffold=scaffold00630	strand=-	adjustedToFrame=2
2717_g               -           2247 467at5820            -           1530         0 1172.4 216.2   8  10  1.6e-106  6.6e-103  343.2  21.0  1121  1325  1683  1888  1645  1916 0.89 length=2247	scaffold=scaffold00630	strand=-	adjustedToFrame=2
2717_g               -           2247 467at5820            -           1530         0 1172.4 216.2   9  10   3.8e-35   1.5e-31  106.7   1.9  1330  1446  1947  2067  1928  2077 0.88 length=2247	scaffold=scaffold00630	strand=-	adjustedToFrame=2
2717_g               -           2247 467at5820            -           1530         0 1172.4 216.2  10  10   2.4e-33   9.7e-30  100.7   4.4  1435  1527  2150  2243  2138  2246 0.93 length=2247	scaffold=scaffold00630	strand=-	adjustedToFrame=2
#
# Program:         hmmsearch
# Version:         3.1b2 (February 2015)
# Pipeline mode:   SEARCH
# Query file:      /export/home/bio1901/Documents/29_BINP/OrthoSearch/busco_downloads/lineages/plasmodium_odb10/hmms/467at5820.hmm
# Target file:     Results/1_GeneSequences/PB.faa
# Option settings: /home/users/bio1901/miniconda3/envs/busco/bin/hmmsearch --domtblout /export/home/bio1901/Documents/29_BINP/OrthoSearch/PB/run_plasmodium_odb10/hmmer_output/467at5820.out --cpu 1 /export/home/bio1901/Documents/29_BINP/OrthoSearch/busco_downloads/lineages/plasmodium_odb10/hmms/467at5820.hmm Results/1_GeneSequences/PB.faa 
# Current dir:     /export/home/bio1901/Documents/29_BINP/OrthoSearch
# Date:            Sun Mar 15 18:04:21 2020
# [ok]
