#                                                                            --- full sequence --- -------------- this domain -------------   hmm coord   ali coord   env coord
# target name        accession   tlen query name           accession   qlen   E-value  score  bias   #  of  c-Evalue  i-Evalue  score  bias  from    to  from    to  from    to  acc description of target
#------------------- ---------- ----- -------------------- ---------- ----- --------- ------ ----- --- --- --------- --------- ------ ----- ----- ----- ----- ----- ----- ----- ---- ---------------------
2333_g               -            473 4693at5820           -            548   2.9e-56  189.2  66.8   1   5   7.4e-16   7.4e-13   45.9   7.2     8    57     1    53     1    71 0.84 length=473	scaffold=scaffold00474	strand=+
2333_g               -            473 4693at5820           -            548   2.9e-56  189.2  66.8   2   5       0.3     3e+02   -2.3   0.8    56    83    90   122    73   133 0.56 length=473	scaffold=scaffold00474	strand=+
2333_g               -            473 4693at5820           -            548   2.9e-56  189.2  66.8   3   5   2.7e-17   2.7e-14   50.6  12.2    77   166   176   288   160   296 0.74 length=473	scaffold=scaffold00474	strand=+
2333_g               -            473 4693at5820           -            548   2.9e-56  189.2  66.8   4   5     3e-22     3e-19   67.0   4.7   163   230   323   393   306   398 0.87 length=473	scaffold=scaffold00474	strand=+
2333_g               -            473 4693at5820           -            548   2.9e-56  189.2  66.8   5   5   1.2e-16   1.2e-13   48.5  10.8   208   266   414   472   408   472 0.88 length=473	scaffold=scaffold00474	strand=+
2334_g               -            362 4693at5820           -            548   1.6e-46  157.0  42.7   1   2   0.00011      0.11    9.0   2.7   283   326     2    46     1    84 0.72 length=362	scaffold=scaffold00474	strand=+
2334_g               -            362 4693at5820           -            548   1.6e-46  157.0  42.7   2   2   1.9e-47   1.9e-44  150.1  32.1   328   525   111   343    96   348 0.83 length=362	scaffold=scaffold00474	strand=+
1615_g               -            484 4693at5820           -            548   3.2e-17   60.3  18.7   1   3   1.3e-13   1.3e-10   38.4   5.7    85   197    38   156     4   225 0.81 length=484	scaffold=scaffold00253	strand=-
1615_g               -            484 4693at5820           -            548   3.2e-17   60.3  18.7   2   3   0.00033      0.33    7.4   3.4   161   196   241   276   172   283 0.64 length=484	scaffold=scaffold00253	strand=-
1615_g               -            484 4693at5820           -            548   3.2e-17   60.3  18.7   3   3     8e-08     8e-05   19.4   1.1   116   245   305   446   300   451 0.74 length=484	scaffold=scaffold00253	strand=-
1314_g               -            508 4693at5820           -            548   1.4e-15   54.8  22.7   1   4       0.3     3e+02   -2.3   1.5   208   234    95   115    56   143 0.57 length=508	scaffold=scaffold00184	strand=+
1314_g               -            508 4693at5820           -            548   1.4e-15   54.8  22.7   2   4   1.3e-08   1.3e-05   22.0   1.9    83   193   124   242   112   248 0.72 length=508	scaffold=scaffold00184	strand=+
1314_g               -            508 4693at5820           -            548   1.4e-15   54.8  22.7   3   4   2.6e-12   2.6e-09   34.2   0.1   116   196   269   356   252   362 0.86 length=508	scaffold=scaffold00184	strand=+
1314_g               -            508 4693at5820           -            548   1.4e-15   54.8  22.7   4   4   1.6e-05     0.016   11.8   2.3   109   190   376   459   363   482 0.62 length=508	scaffold=scaffold00184	strand=+
#
# Program:         hmmsearch
# Version:         3.1b2 (February 2015)
# Pipeline mode:   SEARCH
# Query file:      /export/home/bio1901/Documents/29_BINP/OrthoSearch/busco_downloads/lineages/plasmodium_odb10/hmms/4693at5820.hmm
# Target file:     Results/1_GeneSequences/PB.faa
# Option settings: /home/users/bio1901/miniconda3/envs/busco/bin/hmmsearch --domtblout /export/home/bio1901/Documents/29_BINP/OrthoSearch/PB/run_plasmodium_odb10/hmmer_output/4693at5820.out --cpu 1 /export/home/bio1901/Documents/29_BINP/OrthoSearch/busco_downloads/lineages/plasmodium_odb10/hmms/4693at5820.hmm Results/1_GeneSequences/PB.faa 
# Current dir:     /export/home/bio1901/Documents/29_BINP/OrthoSearch
# Date:            Sun Mar 15 18:04:22 2020
# [ok]
