#                                                                            --- full sequence --- -------------- this domain -------------   hmm coord   ali coord   env coord
# target name        accession   tlen query name           accession   qlen   E-value  score  bias   #  of  c-Evalue  i-Evalue  score  bias  from    to  from    to  from    to  acc description of target
#------------------- ---------- ----- -------------------- ---------- ----- --------- ------ ----- --- --- --------- --------- ------ ----- ----- ----- ----- ----- ----- ----- ---- ---------------------
3272_g               -            938 4710at5820           -            709  1.4e-199  662.7 193.4   1   5   6.6e-19   1.6e-16   57.5   1.6    56   102   118   164    79   167 0.79 length=938	scaffold=scaffold00960	strand=+
3272_g               -            938 4710at5820           -            709  1.4e-199  662.7 193.4   2   5      0.72   1.8e+02   -2.2   1.8   338   350   169   181   163   194 0.29 length=938	scaffold=scaffold00960	strand=+
3272_g               -            938 4710at5820           -            709  1.4e-199  662.7 193.4   3   5   3.7e-64   9.2e-62  207.0  63.3   100   374   193   497   184   510 0.67 length=938	scaffold=scaffold00960	strand=+
3272_g               -            938 4710at5820           -            709  1.4e-199  662.7 193.4   4   5  1.6e-115    4e-113  376.8  98.2   279   636   475   833   472   851 0.86 length=938	scaffold=scaffold00960	strand=+
3272_g               -            938 4710at5820           -            709  1.4e-199  662.7 193.4   5   5   1.1e-17   2.6e-15   53.5   4.1   629   686   877   934   851   938 0.86 length=938	scaffold=scaffold00960	strand=+
2711_g               -            526 4710at5820           -            709   1.2e-05   21.6   0.3   1   2       2.1   5.3e+02   -3.7   0.2   486   506   263   283   255   317 0.55 length=526	scaffold=scaffold00628	strand=+
2711_g               -            526 4710at5820           -            709   1.2e-05   21.6   0.3   2   2   9.5e-08   2.4e-05   20.6   0.0   136   219   443   524   433   525 0.86 length=526	scaffold=scaffold00628	strand=+
3680_g               -            298 4710at5820           -            709   8.2e-05   18.8  44.2   1   1   3.6e-07   8.9e-05   18.7  44.2   259   388    55   183    22   277 0.65 length=298	scaffold=scaffold01284	strand=+
3527_g               -            158 4710at5820           -            709     0.033   10.2  47.0   1   1   0.00014     0.036   10.1  47.0   286   393    48   152    19   157 0.50 length=158	scaffold=scaffold01156	strand=-	adjustedToFrame=3
148_g                -            199 4710at5820           -            709     0.065    9.2  45.1   1   1    0.0003     0.076    9.0  45.1   248   371    71   193    32   198 0.40 length=199	scaffold=scaffold00009	strand=+
2517_g               -            112 4710at5820           -            709     0.081    8.9  32.0   1   1   0.00037     0.093    8.7  32.0   303   401     8   110     3   111 0.46 length=112	scaffold=scaffold00543	strand=+
4056_g               -            151 4710at5820           -            709      0.15    8.0  24.0   1   1   0.00073      0.18    7.7  24.0   281   353    49   121    37   146 0.37 length=151	scaffold=scaffold01646	strand=-
2737_g               -            434 4710at5820           -            709       0.2    7.6  26.2   1   1    0.0012      0.29    7.1  26.2   300   401    38   142    12   187 0.49 length=434	scaffold=scaffold00642	strand=+
370_g                -            157 4710at5820           -            709       0.5    6.3  43.3   1   1    0.0023      0.58    6.1  43.3   276   391    12   127     4   151 0.39 length=157	scaffold=scaffold00031	strand=-
2094_g               -            104 4710at5820           -            709      0.58    6.1  24.2   1   1    0.0024       0.6    6.0  24.2   338   390    45    97    23   103 0.36 length=104	scaffold=scaffold00390	strand=+
2532_g               -            149 4710at5820           -            709      0.59    6.0  26.0   1   1    0.0028      0.69    5.8  26.0   333   422     5   100     1   109 0.45 length=149	scaffold=scaffold00549	strand=+	adjustedToFrame=2
2214_g               -            136 4710at5820           -            709      0.72    5.8  36.8   1   1    0.0034      0.84    5.5  36.8   295   403     4   111     1   118 0.51 length=136	scaffold=scaffold00428	strand=-
1410_g               -            164 4710at5820           -            709       1.3    4.9  38.1   1   1    0.0063       1.6    4.6  38.1   284   388    13   115     2   147 0.35 length=164	scaffold=scaffold00206	strand=+
2946_g               -            158 4710at5820           -            709       1.9    4.4  53.9   1   1    0.0091       2.3    4.1  53.9   262   400    24   143     5   156 0.31 length=158	scaffold=scaffold00755	strand=+
3304_g               -            108 4710at5820           -            709       5.8    2.8  36.0   1   1     0.026       6.5    2.6  36.0   326   389     7    71     1   106 0.31 length=108	scaffold=scaffold00981	strand=-
1797_g               -            174 4710at5820           -            709       9.4    2.1  36.2   1   1     0.047        12    1.7  36.2   241   367    26   150    21   171 0.44 length=174	scaffold=scaffold00301	strand=-
#
# Program:         hmmsearch
# Version:         3.1b2 (February 2015)
# Pipeline mode:   SEARCH
# Query file:      /export/home/bio1901/Documents/29_BINP/OrthoSearch/busco_downloads/lineages/plasmodium_odb10/hmms/4710at5820.hmm
# Target file:     Results/1_GeneSequences/PB.faa
# Option settings: /home/users/bio1901/miniconda3/envs/busco/bin/hmmsearch --domtblout /export/home/bio1901/Documents/29_BINP/OrthoSearch/PB/run_plasmodium_odb10/hmmer_output/4710at5820.out --cpu 1 /export/home/bio1901/Documents/29_BINP/OrthoSearch/busco_downloads/lineages/plasmodium_odb10/hmms/4710at5820.hmm Results/1_GeneSequences/PB.faa 
# Current dir:     /export/home/bio1901/Documents/29_BINP/OrthoSearch
# Date:            Sun Mar 15 18:04:31 2020
# [ok]
