#                                                                            --- full sequence --- -------------- this domain -------------   hmm coord   ali coord   env coord
# target name        accession   tlen query name           accession   qlen   E-value  score  bias   #  of  c-Evalue  i-Evalue  score  bias  from    to  from    to  from    to  acc description of target
#------------------- ---------- ----- -------------------- ---------- ----- --------- ------ ----- --- --- --------- --------- ------ ----- ----- ----- ----- ----- ----- ----- ---- ---------------------
3130_g               -            544 4740at5820           -            449  4.5e-203  673.3  52.0   1   2   1.8e-83   1.8e-80  269.2  20.5    11   222    16   232     6   247 0.88 length=544	scaffold=scaffold00863	strand=+
3130_g               -            544 4740at5820           -            449  4.5e-203  673.3  52.0   2   2  2.9e-126  2.9e-123  410.2  23.5   192   448   254   520   246   521 0.89 length=544	scaffold=scaffold00863	strand=+
1314_g               -            508 4740at5820           -            449   3.8e-15   53.8  27.9   1   6     0.031        31    1.4   5.4   228   270   145   186    74   201 0.54 length=508	scaffold=scaffold00184	strand=+
1314_g               -            508 4740at5820           -            449   3.8e-15   53.8  27.9   2   6   2.8e-09   2.8e-06   24.6   0.1   219   264   193   238   186   257 0.76 length=508	scaffold=scaffold00184	strand=+
1314_g               -            508 4740at5820           -            449   3.8e-15   53.8  27.9   3   6   8.4e-05     0.084    9.9   0.1   234   272   267   305   250   312 0.84 length=508	scaffold=scaffold00184	strand=+
1314_g               -            508 4740at5820           -            449   3.8e-15   53.8  27.9   4   6   3.2e-07   0.00031   17.9   0.4    48    84   315   351   310   362 0.93 length=508	scaffold=scaffold00184	strand=+
1314_g               -            508 4740at5820           -            449   3.8e-15   53.8  27.9   5   6   1.7e-05     0.017   12.1   0.3    48    84   374   410   362   428 0.74 length=508	scaffold=scaffold00184	strand=+
1314_g               -            508 4740at5820           -            449   3.8e-15   53.8  27.9   6   6     0.036        36    1.2   0.1   393   412   444   463   423   483 0.58 length=508	scaffold=scaffold00184	strand=+
1615_g               -            484 4740at5820           -            449   3.3e-14   50.7  16.2   1   4    0.0023       2.3    5.1   0.1   154   188    72   106    63   115 0.72 length=484	scaffold=scaffold00253	strand=-
1615_g               -            484 4740at5820           -            449   3.3e-14   50.7  16.2   2   4   4.5e-05     0.045   10.8   2.5   237   321   123   206   115   218 0.75 length=484	scaffold=scaffold00253	strand=-
1615_g               -            484 4740at5820           -            449   3.3e-14   50.7  16.2   3   4   1.2e-05     0.012   12.7   0.6    16    82   206   269   196   282 0.61 length=484	scaffold=scaffold00253	strand=-
1615_g               -            484 4740at5820           -            449   3.3e-14   50.7  16.2   4   4   5.1e-11     5e-08   30.4   0.5   315   414   292   392   275   426 0.78 length=484	scaffold=scaffold00253	strand=-
2333_g               -            473 4740at5820           -            449   1.6e-09   35.3  19.6   1   3         4     4e+03  -18.1  24.1    87   216    15   146     2   183 0.59 length=473	scaffold=scaffold00474	strand=+
2333_g               -            473 4740at5820           -            449   1.6e-09   35.3  19.6   2   3   1.6e-12   1.6e-09   35.3  19.6   101   290   186   379   170   399 0.78 length=473	scaffold=scaffold00474	strand=+
2333_g               -            473 4740at5820           -            449   1.6e-09   35.3  19.6   3   3    0.0028       2.8    4.8   5.1    29    90   409   470   398   472 0.78 length=473	scaffold=scaffold00474	strand=+
#
# Program:         hmmsearch
# Version:         3.1b2 (February 2015)
# Pipeline mode:   SEARCH
# Query file:      /export/home/bio1901/Documents/29_BINP/OrthoSearch/busco_downloads/lineages/plasmodium_odb10/hmms/4740at5820.hmm
# Target file:     Results/1_GeneSequences/PB.faa
# Option settings: /home/users/bio1901/miniconda3/envs/busco/bin/hmmsearch --domtblout /export/home/bio1901/Documents/29_BINP/OrthoSearch/PB/run_plasmodium_odb10/hmmer_output/4740at5820.out --cpu 1 /export/home/bio1901/Documents/29_BINP/OrthoSearch/busco_downloads/lineages/plasmodium_odb10/hmms/4740at5820.hmm Results/1_GeneSequences/PB.faa 
# Current dir:     /export/home/bio1901/Documents/29_BINP/OrthoSearch
# Date:            Sun Mar 15 18:04:35 2020
# [ok]
