#                                                                            --- full sequence --- -------------- this domain -------------   hmm coord   ali coord   env coord
# target name        accession   tlen query name           accession   qlen   E-value  score  bias   #  of  c-Evalue  i-Evalue  score  bias  from    to  from    to  from    to  acc description of target
#------------------- ---------- ----- -------------------- ---------- ----- --------- ------ ----- --- --- --------- --------- ------ ----- ----- ----- ----- ----- ----- ----- ---- ---------------------
3362_g               -            624 4767at5820           -            494  3.8e-257  851.6  49.0   1   2     1e-29   2.8e-27   93.4  28.2     1   160    55   248    55   253 0.76 length=624	scaffold=scaffold01024	strand=-
3362_g               -            624 4767at5820           -            494  3.8e-257  851.6  49.0   2   2  4.5e-232  1.2e-229  760.9  13.7   128   470   266   609   243   612 0.96 length=624	scaffold=scaffold01024	strand=-
1980_g               -           1421 4767at5820           -            494   2.6e-25   86.8   4.6   1   4   2.9e-21   7.6e-19   65.5   1.7   178   302    29   153    14   162 0.92 length=1421	scaffold=scaffold00354	strand=-
1980_g               -           1421 4767at5820           -            494   2.6e-25   86.8   4.6   2   4   5.3e-11   1.4e-08   31.7   0.1   261   347   236   325   218   376 0.70 length=1421	scaffold=scaffold00354	strand=-
1980_g               -           1421 4767at5820           -            494   2.6e-25   86.8   4.6   3   4       1.2   3.2e+02   -2.5   0.1   244   263   561   580   543   643 0.68 length=1421	scaffold=scaffold00354	strand=-
1980_g               -           1421 4767at5820           -            494   2.6e-25   86.8   4.6   4   4       6.9   1.8e+03   -5.0   0.7    74   112  1070  1109  1033  1148 0.56 length=1421	scaffold=scaffold00354	strand=-
3772_g               -            363 4767at5820           -            494   3.1e-25   86.6   6.2   1   2   3.8e-17     1e-14   52.0   4.0   174   302    69   197    28   208 0.87 length=363	scaffold=scaffold01372	strand=-
3772_g               -            363 4767at5820           -            494   3.1e-25   86.6   6.2   2   2   4.5e-12   1.2e-09   35.2   0.0   189   333   209   360   197   362 0.85 length=363	scaffold=scaffold01372	strand=-
1355_g               -           1141 4767at5820           -            494     1e-24   84.9  33.7   1   3   2.6e-06   0.00068   16.2   1.6   181   292    16   127     6   130 0.64 length=1141	scaffold=scaffold00193	strand=+
1355_g               -           1141 4767at5820           -            494     1e-24   84.9  33.7   2   3   3.4e-13     9e-11   38.9   5.0   191   330    68   216    55   216 0.87 length=1141	scaffold=scaffold00193	strand=+
1355_g               -           1141 4767at5820           -            494     1e-24   84.9  33.7   3   3   1.7e-19   4.4e-17   59.7  11.7   178   379    97   308    92   365 0.81 length=1141	scaffold=scaffold00193	strand=+
3220_g               -            502 4767at5820           -            494   1.3e-20   71.3   8.5   1   3       0.8   2.1e+02   -1.9   0.5    74   116   131   173    92   211 0.51 length=502	scaffold=scaffold00926	strand=-
3220_g               -            502 4767at5820           -            494   1.3e-20   71.3   8.5   2   3   3.4e-15   9.1e-13   45.5   0.4   237   358   228   353   221   358 0.84 length=502	scaffold=scaffold00926	strand=-
3220_g               -            502 4767at5820           -            494   1.3e-20   71.3   8.5   3   3   1.9e-10     5e-08   29.9   0.0   196   334   359   498   354   500 0.88 length=502	scaffold=scaffold00926	strand=-
496_g                -            605 4767at5820           -            494     3e-17   60.3   0.1   1   4         4   1.1e+03   -4.2   6.2    53   105    83   137    57   203 0.73 length=605	scaffold=scaffold00046	strand=+
496_g                -            605 4767at5820           -            494     3e-17   60.3   0.1   2   4      0.65   1.7e+02   -1.6   0.0   194   243   264   317   257   336 0.66 length=605	scaffold=scaffold00046	strand=+
496_g                -            605 4767at5820           -            494     3e-17   60.3   0.1   3   4   1.1e-19     3e-17   60.3   0.1   213   376   374   540   368   571 0.87 length=605	scaffold=scaffold00046	strand=+
496_g                -            605 4767at5820           -            494     3e-17   60.3   0.1   4   4     0.008       2.1    4.7   0.2   185   245   516   576   503   592 0.76 length=605	scaffold=scaffold00046	strand=+
334_g                -            601 4767at5820           -            494   6.8e-16   55.8  10.6   1   2      0.15        41    0.5   1.7    30    86   214   273   196   283 0.74 length=601	scaffold=scaffold00027	strand=-
334_g                -            601 4767at5820           -            494   6.8e-16   55.8  10.6   2   2   2.5e-18   6.8e-16   55.8  10.6   197   432   329   567   322   599 0.84 length=601	scaffold=scaffold00027	strand=-
2370_g               -           1365 4767at5820           -            494   5.1e-15   52.9  14.2   1   6   1.4e-12   3.8e-10   36.9   4.1   199   355    35   210    13   230 0.77 length=1365	scaffold=scaffold00490	strand=-
2370_g               -           1365 4767at5820           -            494   5.1e-15   52.9  14.2   2   6       2.9   7.6e+02   -3.7   1.9    25    79   517   571   500   588 0.67 length=1365	scaffold=scaffold00490	strand=-
2370_g               -           1365 4767at5820           -            494   5.1e-15   52.9  14.2   3   6     0.036       9.6    2.5   1.5   205   253   595   644   573   658 0.79 length=1365	scaffold=scaffold00490	strand=-
2370_g               -           1365 4767at5820           -            494   5.1e-15   52.9  14.2   4   6     0.082        22    1.4   0.1   330   371   665   706   655   742 0.66 length=1365	scaffold=scaffold00490	strand=-
2370_g               -           1365 4767at5820           -            494   5.1e-15   52.9  14.2   5   6   7.3e-11   1.9e-08   31.2   2.4   194   335   780   921   718   928 0.89 length=1365	scaffold=scaffold00490	strand=-
2370_g               -           1365 4767at5820           -            494   5.1e-15   52.9  14.2   6   6       3.8     1e+03   -4.1   0.8    76   116   966  1010   955  1068 0.54 length=1365	scaffold=scaffold00490	strand=-
2322_g               -            439 4767at5820           -            494   1.6e-13   48.0   6.6   1   1   9.6e-16   2.6e-13   47.3   6.6   109   343    73   319    16   335 0.73 length=439	scaffold=scaffold00471	strand=+
3098_g               -            504 4767at5820           -            494   3.6e-13   46.8   5.3   1   3       2.9   7.8e+02   -3.8   0.0   376   402    13    38     9    41 0.81 length=504	scaffold=scaffold00846	strand=-
3098_g               -            504 4767at5820           -            494   3.6e-13   46.8   5.3   2   3   1.4e-15   3.6e-13   46.8   5.3   131   336    77   289    64   319 0.80 length=504	scaffold=scaffold00846	strand=-
3098_g               -            504 4767at5820           -            494   3.6e-13   46.8   5.3   3   3      0.49   1.3e+02   -1.2   0.0   408   471   365   426   351   442 0.43 length=504	scaffold=scaffold00846	strand=-
42_g                 -            534 4767at5820           -            494   9.9e-12   42.1  13.7   1   2     1e-11   2.7e-09   34.0   3.0   168   268    56   157    28   165 0.82 length=534	scaffold=scaffold00002	strand=-
42_g                 -            534 4767at5820           -            494   9.9e-12   42.1  13.7   2   2   6.2e-06    0.0016   15.0   0.6   201   292   347   440   329   458 0.59 length=534	scaffold=scaffold00002	strand=-
3672_g               -            522 4767at5820           -            494   5.9e-09   32.9  10.2   1   1   3.3e-11   8.7e-09   32.4  10.2   133   380   122   383    42   414 0.74 length=522	scaffold=scaffold01278	strand=-
3656_g               -           1262 4767at5820           -            494     2e-08   31.2   5.2   1   3      0.26        70   -0.3   0.3   130   170    50    93    12   152 0.79 length=1262	scaffold=scaffold01261	strand=-	adjustedToFrame=3
3656_g               -           1262 4767at5820           -            494     2e-08   31.2   5.2   2   3   3.3e-06   0.00087   15.9  26.2    50   288   736   968   702   976 0.79 length=1262	scaffold=scaffold01261	strand=-	adjustedToFrame=3
3656_g               -           1262 4767at5820           -            494     2e-08   31.2   5.2   3   3   7.5e-11     2e-08   31.2   5.2   183   336   992  1152   966  1175 0.75 length=1262	scaffold=scaffold01261	strand=-	adjustedToFrame=3
2983_g               -            732 4767at5820           -            494     1e-07   28.8   0.3   1   2   3.9e-10     1e-07   28.8   0.3   213   337    43   173    23   190 0.72 length=732	scaffold=scaffold00774	strand=-
2983_g               -            732 4767at5820           -            494     1e-07   28.8   0.3   2   2       2.4   6.3e+02   -3.5   1.0    86   116   592   622   508   632 0.61 length=732	scaffold=scaffold00774	strand=-
4136_g               -            212 4767at5820           -            494     0.003   14.1   0.6   1   2      0.59   1.6e+02   -1.5   0.0   116   153    80   120    47   124 0.65 length=212	scaffold=scaffold01857	strand=-	adjustedToFrame=2
4136_g               -            212 4767at5820           -            494     0.003   14.1   0.6   2   2   2.1e-05    0.0056   13.2   0.2   228   307   132   211   116   212 0.66 length=212	scaffold=scaffold01857	strand=-	adjustedToFrame=2
#
# Program:         hmmsearch
# Version:         3.1b2 (February 2015)
# Pipeline mode:   SEARCH
# Query file:      /export/home/bio1901/Documents/29_BINP/OrthoSearch/busco_downloads/lineages/plasmodium_odb10/hmms/4767at5820.hmm
# Target file:     Results/1_GeneSequences/PB.faa
# Option settings: /home/users/bio1901/miniconda3/envs/busco/bin/hmmsearch --domtblout /export/home/bio1901/Documents/29_BINP/OrthoSearch/PB/run_plasmodium_odb10/hmmer_output/4767at5820.out --cpu 1 /export/home/bio1901/Documents/29_BINP/OrthoSearch/busco_downloads/lineages/plasmodium_odb10/hmms/4767at5820.hmm Results/1_GeneSequences/PB.faa 
# Current dir:     /export/home/bio1901/Documents/29_BINP/OrthoSearch
# Date:            Sun Mar 15 18:04:36 2020
# [ok]
