#                                                                            --- full sequence --- -------------- this domain -------------   hmm coord   ali coord   env coord
# target name        accession   tlen query name           accession   qlen   E-value  score  bias   #  of  c-Evalue  i-Evalue  score  bias  from    to  from    to  from    to  acc description of target
#------------------- ---------- ----- -------------------- ---------- ----- --------- ------ ----- --- --- --------- --------- ------ ----- ----- ----- ----- ----- ----- ----- ---- ---------------------
980_g                -            533 4796at5820           -            494         0 1035.5  12.4   1   1         0         0 1035.3  12.4     1   494     8   529     8   529 0.98 length=533	scaffold=scaffold00116	strand=-
3991_g               -            538 4796at5820           -            494     4e-79  264.4  10.9   1   1   1.1e-81   5.3e-79  263.9  10.9    20   491    17   531     8   534 0.84 length=538	scaffold=scaffold01578	strand=-	adjustedToFrame=2
1006_g               -            536 4796at5820           -            494   6.3e-77  257.1  15.0   1   1   1.6e-79   7.9e-77  256.8  15.0    11   488    25   530    14   533 0.84 length=536	scaffold=scaffold00121	strand=-
1375_g               -            524 4796at5820           -            494   7.3e-69  230.5  16.7   1   1     2e-71   9.8e-69  230.1  16.7    10   489    12   522     6   523 0.84 length=524	scaffold=scaffold00199	strand=+	adjustedToFrame=2
1858_g               -            534 4796at5820           -            494   7.8e-69  230.4  12.0   1   1   2.4e-71   1.2e-68  229.8  12.0     1   488     5   519     5   523 0.84 length=534	scaffold=scaffold00318	strand=+
1599_g               -            546 4796at5820           -            494   8.9e-53  177.4  16.0   1   1   2.5e-55   1.2e-52  177.0  16.0     3   488    12   526    10   531 0.80 length=546	scaffold=scaffold00249	strand=-
1635_g               -            522 4796at5820           -            494   2.9e-31  106.5  21.5   1   1   8.2e-34   4.1e-31  106.0  21.5    25   491    15   506     4   509 0.81 length=522	scaffold=scaffold00258	strand=-	adjustedToFrame=3
520_g                -            546 4796at5820           -            494     4e-30  102.7   7.3   1   1   1.6e-31   7.7e-29   98.5   7.3    25   489    29   535     5   538 0.76 length=546	scaffold=scaffold00050	strand=-
#
# Program:         hmmsearch
# Version:         3.1b2 (February 2015)
# Pipeline mode:   SEARCH
# Query file:      /export/home/bio1901/Documents/29_BINP/OrthoSearch/busco_downloads/lineages/plasmodium_odb10/hmms/4796at5820.hmm
# Target file:     Results/1_GeneSequences/PB.faa
# Option settings: /home/users/bio1901/miniconda3/envs/busco/bin/hmmsearch --domtblout /export/home/bio1901/Documents/29_BINP/OrthoSearch/PB/run_plasmodium_odb10/hmmer_output/4796at5820.out --cpu 1 /export/home/bio1901/Documents/29_BINP/OrthoSearch/busco_downloads/lineages/plasmodium_odb10/hmms/4796at5820.hmm Results/1_GeneSequences/PB.faa 
# Current dir:     /export/home/bio1901/Documents/29_BINP/OrthoSearch
# Date:            Sun Mar 15 18:04:53 2020
# [ok]
