#                                                                            --- full sequence --- -------------- this domain -------------   hmm coord   ali coord   env coord
# target name        accession   tlen query name           accession   qlen   E-value  score  bias   #  of  c-Evalue  i-Evalue  score  bias  from    to  from    to  from    to  acc description of target
#------------------- ---------- ----- -------------------- ---------- ----- --------- ------ ----- --- --- --------- --------- ------ ----- ----- ----- ----- ----- ----- ----- ---- ---------------------
3049_g               -           1003 4834at5820           -            479  6.6e-190  629.6  23.7   1   5   8.8e-06     0.018   11.5   2.1     2    44     2    44     1    80 0.82 length=1003	scaffold=scaffold00816	strand=-
3049_g               -           1003 4834at5820           -            479  6.6e-190  629.6  23.7   2   5   7.6e-56   1.5e-52  176.6   8.9    44   192   108   258    62   273 0.84 length=1003	scaffold=scaffold00816	strand=-
3049_g               -           1003 4834at5820           -            479  6.6e-190  629.6  23.7   3   5         2     4e+03  -13.3  11.2    26    42   406   422   370   470 0.48 length=1003	scaffold=scaffold00816	strand=-
3049_g               -           1003 4834at5820           -            479  6.6e-190  629.6  23.7   4   5  3.2e-144  6.4e-141  468.0   6.8   186   455   547   822   537   841 0.95 length=1003	scaffold=scaffold00816	strand=-
3049_g               -           1003 4834at5820           -            479  6.6e-190  629.6  23.7   5   5   0.00081       1.6    5.0   0.2   449   478   971  1000   963  1001 0.85 length=1003	scaffold=scaffold00816	strand=-
3325_g               -            584 4834at5820           -            479   8.1e-41  137.9  12.9   1   3   2.2e-10   4.5e-07   26.7   0.0    86   160   124   198   116   220 0.89 length=584	scaffold=scaffold00996	strand=+
3325_g               -            584 4834at5820           -            479   8.1e-41  137.9  12.9   2   3   3.4e-08   6.9e-05   19.5   0.0   165   235   242   308   232   322 0.76 length=584	scaffold=scaffold00996	strand=+
3325_g               -            584 4834at5820           -            479   8.1e-41  137.9  12.9   3   3   6.7e-29   1.3e-25   87.7  11.6   235   425   358   575   334   579 0.73 length=584	scaffold=scaffold00996	strand=+
#
# Program:         hmmsearch
# Version:         3.1b2 (February 2015)
# Pipeline mode:   SEARCH
# Query file:      /export/home/bio1901/Documents/29_BINP/OrthoSearch/busco_downloads/lineages/plasmodium_odb10/hmms/4834at5820.hmm
# Target file:     Results/1_GeneSequences/PB.faa
# Option settings: /home/users/bio1901/miniconda3/envs/busco/bin/hmmsearch --domtblout /export/home/bio1901/Documents/29_BINP/OrthoSearch/PB/run_plasmodium_odb10/hmmer_output/4834at5820.out --cpu 1 /export/home/bio1901/Documents/29_BINP/OrthoSearch/busco_downloads/lineages/plasmodium_odb10/hmms/4834at5820.hmm Results/1_GeneSequences/PB.faa 
# Current dir:     /export/home/bio1901/Documents/29_BINP/OrthoSearch
# Date:            Sun Mar 15 18:04:56 2020
# [ok]
