#                                                                            --- full sequence --- -------------- this domain -------------   hmm coord   ali coord   env coord
# target name        accession   tlen query name           accession   qlen   E-value  score  bias   #  of  c-Evalue  i-Evalue  score  bias  from    to  from    to  from    to  acc description of target
#------------------- ---------- ----- -------------------- ---------- ----- --------- ------ ----- --- --- --------- --------- ------ ----- ----- ----- ----- ----- ----- ----- ---- ---------------------
3365_g               -            427 4841at5820           -            504   2.8e-30  103.3  20.5   1   1   3.5e-33   2.8e-30  103.3  20.5   245   494   152   407   109   414 0.82 length=427	scaffold=scaffold01026	strand=-
427_g                -            712 4841at5820           -            504   7.8e-29   98.6  30.3   1   2   0.00018      0.14    8.6   2.4     7   115    16   142    10   210 0.61 length=712	scaffold=scaffold00038	strand=-
427_g                -            712 4841at5820           -            504   7.8e-29   98.6  30.3   2   2   1.2e-28   9.6e-26   88.4  18.0   246   496   400   687   397   691 0.71 length=712	scaffold=scaffold00038	strand=-
2198_g               -            698 4841at5820           -            504   4.2e-14   50.0  15.9   1   3       1.5   1.2e+03   -4.3   5.6   358   396   211   248   162   289 0.55 length=698	scaffold=scaffold00423	strand=-
2198_g               -            698 4841at5820           -            504   4.2e-14   50.0  15.9   2   3   1.6e-09   1.3e-06   25.3   4.4   227   338   316   423   286   436 0.74 length=698	scaffold=scaffold00423	strand=-
2198_g               -            698 4841at5820           -            504   4.2e-14   50.0  15.9   3   3   1.1e-13   8.4e-11   39.1   3.7   363   485   421   528   402   537 0.79 length=698	scaffold=scaffold00423	strand=-
1332_g               -           1728 4841at5820           -            504   7.7e-10   35.9  19.0   1   4     0.038        30    1.0   0.4   236   267   380   403   328   461 0.68 length=1728	scaffold=scaffold00187	strand=+
1332_g               -           1728 4841at5820           -            504   7.7e-10   35.9  19.0   2   4   1.1e-07   8.7e-05   19.3   0.4   430   491   552   612   506   620 0.82 length=1728	scaffold=scaffold00187	strand=+
1332_g               -           1728 4841at5820           -            504   7.7e-10   35.9  19.0   3   4      0.06        47    0.3   0.3   248   304  1075  1134  1070  1165 0.75 length=1728	scaffold=scaffold00187	strand=+
1332_g               -           1728 4841at5820           -            504   7.7e-10   35.9  19.0   4   4   1.7e-09   1.4e-06   25.2   1.0   431   480  1249  1293  1219  1296 0.83 length=1728	scaffold=scaffold00187	strand=+
297_g                -            721 4841at5820           -            504   2.7e-08   30.8  19.6   1   4         5     4e+03  -24.4  28.6   294   356   244   300    91   386 0.64 length=721	scaffold=scaffold00022	strand=-
297_g                -            721 4841at5820           -            504   2.7e-08   30.8  19.6   2   4     3e-08   2.4e-05   21.1  10.9   218   320   430   533   404   556 0.66 length=721	scaffold=scaffold00022	strand=-
297_g                -            721 4841at5820           -            504   2.7e-08   30.8  19.6   3   4    0.0012      0.95    5.9   0.2   362   421   545   601   527   628 0.77 length=721	scaffold=scaffold00022	strand=-
297_g                -            721 4841at5820           -            504   2.7e-08   30.8  19.6   4   4   5.2e-09   4.1e-06   23.6   1.4   452   485   670   703   657   711 0.84 length=721	scaffold=scaffold00022	strand=-
#
# Program:         hmmsearch
# Version:         3.1b2 (February 2015)
# Pipeline mode:   SEARCH
# Query file:      /export/home/bio1901/Documents/29_BINP/OrthoSearch/busco_downloads/lineages/plasmodium_odb10/hmms/4841at5820.hmm
# Target file:     Results/1_GeneSequences/PB.faa
# Option settings: /home/users/bio1901/miniconda3/envs/busco/bin/hmmsearch --domtblout /export/home/bio1901/Documents/29_BINP/OrthoSearch/PB/run_plasmodium_odb10/hmmer_output/4841at5820.out --cpu 1 /export/home/bio1901/Documents/29_BINP/OrthoSearch/busco_downloads/lineages/plasmodium_odb10/hmms/4841at5820.hmm Results/1_GeneSequences/PB.faa 
# Current dir:     /export/home/bio1901/Documents/29_BINP/OrthoSearch
# Date:            Sun Mar 15 18:04:56 2020
# [ok]
