#                                                                            --- full sequence --- -------------- this domain -------------   hmm coord   ali coord   env coord
# target name        accession   tlen query name           accession   qlen   E-value  score  bias   #  of  c-Evalue  i-Evalue  score  bias  from    to  from    to  from    to  acc description of target
#------------------- ---------- ----- -------------------- ---------- ----- --------- ------ ----- --- --- --------- --------- ------ ----- ----- ----- ----- ----- ----- ----- ---- ---------------------
3015_g               -            760 4894at5820           -            462  2.9e-105  350.5  25.7   1   2       6.6   8.4e+02   -3.8   1.4   350   383    29    61    17    75 0.66 length=760	scaffold=scaffold00797	strand=-	adjustedToFrame=3
3015_g               -            760 4894at5820           -            462  2.9e-105  350.5  25.7   2   2  2.3e-107  2.9e-105  350.5  25.7    22   458   315   750   301   753 0.88 length=760	scaffold=scaffold00797	strand=-	adjustedToFrame=3
1961_g               -            485 4894at5820           -            462   3.4e-91  304.1  13.9   1   1   3.5e-93   4.5e-91  303.7  13.9    15   461    35   484    27   484 0.89 length=485	scaffold=scaffold00349	strand=-
2376_g               -            462 4894at5820           -            462   4.8e-87  290.4  12.8   1   1   5.3e-89   6.8e-87  289.9  12.8     7   389    71   448    65   455 0.91 length=462	scaffold=scaffold00492	strand=-
2611_g               -           1579 4894at5820           -            462   7.5e-59  197.5  22.3   1   1   5.8e-61   7.5e-59  197.5  22.3    22   424  1143  1534  1136  1569 0.88 length=1579	scaffold=scaffold00584	strand=-
2754_g               -           2003 4894at5820           -            462     2e-52  176.3   3.7   1   3     0.033       4.3    3.8   0.4   370   424    29    83    23   105 0.78 length=2003	scaffold=scaffold00652	strand=-	adjustedToFrame=3
2754_g               -           2003 4894at5820           -            462     2e-52  176.3   3.7   2   3      0.62        80   -0.4   1.4   344   386   461   506   454   517 0.74 length=2003	scaffold=scaffold00652	strand=-	adjustedToFrame=3
2754_g               -           2003 4894at5820           -            462     2e-52  176.3   3.7   3   3   1.6e-54     2e-52  176.3   3.7     7   277  1616  1894  1613  1906 0.89 length=2003	scaffold=scaffold00652	strand=-	adjustedToFrame=3
667_g                -            544 4894at5820           -            462   4.4e-50  168.6  12.3   1   1   4.7e-52   6.1e-50  168.1  12.3    23   421   116   529   108   541 0.82 length=544	scaffold=scaffold00069	strand=-
61_g                 -            877 4894at5820           -            462   1.7e-42  143.6   8.9   1   2   1.3e-44   1.7e-42  143.6   8.9     8   266   409   671   403   683 0.86 length=877	scaffold=scaffold00003	strand=+
61_g                 -            877 4894at5820           -            462   1.7e-42  143.6   8.9   2   2       4.5   5.7e+02   -3.3   0.2   368   445   746   821   740   838 0.54 length=877	scaffold=scaffold00003	strand=+
825_g                -            769 4894at5820           -            462   8.6e-40  134.6  11.4   1   1   6.7e-42   8.6e-40  134.6  11.4    18   263     9   256     3   272 0.87 length=769	scaffold=scaffold00092	strand=+
588_g                -            577 4894at5820           -            462   6.4e-38  128.5  13.1   1   1   1.2e-39   1.5e-37  127.2  13.1    19   282   282   551   272   571 0.81 length=577	scaffold=scaffold00058	strand=-
1282_g               -            569 4894at5820           -            462   6.9e-31  105.3   0.2   1   1   1.1e-32   1.5e-30  104.2   0.2    19   229   257   472   242   503 0.80 length=569	scaffold=scaffold00177	strand=+
2604_g               -           1027 4894at5820           -            462   1.3e-30  104.4   1.7   1   1   9.8e-33   1.3e-30  104.4   1.7    21   268   698   947   681   964 0.85 length=1027	scaffold=scaffold00578	strand=-	adjustedToFrame=2
3411_g               -            877 4894at5820           -            462   2.8e-28   96.7   0.1   1   2   1.1e-07   1.4e-05   21.9   0.1    19    77   383   447   372   451 0.75 length=877	scaffold=scaffold01062	strand=-	adjustedToFrame=2
3411_g               -            877 4894at5820           -            462   2.8e-28   96.7   0.1   2   2   8.7e-23   1.1e-20   71.6   0.0   106   223   596   714   579   737 0.90 length=877	scaffold=scaffold01062	strand=-	adjustedToFrame=2
574_g                -           1016 4894at5820           -            462   2.2e-26   90.5   0.5   1   1   3.1e-28     4e-26   89.6   0.5    12   309    54   385    45   440 0.81 length=1016	scaffold=scaffold00057	strand=-
1275_g               -            518 4894at5820           -            462     7e-26   88.8  15.5   1   2   6.4e-28   8.3e-26   88.5   9.8    16   222    21   240    10   343 0.79 length=518	scaffold=scaffold00176	strand=-
1275_g               -            518 4894at5820           -            462     7e-26   88.8  15.5   2   2       2.9   3.7e+02   -2.6   0.1   272   337   432   496   406   506 0.55 length=518	scaffold=scaffold00176	strand=-
1927_g               -            810 4894at5820           -            462   6.9e-24   82.2  26.3   1   2   8.3e-23   1.1e-20   71.7   8.4    35   147   289   407   267   455 0.80 length=810	scaffold=scaffold00339	strand=+
1927_g               -            810 4894at5820           -            462   6.9e-24   82.2  26.3   2   2   9.7e-09   1.2e-06   25.3   9.9   170   395   498   736   483   751 0.56 length=810	scaffold=scaffold00339	strand=+
3036_g               -           1000 4894at5820           -            462   1.8e-21   74.2   5.8   1   2   4.4e-23   5.7e-21   72.6   5.4    17   220   651   865   641   908 0.76 length=1000	scaffold=scaffold00809	strand=+	adjustedToFrame=2
3036_g               -           1000 4894at5820           -            462   1.8e-21   74.2   5.8   2   2       1.9   2.4e+02   -2.0   0.0   237   295   925   980   922   991 0.68 length=1000	scaffold=scaffold00809	strand=+	adjustedToFrame=2
4034_g               -            619 4894at5820           -            462   1.3e-20   71.4   4.5   1   1     1e-22   1.3e-20   71.4   4.5    24   198   373   564   359   574 0.81 length=619	scaffold=scaffold01621	strand=-	adjustedToFrame=3
159_g                -            313 4894at5820           -            462   6.7e-20   69.0   7.6   1   2   5.9e-20   7.6e-18   62.3   4.9    45   224    47   228    34   244 0.84 length=313	scaffold=scaffold00009	strand=-	adjustedToFrame=2
159_g                -            313 4894at5820           -            462   6.7e-20   69.0   7.6   2   2    0.0027      0.34    7.4   0.0   238   273   275   311   253   312 0.82 length=313	scaffold=scaffold00009	strand=-	adjustedToFrame=2
2390_g               -            587 4894at5820           -            462   1.2e-17   61.6  17.2   1   4         1   1.3e+02   -1.1   0.0    20    54    67   101    58   110 0.84 length=587	scaffold=scaffold00497	strand=+
2390_g               -            587 4894at5820           -            462   1.2e-17   61.6  17.2   2   4   1.1e-11   1.4e-09   35.0   6.9    49   160   222   332   203   350 0.87 length=587	scaffold=scaffold00497	strand=+
2390_g               -            587 4894at5820           -            462   1.2e-17   61.6  17.2   3   4   9.2e-05     0.012   12.2   0.4   134   191   409   468   397   480 0.76 length=587	scaffold=scaffold00497	strand=+
2390_g               -            587 4894at5820           -            462   1.2e-17   61.6  17.2   4   4     8e-07    0.0001   19.0   0.0   193   263   520   583   503   586 0.81 length=587	scaffold=scaffold00497	strand=+
1764_g               -            234 4894at5820           -            462     2e-17   60.9   0.3   1   1   2.3e-19     3e-17   60.3   0.3   139   269     1   138     1   225 0.90 length=234	scaffold=scaffold00292	strand=+	adjustedToFrame=2
2396_g               -            275 4894at5820           -            462     5e-16   56.3   8.8   1   1   4.8e-18   6.2e-16   56.0   8.8    55   237    67   244    36   269 0.83 length=275	scaffold=scaffold00499	strand=-
1688_g               -            647 4894at5820           -            462     1e-14   51.9   2.5   1   4       8.8   1.1e+03   -4.2   0.2    23    41    25    43    24    53 0.80 length=647	scaffold=scaffold00271	strand=-
1688_g               -            647 4894at5820           -            462     1e-14   51.9   2.5   2   4      0.16        21    1.5   0.0    58    82   112   137   107   146 0.84 length=647	scaffold=scaffold00271	strand=-
1688_g               -            647 4894at5820           -            462     1e-14   51.9   2.5   3   4   8.1e-17     1e-14   51.9   2.5    69   222   159   339   136   356 0.77 length=647	scaffold=scaffold00271	strand=-
1688_g               -            647 4894at5820           -            462     1e-14   51.9   2.5   4   4       1.2   1.5e+02   -1.4   0.1   237   267   386   417   370   426 0.78 length=647	scaffold=scaffold00271	strand=-
1507_g               -           1229 4894at5820           -            462   1.7e-14   51.2  17.6   1   1   1.3e-16   1.7e-14   51.2  15.5    24   279    15   281     6   295 0.71 length=1229	scaffold=scaffold00229	strand=-
109_g                -            145 4894at5820           -            462   2.7e-13   47.3   6.8   1   1   1.1e-14   1.4e-12   45.0   6.8   317   458    11   142     2   144 0.75 length=145	scaffold=scaffold00006	strand=-
3635_g               -            463 4894at5820           -            462   1.1e-12   45.3  15.7   1   1   8.3e-15   1.1e-12   45.3  15.7    15   169   269   431   262   458 0.78 length=463	scaffold=scaffold01242	strand=+
2556_g               -            656 4894at5820           -            462   6.7e-12   42.7  15.1   1   1   1.5e-13   1.9e-11   41.1  15.1    36   210   449   637   434   650 0.75 length=656	scaffold=scaffold00556	strand=+
2166_g               -            585 4894at5820           -            462   7.6e-10   35.9  11.6   1   3   4.9e-05    0.0063   13.1   0.3    22    78    39    95    25   112 0.72 length=585	scaffold=scaffold00414	strand=+
2166_g               -            585 4894at5820           -            462   7.6e-10   35.9  11.6   2   3   8.9e-07   0.00011   18.8   0.6   100   145   264   309   254   320 0.84 length=585	scaffold=scaffold00414	strand=+
2166_g               -            585 4894at5820           -            462   7.6e-10   35.9  11.6   3   3    0.0004     0.052   10.1   0.4   147   198   525   578   502   583 0.84 length=585	scaffold=scaffold00414	strand=+
2410_g               -            133 4894at5820           -            462   2.8e-08   30.7   0.1   1   1   2.2e-10   2.9e-08   30.7   0.1   138   257     4   120     1   132 0.73 length=133	scaffold=scaffold00503	strand=-
3519_g               -            151 4894at5820           -            462   2.8e-07   27.5  10.3   1   2     7e-08   9.1e-06   22.5   1.5   397   459    38   102    30   106 0.78 length=151	scaffold=scaffold01152	strand=+
3519_g               -            151 4894at5820           -            462   2.8e-07   27.5  10.3   2   2   5.2e-06   0.00067   16.3   2.0   362   422    75   136    67   143 0.84 length=151	scaffold=scaffold01152	strand=+
2345_g               -            307 4894at5820           -            462   4.1e-05   20.3  10.0   1   1     4e-07   5.2e-05   20.0  10.0    71   268    79   277    39   303 0.79 length=307	scaffold=scaffold00478	strand=+
1756_g               -            134 4894at5820           -            462    0.0021   14.7   8.2   1   1   1.8e-05    0.0023   14.5   8.2   298   401    19   121     4   128 0.84 length=134	scaffold=scaffold00289	strand=-
#
# Program:         hmmsearch
# Version:         3.1b2 (February 2015)
# Pipeline mode:   SEARCH
# Query file:      /export/home/bio1901/Documents/29_BINP/OrthoSearch/busco_downloads/lineages/plasmodium_odb10/hmms/4894at5820.hmm
# Target file:     Results/1_GeneSequences/PB.faa
# Option settings: /home/users/bio1901/miniconda3/envs/busco/bin/hmmsearch --domtblout /export/home/bio1901/Documents/29_BINP/OrthoSearch/PB/run_plasmodium_odb10/hmmer_output/4894at5820.out --cpu 1 /export/home/bio1901/Documents/29_BINP/OrthoSearch/busco_downloads/lineages/plasmodium_odb10/hmms/4894at5820.hmm Results/1_GeneSequences/PB.faa 
# Current dir:     /export/home/bio1901/Documents/29_BINP/OrthoSearch
# Date:            Sun Mar 15 18:05:37 2020
# [ok]
