#                                                                            --- full sequence --- -------------- this domain -------------   hmm coord   ali coord   env coord
# target name        accession   tlen query name           accession   qlen   E-value  score  bias   #  of  c-Evalue  i-Evalue  score  bias  from    to  from    to  from    to  acc description of target
#------------------- ---------- ----- -------------------- ---------- ----- --------- ------ ----- --- --- --------- --------- ------ ----- ----- ----- ----- ----- ----- ----- ---- ---------------------
394_g                -           6275 48at5820             -           4172         0 5979.2 477.2   1  10         0         0 1378.5  87.5     7   848   284  1239   278  1252 0.85 length=6275	scaffold=scaffold00034	strand=-
394_g                -           6275 48at5820             -           4172         0 5979.2 477.2   2  10   1.2e-35   4.9e-32  107.0  13.8   843   954  1300  1413  1279  1447 0.78 length=6275	scaffold=scaffold00034	strand=-
394_g                -           6275 48at5820             -           4172         0 5979.2 477.2   3  10   1.5e-54   5.9e-51  169.7  20.6   924  1066  1482  1627  1471  1661 0.77 length=6275	scaffold=scaffold00034	strand=-
394_g                -           6275 48at5820             -           4172         0 5979.2 477.2   4  10         0         0 1630.8 164.2  1067  2452  1749  3478  1733  3498 0.85 length=6275	scaffold=scaffold00034	strand=-
394_g                -           6275 48at5820             -           4172         0 5979.2 477.2   5  10   2.3e-49   9.2e-46  152.5  12.1  2453  2584  3525  3661  3507  3704 0.72 length=6275	scaffold=scaffold00034	strand=-
394_g                -           6275 48at5820             -           4172         0 5979.2 477.2   6  10    4e-165  1.6e-161  536.7  27.7  2543  3019  3706  4210  3696  4252 0.84 length=6275	scaffold=scaffold00034	strand=-
394_g                -           6275 48at5820             -           4172         0 5979.2 477.2   7  10  6.1e-162  2.4e-158  526.2  11.3  2999  3334  4248  4585  4218  4589 0.91 length=6275	scaffold=scaffold00034	strand=-
394_g                -           6275 48at5820             -           4172         0 5979.2 477.2   8  10         0         0 1534.7  54.1  3303  4168  4594  5566  4587  5569 0.90 length=6275	scaffold=scaffold00034	strand=-
394_g                -           6275 48at5820             -           4172         0 5979.2 477.2   9  10     0.045   1.8e+02   -4.5   3.7  1140  1222  5683  5768  5671  5774 0.70 length=6275	scaffold=scaffold00034	strand=-
394_g                -           6275 48at5820             -           4172         0 5979.2 477.2  10  10         1     4e+03   -9.4  11.4   229  2612  6168  6237  6124  6261 0.43 length=6275	scaffold=scaffold00034	strand=-
#
# Program:         hmmsearch
# Version:         3.1b2 (February 2015)
# Pipeline mode:   SEARCH
# Query file:      /export/home/bio1901/Documents/29_BINP/OrthoSearch/busco_downloads/lineages/plasmodium_odb10/hmms/48at5820.hmm
# Target file:     Results/1_GeneSequences/PB.faa
# Option settings: /home/users/bio1901/miniconda3/envs/busco/bin/hmmsearch --domtblout /export/home/bio1901/Documents/29_BINP/OrthoSearch/PB/run_plasmodium_odb10/hmmer_output/48at5820.out --cpu 1 /export/home/bio1901/Documents/29_BINP/OrthoSearch/busco_downloads/lineages/plasmodium_odb10/hmms/48at5820.hmm Results/1_GeneSequences/PB.faa 
# Current dir:     /export/home/bio1901/Documents/29_BINP/OrthoSearch
# Date:            Sun Mar 15 18:05:48 2020
# [ok]
