#                                                                            --- full sequence --- -------------- this domain -------------   hmm coord   ali coord   env coord
# target name        accession   tlen query name           accession   qlen   E-value  score  bias   #  of  c-Evalue  i-Evalue  score  bias  from    to  from    to  from    to  acc description of target
#------------------- ---------- ----- -------------------- ---------- ----- --------- ------ ----- --- --- --------- --------- ------ ----- ----- ----- ----- ----- ----- ----- ---- ---------------------
2237_g               -            965 4909at5820           -            586  3.5e-217  720.5 111.5   1   7   5.1e-14   2.6e-11   40.7   9.4     6    77    25   115    20   132 0.69 length=965	scaffold=scaffold00435	strand=-
2237_g               -            965 4909at5820           -            586  3.5e-217  720.5 111.5   2   7   9.4e-24   4.7e-21   72.8   7.0    65   138   133   205   125   212 0.86 length=965	scaffold=scaffold00435	strand=-
2237_g               -            965 4909at5820           -            586  3.5e-217  720.5 111.5   3   7  6.1e-107    3e-104  347.5  24.2   119   333   213   428   210   440 0.96 length=965	scaffold=scaffold00435	strand=-
2237_g               -            965 4909at5820           -            586  3.5e-217  720.5 111.5   4   7   6.2e-17   3.1e-14   50.3  14.2   311   412   436   541   431   627 0.79 length=965	scaffold=scaffold00435	strand=-
2237_g               -            965 4909at5820           -            586  3.5e-217  720.5 111.5   5   7    0.0045       2.2    4.5   5.5   393   423   628   658   624   777 0.62 length=965	scaffold=scaffold00435	strand=-
2237_g               -            965 4909at5820           -            586  3.5e-217  720.5 111.5   6   7   1.5e-48   7.6e-46  154.7   6.5   428   523   778   873   772   887 0.94 length=965	scaffold=scaffold00435	strand=-
2237_g               -            965 4909at5820           -            586  3.5e-217  720.5 111.5   7   7   3.2e-27   1.6e-24   84.3   0.7   515   586   893   964   878   964 0.90 length=965	scaffold=scaffold00435	strand=-
3267_g               -            249 4909at5820           -            586   2.4e-08   30.9   4.1   1   2       0.5   2.5e+02   -2.2   0.2   306   339    31    64    21    76 0.54 length=249	scaffold=scaffold00955	strand=-
3267_g               -            249 4909at5820           -            586   2.4e-08   30.9   4.1   2   2   4.8e-11   2.4e-08   30.9   4.1    71   141    94   159    87   181 0.74 length=249	scaffold=scaffold00955	strand=-
1082_g               -            248 4909at5820           -            586   5.2e-08   29.7   1.0   1   2   1.7e-09   8.7e-07   25.7   0.2    86   125     3    42     1    51 0.84 length=248	scaffold=scaffold00136	strand=+
1082_g               -            248 4909at5820           -            586   5.2e-08   29.7   1.0   2   2    0.0076       3.8    3.8   0.1   157   182    44    69    39    74 0.87 length=248	scaffold=scaffold00136	strand=+
721_g                -            127 4909at5820           -            586   1.3e-06   25.1   4.8   1   2   2.7e-09   1.3e-06   25.1   4.8    86   138     5    57     2    64 0.80 length=127	scaffold=scaffold00077	strand=-
721_g                -            127 4909at5820           -            586   1.3e-06   25.1   4.8   2   2     0.046        23    1.2   2.0    65    94    61    90    57   113 0.80 length=127	scaffold=scaffold00077	strand=-
747_g                -            281 4909at5820           -            586   1.1e-05   22.1   3.7   1   2   2.1e-08   1.1e-05   22.1   3.7    77   135    32    86     5   108 0.78 length=281	scaffold=scaffold00080	strand=-
747_g                -            281 4909at5820           -            586   1.1e-05   22.1   3.7   2   2         8     4e+03   -9.1  18.1    46   152   160   270   147   279 0.62 length=281	scaffold=scaffold00080	strand=-
3003_g               -            377 4909at5820           -            586   2.7e-05   20.8   1.1   1   2   2.5e-07   0.00012   18.6   0.3    86   122    39    75    34    85 0.90 length=377	scaffold=scaffold00786	strand=-
3003_g               -            377 4909at5820           -            586   2.7e-05   20.8   1.1   2   2     0.071        35    0.6   0.0   160   183    81   104    75   130 0.86 length=377	scaffold=scaffold00786	strand=-
1749_g               -            473 4909at5820           -            586    0.0018   14.7   0.0   1   3   3.7e-06    0.0018   14.7   0.0    91   122    10    41     6    76 0.94 length=473	scaffold=scaffold00287	strand=-
1749_g               -            473 4909at5820           -            586    0.0018   14.7   0.0   2   3     0.017       8.6    2.6  14.7   223   358   185   321   149   350 0.75 length=473	scaffold=scaffold00287	strand=-
1749_g               -            473 4909at5820           -            586    0.0018   14.7   0.0   3   3         8     4e+03   -7.9  11.8   306   337   430   461   391   468 0.71 length=473	scaffold=scaffold00287	strand=-
2296_g               -            416 4909at5820           -            586    0.0037   13.7   3.7   1   3   2.9e-05     0.014   11.8   0.3    89   121    22    54    17    83 0.85 length=416	scaffold=scaffold00459	strand=-
2296_g               -            416 4909at5820           -            586    0.0037   13.7   3.7   2   3      0.18        90   -0.8   0.0    24    65   159   200   155   219 0.83 length=416	scaffold=scaffold00459	strand=-
2296_g               -            416 4909at5820           -            586    0.0037   13.7   3.7   3   3      0.06        30    0.8   0.1   389   421   295   327   262   389 0.73 length=416	scaffold=scaffold00459	strand=-
#
# Program:         hmmsearch
# Version:         3.1b2 (February 2015)
# Pipeline mode:   SEARCH
# Query file:      /export/home/bio1901/Documents/29_BINP/OrthoSearch/busco_downloads/lineages/plasmodium_odb10/hmms/4909at5820.hmm
# Target file:     Results/1_GeneSequences/PB.faa
# Option settings: /home/users/bio1901/miniconda3/envs/busco/bin/hmmsearch --domtblout /export/home/bio1901/Documents/29_BINP/OrthoSearch/PB/run_plasmodium_odb10/hmmer_output/4909at5820.out --cpu 1 /export/home/bio1901/Documents/29_BINP/OrthoSearch/busco_downloads/lineages/plasmodium_odb10/hmms/4909at5820.hmm Results/1_GeneSequences/PB.faa 
# Current dir:     /export/home/bio1901/Documents/29_BINP/OrthoSearch
# Date:            Sun Mar 15 18:05:48 2020
# [ok]
