#                                                                            --- full sequence --- -------------- this domain -------------   hmm coord   ali coord   env coord
# target name        accession   tlen query name           accession   qlen   E-value  score  bias   #  of  c-Evalue  i-Evalue  score  bias  from    to  from    to  from    to  acc description of target
#------------------- ---------- ----- -------------------- ---------- ----- --------- ------ ----- --- --- --------- --------- ------ ----- ----- ----- ----- ----- ----- ----- ---- ---------------------
3447_g               -            801 4915at5820           -            487  6.3e-225  745.2  12.6   1   4   9.8e-05     0.098    9.0   9.5     1    69     1    73     1   113 0.70 length=801	scaffold=scaffold01090	strand=-
3447_g               -            801 4915at5820           -            487  6.3e-225  745.2  12.6   2   4         4     4e+03   -9.1  12.0    10    40   155   185   132   255 0.54 length=801	scaffold=scaffold01090	strand=-
3447_g               -            801 4915at5820           -            487  6.3e-225  745.2  12.6   3   4  6.4e-228  6.3e-225  745.2  12.6    59   487   283   711   226   711 0.96 length=801	scaffold=scaffold01090	strand=-
3447_g               -            801 4915at5820           -            487  6.3e-225  745.2  12.6   4   4      0.24   2.4e+02   -2.1   0.9   411   434   726   749   719   779 0.80 length=801	scaffold=scaffold01090	strand=-
2023_g               -            769 4915at5820           -            487   4.2e-58  195.0  24.1   1   3         4     4e+03  -11.4  18.2    12    68   149   205   142   217 0.61 length=769	scaffold=scaffold00367	strand=-
2023_g               -            769 4915at5820           -            487   4.2e-58  195.0  24.1   2   3   5.3e-17   5.3e-14   49.5   2.9    12   138   214   340   200   364 0.64 length=769	scaffold=scaffold00367	strand=-
2023_g               -            769 4915at5820           -            487   4.2e-58  195.0  24.1   3   3   1.7e-50   1.7e-47  160.0  13.5   155   477   400   717   382   724 0.88 length=769	scaffold=scaffold00367	strand=-
2022_g               -            580 4915at5820           -            487   2.5e-14   50.6  10.5   1   4   2.5e-17   2.5e-14   50.6  10.5    53   312     6   261     2   264 0.77 length=580	scaffold=scaffold00367	strand=-
2022_g               -            580 4915at5820           -            487   2.5e-14   50.6  10.5   2   4     0.025        25    1.1   1.8   345   418   264   340   261   402 0.64 length=580	scaffold=scaffold00367	strand=-
2022_g               -            580 4915at5820           -            487   2.5e-14   50.6  10.5   3   4         4     4e+03  -12.7  17.0    12    53   453   493   420   509 0.48 length=580	scaffold=scaffold00367	strand=-
2022_g               -            580 4915at5820           -            487   2.5e-14   50.6  10.5   4   4         4     4e+03  -10.2  20.8     8    55   510   556   495   572 0.54 length=580	scaffold=scaffold00367	strand=-
500_g                -            857 4915at5820           -            487   2.6e-13   47.2   0.5   1   3     3e-06     0.003   14.0   0.0   298   356     9    68     4    73 0.83 length=857	scaffold=scaffold00047	strand=-
500_g                -            857 4915at5820           -            487   2.6e-13   47.2   0.5   2   3   3.5e-11   3.5e-08   30.3   0.0   157   332    88   267    71   275 0.80 length=857	scaffold=scaffold00047	strand=-
500_g                -            857 4915at5820           -            487   2.6e-13   47.2   0.5   3   3      0.39   3.9e+02   -2.8   0.2    53   106   420   474   342   479 0.62 length=857	scaffold=scaffold00047	strand=-
#
# Program:         hmmsearch
# Version:         3.1b2 (February 2015)
# Pipeline mode:   SEARCH
# Query file:      /export/home/bio1901/Documents/29_BINP/OrthoSearch/busco_downloads/lineages/plasmodium_odb10/hmms/4915at5820.hmm
# Target file:     Results/1_GeneSequences/PB.faa
# Option settings: /home/users/bio1901/miniconda3/envs/busco/bin/hmmsearch --domtblout /export/home/bio1901/Documents/29_BINP/OrthoSearch/PB/run_plasmodium_odb10/hmmer_output/4915at5820.out --cpu 1 /export/home/bio1901/Documents/29_BINP/OrthoSearch/busco_downloads/lineages/plasmodium_odb10/hmms/4915at5820.hmm Results/1_GeneSequences/PB.faa 
# Current dir:     /export/home/bio1901/Documents/29_BINP/OrthoSearch
# Date:            Sun Mar 15 18:05:49 2020
# [ok]
