#                                                                            --- full sequence --- -------------- this domain -------------   hmm coord   ali coord   env coord
# target name        accession   tlen query name           accession   qlen   E-value  score  bias   #  of  c-Evalue  i-Evalue  score  bias  from    to  from    to  from    to  acc description of target
#------------------- ---------- ----- -------------------- ---------- ----- --------- ------ ----- --- --- --------- --------- ------ ----- ----- ----- ----- ----- ----- ----- ---- ---------------------
3015_g               -            760 4925at5820           -            472  1.4e-253  839.7  36.5   1   2   9.9e-10   1.1e-07   28.9   2.7     8    51   178   224   173   233 0.81 length=760	scaffold=scaffold00797	strand=-	adjustedToFrame=3
3015_g               -            760 4925at5820           -            472  1.4e-253  839.7  36.5   2   2  1.5e-248  1.6e-246  816.4  26.1    28   472   270   751   240   751 0.91 length=760	scaffold=scaffold00797	strand=-	adjustedToFrame=3
1961_g               -            485 4925at5820           -            472  3.2e-120  399.9  13.6   1   1  3.5e-122  3.9e-120  399.7  13.6    53   471    36   481    15   482 0.89 length=485	scaffold=scaffold00349	strand=-
2376_g               -            462 4925at5820           -            472     3e-99  330.8  12.5   1   1  3.7e-101   4.1e-99  330.3  12.5    57   402    84   449    64   459 0.90 length=462	scaffold=scaffold00492	strand=-
2611_g               -           1579 4925at5820           -            472   3.2e-57  192.2  25.2   1   1   2.9e-59   3.2e-57  192.2  25.2    55   436  1135  1534  1110  1560 0.84 length=1579	scaffold=scaffold00584	strand=-
2754_g               -           2003 4925at5820           -            472   5.8e-55  184.8   5.4   1   4   8.8e-05    0.0098   12.6   0.2   383   437    30    84    20    99 0.77 length=2003	scaffold=scaffold00652	strand=-	adjustedToFrame=3
2754_g               -           2003 4925at5820           -            472   5.8e-55  184.8   5.4   2   4       3.5   3.9e+02   -2.6   0.8   256   301  1005  1048  1000  1089 0.56 length=2003	scaffold=scaffold00652	strand=-	adjustedToFrame=3
2754_g               -           2003 4925at5820           -            472   5.8e-55  184.8   5.4   3   4       2.3   2.5e+02   -2.0   2.8   142   194  1515  1574  1355  1582 0.74 length=2003	scaffold=scaffold00652	strand=-	adjustedToFrame=3
2754_g               -           2003 4925at5820           -            472   5.8e-55  184.8   5.4   4   4   5.3e-57   5.8e-55  184.8   5.4    42   325  1614  1905  1579  1918 0.85 length=2003	scaffold=scaffold00652	strand=-	adjustedToFrame=3
61_g                 -            877 4925at5820           -            472   5.2e-50  168.4  10.4   1   2       6.7   7.5e+02   -3.5   0.1   141   162   242   261   189   271 0.63 length=877	scaffold=scaffold00003	strand=+
61_g                 -            877 4925at5820           -            472   5.2e-50  168.4  10.4   2   2   4.7e-52   5.2e-50  168.4  10.4    60   314   423   682   397   687 0.91 length=877	scaffold=scaffold00003	strand=+
667_g                -            544 4925at5820           -            472   3.5e-48  162.4   2.1   1   1   5.6e-50   6.2e-48  161.6   2.1    56   298   111   354    85   375 0.91 length=544	scaffold=scaffold00069	strand=-
825_g                -            769 4925at5820           -            472   3.1e-45  152.7  17.1   1   1   6.3e-47   6.9e-45  151.5  17.1    62   312    15   269     3   349 0.82 length=769	scaffold=scaffold00092	strand=+
2604_g               -           1027 4925at5820           -            472   4.3e-40  135.7   1.8   1   1   3.9e-42   4.3e-40  135.7   1.8    62   297   700   936   657   967 0.90 length=1027	scaffold=scaffold00578	strand=-	adjustedToFrame=2
1282_g               -            569 4925at5820           -            472   8.1e-40  134.8   0.1   1   2       1.8     2e+02   -1.6   0.7   263   347    84   117    69   153 0.48 length=569	scaffold=scaffold00177	strand=+
1282_g               -            569 4925at5820           -            472   8.1e-40  134.8   0.1   2   2   7.3e-42   8.1e-40  134.8   0.1    61   273   260   475   237   516 0.85 length=569	scaffold=scaffold00177	strand=+
588_g                -            577 4925at5820           -            472   1.2e-37  127.7  16.6   1   2       1.1   1.2e+02   -0.9   1.0    58   106    98   147    56   191 0.56 length=577	scaffold=scaffold00058	strand=-
588_g                -            577 4925at5820           -            472   1.2e-37  127.7  16.6   2   2   1.1e-39   1.2e-37  127.7  16.6    26   304   248   535   238   559 0.82 length=577	scaffold=scaffold00058	strand=-
1275_g               -            518 4925at5820           -            472   4.4e-31  106.0  11.9   1   2     4e-33   4.4e-31  106.0  11.9    56   303    24   282     6   360 0.80 length=518	scaffold=scaffold00176	strand=-
1275_g               -            518 4925at5820           -            472   4.4e-31  106.0  11.9   2   2       3.2   3.5e+02   -2.5   1.0    70    95   383   408   332   425 0.50 length=518	scaffold=scaffold00176	strand=-
4034_g               -            619 4925at5820           -            472   4.3e-29   99.5   2.9   1   1     1e-30   1.1e-28   98.1   2.9    54   236   364   563   335   574 0.84 length=619	scaffold=scaffold01621	strand=-	adjustedToFrame=3
1927_g               -            810 4925at5820           -            472   2.5e-28   96.9  18.5   1   3       8.9   9.8e+02   -3.9   4.8    24   291   109   140    90   184 0.46 length=810	scaffold=scaffold00339	strand=+
1927_g               -            810 4925at5820           -            472   2.5e-28   96.9  18.5   2   3     1e-21   1.1e-19   68.4   8.4    70   188   284   405   260   419 0.88 length=810	scaffold=scaffold00339	strand=+
1927_g               -            810 4925at5820           -            472   2.5e-28   96.9  18.5   3   3   5.1e-14   5.7e-12   43.0   2.4   209   307   497   606   490   638 0.75 length=810	scaffold=scaffold00339	strand=+
3774_g               -           1389 4925at5820           -            472   7.5e-26   88.8   7.1   1   2   6.8e-28   7.5e-26   88.8   7.1    59   299   254   495   226   534 0.85 length=1389	scaffold=scaffold01374	strand=-	adjustedToFrame=2
3774_g               -           1389 4925at5820           -            472   7.5e-26   88.8   7.1   2   2       2.8   3.1e+02   -2.3   1.0     5    48  1224  1267  1221  1309 0.75 length=1389	scaffold=scaffold01374	strand=-	adjustedToFrame=2
574_g                -           1016 4925at5820           -            472   2.7e-25   86.9   6.7   1   3   2.5e-27   2.7e-25   86.9   6.7    41   265    46   304    26   308 0.74 length=1016	scaffold=scaffold00057	strand=-
574_g                -           1016 4925at5820           -            472   2.7e-25   86.9   6.7   2   3       0.9     1e+02   -0.7   1.2    87   111   436   460   410   467 0.89 length=1016	scaffold=scaffold00057	strand=-
574_g                -           1016 4925at5820           -            472   2.7e-25   86.9   6.7   3   3       1.7   1.9e+02   -1.6   0.8    77   103   465   495   461   516 0.76 length=1016	scaffold=scaffold00057	strand=-
3036_g               -           1000 4925at5820           -            472   4.5e-25   86.2   3.8   1   1   8.4e-27   9.3e-25   85.2   3.8    61   256   656   861   634   871 0.81 length=1000	scaffold=scaffold00809	strand=+	adjustedToFrame=2
3411_g               -            877 4925at5820           -            472   4.7e-23   79.6   5.2   1   2   0.00012     0.013   12.2   0.1    33   120   361   447   330   457 0.75 length=877	scaffold=scaffold01062	strand=-	adjustedToFrame=2
3411_g               -            877 4925at5820           -            472   4.7e-23   79.6   5.2   2   2   6.6e-22   7.3e-20   69.0   0.0   145   263   591   714   577   722 0.87 length=877	scaffold=scaffold01062	strand=-	adjustedToFrame=2
109_g                -            145 4925at5820           -            472   1.7e-21   74.4   1.2   1   1   1.8e-23     2e-21   74.2   1.2   344   471    12   142     5   143 0.86 length=145	scaffold=scaffold00006	strand=-
159_g                -            313 4925at5820           -            472   2.3e-20   70.7   4.4   1   2   2.1e-22   2.3e-20   70.7   4.4   107   264    68   228    61   247 0.84 length=313	scaffold=scaffold00009	strand=-	adjustedToFrame=2
159_g                -            313 4925at5820           -            472   2.3e-20   70.7   4.4   2   2      0.71        78   -0.3   0.0   278   306   275   307   249   310 0.78 length=313	scaffold=scaffold00009	strand=-	adjustedToFrame=2
2390_g               -            587 4925at5820           -            472   6.8e-20   69.1  17.0   1   4       9.9   1.1e+03   -4.1   0.0   244   260    30    46    23    52 0.80 length=587	scaffold=scaffold00497	strand=+
2390_g               -            587 4925at5820           -            472   6.8e-20   69.1  17.0   2   4   6.1e-15   6.8e-13   46.1   6.4    76   210   204   336   148   342 0.81 length=587	scaffold=scaffold00497	strand=+
2390_g               -            587 4925at5820           -            472   6.8e-20   69.1  17.0   3   4    0.0048      0.53    6.8   0.1   190   233   425   470   404   481 0.83 length=587	scaffold=scaffold00497	strand=+
2390_g               -            587 4925at5820           -            472   6.8e-20   69.1  17.0   4   4   9.1e-08     1e-05   22.4   0.1   232   298   519   577   500   586 0.86 length=587	scaffold=scaffold00497	strand=+
2396_g               -            275 4925at5820           -            472   7.6e-20   69.0  11.2   1   1   8.2e-22     9e-20   68.7  11.2    85   299    54   270    19   274 0.84 length=275	scaffold=scaffold00499	strand=-
2951_g               -            907 4925at5820           -            472   1.2e-18   65.0   4.8   1   3       0.1        12    2.4   1.1   332   418    63   154    48   175 0.80 length=907	scaffold=scaffold00756	strand=+
2951_g               -            907 4925at5820           -            472   1.2e-18   65.0   4.8   2   3         4   4.4e+02   -2.8   0.2    35    80   346   393   333   440 0.72 length=907	scaffold=scaffold00756	strand=+
2951_g               -            907 4925at5820           -            472   1.2e-18   65.0   4.8   3   3   1.1e-20   1.2e-18   65.0   4.8    83   266   717   900   707   906 0.87 length=907	scaffold=scaffold00756	strand=+
1507_g               -           1229 4925at5820           -            472   1.3e-16   58.4  18.3   1   2   1.1e-18   1.3e-16   58.4  18.3    63   310    15   276    10   334 0.71 length=1229	scaffold=scaffold00229	strand=-
1507_g               -           1229 4925at5820           -            472   1.3e-16   58.4  18.3   2   2       2.9   3.2e+02   -2.3   1.5   416   454  1110  1150  1092  1160 0.75 length=1229	scaffold=scaffold00229	strand=-
1696_g               -            415 4925at5820           -            472   2.4e-15   54.2   3.2   1   1   4.2e-17   4.6e-15   53.2   3.2    62   229    70   245    45   259 0.73 length=415	scaffold=scaffold00273	strand=-
229_g                -           1128 4925at5820           -            472   2.8e-15   53.9  14.7   1   4   1.1e-15   1.2e-13   48.6   6.9    60   202   119   267    75   281 0.73 length=1128	scaffold=scaffold00016	strand=+
229_g                -           1128 4925at5820           -            472   2.8e-15   53.9  14.7   2   4    0.0039      0.43    7.1   0.0   206   244   297   337   290   351 0.83 length=1128	scaffold=scaffold00016	strand=+
229_g                -           1128 4925at5820           -            472   2.8e-15   53.9  14.7   3   4      0.37        41    0.6   0.0   273   303   421   451   407   466 0.85 length=1128	scaffold=scaffold00016	strand=+
229_g                -           1128 4925at5820           -            472   2.8e-15   53.9  14.7   4   4       8.1     9e+02   -3.8   0.5     3    43   577   618   576   634 0.67 length=1128	scaffold=scaffold00016	strand=+
1764_g               -            234 4925at5820           -            472   2.1e-13   47.7   0.7   1   1   1.9e-15   2.1e-13   47.7   0.2   191   296    13   124     1   163 0.75 length=234	scaffold=scaffold00292	strand=+	adjustedToFrame=2
3635_g               -            463 4925at5820           -            472   1.3e-12   45.2  18.9   1   1   1.8e-14     2e-12   44.5  18.9    52   200   266   421   228   452 0.78 length=463	scaffold=scaffold01242	strand=+
2556_g               -            656 4925at5820           -            472   1.2e-10   38.7  13.9   1   1     2e-12   2.3e-10   37.7  13.9    66   250   439   637   395   652 0.77 length=656	scaffold=scaffold00556	strand=+
2345_g               -            307 4925at5820           -            472   2.6e-09   34.2  11.4   1   1     3e-11   3.3e-09   33.9  11.4   113   305    78   277    33   303 0.79 length=307	scaffold=scaffold00478	strand=+
2410_g               -            133 4925at5820           -            472   3.4e-09   33.9   0.2   1   1     3e-11   3.4e-09   33.9   0.2   179   253     2    78     1   118 0.86 length=133	scaffold=scaffold00503	strand=-
2166_g               -            585 4925at5820           -            472   9.6e-09   32.4  14.3   1   3   0.00017     0.019   11.6   0.8    63   121    41    95    15   117 0.66 length=585	scaffold=scaffold00414	strand=+
2166_g               -            585 4925at5820           -            472   9.6e-09   32.4  14.3   2   3   8.9e-07   9.8e-05   19.1   2.2   140   204   261   331   223   341 0.70 length=585	scaffold=scaffold00414	strand=+
2166_g               -            585 4925at5820           -            472   9.6e-09   32.4  14.3   3   3    0.0011      0.13    8.9   0.2   190   238   528   578   516   583 0.88 length=585	scaffold=scaffold00414	strand=+
3519_g               -            151 4925at5820           -            472   4.6e-06   23.5   1.2   1   2   4.2e-08   4.6e-06   23.5   1.2   407   471    36   101    30   102 0.88 length=151	scaffold=scaffold01152	strand=+
3519_g               -            151 4925at5820           -            472   4.6e-06   23.5   1.2   2   2         1   1.1e+02   -0.8   0.1   413   435   115   137   108   150 0.63 length=151	scaffold=scaffold01152	strand=+
2238_g               -            136 4925at5820           -            472   0.00024   17.9   0.6   1   1   3.5e-06   0.00038   17.2   0.6   345   470     8   133     2   135 0.79 length=136	scaffold=scaffold00435	strand=-
2525_g               -            204 4925at5820           -            472    0.0083   12.8   0.6   1   1   8.4e-05    0.0093   12.6   0.6   389   467   123   198    77   202 0.78 length=204	scaffold=scaffold00546	strand=+
2859_g               -            154 4925at5820           -            472      0.01   12.5  11.9   1   1    0.0002     0.022   11.4  11.6   377   466    63   153    26   154 0.72 length=154	scaffold=scaffold00708	strand=+
#
# Program:         hmmsearch
# Version:         3.1b2 (February 2015)
# Pipeline mode:   SEARCH
# Query file:      /export/home/bio1901/Documents/29_BINP/OrthoSearch/busco_downloads/lineages/plasmodium_odb10/hmms/4925at5820.hmm
# Target file:     Results/1_GeneSequences/PB.faa
# Option settings: /home/users/bio1901/miniconda3/envs/busco/bin/hmmsearch --domtblout /export/home/bio1901/Documents/29_BINP/OrthoSearch/PB/run_plasmodium_odb10/hmmer_output/4925at5820.out --cpu 1 /export/home/bio1901/Documents/29_BINP/OrthoSearch/busco_downloads/lineages/plasmodium_odb10/hmms/4925at5820.hmm Results/1_GeneSequences/PB.faa 
# Current dir:     /export/home/bio1901/Documents/29_BINP/OrthoSearch
# Date:            Sun Mar 15 18:05:49 2020
# [ok]
