#                                                                            --- full sequence --- -------------- this domain -------------   hmm coord   ali coord   env coord
# target name        accession   tlen query name           accession   qlen   E-value  score  bias   #  of  c-Evalue  i-Evalue  score  bias  from    to  from    to  from    to  acc description of target
#------------------- ---------- ----- -------------------- ---------- ----- --------- ------ ----- --- --- --------- --------- ------ ----- ----- ----- ----- ----- ----- ----- ---- ---------------------
3673_g               -            728 4929at5820           -            584  6.5e-219  726.0  55.4   1   3     0.033        12    1.9  38.7     1   133     1   184     1   198 0.57 length=728	scaffold=scaffold01279	strand=+
3673_g               -            728 4929at5820           -            584  6.5e-219  726.0  55.4   2   3  5.7e-111  2.1e-108  361.1  37.4    45   353   236   531   234   532 0.87 length=728	scaffold=scaffold01279	strand=+
3673_g               -            728 4929at5820           -            584  6.5e-219  726.0  55.4   3   3  1.5e-116  5.4e-114  379.5  10.0   390   584   533   727   531   727 0.99 length=728	scaffold=scaffold01279	strand=+
1977_g               -           1131 4929at5820           -            584     4e-10   36.5   4.9   1   4       0.1        36    0.3   0.0   245   280   176   211   170   219 0.91 length=1131	scaffold=scaffold00353	strand=-
1977_g               -           1131 4929at5820           -            584     4e-10   36.5   4.9   2   4    0.0036       1.3    5.1   7.4   112   205   267   360   215   370 0.63 length=1131	scaffold=scaffold00353	strand=-
1977_g               -           1131 4929at5820           -            584     4e-10   36.5   4.9   3   4   1.1e-12     4e-10   36.5   4.9   286   387   513   613   503   625 0.93 length=1131	scaffold=scaffold00353	strand=-
1977_g               -           1131 4929at5820           -            584     4e-10   36.5   4.9   4   4         7   2.5e+03   -5.8   7.7    31    81   980  1024   969  1040 0.46 length=1131	scaffold=scaffold00353	strand=-
549_g                -            289 4929at5820           -            584     0.001   15.4   7.9   1   1   3.6e-06    0.0013   15.0   7.9    88   181   110   206    68   218 0.71 length=289	scaffold=scaffold00054	strand=+
2015_g               -            199 4929at5820           -            584      0.12    8.5  12.4   1   1   0.00038      0.14    8.3  12.4    39   136    97   192    38   197 0.70 length=199	scaffold=scaffold00365	strand=-
1410_g               -            164 4929at5820           -            584      0.18    8.0  22.2   1   1   0.00056       0.2    7.8  22.2    50   176     7   154     1   161 0.54 length=164	scaffold=scaffold00206	strand=+
3217_g               -            297 4929at5820           -            584      0.43    6.7  21.1   1   2    0.0049       1.8    4.7   0.9   112   176    10    78     2    88 0.70 length=297	scaffold=scaffold00924	strand=-	adjustedToFrame=2
3217_g               -            297 4929at5820           -            584      0.43    6.7  21.1   2   2   0.00091      0.33    7.1  13.3    78   146   139   208    93   262 0.54 length=297	scaffold=scaffold00924	strand=-	adjustedToFrame=2
3032_g               -            110 4929at5820           -            584      0.67    6.1  17.1   1   1    0.0019       0.7    6.0  17.1    53   129    34   106     7   109 0.36 length=110	scaffold=scaffold00806	strand=+
3297_g               -            301 4929at5820           -            584      0.76    5.9  18.5   1   1    0.0034       1.2    5.2  18.5    11   137   112   243   104   259 0.52 length=301	scaffold=scaffold00975	strand=-
2332_g               -            275 4929at5820           -            584       2.1    4.4  16.4   1   1    0.0078       2.8    4.0  16.4    30   168    18   163     3   168 0.55 length=275	scaffold=scaffold00473	strand=-
150_g                -            302 4929at5820           -            584       2.3    4.3  29.6   1   1    0.0089       3.2    3.8  29.6    15   142    60   189    48   207 0.52 length=302	scaffold=scaffold00009	strand=-
137_g                -            278 4929at5820           -            584         4    3.5  24.7   1   1      0.02       7.3    2.6  24.7    30   138   157   269   152   275 0.56 length=278	scaffold=scaffold00008	strand=-
#
# Program:         hmmsearch
# Version:         3.1b2 (February 2015)
# Pipeline mode:   SEARCH
# Query file:      /export/home/bio1901/Documents/29_BINP/OrthoSearch/busco_downloads/lineages/plasmodium_odb10/hmms/4929at5820.hmm
# Target file:     Results/1_GeneSequences/PB.faa
# Option settings: /home/users/bio1901/miniconda3/envs/busco/bin/hmmsearch --domtblout /export/home/bio1901/Documents/29_BINP/OrthoSearch/PB/run_plasmodium_odb10/hmmer_output/4929at5820.out --cpu 1 /export/home/bio1901/Documents/29_BINP/OrthoSearch/busco_downloads/lineages/plasmodium_odb10/hmms/4929at5820.hmm Results/1_GeneSequences/PB.faa 
# Current dir:     /export/home/bio1901/Documents/29_BINP/OrthoSearch
# Date:            Sun Mar 15 18:05:56 2020
# [ok]
