#                                                                            --- full sequence --- -------------- this domain -------------   hmm coord   ali coord   env coord
# target name        accession   tlen query name           accession   qlen   E-value  score  bias   #  of  c-Evalue  i-Evalue  score  bias  from    to  from    to  from    to  acc description of target
#------------------- ---------- ----- -------------------- ---------- ----- --------- ------ ----- --- --- --------- --------- ------ ----- ----- ----- ----- ----- ----- ----- ---- ---------------------
3152_g               -           1111 4970at5820           -            546   4.6e-40  135.6  28.4   1   4   2.4e-06    0.0048   13.4   9.8    12   167    46   204    40   238 0.85 length=1111	scaffold=scaffold00880	strand=+	adjustedToFrame=3
3152_g               -           1111 4970at5820           -            546   4.6e-40  135.6  28.4   2   4   1.7e-32   3.4e-29   99.7   1.2     5   201   472   684   468   747 0.82 length=1111	scaffold=scaffold00880	strand=+	adjustedToFrame=3
3152_g               -           1111 4970at5820           -            546   4.6e-40  135.6  28.4   3   4   7.6e-13   1.5e-09   34.9   0.4   288   363   871   948   851   970 0.86 length=1111	scaffold=scaffold00880	strand=+	adjustedToFrame=3
3152_g               -           1111 4970at5820           -            546   4.6e-40  135.6  28.4   4   4      0.51     1e+03   -4.2   0.1   460   495  1065  1101  1057  1103 0.72 length=1111	scaffold=scaffold00880	strand=+	adjustedToFrame=3
103_g                -            630 4970at5820           -            546   7.2e-13   45.8   9.2   1   4   3.4e-10   6.8e-07   26.1   0.2    16    88    90   162    79   168 0.89 length=630	scaffold=scaffold00005	strand=+
103_g                -            630 4970at5820           -            546   7.2e-13   45.8   9.2   2   4   1.1e-11   2.2e-08   31.0   4.2    71   167   172   272   159   279 0.82 length=630	scaffold=scaffold00005	strand=+
103_g                -            630 4970at5820           -            546   7.2e-13   45.8   9.2   3   4         2     4e+03   -8.1   7.2   425   471   370   415   321   466 0.61 length=630	scaffold=scaffold00005	strand=+
103_g                -            630 4970at5820           -            546   7.2e-13   45.8   9.2   4   4      0.29   5.7e+02   -3.4   1.6   225   225   552   552   503   614 0.48 length=630	scaffold=scaffold00005	strand=+
#
# Program:         hmmsearch
# Version:         3.1b2 (February 2015)
# Pipeline mode:   SEARCH
# Query file:      /export/home/bio1901/Documents/29_BINP/OrthoSearch/busco_downloads/lineages/plasmodium_odb10/hmms/4970at5820.hmm
# Target file:     Results/1_GeneSequences/PB.faa
# Option settings: /home/users/bio1901/miniconda3/envs/busco/bin/hmmsearch --domtblout /export/home/bio1901/Documents/29_BINP/OrthoSearch/PB/run_plasmodium_odb10/hmmer_output/4970at5820.out --cpu 1 /export/home/bio1901/Documents/29_BINP/OrthoSearch/busco_downloads/lineages/plasmodium_odb10/hmms/4970at5820.hmm Results/1_GeneSequences/PB.faa 
# Current dir:     /export/home/bio1901/Documents/29_BINP/OrthoSearch
# Date:            Sun Mar 15 18:06:01 2020
# [ok]
