#                                                                            --- full sequence --- -------------- this domain -------------   hmm coord   ali coord   env coord
# target name        accession   tlen query name           accession   qlen   E-value  score  bias   #  of  c-Evalue  i-Evalue  score  bias  from    to  from    to  from    to  acc description of target
#------------------- ---------- ----- -------------------- ---------- ----- --------- ------ ----- --- --- --------- --------- ------ ----- ----- ----- ----- ----- ----- ----- ---- ---------------------
3953_g               -            674 5031at5820           -            588    3e-219  727.2 107.1   1   5   7.2e-24   9.5e-21   71.7   1.5    42   108     8    75     1    79 0.75 length=674	scaffold=scaffold01536	strand=-	adjustedToFrame=3
3953_g               -            674 5031at5820           -            588    3e-219  727.2 107.1   2   5   2.2e-51     3e-48  162.5  15.2   102   208    91   197    78   203 0.94 length=674	scaffold=scaffold01536	strand=-	adjustedToFrame=3
3953_g               -            674 5031at5820           -            588    3e-219  727.2 107.1   3   5   2.1e-54   2.8e-51  172.5  12.7   201   321   212   331   202   355 0.87 length=674	scaffold=scaffold01536	strand=-	adjustedToFrame=3
3953_g               -            674 5031at5820           -            588    3e-219  727.2 107.1   4   5         3     4e+03  -12.2  22.3    11    67   359   409   346   419 0.34 length=674	scaffold=scaffold01536	strand=-	adjustedToFrame=3
3953_g               -            674 5031at5820           -            588    3e-219  727.2 107.1   5   5  3.4e-110  4.5e-107  356.8  26.0   335   588   416   673   410   673 0.94 length=674	scaffold=scaffold01536	strand=-	adjustedToFrame=3
1845_g               -            891 5031at5820           -            588   2.7e-92  307.9  24.0   1   2   2.8e-55   3.7e-52  175.4  13.0    54   297   209   454   169   462 0.87 length=891	scaffold=scaffold00315	strand=+
1845_g               -            891 5031at5820           -            588   2.7e-92  307.9  24.0   2   2   5.1e-44   6.8e-41  138.2   3.0   340   560   466   691   456   707 0.91 length=891	scaffold=scaffold00315	strand=+
3304_g               -            108 5031at5820           -            588       1.7    4.8  14.4   1   1    0.0016       2.1    4.5  14.4    13    75    22    86     6    90 0.31 length=108	scaffold=scaffold00981	strand=-
#
# Program:         hmmsearch
# Version:         3.1b2 (February 2015)
# Pipeline mode:   SEARCH
# Query file:      /export/home/bio1901/Documents/29_BINP/OrthoSearch/busco_downloads/lineages/plasmodium_odb10/hmms/5031at5820.hmm
# Target file:     Results/1_GeneSequences/PB.faa
# Option settings: /home/users/bio1901/miniconda3/envs/busco/bin/hmmsearch --domtblout /export/home/bio1901/Documents/29_BINP/OrthoSearch/PB/run_plasmodium_odb10/hmmer_output/5031at5820.out --cpu 1 /export/home/bio1901/Documents/29_BINP/OrthoSearch/busco_downloads/lineages/plasmodium_odb10/hmms/5031at5820.hmm Results/1_GeneSequences/PB.faa 
# Current dir:     /export/home/bio1901/Documents/29_BINP/OrthoSearch
# Date:            Sun Mar 15 18:06:25 2020
# [ok]
