#                                                                            --- full sequence --- -------------- this domain -------------   hmm coord   ali coord   env coord
# target name        accession   tlen query name           accession   qlen   E-value  score  bias   #  of  c-Evalue  i-Evalue  score  bias  from    to  from    to  from    to  acc description of target
#------------------- ---------- ----- -------------------- ---------- ----- --------- ------ ----- --- --- --------- --------- ------ ----- ----- ----- ----- ----- ----- ----- ---- ---------------------
911_g                -            714 5032at5820           -            389  2.1e-107  357.3  91.2   1   7   6.5e-24   1.3e-20   71.6  12.5     1    89     1   106     1   112 0.76 length=714	scaffold=scaffold00105	strand=+
911_g                -            714 5032at5820           -            389  2.1e-107  357.3  91.2   2   7   3.9e-36   7.7e-33  111.8  13.1    73   150   118   195   109   252 0.78 length=714	scaffold=scaffold00105	strand=+
911_g                -            714 5032at5820           -            389  2.1e-107  357.3  91.2   3   7     0.095   1.9e+02   -1.4   1.3   281   332   198   251   194   277 0.54 length=714	scaffold=scaffold00105	strand=+
911_g                -            714 5032at5820           -            389  2.1e-107  357.3  91.2   4   7   3.4e-14   6.9e-11   39.5   1.8   149   208   281   340   266   369 0.84 length=714	scaffold=scaffold00105	strand=+
911_g                -            714 5032at5820           -            389  2.1e-107  357.3  91.2   5   7   1.2e-07   0.00024   18.0   0.5   191   228   372   408   358   414 0.73 length=714	scaffold=scaffold00105	strand=+
911_g                -            714 5032at5820           -            389  2.1e-107  357.3  91.2   6   7   1.1e-31   2.1e-28   97.2  22.4   215   339   440   581   426   611 0.79 length=714	scaffold=scaffold00105	strand=+
911_g                -            714 5032at5820           -            389  2.1e-107  357.3  91.2   7   7   8.6e-15   1.7e-11   41.5   2.5   339   388   663   712   627   713 0.71 length=714	scaffold=scaffold00105	strand=+
1357_g               -            150 5032at5820           -            389       4.1    4.1  41.0   1   1         2     4e+03  -18.2  41.0   296   351    57    91    14   141 0.34 length=150	scaffold=scaffold00193	strand=+
#
# Program:         hmmsearch
# Version:         3.1b2 (February 2015)
# Pipeline mode:   SEARCH
# Query file:      /export/home/bio1901/Documents/29_BINP/OrthoSearch/busco_downloads/lineages/plasmodium_odb10/hmms/5032at5820.hmm
# Target file:     Results/1_GeneSequences/PB.faa
# Option settings: /home/users/bio1901/miniconda3/envs/busco/bin/hmmsearch --domtblout /export/home/bio1901/Documents/29_BINP/OrthoSearch/PB/run_plasmodium_odb10/hmmer_output/5032at5820.out --cpu 1 /export/home/bio1901/Documents/29_BINP/OrthoSearch/busco_downloads/lineages/plasmodium_odb10/hmms/5032at5820.hmm Results/1_GeneSequences/PB.faa 
# Current dir:     /export/home/bio1901/Documents/29_BINP/OrthoSearch
# Date:            Sun Mar 15 18:06:25 2020
# [ok]
