#                                                                            --- full sequence --- -------------- this domain -------------   hmm coord   ali coord   env coord
# target name        accession   tlen query name           accession   qlen   E-value  score  bias   #  of  c-Evalue  i-Evalue  score  bias  from    to  from    to  from    to  acc description of target
#------------------- ---------- ----- -------------------- ---------- ----- --------- ------ ----- --- --- --------- --------- ------ ----- ----- ----- ----- ----- ----- ----- ---- ---------------------
1129_g               -           1003 5037at5820           -            422   7.6e-51  171.1  94.3   1   6     1e-15   8.3e-13   45.8  16.5   284   403    76   194    70   199 0.89 length=1003	scaffold=scaffold00148	strand=+
1129_g               -           1003 5037at5820           -            422   7.6e-51  171.1  94.3   2   6   2.6e-20   2.1e-17   60.9  18.2   225   396   196   376   194   386 0.79 length=1003	scaffold=scaffold00148	strand=+
1129_g               -           1003 5037at5820           -            422   7.6e-51  171.1  94.3   3   6   8.4e-12   6.7e-09   32.9   9.2   263   382   545   678   531   682 0.74 length=1003	scaffold=scaffold00148	strand=+
1129_g               -           1003 5037at5820           -            422   7.6e-51  171.1  94.3   4   6   7.2e-13   5.7e-10   36.4   7.3   260   361   624   723   619   740 0.86 length=1003	scaffold=scaffold00148	strand=+
1129_g               -           1003 5037at5820           -            422   7.6e-51  171.1  94.3   5   6   3.5e-10   2.8e-07   27.6  14.2   253   361   765   868   744   878 0.89 length=1003	scaffold=scaffold00148	strand=+
1129_g               -           1003 5037at5820           -            422   7.6e-51  171.1  94.3   6   6   8.5e-06    0.0068   13.1   0.2   232   281   911   959   901   977 0.79 length=1003	scaffold=scaffold00148	strand=+
2994_g               -            514 5037at5820           -            422   4.6e-33  112.5  39.0   1   4   0.00073      0.58    6.8   0.4   340   360   153   173   148   181 0.74 length=514	scaffold=scaffold00781	strand=+
2994_g               -            514 5037at5820           -            422   4.6e-33  112.5  39.0   2   4   9.2e-20   7.4e-17   59.1  20.8   231   403   167   349   164   351 0.73 length=514	scaffold=scaffold00781	strand=+
2994_g               -            514 5037at5820           -            422   4.6e-33  112.5  39.0   3   4   3.7e-11     3e-08   30.8  11.3   296   405   303   416   295   422 0.82 length=514	scaffold=scaffold00781	strand=+
2994_g               -            514 5037at5820           -            422   4.6e-33  112.5  39.0   4   4   2.7e-09   2.1e-06   24.7   0.3   111   172   418   482   415   503 0.82 length=514	scaffold=scaffold00781	strand=+
3689_g               -            495 5037at5820           -            422   3.2e-28   96.6  53.3   1   5   2.9e-11   2.3e-08   31.2   8.1   342   410    86   158    46   161 0.84 length=495	scaffold=scaffold01292	strand=-
3689_g               -            495 5037at5820           -            422   3.2e-28   96.6  53.3   2   5   3.4e-10   2.7e-07   27.6   6.7   282   361   160   239   156   243 0.84 length=495	scaffold=scaffold01292	strand=-
3689_g               -            495 5037at5820           -            422   3.2e-28   96.6  53.3   3   5   3.5e-11   2.8e-08   30.9   6.4   125   194   241   308   231   310 0.85 length=495	scaffold=scaffold01292	strand=-
3689_g               -            495 5037at5820           -            422   3.2e-28   96.6  53.3   4   5   1.9e-09   1.5e-06   25.1   4.1   298   366   304   370   302   402 0.81 length=495	scaffold=scaffold01292	strand=-
3689_g               -            495 5037at5820           -            422   3.2e-28   96.6  53.3   5   5     0.001       0.8    6.3   1.8   235   276   402   442   381   480 0.71 length=495	scaffold=scaffold01292	strand=-
1007_g               -            403 5037at5820           -            422   1.6e-17   61.3  19.4   1   2   4.6e-06    0.0037   14.0   5.4   344   406   252   315   204   322 0.81 length=403	scaffold=scaffold00121	strand=-
1007_g               -            403 5037at5820           -            422   1.6e-17   61.3  19.4   2   2   3.9e-20   3.1e-17   60.4  18.8   225   369   256   399   251   401 0.85 length=403	scaffold=scaffold00121	strand=-
3595_g               -            256 5037at5820           -            422   4.5e-14   50.0  11.8   1   2   2.7e-14   2.2e-11   41.1   8.4    13   194     3   186     1   187 0.80 length=256	scaffold=scaffold01210	strand=-
3595_g               -            256 5037at5820           -            422   4.5e-14   50.0  11.8   2   2   4.5e-07   0.00036   17.3   0.1   289   342   173   224   169   242 0.84 length=256	scaffold=scaffold01210	strand=-
#
# Program:         hmmsearch
# Version:         3.1b2 (February 2015)
# Pipeline mode:   SEARCH
# Query file:      /export/home/bio1901/Documents/29_BINP/OrthoSearch/busco_downloads/lineages/plasmodium_odb10/hmms/5037at5820.hmm
# Target file:     Results/1_GeneSequences/PB.faa
# Option settings: /home/users/bio1901/miniconda3/envs/busco/bin/hmmsearch --domtblout /export/home/bio1901/Documents/29_BINP/OrthoSearch/PB/run_plasmodium_odb10/hmmer_output/5037at5820.out --cpu 1 /export/home/bio1901/Documents/29_BINP/OrthoSearch/busco_downloads/lineages/plasmodium_odb10/hmms/5037at5820.hmm Results/1_GeneSequences/PB.faa 
# Current dir:     /export/home/bio1901/Documents/29_BINP/OrthoSearch
# Date:            Sun Mar 15 18:06:26 2020
# [ok]
