#                                                                            --- full sequence --- -------------- this domain -------------   hmm coord   ali coord   env coord
# target name        accession   tlen query name           accession   qlen   E-value  score  bias   #  of  c-Evalue  i-Evalue  score  bias  from    to  from    to  from    to  acc description of target
#------------------- ---------- ----- -------------------- ---------- ----- --------- ------ ----- --- --- --------- --------- ------ ----- ----- ----- ----- ----- ----- ----- ---- ---------------------
3118_g               -            750 5085at5820           -            546  3.2e-201  667.5  98.0   1   5   1.6e-14     5e-12   43.0  27.6     5   131   137   278   132   287 0.73 length=750	scaffold=scaffold00857	strand=+
3118_g               -            750 5085at5820           -            546  3.2e-201  667.5  98.0   2   5   2.9e-10   8.8e-08   29.0   7.6    61   136   287   362   271   368 0.67 length=750	scaffold=scaffold00857	strand=+
3118_g               -            750 5085at5820           -            546  3.2e-201  667.5  98.0   3   5     2e-83   6.2e-81  270.5  26.0   113   303   368   575   360   575 0.88 length=750	scaffold=scaffold00857	strand=+
3118_g               -            750 5085at5820           -            546  3.2e-201  667.5  98.0   4   5     4e-48   1.2e-45  154.0   0.1   340   414   574   648   572   648 0.99 length=750	scaffold=scaffold00857	strand=+
3118_g               -            750 5085at5820           -            546  3.2e-201  667.5  98.0   5   5   4.1e-61   1.3e-58  196.8   0.5   446   545   649   748   649   749 0.99 length=750	scaffold=scaffold00857	strand=+
1275_g               -            518 5085at5820           -            546   3.6e-25   86.4   4.4   1   2   1.2e-27   3.6e-25   86.4   4.4   206   437    19   252     8   262 0.83 length=518	scaffold=scaffold00176	strand=-
1275_g               -            518 5085at5820           -            546   3.6e-25   86.4   4.4   2   2   0.00014     0.043   10.2   0.1   501   535   280   314   267   321 0.87 length=518	scaffold=scaffold00176	strand=-
1696_g               -            415 5085at5820           -            546   1.5e-19   67.8   2.5   1   2     5e-22   1.5e-19   67.8   2.5   215   390    68   244    23   263 0.83 length=415	scaffold=scaffold00273	strand=-
1696_g               -            415 5085at5820           -            546   1.5e-19   67.8   2.5   2   2       6.6     2e+03   -5.2   4.7    98    98   337   337   283   408 0.57 length=415	scaffold=scaffold00273	strand=-
1961_g               -            485 5085at5820           -            546   1.6e-18   64.4   3.2   1   3   4.6e-18   1.4e-15   54.8   0.0   207   434    35   256    17   265 0.82 length=485	scaffold=scaffold00349	strand=-
1961_g               -            485 5085at5820           -            546   1.6e-18   64.4   3.2   2   3   0.00013     0.039   10.4   0.0   501   535   262   296   257   301 0.86 length=485	scaffold=scaffold00349	strand=-
1961_g               -            485 5085at5820           -            546   1.6e-18   64.4   3.2   3   3       1.2   3.6e+02   -2.7   0.3   142   162   448   468   421   477 0.69 length=485	scaffold=scaffold00349	strand=-
2376_g               -            462 5085at5820           -            546   1.5e-16   57.9   8.7   1   2   3.9e-18   1.2e-15   55.0   6.7   210   425    82   291     5   301 0.81 length=462	scaffold=scaffold00492	strand=-
2376_g               -            462 5085at5820           -            546   1.5e-16   57.9   8.7   2   2     0.071        22    1.3   0.0   508   539   311   342   303   348 0.85 length=462	scaffold=scaffold00492	strand=-
159_g                -            313 5085at5820           -            546     8e-16   55.6   3.4   1   3     0.043        13    2.0   0.1   209   259    42    92     9   105 0.72 length=313	scaffold=scaffold00009	strand=-	adjustedToFrame=2
159_g                -            313 5085at5820           -            546     8e-16   55.6   3.4   2   3   1.1e-12   3.3e-10   37.0   0.1   316   419   114   220   108   257 0.83 length=313	scaffold=scaffold00009	strand=-	adjustedToFrame=2
159_g                -            313 5085at5820           -            546     8e-16   55.6   3.4   3   3   2.3e-06   0.00069   16.2   0.1   506   536   277   307   237   311 0.80 length=313	scaffold=scaffold00009	strand=-	adjustedToFrame=2
1282_g               -            569 5085at5820           -            546   1.1e-15   55.1   0.2   1   2       1.9   5.9e+02   -3.4   0.2   162   477   115   138    81   148 0.59 length=569	scaffold=scaffold00177	strand=+
1282_g               -            569 5085at5820           -            546   1.1e-15   55.1   0.2   2   2   7.3e-18   2.2e-15   54.1   0.0   217   416   261   454   249   463 0.89 length=569	scaffold=scaffold00177	strand=+
61_g                 -            877 5085at5820           -            546   1.7e-15   54.5   6.0   1   2   5.6e-18   1.7e-15   54.5   6.0   213   411   421   616   348   637 0.83 length=877	scaffold=scaffold00003	strand=+
61_g                 -            877 5085at5820           -            546   1.7e-15   54.5   6.0   2   2      0.26        80   -0.6   0.0   509   534   647   672   632   678 0.89 length=877	scaffold=scaffold00003	strand=+
1688_g               -            647 5085at5820           -            546     4e-11   40.1   0.0   1   2   6.8e-11   2.1e-08   31.1   0.0   310   437   201   351   176   383 0.76 length=647	scaffold=scaffold00271	strand=-
1688_g               -            647 5085at5820           -            546     4e-11   40.1   0.0   2   2     0.022       6.6    3.0   0.0   502   534   384   417   378   426 0.89 length=647	scaffold=scaffold00271	strand=-
1764_g               -            234 5085at5820           -            546   5.6e-08   29.7   0.1   1   3     2e-09   6.2e-07   26.2   0.0   344   421     1    84     1    96 0.76 length=234	scaffold=scaffold00292	strand=+	adjustedToFrame=2
1764_g               -            234 5085at5820           -            546   5.6e-08   29.7   0.1   2   3   0.00047      0.14    8.5   0.0   507   538   109   140    88   150 0.88 length=234	scaffold=scaffold00292	strand=+	adjustedToFrame=2
1764_g               -            234 5085at5820           -            546   5.6e-08   29.7   0.1   3   3       3.4     1e+03   -4.2   5.9    75   129   166   220   138   232 0.42 length=234	scaffold=scaffold00292	strand=+	adjustedToFrame=2
3015_g               -            760 5085at5820           -            546   1.2e-07   28.6  48.2   1   2       4.3   1.3e+03   -4.6   4.4     9    65    17    76     4   103 0.45 length=760	scaffold=scaffold00797	strand=-	adjustedToFrame=3
3015_g               -            760 5085at5820           -            546   1.2e-07   28.6  48.2   2   2   3.8e-10   1.2e-07   28.6  48.2     8   458   120   553   113   601 0.68 length=760	scaffold=scaffold00797	strand=-	adjustedToFrame=3
2396_g               -            275 5085at5820           -            546   1.2e-06   25.3   2.8   1   1   4.4e-09   1.4e-06   25.1   2.8   256   375    71   184    21   253 0.72 length=275	scaffold=scaffold00499	strand=-
2410_g               -            133 5085at5820           -            546   5.6e-05   19.8   0.0   1   2     3e-07   9.3e-05   19.0   0.0   341   414     2    76     1    92 0.80 length=133	scaffold=scaffold00503	strand=-
2410_g               -            133 5085at5820           -            546   5.6e-05   19.8   0.0   2   2       1.1   3.5e+02   -2.7   0.0   505   529   102   126    97   130 0.80 length=133	scaffold=scaffold00503	strand=-
#
# Program:         hmmsearch
# Version:         3.1b2 (February 2015)
# Pipeline mode:   SEARCH
# Query file:      /export/home/bio1901/Documents/29_BINP/OrthoSearch/busco_downloads/lineages/plasmodium_odb10/hmms/5085at5820.hmm
# Target file:     Results/1_GeneSequences/PB.faa
# Option settings: /home/users/bio1901/miniconda3/envs/busco/bin/hmmsearch --domtblout /export/home/bio1901/Documents/29_BINP/OrthoSearch/PB/run_plasmodium_odb10/hmmer_output/5085at5820.out --cpu 1 /export/home/bio1901/Documents/29_BINP/OrthoSearch/busco_downloads/lineages/plasmodium_odb10/hmms/5085at5820.hmm Results/1_GeneSequences/PB.faa 
# Current dir:     /export/home/bio1901/Documents/29_BINP/OrthoSearch
# Date:            Sun Mar 15 18:06:28 2020
# [ok]
