#                                                                            --- full sequence --- -------------- this domain -------------   hmm coord   ali coord   env coord
# target name        accession   tlen query name           accession   qlen   E-value  score  bias   #  of  c-Evalue  i-Evalue  score  bias  from    to  from    to  from    to  acc description of target
#------------------- ---------- ----- -------------------- ---------- ----- --------- ------ ----- --- --- --------- --------- ------ ----- ----- ----- ----- ----- ----- ----- ---- ---------------------
1711_g               -            290 5094at5820           -            473    6e-182  603.3   1.8   1   1  6.7e-185  6.7e-182  603.1   1.8   185   473     1   289     1   289 1.00 length=290	scaffold=scaffold00277	strand=-
1712_g               -            332 5094at5820           -            473   6.1e-98  326.3   2.9   1   3     0.096        96   -0.8   0.0     5    27     3    25     1    37 0.79 length=332	scaffold=scaffold00277	strand=-
1712_g               -            332 5094at5820           -            473   6.1e-98  326.3   2.9   2   3      0.11   1.1e+02   -1.0   0.1   184   216    53    84    47   100 0.75 length=332	scaffold=scaffold00277	strand=-
1712_g               -            332 5094at5820           -            473   6.1e-98  326.3   2.9   3   3  6.1e-101   6.1e-98  326.3   2.9    21   178   148   305   136   324 0.91 length=332	scaffold=scaffold00277	strand=-
750_g                -            466 5094at5820           -            473     1e-22   78.3   4.3   1   2   3.5e-21   3.4e-18   63.3   4.2    34   358    78   368    64   377 0.77 length=466	scaffold=scaffold00080	strand=-
750_g                -            466 5094at5820           -            473     1e-22   78.3   4.3   2   2     0.049        49    0.2   0.0   451   469   444   462   424   464 0.83 length=466	scaffold=scaffold00080	strand=-
1351_g               -            466 5094at5820           -            473    0.0099   12.4   0.8   1   2     0.011        11    2.3   0.0    24    57    21    55    13    82 0.81 length=466	scaffold=scaffold00192	strand=+
1351_g               -            466 5094at5820           -            473    0.0099   12.4   0.8   2   2    0.0002       0.2    8.1   0.1   115   334   122   328   112   337 0.59 length=466	scaffold=scaffold00192	strand=+
#
# Program:         hmmsearch
# Version:         3.1b2 (February 2015)
# Pipeline mode:   SEARCH
# Query file:      /export/home/bio1901/Documents/29_BINP/OrthoSearch/busco_downloads/lineages/plasmodium_odb10/hmms/5094at5820.hmm
# Target file:     Results/1_GeneSequences/PB.faa
# Option settings: /home/users/bio1901/miniconda3/envs/busco/bin/hmmsearch --domtblout /export/home/bio1901/Documents/29_BINP/OrthoSearch/PB/run_plasmodium_odb10/hmmer_output/5094at5820.out --cpu 1 /export/home/bio1901/Documents/29_BINP/OrthoSearch/busco_downloads/lineages/plasmodium_odb10/hmms/5094at5820.hmm Results/1_GeneSequences/PB.faa 
# Current dir:     /export/home/bio1901/Documents/29_BINP/OrthoSearch
# Date:            Sun Mar 15 18:06:29 2020
# [ok]
