#                                                                            --- full sequence --- -------------- this domain -------------   hmm coord   ali coord   env coord
# target name        accession   tlen query name           accession   qlen   E-value  score  bias   #  of  c-Evalue  i-Evalue  score  bias  from    to  from    to  from    to  acc description of target
#------------------- ---------- ----- -------------------- ---------- ----- --------- ------ ----- --- --- --------- --------- ------ ----- ----- ----- ----- ----- ----- ----- ---- ---------------------
2406_g               -           1283 5114at5820           -            599   2.1e-89  298.7 131.6   1  10   2.7e-85   2.2e-82  275.5  29.0     1   156     5   170     5   186 0.85 length=1283	scaffold=scaffold00501	strand=-
2406_g               -           1283 5114at5820           -            599   2.1e-89  298.7 131.6   2  10         5     4e+03  -17.2  35.6   498   564   166   236   158   239 0.64 length=1283	scaffold=scaffold00501	strand=-
2406_g               -           1283 5114at5820           -            599   2.1e-89  298.7 131.6   3  10         5     4e+03  -44.5  78.3   493   577   193   280   175   329 0.56 length=1283	scaffold=scaffold00501	strand=-
2406_g               -           1283 5114at5820           -            599   2.1e-89  298.7 131.6   4  10     2e-07   0.00016   18.4  12.7   128   219   311   402   306   414 0.78 length=1283	scaffold=scaffold00501	strand=-
2406_g               -           1283 5114at5820           -            599   2.1e-89  298.7 131.6   5  10         5     4e+03   -9.5  15.7   314   434   392   510   378   520 0.56 length=1283	scaffold=scaffold00501	strand=-
2406_g               -           1283 5114at5820           -            599   2.1e-89  298.7 131.6   6  10   3.4e-09   2.7e-06   24.2  29.5   194   356   501   654   493   656 0.70 length=1283	scaffold=scaffold00501	strand=-
2406_g               -           1283 5114at5820           -            599   2.1e-89  298.7 131.6   7  10   1.3e-06     0.001   15.7  44.9   291   398   651   758   647   760 0.72 length=1283	scaffold=scaffold00501	strand=-
2406_g               -           1283 5114at5820           -            599   2.1e-89  298.7 131.6   8  10      0.51   4.1e+02   -2.8  29.4   325   422   749   852   744   872 0.68 length=1283	scaffold=scaffold00501	strand=-
2406_g               -           1283 5114at5820           -            599   2.1e-89  298.7 131.6   9  10   1.9e-05     0.015   11.8  24.2   335   511   871  1068   860  1080 0.64 length=1283	scaffold=scaffold00501	strand=-
2406_g               -           1283 5114at5820           -            599   2.1e-89  298.7 131.6  10  10   5.2e-10   4.2e-07   26.9  36.4   496   598  1170  1281  1152  1282 0.68 length=1283	scaffold=scaffold00501	strand=-
4021_g               -            413 5114at5820           -            599   5.8e-45  151.9  36.7   1   2   7.2e-48   5.8e-45  151.9  36.7    20   260     7   261     4   285 0.80 length=413	scaffold=scaffold01607	strand=+
4021_g               -            413 5114at5820           -            599   5.8e-45  151.9  36.7   2   2      0.76   6.1e+02   -3.4   5.3   492   543   332   383   304   397 0.72 length=413	scaffold=scaffold01607	strand=+
2740_g               -           1025 5114at5820           -            599   2.5e-28   97.0  11.9   1   5   3.1e-31   2.5e-28   97.0  11.9    24   140     2   117     1   125 0.92 length=1025	scaffold=scaffold00645	strand=+
2740_g               -           1025 5114at5820           -            599   2.5e-28   97.0  11.9   2   5         5     4e+03  -26.8  56.2   495   571   124   196   114   218 0.51 length=1025	scaffold=scaffold00645	strand=+
2740_g               -           1025 5114at5820           -            599   2.5e-28   97.0  11.9   3   5         5     4e+03  -42.8  72.4   329   579   242   489   232   504 0.59 length=1025	scaffold=scaffold00645	strand=+
2740_g               -           1025 5114at5820           -            599   2.5e-28   97.0  11.9   4   5         5     4e+03  -36.3  61.9   359   584   371   588   366   598 0.53 length=1025	scaffold=scaffold00645	strand=+
2740_g               -           1025 5114at5820           -            599   2.5e-28   97.0  11.9   5   5         5     4e+03  -14.9  27.8   340   565   637   851   607   879 0.46 length=1025	scaffold=scaffold00645	strand=+
2723_g               -            703 5114at5820           -            599   1.1e-25   88.3   8.9   1   3   1.4e-28   1.1e-25   88.3   8.9     7   126    64   182    59   185 0.91 length=703	scaffold=scaffold00634	strand=+
2723_g               -            703 5114at5820           -            599   1.1e-25   88.3   8.9   2   3         5     4e+03  -16.6  37.8   317   559   265   487   197   492 0.48 length=703	scaffold=scaffold00634	strand=+
2723_g               -            703 5114at5820           -            599   1.1e-25   88.3   8.9   3   3         5     4e+03  -21.0  47.6   428   576   520   665   481   681 0.63 length=703	scaffold=scaffold00634	strand=+
1792_g               -            677 5114at5820           -            599   2.6e-16   57.3  44.6   1   4   3.3e-19   2.6e-16   57.3  44.6    24   212    41   226    24   232 0.82 length=677	scaffold=scaffold00299	strand=+
1792_g               -            677 5114at5820           -            599   2.6e-16   57.3  44.6   2   4         5     4e+03   -9.4  22.3   444   584   265   416   249   420 0.66 length=677	scaffold=scaffold00299	strand=+
1792_g               -            677 5114at5820           -            599   2.6e-16   57.3  44.6   3   4         2   1.6e+03   -4.7   7.4   511   583   447   517   429   527 0.63 length=677	scaffold=scaffold00299	strand=+
1792_g               -            677 5114at5820           -            599   2.6e-16   57.3  44.6   4   4         5     4e+03  -16.9  27.0   298   426   515   634   463   672 0.43 length=677	scaffold=scaffold00299	strand=+
#
# Program:         hmmsearch
# Version:         3.1b2 (February 2015)
# Pipeline mode:   SEARCH
# Query file:      /export/home/bio1901/Documents/29_BINP/OrthoSearch/busco_downloads/lineages/plasmodium_odb10/hmms/5114at5820.hmm
# Target file:     Results/1_GeneSequences/PB.faa
# Option settings: /home/users/bio1901/miniconda3/envs/busco/bin/hmmsearch --domtblout /export/home/bio1901/Documents/29_BINP/OrthoSearch/PB/run_plasmodium_odb10/hmmer_output/5114at5820.out --cpu 1 /export/home/bio1901/Documents/29_BINP/OrthoSearch/busco_downloads/lineages/plasmodium_odb10/hmms/5114at5820.hmm Results/1_GeneSequences/PB.faa 
# Current dir:     /export/home/bio1901/Documents/29_BINP/OrthoSearch
# Date:            Sun Mar 15 18:06:31 2020
# [ok]
