#                                                                            --- full sequence --- -------------- this domain -------------   hmm coord   ali coord   env coord
# target name        accession   tlen query name           accession   qlen   E-value  score  bias   #  of  c-Evalue  i-Evalue  score  bias  from    to  from    to  from    to  acc description of target
#------------------- ---------- ----- -------------------- ---------- ----- --------- ------ ----- --- --- --------- --------- ------ ----- ----- ----- ----- ----- ----- ----- ---- ---------------------
2422_g               -            654 5119at5820           -            616     3e-41  139.0  12.5   1   2   2.5e-37   5.1e-35  118.5  11.7     5   325   206   514   191   542 0.74 length=654	scaffold=scaffold00506	strand=-
2422_g               -            654 5119at5820           -            616     3e-41  139.0  12.5   2   2   6.9e-10   1.4e-07   27.8   0.0   376   430   543   599   539   651 0.79 length=654	scaffold=scaffold00506	strand=-
2139_g               -            551 5119at5820           -            616   1.1e-39  133.9  13.7   1   2   3.7e-28   7.3e-26   88.2   7.7     3   306    91   389    76   425 0.69 length=551	scaffold=scaffold00403	strand=+
2139_g               -            551 5119at5820           -            616   1.1e-39  133.9  13.7   2   2   3.2e-16   6.3e-14   48.8   0.2   374   438   436   501   432   523 0.89 length=551	scaffold=scaffold00403	strand=+
1618_g               -            391 5119at5820           -            616   6.2e-38  128.1   3.7   1   2   9.8e-28     2e-25   86.8   1.7    35   302    10   265     1   314 0.78 length=391	scaffold=scaffold00254	strand=-
1618_g               -            391 5119at5820           -            616   6.2e-38  128.1   3.7   2   2   4.3e-14   8.6e-12   41.7   0.0   374   442   315   381   280   389 0.86 length=391	scaffold=scaffold00254	strand=-
2407_g               -            396 5119at5820           -            616   1.3e-34  117.1   0.3   1   2   6.7e-23   1.3e-20   70.8   0.2    30   302    12   268     2   278 0.80 length=396	scaffold=scaffold00502	strand=+
2407_g               -            396 5119at5820           -            616   1.3e-34  117.1   0.3   2   2   6.8e-15   1.4e-12   44.4   0.0   374   440   318   384   308   394 0.86 length=396	scaffold=scaffold00502	strand=+
3581_g               -           1373 5119at5820           -            616   7.8e-33  111.2  27.5   1   1   3.9e-35   7.8e-33  111.2  27.5    23   421   194   571   167   580 0.76 length=1373	scaffold=scaffold01199	strand=+
3057_g               -            814 5119at5820           -            616   4.7e-31  105.4  13.0   1   2   2.3e-33   4.7e-31  105.4  13.0     7   426   163   554   153   577 0.79 length=814	scaffold=scaffold00819	strand=+
3057_g               -            814 5119at5820           -            616   4.7e-31  105.4  13.0   2   2       6.9   1.4e+03   -5.2   5.8   472   531   654   716   607   737 0.60 length=814	scaffold=scaffold00819	strand=+
1604_g               -            597 5119at5820           -            616   8.1e-31  104.6  23.5   1   2   4.5e-25     9e-23   78.0  21.4     4   303    78   382    75   424 0.75 length=597	scaffold=scaffold00250	strand=-	adjustedToFrame=2
1604_g               -            597 5119at5820           -            616   8.1e-31  104.6  23.5   2   2     2e-09     4e-07   26.3   0.0   375   431   433   490   426   512 0.82 length=597	scaffold=scaffold00250	strand=-	adjustedToFrame=2
2360_g               -            960 5119at5820           -            616   5.8e-28   95.1  29.9   1   2     3e-21   5.9e-19   65.4  21.8     5   304    79   386    74   404 0.72 length=960	scaffold=scaffold00485	strand=-
2360_g               -            960 5119at5820           -            616   5.8e-28   95.1  29.9   2   2     1e-14     2e-12   43.8   1.1   376   447   440   511   434   568 0.85 length=960	scaffold=scaffold00485	strand=-
2156_g               -            475 5119at5820           -            616   7.5e-28   94.8  11.2   1   2   1.3e-08   2.7e-06   23.6   0.0    14   105    28   121    14   128 0.69 length=475	scaffold=scaffold00410	strand=+
2156_g               -            475 5119at5820           -            616   7.5e-28   94.8  11.2   2   2   5.9e-21   1.2e-18   64.4   8.0   120   424   160   445   157   467 0.78 length=475	scaffold=scaffold00410	strand=+
291_g                -           1572 5119at5820           -            616   3.1e-27   92.8  21.3   1   4       4.4   8.8e+02   -4.5   0.7   434   465   246   280   235   291 0.52 length=1572	scaffold=scaffold00022	strand=-
291_g                -           1572 5119at5820           -            616   3.1e-27   92.8  21.3   2   4   1.5e-29   3.1e-27   92.8  21.3    32   442   408   817   374   830 0.74 length=1572	scaffold=scaffold00022	strand=-
291_g                -           1572 5119at5820           -            616   3.1e-27   92.8  21.3   3   4       2.1   4.1e+02   -3.5   0.1   572   604   843   875   836   880 0.76 length=1572	scaffold=scaffold00022	strand=-
291_g                -           1572 5119at5820           -            616   3.1e-27   92.8  21.3   4   4       3.4   6.9e+02   -4.2   1.8   166   229  1239  1302  1226  1331 0.83 length=1572	scaffold=scaffold00022	strand=-
207_g                -            641 5119at5820           -            616   1.4e-26   90.6   0.4   1   3       3.3   6.5e+02   -4.1   1.2   471   531    93   156    80   174 0.57 length=641	scaffold=scaffold00014	strand=+
207_g                -            641 5119at5820           -            616   1.4e-26   90.6   0.4   2   3   1.6e-17   3.2e-15   53.1   0.1    51   259   198   411   192   467 0.78 length=641	scaffold=scaffold00014	strand=+
207_g                -            641 5119at5820           -            616   1.4e-26   90.6   0.4   3   3   7.3e-15   1.4e-12   44.3   0.0   375   424   504   554   472   569 0.81 length=641	scaffold=scaffold00014	strand=+
1925_g               -            866 5119at5820           -            616   2.3e-26   89.8  21.5   1   4   8.8e-17   1.8e-14   50.6   0.2    61   220   330   505   301   514 0.75 length=866	scaffold=scaffold00338	strand=-
1925_g               -            866 5119at5820           -            616   2.3e-26   89.8  21.5   2   4    0.0016      0.33    6.8   1.6   228   312   543   627   530   629 0.74 length=866	scaffold=scaffold00338	strand=-
1925_g               -            866 5119at5820           -            616   2.3e-26   89.8  21.5   3   4   5.1e-16     1e-13   48.1   0.5   332   431   620   726   616   735 0.84 length=866	scaffold=scaffold00338	strand=-
1925_g               -            866 5119at5820           -            616   2.3e-26   89.8  21.5   4   4       3.1   6.2e+02   -4.0   2.3    22    46   801   825   789   828 0.66 length=866	scaffold=scaffold00338	strand=-
4074_g               -            889 5119at5820           -            616   5.1e-25   85.4  22.7   1   3   1.3e-20   2.5e-18   63.3   1.8    61   302    78   316    69   328 0.76 length=889	scaffold=scaffold01665	strand=-	adjustedToFrame=3
4074_g               -            889 5119at5820           -            616   5.1e-25   85.4  22.7   2   3   1.4e-11   2.9e-09   33.4   0.6   374   457   366   449   328   471 0.79 length=889	scaffold=scaffold01665	strand=-	adjustedToFrame=3
4074_g               -            889 5119at5820           -            616   5.1e-25   85.4  22.7   3   3      0.71   1.4e+02   -1.9   6.3   419   488   678   746   626   789 0.70 length=889	scaffold=scaffold01665	strand=-	adjustedToFrame=3
1035_g               -            652 5119at5820           -            616   5.1e-24   82.1  15.3   1   3   7.4e-15   1.5e-12   44.3   1.2    16   118   203   306   186   320 0.72 length=652	scaffold=scaffold00126	strand=-	adjustedToFrame=2
1035_g               -            652 5119at5820           -            616   5.1e-24   82.1  15.3   2   3     0.001       0.2    7.5   2.6   119   258   337   472   319   522 0.66 length=652	scaffold=scaffold00126	strand=-	adjustedToFrame=2
1035_g               -            652 5119at5820           -            616   5.1e-24   82.1  15.3   3   3   8.2e-13   1.6e-10   37.5   0.1   375   423   569   618   540   648 0.80 length=652	scaffold=scaffold00126	strand=-	adjustedToFrame=2
1091_g               -            493 5119at5820           -            616   8.2e-24   81.4  25.8   1   3       2.8   5.6e+02   -3.9  11.4   533   613     6    88     1   100 0.46 length=493	scaffold=scaffold00138	strand=-
1091_g               -            493 5119at5820           -            616   8.2e-24   81.4  25.8   2   3   5.4e-09   1.1e-06   24.9   0.0    39   104   145   213   105   228 0.70 length=493	scaffold=scaffold00138	strand=-
1091_g               -            493 5119at5820           -            616   8.2e-24   81.4  25.8   3   3   2.3e-18   4.7e-16   55.8   3.7   163   422   237   464   218   480 0.84 length=493	scaffold=scaffold00138	strand=-
3826_g               -           1126 5119at5820           -            616   2.1e-22   76.8   0.0   1   3       6.9   1.4e+03   -5.2  14.6     4    46   149   191   135   205 0.43 length=1126	scaffold=scaffold01419	strand=-	adjustedToFrame=3
3826_g               -           1126 5119at5820           -            616   2.1e-22   76.8   0.0   2   3   2.2e-14   4.3e-12   42.7   0.0    61   217   718   875   704   935 0.81 length=1126	scaffold=scaffold01419	strand=-	adjustedToFrame=3
3826_g               -           1126 5119at5820           -            616   2.1e-22   76.8   0.0   3   3   5.7e-14   1.1e-11   41.3   0.0   376   423  1030  1078   991  1098 0.86 length=1126	scaffold=scaffold01419	strand=-	adjustedToFrame=3
1972_g               -            784 5119at5820           -            616   2.9e-19   66.4  29.4   1   4      0.36        72   -1.0   1.3   495   540   111   154    95   167 0.70 length=784	scaffold=scaffold00352	strand=-
1972_g               -            784 5119at5820           -            616   2.9e-19   66.4  29.4   2   4   1.6e-16   3.1e-14   49.8   1.6    11   114   166   274   154   281 0.63 length=784	scaffold=scaffold00352	strand=-
1972_g               -            784 5119at5820           -            616   2.9e-19   66.4  29.4   3   4   9.1e-11   1.8e-08   30.7  20.5   117   350   309   537   292   540 0.77 length=784	scaffold=scaffold00352	strand=-
1972_g               -            784 5119at5820           -            616   2.9e-19   66.4  29.4   4   4    0.0091       1.8    4.3  34.9   375   602   540   781   537   783 0.66 length=784	scaffold=scaffold00352	strand=-
1937_g               -           1358 5119at5820           -            616   1.1e-16   57.9  23.1   1   2   1.9e-10   3.8e-08   29.7   6.7    21   130   153   263   129   265 0.71 length=1358	scaffold=scaffold00342	strand=+	adjustedToFrame=2
1937_g               -           1358 5119at5820           -            616   1.1e-16   57.9  23.1   2   2   1.1e-14   2.1e-12   43.7   8.5   123   426   315   598   310   645 0.84 length=1358	scaffold=scaffold00342	strand=+	adjustedToFrame=2
3792_g               -            650 5119at5820           -            616     4e-16   56.0   2.4   1   3     2e-18     4e-16   56.0   2.4     5   107    10   114     4   128 0.64 length=650	scaffold=scaffold01388	strand=-	adjustedToFrame=2
3792_g               -            650 5119at5820           -            616     4e-16   56.0   2.4   2   3     4e-05     0.008   12.1   3.2   120   151   360   390   342   436 0.74 length=650	scaffold=scaffold01388	strand=-	adjustedToFrame=2
3792_g               -            650 5119at5820           -            616     4e-16   56.0   2.4   3   3    0.0016      0.32    6.8  14.0   164   302   435   574   400   582 0.68 length=650	scaffold=scaffold01388	strand=-	adjustedToFrame=2
3791_g               -            385 5119at5820           -            616   2.8e-08   30.1  15.0   1   3   1.4e-10   2.8e-08   30.1  15.0   376   509     2   139     1   185 0.83 length=385	scaffold=scaffold01388	strand=-
3791_g               -            385 5119at5820           -            616   2.8e-08   30.1  15.0   2   3       6.3   1.3e+03   -5.1   3.4   550   598   260   270   228   289 0.52 length=385	scaffold=scaffold01388	strand=-
3791_g               -            385 5119at5820           -            616   2.8e-08   30.1  15.0   3   3         4   7.9e+02   -4.4   2.0   450   485   310   344   304   363 0.66 length=385	scaffold=scaffold01388	strand=-
#
# Program:         hmmsearch
# Version:         3.1b2 (February 2015)
# Pipeline mode:   SEARCH
# Query file:      /export/home/bio1901/Documents/29_BINP/OrthoSearch/busco_downloads/lineages/plasmodium_odb10/hmms/5119at5820.hmm
# Target file:     Results/1_GeneSequences/PB.faa
# Option settings: /home/users/bio1901/miniconda3/envs/busco/bin/hmmsearch --domtblout /export/home/bio1901/Documents/29_BINP/OrthoSearch/PB/run_plasmodium_odb10/hmmer_output/5119at5820.out --cpu 1 /export/home/bio1901/Documents/29_BINP/OrthoSearch/busco_downloads/lineages/plasmodium_odb10/hmms/5119at5820.hmm Results/1_GeneSequences/PB.faa 
# Current dir:     /export/home/bio1901/Documents/29_BINP/OrthoSearch
# Date:            Sun Mar 15 18:06:32 2020
# [ok]
