#                                                                            --- full sequence --- -------------- this domain -------------   hmm coord   ali coord   env coord
# target name        accession   tlen query name           accession   qlen   E-value  score  bias   #  of  c-Evalue  i-Evalue  score  bias  from    to  from    to  from    to  acc description of target
#------------------- ---------- ----- -------------------- ---------- ----- --------- ------ ----- --- --- --------- --------- ------ ----- ----- ----- ----- ----- ----- ----- ---- ---------------------
224_g                -           1068 5136at5820           -            488  7.5e-143  474.6 109.3   1   4         7     4e+03  -13.7  16.1   124   203   310   397   222   427 0.57 length=1068	scaffold=scaffold00015	strand=-
224_g                -           1068 5136at5820           -            488  7.5e-143  474.6 109.3   2   4   4.7e-74   2.7e-71  238.6  50.0     2   289   444   789   443   817 0.79 length=1068	scaffold=scaffold00015	strand=-
224_g                -           1068 5136at5820           -            488  7.5e-143  474.6 109.3   3   4   1.8e-27     1e-24   85.0   3.9   284   364   825   905   816   922 0.91 length=1068	scaffold=scaffold00015	strand=-
224_g                -           1068 5136at5820           -            488  7.5e-143  474.6 109.3   4   4   1.7e-56   9.5e-54  180.7  15.5   357   487   932  1066   920  1067 0.93 length=1068	scaffold=scaffold00015	strand=-
3198_g               -            394 5136at5820           -            488   1.6e-06   24.9   1.4   1   3      0.33   1.9e+02   -1.7   0.1    94   133    30    70    12   101 0.79 length=394	scaffold=scaffold00911	strand=+
3198_g               -            394 5136at5820           -            488   1.6e-06   24.9   1.4   2   3    0.0046       2.6    4.5   0.0   319   348   161   192   154   204 0.79 length=394	scaffold=scaffold00911	strand=+
3198_g               -            394 5136at5820           -            488   1.6e-06   24.9   1.4   3   3   2.2e-07   0.00012   18.7   0.0   377   421   197   241   193   246 0.88 length=394	scaffold=scaffold00911	strand=+
687_g                -            439 5136at5820           -            488   2.4e-06   24.4   0.0   1   2     0.028        16    1.9   0.0   324   349   213   238   203   244 0.85 length=439	scaffold=scaffold00072	strand=-
687_g                -            439 5136at5820           -            488   2.4e-06   24.4   0.0   2   2     9e-08   5.1e-05   20.0   0.0   379   421   244   286   237   309 0.87 length=439	scaffold=scaffold00072	strand=-
2435_g               -            393 5136at5820           -            488     4e-05   20.3   1.9   1   3      0.11        62   -0.1   0.7   167   227    37   100     8   107 0.71 length=393	scaffold=scaffold00511	strand=-
2435_g               -            393 5136at5820           -            488     4e-05   20.3   1.9   2   3    0.0021       1.2    5.6   0.1   325   348   170   193   162   200 0.85 length=393	scaffold=scaffold00511	strand=-
2435_g               -            393 5136at5820           -            488     4e-05   20.3   1.9   3   3   2.5e-05     0.014   11.9   0.0   386   426   207   247   195   286 0.79 length=393	scaffold=scaffold00511	strand=-
2255_g               -            852 5136at5820           -            488   0.00059   16.5   0.0   1   4      0.18     1e+02   -0.8   0.0   326   346   245   265   238   269 0.84 length=852	scaffold=scaffold00443	strand=+	adjustedToFrame=2
2255_g               -            852 5136at5820           -            488   0.00059   16.5   0.0   2   4   0.00014     0.081    9.5   0.0   388   427   283   322   277   337 0.88 length=852	scaffold=scaffold00443	strand=+	adjustedToFrame=2
2255_g               -            852 5136at5820           -            488   0.00059   16.5   0.0   3   4     0.098        56    0.1   0.0   321   357   511   549   509   554 0.75 length=852	scaffold=scaffold00443	strand=+	adjustedToFrame=2
2255_g               -            852 5136at5820           -            488   0.00059   16.5   0.0   4   4     0.061        35    0.8   0.0   391   420   559   588   546   591 0.89 length=852	scaffold=scaffold00443	strand=+	adjustedToFrame=2
3562_g               -            465 5136at5820           -            488    0.0019   14.8   0.4   1   3      0.16        93   -0.6   0.1   281   321    88   128    82   135 0.83 length=465	scaffold=scaffold01184	strand=-
3562_g               -            465 5136at5820           -            488    0.0019   14.8   0.4   2   3     0.085        49    0.3   0.0   325   348   246   269   240   282 0.84 length=465	scaffold=scaffold01184	strand=-
3562_g               -            465 5136at5820           -            488    0.0019   14.8   0.4   3   3   7.8e-05     0.045   10.3   0.0   387   422   284   319   275   329 0.91 length=465	scaffold=scaffold01184	strand=-
2871_g               -            412 5136at5820           -            488    0.0067   13.0   0.1   1   2      0.21   1.2e+02   -1.0   0.0   324   344   184   204   177   210 0.79 length=412	scaffold=scaffold00715	strand=+
2871_g               -            412 5136at5820           -            488    0.0067   13.0   0.1   2   2   6.4e-05     0.036   10.6   0.0   380   421   216   257   205   260 0.85 length=412	scaffold=scaffold00715	strand=+
#
# Program:         hmmsearch
# Version:         3.1b2 (February 2015)
# Pipeline mode:   SEARCH
# Query file:      /export/home/bio1901/Documents/29_BINP/OrthoSearch/busco_downloads/lineages/plasmodium_odb10/hmms/5136at5820.hmm
# Target file:     Results/1_GeneSequences/PB.faa
# Option settings: /home/users/bio1901/miniconda3/envs/busco/bin/hmmsearch --domtblout /export/home/bio1901/Documents/29_BINP/OrthoSearch/PB/run_plasmodium_odb10/hmmer_output/5136at5820.out --cpu 1 /export/home/bio1901/Documents/29_BINP/OrthoSearch/busco_downloads/lineages/plasmodium_odb10/hmms/5136at5820.hmm Results/1_GeneSequences/PB.faa 
# Current dir:     /export/home/bio1901/Documents/29_BINP/OrthoSearch
# Date:            Sun Mar 15 18:06:33 2020
# [ok]
