#                                                                            --- full sequence --- -------------- this domain -------------   hmm coord   ali coord   env coord
# target name        accession   tlen query name           accession   qlen   E-value  score  bias   #  of  c-Evalue  i-Evalue  score  bias  from    to  from    to  from    to  acc description of target
#------------------- ---------- ----- -------------------- ---------- ----- --------- ------ ----- --- --- --------- --------- ------ ----- ----- ----- ----- ----- ----- ----- ---- ---------------------
453_g                -            373 5150at5820           -            522     9e-85  283.3  37.9   1   4   1.5e-11   6.5e-09   33.0   0.9     7    57     6    61     1    74 0.82 length=373	scaffold=scaffold00040	strand=-
453_g                -            373 5150at5820           -            522     9e-85  283.3  37.9   2   4   1.7e-16   7.7e-14   49.3  12.1    48   118    91   161    76   162 0.90 length=373	scaffold=scaffold00040	strand=-
453_g                -            373 5150at5820           -            522     9e-85  283.3  37.9   3   4   2.6e-26   1.2e-23   81.7   1.7   147   212   160   229   158   266 0.74 length=373	scaffold=scaffold00040	strand=-
453_g                -            373 5150at5820           -            522     9e-85  283.3  37.9   4   4   7.1e-43   3.1e-40  136.3   3.0   205   305   268   368   261   372 0.94 length=373	scaffold=scaffold00040	strand=-
452_g                -            113 5150at5820           -            522   4.1e-29   99.6   7.7   1   1   1.2e-31   5.2e-29   99.3   7.7   455   522     6    73     2    73 0.98 length=113	scaffold=scaffold00040	strand=-
733_g                -            865 5150at5820           -            522     2e-25   87.5   6.3   1   4   3.7e-10   1.6e-07   28.4   0.0   119   204    15    97    10   102 0.92 length=865	scaffold=scaffold00078	strand=+
733_g                -            865 5150at5820           -            522     2e-25   87.5   6.3   2   4   5.6e-06    0.0025   14.6   0.3   115   198    99   178    96   186 0.89 length=865	scaffold=scaffold00078	strand=+
733_g                -            865 5150at5820           -            522     2e-25   87.5   6.3   3   4   4.9e-06    0.0022   14.8   0.1   116   191   189   258   180   271 0.84 length=865	scaffold=scaffold00078	strand=+
733_g                -            865 5150at5820           -            522     2e-25   87.5   6.3   4   4   8.2e-11   3.6e-08   30.5   0.1   104   198   376   466   361   476 0.88 length=865	scaffold=scaffold00078	strand=+
3512_g               -            114 5150at5820           -            522     1e-07   29.1   0.3   1   1   2.8e-10   1.3e-07   28.8   0.3   121   195     5    79     2    90 0.95 length=114	scaffold=scaffold01144	strand=-
2817_g               -            153 5150at5820           -            522   3.4e-06   24.0   0.5   1   1   5.5e-08   2.5e-05   21.2   0.2   121   202     8    86     1   138 0.81 length=153	scaffold=scaffold00686	strand=+
3867_g               -            446 5150at5820           -            522   1.7e-05   21.7   2.9   1   3      0.53   2.3e+02   -1.8   0.0   122   184    45   104    42   123 0.65 length=446	scaffold=scaffold01456	strand=+
3867_g               -            446 5150at5820           -            522   1.7e-05   21.7   2.9   2   3     4e-05     0.018   11.8   0.2   110   186   131   203   117   230 0.79 length=446	scaffold=scaffold01456	strand=+
3867_g               -            446 5150at5820           -            522   1.7e-05   21.7   2.9   3   3   0.00019     0.082    9.6   0.1   120   200   336   413   316   434 0.87 length=446	scaffold=scaffold01456	strand=+
3592_g               -            193 5150at5820           -            522   2.8e-05   21.0   2.4   1   1   6.3e-08   2.8e-05   21.0   2.4    77   185    68   175    10   192 0.83 length=193	scaffold=scaffold01208	strand=-
1733_g               -            239 5150at5820           -            522   3.3e-05   20.8   0.1   1   2      0.13        58    0.2   0.0   121   154    15    48     8    74 0.85 length=239	scaffold=scaffold00282	strand=+
1733_g               -            239 5150at5820           -            522   3.3e-05   20.8   0.1   2   2   4.4e-07    0.0002   18.2   0.0   122   198   160   232   150   236 0.88 length=239	scaffold=scaffold00282	strand=+
3916_g               -            330 5150at5820           -            522    0.0036   14.0   0.1   1   2       1.8     8e+02   -3.6   0.3   148   181    28    61    26    67 0.81 length=330	scaffold=scaffold01499	strand=-
3916_g               -            330 5150at5820           -            522    0.0036   14.0   0.1   2   2   8.1e-06    0.0036   14.0   0.1   114   190   229   302   218   311 0.82 length=330	scaffold=scaffold01499	strand=-
#
# Program:         hmmsearch
# Version:         3.1b2 (February 2015)
# Pipeline mode:   SEARCH
# Query file:      /export/home/bio1901/Documents/29_BINP/OrthoSearch/busco_downloads/lineages/plasmodium_odb10/hmms/5150at5820.hmm
# Target file:     Results/1_GeneSequences/PB.faa
# Option settings: /home/users/bio1901/miniconda3/envs/busco/bin/hmmsearch --domtblout /export/home/bio1901/Documents/29_BINP/OrthoSearch/PB/run_plasmodium_odb10/hmmer_output/5150at5820.out --cpu 1 /export/home/bio1901/Documents/29_BINP/OrthoSearch/busco_downloads/lineages/plasmodium_odb10/hmms/5150at5820.hmm Results/1_GeneSequences/PB.faa 
# Current dir:     /export/home/bio1901/Documents/29_BINP/OrthoSearch
# Date:            Sun Mar 15 18:06:34 2020
# [ok]
