#                                                                            --- full sequence --- -------------- this domain -------------   hmm coord   ali coord   env coord
# target name        accession   tlen query name           accession   qlen   E-value  score  bias   #  of  c-Evalue  i-Evalue  score  bias  from    to  from    to  from    to  acc description of target
#------------------- ---------- ----- -------------------- ---------- ----- --------- ------ ----- --- --- --------- --------- ------ ----- ----- ----- ----- ----- ----- ----- ---- ---------------------
3365_g               -            427 5171at5820           -            438  2.2e-140  466.2  31.1   1   2   2.9e-74   2.3e-71  238.7   9.1    97   309     1   230     1   261 0.84 length=427	scaffold=scaffold01026	strand=-
3365_g               -            427 5171at5820           -            438  2.2e-140  466.2  31.1   2   2     3e-72   2.4e-69  232.1  15.3   303   438   271   416   242   416 0.91 length=427	scaffold=scaffold01026	strand=-
427_g                -            712 5171at5820           -            438   2.1e-92  308.0  30.7   1   3   6.9e-35   5.5e-32  109.0   3.2     1   172    22   207    22   226 0.79 length=712	scaffold=scaffold00038	strand=-
427_g                -            712 5171at5820           -            438   2.1e-92  308.0  30.7   2   3   2.7e-28   2.1e-25   87.3   0.9   216   344   381   518   325   552 0.70 length=712	scaffold=scaffold00038	strand=-
427_g                -            712 5171at5820           -            438   2.1e-92  308.0  30.7   3   3   1.8e-39   1.4e-36  124.1  11.5   306   438   548   694   525   694 0.85 length=712	scaffold=scaffold00038	strand=-
2198_g               -            698 5171at5820           -            438   1.8e-13   47.9   7.6   1   2      0.13     1e+02   -0.7   0.1   151   205    58   114    48   123 0.74 length=698	scaffold=scaffold00423	strand=-
2198_g               -            698 5171at5820           -            438   1.8e-13   47.9   7.6   2   2   2.3e-16   1.8e-13   47.9   7.6   232   430   333   536   325   542 0.69 length=698	scaffold=scaffold00423	strand=-
297_g                -            721 5171at5820           -            438   2.9e-11   40.7  31.8   1   2   2.3e-08   1.8e-05   21.6  23.5   183   337   414   558   255   630 0.75 length=721	scaffold=scaffold00022	strand=-
297_g                -            721 5171at5820           -            438   2.9e-11   40.7  31.8   2   2   2.8e-08   2.3e-05   21.3   0.7   392   417   675   700   671   714 0.90 length=721	scaffold=scaffold00022	strand=-
1332_g               -           1728 5171at5820           -            438   2.8e-08   30.8  19.0   1   4      0.03        24    1.4   0.2   235   293   382   438   367   500 0.77 length=1728	scaffold=scaffold00187	strand=+
1332_g               -           1728 5171at5820           -            438   2.8e-08   30.8  19.0   2   4   2.3e-07   0.00018   18.3   0.9   379   415   554   597   547   601 0.82 length=1728	scaffold=scaffold00187	strand=+
1332_g               -           1728 5171at5820           -            438   2.8e-08   30.8  19.0   3   4      0.68   5.5e+02   -3.1   0.2   238   290  1076  1132  1062  1153 0.60 length=1728	scaffold=scaffold00187	strand=+
1332_g               -           1728 5171at5820           -            438   2.8e-08   30.8  19.0   4   4   1.6e-08   1.3e-05   22.1   1.8   379   415  1250  1293  1241  1297 0.90 length=1728	scaffold=scaffold00187	strand=+
#
# Program:         hmmsearch
# Version:         3.1b2 (February 2015)
# Pipeline mode:   SEARCH
# Query file:      /export/home/bio1901/Documents/29_BINP/OrthoSearch/busco_downloads/lineages/plasmodium_odb10/hmms/5171at5820.hmm
# Target file:     Results/1_GeneSequences/PB.faa
# Option settings: /home/users/bio1901/miniconda3/envs/busco/bin/hmmsearch --domtblout /export/home/bio1901/Documents/29_BINP/OrthoSearch/PB/run_plasmodium_odb10/hmmer_output/5171at5820.out --cpu 1 /export/home/bio1901/Documents/29_BINP/OrthoSearch/busco_downloads/lineages/plasmodium_odb10/hmms/5171at5820.hmm Results/1_GeneSequences/PB.faa 
# Current dir:     /export/home/bio1901/Documents/29_BINP/OrthoSearch
# Date:            Sun Mar 15 18:06:34 2020
# [ok]
