#                                                                            --- full sequence --- -------------- this domain -------------   hmm coord   ali coord   env coord
# target name        accession   tlen query name           accession   qlen   E-value  score  bias   #  of  c-Evalue  i-Evalue  score  bias  from    to  from    to  from    to  acc description of target
#------------------- ---------- ----- -------------------- ---------- ----- --------- ------ ----- --- --- --------- --------- ------ ----- ----- ----- ----- ----- ----- ----- ---- ---------------------
659_g                -            370 5178at5820           -            464   6.1e-28   95.4  72.3   1   6   3.4e-07   0.00046   16.7   9.0    89   161     8    81     5    83 0.86 length=370	scaffold=scaffold00067	strand=-
659_g                -            370 5178at5820           -            464   6.1e-28   95.4  72.3   2   6   1.7e-07   0.00023   17.7   6.7   109   152    74   116    71   123 0.89 length=370	scaffold=scaffold00067	strand=-
659_g                -            370 5178at5820           -            464   6.1e-28   95.4  72.3   3   6   1.9e-08   2.5e-05   20.9  14.4    88   164    99   186    99   196 0.81 length=370	scaffold=scaffold00067	strand=-
659_g                -            370 5178at5820           -            464   6.1e-28   95.4  72.3   4   6   3.4e-10   4.6e-07   26.6  17.7    90   153   180   244   177   260 0.85 length=370	scaffold=scaffold00067	strand=-
659_g                -            370 5178at5820           -            464   6.1e-28   95.4  72.3   5   6     0.017        23    1.2   0.1    87   106   246   265   243   269 0.88 length=370	scaffold=scaffold00067	strand=-
659_g                -            370 5178at5820           -            464   6.1e-28   95.4  72.3   6   6   1.4e-14   1.9e-11   41.1  11.5    87   159   269   343   255   353 0.88 length=370	scaffold=scaffold00067	strand=-
1755_g               -            253 5178at5820           -            464   1.3e-12   44.9  24.8   1   3     2e-09   2.6e-06   24.1   5.7   106   164    50   109    43   111 0.86 length=253	scaffold=scaffold00289	strand=-
1755_g               -            253 5178at5820           -            464   1.3e-12   44.9  24.8   2   3   0.00023       0.3    7.4   0.2    91   154   104   166   100   168 0.91 length=253	scaffold=scaffold00289	strand=-
1755_g               -            253 5178at5820           -            464   1.3e-12   44.9  24.8   3   3   1.1e-09   1.5e-06   24.9   8.3   108   166   167   229   165   238 0.84 length=253	scaffold=scaffold00289	strand=-
3174_g               -            386 5178at5820           -            464    0.0015   15.0   7.3   1   4   1.2e-06    0.0015   15.0   7.3    61   131    22    88     3    95 0.77 length=386	scaffold=scaffold00896	strand=+
3174_g               -            386 5178at5820           -            464    0.0015   15.0   7.3   2   4       1.3   1.7e+03   -5.0   5.2   248   283    96   131    86   164 0.58 length=386	scaffold=scaffold00896	strand=+
3174_g               -            386 5178at5820           -            464    0.0015   15.0   7.3   3   4         3     4e+03   -6.4   6.9    38    63   195   220   189   249 0.58 length=386	scaffold=scaffold00896	strand=+
3174_g               -            386 5178at5820           -            464    0.0015   15.0   7.3   4   4   0.00048      0.64    6.4  12.5   100   150   323   372   243   380 0.72 length=386	scaffold=scaffold00896	strand=+
#
# Program:         hmmsearch
# Version:         3.1b2 (February 2015)
# Pipeline mode:   SEARCH
# Query file:      /export/home/bio1901/Documents/29_BINP/OrthoSearch/busco_downloads/lineages/plasmodium_odb10/hmms/5178at5820.hmm
# Target file:     Results/1_GeneSequences/PB.faa
# Option settings: /home/users/bio1901/miniconda3/envs/busco/bin/hmmsearch --domtblout /export/home/bio1901/Documents/29_BINP/OrthoSearch/PB/run_plasmodium_odb10/hmmer_output/5178at5820.out --cpu 1 /export/home/bio1901/Documents/29_BINP/OrthoSearch/busco_downloads/lineages/plasmodium_odb10/hmms/5178at5820.hmm Results/1_GeneSequences/PB.faa 
# Current dir:     /export/home/bio1901/Documents/29_BINP/OrthoSearch
# Date:            Sun Mar 15 18:06:35 2020
# [ok]
