#                                                                            --- full sequence --- -------------- this domain -------------   hmm coord   ali coord   env coord
# target name        accession   tlen query name           accession   qlen   E-value  score  bias   #  of  c-Evalue  i-Evalue  score  bias  from    to  from    to  from    to  acc description of target
#------------------- ---------- ----- -------------------- ---------- ----- --------- ------ ----- --- --- --------- --------- ------ ----- ----- ----- ----- ----- ----- ----- ---- ---------------------
1961_g               -            485 5210at5820           -            448  1.4e-245  813.0  13.1   1   1  1.4e-247  1.7e-245  812.7  13.1     5   448    14   478    10   478 0.97 length=485	scaffold=scaffold00349	strand=-
3015_g               -            760 5210at5820           -            448  1.3e-124  414.2  20.1   1   1    2e-126  2.4e-124  413.4  20.1    18   447   298   746   288   747 0.91 length=760	scaffold=scaffold00797	strand=-	adjustedToFrame=3
2376_g               -            462 5210at5820           -            448  6.4e-115  382.3  10.0   1   2       2.2   2.6e+02   -2.1   0.5   421   443     8    30     3    34 0.81 length=462	scaffold=scaffold00492	strand=-
2376_g               -            462 5210at5820           -            448  6.4e-115  382.3  10.0   2   2  5.3e-117  6.4e-115  382.3  10.0    12   382    65   454    59   459 0.91 length=462	scaffold=scaffold00492	strand=-
2611_g               -           1579 5210at5820           -            448   2.5e-60  202.4  18.2   1   1   5.1e-62   6.2e-60  201.1  18.2    34   408  1142  1532  1128  1570 0.88 length=1579	scaffold=scaffold00584	strand=-
2754_g               -           2003 5210at5820           -            448   2.5e-52  176.0   3.6   1   2    0.0037      0.45    7.0   0.1   361   411    33    84    24   105 0.87 length=2003	scaffold=scaffold00652	strand=-	adjustedToFrame=3
2754_g               -           2003 5210at5820           -            448   2.5e-52  176.0   3.6   2   2   3.1e-52   3.7e-50  168.8   0.7    28   273  1623  1886  1607  1911 0.87 length=2003	scaffold=scaffold00652	strand=-	adjustedToFrame=3
825_g                -            769 5210at5820           -            448   7.1e-48  161.3  13.9   1   1   1.2e-49   1.4e-47  160.3  13.9    35   366    14   356     4   424 0.87 length=769	scaffold=scaffold00092	strand=+
667_g                -            544 5210at5820           -            448   3.2e-47  159.2   1.6   1   1   4.6e-49   5.6e-47  158.3   1.6    28   276   109   369    91   389 0.89 length=544	scaffold=scaffold00069	strand=-
61_g                 -            877 5210at5820           -            448   3.8e-43  145.7   6.5   1   1   6.1e-45   7.4e-43  144.8   6.5    15   273   401   674   389   683 0.87 length=877	scaffold=scaffold00003	strand=+
1282_g               -            569 5210at5820           -            448   1.3e-40  137.4   0.2   1   2       3.4   4.1e+02   -2.7   0.2    87   157   126   205    48   209 0.56 length=569	scaffold=scaffold00177	strand=+
1282_g               -            569 5210at5820           -            448   1.3e-40  137.4   0.2   2   2     1e-42   1.3e-40  137.4   0.2    34   263   259   500   248   520 0.85 length=569	scaffold=scaffold00177	strand=+
2604_g               -           1027 5210at5820           -            448   1.8e-31  107.3   1.8   1   1   1.5e-33   1.8e-31  107.3   1.8    35   281   699   961   668  1005 0.79 length=1027	scaffold=scaffold00578	strand=-	adjustedToFrame=2
588_g                -            577 5210at5820           -            448   2.3e-31  106.9  10.8   1   1   1.9e-33   2.3e-31  106.9  10.8    31   280   281   544   257   570 0.84 length=577	scaffold=scaffold00058	strand=-
1927_g               -            810 5210at5820           -            448   4.4e-29   99.3  14.1   1   2   1.1e-19   1.3e-17   61.5   6.8    42   156   282   404   268   457 0.78 length=810	scaffold=scaffold00339	strand=+
1927_g               -            810 5210at5820           -            448   4.4e-29   99.3  14.1   2   2   8.9e-14   1.1e-11   42.0   0.7   177   283   500   615   492   715 0.80 length=810	scaffold=scaffold00339	strand=+
1275_g               -            518 5210at5820           -            448   5.1e-29   99.2   5.8   1   2   1.4e-26   1.7e-24   84.3   2.8    34   226    27   240    15   254 0.76 length=518	scaffold=scaffold00176	strand=-
1275_g               -            518 5210at5820           -            448   5.1e-29   99.2   5.8   2   2   9.8e-06    0.0012   15.5   0.0   219   273   261   315   256   330 0.86 length=518	scaffold=scaffold00176	strand=-
1269_g               -           2717 5210at5820           -            448   1.5e-27   94.3   6.8   1   1   1.4e-28   1.6e-26   90.9   6.8    29   275   111   394    84   412 0.75 length=2717	scaffold=scaffold00175	strand=-
3036_g               -           1000 5210at5820           -            448   3.8e-26   89.7   2.2   1   2   2.3e-22   2.8e-20   70.4   2.7    36   226   657   868   646   872 0.75 length=1000	scaffold=scaffold00809	strand=+	adjustedToFrame=2
3036_g               -           1000 5210at5820           -            448   3.8e-26   89.7   2.2   2   2   4.9e-06   0.00059   16.5   0.0   232   273   917   958   901   967 0.91 length=1000	scaffold=scaffold00809	strand=+	adjustedToFrame=2
3774_g               -           1389 5210at5820           -            448   6.3e-26   89.0   8.3   1   3   5.2e-28   6.3e-26   89.0   8.3    36   284   257   517   232   568 0.77 length=1389	scaffold=scaffold01374	strand=-	adjustedToFrame=2
3774_g               -           1389 5210at5820           -            448   6.3e-26   89.0   8.3   2   3       5.8     7e+02   -3.5   0.6   409   434   920   945   863   953 0.74 length=1389	scaffold=scaffold01374	strand=-	adjustedToFrame=2
3774_g               -           1389 5210at5820           -            448   6.3e-26   89.0   8.3   3   3      0.73        88   -0.5   1.9    90   150   980  1044   965  1062 0.71 length=1389	scaffold=scaffold01374	strand=-	adjustedToFrame=2
3411_g               -            877 5210at5820           -            448   1.2e-24   84.8   2.9   1   4       4.5   5.4e+02   -3.1   0.1   374   400    65    91    40   110 0.62 length=877	scaffold=scaffold01062	strand=-	adjustedToFrame=2
3411_g               -            877 5210at5820           -            448   1.2e-24   84.8   2.9   2   4   7.3e-05    0.0088   12.7   0.1    25    93   378   446   354   453 0.69 length=877	scaffold=scaffold01062	strand=-	adjustedToFrame=2
3411_g               -            877 5210at5820           -            448   1.2e-24   84.8   2.9   3   4   5.8e-18   7.1e-16   55.8   0.0   125   228   603   715   591   738 0.86 length=877	scaffold=scaffold01062	strand=-	adjustedToFrame=2
3411_g               -            877 5210at5820           -            448   1.2e-24   84.8   2.9   4   4     2e-05    0.0024   14.5   0.0   221   299   748   825   741   847 0.73 length=877	scaffold=scaffold01062	strand=-	adjustedToFrame=2
4034_g               -            619 5210at5820           -            448   1.1e-22   78.3   2.6   1   1   8.8e-25   1.1e-22   78.3   2.6    30   204   366   566   358   576 0.80 length=619	scaffold=scaffold01621	strand=-	adjustedToFrame=3
159_g                -            313 5210at5820           -            448     4e-21   73.1   4.6   1   2   3.9e-18   4.7e-16   56.4   3.2    81   226    68   226    45   244 0.80 length=313	scaffold=scaffold00009	strand=-	adjustedToFrame=2
159_g                -            313 5210at5820           -            448     4e-21   73.1   4.6   2   2   6.2e-06   0.00075   16.2   0.0   241   273   275   307   252   311 0.89 length=313	scaffold=scaffold00009	strand=-	adjustedToFrame=2
2390_g               -            587 5210at5820           -            448   1.8e-20   70.9  10.8   1   2   1.4e-13   1.7e-11   41.4   4.1    65   166   221   324   196   337 0.83 length=587	scaffold=scaffold00497	strand=+
2390_g               -            587 5210at5820           -            448   1.8e-20   70.9  10.8   2   2   4.2e-11   5.1e-09   33.2   0.5   197   270   520   586   402   586 0.88 length=587	scaffold=scaffold00497	strand=+
1507_g               -           1229 5210at5820           -            448   2.5e-20   70.5  13.1   1   1   5.6e-22   6.7e-20   69.1  13.1    37   287    15   286     5   322 0.75 length=1229	scaffold=scaffold00229	strand=-
574_g                -           1016 5210at5820           -            448   8.2e-19   65.5   2.5   1   1   3.9e-20   4.7e-18   63.0   2.3    36   271    65   343    52   353 0.75 length=1016	scaffold=scaffold00057	strand=-
109_g                -            145 5210at5820           -            448   1.4e-16   58.1   1.6   1   1   1.3e-18   1.6e-16   58.0   1.6   311   447     6   138     1   139 0.78 length=145	scaffold=scaffold00006	strand=-
229_g                -           1128 5210at5820           -            448   5.3e-16   56.2   8.1   1   3   9.6e-14   1.2e-11   41.9   6.0    34   174   119   270    99   276 0.83 length=1128	scaffold=scaffold00016	strand=+
229_g                -           1128 5210at5820           -            448   5.3e-16   56.2   8.1   2   3      0.26        31    1.0   0.0   176   208   302   337   296   344 0.76 length=1128	scaffold=scaffold00016	strand=+
229_g                -           1128 5210at5820           -            448   5.3e-16   56.2   8.1   3   3   0.00033      0.04   10.5   0.0   233   273   418   458   405   480 0.86 length=1128	scaffold=scaffold00016	strand=+
1764_g               -            234 5210at5820           -            448   5.6e-16   56.2   0.0   1   1   5.2e-18   6.3e-16   56.0   0.0   164   275    17   140     8   222 0.79 length=234	scaffold=scaffold00292	strand=+	adjustedToFrame=2
1696_g               -            415 5210at5820           -            448     7e-14   49.3   1.4   1   1   5.8e-16     7e-14   49.3   1.4    30   171    65   218    55   252 0.71 length=415	scaffold=scaffold00273	strand=-
1688_g               -            647 5210at5820           -            448   1.1e-13   48.6   4.4   1   3     0.082       9.9    2.6   0.0    34    56    23    43    11    72 0.74 length=647	scaffold=scaffold00271	strand=-
1688_g               -            647 5210at5820           -            448   1.1e-13   48.6   4.4   2   3   3.8e-10   4.6e-08   30.1   0.5    80   189   153   281   118   350 0.64 length=647	scaffold=scaffold00271	strand=-
1688_g               -            647 5210at5820           -            448   1.1e-13   48.6   4.4   3   3   0.00025      0.03   10.9   0.0   239   273   385   419   359   471 0.81 length=647	scaffold=scaffold00271	strand=-
3118_g               -            750 5210at5820           -            448   3.8e-12   43.5   6.1   1   3   1.3e-05    0.0016   15.1   2.2    26   108   479   566   460   571 0.83 length=750	scaffold=scaffold00857	strand=+
3118_g               -            750 5210at5820           -            448   3.8e-12   43.5   6.1   2   3   1.6e-05    0.0019   14.9   0.0   147   212   574   645   568   670 0.76 length=750	scaffold=scaffold00857	strand=+
3118_g               -            750 5210at5820           -            448   3.8e-12   43.5   6.1   3   3   5.9e-05    0.0071   13.0   0.0   244   276   710   742   683   746 0.85 length=750	scaffold=scaffold00857	strand=+
3635_g               -            463 5210at5820           -            448   3.2e-11   40.5  10.9   1   1   4.6e-13   5.5e-11   39.7  10.9    21   169   264   421   245   427 0.79 length=463	scaffold=scaffold01242	strand=+
2166_g               -            585 5210at5820           -            448   3.5e-09   33.8  12.8   1   3   2.4e-07   2.8e-05   20.9   1.0    37    97    41    97    35   114 0.68 length=585	scaffold=scaffold00414	strand=+
2166_g               -            585 5210at5820           -            448   3.5e-09   33.8  12.8   2   3   4.4e-06   0.00053   16.7   0.9   124   158   276   310   235   314 0.70 length=585	scaffold=scaffold00414	strand=+
2166_g               -            585 5210at5820           -            448   3.5e-09   33.8  12.8   3   3     0.085        10    2.6   0.2   160   202   529   578   522   583 0.70 length=585	scaffold=scaffold00414	strand=+
2345_g               -            307 5210at5820           -            448     6e-09   33.0   8.3   1   1     6e-11   7.3e-09   32.7   8.3    88   278    79   283    32   301 0.75 length=307	scaffold=scaffold00478	strand=+
2410_g               -            133 5210at5820           -            448   6.6e-07   26.3   0.1   1   1   5.6e-09   6.7e-07   26.2   0.1   148   223     2    82     1   130 0.71 length=133	scaffold=scaffold00503	strand=-
3519_g               -            151 5210at5820           -            448   0.00016   18.4   4.8   1   1   3.5e-06   0.00043   17.0   4.7   316   410    38   138    30   151 0.70 length=151	scaffold=scaffold01152	strand=+
#
# Program:         hmmsearch
# Version:         3.1b2 (February 2015)
# Pipeline mode:   SEARCH
# Query file:      /export/home/bio1901/Documents/29_BINP/OrthoSearch/busco_downloads/lineages/plasmodium_odb10/hmms/5210at5820.hmm
# Target file:     Results/1_GeneSequences/PB.faa
# Option settings: /home/users/bio1901/miniconda3/envs/busco/bin/hmmsearch --domtblout /export/home/bio1901/Documents/29_BINP/OrthoSearch/PB/run_plasmodium_odb10/hmmer_output/5210at5820.out --cpu 1 /export/home/bio1901/Documents/29_BINP/OrthoSearch/busco_downloads/lineages/plasmodium_odb10/hmms/5210at5820.hmm Results/1_GeneSequences/PB.faa 
# Current dir:     /export/home/bio1901/Documents/29_BINP/OrthoSearch
# Date:            Sun Mar 15 18:07:18 2020
# [ok]
