#                                                                            --- full sequence --- -------------- this domain -------------   hmm coord   ali coord   env coord
# target name        accession   tlen query name           accession   qlen   E-value  score  bias   #  of  c-Evalue  i-Evalue  score  bias  from    to  from    to  from    to  acc description of target
#------------------- ---------- ----- -------------------- ---------- ----- --------- ------ ----- --- --- --------- --------- ------ ----- ----- ----- ----- ----- ----- ----- ---- ---------------------
3672_g               -            522 5218at5820           -            473  3.6e-180  597.8  29.8   1   1    7e-183  4.6e-180  597.4  29.8     2   472     6   520     5   521 0.92 length=522	scaffold=scaffold01278	strand=-
3362_g               -            624 5218at5820           -            473   1.3e-09   35.4  10.8   1   3   1.5e-08   9.9e-06   22.6   1.8   168   294   286   406   279   408 0.87 length=624	scaffold=scaffold01024	strand=-
3362_g               -            624 5218at5820           -            473   1.3e-09   35.4  10.8   2   3   4.4e-07   0.00029   17.7   0.2   248   336   402   493   389   514 0.79 length=624	scaffold=scaffold01024	strand=-
3362_g               -            624 5218at5820           -            473   1.3e-09   35.4  10.8   3   3     0.067        44    0.7   0.2   209   275   541   609   522   615 0.71 length=624	scaffold=scaffold01024	strand=-
334_g                -            601 5218at5820           -            473   1.3e-09   35.4  11.1   1   4      0.58   3.8e+02   -2.4   0.1   143   200    43   102     5   156 0.69 length=601	scaffold=scaffold00027	strand=-
334_g                -            601 5218at5820           -            473   1.3e-09   35.4  11.1   2   4   5.9e-06    0.0039   14.0   0.0   263   313   326   380   317   385 0.83 length=601	scaffold=scaffold00027	strand=-
334_g                -            601 5218at5820           -            473   1.3e-09   35.4  11.1   3   4    0.0001     0.067   10.0   0.3   236   354   383   510   380   531 0.72 length=601	scaffold=scaffold00027	strand=-
334_g                -            601 5218at5820           -            473   1.3e-09   35.4  11.1   4   4   4.3e-07   0.00029   17.8   0.3   253   315   533   599   519   600 0.79 length=601	scaffold=scaffold00027	strand=-
42_g                 -            534 5218at5820           -            473   6.8e-08   29.7  18.0   1   4   1.2e-09   7.9e-07   26.2   6.1   179   312    48   174    21   191 0.84 length=534	scaffold=scaffold00002	strand=-
42_g                 -            534 5218at5820           -            473   6.8e-08   29.7  18.0   2   4     0.097        65    0.1   0.3   209   276   253   323   240   366 0.56 length=534	scaffold=scaffold00002	strand=-
42_g                 -            534 5218at5820           -            473   6.8e-08   29.7  18.0   3   4     0.052        34    1.0   0.1   264   322   350   403   306   413 0.68 length=534	scaffold=scaffold00002	strand=-
42_g                 -            534 5218at5820           -            473   6.8e-08   29.7  18.0   4   4   0.00028      0.19    8.5   0.2   201   246   414   459   403   467 0.86 length=534	scaffold=scaffold00002	strand=-
3772_g               -            363 5218at5820           -            473   6.8e-07   26.4  10.6   1   3     0.004       2.6    4.7   0.1   288   317    75   104    59   115 0.83 length=363	scaffold=scaffold01372	strand=-
3772_g               -            363 5218at5820           -            473   6.8e-07   26.4  10.6   2   3   7.9e-05     0.053   10.3   0.1   245   294   114   163   107   172 0.88 length=363	scaffold=scaffold01372	strand=-
3772_g               -            363 5218at5820           -            473   6.8e-07   26.4  10.6   3   3   3.7e-06    0.0024   14.7   3.9   264   410   174   327   160   330 0.71 length=363	scaffold=scaffold01372	strand=-
1715_g               -            328 5218at5820           -            473   0.00011   19.2   1.2   1   2   5.7e-06    0.0038   14.1   0.3   264   363    66   180    26   183 0.74 length=328	scaffold=scaffold00278	strand=-
1715_g               -            328 5218at5820           -            473   0.00011   19.2   1.2   2   2    0.0041       2.7    4.6   0.1   281   327   174   223   170   248 0.76 length=328	scaffold=scaffold00278	strand=-
#
# Program:         hmmsearch
# Version:         3.1b2 (February 2015)
# Pipeline mode:   SEARCH
# Query file:      /export/home/bio1901/Documents/29_BINP/OrthoSearch/busco_downloads/lineages/plasmodium_odb10/hmms/5218at5820.hmm
# Target file:     Results/1_GeneSequences/PB.faa
# Option settings: /home/users/bio1901/miniconda3/envs/busco/bin/hmmsearch --domtblout /export/home/bio1901/Documents/29_BINP/OrthoSearch/PB/run_plasmodium_odb10/hmmer_output/5218at5820.out --cpu 1 /export/home/bio1901/Documents/29_BINP/OrthoSearch/busco_downloads/lineages/plasmodium_odb10/hmms/5218at5820.hmm Results/1_GeneSequences/PB.faa 
# Current dir:     /export/home/bio1901/Documents/29_BINP/OrthoSearch
# Date:            Sun Mar 15 18:07:18 2020
# [ok]
