#                                                                            --- full sequence --- -------------- this domain -------------   hmm coord   ali coord   env coord
# target name        accession   tlen query name           accession   qlen   E-value  score  bias   #  of  c-Evalue  i-Evalue  score  bias  from    to  from    to  from    to  acc description of target
#------------------- ---------- ----- -------------------- ---------- ----- --------- ------ ----- --- --- --------- --------- ------ ----- ----- ----- ----- ----- ----- ----- ---- ---------------------
765_g                -            669 5219at5820           -            490  2.2e-208  691.0  97.6   1   3   2.9e-72   3.9e-69  231.7  39.1     1   206     1   219     1   236 0.80 length=669	scaffold=scaffold00084	strand=-
765_g                -            669 5219at5820           -            490  2.2e-208  691.0  97.6   2   3   1.7e-46   2.2e-43  146.7  20.3   146   263   220   341   211   360 0.86 length=669	scaffold=scaffold00084	strand=-
765_g                -            669 5219at5820           -            490  2.2e-208  691.0  97.6   3   3    5e-100   6.6e-97  323.3  25.2   260   490   416   668   406   668 0.90 length=669	scaffold=scaffold00084	strand=-
2872_g               -            455 5219at5820           -            490   7.5e-51  171.4  41.2   1   4   3.2e-22   4.3e-19   66.6  15.0     2   130     4   136     3   145 0.89 length=455	scaffold=scaffold00715	strand=-
2872_g               -            455 5219at5820           -            490   7.5e-51  171.4  41.2   2   4   2.5e-16   3.3e-13   47.2   3.6   181   263   140   224   132   235 0.83 length=455	scaffold=scaffold00715	strand=-
2872_g               -            455 5219at5820           -            490   7.5e-51  171.4  41.2   3   4   2.3e-10     3e-07   27.6   2.7   262   394   258   379   247   401 0.74 length=455	scaffold=scaffold00715	strand=-
2872_g               -            455 5219at5820           -            490   7.5e-51  171.4  41.2   4   4   3.7e-15   4.9e-12   43.3   0.5   440   489   402   451   393   452 0.95 length=455	scaffold=scaffold00715	strand=-
1407_g               -           2295 5219at5820           -            490   7.5e-21   72.4  43.1   1   4      0.29   3.8e+02   -2.5   0.2   260   324   514   581   498   592 0.60 length=2295	scaffold=scaffold00206	strand=-
1407_g               -           2295 5219at5820           -            490   7.5e-21   72.4  43.1   2   4      0.68     9e+02   -3.7   1.4    76   103   973  1000   954  1034 0.65 length=2295	scaffold=scaffold00206	strand=-
1407_g               -           2295 5219at5820           -            490   7.5e-21   72.4  43.1   3   4   1.4e-09   1.9e-06   24.9   9.2    12   147  2004  2142  1996  2151 0.82 length=2295	scaffold=scaffold00206	strand=-
1407_g               -           2295 5219at5820           -            490   7.5e-21   72.4  43.1   4   4   3.6e-21   4.8e-18   63.2  12.6   200   314  2158  2285  2144  2292 0.83 length=2295	scaffold=scaffold00206	strand=-
#
# Program:         hmmsearch
# Version:         3.1b2 (February 2015)
# Pipeline mode:   SEARCH
# Query file:      /export/home/bio1901/Documents/29_BINP/OrthoSearch/busco_downloads/lineages/plasmodium_odb10/hmms/5219at5820.hmm
# Target file:     Results/1_GeneSequences/PB.faa
# Option settings: /home/users/bio1901/miniconda3/envs/busco/bin/hmmsearch --domtblout /export/home/bio1901/Documents/29_BINP/OrthoSearch/PB/run_plasmodium_odb10/hmmer_output/5219at5820.out --cpu 1 /export/home/bio1901/Documents/29_BINP/OrthoSearch/busco_downloads/lineages/plasmodium_odb10/hmms/5219at5820.hmm Results/1_GeneSequences/PB.faa 
# Current dir:     /export/home/bio1901/Documents/29_BINP/OrthoSearch
# Date:            Sun Mar 15 18:07:18 2020
# [ok]
