#                                                                            --- full sequence --- -------------- this domain -------------   hmm coord   ali coord   env coord
# target name        accession   tlen query name           accession   qlen   E-value  score  bias   #  of  c-Evalue  i-Evalue  score  bias  from    to  from    to  from    to  acc description of target
#------------------- ---------- ----- -------------------- ---------- ----- --------- ------ ----- --- --- --------- --------- ------ ----- ----- ----- ----- ----- ----- ----- ---- ---------------------
2422_g               -            654 5227at5820           -            467  1.3e-263  872.6  15.2   1   1  1.5e-265  2.4e-263  871.7  15.2     4   421   229   646   220   652 0.99 length=654	scaffold=scaffold00506	strand=-
3057_g               -            814 5227at5820           -            467   2.1e-65  219.1   8.5   1   1   2.5e-67   4.2e-65  218.1   8.5    12   372   202   557   187   595 0.90 length=814	scaffold=scaffold00819	strand=+
2360_g               -            960 5227at5820           -            467   5.3e-61  204.6  28.5   1   1   6.1e-63     1e-60  203.6  28.5     8   448   121   570   110   592 0.85 length=960	scaffold=scaffold00485	strand=-
207_g                -            641 5227at5820           -            467   4.1e-59  198.3   0.7   1   1   3.6e-61   6.1e-59  197.8   0.7    15   382   194   569   191   575 0.89 length=641	scaffold=scaffold00014	strand=+
4074_g               -            889 5227at5820           -            467   6.4e-58  194.4   8.6   1   3   3.9e-60   6.4e-58  194.4   8.6    34   402    80   448    69   472 0.87 length=889	scaffold=scaffold01665	strand=-	adjustedToFrame=3
4074_g               -            889 5227at5820           -            467   6.4e-58  194.4   8.6   2   3       4.9   8.1e+02   -3.8   0.1     7    71   685   751   680   761 0.66 length=889	scaffold=scaffold01665	strand=-	adjustedToFrame=3
4074_g               -            889 5227at5820           -            467   6.4e-58  194.4   8.6   3   3         3   4.9e+02   -3.0   0.1   390   423   813   846   806   849 0.81 length=889	scaffold=scaffold01665	strand=-	adjustedToFrame=3
3581_g               -           1373 5227at5820           -            467   6.6e-54  181.2  19.1   1   1   9.5e-56   1.6e-53  179.9  19.1     7   367   210   573   199   589 0.85 length=1373	scaffold=scaffold01199	strand=+
1604_g               -            597 5227at5820           -            467   9.7e-53  177.3  23.6   1   1   7.6e-55   1.3e-52  177.0  23.6    18   455   120   575    99   589 0.77 length=597	scaffold=scaffold00250	strand=-	adjustedToFrame=2
2139_g               -            551 5227at5820           -            467   1.9e-52  176.4  11.8   1   1   1.5e-54   2.5e-52  176.0  11.8     4   371   115   490   108   538 0.85 length=551	scaffold=scaffold00403	strand=+
1035_g               -            652 5227at5820           -            467     6e-51  171.4  12.1   1   2   4.9e-10   8.2e-08   29.2   0.0    14    74   234   293   224   304 0.88 length=652	scaffold=scaffold00126	strand=-	adjustedToFrame=2
1035_g               -            652 5227at5820           -            467     6e-51  171.4  12.1   2   2   1.7e-44   2.8e-42  142.8   9.2    86   362   336   614   327   648 0.87 length=652	scaffold=scaffold00126	strand=-	adjustedToFrame=2
1618_g               -            391 5227at5820           -            467   9.3e-50  167.5   3.4   1   1   6.6e-52   1.1e-49  167.3   3.4     8   383    11   382     3   390 0.92 length=391	scaffold=scaffold00254	strand=-
3826_g               -           1126 5227at5820           -            467   1.8e-47  160.0   0.0   1   1   2.7e-47   4.5e-45  152.1   0.0    16   382   702  1093   699  1101 0.87 length=1126	scaffold=scaffold01419	strand=-	adjustedToFrame=3
1937_g               -           1358 5227at5820           -            467   7.5e-47  157.9  20.1   1   3   1.6e-10   2.6e-08   30.9   0.2     5    80   162   238   155   245 0.84 length=1358	scaffold=scaffold00342	strand=+	adjustedToFrame=2
1937_g               -           1358 5227at5820           -            467   7.5e-47  157.9  20.1   2   3   6.7e-43   1.1e-40  137.6   5.9    88   367   313   598   303   635 0.86 length=1358	scaffold=scaffold00342	strand=+	adjustedToFrame=2
1937_g               -           1358 5227at5820           -            467   7.5e-47  157.9  20.1   3   3       6.9   1.1e+03   -4.2   1.5   364   433   716   782   701   791 0.63 length=1358	scaffold=scaffold00342	strand=+	adjustedToFrame=2
1925_g               -            866 5227at5820           -            467   7.5e-44  148.0   5.6   1   2   4.3e-20   7.2e-18   62.4   0.3    18   187   316   503   301   511 0.79 length=866	scaffold=scaffold00338	strand=-
1925_g               -            866 5227at5820           -            467   7.5e-44  148.0   5.6   2   2   3.9e-27   6.4e-25   85.6   0.8   192   358   543   708   537   728 0.94 length=866	scaffold=scaffold00338	strand=-
2407_g               -            396 5227at5820           -            467   2.9e-43  146.1   0.4   1   1   2.2e-45   3.7e-43  145.7   0.4    15   367    25   368    12   392 0.88 length=396	scaffold=scaffold00502	strand=+
1091_g               -            493 5227at5820           -            467   9.4e-39  131.2   2.4   1   2   6.5e-08   1.1e-05   22.2   0.0    14    74   152   212   138   220 0.89 length=493	scaffold=scaffold00138	strand=-
1091_g               -            493 5227at5820           -            467   9.4e-39  131.2   2.4   2   2   6.3e-34   1.1e-31  108.0   1.4   118   351   219   450   213   472 0.92 length=493	scaffold=scaffold00138	strand=-
2156_g               -            475 5227at5820           -            467   2.8e-37  126.3   5.3   1   2   1.5e-06   0.00025   17.7   0.0    17    73    62   118    51   124 0.85 length=475	scaffold=scaffold00410	strand=+
2156_g               -            475 5227at5820           -            467   2.8e-37  126.3   5.3   2   2   6.9e-34   1.1e-31  107.8   4.0    91   366   164   443   157   464 0.88 length=475	scaffold=scaffold00410	strand=+
3437_g               -            903 5227at5820           -            467   2.7e-34  116.5  43.6   1   3   5.6e-25   9.3e-23   78.5   3.2    36   207   245   422   216   441 0.84 length=903	scaffold=scaffold01083	strand=+
3437_g               -            903 5227at5820           -            467   2.7e-34  116.5  43.6   2   3    0.0035      0.59    6.6   5.3   160   284   522   648   492   675 0.78 length=903	scaffold=scaffold01083	strand=+
3437_g               -            903 5227at5820           -            467   2.7e-34  116.5  43.6   3   3   4.2e-17     7e-15   52.5   9.3   279   452   734   898   694   901 0.89 length=903	scaffold=scaffold01083	strand=+
1972_g               -            784 5227at5820           -            467     6e-32  108.8  27.2   1   3      0.48        80   -0.4   0.3   250   282   108   141    88   159 0.78 length=784	scaffold=scaffold00352	strand=-
1972_g               -            784 5227at5820           -            467     6e-32  108.8  27.2   2   3     5e-10   8.3e-08   29.2   0.2     2    81   190   270   186   276 0.84 length=784	scaffold=scaffold00352	strand=-
1972_g               -            784 5227at5820           -            467     6e-32  108.8  27.2   3   3   2.8e-27   4.6e-25   86.1  16.1    89   376   314   600   301   632 0.82 length=784	scaffold=scaffold00352	strand=-
291_g                -           1572 5227at5820           -            467   2.3e-26   90.4  17.0   1   1   7.1e-28   1.2e-25   88.0  17.0    10   402   414   837   404   866 0.75 length=1572	scaffold=scaffold00022	strand=-
3083_g               -           1381 5227at5820           -            467   1.9e-21   74.2  17.0   1   3     4e-08   6.7e-06   22.9   0.0    16    77     4    65     2    72 0.80 length=1381	scaffold=scaffold00835	strand=-
3083_g               -           1381 5227at5820           -            467   1.9e-21   74.2  17.0   2   3   2.9e-08   4.8e-06   23.4   9.7    90   290   388   589   376   634 0.72 length=1381	scaffold=scaffold00835	strand=-
3083_g               -           1381 5227at5820           -            467   1.9e-21   74.2  17.0   3   3   3.1e-10   5.1e-08   29.9   0.2   286   362   659   733   619   779 0.86 length=1381	scaffold=scaffold00835	strand=-
3792_g               -            650 5227at5820           -            467   3.6e-21   73.2  22.5   1   2   1.4e-12   2.4e-10   37.6   0.4    11    95    47   131    34   140 0.91 length=650	scaffold=scaffold01388	strand=-	adjustedToFrame=2
3792_g               -            650 5227at5820           -            467   3.6e-21   73.2  22.5   2   2   6.3e-11     1e-08   32.2  15.5    90   268   362   576   344   583 0.70 length=650	scaffold=scaffold01388	strand=-	adjustedToFrame=2
3052_g               -            883 5227at5820           -            467   5.7e-14   49.5  14.2   1   3   6.1e-06     0.001   15.7   0.8    51   105   280   332   232   354 0.79 length=883	scaffold=scaffold00817	strand=+
3052_g               -            883 5227at5820           -            467   5.7e-14   49.5  14.2   2   3      0.59        99   -0.7   1.0   126   174   427   486   421   564 0.52 length=883	scaffold=scaffold00817	strand=+
3052_g               -            883 5227at5820           -            467   5.7e-14   49.5  14.2   3   3   9.9e-14   1.6e-11   41.4   0.4   294   377   699   782   660   843 0.77 length=883	scaffold=scaffold00817	strand=+
3791_g               -            385 5227at5820           -            467   4.5e-10   36.7  13.1   1   2   1.1e-08   1.9e-06   24.7   4.9   318   388     2    70     1   153 0.80 length=385	scaffold=scaffold01388	strand=-
3791_g               -            385 5227at5820           -            467   4.5e-10   36.7  13.1   2   2   8.8e-05     0.015   11.9   6.3   398   460   165   227   103   233 0.82 length=385	scaffold=scaffold01388	strand=-
1049_g               -            804 5227at5820           -            467   1.9e-06   24.7   1.8   1   1   3.6e-07     6e-05   19.8   1.8   240   366   365   490    97   503 0.56 length=804	scaffold=scaffold00129	strand=+
#
# Program:         hmmsearch
# Version:         3.1b2 (February 2015)
# Pipeline mode:   SEARCH
# Query file:      /export/home/bio1901/Documents/29_BINP/OrthoSearch/busco_downloads/lineages/plasmodium_odb10/hmms/5227at5820.hmm
# Target file:     Results/1_GeneSequences/PB.faa
# Option settings: /home/users/bio1901/miniconda3/envs/busco/bin/hmmsearch --domtblout /export/home/bio1901/Documents/29_BINP/OrthoSearch/PB/run_plasmodium_odb10/hmmer_output/5227at5820.out --cpu 1 /export/home/bio1901/Documents/29_BINP/OrthoSearch/busco_downloads/lineages/plasmodium_odb10/hmms/5227at5820.hmm Results/1_GeneSequences/PB.faa 
# Current dir:     /export/home/bio1901/Documents/29_BINP/OrthoSearch
# Date:            Sun Mar 15 18:07:19 2020
# [ok]
