#                                                                            --- full sequence --- -------------- this domain -------------   hmm coord   ali coord   env coord
# target name        accession   tlen query name           accession   qlen   E-value  score  bias   #  of  c-Evalue  i-Evalue  score  bias  from    to  from    to  from    to  acc description of target
#------------------- ---------- ----- -------------------- ---------- ----- --------- ------ ----- --- --- --------- --------- ------ ----- ----- ----- ----- ----- ----- ----- ---- ---------------------
431_g                -            933 5341at5820           -            799  1.9e-121  404.7  90.4   1   4   7.1e-23   1.1e-20   71.5  17.0    80   177   135   252   105   263 0.76 length=933	scaffold=scaffold00038	strand=-	adjustedToFrame=2
431_g                -            933 5341at5820           -            799  1.9e-121  404.7  90.4   2   4       7.5   1.1e+03   -4.6  11.2   421   515   266   354   254   379 0.41 length=933	scaffold=scaffold00038	strand=-	adjustedToFrame=2
431_g                -            933 5341at5820           -            799  1.9e-121  404.7  90.4   3   4  1.5e-106  2.3e-104  348.2  65.4   157   585   345   830   326   832 0.67 length=933	scaffold=scaffold00038	strand=-	adjustedToFrame=2
431_g                -            933 5341at5820           -            799  1.9e-121  404.7  90.4   4   4   0.00027      0.04   10.0  17.7   441   582   778   929   751   932 0.56 length=933	scaffold=scaffold00038	strand=-	adjustedToFrame=2
1330_g               -            275 5341at5820           -            799     0.002   14.4  26.5   1   1   1.5e-05    0.0023   14.2  26.5   426   629    15   217     3   271 0.41 length=275	scaffold=scaffold00187	strand=-
1313_g               -            158 5341at5820           -            799    0.0039   13.4   5.0   1   1     3e-05    0.0045   13.2   5.0   446   558     6   125     2   148 0.64 length=158	scaffold=scaffold00184	strand=+
615_g                -            271 5341at5820           -            799     0.079    9.1  13.0   1   1   0.00061      0.09    8.9  13.0   433   532    81   182     9   238 0.55 length=271	scaffold=scaffold00062	strand=+
2678_g               -            394 5341at5820           -            799      0.09    8.9  33.9   1   1    0.0011      0.16    8.1  33.9   385   640    14   285     5   291 0.50 length=394	scaffold=scaffold00612	strand=-	adjustedToFrame=2
2855_g               -            309 5341at5820           -            799      0.18    7.9  10.3   1   1    0.0012      0.17    8.0  10.3   462   547    69   135    18   271 0.62 length=309	scaffold=scaffold00707	strand=-
1850_g               -            369 5341at5820           -            799      0.29    7.2  17.8   1   1    0.0027       0.4    6.7  17.8   463   547    15    98     2   144 0.50 length=369	scaffold=scaffold00316	strand=-
4056_g               -            151 5341at5820           -            799      0.38    6.8  11.9   1   1     0.003      0.44    6.6  11.9   463   538    50   118    15   145 0.40 length=151	scaffold=scaffold01646	strand=-
3106_g               -            227 5341at5820           -            799      0.79    5.8  17.3   1   1    0.0062      0.92    5.6  17.3   428   547    28   150     9   205 0.39 length=227	scaffold=scaffold00850	strand=+	adjustedToFrame=2
1410_g               -            164 5341at5820           -            799         1    5.4  21.1   1   1    0.0079       1.2    5.2  21.1   446   538    13   119     1   162 0.28 length=164	scaffold=scaffold00206	strand=+
1582_g               -            155 5341at5820           -            799       1.1    5.3   6.9   1   1    0.0067         1    5.4   6.9   481   547    81   150    16   154 0.65 length=155	scaffold=scaffold00246	strand=-
2214_g               -            136 5341at5820           -            799       1.3    5.0  16.2   1   1    0.0099       1.5    4.9  16.2   487   601    10   123     1   133 0.34 length=136	scaffold=scaffold00428	strand=-
3051_g               -            389 5341at5820           -            799       1.3    5.0  26.7   1   1     0.015       2.3    4.3  26.7   414   577   115   283    80   306 0.51 length=389	scaffold=scaffold00817	strand=-
3721_g               -            217 5341at5820           -            799       1.4    5.0  30.3   1   1     0.012       1.7    4.7  30.3   403   554    38   194    17   213 0.45 length=217	scaffold=scaffold01328	strand=+
398_g                -            288 5341at5820           -            799       1.7    4.6  22.1   1   1     0.017       2.5    4.1  22.1   413   519   183   280   116   286 0.40 length=288	scaffold=scaffold00034	strand=+
2094_g               -            104 5341at5820           -            799       1.8    4.6  12.2   1   1     0.013       1.9    4.5  12.2   452   501    46    95    16   102 0.37 length=104	scaffold=scaffold00390	strand=+
1983_g               -            113 5341at5820           -            799       2.3    4.3  16.0   1   1     0.018       2.6    4.0  16.0   446   522     8    90     2   108 0.44 length=113	scaffold=scaffold00355	strand=-
462_g                -            248 5341at5820           -            799       2.9    3.9  11.4   1   1     0.026       3.9    3.5  11.4   435   535    18   125     4   135 0.46 length=248	scaffold=scaffold00042	strand=-
3837_g               -            193 5341at5820           -            799       3.7    3.5  19.8   1   1      0.03       4.5    3.3  19.8   471   576    56   157     8   191 0.50 length=193	scaffold=scaffold01428	strand=+
3032_g               -            110 5341at5820           -            799       4.2    3.4  16.3   1   1     0.031       4.5    3.3  16.3   442   525    23   105     2   109 0.49 length=110	scaffold=scaffold00806	strand=+
1515_g               -            257 5341at5820           -            799       4.3    3.3  18.8   1   1     0.033       4.9    3.1  18.8   452   588    25   183     4   238 0.67 length=257	scaffold=scaffold00230	strand=+
1079_g               -            129 5341at5820           -            799       6.1    2.8  13.6   1   1     0.044       6.5    2.7  13.6   451   538    11    93     2   127 0.40 length=129	scaffold=scaffold00136	strand=+
2414_g               -            205 5341at5820           -            799       7.2    2.6  15.3   1   1     0.053       7.8    2.5  15.3   425   518    68   163    31   198 0.43 length=205	scaffold=scaffold00504	strand=+
2936_g               -            148 5341at5820           -            799       7.2    2.6  18.2   1   1     0.049       7.2    2.6  18.2   416   517    11   114     2   147 0.44 length=148	scaffold=scaffold00750	strand=+	adjustedToFrame=2
764_g                -            296 5341at5820           -            799       7.7    2.5  32.3   1   2     0.038       5.6    3.0  29.5   446   578    51   182     2   224 0.57 length=296	scaffold=scaffold00084	strand=+
764_g                -            296 5341at5820           -            799       7.7    2.5  32.3   2   2     0.094        14    1.6   1.9   190   223   181   216   173   263 0.69 length=296	scaffold=scaffold00084	strand=+
2443_g               -            192 5341at5820           -            799       7.8    2.5   9.8   1   1     0.065       9.5    2.2   9.8   413   488   113   187   103   192 0.67 length=192	scaffold=scaffold00514	strand=+
3680_g               -            298 5341at5820           -            799       8.7    2.3  36.7   1   1     0.079        12    1.9  36.7   357   587    25   293    22   297 0.42 length=298	scaffold=scaffold01284	strand=+
#
# Program:         hmmsearch
# Version:         3.1b2 (February 2015)
# Pipeline mode:   SEARCH
# Query file:      /export/home/bio1901/Documents/29_BINP/OrthoSearch/busco_downloads/lineages/plasmodium_odb10/hmms/5341at5820.hmm
# Target file:     Results/1_GeneSequences/PB.faa
# Option settings: /home/users/bio1901/miniconda3/envs/busco/bin/hmmsearch --domtblout /export/home/bio1901/Documents/29_BINP/OrthoSearch/PB/run_plasmodium_odb10/hmmer_output/5341at5820.out --cpu 1 /export/home/bio1901/Documents/29_BINP/OrthoSearch/busco_downloads/lineages/plasmodium_odb10/hmms/5341at5820.hmm Results/1_GeneSequences/PB.faa 
# Current dir:     /export/home/bio1901/Documents/29_BINP/OrthoSearch
# Date:            Sun Mar 15 18:08:06 2020
# [ok]
