#                                                                            --- full sequence --- -------------- this domain -------------   hmm coord   ali coord   env coord
# target name        accession   tlen query name           accession   qlen   E-value  score  bias   #  of  c-Evalue  i-Evalue  score  bias  from    to  from    to  from    to  acc description of target
#------------------- ---------- ----- -------------------- ---------- ----- --------- ------ ----- --- --- --------- --------- ------ ----- ----- ----- ----- ----- ----- ----- ---- ---------------------
1615_g               -            484 5343at5820           -            436  9.4e-246  813.4  13.6   1   1  8.2e-249  1.1e-245  813.2  13.6     1   436     7   474     7   474 0.95 length=484	scaffold=scaffold00253	strand=-
2148_g               -           2492 5343at5820           -            436   2.5e-19   67.3  42.7   1   7    0.0079        11    2.6   1.1   218   332    13   134     7   152 0.65 length=2492	scaffold=scaffold00407	strand=-
2148_g               -           2492 5343at5820           -            436   2.5e-19   67.3  42.7   2   7   8.3e-05      0.11    9.1   0.0   114   144   300   330   286   348 0.80 length=2492	scaffold=scaffold00407	strand=-
2148_g               -           2492 5343at5820           -            436   2.5e-19   67.3  42.7   3   7   3.3e-09   4.4e-06   23.7   6.6    72   151   394   477   380   589 0.71 length=2492	scaffold=scaffold00407	strand=-
2148_g               -           2492 5343at5820           -            436   2.5e-19   67.3  42.7   4   7   7.7e-10     1e-06   25.7   2.4    63   146   705   794   698   802 0.85 length=2492	scaffold=scaffold00407	strand=-
2148_g               -           2492 5343at5820           -            436   2.5e-19   67.3  42.7   5   7   9.2e-10   1.2e-06   25.5   1.3    59   142   755   841   746   847 0.80 length=2492	scaffold=scaffold00407	strand=-
2148_g               -           2492 5343at5820           -            436   2.5e-19   67.3  42.7   6   7   9.8e-07    0.0013   15.5   0.1   238   342   850   952   843   969 0.79 length=2492	scaffold=scaffold00407	strand=-
2148_g               -           2492 5343at5820           -            436   2.5e-19   67.3  42.7   7   7    0.0018       2.4    4.8   1.8   223   361   942  1070   940  1087 0.71 length=2492	scaffold=scaffold00407	strand=-
1314_g               -            508 5343at5820           -            436   3.6e-19   66.8  20.3   1   5       0.1   1.4e+02   -1.1   0.2   321   359    89   129    82   145 0.70 length=508	scaffold=scaffold00184	strand=+
1314_g               -            508 5343at5820           -            436   3.6e-19   66.8  20.3   2   5   5.6e-09   7.4e-06   22.9   0.3   281   358   158   238   148   244 0.80 length=508	scaffold=scaffold00184	strand=+
1314_g               -            508 5343at5820           -            436   3.6e-19   66.8  20.3   3   5   4.4e-13   5.9e-10   36.4   0.4    57   146   259   356   241   364 0.81 length=508	scaffold=scaffold00184	strand=+
1314_g               -            508 5343at5820           -            436   3.6e-19   66.8  20.3   4   5   2.7e-11   3.6e-08   30.5   1.8    64   141   322   410   318   421 0.82 length=508	scaffold=scaffold00184	strand=+
1314_g               -            508 5343at5820           -            436   3.6e-19   66.8  20.3   5   5    0.0026       3.5    4.2   0.3   114   146   431   465   420   481 0.70 length=508	scaffold=scaffold00184	strand=+
#
# Program:         hmmsearch
# Version:         3.1b2 (February 2015)
# Pipeline mode:   SEARCH
# Query file:      /export/home/bio1901/Documents/29_BINP/OrthoSearch/busco_downloads/lineages/plasmodium_odb10/hmms/5343at5820.hmm
# Target file:     Results/1_GeneSequences/PB.faa
# Option settings: /home/users/bio1901/miniconda3/envs/busco/bin/hmmsearch --domtblout /export/home/bio1901/Documents/29_BINP/OrthoSearch/PB/run_plasmodium_odb10/hmmer_output/5343at5820.out --cpu 1 /export/home/bio1901/Documents/29_BINP/OrthoSearch/busco_downloads/lineages/plasmodium_odb10/hmms/5343at5820.hmm Results/1_GeneSequences/PB.faa 
# Current dir:     /export/home/bio1901/Documents/29_BINP/OrthoSearch
# Date:            Sun Mar 15 18:08:06 2020
# [ok]
