#                                                                            --- full sequence --- -------------- this domain -------------   hmm coord   ali coord   env coord
# target name        accession   tlen query name           accession   qlen   E-value  score  bias   #  of  c-Evalue  i-Evalue  score  bias  from    to  from    to  from    to  acc description of target
#------------------- ---------- ----- -------------------- ---------- ----- --------- ------ ----- --- --- --------- --------- ------ ----- ----- ----- ----- ----- ----- ----- ---- ---------------------
1011_g               -           2331 537at5820            -           1767         0 1171.3 267.7   1  12   2.7e-39   3.6e-36  122.0  21.3    43   203     1   187     1   196 0.83 length=2331	scaffold=scaffold00121	strand=-
1011_g               -           2331 537at5820            -           1767         0 1171.3 267.7   2  12   5.1e-23   6.8e-20   68.1   4.1   215   291   301   376   280   407 0.81 length=2331	scaffold=scaffold00121	strand=-
1011_g               -           2331 537at5820            -           1767         0 1171.3 267.7   3  12   8.1e-15   1.1e-11   40.9   5.3   289   338   426   475   423   482 0.95 length=2331	scaffold=scaffold00121	strand=-
1011_g               -           2331 537at5820            -           1767         0 1171.3 267.7   4  12   8.5e-28   1.1e-24   83.9   2.5   527   600   518   591   505   594 0.87 length=2331	scaffold=scaffold00121	strand=-
1011_g               -           2331 537at5820            -           1767         0 1171.3 267.7   5  12   4.7e-76   6.2e-73  243.9  24.2   596   779   722   908   703   916 0.93 length=2331	scaffold=scaffold00121	strand=-
1011_g               -           2331 537at5820            -           1767         0 1171.3 267.7   6  12     1e-39   1.3e-36  123.5  21.3   768   886   932  1050   925  1067 0.95 length=2331	scaffold=scaffold00121	strand=-
1011_g               -           2331 537at5820            -           1767         0 1171.3 267.7   7  12     2e-45   2.7e-42  142.4  43.7   890  1100  1113  1359  1095  1409 0.79 length=2331	scaffold=scaffold00121	strand=-
1011_g               -           2331 537at5820            -           1767         0 1171.3 267.7   8  12   1.9e-24   2.5e-21   72.8   4.7  1087  1150  1460  1523  1451  1525 0.95 length=2331	scaffold=scaffold00121	strand=-
1011_g               -           2331 537at5820            -           1767         0 1171.3 267.7   9  12   8.3e-09   1.1e-05   21.0   6.1  1252  1318  1535  1600  1533  1690 0.83 length=2331	scaffold=scaffold00121	strand=-
1011_g               -           2331 537at5820            -           1767         0 1171.3 267.7  10  12   3.3e-54   4.4e-51  171.5  23.3  1333  1497  1756  1943  1739  1966 0.82 length=2331	scaffold=scaffold00121	strand=-
1011_g               -           2331 537at5820            -           1767         0 1171.3 267.7  11  12   1.4e-29   1.8e-26   89.9  12.5  1493  1600  1993  2100  1983  2131 0.87 length=2331	scaffold=scaffold00121	strand=-
1011_g               -           2331 537at5820            -           1767         0 1171.3 267.7  12  12   5.9e-18   7.8e-15   51.3  11.1  1610  1733  2194  2321  2170  2328 0.85 length=2331	scaffold=scaffold00121	strand=-
1997_g               -            620 537at5820            -           1767   4.3e-15   52.2  14.1   1   2   3.2e-09   4.2e-06   22.3   1.0   557   722   115   294    92   309 0.72 length=620	scaffold=scaffold00360	strand=-
1997_g               -            620 537at5820            -           1767   4.3e-15   52.2  14.1   2   2     6e-13   7.9e-10   34.7   6.1   548   733   373   556   350   611 0.79 length=620	scaffold=scaffold00360	strand=-
1950_g               -            905 537at5820            -           1767   5.9e-10   35.1  42.7   1   3   1.2e-05     0.015   10.5   0.9   531   579   238   287   217   322 0.80 length=905	scaffold=scaffold00346	strand=+
1950_g               -            905 537at5820            -           1767   5.9e-10   35.1  42.7   2   3     7e-06    0.0092   11.3  13.0   626   790   387   547   351   574 0.79 length=905	scaffold=scaffold00346	strand=+
1950_g               -            905 537at5820            -           1767   5.9e-10   35.1  42.7   3   3   8.3e-10   1.1e-06   24.3  13.9   536   733   691   879   670   891 0.79 length=905	scaffold=scaffold00346	strand=+
#
# Program:         hmmsearch
# Version:         3.1b2 (February 2015)
# Pipeline mode:   SEARCH
# Query file:      /export/home/bio1901/Documents/29_BINP/OrthoSearch/busco_downloads/lineages/plasmodium_odb10/hmms/537at5820.hmm
# Target file:     Results/1_GeneSequences/PB.faa
# Option settings: /home/users/bio1901/miniconda3/envs/busco/bin/hmmsearch --domtblout /export/home/bio1901/Documents/29_BINP/OrthoSearch/PB/run_plasmodium_odb10/hmmer_output/537at5820.out --cpu 1 /export/home/bio1901/Documents/29_BINP/OrthoSearch/busco_downloads/lineages/plasmodium_odb10/hmms/537at5820.hmm Results/1_GeneSequences/PB.faa 
# Current dir:     /export/home/bio1901/Documents/29_BINP/OrthoSearch
# Date:            Sun Mar 15 18:08:21 2020
# [ok]
