#                                                                            --- full sequence --- -------------- this domain -------------   hmm coord   ali coord   env coord
# target name        accession   tlen query name           accession   qlen   E-value  score  bias   #  of  c-Evalue  i-Evalue  score  bias  from    to  from    to  from    to  acc description of target
#------------------- ---------- ----- -------------------- ---------- ----- --------- ------ ----- --- --- --------- --------- ------ ----- ----- ----- ----- ----- ----- ----- ---- ---------------------
2087_g               -           2317 538at5820            -           1455         0 2159.5 161.1   1   8       3.2   1.6e+03   -6.3   8.5   914   950   151   187    53   192 0.69 length=2317	scaffold=scaffold00386	strand=-
2087_g               -           2317 538at5820            -           1455         0 2159.5 161.1   2   8  9.4e-153  4.7e-150  499.2   2.0    12   276   214   489   207   502 0.94 length=2317	scaffold=scaffold00386	strand=-
2087_g               -           2317 538at5820            -           1455         0 2159.5 161.1   3   8  3.4e-243  1.7e-240  798.9  23.6   264   705   551  1015   546  1039 0.96 length=2317	scaffold=scaffold00386	strand=-
2087_g               -           2317 538at5820            -           1455         0 2159.5 161.1   4   8   5.9e-76   2.9e-73  244.7  30.2   702   921  1085  1326  1057  1352 0.88 length=2317	scaffold=scaffold00386	strand=-
2087_g               -           2317 538at5820            -           1455         0 2159.5 161.1   5   8    0.0049       2.5    3.0  25.6   876   957  1421  1502  1353  1511 0.66 length=2317	scaffold=scaffold00386	strand=-
2087_g               -           2317 538at5820            -           1455         0 2159.5 161.1   6   8   2.4e-74   1.2e-71  239.4  12.6   955  1132  1557  1746  1545  1754 0.91 length=2317	scaffold=scaffold00386	strand=-
2087_g               -           2317 538at5820            -           1455         0 2159.5 161.1   7   8   1.1e-27   5.3e-25   84.8   0.6  1105  1191  1852  1940  1828  1951 0.88 length=2317	scaffold=scaffold00386	strand=-
2087_g               -           2317 538at5820            -           1455         0 2159.5 161.1   8   8  5.1e-104  2.5e-101  337.7   4.0  1190  1409  2089  2314  2072  2317 0.97 length=2317	scaffold=scaffold00386	strand=-
52_g                 -            804 538at5820            -           1455  4.3e-111  370.1  10.8   1   1  1.2e-113  5.9e-111  369.6  10.8    66   752    87   785    76   802 0.86 length=804	scaffold=scaffold00003	strand=-
1803_g               -           1639 538at5820            -           1455   1.6e-83  278.7 107.8   1   6   1.4e-46   7.1e-44  147.3   3.5    89   264   140   334    99   348 0.83 length=1639	scaffold=scaffold00302	strand=-
1803_g               -           1639 538at5820            -           1455   1.6e-83  278.7 107.8   2   6   1.2e-10   6.2e-08   28.2   5.8   301   428   433   565   423   573 0.84 length=1639	scaffold=scaffold00302	strand=-
1803_g               -           1639 538at5820            -           1455   1.6e-83  278.7 107.8   3   6   1.3e-24   6.5e-22   74.5   9.8   422   592   635   824   630   836 0.80 length=1639	scaffold=scaffold00302	strand=-
1803_g               -           1639 538at5820            -           1455   1.6e-83  278.7 107.8   4   6   3.7e-20   1.9e-17   59.8  16.5   583   790   886  1101   865  1120 0.82 length=1639	scaffold=scaffold00302	strand=-
1803_g               -           1639 538at5820            -           1455   1.6e-83  278.7 107.8   5   6     0.026        13    0.6  31.5   731   860  1125  1266  1094  1475 0.67 length=1639	scaffold=scaffold00302	strand=-
1803_g               -           1639 538at5820            -           1455   1.6e-83  278.7 107.8   6   6      0.61     3e+02   -3.9   4.1   891   959  1508  1581  1501  1590 0.73 length=1639	scaffold=scaffold00302	strand=-
516_g                -           1491 538at5820            -           1455   1.8e-46  155.9  30.2   1   3   6.7e-32   3.3e-29   98.7   6.1    65   345    93   380    46   391 0.82 length=1491	scaffold=scaffold00050	strand=-
516_g                -           1491 538at5820            -           1455   1.8e-46  155.9  30.2   2   3   3.5e-16   1.8e-13   46.6  10.9   380   593   451   671   407   685 0.80 length=1491	scaffold=scaffold00050	strand=-
516_g                -           1491 538at5820            -           1455   1.8e-46  155.9  30.2   3   3   6.5e-08   3.3e-05   19.2   0.2   583   672   696   782   678   795 0.85 length=1491	scaffold=scaffold00050	strand=-
2561_g               -            255 538at5820            -           1455   1.1e-26   90.4  17.8   1   2   1.4e-07   6.9e-05   18.1   0.3   203   244     1    40     1    42 0.87 length=255	scaffold=scaffold00558	strand=-
2561_g               -            255 538at5820            -           1455   1.1e-26   90.4  17.8   2   2   3.6e-25   1.8e-22   76.4  12.2   338   539    42   250    40   254 0.89 length=255	scaffold=scaffold00558	strand=-
3220_g               -            502 538at5820            -           1455   1.2e-11   40.5   6.9   1   3   1.6e-07   7.9e-05   17.9   5.4  1171  1246   230   308   115   338 0.76 length=502	scaffold=scaffold00926	strand=-
3220_g               -            502 538at5820            -           1455   1.2e-11   40.5   6.9   2   3     2e-06   0.00099   14.3   0.0  1120  1229   312   414   308   424 0.75 length=502	scaffold=scaffold00926	strand=-
3220_g               -            502 538at5820            -           1455   1.2e-11   40.5   6.9   3   3   0.00052      0.26    6.3   0.0  1178  1228   449   498   437   500 0.89 length=502	scaffold=scaffold00926	strand=-
1594_g               -            670 538at5820            -           1455   2.6e-09   32.8  36.6   1   3   9.2e-07   0.00046   15.4  17.6   188   314    32   185     7   323 0.71 length=670	scaffold=scaffold00249	strand=+
1594_g               -            670 538at5820            -           1455   2.6e-09   32.8  36.6   2   3    0.0011      0.55    5.2   8.4   372   484   313   442   276   453 0.67 length=670	scaffold=scaffold00249	strand=+
1594_g               -            670 538at5820            -           1455   2.6e-09   32.8  36.6   3   3   1.9e-06   0.00095   14.3   0.8   533   591   453   509   445   518 0.89 length=670	scaffold=scaffold00249	strand=+
3772_g               -            363 538at5820            -           1455   5.6e-08   28.3   2.3   1   3   1.7e-08   8.5e-06   21.1   1.6  1188  1302   106   219    83   229 0.84 length=363	scaffold=scaffold01372	strand=-
3772_g               -            363 538at5820            -           1455   5.6e-08   28.3   2.3   2   3     0.005       2.5    3.0   0.1  1170  1229   216   271   196   274 0.83 length=363	scaffold=scaffold01372	strand=-
3772_g               -            363 538at5820            -           1455   5.6e-08   28.3   2.3   3   3    0.0041         2    3.3   0.0  1165  1226   302   359   284   362 0.84 length=363	scaffold=scaffold01372	strand=-
#
# Program:         hmmsearch
# Version:         3.1b2 (February 2015)
# Pipeline mode:   SEARCH
# Query file:      /export/home/bio1901/Documents/29_BINP/OrthoSearch/busco_downloads/lineages/plasmodium_odb10/hmms/538at5820.hmm
# Target file:     Results/1_GeneSequences/PB.faa
# Option settings: /home/users/bio1901/miniconda3/envs/busco/bin/hmmsearch --domtblout /export/home/bio1901/Documents/29_BINP/OrthoSearch/PB/run_plasmodium_odb10/hmmer_output/538at5820.out --cpu 1 /export/home/bio1901/Documents/29_BINP/OrthoSearch/busco_downloads/lineages/plasmodium_odb10/hmms/538at5820.hmm Results/1_GeneSequences/PB.faa 
# Current dir:     /export/home/bio1901/Documents/29_BINP/OrthoSearch
# Date:            Sun Mar 15 18:08:23 2020
# [ok]
