#                                                                            --- full sequence --- -------------- this domain -------------   hmm coord   ali coord   env coord
# target name        accession   tlen query name           accession   qlen   E-value  score  bias   #  of  c-Evalue  i-Evalue  score  bias  from    to  from    to  from    to  acc description of target
#------------------- ---------- ----- -------------------- ---------- ----- --------- ------ ----- --- --- --------- --------- ------ ----- ----- ----- ----- ----- ----- ----- ---- ---------------------
2604_g               -           1027 5446at5820           -            453  1.9e-191  634.7  26.0   1   2         8   9.9e+02   -3.8   5.9    37   110   500   574   472   587 0.59 length=1027	scaffold=scaffold00578	strand=-	adjustedToFrame=2
2604_g               -           1027 5446at5820           -            453  1.9e-191  634.7  26.0   2   2  1.5e-193  1.9e-191  634.7  26.0    18   443   586  1001   568  1017 0.87 length=1027	scaffold=scaffold00578	strand=-	adjustedToFrame=2
1282_g               -            569 5446at5820           -            453   1.8e-73  245.8   0.2   1   1   2.6e-75   3.2e-73  245.0   0.2   130   427   249   549   214   566 0.91 length=569	scaffold=scaffold00177	strand=+
825_g                -            769 5446at5820           -            453   1.5e-51  173.6   9.9   1   2   1.2e-53   1.5e-51  173.6   9.9   137   405    10   273     6   290 0.92 length=769	scaffold=scaffold00092	strand=+
825_g                -            769 5446at5820           -            453   1.5e-51  173.6   9.9   2   2         4     5e+02   -2.9   1.5    41    85   698   743   660   765 0.49 length=769	scaffold=scaffold00092	strand=+
61_g                 -            877 5446at5820           -            453   6.5e-49  164.9  15.9   1   2       8.4     1e+03   -3.9   1.6    58   109   242   293   186   321 0.51 length=877	scaffold=scaffold00003	strand=+
61_g                 -            877 5446at5820           -            453   6.5e-49  164.9  15.9   2   2   5.2e-51   6.5e-49  164.9  15.9    52   397   345   675   328   688 0.83 length=877	scaffold=scaffold00003	strand=+
3774_g               -           1389 5446at5820           -            453   7.1e-47  158.1   3.5   1   1   5.7e-49   7.1e-47  158.1   3.5   140   378   255   493   241   501 0.92 length=1389	scaffold=scaffold01374	strand=-	adjustedToFrame=2
3015_g               -            760 5446at5820           -            453   2.3e-43  146.6  10.5   1   1   1.8e-45   2.3e-43  146.6  10.5   143   404   317   576   242   602 0.89 length=760	scaffold=scaffold00797	strand=-	adjustedToFrame=3
2376_g               -            462 5446at5820           -            453   5.5e-41  138.7  10.1   1   1   5.8e-43   7.2e-41  138.4  10.1   115   396    62   339     3   378 0.78 length=462	scaffold=scaffold00492	strand=-
2754_g               -           2003 5446at5820           -            453   1.1e-39  134.5   5.1   1   1   8.8e-42   1.1e-39  134.5   5.1   120   381  1611  1876  1586  1931 0.81 length=2003	scaffold=scaffold00652	strand=-	adjustedToFrame=3
1961_g               -            485 5446at5820           -            453   6.6e-39  131.9   1.4   1   2   5.3e-41   6.6e-39  131.9   1.4   143   398    46   299    17   317 0.85 length=485	scaffold=scaffold00349	strand=-
1961_g               -            485 5446at5820           -            453   6.6e-39  131.9   1.4   2   2         6   7.5e+02   -3.4   0.2    40   369   445   459   426   472 0.46 length=485	scaffold=scaffold00349	strand=-
667_g                -            544 5446at5820           -            453   5.5e-35  119.0   1.7   1   1   4.4e-37   5.5e-35  119.0   1.7   142   377   116   352   107   362 0.86 length=544	scaffold=scaffold00069	strand=-
588_g                -            577 5446at5820           -            453   5.5e-32  109.1  25.2   1   2       6.6   8.2e+02   -3.6   0.0   127   160    87   120    58   134 0.63 length=577	scaffold=scaffold00058	strand=-
588_g                -            577 5446at5820           -            453   5.5e-32  109.1  25.2   2   2   4.4e-34   5.5e-32  109.1  25.2    38   377   177   523   162   549 0.82 length=577	scaffold=scaffold00058	strand=-
2611_g               -           1579 5446at5820           -            453   1.1e-27   94.9  25.0   1   1   8.5e-30   1.1e-27   94.9  25.0   136   378  1138  1381   984  1395 0.84 length=1579	scaffold=scaffold00584	strand=-
4034_g               -            619 5446at5820           -            453   1.9e-26   90.8  19.0   1   1   1.5e-28   1.9e-26   90.8  19.0    14   322   245   564   235   576 0.70 length=619	scaffold=scaffold01621	strand=-	adjustedToFrame=3
1275_g               -            518 5446at5820           -            453   2.1e-23   80.8   2.9   1   2   1.7e-25   2.1e-23   80.8   2.9   137   347    24   240    11   256 0.79 length=518	scaffold=scaffold00176	strand=-
1275_g               -            518 5446at5820           -            453   2.1e-23   80.8   2.9   2   2    0.0011      0.14    8.8   0.2   344   380   267   304   254   319 0.81 length=518	scaffold=scaffold00176	strand=-
1507_g               -           1229 5446at5820           -            453   2.6e-21   73.9  13.4   1   3   2.1e-23   2.6e-21   73.9  13.4   133   395     5   277     2   284 0.79 length=1229	scaffold=scaffold00229	strand=-
1507_g               -           1229 5446at5820           -            453   2.6e-21   73.9  13.4   2   3     0.065       8.1    3.0   2.8    35   129   790   891   764   909 0.63 length=1229	scaffold=scaffold00229	strand=-
1507_g               -           1229 5446at5820           -            453   2.6e-21   73.9  13.4   3   3       2.1   2.6e+02   -1.9   0.2    46    88  1023  1066  1012  1073 0.83 length=1229	scaffold=scaffold00229	strand=-
1764_g               -            234 5446at5820           -            453   4.6e-18   63.2   0.0   1   2   3.7e-20   4.6e-18   63.2   0.0   272   379    11   126     1   134 0.79 length=234	scaffold=scaffold00292	strand=+	adjustedToFrame=2
1764_g               -            234 5446at5820           -            453   4.6e-18   63.2   0.0   2   2       5.3   6.7e+02   -3.3   5.9    73    97   193   217   144   233 0.47 length=234	scaffold=scaffold00292	strand=+	adjustedToFrame=2
2410_g               -            133 5446at5820           -            453   3.3e-17   60.4   0.0   1   1   2.9e-19   3.6e-17   60.2   0.0   262   378     2   120     1   130 0.93 length=133	scaffold=scaffold00503	strand=-
3411_g               -            877 5446at5820           -            453   2.8e-16   57.3   7.8   1   3     5e-08   6.2e-06   23.2   3.4    74   200   317   444   253   450 0.72 length=877	scaffold=scaffold01062	strand=-	adjustedToFrame=2
3411_g               -            877 5446at5820           -            453   2.8e-16   57.3   7.8   2   3     1e-14   1.3e-12   45.2   0.1   237   351   594   717   545   742 0.73 length=877	scaffold=scaffold01062	strand=-	adjustedToFrame=2
3411_g               -            877 5446at5820           -            453   2.8e-16   57.3   7.8   3   3       1.4   1.7e+02   -1.3   0.2   352   421   763   830   737   867 0.53 length=877	scaffold=scaffold01062	strand=-	adjustedToFrame=2
1927_g               -            810 5446at5820           -            453   1.3e-14   51.8  25.3   1   2   7.9e-09   9.8e-07   25.8  21.1    25   268   147   402   137   409 0.71 length=810	scaffold=scaffold00339	strand=+
1927_g               -            810 5446at5820           -            453   1.3e-14   51.8  25.3   2   2   3.6e-12   4.5e-10   36.9   0.1   293   382   497   595   482   615 0.77 length=810	scaffold=scaffold00339	strand=+
3917_g               -           1019 5446at5820           -            453   1.3e-14   51.8   0.1   1   2       1.4   1.8e+02   -1.4   1.8    72   117   190   234   171   255 0.71 length=1019	scaffold=scaffold01500	strand=-
3917_g               -           1019 5446at5820           -            453   1.3e-14   51.8   0.1   2   2     1e-16   1.3e-14   51.8   0.1   242   336   590   686   579   712 0.90 length=1019	scaffold=scaffold01500	strand=-
159_g                -            313 5446at5820           -            453   2.3e-14   51.0   3.8   1   3         1   1.2e+02   -0.9   0.0   133   161    40    68    35    80 0.81 length=313	scaffold=scaffold00009	strand=-	adjustedToFrame=2
159_g                -            313 5446at5820           -            453   2.3e-14   51.0   3.8   2   3   8.2e-16     1e-13   48.9   0.4   230   336   107   214    71   230 0.84 length=313	scaffold=scaffold00009	strand=-	adjustedToFrame=2
159_g                -            313 5446at5820           -            453   2.3e-14   51.0   3.8   3   3      0.13        16    2.0   0.1   359   398   275   309   248   311 0.77 length=313	scaffold=scaffold00009	strand=-	adjustedToFrame=2
1696_g               -            415 5446at5820           -            453   3.2e-13   47.2   4.2   1   1   2.6e-15   3.2e-13   47.2   4.2   136   307    64   239    12   259 0.77 length=415	scaffold=scaffold00273	strand=-
3036_g               -           1000 5446at5820           -            453   3.6e-13   47.0   8.7   1   2   2.9e-15   3.6e-13   47.0   8.7   121   340   634   860   572   907 0.73 length=1000	scaffold=scaffold00809	strand=+	adjustedToFrame=2
3036_g               -           1000 5446at5820           -            453   3.6e-13   47.0   8.7   2   2     0.013       1.6    5.4   0.0   355   397   922   959   901   963 0.80 length=1000	scaffold=scaffold00809	strand=+	adjustedToFrame=2
2951_g               -            907 5446at5820           -            453   1.3e-12   45.2  22.7   1   2      0.68        85   -0.3   1.8    43   176     8   143     1   150 0.63 length=907	scaffold=scaffold00756	strand=+
2951_g               -            907 5446at5820           -            453   1.3e-12   45.2  22.7   2   2   1.1e-14   1.3e-12   45.2  22.7    13   337   540   885   527   895 0.69 length=907	scaffold=scaffold00756	strand=+
3635_g               -            463 5446at5820           -            453   3.7e-12   43.7  26.3   1   3      0.73        91   -0.4   2.2    24    91   109   181    91   209 0.59 length=463	scaffold=scaffold01242	strand=+
3635_g               -            463 5446at5820           -            453   3.7e-12   43.7  26.3   2   3     3e-14   3.7e-12   43.7  26.3     6   282   120   420   115   436 0.69 length=463	scaffold=scaffold01242	strand=+
3635_g               -            463 5446at5820           -            453   3.7e-12   43.7  26.3   3   3       4.8     6e+02   -3.1   1.4    45    62   442   459   427   462 0.47 length=463	scaffold=scaffold01242	strand=+
4028_g               -            733 5446at5820           -            453   4.1e-11   40.3   8.3   1   1   3.3e-13   4.1e-11   40.3   8.3    59   336   463   727   444   731 0.76 length=733	scaffold=scaffold01617	strand=-
229_g                -           1128 5446at5820           -            453   7.6e-11   39.4  18.2   1   3   6.1e-13   7.6e-11   39.4  18.2    65   284    39   266     4   280 0.66 length=1128	scaffold=scaffold00016	strand=+
229_g                -           1128 5446at5820           -            453   7.6e-11   39.4  18.2   2   3      0.09        11    2.6   0.0   294   330   301   338   289   353 0.78 length=1128	scaffold=scaffold00016	strand=+
229_g                -           1128 5446at5820           -            453   7.6e-11   39.4  18.2   3   3      0.83     1e+02   -0.6   0.1   356   410   423   472   405   493 0.76 length=1128	scaffold=scaffold00016	strand=+
2345_g               -            307 5446at5820           -            453   2.5e-09   34.4   6.8   1   1   2.9e-11   3.6e-09   33.9   6.8   184   378    65   265    27   300 0.82 length=307	scaffold=scaffold00478	strand=+
2166_g               -            585 5446at5820           -            453   2.5e-08   31.1  22.0   1   4   2.4e-06    0.0003   17.6   1.5   135   208    33    99     2   121 0.75 length=585	scaffold=scaffold00414	strand=+
2166_g               -            585 5446at5820           -            453   2.5e-08   31.1  22.0   2   4   4.4e-08   5.5e-06   23.4   0.7   213   268   252   306   228   315 0.81 length=585	scaffold=scaffold00414	strand=+
2166_g               -            585 5446at5820           -            453   2.5e-08   31.1  22.0   3   4       6.9   8.6e+02   -3.6   5.1    32   130   435   530   407   550 0.58 length=585	scaffold=scaffold00414	strand=+
2166_g               -            585 5446at5820           -            453   2.5e-08   31.1  22.0   4   4     0.038       4.7    3.8   0.0   273   323   528   578   523   582 0.81 length=585	scaffold=scaffold00414	strand=+
2414_g               -            205 5446at5820           -            453   1.9e-06   24.9   1.9   1   3   7.3e-07   9.1e-05   19.4   0.1   311   370    12    72     1    81 0.79 length=205	scaffold=scaffold00504	strand=+
2414_g               -            205 5446at5820           -            453   1.9e-06   24.9   1.9   2   3       6.4     8e+02   -3.5   5.7    41    76   114   148    67   167 0.49 length=205	scaffold=scaffold00504	strand=+
2414_g               -            205 5446at5820           -            453   1.9e-06   24.9   1.9   3   3   0.00014     0.017   11.9   0.3   350   380   166   196   160   201 0.87 length=205	scaffold=scaffold00504	strand=+
2556_g               -            656 5446at5820           -            453   0.00017   18.5  30.5   1   4       8.3     1e+03   -3.9   7.0    72   152   225   303   187   337 0.64 length=656	scaffold=scaffold00556	strand=+
2556_g               -            656 5446at5820           -            453   0.00017   18.5  30.5   2   4       8.8   1.1e+03   -4.0   6.7    18   102   265   357   255   389 0.67 length=656	scaffold=scaffold00556	strand=+
2556_g               -            656 5446at5820           -            453   0.00017   18.5  30.5   3   4   1.3e-06   0.00017   18.5  30.5   131   305   429   610   320   629 0.64 length=656	scaffold=scaffold00556	strand=+
2556_g               -            656 5446at5820           -            453   0.00017   18.5  30.5   4   4     0.091        11    2.6   0.1   292   307   628   643   612   647 0.82 length=656	scaffold=scaffold00556	strand=+
2167_g               -            179 5446at5820           -            453   0.00066   16.5   1.8   1   2   5.3e-06   0.00066   16.5   1.8   333   378    36    83    32   117 0.84 length=179	scaffold=scaffold00414	strand=+
2167_g               -            179 5446at5820           -            453   0.00066   16.5   1.8   2   2      0.79        99   -0.5   0.4    37    70   108   141    91   176 0.51 length=179	scaffold=scaffold00414	strand=+
#
# Program:         hmmsearch
# Version:         3.1b2 (February 2015)
# Pipeline mode:   SEARCH
# Query file:      /export/home/bio1901/Documents/29_BINP/OrthoSearch/busco_downloads/lineages/plasmodium_odb10/hmms/5446at5820.hmm
# Target file:     Results/1_GeneSequences/PB.faa
# Option settings: /home/users/bio1901/miniconda3/envs/busco/bin/hmmsearch --domtblout /export/home/bio1901/Documents/29_BINP/OrthoSearch/PB/run_plasmodium_odb10/hmmer_output/5446at5820.out --cpu 1 /export/home/bio1901/Documents/29_BINP/OrthoSearch/busco_downloads/lineages/plasmodium_odb10/hmms/5446at5820.hmm Results/1_GeneSequences/PB.faa 
# Current dir:     /export/home/bio1901/Documents/29_BINP/OrthoSearch
# Date:            Sun Mar 15 18:08:29 2020
# [ok]
