#                                                                            --- full sequence --- -------------- this domain -------------   hmm coord   ali coord   env coord
# target name        accession   tlen query name           accession   qlen   E-value  score  bias   #  of  c-Evalue  i-Evalue  score  bias  from    to  from    to  from    to  acc description of target
#------------------- ---------- ----- -------------------- ---------- ----- --------- ------ ----- --- --- --------- --------- ------ ----- ----- ----- ----- ----- ----- ----- ---- ---------------------
2305_g               -           1156 5491at5820           -            403   3.4e-12   43.9   0.8   1   3         3     4e+03   -8.9   8.2   216   294    62   144    17   165 0.54 length=1156	scaffold=scaffold00463	strand=+
2305_g               -           1156 5491at5820           -            403   3.4e-12   43.9   0.8   2   3         3     4e+03  -11.1  10.3   167   181   131   145    69   242 0.46 length=1156	scaffold=scaffold00463	strand=+
2305_g               -           1156 5491at5820           -            403   3.4e-12   43.9   0.8   3   3   2.6e-15   3.4e-12   43.9   0.8    22   143   524   656   514   685 0.67 length=1156	scaffold=scaffold00463	strand=+
1745_g               -            848 5491at5820           -            403     1e-09   35.7  17.7   1   1   2.2e-12   2.9e-09   34.2  17.7    42   202   395   556   369   611 0.68 length=848	scaffold=scaffold00286	strand=+
2312_g               -            873 5491at5820           -            403   1.6e-09   35.1  72.7   1   5   4.2e-09   5.6e-06   23.4  53.4    15   280    13   286     7   290 0.62 length=873	scaffold=scaffold00466	strand=-
2312_g               -            873 5491at5820           -            403   1.6e-09   35.1  72.7   2   5         3     4e+03  -42.0  61.8    67   274   151   350   139   458 0.59 length=873	scaffold=scaffold00466	strand=-
2312_g               -            873 5491at5820           -            403   1.6e-09   35.1  72.7   3   5         3     4e+03  -25.5  40.0    82   268   468   669   378   679 0.67 length=873	scaffold=scaffold00466	strand=-
2312_g               -            873 5491at5820           -            403   1.6e-09   35.1  72.7   4   5         3     4e+03   -8.9  13.1   184   248   658   726   638   747 0.64 length=873	scaffold=scaffold00466	strand=-
2312_g               -            873 5491at5820           -            403   1.6e-09   35.1  72.7   5   5   4.6e-10   6.1e-07   26.6  11.3   193   311   731   849   726   868 0.84 length=873	scaffold=scaffold00466	strand=-
#
# Program:         hmmsearch
# Version:         3.1b2 (February 2015)
# Pipeline mode:   SEARCH
# Query file:      /export/home/bio1901/Documents/29_BINP/OrthoSearch/busco_downloads/lineages/plasmodium_odb10/hmms/5491at5820.hmm
# Target file:     Results/1_GeneSequences/PB.faa
# Option settings: /home/users/bio1901/miniconda3/envs/busco/bin/hmmsearch --domtblout /export/home/bio1901/Documents/29_BINP/OrthoSearch/PB/run_plasmodium_odb10/hmmer_output/5491at5820.out --cpu 1 /export/home/bio1901/Documents/29_BINP/OrthoSearch/busco_downloads/lineages/plasmodium_odb10/hmms/5491at5820.hmm Results/1_GeneSequences/PB.faa 
# Current dir:     /export/home/bio1901/Documents/29_BINP/OrthoSearch
# Date:            Sun Mar 15 18:08:32 2020
# [ok]
