#                                                                            --- full sequence --- -------------- this domain -------------   hmm coord   ali coord   env coord
# target name        accession   tlen query name           accession   qlen   E-value  score  bias   #  of  c-Evalue  i-Evalue  score  bias  from    to  from    to  from    to  acc description of target
#------------------- ---------- ----- -------------------- ---------- ----- --------- ------ ----- --- --- --------- --------- ------ ----- ----- ----- ----- ----- ----- ----- ---- ---------------------
42_g                 -            534 5504at5820           -            407  4.1e-205  679.3  32.2   1   2   2.4e-54   2.4e-51  172.8  12.4     1   123     5   147     5   197 0.81 length=534	scaffold=scaffold00002	strand=-
42_g                 -            534 5504at5820           -            407  4.1e-205  679.3  32.2   2   2  1.1e-156  1.1e-153  509.9  11.8   116   406   235   530   227   531 0.97 length=534	scaffold=scaffold00002	strand=-
3772_g               -            363 5504at5820           -            407   1.6e-08   31.9  15.1   1   2    0.0014       1.4    5.7   0.1    80   274    69    99    62   106 0.61 length=363	scaffold=scaffold01372	strand=-
3772_g               -            363 5504at5820           -            407   1.6e-08   31.9  15.1   2   2   1.8e-09   1.8e-06   25.1  11.0    42   276   110   359   101   361 0.69 length=363	scaffold=scaffold01372	strand=-
334_g                -            601 5504at5820           -            407   7.2e-07   26.4   6.0   1   2   3.1e-08   3.1e-05   21.0   0.4   225   312   330   417   296   427 0.85 length=601	scaffold=scaffold00027	strand=-
334_g                -            601 5504at5820           -            407   7.2e-07   26.4   6.0   2   2   0.00048      0.48    7.2   0.8   218   320   450   557   431   575 0.76 length=601	scaffold=scaffold00027	strand=-
3220_g               -            502 5504at5820           -            407   5.7e-05   20.1   3.2   1   3      0.28   2.8e+02   -1.9   1.0   341   390   130   182    82   191 0.65 length=502	scaffold=scaffold00926	strand=-
3220_g               -            502 5504at5820           -            407   5.7e-05   20.1   3.2   2   3    0.0035       3.5    4.4   0.1   102   321   229   284   217   295 0.48 length=502	scaffold=scaffold00926	strand=-
3220_g               -            502 5504at5820           -            407   5.7e-05   20.1   3.2   3   3   5.7e-08   5.7e-05   20.1   3.2    51   279   266   499   249   501 0.78 length=502	scaffold=scaffold00926	strand=-
#
# Program:         hmmsearch
# Version:         3.1b2 (February 2015)
# Pipeline mode:   SEARCH
# Query file:      /export/home/bio1901/Documents/29_BINP/OrthoSearch/busco_downloads/lineages/plasmodium_odb10/hmms/5504at5820.hmm
# Target file:     Results/1_GeneSequences/PB.faa
# Option settings: /home/users/bio1901/miniconda3/envs/busco/bin/hmmsearch --domtblout /export/home/bio1901/Documents/29_BINP/OrthoSearch/PB/run_plasmodium_odb10/hmmer_output/5504at5820.out --cpu 1 /export/home/bio1901/Documents/29_BINP/OrthoSearch/busco_downloads/lineages/plasmodium_odb10/hmms/5504at5820.hmm Results/1_GeneSequences/PB.faa 
# Current dir:     /export/home/bio1901/Documents/29_BINP/OrthoSearch
# Date:            Sun Mar 15 18:08:53 2020
# [ok]
