#                                                                            --- full sequence --- -------------- this domain -------------   hmm coord   ali coord   env coord
# target name        accession   tlen query name           accession   qlen   E-value  score  bias   #  of  c-Evalue  i-Evalue  score  bias  from    to  from    to  from    to  acc description of target
#------------------- ---------- ----- -------------------- ---------- ----- --------- ------ ----- --- --- --------- --------- ------ ----- ----- ----- ----- ----- ----- ----- ---- ---------------------
3098_g               -            504 5518at5820           -            411  5.3e-220  728.0  27.7   1   2  6.6e-176  2.9e-173  574.1  15.8     1   299    11   310    11   330 0.97 length=504	scaffold=scaffold00846	strand=-
3098_g               -            504 5518at5820           -            411  5.3e-220  728.0  27.7   2   2   3.4e-50   1.5e-47  160.0   4.1   284   411   343   493   332   493 0.84 length=504	scaffold=scaffold00846	strand=-
496_g                -            605 5518at5820           -            411   1.7e-14   51.1   8.5   1   3      0.61   2.7e+02   -2.2   0.1   243   269   288   317   262   344 0.65 length=605	scaffold=scaffold00046	strand=+
496_g                -            605 5518at5820           -            411   1.7e-14   51.1   8.5   2   3   3.7e-08   1.6e-05   21.5   0.0   241   307   375   441   351   447 0.83 length=605	scaffold=scaffold00046	strand=+
496_g                -            605 5518at5820           -            411   1.7e-14   51.1   8.5   3   3   2.3e-13     1e-10   38.7   5.7   206   364   424   580   416   589 0.88 length=605	scaffold=scaffold00046	strand=+
3362_g               -            624 5518at5820           -            411   6.4e-14   49.2   7.5   1   2   5.7e-08   2.5e-05   20.9   1.7   210   288   322   401   317   405 0.91 length=624	scaffold=scaffold01024	strand=-
3362_g               -            624 5518at5820           -            411   6.4e-14   49.2   7.5   2   2   3.4e-11   1.5e-08   31.5   0.4   210   331   406   525   402   576 0.71 length=624	scaffold=scaffold01024	strand=-
309_g                -            630 5518at5820           -            411   7.6e-12   42.4   7.7   1   2     5e-08   2.2e-05   21.1   3.1   201   278   360   436   305   447 0.90 length=630	scaffold=scaffold00024	strand=-
309_g                -            630 5518at5820           -            411   7.6e-12   42.4   7.7   2   2   2.4e-08   1.1e-05   22.1   0.3   207   277   449   523   437   609 0.64 length=630	scaffold=scaffold00024	strand=-
3220_g               -            502 5518at5820           -            411   8.5e-12   42.2   8.0   1   2   6.1e-05     0.027   10.9   3.9   189   313   195   323   179   338 0.75 length=502	scaffold=scaffold00926	strand=-
3220_g               -            502 5518at5820           -            411   8.5e-12   42.2   8.0   2   2   9.9e-12   4.4e-09   33.3   0.5   187   366   326   499   320   501 0.82 length=502	scaffold=scaffold00926	strand=-
3772_g               -            363 5518at5820           -            411     2e-10   37.7  10.5   1   3    0.0011       0.5    6.8   0.2    73   306    72   133    62   141 0.43 length=363	scaffold=scaffold01372	strand=-
3772_g               -            363 5518at5820           -            411     2e-10   37.7  10.5   2   3   2.1e-10   9.4e-08   28.9   7.5   208   366   119   271   109   279 0.85 length=363	scaffold=scaffold01372	strand=-
3772_g               -            363 5518at5820           -            411     2e-10   37.7  10.5   3   3     0.017       7.6    2.9   0.0   170   233   298   359   291   362 0.62 length=363	scaffold=scaffold01372	strand=-
2322_g               -            439 5518at5820           -            411   6.9e-10   36.0   4.4   1   1   1.6e-12   6.9e-10   36.0   4.4   193   319   222   351   178   365 0.82 length=439	scaffold=scaffold00471	strand=+
2767_g               -            616 5518at5820           -            411   5.6e-08   29.7  10.2   1   2    0.0029       1.3    5.4   0.5   233   335   183   283   139   309 0.69 length=616	scaffold=scaffold00658	strand=-
2767_g               -            616 5518at5820           -            411   5.6e-08   29.7  10.2   2   2   3.3e-10   1.5e-07   28.3   3.4   212   295   325   407   293   452 0.79 length=616	scaffold=scaffold00658	strand=-
2983_g               -            732 5518at5820           -            411   9.3e-06   22.3   3.9   1   3   5.4e-07   0.00024   17.7   0.1   236   281    39    85    27    89 0.84 length=732	scaffold=scaffold00774	strand=-
2983_g               -            732 5518at5820           -            411   9.3e-06   22.3   3.9   2   3     0.036        16    1.8   0.0   259   287   253   281   238   313 0.79 length=732	scaffold=scaffold00774	strand=-
2983_g               -            732 5518at5820           -            411   9.3e-06   22.3   3.9   3   3         1   4.6e+02   -3.0   0.0   107   145   391   430   387   434 0.71 length=732	scaffold=scaffold00774	strand=-
#
# Program:         hmmsearch
# Version:         3.1b2 (February 2015)
# Pipeline mode:   SEARCH
# Query file:      /export/home/bio1901/Documents/29_BINP/OrthoSearch/busco_downloads/lineages/plasmodium_odb10/hmms/5518at5820.hmm
# Target file:     Results/1_GeneSequences/PB.faa
# Option settings: /home/users/bio1901/miniconda3/envs/busco/bin/hmmsearch --domtblout /export/home/bio1901/Documents/29_BINP/OrthoSearch/PB/run_plasmodium_odb10/hmmer_output/5518at5820.out --cpu 1 /export/home/bio1901/Documents/29_BINP/OrthoSearch/busco_downloads/lineages/plasmodium_odb10/hmms/5518at5820.hmm Results/1_GeneSequences/PB.faa 
# Current dir:     /export/home/bio1901/Documents/29_BINP/OrthoSearch
# Date:            Sun Mar 15 18:08:56 2020
# [ok]
