#                                                                            --- full sequence --- -------------- this domain -------------   hmm coord   ali coord   env coord
# target name        accession   tlen query name           accession   qlen   E-value  score  bias   #  of  c-Evalue  i-Evalue  score  bias  from    to  from    to  from    to  acc description of target
#------------------- ---------- ----- -------------------- ---------- ----- --------- ------ ----- --- --- --------- --------- ------ ----- ----- ----- ----- ----- ----- ----- ---- ---------------------
1985_g               -           3223 551at5820            -           1377  7.3e-176  584.9 191.1   1  14   4.1e-65   1.6e-61  206.0  31.6    43   259   289   513   252   533 0.86 length=3223	scaffold=scaffold00356	strand=+
1985_g               -           3223 551at5820            -           1377  7.3e-176  584.9 191.1   2  14     2e-41   7.9e-38  127.5  34.0   252   562   544   917   535   954 0.68 length=3223	scaffold=scaffold00356	strand=+
1985_g               -           3223 551at5820            -           1377  7.3e-176  584.9 191.1   3  14   1.9e-61   7.4e-58  193.9  35.2   559   901   955  1310   944  1320 0.73 length=3223	scaffold=scaffold00356	strand=+
1985_g               -           3223 551at5820            -           1377  7.3e-176  584.9 191.1   4  14         1     4e+03  -14.6  26.0   848   935  1317  1401  1276  1438 0.50 length=3223	scaffold=scaffold00356	strand=+
1985_g               -           3223 551at5820            -           1377  7.3e-176  584.9 191.1   5  14         1     4e+03  -14.7  26.9  1286  1351  1442  1509  1425  1523 0.51 length=3223	scaffold=scaffold00356	strand=+
1985_g               -           3223 551at5820            -           1377  7.3e-176  584.9 191.1   6  14      0.38   1.5e+03   -6.0   9.2   852   946  1503  1602  1485  1620 0.54 length=3223	scaffold=scaffold00356	strand=+
1985_g               -           3223 551at5820            -           1377  7.3e-176  584.9 191.1   7  14         1     4e+03  -12.2  12.7  1301  1348  1640  1687  1596  1697 0.57 length=3223	scaffold=scaffold00356	strand=+
1985_g               -           3223 551at5820            -           1377  7.3e-176  584.9 191.1   8  14     8e-17   3.2e-13   46.0  15.8   925  1044  1735  1857  1716  1931 0.76 length=3223	scaffold=scaffold00356	strand=+
1985_g               -           3223 551at5820            -           1377  7.3e-176  584.9 191.1   9  14   1.1e-26   4.6e-23   78.6  42.6  1072  1320  2057  2324  2042  2341 0.63 length=3223	scaffold=scaffold00356	strand=+
1985_g               -           3223 551at5820            -           1377  7.3e-176  584.9 191.1  10  14         1     4e+03  -14.0  15.2  1286  1343  2433  2470  2356  2496 0.46 length=3223	scaffold=scaffold00356	strand=+
1985_g               -           3223 551at5820            -           1377  7.3e-176  584.9 191.1  11  14         1     4e+03  -16.5  30.1  1295  1373  2491  2571  2482  2580 0.49 length=3223	scaffold=scaffold00356	strand=+
1985_g               -           3223 551at5820            -           1377  7.3e-176  584.9 191.1  12  14      0.11   4.2e+02   -4.1  23.1  1297  1375  2605  2683  2599  2689 0.66 length=3223	scaffold=scaffold00356	strand=+
1985_g               -           3223 551at5820            -           1377  7.3e-176  584.9 191.1  13  14         1     4e+03  -17.2  18.0   903   966  2749  2807  2728  2888 0.58 length=3223	scaffold=scaffold00356	strand=+
1985_g               -           3223 551at5820            -           1377  7.3e-176  584.9 191.1  14  14         1     4e+03  -14.9  19.4  1094  1175  3085  3173  2984  3217 0.57 length=3223	scaffold=scaffold00356	strand=+
#
# Program:         hmmsearch
# Version:         3.1b2 (February 2015)
# Pipeline mode:   SEARCH
# Query file:      /export/home/bio1901/Documents/29_BINP/OrthoSearch/busco_downloads/lineages/plasmodium_odb10/hmms/551at5820.hmm
# Target file:     Results/1_GeneSequences/PB.faa
# Option settings: /home/users/bio1901/miniconda3/envs/busco/bin/hmmsearch --domtblout /export/home/bio1901/Documents/29_BINP/OrthoSearch/PB/run_plasmodium_odb10/hmmer_output/551at5820.out --cpu 1 /export/home/bio1901/Documents/29_BINP/OrthoSearch/busco_downloads/lineages/plasmodium_odb10/hmms/551at5820.hmm Results/1_GeneSequences/PB.faa 
# Current dir:     /export/home/bio1901/Documents/29_BINP/OrthoSearch
# Date:            Sun Mar 15 18:08:59 2020
# [ok]
