#                                                                            --- full sequence --- -------------- this domain -------------   hmm coord   ali coord   env coord
# target name        accession   tlen query name           accession   qlen   E-value  score  bias   #  of  c-Evalue  i-Evalue  score  bias  from    to  from    to  from    to  acc description of target
#------------------- ---------- ----- -------------------- ---------- ----- --------- ------ ----- --- --- --------- --------- ------ ----- ----- ----- ----- ----- ----- ----- ---- ---------------------
2803_g               -            674 5553at5820           -            506  1.3e-185  615.7  80.0   1   4   1.1e-05     0.015   11.8  13.1     7    80    35   107    30   116 0.66 length=674	scaffold=scaffold00680	strand=+
2803_g               -            674 5553at5820           -            506  1.3e-185  615.7  80.0   2   4   1.7e-16   2.3e-13   47.5  20.7    37   138   115   227   105   238 0.77 length=674	scaffold=scaffold00680	strand=+
2803_g               -            674 5553at5820           -            506  1.3e-185  615.7  80.0   3   4   8.5e-16   1.1e-12   45.2   1.8   132   181   242   297   227   311 0.86 length=674	scaffold=scaffold00680	strand=+
2803_g               -            674 5553at5820           -            506  1.3e-185  615.7  80.0   4   4  6.2e-162  8.2e-159  527.3  23.8   168   506   335   673   322   673 0.97 length=674	scaffold=scaffold00680	strand=+
3362_g               -            624 5553at5820           -            506   4.6e-08   30.0   6.1   1   4       1.2   1.5e+03   -4.7   3.1    70   103    18    54     3    73 0.41 length=624	scaffold=scaffold01024	strand=-
3362_g               -            624 5553at5820           -            506   4.6e-08   30.0   6.1   2   4         3     4e+03   -6.9  18.2    25   104    83   162    76   228 0.63 length=624	scaffold=scaffold01024	strand=-
3362_g               -            624 5553at5820           -            506   4.6e-08   30.0   6.1   3   4   1.3e-05     0.017   11.6   1.0   299   358   332   391   310   397 0.75 length=624	scaffold=scaffold01024	strand=-
3362_g               -            624 5553at5820           -            506   4.6e-08   30.0   6.1   4   4   3.5e-11   4.6e-08   30.0   6.1   234   466   359   587   351   608 0.73 length=624	scaffold=scaffold01024	strand=-
4136_g               -            212 5553at5820           -            506       0.8    6.1   6.9   1   3     0.017        22    1.4   2.2    65   157    37   135    16   139 0.53 length=212	scaffold=scaffold01857	strand=-	adjustedToFrame=2
4136_g               -            212 5553at5820           -            506       0.8    6.1   6.9   2   3    0.0021       2.8    4.3   0.1   322   363   119   161   116   177 0.76 length=212	scaffold=scaffold01857	strand=-	adjustedToFrame=2
4136_g               -            212 5553at5820           -            506       0.8    6.1   6.9   3   3    0.0063       8.3    2.7   0.0   302   328   184   209   180   211 0.84 length=212	scaffold=scaffold01857	strand=-	adjustedToFrame=2
#
# Program:         hmmsearch
# Version:         3.1b2 (February 2015)
# Pipeline mode:   SEARCH
# Query file:      /export/home/bio1901/Documents/29_BINP/OrthoSearch/busco_downloads/lineages/plasmodium_odb10/hmms/5553at5820.hmm
# Target file:     Results/1_GeneSequences/PB.faa
# Option settings: /home/users/bio1901/miniconda3/envs/busco/bin/hmmsearch --domtblout /export/home/bio1901/Documents/29_BINP/OrthoSearch/PB/run_plasmodium_odb10/hmmer_output/5553at5820.out --cpu 1 /export/home/bio1901/Documents/29_BINP/OrthoSearch/busco_downloads/lineages/plasmodium_odb10/hmms/5553at5820.hmm Results/1_GeneSequences/PB.faa 
# Current dir:     /export/home/bio1901/Documents/29_BINP/OrthoSearch
# Date:            Sun Mar 15 18:09:01 2020
# [ok]
