#                                                                            --- full sequence --- -------------- this domain -------------   hmm coord   ali coord   env coord
# target name        accession   tlen query name           accession   qlen   E-value  score  bias   #  of  c-Evalue  i-Evalue  score  bias  from    to  from    to  from    to  acc description of target
#------------------- ---------- ----- -------------------- ---------- ----- --------- ------ ----- --- --- --------- --------- ------ ----- ----- ----- ----- ----- ----- ----- ---- ---------------------
1388_g               -           1827 555at5820            -           1342         0 2157.7  72.1   1   5  8.8e-133    5e-130  433.1   6.3     2   257     5   268     4   277 0.95 length=1827	scaffold=scaffold00202	strand=-
1388_g               -           1827 555at5820            -           1342         0 2157.7  72.1   2   5  5.4e-120  3.1e-117  390.7  12.2   252   455   416   624   406   644 0.93 length=1827	scaffold=scaffold00202	strand=-
1388_g               -           1827 555at5820            -           1342         0 2157.7  72.1   3   5   1.6e-22   9.3e-20   67.7   0.8   462   524   720   781   705   793 0.86 length=1827	scaffold=scaffold00202	strand=-
1388_g               -           1827 555at5820            -           1342         0 2157.7  72.1   4   5   1.6e-46   8.8e-44  147.3   0.4   516   618   833   936   820   951 0.91 length=1827	scaffold=scaffold00202	strand=-
1388_g               -           1827 555at5820            -           1342         0 2157.7  72.1   5   5         0         0 1140.3  23.7   629  1341  1041  1819  1030  1820 0.89 length=1827	scaffold=scaffold00202	strand=-
338_g                -           1711 555at5820            -           1342  2.3e-109  364.6  36.5   1   6     1e-22   5.9e-20   68.4   0.2    39   141     9   111     3   125 0.93 length=1711	scaffold=scaffold00027	strand=+
338_g                -           1711 555at5820            -           1342  2.3e-109  364.6  36.5   2   6   1.9e-12   1.1e-09   34.4   0.5   120   245   178   304   175   329 0.82 length=1711	scaffold=scaffold00027	strand=+
338_g                -           1711 555at5820            -           1342  2.3e-109  364.6  36.5   3   6   6.2e-18   3.5e-15   52.6   3.8   257   391   387   527   374   534 0.81 length=1711	scaffold=scaffold00027	strand=+
338_g                -           1711 555at5820            -           1342  2.3e-109  364.6  36.5   4   6     3e-08   1.7e-05   20.5   0.0   395   455   673   731   662   736 0.86 length=1711	scaffold=scaffold00027	strand=+
338_g                -           1711 555at5820            -           1342  2.3e-109  364.6  36.5   5   6     0.035        20    0.4   0.0   543   571   793   821   761   830 0.85 length=1711	scaffold=scaffold00027	strand=+
338_g                -           1711 555at5820            -           1342  2.3e-109  364.6  36.5   6   6   8.5e-62   4.9e-59  197.9  11.5   658  1085  1078  1527  1062  1542 0.76 length=1711	scaffold=scaffold00027	strand=+
1824_g               -           3429 555at5820            -           1342   3.9e-88  294.3  63.3   1   7   1.5e-44   8.5e-42  140.8  14.4    53   387   119   455    94   476 0.81 length=3429	scaffold=scaffold00309	strand=-	adjustedToFrame=2
1824_g               -           3429 555at5820            -           1342   3.9e-88  294.3  63.3   2   7   6.5e-05     0.037    9.4   0.3   399   438   778   816   750   851 0.82 length=3429	scaffold=scaffold00309	strand=-	adjustedToFrame=2
1824_g               -           3429 555at5820            -           1342   3.9e-88  294.3  63.3   3   7   0.00042      0.24    6.7   0.1   536   593  1564  1618  1522  1620 0.74 length=3429	scaffold=scaffold00309	strand=-	adjustedToFrame=2
1824_g               -           3429 555at5820            -           1342   3.9e-88  294.3  63.3   4   7   0.00011     0.064    8.6   0.0   635   678  1611  1656  1607  1685 0.79 length=3429	scaffold=scaffold00309	strand=-	adjustedToFrame=2
1824_g               -           3429 555at5820            -           1342   3.9e-88  294.3  63.3   5   7   3.2e-18   1.8e-15   53.5   0.8   688   806  1792  1919  1779  1927 0.82 length=3429	scaffold=scaffold00309	strand=-	adjustedToFrame=2
1824_g               -           3429 555at5820            -           1342   3.9e-88  294.3  63.3   6   7   3.1e-35   1.7e-32  109.9   6.1   875  1086  1928  2139  1908  2154 0.91 length=3429	scaffold=scaffold00309	strand=-	adjustedToFrame=2
1824_g               -           3429 555at5820            -           1342   3.9e-88  294.3  63.3   7   7         7     4e+03  -10.6   8.3  1144  1203  2965  3027  2950  3041 0.75 length=3429	scaffold=scaffold00309	strand=-	adjustedToFrame=2
2448_g               -           1767 555at5820            -           1342   1.8e-81  272.2  51.3   1   8     0.042        24    0.1   0.0   192   238     1    47     1    54 0.95 length=1767	scaffold=scaffold00517	strand=-	adjustedToFrame=2
2448_g               -           1767 555at5820            -           1342   1.8e-81  272.2  51.3   2   8     4e-22   2.3e-19   66.4   3.7   249   395    93   245    86   304 0.86 length=1767	scaffold=scaffold00517	strand=-	adjustedToFrame=2
2448_g               -           1767 555at5820            -           1342   1.8e-81  272.2  51.3   3   8   3.3e-07   0.00019   17.0   0.1   394   439   682   726   669   755 0.83 length=1767	scaffold=scaffold00517	strand=-	adjustedToFrame=2
2448_g               -           1767 555at5820            -           1342   1.8e-81  272.2  51.3   4   8       0.6   3.4e+02   -3.7   0.7   794   880   834   933   820   942 0.57 length=1767	scaffold=scaffold00517	strand=-	adjustedToFrame=2
2448_g               -           1767 555at5820            -           1342   1.8e-81  272.2  51.3   5   8   1.4e-06   0.00078   15.0   0.0   544   591   975  1022   956  1034 0.85 length=1767	scaffold=scaffold00517	strand=-	adjustedToFrame=2
2448_g               -           1767 555at5820            -           1342   1.8e-81  272.2  51.3   6   8   3.3e-11   1.9e-08   30.3   5.7   621   735  1128  1244  1086  1263 0.74 length=1767	scaffold=scaffold00517	strand=-	adjustedToFrame=2
2448_g               -           1767 555at5820            -           1342   1.8e-81  272.2  51.3   7   8   2.1e-20   1.2e-17   60.7   1.4   734   812  1362  1440  1343  1473 0.90 length=1767	scaffold=scaffold00517	strand=-	adjustedToFrame=2
2448_g               -           1767 555at5820            -           1342   1.8e-81  272.2  51.3   8   8   3.9e-35   2.2e-32  109.6   1.4   885  1035  1610  1761  1574  1766 0.88 length=1767	scaffold=scaffold00517	strand=-	adjustedToFrame=2
1057_g               -           1522 555at5820            -           1342   1.2e-42  143.6  52.8   1   6   0.00012     0.066    8.6   7.2   116   229     2   122     1   127 0.69 length=1522	scaffold=scaffold00131	strand=+	adjustedToFrame=2
1057_g               -           1522 555at5820            -           1342   1.2e-42  143.6  52.8   2   6       0.4   2.3e+02   -3.1   2.4   177   237   257   316   245   326 0.75 length=1522	scaffold=scaffold00131	strand=+	adjustedToFrame=2
1057_g               -           1522 555at5820            -           1342   1.2e-42  143.6  52.8   3   6   8.8e-13     5e-10   35.5   6.0   310   471   593   733   554   752 0.76 length=1522	scaffold=scaffold00131	strand=+	adjustedToFrame=2
1057_g               -           1522 555at5820            -           1342   1.2e-42  143.6  52.8   4   6      0.16        92   -1.8   0.0   528   568  1146  1188  1134  1206 0.68 length=1522	scaffold=scaffold00131	strand=+	adjustedToFrame=2
1057_g               -           1522 555at5820            -           1342   1.2e-42  143.6  52.8   5   6   3.5e-24     2e-21   73.3   5.6   635   802  1207  1375  1198  1390 0.86 length=1522	scaffold=scaffold00131	strand=+	adjustedToFrame=2
1057_g               -           1522 555at5820            -           1342   1.2e-42  143.6  52.8   6   6   1.5e-17   8.6e-15   51.3   0.4   911  1013  1413  1514  1387  1519 0.83 length=1522	scaffold=scaffold00131	strand=+	adjustedToFrame=2
2016_g               -           1125 555at5820            -           1342   1.7e-15   53.6  16.8   1   4     0.036        21    0.3   2.5    73   200    67   202    13   216 0.68 length=1125	scaffold=scaffold00365	strand=+
2016_g               -           1125 555at5820            -           1342   1.7e-15   53.6  16.8   2   4   0.00028      0.16    7.3   0.0   393   426   344   377   338   393 0.89 length=1125	scaffold=scaffold00365	strand=+
2016_g               -           1125 555at5820            -           1342   1.7e-15   53.6  16.8   3   4   7.5e-16   4.3e-13   45.7   0.9   640   798   619   777   614   784 0.85 length=1125	scaffold=scaffold00365	strand=+
2016_g               -           1125 555at5820            -           1342   1.7e-15   53.6  16.8   4   4   0.00019      0.11    7.9   0.1   921   992   800   869   791   906 0.75 length=1125	scaffold=scaffold00365	strand=+
2280_g               -           1331 555at5820            -           1342    0.0026   13.2   0.1   1   4      0.36     2e+02   -3.0   5.1   806   920    18   135    12   144 0.85 length=1331	scaffold=scaffold00452	strand=-
2280_g               -           1331 555at5820            -           1342    0.0026   13.2   0.1   2   4     0.031        18    0.6   0.0   402   429   470   497   341   505 0.88 length=1331	scaffold=scaffold00452	strand=-
2280_g               -           1331 555at5820            -           1342    0.0026   13.2   0.1   3   4   4.6e-06    0.0026   13.2   0.1   695   793   727   825   706   836 0.79 length=1331	scaffold=scaffold00452	strand=-
2280_g               -           1331 555at5820            -           1342    0.0026   13.2   0.1   4   4      0.25   1.4e+02   -2.4   0.1   926   981   887   942   883   954 0.72 length=1331	scaffold=scaffold00452	strand=-
#
# Program:         hmmsearch
# Version:         3.1b2 (February 2015)
# Pipeline mode:   SEARCH
# Query file:      /export/home/bio1901/Documents/29_BINP/OrthoSearch/busco_downloads/lineages/plasmodium_odb10/hmms/555at5820.hmm
# Target file:     Results/1_GeneSequences/PB.faa
# Option settings: /home/users/bio1901/miniconda3/envs/busco/bin/hmmsearch --domtblout /export/home/bio1901/Documents/29_BINP/OrthoSearch/PB/run_plasmodium_odb10/hmmer_output/555at5820.out --cpu 1 /export/home/bio1901/Documents/29_BINP/OrthoSearch/busco_downloads/lineages/plasmodium_odb10/hmms/555at5820.hmm Results/1_GeneSequences/PB.faa 
# Current dir:     /export/home/bio1901/Documents/29_BINP/OrthoSearch
# Date:            Sun Mar 15 18:09:02 2020
# [ok]
