#                                                                            --- full sequence --- -------------- this domain -------------   hmm coord   ali coord   env coord
# target name        accession   tlen query name           accession   qlen   E-value  score  bias   #  of  c-Evalue  i-Evalue  score  bias  from    to  from    to  from    to  acc description of target
#------------------- ---------- ----- -------------------- ---------- ----- --------- ------ ----- --- --- --------- --------- ------ ----- ----- ----- ----- ----- ----- ----- ---- ---------------------
2893_g               -            444 5565at5820           -            428  9.2e-197  651.6  10.3   1   1    4e-198    4e-195  646.2  10.3     1   426     2   437     2   443 0.93 length=444	scaffold=scaffold00726	strand=+
1544_g               -            518 5565at5820           -            428   1.9e-26   90.5  15.8   1   2   2.3e-11   2.3e-08   30.9   0.6     7   107    40   148    35   172 0.78 length=518	scaffold=scaffold00238	strand=-
1544_g               -            518 5565at5820           -            428   1.9e-26   90.5  15.8   2   2     7e-20   6.9e-17   59.0   9.9    78   368   171   489   157   495 0.69 length=518	scaffold=scaffold00238	strand=-
671_g                -            430 5565at5820           -            428   4.8e-20   69.4   5.7   1   3   3.3e-10   3.2e-07   27.1   1.1    14   166    38   187    25   189 0.77 length=430	scaffold=scaffold00070	strand=+
671_g                -            430 5565at5820           -            428   4.8e-20   69.4   5.7   2   3   3.2e-16   3.2e-13   46.9   1.2     6   410   167   279   135   297 0.53 length=430	scaffold=scaffold00070	strand=+
671_g                -            430 5565at5820           -            428   4.8e-20   69.4   5.7   3   3      0.67   6.7e+02   -3.6   0.0    76   110   361   400   359   411 0.59 length=430	scaffold=scaffold00070	strand=+
2439_g               -            216 5565at5820           -            428   1.6e-12   44.6   0.0   1   1     2e-15     2e-12   44.3   0.0   326   406    50   128    25   151 0.82 length=216	scaffold=scaffold00513	strand=-
#
# Program:         hmmsearch
# Version:         3.1b2 (February 2015)
# Pipeline mode:   SEARCH
# Query file:      /export/home/bio1901/Documents/29_BINP/OrthoSearch/busco_downloads/lineages/plasmodium_odb10/hmms/5565at5820.hmm
# Target file:     Results/1_GeneSequences/PB.faa
# Option settings: /home/users/bio1901/miniconda3/envs/busco/bin/hmmsearch --domtblout /export/home/bio1901/Documents/29_BINP/OrthoSearch/PB/run_plasmodium_odb10/hmmer_output/5565at5820.out --cpu 1 /export/home/bio1901/Documents/29_BINP/OrthoSearch/busco_downloads/lineages/plasmodium_odb10/hmms/5565at5820.hmm Results/1_GeneSequences/PB.faa 
# Current dir:     /export/home/bio1901/Documents/29_BINP/OrthoSearch
# Date:            Sun Mar 15 18:09:03 2020
# [ok]
