#                                                                            --- full sequence --- -------------- this domain -------------   hmm coord   ali coord   env coord
# target name        accession   tlen query name           accession   qlen   E-value  score  bias   #  of  c-Evalue  i-Evalue  score  bias  from    to  from    to  from    to  acc description of target
#------------------- ---------- ----- -------------------- ---------- ----- --------- ------ ----- --- --- --------- --------- ------ ----- ----- ----- ----- ----- ----- ----- ---- ---------------------
716_g                -            545 5598at5820           -            537  8.1e-108  359.2 118.4   1   3   3.3e-09   2.2e-06   24.5  23.4    20   114     2   101     1   116 0.54 length=545	scaffold=scaffold00076	strand=+	adjustedToFrame=2
716_g                -            545 5598at5820           -            537  8.1e-108  359.2 118.4   2   3   1.1e-76   7.6e-74  247.1  70.6    65   344   105   421    97   422 0.76 length=545	scaffold=scaffold00076	strand=+	adjustedToFrame=2
716_g                -            545 5598at5820           -            537  8.1e-108  359.2 118.4   3   3   2.3e-31   1.5e-28   97.6  12.7   434   537   422   536   421   536 0.79 length=545	scaffold=scaffold00076	strand=+	adjustedToFrame=2
4026_g               -            178 5598at5820           -            537     0.054   10.0  13.3   1   1   9.9e-05     0.066    9.7  13.3    76   168    68   165    23   170 0.61 length=178	scaffold=scaffold01615	strand=-
2094_g               -            104 5598at5820           -            537     0.075    9.5  20.1   1   1   0.00012     0.082    9.4  20.1    63   129    35    98    23   103 0.51 length=104	scaffold=scaffold00390	strand=+
3499_g               -            124 5598at5820           -            537      0.42    7.1  28.3   1   1   0.00066      0.44    7.0  28.3    58   130    11    84     2   119 0.57 length=124	scaffold=scaffold01135	strand=+	adjustedToFrame=3
3797_g               -            589 5598at5820           -            537       2.2    4.7  13.8   1   1    0.0058       3.9    3.9  13.8    70   147   399   476   356   498 0.59 length=589	scaffold=scaffold01392	strand=-
2335_g               -            212 5598at5820           -            537       5.4    3.4  17.1   1   1     0.012       8.3    2.8  17.1    71   132   127   194    99   206 0.49 length=212	scaffold=scaffold00474	strand=-
#
# Program:         hmmsearch
# Version:         3.1b2 (February 2015)
# Pipeline mode:   SEARCH
# Query file:      /export/home/bio1901/Documents/29_BINP/OrthoSearch/busco_downloads/lineages/plasmodium_odb10/hmms/5598at5820.hmm
# Target file:     Results/1_GeneSequences/PB.faa
# Option settings: /home/users/bio1901/miniconda3/envs/busco/bin/hmmsearch --domtblout /export/home/bio1901/Documents/29_BINP/OrthoSearch/PB/run_plasmodium_odb10/hmmer_output/5598at5820.out --cpu 1 /export/home/bio1901/Documents/29_BINP/OrthoSearch/busco_downloads/lineages/plasmodium_odb10/hmms/5598at5820.hmm Results/1_GeneSequences/PB.faa 
# Current dir:     /export/home/bio1901/Documents/29_BINP/OrthoSearch
# Date:            Sun Mar 15 18:09:10 2020
# [ok]
