#                                                                            --- full sequence --- -------------- this domain -------------   hmm coord   ali coord   env coord
# target name        accession   tlen query name           accession   qlen   E-value  score  bias   #  of  c-Evalue  i-Evalue  score  bias  from    to  from    to  from    to  acc description of target
#------------------- ---------- ----- -------------------- ---------- ----- --------- ------ ----- --- --- --------- --------- ------ ----- ----- ----- ----- ----- ----- ----- ---- ---------------------
1569_g               -            481 5626at5820           -            398  3.2e-214  709.2  38.9   1   2  1.7e-199  1.7e-196  650.8  29.5     1   369    41   411    41   423 0.96 length=481	scaffold=scaffold00243	strand=-
1569_g               -            481 5626at5820           -            398  3.2e-214  709.2  38.9   2   2   2.7e-21   2.6e-18   64.0   1.9   348   397   429   478   425   479 0.93 length=481	scaffold=scaffold00243	strand=-
694_g                -            912 5626at5820           -            398   6.6e-09   33.1  33.9   1   4   4.4e-11   4.4e-08   30.4  15.0    15   235    77   302    71   350 0.79 length=912	scaffold=scaffold00073	strand=-
694_g                -            912 5626at5820           -            398   6.6e-09   33.1  33.9   2   4   3.1e-07   0.00031   17.7  10.9    59   170   502   613   443   694 0.82 length=912	scaffold=scaffold00073	strand=-
694_g                -            912 5626at5820           -            398   6.6e-09   33.1  33.9   3   4         4     4e+03   -7.9   7.4   200   269   713   791   705   893 0.53 length=912	scaffold=scaffold00073	strand=-
694_g                -            912 5626at5820           -            398   6.6e-09   33.1  33.9   4   4      0.53   5.3e+02   -2.8   0.1   192   223   878   910   875   911 0.84 length=912	scaffold=scaffold00073	strand=-
345_g                -            651 5626at5820           -            398   2.2e-07   28.1  18.9   1   3    0.0033       3.3    4.4   8.7    48   175    36   163    29   179 0.64 length=651	scaffold=scaffold00028	strand=-
345_g                -            651 5626at5820           -            398   2.2e-07   28.1  18.9   2   3   2.2e-10   2.2e-07   28.1  18.9    18   210   176   381   166   385 0.77 length=651	scaffold=scaffold00028	strand=-
345_g                -            651 5626at5820           -            398   2.2e-07   28.1  18.9   3   3      0.71   7.1e+02   -3.2   2.4   145   204   491   551   483   570 0.54 length=651	scaffold=scaffold00028	strand=-
3303_g               -            675 5626at5820           -            398    0.0013   15.7  37.3   1   3   2.7e-05     0.027   11.3  10.4    59   191   240   374   231   379 0.87 length=675	scaffold=scaffold00981	strand=+
3303_g               -            675 5626at5820           -            398    0.0013   15.7  37.3   2   3   0.00013      0.13    9.1  19.5    49   202   379   542   372   611 0.80 length=675	scaffold=scaffold00981	strand=+
3303_g               -            675 5626at5820           -            398    0.0013   15.7  37.3   3   3      0.36   3.5e+02   -2.3   0.9    52   108   549   613   539   641 0.60 length=675	scaffold=scaffold00981	strand=+
#
# Program:         hmmsearch
# Version:         3.1b2 (February 2015)
# Pipeline mode:   SEARCH
# Query file:      /export/home/bio1901/Documents/29_BINP/OrthoSearch/busco_downloads/lineages/plasmodium_odb10/hmms/5626at5820.hmm
# Target file:     Results/1_GeneSequences/PB.faa
# Option settings: /home/users/bio1901/miniconda3/envs/busco/bin/hmmsearch --domtblout /export/home/bio1901/Documents/29_BINP/OrthoSearch/PB/run_plasmodium_odb10/hmmer_output/5626at5820.out --cpu 1 /export/home/bio1901/Documents/29_BINP/OrthoSearch/busco_downloads/lineages/plasmodium_odb10/hmms/5626at5820.hmm Results/1_GeneSequences/PB.faa 
# Current dir:     /export/home/bio1901/Documents/29_BINP/OrthoSearch
# Date:            Sun Mar 15 18:09:12 2020
# [ok]
