#                                                                            --- full sequence --- -------------- this domain -------------   hmm coord   ali coord   env coord
# target name        accession   tlen query name           accession   qlen   E-value  score  bias   #  of  c-Evalue  i-Evalue  score  bias  from    to  from    to  from    to  acc description of target
#------------------- ---------- ----- -------------------- ---------- ----- --------- ------ ----- --- --- --------- --------- ------ ----- ----- ----- ----- ----- ----- ----- ---- ---------------------
603_g                -           1469 565at5820            -           1203  1.4e-152  507.8 203.3   1   6         3     4e+03  -17.3  23.0   426   556   108   236    76   269 0.61 length=1469	scaffold=scaffold00060	strand=+
603_g                -           1469 565at5820            -           1203  1.4e-152  507.8 203.3   2   6   2.7e-52   3.5e-49  165.3  39.0   448   759   431   763   380   766 0.68 length=1469	scaffold=scaffold00060	strand=+
603_g                -           1469 565at5820            -           1203  1.4e-152  507.8 203.3   3   6   2.6e-26   3.5e-23   79.2   9.1   757   831   812   887   807   907 0.89 length=1469	scaffold=scaffold00060	strand=+
603_g                -           1469 565at5820            -           1203  1.4e-152  507.8 203.3   4   6     9e-50   1.2e-46  156.9  11.5   829   963   915  1048   905  1065 0.89 length=1469	scaffold=scaffold00060	strand=+
603_g                -           1469 565at5820            -           1203  1.4e-152  507.8 203.3   5   6   2.6e-24   3.5e-21   72.6  51.6   945  1147  1074  1301  1066  1312 0.70 length=1469	scaffold=scaffold00060	strand=+
603_g                -           1469 565at5820            -           1203  1.4e-152  507.8 203.3   6   6   6.5e-27   8.7e-24   81.2  24.2  1053  1203  1295  1468  1292  1468 0.69 length=1469	scaffold=scaffold00060	strand=+
602_g                -           1647 565at5820            -           1203   1.1e-94  316.1  67.2   1   9   8.4e-63   1.1e-59  200.1  22.6     1   184     1   194     1   200 0.95 length=1647	scaffold=scaffold00060	strand=+
602_g                -           1647 565at5820            -           1203   1.1e-94  316.1  67.2   2   9   3.4e-42   4.6e-39  131.8  36.6   184   455   250   531   245   551 0.73 length=1647	scaffold=scaffold00060	strand=+
602_g                -           1647 565at5820            -           1203   1.1e-94  316.1  67.2   3   9         3     4e+03  -15.3  24.1   389   520   537   681   527   713 0.41 length=1647	scaffold=scaffold00060	strand=+
602_g                -           1647 565at5820            -           1203   1.1e-94  316.1  67.2   4   9      0.24   3.2e+02   -3.5   4.8   486   561   770   846   727   853 0.64 length=1647	scaffold=scaffold00060	strand=+
602_g                -           1647 565at5820            -           1203   1.1e-94  316.1  67.2   5   9         3     4e+03  -11.0  18.0   450   591   928  1081   891  1091 0.52 length=1647	scaffold=scaffold00060	strand=+
602_g                -           1647 565at5820            -           1203   1.1e-94  316.1  67.2   6   9         3     4e+03  -20.7  32.6   391   580   980  1172   939  1178 0.46 length=1647	scaffold=scaffold00060	strand=+
602_g                -           1647 565at5820            -           1203   1.1e-94  316.1  67.2   7   9         3     4e+03  -23.2  34.1   443   548  1169  1278  1126  1302 0.44 length=1647	scaffold=scaffold00060	strand=+
602_g                -           1647 565at5820            -           1203   1.1e-94  316.1  67.2   8   9         3     4e+03  -12.3  17.6   513   591  1371  1447  1346  1456 0.57 length=1647	scaffold=scaffold00060	strand=+
602_g                -           1647 565at5820            -           1203   1.1e-94  316.1  67.2   9   9         3     4e+03  -28.9  39.3   445   536  1517  1613  1470  1645 0.39 length=1647	scaffold=scaffold00060	strand=+
1385_g               -            142 565at5820            -           1203     0.015   10.9   0.0   1   1   1.2e-05     0.016   10.7   0.0   998  1093     7   102     1   107 0.76 length=142	scaffold=scaffold00202	strand=-
#
# Program:         hmmsearch
# Version:         3.1b2 (February 2015)
# Pipeline mode:   SEARCH
# Query file:      /export/home/bio1901/Documents/29_BINP/OrthoSearch/busco_downloads/lineages/plasmodium_odb10/hmms/565at5820.hmm
# Target file:     Results/1_GeneSequences/PB.faa
# Option settings: /home/users/bio1901/miniconda3/envs/busco/bin/hmmsearch --domtblout /export/home/bio1901/Documents/29_BINP/OrthoSearch/PB/run_plasmodium_odb10/hmmer_output/565at5820.out --cpu 1 /export/home/bio1901/Documents/29_BINP/OrthoSearch/busco_downloads/lineages/plasmodium_odb10/hmms/565at5820.hmm Results/1_GeneSequences/PB.faa 
# Current dir:     /export/home/bio1901/Documents/29_BINP/OrthoSearch
# Date:            Sun Mar 15 18:09:14 2020
# [ok]
