#                                                                            --- full sequence --- -------------- this domain -------------   hmm coord   ali coord   env coord
# target name        accession   tlen query name           accession   qlen   E-value  score  bias   #  of  c-Evalue  i-Evalue  score  bias  from    to  from    to  from    to  acc description of target
#------------------- ---------- ----- -------------------- ---------- ----- --------- ------ ----- --- --- --------- --------- ------ ----- ----- ----- ----- ----- ----- ----- ---- ---------------------
236_g                -           2627 56at5820             -           3908         0 1147.9 234.5   1   7   4.8e-33   6.4e-30  100.3  26.3  2292  2479    13   207     1   224 0.86 length=2627	scaffold=scaffold00016	strand=-
236_g                -           2627 56at5820             -           3908         0 1147.9 234.5   2   7   1.3e-27   1.7e-24   82.3  22.1  2482  2656   445   645   421   738 0.80 length=2627	scaffold=scaffold00016	strand=-
236_g                -           2627 56at5820             -           3908         0 1147.9 234.5   3   7   1.9e-28   2.5e-25   85.1  11.3  2650  2768   796   920   746   927 0.88 length=2627	scaffold=scaffold00016	strand=-
236_g                -           2627 56at5820             -           3908         0 1147.9 234.5   4   7   4.8e-05     0.063    7.4   0.1  2766  2810  1073  1129  1059  1154 0.76 length=2627	scaffold=scaffold00016	strand=-
236_g                -           2627 56at5820             -           3908         0 1147.9 234.5   5   7  7.1e-147  9.5e-144  478.1  61.9  2809  3359  1258  1845  1253  1854 0.90 length=2627	scaffold=scaffold00016	strand=-
236_g                -           2627 56at5820             -           3908         0 1147.9 234.5   6   7   7.6e-75     1e-71  239.0  38.1  3315  3654  1881  2247  1869  2262 0.89 length=2627	scaffold=scaffold00016	strand=-
236_g                -           2627 56at5820             -           3908         0 1147.9 234.5   7   7   1.7e-59   2.3e-56  188.1  28.9  3586  3908  2285  2609  2282  2609 0.89 length=2627	scaffold=scaffold00016	strand=-
238_g                -           2774 56at5820             -           3908  1.1e-303 1008.9 301.1   1   8   2.8e-93   3.7e-90  300.2  48.2     2   396    17   432    16   437 0.91 length=2774	scaffold=scaffold00016	strand=-	adjustedToFrame=2
238_g                -           2774 56at5820             -           3908  1.1e-303 1008.9 301.1   2   8   8.5e-13   1.1e-09   33.1  10.3   370   460   448   547   435   618 0.65 length=2774	scaffold=scaffold00016	strand=-	adjustedToFrame=2
238_g                -           2774 56at5820             -           3908  1.1e-303 1008.9 301.1   3   8   9.5e-80   1.3e-76  255.3  67.5   483   858  1071  1481  1021  1484 0.85 length=2774	scaffold=scaffold00016	strand=-	adjustedToFrame=2
238_g                -           2774 56at5820             -           3908  1.1e-303 1008.9 301.1   4   8   3.4e-53   4.5e-50  167.2  43.5  1117  1485  1481  1902  1480  1915 0.82 length=2774	scaffold=scaffold00016	strand=-	adjustedToFrame=2
238_g                -           2774 56at5820             -           3908  1.1e-303 1008.9 301.1   5   8      0.14   1.9e+02   -4.1   9.6  1455  1535  1920  2005  1910  2010 0.76 length=2774	scaffold=scaffold00016	strand=-	adjustedToFrame=2
238_g                -           2774 56at5820             -           3908  1.1e-303 1008.9 301.1   6   8   3.2e-21   4.2e-18   61.1   4.7  1536  1628  2066  2167  2030  2183 0.83 length=2774	scaffold=scaffold00016	strand=-	adjustedToFrame=2
238_g                -           2774 56at5820             -           3908  1.1e-303 1008.9 301.1   7   8   2.7e-48   3.6e-45  150.9  51.2  1624  1916  2194  2519  2166  2526 0.76 length=2774	scaffold=scaffold00016	strand=-	adjustedToFrame=2
238_g                -           2774 56at5820             -           3908  1.1e-303 1008.9 301.1   8   8   1.1e-29   1.5e-26   89.1  12.2  1904  2025  2645  2773  2620  2773 0.90 length=2774	scaffold=scaffold00016	strand=-	adjustedToFrame=2
237_g                -            271 56at5820             -           3908   6.6e-56  186.5  30.5   1   1   5.5e-59   7.3e-56  186.4  30.5  2036  2271     2   267     1   270 0.90 length=271	scaffold=scaffold00016	strand=-
#
# Program:         hmmsearch
# Version:         3.1b2 (February 2015)
# Pipeline mode:   SEARCH
# Query file:      /export/home/bio1901/Documents/29_BINP/OrthoSearch/busco_downloads/lineages/plasmodium_odb10/hmms/56at5820.hmm
# Target file:     Results/1_GeneSequences/PB.faa
# Option settings: /home/users/bio1901/miniconda3/envs/busco/bin/hmmsearch --domtblout /export/home/bio1901/Documents/29_BINP/OrthoSearch/PB/run_plasmodium_odb10/hmmer_output/56at5820.out --cpu 1 /export/home/bio1901/Documents/29_BINP/OrthoSearch/busco_downloads/lineages/plasmodium_odb10/hmms/56at5820.hmm Results/1_GeneSequences/PB.faa 
# Current dir:     /export/home/bio1901/Documents/29_BINP/OrthoSearch
# Date:            Sun Mar 15 18:09:20 2020
# [ok]
