#                                                                            --- full sequence --- -------------- this domain -------------   hmm coord   ali coord   env coord
# target name        accession   tlen query name           accession   qlen   E-value  score  bias   #  of  c-Evalue  i-Evalue  score  bias  from    to  from    to  from    to  acc description of target
#------------------- ---------- ----- -------------------- ---------- ----- --------- ------ ----- --- --- --------- --------- ------ ----- ----- ----- ----- ----- ----- ----- ---- ---------------------
261_g                -            532 5836at5820           -            442  4.5e-288  952.7  15.6   1   2   8.3e-94   5.5e-91  303.2   4.5     1   145     1   145     1   155 0.97 length=532	scaffold=scaffold00019	strand=+
261_g                -            532 5836at5820           -            442  4.5e-288  952.7  15.6   2   2  1.1e-200    7e-198  655.5   3.4   142   441   174   473   168   474 0.99 length=532	scaffold=scaffold00019	strand=+
3687_g               -            479 5836at5820           -            442  4.7e-100  333.1   9.8   1   1  1.6e-102     1e-99  331.9   9.8    11   435    16   476     6   478 0.87 length=479	scaffold=scaffold01290	strand=-
2509_g               -            281 5836at5820           -            442   1.4e-54  183.2   6.9   1   1   2.6e-57   1.7e-54  182.9   6.9    31   286    12   279     6   280 0.85 length=281	scaffold=scaffold00540	strand=-	adjustedToFrame=3
1654_g               -            771 5836at5820           -            442   2.8e-06   24.0   0.1   1   2   0.00027      0.18    8.2   0.0    63   106   274   316   260   340 0.78 length=771	scaffold=scaffold00263	strand=-
1654_g               -            771 5836at5820           -            442   2.8e-06   24.0   0.1   2   2   1.2e-05    0.0077   12.7   0.0    28   117   514   608   494   615 0.74 length=771	scaffold=scaffold00263	strand=-
2255_g               -            852 5836at5820           -            442   9.4e-05   19.0   0.1   1   3      0.65   4.3e+02   -3.0   0.0   227   259    35    69     8    84 0.74 length=852	scaffold=scaffold00443	strand=+	adjustedToFrame=2
2255_g               -            852 5836at5820           -            442   9.4e-05   19.0   0.1   2   3   3.3e-05     0.022   11.2   0.0    64   116   247   298   239   317 0.84 length=852	scaffold=scaffold00443	strand=+	adjustedToFrame=2
2255_g               -            852 5836at5820           -            442   9.4e-05   19.0   0.1   3   3     0.003         2    4.7   0.0    58   112   514   566   509   576 0.81 length=852	scaffold=scaffold00443	strand=+	adjustedToFrame=2
842_g                -            703 5836at5820           -            442   0.00083   15.9   3.9   1   3   2.2e-06    0.0014   15.1   0.1    63   101   283   319   272   328 0.83 length=703	scaffold=scaffold00095	strand=-
842_g                -            703 5836at5820           -            442   0.00083   15.9   3.9   2   3      0.11        74   -0.4   0.0   277   367   342   441   326   465 0.71 length=703	scaffold=scaffold00095	strand=-
842_g                -            703 5836at5820           -            442   0.00083   15.9   3.9   3   3      0.11        76   -0.5   0.3   242   312   609   678   576   693 0.62 length=703	scaffold=scaffold00095	strand=-
#
# Program:         hmmsearch
# Version:         3.1b2 (February 2015)
# Pipeline mode:   SEARCH
# Query file:      /export/home/bio1901/Documents/29_BINP/OrthoSearch/busco_downloads/lineages/plasmodium_odb10/hmms/5836at5820.hmm
# Target file:     Results/1_GeneSequences/PB.faa
# Option settings: /home/users/bio1901/miniconda3/envs/busco/bin/hmmsearch --domtblout /export/home/bio1901/Documents/29_BINP/OrthoSearch/PB/run_plasmodium_odb10/hmmer_output/5836at5820.out --cpu 1 /export/home/bio1901/Documents/29_BINP/OrthoSearch/busco_downloads/lineages/plasmodium_odb10/hmms/5836at5820.hmm Results/1_GeneSequences/PB.faa 
# Current dir:     /export/home/bio1901/Documents/29_BINP/OrthoSearch
# Date:            Sun Mar 15 18:10:00 2020
# [ok]
