#                                                                            --- full sequence --- -------------- this domain -------------   hmm coord   ali coord   env coord
# target name        accession   tlen query name           accession   qlen   E-value  score  bias   #  of  c-Evalue  i-Evalue  score  bias  from    to  from    to  from    to  acc description of target
#------------------- ---------- ----- -------------------- ---------- ----- --------- ------ ----- --- --- --------- --------- ------ ----- ----- ----- ----- ----- ----- ----- ---- ---------------------
3159_g               -            709 5840at5820           -            458   4.2e-16   56.6  12.7   1   4         3     4e+03  -13.0  16.8   197   282    62   147    43   197 0.54 length=709	scaffold=scaffold00883	strand=-
3159_g               -            709 5840at5820           -            458   4.2e-16   56.6  12.7   2   4      0.17   2.3e+02   -1.8   5.9    22    70   208   265   185   273 0.48 length=709	scaffold=scaffold00883	strand=-
3159_g               -            709 5840at5820           -            458   4.2e-16   56.6  12.7   3   4   3.1e-19   4.2e-16   56.6  12.7   316   455   274   419   262   421 0.85 length=709	scaffold=scaffold00883	strand=-
3159_g               -            709 5840at5820           -            458   4.2e-16   56.6  12.7   4   4   0.00045      0.59    6.7   1.2   372   407   623   658   605   705 0.69 length=709	scaffold=scaffold00883	strand=-
3973_g               -            303 5840at5820           -            458   5.3e-07   26.6   3.2   1   2   0.00027      0.35    7.4   0.1    50   172    20   147     2   153 0.61 length=303	scaffold=scaffold01556	strand=+
3973_g               -            303 5840at5820           -            458   5.3e-07   26.6   3.2   2   2   8.3e-08   0.00011   19.0   0.6   311   442   158   287   151   300 0.74 length=303	scaffold=scaffold01556	strand=+
3050_g               -            332 5840at5820           -            458   1.1e-06   25.6   1.0   1   2   1.8e-07   0.00024   17.8   0.1    48   171    35   154     6   159 0.77 length=332	scaffold=scaffold00817	strand=+
3050_g               -            332 5840at5820           -            458   1.1e-06   25.6   1.0   2   2   0.00049      0.65    6.5   0.1   340   452   194   302   175   307 0.82 length=332	scaffold=scaffold00817	strand=+
#
# Program:         hmmsearch
# Version:         3.1b2 (February 2015)
# Pipeline mode:   SEARCH
# Query file:      /export/home/bio1901/Documents/29_BINP/OrthoSearch/busco_downloads/lineages/plasmodium_odb10/hmms/5840at5820.hmm
# Target file:     Results/1_GeneSequences/PB.faa
# Option settings: /home/users/bio1901/miniconda3/envs/busco/bin/hmmsearch --domtblout /export/home/bio1901/Documents/29_BINP/OrthoSearch/PB/run_plasmodium_odb10/hmmer_output/5840at5820.out --cpu 1 /export/home/bio1901/Documents/29_BINP/OrthoSearch/busco_downloads/lineages/plasmodium_odb10/hmms/5840at5820.hmm Results/1_GeneSequences/PB.faa 
# Current dir:     /export/home/bio1901/Documents/29_BINP/OrthoSearch
# Date:            Sun Mar 15 18:10:00 2020
# [ok]
