#                                                                            --- full sequence --- -------------- this domain -------------   hmm coord   ali coord   env coord
# target name        accession   tlen query name           accession   qlen   E-value  score  bias   #  of  c-Evalue  i-Evalue  score  bias  from    to  from    to  from    to  acc description of target
#------------------- ---------- ----- -------------------- ---------- ----- --------- ------ ----- --- --- --------- --------- ------ ----- ----- ----- ----- ----- ----- ----- ---- ---------------------
1549_g               -            641 5842at5820           -            485  1.9e-190  631.4  48.7   1   2    0.0096        13    2.1   0.1     3    27     3    27     1    34 0.83 length=641	scaffold=scaffold00238	strand=-
1549_g               -            641 5842at5820           -            485  1.9e-190  631.4  48.7   2   2  7.4e-192  9.8e-189  625.7  43.9    22   451    61   541    52   610 0.80 length=641	scaffold=scaffold00238	strand=-
2374_g               -            348 5842at5820           -            485   1.3e-15   54.8  16.8   1   2   0.00019      0.25    7.7   0.3    31    77    49    97    37   105 0.82 length=348	scaffold=scaffold00491	strand=+
2374_g               -            348 5842at5820           -            485   1.3e-15   54.8  16.8   2   2   4.8e-16   6.4e-13   45.9  11.5   110   296   106   277    97   315 0.84 length=348	scaffold=scaffold00491	strand=+
1240_g               -            725 5842at5820           -            485   3.2e-10   37.0  26.8   1   6       0.4   5.3e+02   -3.3   0.2    38    75    62   101    45   107 0.70 length=725	scaffold=scaffold00169	strand=+
1240_g               -            725 5842at5820           -            485   3.2e-10   37.0  26.8   2   6         3     4e+03   -9.7  10.4   380   400   138   158   120   222 0.55 length=725	scaffold=scaffold00169	strand=+
1240_g               -            725 5842at5820           -            485   3.2e-10   37.0  26.8   3   6     0.087   1.2e+02   -1.1   0.1   106   129   231   254   225   288 0.81 length=725	scaffold=scaffold00169	strand=+
1240_g               -            725 5842at5820           -            485   3.2e-10   37.0  26.8   4   6      0.27   3.6e+02   -2.7   1.4   374   427   310   367   305   416 0.54 length=725	scaffold=scaffold00169	strand=+
1240_g               -            725 5842at5820           -            485   3.2e-10   37.0  26.8   5   6   5.7e-11   7.6e-08   29.2   0.1   127   183   424   483   389   498 0.78 length=725	scaffold=scaffold00169	strand=+
1240_g               -            725 5842at5820           -            485   3.2e-10   37.0  26.8   6   6     1e-07   0.00013   18.5  22.7   242   449   514   713   509   721 0.61 length=725	scaffold=scaffold00169	strand=+
#
# Program:         hmmsearch
# Version:         3.1b2 (February 2015)
# Pipeline mode:   SEARCH
# Query file:      /export/home/bio1901/Documents/29_BINP/OrthoSearch/busco_downloads/lineages/plasmodium_odb10/hmms/5842at5820.hmm
# Target file:     Results/1_GeneSequences/PB.faa
# Option settings: /home/users/bio1901/miniconda3/envs/busco/bin/hmmsearch --domtblout /export/home/bio1901/Documents/29_BINP/OrthoSearch/PB/run_plasmodium_odb10/hmmer_output/5842at5820.out --cpu 1 /export/home/bio1901/Documents/29_BINP/OrthoSearch/busco_downloads/lineages/plasmodium_odb10/hmms/5842at5820.hmm Results/1_GeneSequences/PB.faa 
# Current dir:     /export/home/bio1901/Documents/29_BINP/OrthoSearch
# Date:            Sun Mar 15 18:10:01 2020
# [ok]
