#                                                                            --- full sequence --- -------------- this domain -------------   hmm coord   ali coord   env coord
# target name        accession   tlen query name           accession   qlen   E-value  score  bias   #  of  c-Evalue  i-Evalue  score  bias  from    to  from    to  from    to  acc description of target
#------------------- ---------- ----- -------------------- ---------- ----- --------- ------ ----- --- --- --------- --------- ------ ----- ----- ----- ----- ----- ----- ----- ---- ---------------------
2311_g               -           1618 585at5820            -           1351         0 2258.6  96.0   1   3         0         0 2038.6  56.9     6  1147     1  1226     1  1258 0.95 length=1618	scaffold=scaffold00466	strand=+	adjustedToFrame=2
2311_g               -           1618 585at5820            -           1351         0 2258.6  96.0   2   3   1.7e-05     0.022   10.0   0.5  1173  1218  1333  1380  1322  1396 0.75 length=1618	scaffold=scaffold00466	strand=+	adjustedToFrame=2
2311_g               -           1618 585at5820            -           1351         0 2258.6  96.0   3   3   1.5e-66   2.1e-63  212.2  24.3  1189  1351  1424  1613  1416  1613 0.88 length=1618	scaffold=scaffold00466	strand=+	adjustedToFrame=2
1989_g               -           1575 585at5820            -           1351  6.4e-130  432.6  61.3   1   2  1.7e-132  2.2e-129  430.8  33.1     7  1130     4  1159     1  1209 0.79 length=1575	scaffold=scaffold00357	strand=-	adjustedToFrame=3
1989_g               -           1575 585at5820            -           1351  6.4e-130  432.6  61.3   2   2    0.0014       1.9    3.6  20.2  1243  1328  1456  1548  1435  1570 0.79 length=1575	scaffold=scaffold00357	strand=-	adjustedToFrame=3
490_g                -           1600 585at5820            -           1351   8.2e-17   57.8  14.3   1   4   1.8e-05     0.024    9.9   0.2   752   813   306   374   285   380 0.75 length=1600	scaffold=scaffold00045	strand=+
490_g                -           1600 585at5820            -           1351   8.2e-17   57.8  14.3   2   4   1.7e-06    0.0023   13.3   0.1   750   815   692   762   670   784 0.80 length=1600	scaffold=scaffold00045	strand=+
490_g                -           1600 585at5820            -           1351   8.2e-17   57.8  14.3   3   4   7.2e-05     0.096    7.9   0.2   727   783  1042  1104   928  1133 0.89 length=1600	scaffold=scaffold00045	strand=+
490_g                -           1600 585at5820            -           1351   8.2e-17   57.8  14.3   4   4   1.2e-12   1.6e-09   33.7   1.3   747   812  1178  1247  1159  1253 0.85 length=1600	scaffold=scaffold00045	strand=+
#
# Program:         hmmsearch
# Version:         3.1b2 (February 2015)
# Pipeline mode:   SEARCH
# Query file:      /export/home/bio1901/Documents/29_BINP/OrthoSearch/busco_downloads/lineages/plasmodium_odb10/hmms/585at5820.hmm
# Target file:     Results/1_GeneSequences/PB.faa
# Option settings: /home/users/bio1901/miniconda3/envs/busco/bin/hmmsearch --domtblout /export/home/bio1901/Documents/29_BINP/OrthoSearch/PB/run_plasmodium_odb10/hmmer_output/585at5820.out --cpu 1 /export/home/bio1901/Documents/29_BINP/OrthoSearch/busco_downloads/lineages/plasmodium_odb10/hmms/585at5820.hmm Results/1_GeneSequences/PB.faa 
# Current dir:     /export/home/bio1901/Documents/29_BINP/OrthoSearch
# Date:            Sun Mar 15 18:10:03 2020
# [ok]
