#                                                                            --- full sequence --- -------------- this domain -------------   hmm coord   ali coord   env coord
# target name        accession   tlen query name           accession   qlen   E-value  score  bias   #  of  c-Evalue  i-Evalue  score  bias  from    to  from    to  from    to  acc description of target
#------------------- ---------- ----- -------------------- ---------- ----- --------- ------ ----- --- --- --------- --------- ------ ----- ----- ----- ----- ----- ----- ----- ---- ---------------------
1035_g               -            652 5868at5820           -            452  1.7e-110  367.5   9.6   1   2   1.4e-19   2.1e-17   60.7   0.2     6   119   174   298   171   328 0.72 length=652	scaffold=scaffold00126	strand=-	adjustedToFrame=2
1035_g               -            652 5868at5820           -            452  1.7e-110  367.5   9.6   2   2   3.1e-95   4.8e-93  310.0   4.3   130   435   339   648   327   651 0.94 length=652	scaffold=scaffold00126	strand=-	adjustedToFrame=2
4074_g               -            889 5868at5820           -            452   1.1e-92  308.8   3.7   1   1   1.1e-94   1.7e-92  308.2   3.7    30   423    34   429    19   455 0.92 length=889	scaffold=scaffold01665	strand=-	adjustedToFrame=3
207_g                -            641 5868at5820           -            452   3.1e-91  304.0   0.3   1   1     3e-93   4.6e-91  303.5   0.3    26   435   164   579   150   591 0.91 length=641	scaffold=scaffold00014	strand=+
1925_g               -            866 5868at5820           -            452     4e-89  297.1   3.2   1   2   2.7e-35   4.1e-33  112.5   0.3    63   228   321   504   313   510 0.87 length=866	scaffold=scaffold00338	strand=-
1925_g               -            866 5868at5820           -            452     4e-89  297.1   3.2   2   2     7e-57   1.1e-54  183.6   0.2   232   451   543   763   527   764 0.86 length=866	scaffold=scaffold00338	strand=-
3826_g               -           1126 5868at5820           -            452   5.9e-82  273.4   3.9   1   2     2e-46   3.1e-44  149.1   0.0    24   229   669   878   653   885 0.91 length=1126	scaffold=scaffold01419	strand=-	adjustedToFrame=3
3826_g               -           1126 5868at5820           -            452   5.9e-82  273.4   3.9   2   2   4.7e-39   7.3e-37  124.8   0.0   230   431   903  1099   883  1107 0.94 length=1126	scaffold=scaffold01419	strand=-	adjustedToFrame=3
2422_g               -            654 5868at5820           -            452   9.3e-72  239.8   1.9   1   1   9.9e-74   1.5e-71  239.1   1.9    23   412   213   594   196   604 0.86 length=654	scaffold=scaffold00506	strand=-
1618_g               -            391 5868at5820           -            452   9.3e-61  203.6   1.0   1   1   8.1e-63   1.2e-60  203.1   1.0    57   427    20   375    14   387 0.89 length=391	scaffold=scaffold00254	strand=-
2407_g               -            396 5868at5820           -            452   2.9e-58  195.3   0.5   1   1   2.4e-60   3.6e-58  195.0   0.5    46   411    15   369     2   387 0.86 length=396	scaffold=scaffold00502	strand=+
2139_g               -            551 5868at5820           -            452   4.7e-55  184.8   2.9   1   1   4.3e-57   6.5e-55  184.3   2.9    54   423   125   499    90   515 0.88 length=551	scaffold=scaffold00403	strand=+
1937_g               -           1358 5868at5820           -            452   6.5e-55  184.3   2.0   1   2   1.2e-09   1.8e-07   27.9   0.1    37   114   160   232   107   247 0.82 length=1358	scaffold=scaffold00342	strand=+	adjustedToFrame=2
1937_g               -           1358 5868at5820           -            452   6.5e-55  184.3   2.0   2   2   2.3e-48   3.5e-46  155.5   0.3   123   419   307   601   302   622 0.88 length=1358	scaffold=scaffold00342	strand=+	adjustedToFrame=2
3057_g               -            814 5868at5820           -            452   9.6e-55  183.7   3.1   1   1   1.1e-56   1.6e-54  183.0   3.1    51   407   201   548   119   566 0.87 length=814	scaffold=scaffold00819	strand=+
1091_g               -            493 5868at5820           -            452   1.6e-46  156.7   0.3   1   2   6.3e-08   9.7e-06   22.2   0.0    73   115   171   213   142   227 0.79 length=493	scaffold=scaffold00138	strand=-
1091_g               -            493 5868at5820           -            452   1.6e-46  156.7   0.3   2   2   1.3e-41     2e-39  133.3   0.1   162   420   222   476   212   489 0.88 length=493	scaffold=scaffold00138	strand=-
2156_g               -            475 5868at5820           -            452   5.7e-46  154.8   0.9   1   2   7.7e-06    0.0012   15.4   0.0    55   113    55   118     9   128 0.72 length=475	scaffold=scaffold00410	strand=+
2156_g               -            475 5868at5820           -            452   5.7e-46  154.8   0.9   2   2   7.6e-43   1.2e-40  137.3   1.0   131   419   163   453   149   471 0.89 length=475	scaffold=scaffold00410	strand=+
2360_g               -            960 5868at5820           -            452   1.3e-44  150.3   6.4   1   1   1.3e-46   2.1e-44  149.7   6.4    28   424   101   501    83   515 0.84 length=960	scaffold=scaffold00485	strand=-
3581_g               -           1373 5868at5820           -            452   6.1e-40  135.0   4.9   1   1   7.8e-42   1.2e-39  134.0   4.9    57   411   220   574   188   585 0.87 length=1373	scaffold=scaffold01199	strand=+
1604_g               -            597 5868at5820           -            452     4e-37  125.7   5.5   1   1   3.4e-39   5.3e-37  125.3   5.5    91   407   157   479    89   507 0.86 length=597	scaffold=scaffold00250	strand=-	adjustedToFrame=2
1972_g               -            784 5868at5820           -            452     3e-32  109.6  11.2   1   2     3e-06   0.00045   16.7   0.2    27   115   181   264   158   273 0.75 length=784	scaffold=scaffold00352	strand=-
1972_g               -            784 5868at5820           -            452     3e-32  109.6  11.2   2   2   3.9e-30   5.9e-28   95.4   6.0   131   431   315   611   307   633 0.84 length=784	scaffold=scaffold00352	strand=-
291_g                -           1572 5868at5820           -            452   9.8e-32  107.9   3.9   1   1   6.1e-33   9.4e-31  104.7   3.9    73   412   437   803   422   815 0.73 length=1572	scaffold=scaffold00022	strand=-
3083_g               -           1381 5868at5820           -            452     8e-31  104.9   2.6   1   3   1.7e-08   2.6e-06   24.1   0.0    59   113     7    61     3    68 0.88 length=1381	scaffold=scaffold00835	strand=-
3083_g               -           1381 5868at5820           -            452     8e-31  104.9   2.6   2   3   2.4e-09   3.6e-07   26.9   0.2   130   286   387   546   380   563 0.80 length=1381	scaffold=scaffold00835	strand=-
3083_g               -           1381 5868at5820           -            452     8e-31  104.9   2.6   3   3   7.5e-17   1.1e-14   51.6   0.2   327   402   656   731   597   741 0.89 length=1381	scaffold=scaffold00835	strand=-
3437_g               -            903 5868at5820           -            452   1.6e-19   67.6   2.8   1   2   1.1e-13   1.6e-11   41.3   0.3   103   228   273   403   248   422 0.84 length=903	scaffold=scaffold01083	strand=+
3437_g               -            903 5868at5820           -            452   1.6e-19   67.6   2.8   2   2   5.1e-09   7.8e-07   25.8   0.2   329   388   740   800   723   803 0.87 length=903	scaffold=scaffold01083	strand=+
3052_g               -            883 5868at5820           -            452   9.7e-17   58.5   0.1   1   2      0.42        65   -0.3   0.0    95   114   284   303   270   328 0.80 length=883	scaffold=scaffold00817	strand=+
3052_g               -            883 5868at5820           -            452   9.7e-17   58.5   0.1   2   2   4.3e-18   6.6e-16   55.7   0.1   340   436   701   798   657   804 0.84 length=883	scaffold=scaffold00817	strand=+
3792_g               -            650 5868at5820           -            452   5.9e-16   55.9   5.5   1   2   8.3e-10   1.3e-07   28.4   0.1    20   119    16   115    13   159 0.90 length=650	scaffold=scaffold01388	strand=-	adjustedToFrame=2
3792_g               -            650 5868at5820           -            452   5.9e-16   55.9   5.5   2   2   8.1e-10   1.2e-07   28.4   1.4   178   310   435   574   414   585 0.83 length=650	scaffold=scaffold01388	strand=-	adjustedToFrame=2
1049_g               -            804 5868at5820           -            452   7.8e-14   48.9   0.2   1   2       1.9   2.9e+02   -2.4   0.0   269   358   253   344   248   370 0.72 length=804	scaffold=scaffold00129	strand=+
1049_g               -            804 5868at5820           -            452   7.8e-14   48.9   0.2   2   2   1.1e-15   1.7e-13   47.8   0.1   283   418   364   499   323   508 0.88 length=804	scaffold=scaffold00129	strand=+
2331_g               -           1262 5868at5820           -            452   1.1e-13   48.4   3.0   1   1   1.5e-15   2.3e-13   47.3   3.0   170   434   135   417    51   428 0.71 length=1262	scaffold=scaffold00473	strand=+
242_g                -            982 5868at5820           -            452   1.2e-10   38.4   6.6   1   3       3.7   5.7e+02   -3.4   0.1    54    89    69   109    42   118 0.64 length=982	scaffold=scaffold00017	strand=-
242_g                -            982 5868at5820           -            452   1.2e-10   38.4   6.6   2   3    0.0066         1    5.7   0.0   172   232   445   509   437   528 0.82 length=982	scaffold=scaffold00017	strand=-
242_g                -            982 5868at5820           -            452   1.2e-10   38.4   6.6   3   3   8.1e-12   1.2e-09   35.1   1.0   302   431   688   826   591   846 0.81 length=982	scaffold=scaffold00017	strand=-
3791_g               -            385 5868at5820           -            452   6.9e-06   22.7   1.1   1   2     7e-08   1.1e-05   22.1   0.1   362   407     2    46     1    62 0.89 length=385	scaffold=scaffold01388	strand=-
3791_g               -            385 5868at5820           -            452   6.9e-06   22.7   1.1   2   2       1.7   2.6e+02   -2.3   0.2   259   312    60   114    51   127 0.64 length=385	scaffold=scaffold01388	strand=-
#
# Program:         hmmsearch
# Version:         3.1b2 (February 2015)
# Pipeline mode:   SEARCH
# Query file:      /export/home/bio1901/Documents/29_BINP/OrthoSearch/busco_downloads/lineages/plasmodium_odb10/hmms/5868at5820.hmm
# Target file:     Results/1_GeneSequences/PB.faa
# Option settings: /home/users/bio1901/miniconda3/envs/busco/bin/hmmsearch --domtblout /export/home/bio1901/Documents/29_BINP/OrthoSearch/PB/run_plasmodium_odb10/hmmer_output/5868at5820.out --cpu 1 /export/home/bio1901/Documents/29_BINP/OrthoSearch/busco_downloads/lineages/plasmodium_odb10/hmms/5868at5820.hmm Results/1_GeneSequences/PB.faa 
# Current dir:     /export/home/bio1901/Documents/29_BINP/OrthoSearch
# Date:            Sun Mar 15 18:10:04 2020
# [ok]
