#                                                                            --- full sequence --- -------------- this domain -------------   hmm coord   ali coord   env coord
# target name        accession   tlen query name           accession   qlen   E-value  score  bias   #  of  c-Evalue  i-Evalue  score  bias  from    to  from    to  from    to  acc description of target
#------------------- ---------- ----- -------------------- ---------- ----- --------- ------ ----- --- --- --------- --------- ------ ----- ----- ----- ----- ----- ----- ----- ---- ---------------------
156_g                -            561 5900at5820           -            459  1.2e-203  675.3  40.2   1   1  1.9e-204    5e-202  670.0  40.2     8   459    32   552    22   552 0.90 length=561	scaffold=scaffold00009	strand=+
3003_g               -            377 5900at5820           -            459   5.8e-16   56.6   1.9   1   2   2.6e-18   6.9e-16   56.3   0.4    22   110    42   139    38   216 0.78 length=377	scaffold=scaffold00786	strand=-
3003_g               -            377 5900at5820           -            459   5.8e-16   56.6   1.9   2   2      0.79   2.1e+02   -1.3   0.1   125   138   328   341   318   370 0.74 length=377	scaffold=scaffold00786	strand=-
2296_g               -            416 5900at5820           -            459     6e-16   56.5   2.1   1   2   2.2e-18     6e-16   56.5   2.1    22    86    22    85    19    92 0.96 length=416	scaffold=scaffold00459	strand=-
2296_g               -            416 5900at5820           -            459     6e-16   56.5   2.1   2   2       2.4   6.5e+02   -2.9   0.1   240   269   333   360   315   386 0.48 length=416	scaffold=scaffold00459	strand=-
40_g                 -            737 5900at5820           -            459   3.1e-15   54.2   0.1   1   1   2.2e-17   5.8e-15   53.3   0.1    22    86    68   134    63   177 0.83 length=737	scaffold=scaffold00002	strand=-
1082_g               -            248 5900at5820           -            459   3.9e-15   53.9   1.0   1   2   1.4e-17   3.9e-15   53.9   1.0    20    90     4    77     1   110 0.79 length=248	scaffold=scaffold00136	strand=+
1082_g               -            248 5900at5820           -            459   3.9e-15   53.9   1.0   2   2      0.16        43    1.0   0.2    91   136   147   192   135   206 0.79 length=248	scaffold=scaffold00136	strand=+
747_g                -            281 5900at5820           -            459   3.1e-13   47.6  16.2   1   1   2.1e-15   5.7e-13   46.7  16.2    16   123    38   151    32   275 0.67 length=281	scaffold=scaffold00080	strand=-
779_g                -            317 5900at5820           -            459   2.5e-11   41.3   1.1   1   1   9.4e-14   2.5e-11   41.3   1.1     8    93    33   125    25   175 0.79 length=317	scaffold=scaffold00085	strand=-
4001_g               -            499 5900at5820           -            459   2.1e-10   38.3   5.9   1   1   1.3e-12   3.5e-10   37.5   5.9    22   175   161   329   156   423 0.74 length=499	scaffold=scaffold01586	strand=+	adjustedToFrame=3
3267_g               -            249 5900at5820           -            459   2.5e-09   34.7   1.0   1   1   1.3e-11   3.4e-09   34.3   1.0    17    91   106   182    96   213 0.82 length=249	scaffold=scaffold00955	strand=-
2807_g               -            663 5900at5820           -            459   2.6e-09   34.7   2.6   1   1   2.3e-11   6.1e-09   33.4   2.6    22    85   186   251   182   258 0.90 length=663	scaffold=scaffold00682	strand=-
1749_g               -            473 5900at5820           -            459   5.5e-08   30.3   0.0   1   2   2.1e-10   5.5e-08   30.3   0.0    23    92     9    87     4   128 0.77 length=473	scaffold=scaffold00287	strand=-
1749_g               -            473 5900at5820           -            459   5.5e-08   30.3   0.0   2   2       0.3        79    0.1   3.7   185   241   393   452   381   458 0.71 length=473	scaffold=scaffold00287	strand=-
3276_g               -            432 5900at5820           -            459     1e-07   29.4  19.3   1   2   1.3e-05    0.0035   14.4  12.8   146   278    53   202    21   203 0.70 length=432	scaffold=scaffold00964	strand=+
3276_g               -            432 5900at5820           -            459     1e-07   29.4  19.3   2   2   4.4e-07   0.00012   19.3   0.7   178   224   200   245   195   250 0.85 length=432	scaffold=scaffold00964	strand=+
709_g                -            571 5900at5820           -            459     7e-07   26.7   0.1   1   1   5.5e-09   1.4e-06   25.6   0.1    19    85    49   118    34   124 0.85 length=571	scaffold=scaffold00075	strand=-
2439_g               -            216 5900at5820           -            459   3.7e-05   21.0   0.4   1   1     2e-07   5.4e-05   20.4   0.2   142   227    45   133     8   140 0.85 length=216	scaffold=scaffold00513	strand=-
1616_g               -            115 5900at5820           -            459   3.9e-05   20.9   0.7   1   1   1.5e-07   4.1e-05   20.8   0.7    29    76    12    61     7   101 0.87 length=115	scaffold=scaffold00253	strand=+
#
# Program:         hmmsearch
# Version:         3.1b2 (February 2015)
# Pipeline mode:   SEARCH
# Query file:      /export/home/bio1901/Documents/29_BINP/OrthoSearch/busco_downloads/lineages/plasmodium_odb10/hmms/5900at5820.hmm
# Target file:     Results/1_GeneSequences/PB.faa
# Option settings: /home/users/bio1901/miniconda3/envs/busco/bin/hmmsearch --domtblout /export/home/bio1901/Documents/29_BINP/OrthoSearch/PB/run_plasmodium_odb10/hmmer_output/5900at5820.out --cpu 1 /export/home/bio1901/Documents/29_BINP/OrthoSearch/busco_downloads/lineages/plasmodium_odb10/hmms/5900at5820.hmm Results/1_GeneSequences/PB.faa 
# Current dir:     /export/home/bio1901/Documents/29_BINP/OrthoSearch
# Date:            Sun Mar 15 18:10:06 2020
# [ok]
