#                                                                            --- full sequence --- -------------- this domain -------------   hmm coord   ali coord   env coord
# target name        accession   tlen query name           accession   qlen   E-value  score  bias   #  of  c-Evalue  i-Evalue  score  bias  from    to  from    to  from    to  acc description of target
#------------------- ---------- ----- -------------------- ---------- ----- --------- ------ ----- --- --- --------- --------- ------ ----- ----- ----- ----- ----- ----- ----- ---- ---------------------
951_g                -            510 5913at5820           -            427  2.7e-223  739.3  26.2   1   1  9.8e-226  6.5e-223  738.0  26.2     1   411     1   459     1   466 0.92 length=510	scaffold=scaffold00111	strand=+
3870_g               -            435 5913at5820           -            427   4.1e-58  195.0   0.0   1   1   1.1e-60   7.4e-58  194.2   0.0     2   392     1   417     1   423 0.83 length=435	scaffold=scaffold01458	strand=+
3041_g               -            453 5913at5820           -            427   1.7e-51  173.2  12.5   1   1   2.1e-53   1.4e-50  170.2  12.5     1   399     1   451     1   452 0.81 length=453	scaffold=scaffold00812	strand=-
3295_g               -            424 5913at5820           -            427   1.9e-42  143.4   0.0   1   1   5.2e-45   3.5e-42  142.5   0.0    41   386    20   405    16   413 0.80 length=424	scaffold=scaffold00974	strand=-	adjustedToFrame=2
3553_g               -            424 5913at5820           -            427   2.5e-42  143.0   0.0   1   1   1.5e-44     1e-41  141.0   0.0    76   386    58   403     1   410 0.78 length=424	scaffold=scaffold01176	strand=+
795_g                -            715 5913at5820           -            427   3.6e-11   40.4  23.0   1   4   3.5e-06    0.0023   14.6   0.0     5    52     3    49     1    57 0.83 length=715	scaffold=scaffold00089	strand=+
795_g                -            715 5913at5820           -            427   3.6e-11   40.4  23.0   2   4      0.48   3.2e+02   -2.3   0.0    49    69    78    98    53   108 0.74 length=715	scaffold=scaffold00089	strand=+
795_g                -            715 5913at5820           -            427   3.6e-11   40.4  23.0   3   4   2.1e-12   1.4e-09   35.1  20.2    69   270   255   485   214   502 0.77 length=715	scaffold=scaffold00089	strand=+
795_g                -            715 5913at5820           -            427   3.6e-11   40.4  23.0   4   4         6     4e+03   -6.4   7.5   323   366   643   687   496   712 0.61 length=715	scaffold=scaffold00089	strand=+
#
# Program:         hmmsearch
# Version:         3.1b2 (February 2015)
# Pipeline mode:   SEARCH
# Query file:      /export/home/bio1901/Documents/29_BINP/OrthoSearch/busco_downloads/lineages/plasmodium_odb10/hmms/5913at5820.hmm
# Target file:     Results/1_GeneSequences/PB.faa
# Option settings: /home/users/bio1901/miniconda3/envs/busco/bin/hmmsearch --domtblout /export/home/bio1901/Documents/29_BINP/OrthoSearch/PB/run_plasmodium_odb10/hmmer_output/5913at5820.out --cpu 1 /export/home/bio1901/Documents/29_BINP/OrthoSearch/busco_downloads/lineages/plasmodium_odb10/hmms/5913at5820.hmm Results/1_GeneSequences/PB.faa 
# Current dir:     /export/home/bio1901/Documents/29_BINP/OrthoSearch
# Date:            Sun Mar 15 18:10:07 2020
# [ok]
