#                                                                            --- full sequence --- -------------- this domain -------------   hmm coord   ali coord   env coord
# target name        accession   tlen query name           accession   qlen   E-value  score  bias   #  of  c-Evalue  i-Evalue  score  bias  from    to  from    to  from    to  acc description of target
#------------------- ---------- ----- -------------------- ---------- ----- --------- ------ ----- --- --- --------- --------- ------ ----- ----- ----- ----- ----- ----- ----- ---- ---------------------
2645_g               -            697 5985at5820           -            451  1.4e-175  582.2  68.6   1   4   2.7e-20   5.5e-17   59.4  10.0    12   100    31   120    24   180 0.78 length=697	scaffold=scaffold00596	strand=-
2645_g               -            697 5985at5820           -            451  1.4e-175  582.2  68.6   2   4   2.3e-10   4.6e-07   26.7  19.8    84   176   186   285   166   299 0.71 length=697	scaffold=scaffold00596	strand=-
2645_g               -            697 5985at5820           -            451  1.4e-175  582.2  68.6   3   4  1.9e-135  3.8e-132  439.0  32.2    96   400   274   577   254   582 0.84 length=697	scaffold=scaffold00596	strand=-
2645_g               -            697 5985at5820           -            451  1.4e-175  582.2  68.6   4   4   3.1e-20   6.2e-17   59.2   0.2   393   449   625   694   615   696 0.74 length=697	scaffold=scaffold00596	strand=-
2192_g               -            543 5985at5820           -            451   1.8e-39  133.5  27.0   1   4   0.00037      0.74    6.2  13.6    52   145    40   136     2   161 0.75 length=543	scaffold=scaffold00421	strand=+
2192_g               -            543 5985at5820           -            451   1.8e-39  133.5  27.0   2   4     0.027        54    0.1   0.0   192   240   208   255   200   258 0.88 length=543	scaffold=scaffold00421	strand=+
2192_g               -            543 5985at5820           -            451   1.8e-39  133.5  27.0   3   4   2.3e-37   4.6e-34  115.7   1.2   248   398   302   451   275   461 0.92 length=543	scaffold=scaffold00421	strand=+
2192_g               -            543 5985at5820           -            451   1.8e-39  133.5  27.0   4   4     1e-07    0.0002   18.0   0.1   393   446   485   534   476   538 0.87 length=543	scaffold=scaffold00421	strand=+
#
# Program:         hmmsearch
# Version:         3.1b2 (February 2015)
# Pipeline mode:   SEARCH
# Query file:      /export/home/bio1901/Documents/29_BINP/OrthoSearch/busco_downloads/lineages/plasmodium_odb10/hmms/5985at5820.hmm
# Target file:     Results/1_GeneSequences/PB.faa
# Option settings: /home/users/bio1901/miniconda3/envs/busco/bin/hmmsearch --domtblout /export/home/bio1901/Documents/29_BINP/OrthoSearch/PB/run_plasmodium_odb10/hmmer_output/5985at5820.out --cpu 1 /export/home/bio1901/Documents/29_BINP/OrthoSearch/busco_downloads/lineages/plasmodium_odb10/hmms/5985at5820.hmm Results/1_GeneSequences/PB.faa 
# Current dir:     /export/home/bio1901/Documents/29_BINP/OrthoSearch
# Date:            Sun Mar 15 18:10:16 2020
# [ok]
