#                                                                            --- full sequence --- -------------- this domain -------------   hmm coord   ali coord   env coord
# target name        accession   tlen query name           accession   qlen   E-value  score  bias   #  of  c-Evalue  i-Evalue  score  bias  from    to  from    to  from    to  acc description of target
#------------------- ---------- ----- -------------------- ---------- ----- --------- ------ ----- --- --- --------- --------- ------ ----- ----- ----- ----- ----- ----- ----- ---- ---------------------
2633_g               -            647 6024at5820           -            405  4.9e-113  376.3  54.6   1   3  2.5e-116  4.9e-113  376.3  54.6     7   341    70   419    67   434 0.73 length=647	scaffold=scaffold00593	strand=-
2633_g               -            647 6024at5820           -            405  4.9e-113  376.3  54.6   2   3   0.00056       1.1    6.3  19.5   226   338   411   524   390   547 0.60 length=647	scaffold=scaffold00593	strand=-
2633_g               -            647 6024at5820           -            405  4.9e-113  376.3  54.6   3   3      0.65   1.3e+03   -3.8   4.6   279   350   570   645   567   647 0.55 length=647	scaffold=scaffold00593	strand=-
3667_g               -            978 6024at5820           -            405   4.5e-57  192.0  16.7   1   7   4.7e-31   9.5e-28   95.5   1.4     1    66     1    66     1    77 0.93 length=978	scaffold=scaffold01273	strand=+
3667_g               -            978 6024at5820           -            405   4.5e-57  192.0  16.7   2   7     1e-35     2e-32  110.9   8.1   113   254    78   215    70   221 0.76 length=978	scaffold=scaffold01273	strand=+
3667_g               -            978 6024at5820           -            405   4.5e-57  192.0  16.7   3   7         2     4e+03  -15.7  18.3   251   295   364   371   264   405 0.61 length=978	scaffold=scaffold01273	strand=+
3667_g               -            978 6024at5820           -            405   4.5e-57  192.0  16.7   4   7         2     4e+03  -20.3  28.4   263   334   382   452   296   468 0.44 length=978	scaffold=scaffold01273	strand=+
3667_g               -            978 6024at5820           -            405   4.5e-57  192.0  16.7   5   7         2     4e+03   -9.0  18.5   187   301   392   509   384   522 0.59 length=978	scaffold=scaffold01273	strand=+
3667_g               -            978 6024at5820           -            405   4.5e-57  192.0  16.7   6   7         2     4e+03  -17.5  19.4   206   260   690   745   658   839 0.53 length=978	scaffold=scaffold01273	strand=+
3667_g               -            978 6024at5820           -            405   4.5e-57  192.0  16.7   7   7         2     4e+03  -12.1  16.6   265   307   916   959   835   976 0.47 length=978	scaffold=scaffold01273	strand=+
#
# Program:         hmmsearch
# Version:         3.1b2 (February 2015)
# Pipeline mode:   SEARCH
# Query file:      /export/home/bio1901/Documents/29_BINP/OrthoSearch/busco_downloads/lineages/plasmodium_odb10/hmms/6024at5820.hmm
# Target file:     Results/1_GeneSequences/PB.faa
# Option settings: /home/users/bio1901/miniconda3/envs/busco/bin/hmmsearch --domtblout /export/home/bio1901/Documents/29_BINP/OrthoSearch/PB/run_plasmodium_odb10/hmmer_output/6024at5820.out --cpu 1 /export/home/bio1901/Documents/29_BINP/OrthoSearch/busco_downloads/lineages/plasmodium_odb10/hmms/6024at5820.hmm Results/1_GeneSequences/PB.faa 
# Current dir:     /export/home/bio1901/Documents/29_BINP/OrthoSearch
# Date:            Sun Mar 15 18:10:24 2020
# [ok]
