#                                                                            --- full sequence --- -------------- this domain -------------   hmm coord   ali coord   env coord
# target name        accession   tlen query name           accession   qlen   E-value  score  bias   #  of  c-Evalue  i-Evalue  score  bias  from    to  from    to  from    to  acc description of target
#------------------- ---------- ----- -------------------- ---------- ----- --------- ------ ----- --- --- --------- --------- ------ ----- ----- ----- ----- ----- ----- ----- ---- ---------------------
1544_g               -            518 6066at5820           -            462  3.2e-153  508.6  55.6   1   2  3.6e-152  2.9e-149  495.5  48.5     1   403    39   496    39   497 0.90 length=518	scaffold=scaffold00238	strand=-
1544_g               -            518 6066at5820           -            462  3.2e-153  508.6  55.6   2   2   7.3e-06    0.0058   13.2   0.7   440   462   495   517   494   517 0.95 length=518	scaffold=scaffold00238	strand=-
2893_g               -            444 6066at5820           -            462   2.4e-27   93.6   3.1   1   2   1.4e-07   0.00012   18.8   1.3    41   100    36    97    24   155 0.69 length=444	scaffold=scaffold00726	strand=+
2893_g               -            444 6066at5820           -            462   2.4e-27   93.6   3.1   2   2   7.8e-24   6.2e-21   72.4   0.0   293   428   283   411   274   430 0.84 length=444	scaffold=scaffold00726	strand=+
671_g                -            430 6066at5820           -            462   4.9e-15   53.0  15.2   1   4   1.8e-06    0.0014   15.2   0.0   337   394    42    99    28   105 0.88 length=430	scaffold=scaffold00070	strand=+
671_g                -            430 6066at5820           -            462   4.9e-15   53.0  15.2   2   4    0.0091       7.2    3.0   0.1    59   102    89   139    79   150 0.74 length=430	scaffold=scaffold00070	strand=+
671_g                -            430 6066at5820           -            462   4.9e-15   53.0  15.2   3   4     6e-15   4.8e-12   43.1   4.7   313   446   156   290   147   302 0.74 length=430	scaffold=scaffold00070	strand=+
671_g                -            430 6066at5820           -            462   4.9e-15   53.0  15.2   4   4      0.17   1.4e+02   -1.2   0.3    60    97   351   392   320   425 0.64 length=430	scaffold=scaffold00070	strand=+
776_g                -            502 6066at5820           -            462   9.1e-14   48.8   8.6   1   3      0.11        92   -0.6   0.0   347   373    15    41     9    51 0.81 length=502	scaffold=scaffold00085	strand=-
776_g                -            502 6066at5820           -            462   9.1e-14   48.8   8.6   2   3      0.26   2.1e+02   -1.8   1.0    58   133   100   180    73   208 0.56 length=502	scaffold=scaffold00085	strand=-
776_g                -            502 6066at5820           -            462   9.1e-14   48.8   8.6   3   3   1.1e-16   9.1e-14   48.8   8.6   255   417   308   469   298   499 0.79 length=502	scaffold=scaffold00085	strand=-
2439_g               -            216 6066at5820           -            462   0.00052   16.6   4.1   1   2     1e-06   0.00083   16.0   1.0   347   412    50   108    26   114 0.79 length=216	scaffold=scaffold00513	strand=-
2439_g               -            216 6066at5820           -            462   0.00052   16.6   4.1   2   2   9.5e-05     0.076    9.5   0.4    45    95    75   127    66   211 0.62 length=216	scaffold=scaffold00513	strand=-
#
# Program:         hmmsearch
# Version:         3.1b2 (February 2015)
# Pipeline mode:   SEARCH
# Query file:      /export/home/bio1901/Documents/29_BINP/OrthoSearch/busco_downloads/lineages/plasmodium_odb10/hmms/6066at5820.hmm
# Target file:     Results/1_GeneSequences/PB.faa
# Option settings: /home/users/bio1901/miniconda3/envs/busco/bin/hmmsearch --domtblout /export/home/bio1901/Documents/29_BINP/OrthoSearch/PB/run_plasmodium_odb10/hmmer_output/6066at5820.out --cpu 1 /export/home/bio1901/Documents/29_BINP/OrthoSearch/busco_downloads/lineages/plasmodium_odb10/hmms/6066at5820.hmm Results/1_GeneSequences/PB.faa 
# Current dir:     /export/home/bio1901/Documents/29_BINP/OrthoSearch
# Date:            Sun Mar 15 18:10:34 2020
# [ok]
