#                                                                            --- full sequence --- -------------- this domain -------------   hmm coord   ali coord   env coord
# target name        accession   tlen query name           accession   qlen   E-value  score  bias   #  of  c-Evalue  i-Evalue  score  bias  from    to  from    to  from    to  acc description of target
#------------------- ---------- ----- -------------------- ---------- ----- --------- ------ ----- --- --- --------- --------- ------ ----- ----- ----- ----- ----- ----- ----- ---- ---------------------
3041_g               -            453 6106at5820           -            446         0 1042.4   7.4   1   1         0         0 1042.2   7.4     1   446     1   447     1   447 1.00 length=453	scaffold=scaffold00812	strand=-
3870_g               -            435 6106at5820           -            446   5.3e-81  270.3   0.0   1   1   1.3e-83   8.7e-81  269.6   0.0     3   423     2   407     1   425 0.93 length=435	scaffold=scaffold01458	strand=+
3295_g               -            424 6106at5820           -            446   5.9e-61  204.2   0.0   1   1     1e-63   6.8e-61  204.0   0.0    45   410    19   386     1   408 0.91 length=424	scaffold=scaffold00974	strand=-	adjustedToFrame=2
3553_g               -            424 6106at5820           -            446   1.6e-54  183.0   0.0   1   1   3.4e-57   2.3e-54  182.5   0.0    72   410    44   384    34   406 0.92 length=424	scaffold=scaffold01176	strand=+
951_g                -            510 6106at5820           -            446   9.1e-51  170.6  11.1   1   1   1.8e-53   1.2e-50  170.3  11.1     1   444     1   437     1   439 0.83 length=510	scaffold=scaffold00111	strand=+
795_g                -            715 6106at5820           -            446   3.9e-21   73.0  27.6   1   3   3.5e-08   2.3e-05   21.0   1.6     5    76     3    96     1   138 0.67 length=715	scaffold=scaffold00089	strand=+
795_g                -            715 6106at5820           -            446   3.9e-21   73.0  27.6   2   3     3e-20     2e-17   60.7  11.3    84   305   258   489   203   504 0.77 length=715	scaffold=scaffold00089	strand=+
795_g                -            715 6106at5820           -            446   3.9e-21   73.0  27.6   3   3      0.23   1.5e+02   -1.5   0.3   176   245   537   610   501   642 0.55 length=715	scaffold=scaffold00089	strand=+
#
# Program:         hmmsearch
# Version:         3.1b2 (February 2015)
# Pipeline mode:   SEARCH
# Query file:      /export/home/bio1901/Documents/29_BINP/OrthoSearch/busco_downloads/lineages/plasmodium_odb10/hmms/6106at5820.hmm
# Target file:     Results/1_GeneSequences/PB.faa
# Option settings: /home/users/bio1901/miniconda3/envs/busco/bin/hmmsearch --domtblout /export/home/bio1901/Documents/29_BINP/OrthoSearch/PB/run_plasmodium_odb10/hmmer_output/6106at5820.out --cpu 1 /export/home/bio1901/Documents/29_BINP/OrthoSearch/busco_downloads/lineages/plasmodium_odb10/hmms/6106at5820.hmm Results/1_GeneSequences/PB.faa 
# Current dir:     /export/home/bio1901/Documents/29_BINP/OrthoSearch
# Date:            Sun Mar 15 18:10:42 2020
# [ok]
