#                                                                            --- full sequence --- -------------- this domain -------------   hmm coord   ali coord   env coord
# target name        accession   tlen query name           accession   qlen   E-value  score  bias   #  of  c-Evalue  i-Evalue  score  bias  from    to  from    to  from    to  acc description of target
#------------------- ---------- ----- -------------------- ---------- ----- --------- ------ ----- --- --- --------- --------- ------ ----- ----- ----- ----- ----- ----- ----- ---- ---------------------
1273_g               -            907 6247at5820           -            432   5.3e-14   49.5  15.8   1   4         3     4e+03  -12.0  11.2    70    79    75    84     8   169 0.51 length=907	scaffold=scaffold00176	strand=+
1273_g               -            907 6247at5820           -            432   5.3e-14   49.5  15.8   2   4   1.1e-11   1.4e-08   31.7   6.5   116   257   380   524   326   534 0.67 length=907	scaffold=scaffold00176	strand=+
1273_g               -            907 6247at5820           -            432   5.3e-14   49.5  15.8   3   4   6.7e-12     9e-09   32.3   1.8   282   336   644   699   585   733 0.84 length=907	scaffold=scaffold00176	strand=+
1273_g               -            907 6247at5820           -            432   5.3e-14   49.5  15.8   4   4     0.002       2.7    4.4   0.1   383   428   790   837   726   841 0.72 length=907	scaffold=scaffold00176	strand=+
1283_g               -            379 6247at5820           -            432   0.00049   16.7   4.2   1   3      0.45     6e+02   -3.4   1.1    30    61    32    63    25    78 0.82 length=379	scaffold=scaffold00177	strand=-
1283_g               -            379 6247at5820           -            432   0.00049   16.7   4.2   2   3     0.021        28    1.0   0.1   180   196   109   125   103   153 0.79 length=379	scaffold=scaffold00177	strand=-
1283_g               -            379 6247at5820           -            432   0.00049   16.7   4.2   3   3   3.7e-07   0.00049   16.7   4.2   281   384   164   292   142   313 0.69 length=379	scaffold=scaffold00177	strand=-
3490_g               -            349 6247at5820           -            432   0.00079   16.0   0.0   1   3   5.9e-07   0.00079   16.0   0.0   276   336    59   121    53   130 0.74 length=349	scaffold=scaffold01129	strand=-
3490_g               -            349 6247at5820           -            432   0.00079   16.0   0.0   2   3     0.024        31    0.9   0.9   179   267   135   216   125   224 0.76 length=349	scaffold=scaffold01129	strand=-
3490_g               -            349 6247at5820           -            432   0.00079   16.0   0.0   3   3      0.38     5e+02   -3.1   0.2    86   123   290   326   283   333 0.69 length=349	scaffold=scaffold01129	strand=-
#
# Program:         hmmsearch
# Version:         3.1b2 (February 2015)
# Pipeline mode:   SEARCH
# Query file:      /export/home/bio1901/Documents/29_BINP/OrthoSearch/busco_downloads/lineages/plasmodium_odb10/hmms/6247at5820.hmm
# Target file:     Results/1_GeneSequences/PB.faa
# Option settings: /home/users/bio1901/miniconda3/envs/busco/bin/hmmsearch --domtblout /export/home/bio1901/Documents/29_BINP/OrthoSearch/PB/run_plasmodium_odb10/hmmer_output/6247at5820.out --cpu 1 /export/home/bio1901/Documents/29_BINP/OrthoSearch/busco_downloads/lineages/plasmodium_odb10/hmms/6247at5820.hmm Results/1_GeneSequences/PB.faa 
# Current dir:     /export/home/bio1901/Documents/29_BINP/OrthoSearch
# Date:            Sun Mar 15 18:10:46 2020
# [ok]
