#                                                                            --- full sequence --- -------------- this domain -------------   hmm coord   ali coord   env coord
# target name        accession   tlen query name           accession   qlen   E-value  score  bias   #  of  c-Evalue  i-Evalue  score  bias  from    to  from    to  from    to  acc description of target
#------------------- ---------- ----- -------------------- ---------- ----- --------- ------ ----- --- --- --------- --------- ------ ----- ----- ----- ----- ----- ----- ----- ---- ---------------------
3226_g               -            500 6254at5820           -            400   4.3e-35  119.5   8.3   1   3   1.3e-19   7.3e-17   59.5   0.1     4   160     9   165     6   200 0.76 length=500	scaffold=scaffold00929	strand=+
3226_g               -            500 6254at5820           -            400   4.3e-35  119.5   8.3   2   3     0.026        15    2.5   0.0   257   281   247   271   226   282 0.74 length=500	scaffold=scaffold00929	strand=+
3226_g               -            500 6254at5820           -            400   4.3e-35  119.5   8.3   3   3   1.2e-19   6.9e-17   59.6   2.4   206   377   313   500   280   500 0.77 length=500	scaffold=scaffold00929	strand=+
1383_g               -            364 6254at5820           -            400   2.5e-25   87.4  11.1   1   1   8.6e-28   4.9e-25   86.4  10.2   109   360    67   340    41   356 0.79 length=364	scaffold=scaffold00201	strand=+
1587_g               -            634 6254at5820           -            400   2.1e-12   44.8  15.6   1   4     0.041        23    1.8   0.0    29    56    13    40     3    59 0.80 length=634	scaffold=scaffold00247	strand=+
1587_g               -            634 6254at5820           -            400   2.1e-12   44.8  15.6   2   4      0.28   1.6e+02   -0.9   0.0    60    82    87   110    75   156 0.86 length=634	scaffold=scaffold00247	strand=+
1587_g               -            634 6254at5820           -            400   2.1e-12   44.8  15.6   3   4    0.0008      0.46    7.5   0.1   282   327   330   375   318   413 0.82 length=634	scaffold=scaffold00247	strand=+
1587_g               -            634 6254at5820           -            400   2.1e-12   44.8  15.6   4   4   8.5e-14   4.8e-11   40.3   0.9   249   346   500   599   409   629 0.73 length=634	scaffold=scaffold00247	strand=+
3220_g               -            502 6254at5820           -            400   2.2e-10   38.2   1.0   1   1   0.00011     0.062   10.3   0.2   227   317   232   326   221   334 0.80 length=502	scaffold=scaffold00926	strand=-
2322_g               -            439 6254at5820           -            400   1.3e-09   35.6   4.6   1   3       1.2   6.9e+02   -3.0   0.2     3    43    77   115    73   137 0.62 length=439	scaffold=scaffold00471	strand=+
2322_g               -            439 6254at5820           -            400   1.3e-09   35.6   4.6   2   3   7.3e-11   4.2e-08   30.6   0.1   244   338   233   326   219   365 0.86 length=439	scaffold=scaffold00471	strand=+
2322_g               -            439 6254at5820           -            400   1.3e-09   35.6   4.6   3   3    0.0021       1.2    6.1   0.0   207   239   386   418   374   425 0.90 length=439	scaffold=scaffold00471	strand=+
3772_g               -            363 6254at5820           -            400   3.4e-09   34.2   8.0   1   3   0.00021      0.12    9.4   0.1   250   318    76   143    64   154 0.72 length=363	scaffold=scaffold01372	strand=-
3772_g               -            363 6254at5820           -            400   3.4e-09   34.2   8.0   2   3     5e-06    0.0028   14.7   2.3   208   322   160   271   153   277 0.73 length=363	scaffold=scaffold01372	strand=-
3772_g               -            363 6254at5820           -            400   3.4e-09   34.2   8.0   3   3   6.2e-05     0.035   11.1   0.0   217   272   300   356   282   361 0.81 length=363	scaffold=scaffold01372	strand=-
2983_g               -            732 6254at5820           -            400   3.6e-06   24.2   1.1   1   3   1.2e-06   0.00066   16.8   0.1   240   313    43   120    37   133 0.75 length=732	scaffold=scaffold00774	strand=-
2983_g               -            732 6254at5820           -            400   3.6e-06   24.2   1.1   2   3    0.0017      0.99    6.4   0.3   175   242   100   176    96   276 0.61 length=732	scaffold=scaffold00774	strand=-
2983_g               -            732 6254at5820           -            400   3.6e-06   24.2   1.1   3   3      0.17        95   -0.2   0.0   184   201   255   272   246   297 0.70 length=732	scaffold=scaffold00774	strand=-
#
# Program:         hmmsearch
# Version:         3.1b2 (February 2015)
# Pipeline mode:   SEARCH
# Query file:      /export/home/bio1901/Documents/29_BINP/OrthoSearch/busco_downloads/lineages/plasmodium_odb10/hmms/6254at5820.hmm
# Target file:     Results/1_GeneSequences/PB.faa
# Option settings: /home/users/bio1901/miniconda3/envs/busco/bin/hmmsearch --domtblout /export/home/bio1901/Documents/29_BINP/OrthoSearch/PB/run_plasmodium_odb10/hmmer_output/6254at5820.out --cpu 1 /export/home/bio1901/Documents/29_BINP/OrthoSearch/busco_downloads/lineages/plasmodium_odb10/hmms/6254at5820.hmm Results/1_GeneSequences/PB.faa 
# Current dir:     /export/home/bio1901/Documents/29_BINP/OrthoSearch
# Date:            Sun Mar 15 18:10:46 2020
# [ok]
