#                                                                            --- full sequence --- -------------- this domain -------------   hmm coord   ali coord   env coord
# target name        accession   tlen query name           accession   qlen   E-value  score  bias   #  of  c-Evalue  i-Evalue  score  bias  from    to  from    to  from    to  acc description of target
#------------------- ---------- ----- -------------------- ---------- ----- --------- ------ ----- --- --- --------- --------- ------ ----- ----- ----- ----- ----- ----- ----- ---- ---------------------
2156_g               -            475 6337at5820           -            408  8.9e-248  819.8  14.7   1   2   4.4e-56   7.6e-54  181.1   1.0     1   105     8   124     8   126 0.89 length=475	scaffold=scaffold00410	strand=+
2156_g               -            475 6337at5820           -            408  8.9e-248  819.8  14.7   2   2  2.1e-196  3.6e-194  643.3   6.6   104   408   156   474   151   474 0.98 length=475	scaffold=scaffold00410	strand=+
2407_g               -            396 6337at5820           -            408   5.2e-69  231.0   2.5   1   1   3.8e-71   6.5e-69  230.7   2.5    42   400    26   391     3   394 0.88 length=396	scaffold=scaffold00502	strand=+
1091_g               -            493 6337at5820           -            408   2.5e-66  222.2   1.0   1   2   1.5e-19   2.6e-17   60.8   0.0    11   107   119   219   111   236 0.76 length=493	scaffold=scaffold00138	strand=-
1091_g               -            493 6337at5820           -            408   2.5e-66  222.2   1.0   2   2   1.2e-49   2.1e-47  159.9   0.7   152   405   238   491   230   492 0.92 length=493	scaffold=scaffold00138	strand=-
1618_g               -            391 6337at5820           -            408   4.3e-65  218.2   2.0   1   1   3.2e-67   5.5e-65  217.8   2.0    40   400    17   386     3   388 0.90 length=391	scaffold=scaffold00254	strand=-
4074_g               -            889 6337at5820           -            408     2e-51  173.1   2.5   1   1   1.8e-53   3.1e-51  172.5   2.5    22   386    42   423    20   451 0.82 length=889	scaffold=scaffold01665	strand=-	adjustedToFrame=3
3826_g               -           1126 6337at5820           -            408     5e-49  165.2   0.0   1   1   3.7e-49   6.4e-47  158.3   0.0    45   379   705  1079   690  1089 0.78 length=1126	scaffold=scaffold01419	strand=-	adjustedToFrame=3
3057_g               -            814 6337at5820           -            408   3.5e-45  152.6   3.4   1   1   3.4e-47   5.9e-45  151.8   3.4    41   378   205   550   163   573 0.86 length=814	scaffold=scaffold00819	strand=+
207_g                -            641 6337at5820           -            408   1.4e-42  144.0   0.1   1   1   1.2e-44   2.1e-42  143.5   0.1    41   382   194   558   180   574 0.84 length=641	scaffold=scaffold00014	strand=+
1035_g               -            652 6337at5820           -            408   1.6e-40  137.3   6.1   1   2   2.1e-06   0.00036   17.5   0.0    55   101   248   294   211   307 0.86 length=652	scaffold=scaffold00126	strand=-	adjustedToFrame=2
1035_g               -            652 6337at5820           -            408   1.6e-40  137.3   6.1   2   2   8.3e-37   1.4e-34  117.6   5.8   101   375   330   615   324   643 0.88 length=652	scaffold=scaffold00126	strand=-	adjustedToFrame=2
1925_g               -            866 6337at5820           -            408   1.8e-39  133.7   2.7   1   4   0.00078      0.14    9.0   0.0    46   103   318   375   303   384 0.89 length=866	scaffold=scaffold00338	strand=-
1925_g               -            866 6337at5820           -            408   1.8e-39  133.7   2.7   2   4   3.6e-08   6.2e-06   23.3   0.0   109   186   405   491   396   502 0.77 length=866	scaffold=scaffold00338	strand=-
1925_g               -            866 6337at5820           -            408   1.8e-39  133.7   2.7   3   4       1.4   2.4e+02   -1.7   0.0   340   365   501   528   493   536 0.73 length=866	scaffold=scaffold00338	strand=-
1925_g               -            866 6337at5820           -            408   1.8e-39  133.7   2.7   4   4   7.5e-31   1.3e-28   98.0   1.4   199   377   538   716   531   730 0.90 length=866	scaffold=scaffold00338	strand=-
2139_g               -            551 6337at5820           -            408   2.2e-39  133.4   3.9   1   1   1.8e-41     3e-39  133.0   3.9    55   375   139   483    94   501 0.82 length=551	scaffold=scaffold00403	strand=+
291_g                -           1572 6337at5820           -            408   2.8e-38  129.8   6.3   1   2       2.4   4.2e+02   -2.5   0.9    10    40    85   115    79   125 0.83 length=1572	scaffold=scaffold00022	strand=-
291_g                -           1572 6337at5820           -            408   2.8e-38  129.8   6.3   2   2   1.6e-40   2.8e-38  129.8   6.3    33   396   410   818   392   827 0.79 length=1572	scaffold=scaffold00022	strand=-
2422_g               -            654 6337at5820           -            408     1e-37  128.0   4.5   1   2       6.9   1.2e+03   -4.0   4.5   218   254    52    89    25   140 0.72 length=654	scaffold=scaffold00506	strand=-
2422_g               -            654 6337at5820           -            408     1e-37  128.0   4.5   2   2     6e-40     1e-37  128.0   4.5    41   378   240   592   205   608 0.84 length=654	scaffold=scaffold00506	strand=-
1937_g               -           1358 6337at5820           -            408   1.1e-33  114.7   2.1   1   3       6.4   1.1e+03   -3.9   1.6   217   270    65   118    39   123 0.72 length=1358	scaffold=scaffold00342	strand=+	adjustedToFrame=2
1937_g               -           1358 6337at5820           -            408   1.1e-33  114.7   2.1   2   3    0.0059         1    6.1   0.0    50   104   182   236   155   244 0.88 length=1358	scaffold=scaffold00342	strand=+	adjustedToFrame=2
1937_g               -           1358 6337at5820           -            408   1.1e-33  114.7   2.1   3   3   6.2e-36   1.1e-33  114.7   2.1   103   382   307   598   301   623 0.78 length=1358	scaffold=scaffold00342	strand=+	adjustedToFrame=2
2360_g               -            960 6337at5820           -            408   1.2e-32  111.3  14.9   1   2   1.2e-34     2e-32  110.5  13.6    18   378   103   488    87   504 0.81 length=960	scaffold=scaffold00485	strand=-
2360_g               -            960 6337at5820           -            408   1.2e-32  111.3  14.9   2   2       1.8   3.2e+02   -2.1   0.0    72   118   525   574   490   585 0.65 length=960	scaffold=scaffold00485	strand=-
3581_g               -           1373 6337at5820           -            408   2.8e-31  106.8  11.6   1   1   1.6e-33   2.8e-31  106.8  11.6    14   378   191   573   174   581 0.79 length=1373	scaffold=scaffold01199	strand=+
1972_g               -            784 6337at5820           -            408   6.3e-27   92.4  23.0   1   3       3.7   6.4e+02   -3.1   1.5   215   256   145   187    96   199 0.61 length=784	scaffold=scaffold00352	strand=-
1972_g               -            784 6337at5820           -            408   6.3e-27   92.4  23.0   2   3   1.8e-07     3e-05   21.0   0.0    50   124   212   287   204   305 0.83 length=784	scaffold=scaffold00352	strand=-
1972_g               -            784 6337at5820           -            408   6.3e-27   92.4  23.0   3   3   3.7e-25   6.4e-23   79.3  12.0   103   373   307   585   299   600 0.87 length=784	scaffold=scaffold00352	strand=-
3083_g               -           1381 6337at5820           -            408     3e-21   73.7  10.4   1   3   4.9e-08   8.5e-06   22.9   0.0    41   113     3    73     1    98 0.86 length=1381	scaffold=scaffold00835	strand=-
3083_g               -           1381 6337at5820           -            408     3e-21   73.7  10.4   2   3   9.4e-06    0.0016   15.3   0.9   104   234   381   521   375   538 0.77 length=1381	scaffold=scaffold00835	strand=-
3083_g               -           1381 6337at5820           -            408     3e-21   73.7  10.4   3   3     1e-12   1.8e-10   38.3   1.5   290   374   650   735   589   772 0.78 length=1381	scaffold=scaffold00835	strand=-
1604_g               -            597 6337at5820           -            408   6.9e-21   72.6  10.2   1   1   5.5e-23   9.6e-21   72.1  10.2    48   374   128   478    91   502 0.75 length=597	scaffold=scaffold00250	strand=-	adjustedToFrame=2
3052_g               -            883 6337at5820           -            408   3.9e-13   47.0   1.7   1   2     0.022       3.8    4.2   0.0    76   107   279   310   272   330 0.88 length=883	scaffold=scaffold00817	strand=+
3052_g               -            883 6337at5820           -            408   3.9e-13   47.0   1.7   2   2   1.4e-13   2.4e-11   41.1   0.4   270   375   659   768   624   794 0.78 length=883	scaffold=scaffold00817	strand=+
3437_g               -            903 6337at5820           -            408   3.9e-10   37.2   4.6   1   2   0.00068      0.12    9.2   0.6    59   186   242   390   183   400 0.66 length=903	scaffold=scaffold01083	strand=+
3437_g               -            903 6337at5820           -            408   3.9e-10   37.2   4.6   2   2     8e-10   1.4e-07   28.7   0.2   299   356   741   800   722   803 0.83 length=903	scaffold=scaffold01083	strand=+
1049_g               -            804 6337at5820           -            408     4e-09   33.8   0.0   1   1   4.9e-11   8.4e-09   32.7   0.0   253   377   363   490   349   503 0.81 length=804	scaffold=scaffold00129	strand=+
2331_g               -           1262 6337at5820           -            408   1.4e-07   28.7   3.5   1   2       0.7   1.2e+02   -0.7   0.0    58   100    47    90    31   103 0.78 length=1262	scaffold=scaffold00473	strand=+
2331_g               -           1262 6337at5820           -            408   1.4e-07   28.7   3.5   2   2   1.6e-09   2.8e-07   27.7   2.0   256   383   270   398   214   422 0.80 length=1262	scaffold=scaffold00473	strand=+
#
# Program:         hmmsearch
# Version:         3.1b2 (February 2015)
# Pipeline mode:   SEARCH
# Query file:      /export/home/bio1901/Documents/29_BINP/OrthoSearch/busco_downloads/lineages/plasmodium_odb10/hmms/6337at5820.hmm
# Target file:     Results/1_GeneSequences/PB.faa
# Option settings: /home/users/bio1901/miniconda3/envs/busco/bin/hmmsearch --domtblout /export/home/bio1901/Documents/29_BINP/OrthoSearch/PB/run_plasmodium_odb10/hmmer_output/6337at5820.out --cpu 1 /export/home/bio1901/Documents/29_BINP/OrthoSearch/busco_downloads/lineages/plasmodium_odb10/hmms/6337at5820.hmm Results/1_GeneSequences/PB.faa 
# Current dir:     /export/home/bio1901/Documents/29_BINP/OrthoSearch
# Date:            Sun Mar 15 18:10:52 2020
# [ok]
