#                                                                            --- full sequence --- -------------- this domain -------------   hmm coord   ali coord   env coord
# target name        accession   tlen query name           accession   qlen   E-value  score  bias   #  of  c-Evalue  i-Evalue  score  bias  from    to  from    to  from    to  acc description of target
#------------------- ---------- ----- -------------------- ---------- ----- --------- ------ ----- --- --- --------- --------- ------ ----- ----- ----- ----- ----- ----- ----- ---- ---------------------
2871_g               -            412 6354at5820           -            285  5.1e-166  548.9   3.5   1   1  3.6e-168  7.1e-166  548.4   3.5     5   285    12   286     8   286 0.97 length=412	scaffold=scaffold00715	strand=+
2255_g               -            852 6354at5820           -            285   1.6e-71  238.8   0.1   1   2   1.2e-36   2.4e-34  116.8   0.0   144   277   203   337   197   344 0.90 length=852	scaffold=scaffold00443	strand=+	adjustedToFrame=2
2255_g               -            852 6354at5820           -            285   1.6e-71  238.8   0.1   2   2   1.6e-37   3.1e-35  119.7   0.0    99   285   437   618   418   618 0.94 length=852	scaffold=scaffold00443	strand=+	adjustedToFrame=2
687_g                -            439 6354at5820           -            285     1e-66  223.0   0.1   1   1   7.1e-69   1.4e-66  222.6   0.1    83   285   113   314    79   314 0.95 length=439	scaffold=scaffold00072	strand=-
3472_g               -           1300 6354at5820           -            285   8.5e-65  216.8   0.0   1   2   3.4e-38   6.8e-36  121.9   0.0   144   280   604   740   599   744 0.92 length=1300	scaffold=scaffold01114	strand=-	adjustedToFrame=3
3472_g               -           1300 6354at5820           -            285   8.5e-65  216.8   0.0   2   2   3.9e-29   7.7e-27   92.2   0.0   145   284   989  1126   975  1127 0.90 length=1300	scaffold=scaffold01114	strand=-	adjustedToFrame=3
3198_g               -            394 6354at5820           -            285     1e-58  196.8   0.1   1   1   7.1e-61   1.4e-58  196.3   0.1    84   285    63   270    31   270 0.92 length=394	scaffold=scaffold00911	strand=+
3562_g               -            465 6354at5820           -            285   2.9e-56  188.8   0.1   1   1   2.2e-58   4.3e-56  188.2   0.1   106   285   168   347   140   347 0.91 length=465	scaffold=scaffold01184	strand=-
1457_g               -            452 6354at5820           -            285   8.1e-55  184.0   0.3   1   1     7e-57   1.4e-54  183.2   0.1   106   285   152   331   123   331 0.95 length=452	scaffold=scaffold00217	strand=+
2435_g               -            393 6354at5820           -            285   1.7e-54  183.0   0.1   1   1   1.2e-56   2.4e-54  182.4   0.1    93   285    79   271    38   271 0.92 length=393	scaffold=scaffold00511	strand=-
842_g                -            703 6354at5820           -            285   6.9e-32  108.8   0.3   1   2   8.8e-34   1.8e-31  107.4   0.1   141   282   239   376   228   379 0.88 length=703	scaffold=scaffold00095	strand=-
842_g                -            703 6354at5820           -            285   6.9e-32  108.8   0.3   2   2       3.7   7.4e+02   -2.9   0.0    20    39   548   567   545   583 0.84 length=703	scaffold=scaffold00095	strand=-
2537_g               -           1064 6354at5820           -            285   8.7e-32  108.4   4.6   1   4       8.1   1.6e+03   -4.0   0.1    64   120    47   104    35   107 0.66 length=1064	scaffold=scaffold00550	strand=+
2537_g               -           1064 6354at5820           -            285   8.7e-32  108.4   4.6   2   4   7.9e-09   1.6e-06   25.6   0.1   144   208   297   361   217   367 0.77 length=1064	scaffold=scaffold00550	strand=+
2537_g               -           1064 6354at5820           -            285   8.7e-32  108.4   4.6   3   4       1.4   2.7e+02   -1.5   0.0   243   265   439   461   421   466 0.78 length=1064	scaffold=scaffold00550	strand=+
2537_g               -           1064 6354at5820           -            285   8.7e-32  108.4   4.6   4   4   2.6e-26   5.1e-24   82.9   0.0   145   284   675   811   644   812 0.89 length=1064	scaffold=scaffold00550	strand=+
3622_g               -           1227 6354at5820           -            285   1.5e-27   94.5   0.1   1   2     0.029       5.7    4.0   0.0   189   263   384   460   260   475 0.82 length=1227	scaffold=scaffold01231	strand=-
3622_g               -           1227 6354at5820           -            285   1.5e-27   94.5   0.1   2   2     1e-27     2e-25   87.6   0.1   136   276   761   902   728   910 0.86 length=1227	scaffold=scaffold01231	strand=-
2006_g               -            876 6354at5820           -            285   6.7e-27   92.4   0.0   1   1   6.4e-29   1.3e-26   91.5   0.0   149   284   182   319   176   320 0.89 length=876	scaffold=scaffold00363	strand=-
1406_g               -            957 6354at5820           -            285   1.5e-23   81.4   0.0   1   1   1.4e-25   2.8e-23   80.5   0.0   146   285   392   532   380   532 0.92 length=957	scaffold=scaffold00206	strand=+
2356_g               -           2497 6354at5820           -            285   8.6e-16   56.0   0.0   1   2   2.3e-17   4.6e-15   53.5   0.0   188   279  1792  1885  1760  1891 0.87 length=2497	scaffold=scaffold00484	strand=-
2356_g               -           2497 6354at5820           -            285   8.6e-16   56.0   0.0   2   2      0.93   1.9e+02   -0.9   0.0   220   252  1962  1997  1947  2002 0.77 length=2497	scaffold=scaffold00484	strand=-
1654_g               -            771 6354at5820           -            285   1.6e-15   55.1   0.0   1   2   1.9e-16   3.8e-14   50.6   0.0   180   267   268   364   241   383 0.79 length=771	scaffold=scaffold00263	strand=-
1654_g               -            771 6354at5820           -            285   1.6e-15   55.1   0.0   2   2      0.12        24    2.0   0.0   188   226   556   594   543   627 0.75 length=771	scaffold=scaffold00263	strand=-
2384_g               -            913 6354at5820           -            285     5e-09   33.7   0.0   1   1   4.9e-11   9.8e-09   32.8   0.0   185   261   691   768   675   783 0.88 length=913	scaffold=scaffold00495	strand=+	adjustedToFrame=3
792_g                -           1363 6354at5820           -            285   5.6e-08   30.3   0.0   1   1   6.4e-10   1.3e-07   29.1   0.0   187   261  1090  1165  1056  1183 0.80 length=1363	scaffold=scaffold00088	strand=-	adjustedToFrame=2
1029_g               -            551 6354at5820           -            285   3.3e-05   21.2   0.0   1   1   2.6e-07   5.2e-05   20.6   0.0   170   262   314   423   298   447 0.64 length=551	scaffold=scaffold00125	strand=+
486_g                -           1111 6354at5820           -            285   8.6e-05   19.9   0.0   1   2   6.6e-05     0.013   12.7   0.0   225   264   482   521   423   535 0.76 length=1111	scaffold=scaffold00045	strand=+
486_g                -           1111 6354at5820           -            285   8.6e-05   19.9   0.0   2   2      0.02         4    4.5   0.0   184   208   798   822   754   842 0.76 length=1111	scaffold=scaffold00045	strand=+
3578_g               -            341 6354at5820           -            285    0.0081   13.4   0.0   1   1   6.5e-05     0.013   12.7   0.0   179   280    43   140    19   144 0.71 length=341	scaffold=scaffold01196	strand=-
#
# Program:         hmmsearch
# Version:         3.1b2 (February 2015)
# Pipeline mode:   SEARCH
# Query file:      /export/home/bio1901/Documents/29_BINP/OrthoSearch/busco_downloads/lineages/plasmodium_odb10/hmms/6354at5820.hmm
# Target file:     Results/1_GeneSequences/PB.faa
# Option settings: /home/users/bio1901/miniconda3/envs/busco/bin/hmmsearch --domtblout /export/home/bio1901/Documents/29_BINP/OrthoSearch/PB/run_plasmodium_odb10/hmmer_output/6354at5820.out --cpu 1 /export/home/bio1901/Documents/29_BINP/OrthoSearch/busco_downloads/lineages/plasmodium_odb10/hmms/6354at5820.hmm Results/1_GeneSequences/PB.faa 
# Current dir:     /export/home/bio1901/Documents/29_BINP/OrthoSearch
# Date:            Sun Mar 15 18:10:53 2020
# [ok]
