#                                                                            --- full sequence --- -------------- this domain -------------   hmm coord   ali coord   env coord
# target name        accession   tlen query name           accession   qlen   E-value  score  bias   #  of  c-Evalue  i-Evalue  score  bias  from    to  from    to  from    to  acc description of target
#------------------- ---------- ----- -------------------- ---------- ----- --------- ------ ----- --- --- --------- --------- ------ ----- ----- ----- ----- ----- ----- ----- ---- ---------------------
207_g                -            641 6358at5820           -            578   2.2e-62  209.2   0.3   1   2       5.2     8e+02   -4.0  11.9   492   565    48   122    15   136 0.58 length=641	scaffold=scaffold00014	strand=+
207_g                -            641 6358at5820           -            578   2.2e-62  209.2   0.3   2   2   1.4e-64   2.2e-62  209.2   0.3    22   408   196   571   192   574 0.89 length=641	scaffold=scaffold00014	strand=+
3057_g               -            814 6358at5820           -            578     3e-62  208.7  10.7   1   1     2e-64     3e-62  208.7  10.7    21   396   206   557   195   608 0.91 length=814	scaffold=scaffold00819	strand=+
2422_g               -            654 6358at5820           -            578   1.9e-60  202.8  11.0   1   1   1.2e-62   1.9e-60  202.8  11.0     7   390   227   592   220   600 0.89 length=654	scaffold=scaffold00506	strand=-
1035_g               -            652 6358at5820           -            578   3.2e-59  198.7  14.3   1   1   2.1e-61   3.2e-59  198.7  14.3    17   388   232   616   216   645 0.81 length=652	scaffold=scaffold00126	strand=-	adjustedToFrame=2
4074_g               -            889 6358at5820           -            578   2.6e-55  185.8   7.3   1   2   1.7e-57   2.6e-55  185.8   7.3    30   401    71   427    65   482 0.88 length=889	scaffold=scaffold01665	strand=-	adjustedToFrame=3
4074_g               -            889 6358at5820           -            578   2.6e-55  185.8   7.3   2   2       3.8   5.9e+02   -3.6  14.3   479   559   657   745   619   754 0.56 length=889	scaffold=scaffold01665	strand=-	adjustedToFrame=3
3826_g               -           1126 6358at5820           -            578     4e-53  178.6   0.0   1   2   6.4e-33   9.7e-31  104.7   0.0    21   200   702   876   696   882 0.94 length=1126	scaffold=scaffold01419	strand=-	adjustedToFrame=3
3826_g               -           1126 6358at5820           -            578     4e-53  178.6   0.0   2   2   8.3e-26   1.3e-23   81.2   0.0   210   385   910  1073   889  1087 0.85 length=1126	scaffold=scaffold01419	strand=-	adjustedToFrame=3
2156_g               -            475 6358at5820           -            578   2.6e-51  172.6   7.0   1   1   2.4e-52   3.6e-50  168.8   6.9    22   390    62   444    46   452 0.84 length=475	scaffold=scaffold00410	strand=+
1618_g               -            391 6358at5820           -            578   9.1e-49  164.2   3.5   1   1     1e-50   1.5e-48  163.4   3.5    16   391    14   365     1   381 0.90 length=391	scaffold=scaffold00254	strand=-
2139_g               -            551 6358at5820           -            578   9.7e-47  157.5  16.7   1   1   6.4e-49   9.7e-47  157.5  16.7    36   440   142   538   122   548 0.76 length=551	scaffold=scaffold00403	strand=+
1937_g               -           1358 6358at5820           -            578   1.7e-46  156.7  29.7   1   2   1.9e-11   2.9e-09   33.8   1.0     3    90   155   243   150   249 0.88 length=1358	scaffold=scaffold00342	strand=+	adjustedToFrame=2
1937_g               -           1358 6358at5820           -            578   1.7e-46  156.7  29.7   2   2   7.5e-43   1.1e-40  137.4  21.8   101   423   313   625   298   738 0.78 length=1358	scaffold=scaffold00342	strand=+	adjustedToFrame=2
2407_g               -            396 6358at5820           -            578   2.1e-45  153.1   0.8   1   1   3.9e-47   5.9e-45  151.6   0.8    24   396    29   376     4   381 0.89 length=396	scaffold=scaffold00502	strand=+
2360_g               -            960 6358at5820           -            578   7.5e-44  148.0  67.8   1   1   4.9e-46   7.5e-44  148.0  67.8     5   556   109   691   103   697 0.70 length=960	scaffold=scaffold00485	strand=-
1925_g               -            866 6358at5820           -            578   9.7e-41  137.7   7.5   1   2   2.3e-22   3.6e-20   69.8   0.1    27   195   320   498   311   505 0.80 length=866	scaffold=scaffold00338	strand=-
1925_g               -            866 6358at5820           -            578   9.7e-41  137.7   7.5   2   2   5.1e-25   7.8e-23   78.6   3.6   203   400   541   727   530   734 0.87 length=866	scaffold=scaffold00338	strand=-
1091_g               -            493 6358at5820           -            578   5.8e-37  125.2   3.9   1   2   4.9e-15   7.5e-13   45.6   0.0    19    86   152   219   135   241 0.86 length=493	scaffold=scaffold00138	strand=-
1091_g               -            493 6358at5820           -            578   5.8e-37  125.2   3.9   2   2   1.7e-27   2.6e-25   86.7   2.8   146   396   234   471   215   478 0.84 length=493	scaffold=scaffold00138	strand=-
3581_g               -           1373 6358at5820           -            578   5.3e-32  108.8  74.5   1   1   3.5e-34   5.3e-32  108.8  74.5     9   574   208   766   202   799 0.73 length=1373	scaffold=scaffold01199	strand=+
1604_g               -            597 6358at5820           -            578   7.6e-32  108.3  21.0   1   1     5e-34   7.6e-32  108.3  21.0     7   390   108   482   103   520 0.80 length=597	scaffold=scaffold00250	strand=-	adjustedToFrame=2
291_g                -           1572 6358at5820           -            578   6.9e-31  105.2  16.8   1   1   4.5e-33   6.9e-31  105.2  16.8     5   396   404   807   398   813 0.71 length=1572	scaffold=scaffold00022	strand=-
1972_g               -            784 6358at5820           -            578   2.8e-30  103.2  78.0   1   1   1.8e-32   2.8e-30  103.2  78.0    29   574   213   778   193   783 0.69 length=784	scaffold=scaffold00352	strand=-
3083_g               -           1381 6358at5820           -            578   2.6e-22   76.8  26.5   1   2   1.1e-08   1.7e-06   24.7   0.0    29    78    12    61     2    82 0.85 length=1381	scaffold=scaffold00835	strand=-
3083_g               -           1381 6358at5820           -            578   2.6e-22   76.8  26.5   2   2   1.2e-19   1.8e-17   60.8  25.4    97   436   386   783   373   788 0.74 length=1381	scaffold=scaffold00835	strand=-
3437_g               -            903 6358at5820           -            578   2.8e-20   70.1   7.5   1   3   1.1e-17   1.7e-15   54.3   1.3    69   187   274   389   238   397 0.88 length=903	scaffold=scaffold01083	strand=+
3437_g               -            903 6358at5820           -            578   2.8e-20   70.1   7.5   2   3     0.007       1.1    5.5   9.7   206   302   536   642   520   649 0.65 length=903	scaffold=scaffold01083	strand=+
3437_g               -            903 6358at5820           -            578   2.8e-20   70.1   7.5   3   3   8.3e-10   1.3e-07   28.3   0.6   303   368   734   800   722   802 0.88 length=903	scaffold=scaffold01083	strand=+
3052_g               -            883 6358at5820           -            578   7.8e-17   58.8   3.4   1   4       2.8   4.3e+02   -3.1   2.7   438   529   207   237   136   281 0.52 length=883	scaffold=scaffold00817	strand=+
3052_g               -            883 6358at5820           -            578   7.8e-17   58.8   3.4   2   4    0.0016      0.25    7.6   0.2    56    82   280   306   228   325 0.76 length=883	scaffold=scaffold00817	strand=+
3052_g               -            883 6358at5820           -            578   7.8e-17   58.8   3.4   3   4       9.6   1.5e+03   -4.9   4.7   523   565   357   399   338   433 0.40 length=883	scaffold=scaffold00817	strand=+
3052_g               -            883 6358at5820           -            578   7.8e-17   58.8   3.4   4   4   5.1e-19   7.8e-17   58.8   3.4   283   403   667   784   659   837 0.87 length=883	scaffold=scaffold00817	strand=+
3792_g               -            650 6358at5820           -            578   8.4e-14   48.7   0.4   1   3       0.7   1.1e+02   -1.1   0.4   497   521     9    33     2    49 0.31 length=650	scaffold=scaffold01388	strand=-	adjustedToFrame=2
3792_g               -            650 6358at5820           -            578   8.4e-14   48.7   0.4   2   3   5.5e-16   8.4e-14   48.7   0.4     4    93    36   124    27   130 0.83 length=650	scaffold=scaffold01388	strand=-	adjustedToFrame=2
3792_g               -            650 6358at5820           -            578   8.4e-14   48.7   0.4   3   3    0.0032      0.49    6.6  26.6   100   290   359   574   344   581 0.68 length=650	scaffold=scaffold01388	strand=-	adjustedToFrame=2
3791_g               -            385 6358at5820           -            578   3.2e-06   23.7  17.6   1   1   2.1e-08   3.2e-06   23.7  17.6   342   489     2   143     1   162 0.64 length=385	scaffold=scaffold01388	strand=-
1049_g               -            804 6358at5820           -            578      0.44    6.7  33.2   1   2       2.3   3.6e+02   -2.9  17.7   502   535    51    84     3   127 0.45 length=804	scaffold=scaffold00129	strand=+
1049_g               -            804 6358at5820           -            578      0.44    6.7  33.2   2   2   1.2e-05    0.0019   14.6   7.5   311   401   412   502   288   685 0.68 length=804	scaffold=scaffold00129	strand=+
1403_g               -            193 6358at5820           -            578       1.5    5.0  20.5   1   1     0.012       1.8    4.7  20.5   444   524   106   187    94   192 0.55 length=193	scaffold=scaffold00205	strand=+
2517_g               -            112 6358at5820           -            578       4.4    3.4  21.5   1   1     0.033         5    3.3  21.5   482   561    22    99     2   109 0.38 length=112	scaffold=scaffold00543	strand=+
#
# Program:         hmmsearch
# Version:         3.1b2 (February 2015)
# Pipeline mode:   SEARCH
# Query file:      /export/home/bio1901/Documents/29_BINP/OrthoSearch/busco_downloads/lineages/plasmodium_odb10/hmms/6358at5820.hmm
# Target file:     Results/1_GeneSequences/PB.faa
# Option settings: /home/users/bio1901/miniconda3/envs/busco/bin/hmmsearch --domtblout /export/home/bio1901/Documents/29_BINP/OrthoSearch/PB/run_plasmodium_odb10/hmmer_output/6358at5820.out --cpu 1 /export/home/bio1901/Documents/29_BINP/OrthoSearch/busco_downloads/lineages/plasmodium_odb10/hmms/6358at5820.hmm Results/1_GeneSequences/PB.faa 
# Current dir:     /export/home/bio1901/Documents/29_BINP/OrthoSearch
# Date:            Sun Mar 15 18:10:57 2020
# [ok]
