#                                                                            --- full sequence --- -------------- this domain -------------   hmm coord   ali coord   env coord
# target name        accession   tlen query name           accession   qlen   E-value  score  bias   #  of  c-Evalue  i-Evalue  score  bias  from    to  from    to  from    to  acc description of target
#------------------- ---------- ----- -------------------- ---------- ----- --------- ------ ----- --- --- --------- --------- ------ ----- ----- ----- ----- ----- ----- ----- ---- ---------------------
1224_g               -           1746 6365at5820           -            498   9.9e-83  276.1  76.6   1   9   6.6e-34   4.4e-31  105.8  18.0    64   169     5   110     1   133 0.93 length=1746	scaffold=scaffold00166	strand=+
1224_g               -           1746 6365at5820           -            498   9.9e-83  276.1  76.6   2   9     7e-11   4.6e-08   29.8   6.8   179   287   176   275   172   318 0.78 length=1746	scaffold=scaffold00166	strand=+
1224_g               -           1746 6365at5820           -            498   9.9e-83  276.1  76.6   3   9   4.4e-54     3e-51  172.3  35.8   263   493   309   536   288   539 0.88 length=1746	scaffold=scaffold00166	strand=+
1224_g               -           1746 6365at5820           -            498   9.9e-83  276.1  76.6   4   9         6     4e+03  -12.2  10.7   251   346   613   710   547   769 0.46 length=1746	scaffold=scaffold00166	strand=+
1224_g               -           1746 6365at5820           -            498   9.9e-83  276.1  76.6   5   9         6     4e+03  -20.8  30.2   202   386   884  1057   878  1135 0.65 length=1746	scaffold=scaffold00166	strand=+
1224_g               -           1746 6365at5820           -            498   9.9e-83  276.1  76.6   6   9         6     4e+03  -21.2  26.7   101   222  1175  1316  1132  1357 0.58 length=1746	scaffold=scaffold00166	strand=+
1224_g               -           1746 6365at5820           -            498   9.9e-83  276.1  76.6   7   9         6     4e+03   -8.5   8.0    43   131  1270  1357  1257  1386 0.58 length=1746	scaffold=scaffold00166	strand=+
1224_g               -           1746 6365at5820           -            498   9.9e-83  276.1  76.6   8   9         6     4e+03   -9.5  11.1   295   368  1501  1579  1454  1595 0.78 length=1746	scaffold=scaffold00166	strand=+
1224_g               -           1746 6365at5820           -            498   9.9e-83  276.1  76.6   9   9         6     4e+03  -17.5  18.5   155   177  1628  1650  1506  1737 0.48 length=1746	scaffold=scaffold00166	strand=+
3934_g               -            343 6365at5820           -            498   8.9e-40  134.4 127.7   1   5   1.6e-09   1.1e-06   25.3  15.8    96   156    41   100    14   103 0.54 length=343	scaffold=scaffold01519	strand=-
3934_g               -            343 6365at5820           -            498   8.9e-40  134.4 127.7   2   5   5.4e-20   3.6e-17   59.9  24.9    59   157    69   167    69   167 0.96 length=343	scaffold=scaffold01519	strand=-
3934_g               -            343 6365at5820           -            498   8.9e-40  134.4 127.7   3   5   9.5e-17   6.3e-14   49.2  18.7    45   143    99   196    98   208 0.83 length=343	scaffold=scaffold01519	strand=-
3934_g               -            343 6365at5820           -            498   8.9e-40  134.4 127.7   4   5   7.5e-10     5e-07   26.4  15.1    55   145   153   245   151   246 0.91 length=343	scaffold=scaffold01519	strand=-
3934_g               -            343 6365at5820           -            498   8.9e-40  134.4 127.7   5   5   2.7e-10   1.8e-07   27.9  21.3    45   145   186   292   184   332 0.79 length=343	scaffold=scaffold01519	strand=-
1108_g               -            487 6365at5820           -            498   5.1e-22   75.9  69.7   1   4   2.6e-05     0.017   11.4   9.0    64   104   159   199   111   203 0.59 length=487	scaffold=scaffold00142	strand=+
1108_g               -            487 6365at5820           -            498   5.1e-22   75.9  69.7   2   4   1.2e-13   7.9e-11   39.0  15.8    64   150   159   245   148   246 0.96 length=487	scaffold=scaffold00142	strand=+
1108_g               -            487 6365at5820           -            498   5.1e-22   75.9  69.7   3   4   3.7e-14   2.5e-11   40.6  22.0    60   144   199   283   196   289 0.95 length=487	scaffold=scaffold00142	strand=+
1108_g               -            487 6365at5820           -            498   5.1e-22   75.9  69.7   4   4   3.1e-09   2.1e-06   24.4  15.9    85   189   291   395   286   481 0.74 length=487	scaffold=scaffold00142	strand=+
3347_g               -            897 6365at5820           -            498   7.1e-11   39.1  37.4   1   7         6     4e+03  -11.8  18.5   265   406    11   119     1   177 0.52 length=897	scaffold=scaffold01012	strand=+
3347_g               -            897 6365at5820           -            498   7.1e-11   39.1  37.4   2   7     0.085        57   -0.2  23.4    34   166   233   349   197   395 0.51 length=897	scaffold=scaffold01012	strand=+
3347_g               -            897 6365at5820           -            498   7.1e-11   39.1  37.4   3   7     3e-05      0.02   11.2  14.5     7   102   401   502   395   510 0.70 length=897	scaffold=scaffold01012	strand=+
3347_g               -            897 6365at5820           -            498   7.1e-11   39.1  37.4   4   7   8.8e-10   5.8e-07   26.2  18.2    65   161   510   609   503   635 0.76 length=897	scaffold=scaffold01012	strand=+
3347_g               -            897 6365at5820           -            498   7.1e-11   39.1  37.4   5   7    0.0043       2.8    4.1   9.3   109   148   644   686   634   693 0.74 length=897	scaffold=scaffold01012	strand=+
3347_g               -            897 6365at5820           -            498   7.1e-11   39.1  37.4   6   7   2.8e-10   1.9e-07   27.8  11.2    60   124   695   762   692   765 0.89 length=897	scaffold=scaffold01012	strand=+
3347_g               -            897 6365at5820           -            498   7.1e-11   39.1  37.4   7   7   1.5e-05      0.01   12.2  11.5    64   119   768   823   765   840 0.85 length=897	scaffold=scaffold01012	strand=+
3883_g               -            283 6365at5820           -            498   1.9e-05   21.2   7.4   1   1   3.9e-08   2.6e-05   20.8   7.4    59   172    26   148    24   202 0.82 length=283	scaffold=scaffold01471	strand=-
1578_g               -            218 6365at5820           -            498   0.00013   18.5  23.2   1   1   2.6e-07   0.00017   18.1  23.2    68   169   116   212    48   217 0.77 length=218	scaffold=scaffold00245	strand=+
#
# Program:         hmmsearch
# Version:         3.1b2 (February 2015)
# Pipeline mode:   SEARCH
# Query file:      /export/home/bio1901/Documents/29_BINP/OrthoSearch/busco_downloads/lineages/plasmodium_odb10/hmms/6365at5820.hmm
# Target file:     Results/1_GeneSequences/PB.faa
# Option settings: /home/users/bio1901/miniconda3/envs/busco/bin/hmmsearch --domtblout /export/home/bio1901/Documents/29_BINP/OrthoSearch/PB/run_plasmodium_odb10/hmmer_output/6365at5820.out --cpu 1 /export/home/bio1901/Documents/29_BINP/OrthoSearch/busco_downloads/lineages/plasmodium_odb10/hmms/6365at5820.hmm Results/1_GeneSequences/PB.faa 
# Current dir:     /export/home/bio1901/Documents/29_BINP/OrthoSearch
# Date:            Sun Mar 15 18:10:58 2020
# [ok]
