#                                                                            --- full sequence --- -------------- this domain -------------   hmm coord   ali coord   env coord
# target name        accession   tlen query name           accession   qlen   E-value  score  bias   #  of  c-Evalue  i-Evalue  score  bias  from    to  from    to  from    to  acc description of target
#------------------- ---------- ----- -------------------- ---------- ----- --------- ------ ----- --- --- --------- --------- ------ ----- ----- ----- ----- ----- ----- ----- ---- ---------------------
1314_g               -            508 6375at5820           -            375  1.2e-215  713.5  18.2   1   1  3.4e-218  1.9e-215  712.9  18.2     6   375   115   505   111   505 0.95 length=508	scaffold=scaffold00184	strand=+
2148_g               -           2492 6375at5820           -            375   9.4e-51  170.8  41.4   1   6   6.5e-07   0.00037   17.5   1.5    88   174    21   113     9   129 0.69 length=2492	scaffold=scaffold00407	strand=-
2148_g               -           2492 6375at5820           -            375   9.4e-51  170.8  41.4   2   6   1.9e-05     0.011   12.6   0.2   252   282   299   329   285   390 0.72 length=2492	scaffold=scaffold00407	strand=-
2148_g               -           2492 6375at5820           -            375   9.4e-51  170.8  41.4   3   6     5e-23   2.9e-20   70.5   5.7    87   220   391   519   370   526 0.87 length=2492	scaffold=scaffold00407	strand=-
2148_g               -           2492 6375at5820           -            375   9.4e-51  170.8  41.4   4   6   1.2e-15   6.8e-13   46.2   1.8   136   237   704   804   697   834 0.88 length=2492	scaffold=scaffold00407	strand=-
2148_g               -           2492 6375at5820           -            375   9.4e-51  170.8  41.4   5   6   1.1e-13   6.1e-11   39.8   1.1    97   220   848   967   826   989 0.88 length=2492	scaffold=scaffold00407	strand=-
2148_g               -           2492 6375at5820           -            375   9.4e-51  170.8  41.4   6   6     0.004       2.3    5.0   0.3   186   230  1033  1076   987  1098 0.68 length=2492	scaffold=scaffold00407	strand=-
1615_g               -            484 6375at5820           -            375   1.5e-22   78.0  16.3   1   4      0.66   3.7e+02   -2.3   0.0   271   284    41    54    38    63 0.82 length=484	scaffold=scaffold00253	strand=-
1615_g               -            484 6375at5820           -            375   1.5e-22   78.0  16.3   2   4   1.8e-12     1e-09   35.8   4.7   140   228    72   157    55   226 0.78 length=484	scaffold=scaffold00253	strand=-
1615_g               -            484 6375at5820           -            375   1.5e-22   78.0  16.3   3   4     2e-10   1.2e-07   29.0   0.2   189   279   239   332   227   333 0.86 length=484	scaffold=scaffold00253	strand=-
1615_g               -            484 6375at5820           -            375   1.5e-22   78.0  16.3   4   4     1e-08   5.9e-06   23.4   0.2    42   112   307   388   305   406 0.74 length=484	scaffold=scaffold00253	strand=-
2031_g               -           1159 6375at5820           -            375   2.5e-18   64.1  14.4   1   2     0.056        32    1.2   0.0   215   230   371   386   360   404 0.78 length=1159	scaffold=scaffold00369	strand=-
2031_g               -           1159 6375at5820           -            375   2.5e-18   64.1  14.4   2   2     2e-20   1.1e-17   62.0  11.7    66   290   668   889   638   914 0.80 length=1159	scaffold=scaffold00369	strand=-
4015_g               -            885 6375at5820           -            375   6.2e-15   52.9  19.0   1   3     0.002       1.2    6.0   0.4   190   232     9    51     4    63 0.93 length=885	scaffold=scaffold01601	strand=-
4015_g               -            885 6375at5820           -            375   6.2e-15   52.9  19.0   2   3   2.3e-08   1.3e-05   22.3   0.8   195   303    66   165    57   179 0.70 length=885	scaffold=scaffold01601	strand=-
4015_g               -            885 6375at5820           -            375   6.2e-15   52.9  19.0   3   3   4.6e-11   2.6e-08   31.1   5.2   152   258   370   477   335   520 0.74 length=885	scaffold=scaffold01601	strand=-
3130_g               -            544 6375at5820           -            375   4.3e-13   46.9  19.8   1   4   1.1e-07   6.2e-05   20.0   0.1   185   220    55    90    50    98 0.93 length=544	scaffold=scaffold00863	strand=+
3130_g               -            544 6375at5820           -            375   4.3e-13   46.9  19.8   2   4   0.00026      0.15    8.9   0.7   188   233   160   203   111   231 0.76 length=544	scaffold=scaffold00863	strand=+
3130_g               -            544 6375at5820           -            375   4.3e-13   46.9  19.8   3   4   3.4e-07   0.00019   18.4   0.1    81   133   299   350   290   363 0.82 length=544	scaffold=scaffold00863	strand=+
3130_g               -            544 6375at5820           -            375   4.3e-13   46.9  19.8   4   4   0.00041      0.23    8.3   2.9    41   117   394   479   368   507 0.58 length=544	scaffold=scaffold00863	strand=+
2333_g               -            473 6375at5820           -            375   1.3e-07   28.9  20.1   1   4      0.97   5.5e+02   -2.8   2.7   291   345    71   125    11   153 0.66 length=473	scaffold=scaffold00474	strand=+
2333_g               -            473 6375at5820           -            375   1.3e-07   28.9  20.1   2   4   6.4e-07   0.00037   17.5   1.0   186   230   231   273   167   279 0.70 length=473	scaffold=scaffold00474	strand=+
2333_g               -            473 6375at5820           -            375   1.3e-07   28.9  20.1   3   4   9.2e-05     0.052   10.4   0.2   192   229   322   359   301   394 0.69 length=473	scaffold=scaffold00474	strand=+
2333_g               -            473 6375at5820           -            375   1.3e-07   28.9  20.1   4   4   9.9e-06    0.0057   13.6   0.1   183   222   425   465   410   469 0.82 length=473	scaffold=scaffold00474	strand=+
#
# Program:         hmmsearch
# Version:         3.1b2 (February 2015)
# Pipeline mode:   SEARCH
# Query file:      /export/home/bio1901/Documents/29_BINP/OrthoSearch/busco_downloads/lineages/plasmodium_odb10/hmms/6375at5820.hmm
# Target file:     Results/1_GeneSequences/PB.faa
# Option settings: /home/users/bio1901/miniconda3/envs/busco/bin/hmmsearch --domtblout /export/home/bio1901/Documents/29_BINP/OrthoSearch/PB/run_plasmodium_odb10/hmmer_output/6375at5820.out --cpu 1 /export/home/bio1901/Documents/29_BINP/OrthoSearch/busco_downloads/lineages/plasmodium_odb10/hmms/6375at5820.hmm Results/1_GeneSequences/PB.faa 
# Current dir:     /export/home/bio1901/Documents/29_BINP/OrthoSearch
# Date:            Sun Mar 15 18:10:58 2020
# [ok]
