#                                                                            --- full sequence --- -------------- this domain -------------   hmm coord   ali coord   env coord
# target name        accession   tlen query name           accession   qlen   E-value  score  bias   #  of  c-Evalue  i-Evalue  score  bias  from    to  from    to  from    to  acc description of target
#------------------- ---------- ----- -------------------- ---------- ----- --------- ------ ----- --- --- --------- --------- ------ ----- ----- ----- ----- ----- ----- ----- ---- ---------------------
1693_g               -            877 6388at5820           -            540    7e-257  851.1  63.7   1   3     5e-21     4e-18   63.1   3.0     9    83    70   160    62   167 0.77 length=877	scaffold=scaffold00273	strand=+	adjustedToFrame=3
1693_g               -            877 6388at5820           -            540    7e-257  851.1  63.7   2   3   6.1e-47   4.9e-44  148.6  12.8    76   205   183   328   177   363 0.84 length=877	scaffold=scaffold00273	strand=+	adjustedToFrame=3
1693_g               -            877 6388at5820           -            540    7e-257  851.1  63.7   3   3  2.2e-199  1.7e-196  651.8  30.7   190   540   527   876   498   876 0.97 length=877	scaffold=scaffold00273	strand=+	adjustedToFrame=3
3215_g               -            449 6388at5820           -            540    0.0005   16.6  13.4   1   1   1.1e-06   0.00091   15.7  13.4   393   536    45   202     4   206 0.61 length=449	scaffold=scaffold00923	strand=-	adjustedToFrame=2
4104_g               -            175 6388at5820           -            540    0.0082   12.6   8.3   1   1   1.7e-05     0.014   11.8   8.3   486   535    72   117     8   120 0.76 length=175	scaffold=scaffold01695	strand=+
3132_g               -            423 6388at5820           -            540      0.57    6.5   9.6   1   2      0.82   6.5e+02   -3.6   0.9   125   151    86   112    39   169 0.68 length=423	scaffold=scaffold00865	strand=-
3132_g               -            423 6388at5820           -            540      0.57    6.5   9.6   2   2   1.1e-05    0.0086   12.5   2.2   489   534   265   306   256   310 0.87 length=423	scaffold=scaffold00865	strand=-
3944_g               -            299 6388at5820           -            540       7.2    2.9  36.2   1   1       0.1        83   -0.6  36.2   355   536   115   289    23   292 0.75 length=299	scaffold=scaffold01531	strand=+
#
# Program:         hmmsearch
# Version:         3.1b2 (February 2015)
# Pipeline mode:   SEARCH
# Query file:      /export/home/bio1901/Documents/29_BINP/OrthoSearch/busco_downloads/lineages/plasmodium_odb10/hmms/6388at5820.hmm
# Target file:     Results/1_GeneSequences/PB.faa
# Option settings: /home/users/bio1901/miniconda3/envs/busco/bin/hmmsearch --domtblout /export/home/bio1901/Documents/29_BINP/OrthoSearch/PB/run_plasmodium_odb10/hmmer_output/6388at5820.out --cpu 1 /export/home/bio1901/Documents/29_BINP/OrthoSearch/busco_downloads/lineages/plasmodium_odb10/hmms/6388at5820.hmm Results/1_GeneSequences/PB.faa 
# Current dir:     /export/home/bio1901/Documents/29_BINP/OrthoSearch
# Date:            Sun Mar 15 18:10:59 2020
# [ok]
