#                                                                            --- full sequence --- -------------- this domain -------------   hmm coord   ali coord   env coord
# target name        accession   tlen query name           accession   qlen   E-value  score  bias   #  of  c-Evalue  i-Evalue  score  bias  from    to  from    to  from    to  acc description of target
#------------------- ---------- ----- -------------------- ---------- ----- --------- ------ ----- --- --- --------- --------- ------ ----- ----- ----- ----- ----- ----- ----- ---- ---------------------
1091_g               -            493 6389at5820           -            399  5.5e-250  827.0   8.7   1   2   4.8e-64   7.3e-62  207.5   0.4     1    97   127   223   127   223 0.99 length=493	scaffold=scaffold00138	strand=-
1091_g               -            493 6389at5820           -            399  5.5e-250  827.0   8.7   2   2  5.7e-191  8.7e-189  625.5   2.4   130   399   223   492   222   492 1.00 length=493	scaffold=scaffold00138	strand=-
2407_g               -            396 6389at5820           -            399   3.7e-87  290.8   0.6   1   1   2.8e-89   4.3e-87  290.6   0.6    21   394    19   392     3   395 0.94 length=396	scaffold=scaffold00502	strand=+
1618_g               -            391 6389at5820           -            399   2.2e-86  288.2   1.7   1   1   1.7e-88   2.7e-86  288.0   1.7    25   394    16   387     3   390 0.96 length=391	scaffold=scaffold00254	strand=-
2156_g               -            475 6389at5820           -            399   7.3e-74  247.0   1.5   1   2     1e-17   1.6e-15   54.9   0.0    26    90    59   123    46   127 0.93 length=475	scaffold=scaffold00410	strand=+
2156_g               -            475 6389at5820           -            399   7.3e-74  247.0   1.5   2   2   9.5e-59   1.4e-56  190.1   1.6    91   398   156   471   136   472 0.93 length=475	scaffold=scaffold00410	strand=+
3057_g               -            814 6389at5820           -            399   3.3e-56  188.9   3.3   1   1   3.5e-58   5.3e-56  188.2   3.3     7   386   180   565   174   576 0.91 length=814	scaffold=scaffold00819	strand=+
4074_g               -            889 6389at5820           -            399   2.7e-54  182.6   2.7   1   1   2.8e-56   4.3e-54  181.9   2.7    36   379    70   423    59   440 0.90 length=889	scaffold=scaffold01665	strand=-	adjustedToFrame=3
207_g                -            641 6389at5820           -            399   2.6e-51  172.8   0.9   1   2       6.8     1e+03   -3.7   0.0    13    49   102   137    94   144 0.71 length=641	scaffold=scaffold00014	strand=+
207_g                -            641 6389at5820           -            399   2.6e-51  172.8   0.9   2   2     2e-53     3e-51  172.5   0.2    26   371   193   552   166   580 0.86 length=641	scaffold=scaffold00014	strand=+
1035_g               -            652 6389at5820           -            399   3.5e-51  172.3   8.5   1   3       4.5     7e+02   -3.2   0.0   343   371   157   184   152   193 0.70 length=652	scaffold=scaffold00126	strand=-	adjustedToFrame=2
1035_g               -            652 6389at5820           -            399   3.5e-51  172.3   8.5   2   3   2.1e-08   3.2e-06   24.3   0.0    28    93   236   300   211   311 0.82 length=652	scaffold=scaffold00126	strand=-	adjustedToFrame=2
1035_g               -            652 6389at5820           -            399   3.5e-51  172.3   8.5   3   3   2.2e-46   3.3e-44  149.4   4.3    92   371   334   617   324   649 0.90 length=652	scaffold=scaffold00126	strand=-	adjustedToFrame=2
3826_g               -           1126 6389at5820           -            399   3.8e-50  168.9   0.3   1   2       5.4   8.3e+02   -3.4   0.2    51   244   605   622   564   643 0.55 length=1126	scaffold=scaffold01419	strand=-	adjustedToFrame=3
3826_g               -           1126 6389at5820           -            399   3.8e-50  168.9   0.3   2   2   5.7e-50   8.7e-48  161.2   0.0    29   379   703  1085   698  1101 0.85 length=1126	scaffold=scaffold01419	strand=-	adjustedToFrame=3
291_g                -           1572 6389at5820           -            399   1.2e-49  167.3   9.5   1   1   1.7e-50   2.7e-48  162.9   9.5    30   380   422   809   414   823 0.82 length=1572	scaffold=scaffold00022	strand=-
2139_g               -            551 6389at5820           -            399   1.8e-49  166.7   2.0   1   1   1.6e-51   2.4e-49  166.3   2.0    50   371   149   485   115   504 0.87 length=551	scaffold=scaffold00403	strand=+
2422_g               -            654 6389at5820           -            399     1e-46  157.6   4.3   1   1     1e-48   1.6e-46  157.0   4.3    27   376   240   597   219   614 0.89 length=654	scaffold=scaffold00506	strand=-
1937_g               -           1358 6389at5820           -            399   3.1e-46  156.0   6.2   1   2     4e-08   6.1e-06   23.4   0.2    16    93   162   239   150   245 0.76 length=1358	scaffold=scaffold00342	strand=+	adjustedToFrame=2
1937_g               -           1358 6389at5820           -            399   3.1e-46  156.0   6.2   2   2   7.4e-42   1.1e-39  134.4   1.5    97   387   314   610   294   620 0.88 length=1358	scaffold=scaffold00342	strand=+	adjustedToFrame=2
3581_g               -           1373 6389at5820           -            399   2.1e-41  140.2  13.1   1   1   2.3e-43   3.6e-41  139.4  13.1    26   384   217   585   187   589 0.87 length=1373	scaffold=scaffold01199	strand=+
2360_g               -            960 6389at5820           -            399   4.4e-41  139.1  14.6   1   1   6.1e-43   9.4e-41  138.0  14.6    22   378   123   496   103   508 0.77 length=960	scaffold=scaffold00485	strand=-
1925_g               -            866 6389at5820           -            399   1.1e-39  134.5   2.4   1   3   2.3e-06   0.00036   17.6   0.0    16    87   302   373   294   380 0.81 length=866	scaffold=scaffold00338	strand=-
1925_g               -            866 6389at5820           -            399   1.1e-39  134.5   2.4   2   3   4.7e-12   7.2e-10   36.3   0.0    97   188   406   497   394   507 0.93 length=866	scaffold=scaffold00338	strand=-
1925_g               -            866 6389at5820           -            399   1.1e-39  134.5   2.4   3   3   7.8e-25   1.2e-22   78.4   0.8   199   380   543   724   533   737 0.89 length=866	scaffold=scaffold00338	strand=-
1972_g               -            784 6389at5820           -            399   8.5e-34  115.1  15.7   1   2   5.8e-10   8.9e-08   29.4   0.2    37    91   213   268   170   281 0.80 length=784	scaffold=scaffold00352	strand=-
1972_g               -            784 6389at5820           -            399   8.5e-34  115.1  15.7   2   2   6.9e-28   1.1e-25   88.4  10.1    87   371   304   589   296   602 0.82 length=784	scaffold=scaffold00352	strand=-
1604_g               -            597 6389at5820           -            399   2.1e-27   94.0  10.8   1   1   2.1e-29   3.1e-27   93.5  10.8    16   376   108   486    96   499 0.83 length=597	scaffold=scaffold00250	strand=-	adjustedToFrame=2
3083_g               -           1381 6389at5820           -            399   9.9e-24   81.9   8.9   1   4     1e-07   1.6e-05   22.0   0.0    28    89     4    65     2    73 0.84 length=1381	scaffold=scaffold00835	strand=-
3083_g               -           1381 6389at5820           -            399   9.9e-24   81.9   8.9   2   4   6.1e-08   9.3e-06   22.8   0.1    95   209   385   502   355   514 0.82 length=1381	scaffold=scaffold00835	strand=-
3083_g               -           1381 6389at5820           -            399   9.9e-24   81.9   8.9   3   4       1.7   2.5e+02   -1.7   0.1   204   260   534   590   524   615 0.80 length=1381	scaffold=scaffold00835	strand=-
3083_g               -           1381 6389at5820           -            399   9.9e-24   81.9   8.9   4   4     4e-13   6.1e-11   39.8   0.4   283   367   650   734   644   741 0.94 length=1381	scaffold=scaffold00835	strand=-
3437_g               -            903 6389at5820           -            399   8.4e-20   69.0   6.8   1   3   2.3e-15   3.5e-13   47.2   0.4    26   189   220   397   197   408 0.78 length=903	scaffold=scaffold01083	strand=+
3437_g               -            903 6389at5820           -            399   8.4e-20   69.0   6.8   2   3       9.9   1.5e+03   -4.3   0.1   238   258   594   614   583   638 0.68 length=903	scaffold=scaffold01083	strand=+
3437_g               -            903 6389at5820           -            399   8.4e-20   69.0   6.8   3   3   1.2e-08   1.8e-06   25.1   0.1   291   350   740   800   724   802 0.87 length=903	scaffold=scaffold01083	strand=+
3666_g               -           1378 6389at5820           -            399   3.7e-14   50.4   6.8   1   4     0.099        15    2.3   0.0   120   161   108   153    99   164 0.79 length=1378	scaffold=scaffold01272	strand=+	adjustedToFrame=2
3666_g               -           1378 6389at5820           -            399   3.7e-14   50.4   6.8   2   4     0.012       1.8    5.4   0.1   172   218   244   292   233   325 0.78 length=1378	scaffold=scaffold01272	strand=+	adjustedToFrame=2
3666_g               -           1378 6389at5820           -            399   3.7e-14   50.4   6.8   3   4       7.7   1.2e+03   -3.9   0.9   249   308   413   476   403   486 0.61 length=1378	scaffold=scaffold01272	strand=+	adjustedToFrame=2
3666_g               -           1378 6389at5820           -            399   3.7e-14   50.4   6.8   4   4   2.4e-16   3.7e-14   50.4   6.8   249   385   622   751   594   760 0.88 length=1378	scaffold=scaffold01272	strand=+	adjustedToFrame=2
3052_g               -            883 6389at5820           -            399   3.9e-13   47.1   0.5   1   2     0.004      0.61    6.9   0.0    62   109   279   326   266   354 0.79 length=883	scaffold=scaffold00817	strand=+
3052_g               -            883 6389at5820           -            399   3.9e-13   47.1   0.5   2   2   1.5e-12   2.3e-10   37.9   0.2   262   378   664   777   619   794 0.89 length=883	scaffold=scaffold00817	strand=+
1049_g               -            804 6389at5820           -            399   1.1e-11   42.3   0.2   1   1   1.3e-13     2e-11   41.4   0.2   235   364   352   483   346   507 0.88 length=804	scaffold=scaffold00129	strand=+
3792_g               -            650 6389at5820           -            399   1.8e-10   38.3  10.3   1   2   8.4e-08   1.3e-05   22.3   0.0    28    88    52   112    28   137 0.86 length=650	scaffold=scaffold01388	strand=-	adjustedToFrame=2
3792_g               -            650 6389at5820           -            399   1.8e-10   38.3  10.3   2   2   0.00011     0.017   12.0   8.2    96   220   360   511   296   580 0.64 length=650	scaffold=scaffold01388	strand=-	adjustedToFrame=2
242_g                -            982 6389at5820           -            399   3.1e-10   37.5   3.0   1   4     0.012       1.9    5.3   0.4    22    65    70   113    44   125 0.76 length=982	scaffold=scaffold00017	strand=-
242_g                -            982 6389at5820           -            399   3.1e-10   37.5   3.0   2   4       2.9   4.5e+02   -2.5   0.6   286   318   298   331   234   362 0.64 length=982	scaffold=scaffold00017	strand=-
242_g                -            982 6389at5820           -            399   3.1e-10   37.5   3.0   3   4      0.06       9.2    3.0   0.0   144   197   450   507   439   520 0.76 length=982	scaffold=scaffold00017	strand=-
242_g                -            982 6389at5820           -            399   3.1e-10   37.5   3.0   4   4     2e-12   3.1e-10   37.5   3.0   263   355   687   778   580   791 0.83 length=982	scaffold=scaffold00017	strand=-
2331_g               -           1262 6389at5820           -            399   1.4e-06   25.5   0.9   1   2      0.73   1.1e+02   -0.6   0.0    45    93    48    96    28   110 0.85 length=1262	scaffold=scaffold00473	strand=+
2331_g               -           1262 6389at5820           -            399   1.4e-06   25.5   0.9   2   2   3.8e-08   5.8e-06   23.5   0.2   264   371   285   392   275   414 0.89 length=1262	scaffold=scaffold00473	strand=+
#
# Program:         hmmsearch
# Version:         3.1b2 (February 2015)
# Pipeline mode:   SEARCH
# Query file:      /export/home/bio1901/Documents/29_BINP/OrthoSearch/busco_downloads/lineages/plasmodium_odb10/hmms/6389at5820.hmm
# Target file:     Results/1_GeneSequences/PB.faa
# Option settings: /home/users/bio1901/miniconda3/envs/busco/bin/hmmsearch --domtblout /export/home/bio1901/Documents/29_BINP/OrthoSearch/PB/run_plasmodium_odb10/hmmer_output/6389at5820.out --cpu 1 /export/home/bio1901/Documents/29_BINP/OrthoSearch/busco_downloads/lineages/plasmodium_odb10/hmms/6389at5820.hmm Results/1_GeneSequences/PB.faa 
# Current dir:     /export/home/bio1901/Documents/29_BINP/OrthoSearch
# Date:            Sun Mar 15 18:10:59 2020
# [ok]
