#                                                                            --- full sequence --- -------------- this domain -------------   hmm coord   ali coord   env coord
# target name        accession   tlen query name           accession   qlen   E-value  score  bias   #  of  c-Evalue  i-Evalue  score  bias  from    to  from    to  from    to  acc description of target
#------------------- ---------- ----- -------------------- ---------- ----- --------- ------ ----- --- --- --------- --------- ------ ----- ----- ----- ----- ----- ----- ----- ---- ---------------------
3220_g               -            502 6412at5820           -            480   1.8e-16   57.8  19.2   1   2   2.4e-18   1.6e-15   54.7  16.2   123   414   135   442    78   448 0.72 length=502	scaffold=scaffold00926	strand=-
3220_g               -            502 6412at5820           -            480   1.8e-16   57.8  19.2   2   2    0.0075         5    3.6   0.0   199   243   450   496   445   499 0.62 length=502	scaffold=scaffold00926	strand=-
496_g                -            605 6412at5820           -            480   1.4e-14   51.6  18.3   1   4      0.14        91   -0.6   7.6    16    69    84   127    66   245 0.60 length=605	scaffold=scaffold00046	strand=+
496_g                -            605 6412at5820           -            480   1.4e-14   51.6  18.3   2   4       1.7   1.1e+03   -4.2   1.2   424   453   271   302   261   314 0.59 length=605	scaffold=scaffold00046	strand=+
496_g                -            605 6412at5820           -            480   1.4e-14   51.6  18.3   3   4     9e-14     6e-11   39.6   4.4   202   385   369   541   359   543 0.83 length=605	scaffold=scaffold00046	strand=+
496_g                -            605 6412at5820           -            480   1.4e-14   51.6  18.3   4   4     1e-09   6.6e-07   26.3   5.9   198   381   407   579   405   583 0.81 length=605	scaffold=scaffold00046	strand=+
3772_g               -            363 6412at5820           -            480   2.9e-09   34.0  16.3   1   4      0.21   1.4e+02   -1.2   0.0   353   376    74    96    67   110 0.67 length=363	scaffold=scaffold01372	strand=-
3772_g               -            363 6412at5820           -            480   2.9e-09   34.0  16.3   2   4   1.5e-07    0.0001   19.1   2.3   303   394   110   198    94   211 0.81 length=363	scaffold=scaffold01372	strand=-
3772_g               -            363 6412at5820           -            480   2.9e-09   34.0  16.3   3   4   0.00086      0.57    6.7   2.5   262   339   195   270   190   283 0.81 length=363	scaffold=scaffold01372	strand=-
3772_g               -            363 6412at5820           -            480   2.9e-09   34.0  16.3   4   4   6.8e-07   0.00045   16.9   0.1   181   241   301   357   292   361 0.82 length=363	scaffold=scaffold01372	strand=-
3510_g               -            482 6412at5820           -            480   2.8e-08   30.8   4.6   1   4   6.2e-07   0.00041   17.1   0.3   290   343    83   135    57   144 0.82 length=482	scaffold=scaffold01142	strand=-
3510_g               -            482 6412at5820           -            480   2.8e-08   30.8   4.6   2   4         6     4e+03  -11.1  25.9    14    58   186   239   173   292 0.48 length=482	scaffold=scaffold01142	strand=-
3510_g               -            482 6412at5820           -            480   2.8e-08   30.8   4.6   3   4       2.9     2e+03   -5.0  18.5     9    68   316   375   303   392 0.44 length=482	scaffold=scaffold01142	strand=-
3510_g               -            482 6412at5820           -            480   2.8e-08   30.8   4.6   4   4   6.2e-09   4.1e-06   23.7   0.4   165   245   395   478   382   481 0.83 length=482	scaffold=scaffold01142	strand=-
3098_g               -            504 6412at5820           -            480   6.8e-08   29.5  18.6   1   4     0.064        42    0.5   0.3   335   389    67   122    62   180 0.63 length=504	scaffold=scaffold00846	strand=-
3098_g               -            504 6412at5820           -            480   6.8e-08   29.5  18.6   2   4    0.0018       1.2    5.7   0.3   187   237   190   237   179   248 0.74 length=504	scaffold=scaffold00846	strand=-
3098_g               -            504 6412at5820           -            480   6.8e-08   29.5  18.6   3   4   2.5e-07   0.00017   18.4   2.5   308   365   256   316   239   328 0.74 length=504	scaffold=scaffold00846	strand=-
3098_g               -            504 6412at5820           -            480   6.8e-08   29.5  18.6   4   4   4.4e-06    0.0029   14.3   0.2   321   377   361   421   347   432 0.75 length=504	scaffold=scaffold00846	strand=-
4136_g               -            212 6412at5820           -            480    0.0017   15.0   0.4   1   2      0.38   2.5e+02   -2.0   4.9    11    59    35    83    25   138 0.60 length=212	scaffold=scaffold01857	strand=-	adjustedToFrame=2
4136_g               -            212 6412at5820           -            480    0.0017   15.0   0.4   2   2   2.6e-06    0.0017   15.0   0.4   322   393   137   206   109   209 0.63 length=212	scaffold=scaffold01857	strand=-	adjustedToFrame=2
#
# Program:         hmmsearch
# Version:         3.1b2 (February 2015)
# Pipeline mode:   SEARCH
# Query file:      /export/home/bio1901/Documents/29_BINP/OrthoSearch/busco_downloads/lineages/plasmodium_odb10/hmms/6412at5820.hmm
# Target file:     Results/1_GeneSequences/PB.faa
# Option settings: /home/users/bio1901/miniconda3/envs/busco/bin/hmmsearch --domtblout /export/home/bio1901/Documents/29_BINP/OrthoSearch/PB/run_plasmodium_odb10/hmmer_output/6412at5820.out --cpu 1 /export/home/bio1901/Documents/29_BINP/OrthoSearch/busco_downloads/lineages/plasmodium_odb10/hmms/6412at5820.hmm Results/1_GeneSequences/PB.faa 
# Current dir:     /export/home/bio1901/Documents/29_BINP/OrthoSearch
# Date:            Sun Mar 15 18:11:02 2020
# [ok]
