#                                                                            --- full sequence --- -------------- this domain -------------   hmm coord   ali coord   env coord
# target name        accession   tlen query name           accession   qlen   E-value  score  bias   #  of  c-Evalue  i-Evalue  score  bias  from    to  from    to  from    to  acc description of target
#------------------- ---------- ----- -------------------- ---------- ----- --------- ------ ----- --- --- --------- --------- ------ ----- ----- ----- ----- ----- ----- ----- ---- ---------------------
3808_g               -            712 6428at5820           -            483  3.2e-200  663.6  48.3   1   2       1.1   3.8e+02   -2.8  14.9     8    88   161   241   137   269 0.56 length=712	scaffold=scaffold01400	strand=-
3808_g               -            712 6428at5820           -            483  3.2e-200  663.6  48.3   2   2  9.7e-203  3.2e-200  663.6  48.3    23   476   210   676   207   683 0.91 length=712	scaffold=scaffold01400	strand=-
532_g                -            129 6428at5820           -            483    0.0044   13.4   2.6   1   1   1.6e-05    0.0053   13.2   2.6    16   108    35   121    19   126 0.56 length=129	scaffold=scaffold00052	strand=-
3566_g               -            408 6428at5820           -            483     0.034   10.5   6.1   1   1   0.00015      0.05   10.0   6.1     7    62   175   230   170   327 0.69 length=408	scaffold=scaffold01186	strand=+
3576_g               -            189 6428at5820           -            483      0.48    6.7  13.8   1   1    0.0017      0.56    6.5  13.8    30   127    29   122     4   166 0.52 length=189	scaffold=scaffold01194	strand=-	adjustedToFrame=3
265_g                -            119 6428at5820           -            483      0.78    6.0   8.0   1   1    0.0026      0.86    5.9   8.0     8    62    28    82    18   110 0.71 length=119	scaffold=scaffold00019	strand=-
2532_g               -            149 6428at5820           -            483       1.8    4.8  14.0   1   1    0.0065       2.2    4.6  14.0     8    68     5    67     1   117 0.53 length=149	scaffold=scaffold00549	strand=+	adjustedToFrame=2
2737_g               -            434 6428at5820           -            483         2    4.7  17.7   1   1      0.01       3.4    3.9  17.7     5    64    82   141    69   162 0.55 length=434	scaffold=scaffold00642	strand=+
2517_g               -            112 6428at5820           -            483       3.5    3.9  22.9   1   1     0.012       3.9    3.7  22.9     2    73    38   106    26   111 0.49 length=112	scaffold=scaffold00543	strand=+
2401_g               -            124 6428at5820           -            483         4    3.7  10.4   1   1     0.013       4.4    3.6  10.4    13    72    24    87     4   112 0.48 length=124	scaffold=scaffold00500	strand=+
1850_g               -            369 6428at5820           -            483       4.3    3.6  13.1   1   1     0.021       7.1    2.9  13.1    17   121    19   128     5   146 0.38 length=369	scaffold=scaffold00316	strand=-
1162_g               -            245 6428at5820           -            483       5.3    3.3  13.4   1   1     0.027       9.1    2.5  13.4     9   104   148   239   139   244 0.55 length=245	scaffold=scaffold00153	strand=+
1392_g               -            131 6428at5820           -            483       6.6    3.0  25.3   1   1     0.025       8.2    2.7  25.3    35   159     5   128     2   130 0.60 length=131	scaffold=scaffold00203	strand=-
#
# Program:         hmmsearch
# Version:         3.1b2 (February 2015)
# Pipeline mode:   SEARCH
# Query file:      /export/home/bio1901/Documents/29_BINP/OrthoSearch/busco_downloads/lineages/plasmodium_odb10/hmms/6428at5820.hmm
# Target file:     Results/1_GeneSequences/PB.faa
# Option settings: /home/users/bio1901/miniconda3/envs/busco/bin/hmmsearch --domtblout /export/home/bio1901/Documents/29_BINP/OrthoSearch/PB/run_plasmodium_odb10/hmmer_output/6428at5820.out --cpu 1 /export/home/bio1901/Documents/29_BINP/OrthoSearch/busco_downloads/lineages/plasmodium_odb10/hmms/6428at5820.hmm Results/1_GeneSequences/PB.faa 
# Current dir:     /export/home/bio1901/Documents/29_BINP/OrthoSearch
# Date:            Sun Mar 15 18:11:21 2020
# [ok]
