#                                                                            --- full sequence --- -------------- this domain -------------   hmm coord   ali coord   env coord
# target name        accession   tlen query name           accession   qlen   E-value  score  bias   #  of  c-Evalue  i-Evalue  score  bias  from    to  from    to  from    to  acc description of target
#------------------- ---------- ----- -------------------- ---------- ----- --------- ------ ----- --- --- --------- --------- ------ ----- ----- ----- ----- ----- ----- ----- ---- ---------------------
300_g                -           1730 644at5820            -           1421    9e-163  541.5 278.1   1   8   1.1e-81   2.2e-78  261.9  35.8     3   260    13   274    11   329 0.91 length=1730	scaffold=scaffold00023	strand=-
300_g                -           1730 644at5820            -           1421    9e-163  541.5 278.1   2   8   8.4e-09   1.7e-05   20.4   6.6   221   303   488   577   472   599 0.72 length=1730	scaffold=scaffold00023	strand=-
300_g                -           1730 644at5820            -           1421    9e-163  541.5 278.1   3   8         2     4e+03   -9.9   8.9   817   903   652   740   628   743 0.51 length=1730	scaffold=scaffold00023	strand=-
300_g                -           1730 644at5820            -           1421    9e-163  541.5 278.1   4   8       1.8   3.5e+03   -7.2  19.1   370   477   676   790   666   794 0.77 length=1730	scaffold=scaffold00023	strand=-
300_g                -           1730 644at5820            -           1421    9e-163  541.5 278.1   5   8   9.1e-72   1.8e-68  229.0  89.8   246   575   739  1075   711  1091 0.86 length=1730	scaffold=scaffold00023	strand=-
300_g                -           1730 644at5820            -           1421    9e-163  541.5 278.1   6   8     5e-19     1e-15   54.2  43.8   560   750  1120  1315  1114  1395 0.69 length=1730	scaffold=scaffold00023	strand=-
300_g                -           1730 644at5820            -           1421    9e-163  541.5 278.1   7   8   4.5e-11     9e-08   27.9  35.4   637   746  1428  1549  1418  1568 0.76 length=1730	scaffold=scaffold00023	strand=-
300_g                -           1730 644at5820            -           1421    9e-163  541.5 278.1   8   8         2     4e+03  -19.0  20.6  1127  1208  1638  1724  1553  1729 0.50 length=1730	scaffold=scaffold00023	strand=-
299_g                -            932 644at5820            -           1421  1.6e-135  451.2 132.5   1   3   2.9e-75   5.8e-72  240.6  46.6   763  1092     2   306     1   326 0.94 length=932	scaffold=scaffold00023	strand=-
299_g                -            932 644at5820            -           1421  1.6e-135  451.2 132.5   2   3   2.7e-36   5.3e-33  111.5  29.0  1084  1288   437   643   425   669 0.77 length=932	scaffold=scaffold00023	strand=-
299_g                -            932 644at5820            -           1421  1.6e-135  451.2 132.5   3   3   5.3e-34   1.1e-30  103.9  41.0  1198  1418   676   930   666   931 0.77 length=932	scaffold=scaffold00023	strand=-
#
# Program:         hmmsearch
# Version:         3.1b2 (February 2015)
# Pipeline mode:   SEARCH
# Query file:      /export/home/bio1901/Documents/29_BINP/OrthoSearch/busco_downloads/lineages/plasmodium_odb10/hmms/644at5820.hmm
# Target file:     Results/1_GeneSequences/PB.faa
# Option settings: /home/users/bio1901/miniconda3/envs/busco/bin/hmmsearch --domtblout /export/home/bio1901/Documents/29_BINP/OrthoSearch/PB/run_plasmodium_odb10/hmmer_output/644at5820.out --cpu 1 /export/home/bio1901/Documents/29_BINP/OrthoSearch/busco_downloads/lineages/plasmodium_odb10/hmms/644at5820.hmm Results/1_GeneSequences/PB.faa 
# Current dir:     /export/home/bio1901/Documents/29_BINP/OrthoSearch
# Date:            Sun Mar 15 18:11:29 2020
# [ok]
