#                                                                            --- full sequence --- -------------- this domain -------------   hmm coord   ali coord   env coord
# target name        accession   tlen query name           accession   qlen   E-value  score  bias   #  of  c-Evalue  i-Evalue  score  bias  from    to  from    to  from    to  acc description of target
#------------------- ---------- ----- -------------------- ---------- ----- --------- ------ ----- --- --- --------- --------- ------ ----- ----- ----- ----- ----- ----- ----- ---- ---------------------
3422_g               -           1130 6461at5820           -            409   8.3e-20   68.6  47.6   1   7      0.15   5.8e+02   -3.4   0.1   255   288     7    41     5    45 0.68 length=1130	scaffold=scaffold01073	strand=-
3422_g               -           1130 6461at5820           -            409   8.3e-20   68.6  47.6   2   7         1     4e+03  -17.7  33.4   151   244   111   206   102   217 0.58 length=1130	scaffold=scaffold01073	strand=-
3422_g               -           1130 6461at5820           -            409   8.3e-20   68.6  47.6   3   7     0.026     1e+02   -0.9   4.3    73   132   272   333   223   351 0.59 length=1130	scaffold=scaffold01073	strand=-
3422_g               -           1130 6461at5820           -            409   8.3e-20   68.6  47.6   4   7   1.5e-11   6.1e-08   29.5   8.7     1    80   685   776   685   800 0.72 length=1130	scaffold=scaffold01073	strand=-
3422_g               -           1130 6461at5820           -            409   8.3e-20   68.6  47.6   5   7         1     4e+03  -15.0  17.3   193   329   795   936   757   944 0.67 length=1130	scaffold=scaffold01073	strand=-
3422_g               -           1130 6461at5820           -            409   8.3e-20   68.6  47.6   6   7   4.3e-19   1.7e-15   54.3  30.9    52   184   950  1095   946  1096 0.83 length=1130	scaffold=scaffold01073	strand=-
3422_g               -           1130 6461at5820           -            409   8.3e-20   68.6  47.6   7   7   7.8e-05      0.31    7.4  11.5   155   191  1087  1123  1068  1128 0.80 length=1130	scaffold=scaffold01073	strand=-
#
# Program:         hmmsearch
# Version:         3.1b2 (February 2015)
# Pipeline mode:   SEARCH
# Query file:      /export/home/bio1901/Documents/29_BINP/OrthoSearch/busco_downloads/lineages/plasmodium_odb10/hmms/6461at5820.hmm
# Target file:     Results/1_GeneSequences/PB.faa
# Option settings: /home/users/bio1901/miniconda3/envs/busco/bin/hmmsearch --domtblout /export/home/bio1901/Documents/29_BINP/OrthoSearch/PB/run_plasmodium_odb10/hmmer_output/6461at5820.out --cpu 1 /export/home/bio1901/Documents/29_BINP/OrthoSearch/busco_downloads/lineages/plasmodium_odb10/hmms/6461at5820.hmm Results/1_GeneSequences/PB.faa 
# Current dir:     /export/home/bio1901/Documents/29_BINP/OrthoSearch
# Date:            Sun Mar 15 18:11:30 2020
# [ok]
