#                                                                            --- full sequence --- -------------- this domain -------------   hmm coord   ali coord   env coord
# target name        accession   tlen query name           accession   qlen   E-value  score  bias   #  of  c-Evalue  i-Evalue  score  bias  from    to  from    to  from    to  acc description of target
#------------------- ---------- ----- -------------------- ---------- ----- --------- ------ ----- --- --- --------- --------- ------ ----- ----- ----- ----- ----- ----- ----- ---- ---------------------
2139_g               -            551 6477at5820           -            409  1.5e-211  700.4  14.2   1   1  1.4e-213    2e-211  699.9  14.2     9   409   122   537   119   537 0.97 length=551	scaffold=scaffold00403	strand=+
3057_g               -            814 6477at5820           -            409   1.4e-66  222.9   6.7   1   2   9.3e-69   1.4e-66  222.9   6.7    13   405   205   599   199   602 0.90 length=814	scaffold=scaffold00819	strand=+
3057_g               -            814 6477at5820           -            409   1.4e-66  222.9   6.7   2   2       3.9   5.8e+02   -3.1   0.5   286   286   761   761   679   806 0.57 length=814	scaffold=scaffold00819	strand=+
4074_g               -            889 6477at5820           -            409   5.3e-57  191.3   8.1   1   1   6.4e-59   9.4e-57  190.5   8.1    11   378    59   433    53   461 0.88 length=889	scaffold=scaffold01665	strand=-	adjustedToFrame=3
207_g                -            641 6477at5820           -            409   8.5e-57  190.6   0.1   1   1   8.6e-59   1.3e-56  190.1   0.1    14   361   195   553   190   581 0.86 length=641	scaffold=scaffold00014	strand=+
2422_g               -            654 6477at5820           -            409   2.1e-56  189.3   7.7   1   1   1.4e-58   2.1e-56  189.3   7.7    12   362   239   593   233   634 0.90 length=654	scaffold=scaffold00506	strand=-
1618_g               -            391 6477at5820           -            409   1.1e-55  186.9   3.8   1   1   9.6e-58   1.4e-55  186.6   3.8    11   371    16   375     6   387 0.89 length=391	scaffold=scaffold00254	strand=-
2407_g               -            396 6477at5820           -            409   2.5e-55  185.8   0.5   1   1   2.2e-57   3.2e-55  185.4   0.5     9   367    21   376    15   393 0.86 length=396	scaffold=scaffold00502	strand=+
1035_g               -            652 6477at5820           -            409   1.1e-54  183.6   9.7   1   2     1e-09   1.5e-07   28.4   0.0     7    72   229   293   222   305 0.87 length=652	scaffold=scaffold00126	strand=-	adjustedToFrame=2
1035_g               -            652 6477at5820           -            409   1.1e-54  183.6   9.7   2   2   3.5e-48   5.2e-46  155.1   7.6    79   356   335   613   324   645 0.90 length=652	scaffold=scaffold00126	strand=-	adjustedToFrame=2
1925_g               -            866 6477at5820           -            409   7.1e-52  174.4   5.6   1   2   6.5e-22   9.6e-20   68.6   0.2    16   184   316   504   306   509 0.82 length=866	scaffold=scaffold00338	strand=-
1925_g               -            866 6477at5820           -            409   7.1e-52  174.4   5.6   2   2     1e-32   1.5e-30  104.2   1.1   186   373   542   729   530   748 0.89 length=866	scaffold=scaffold00338	strand=-
3826_g               -           1126 6477at5820           -            409   6.3e-49  164.7   0.0   1   2   2.2e-24   3.2e-22   76.8   0.0    12   187   700   880   690   886 0.89 length=1126	scaffold=scaffold01419	strand=-	adjustedToFrame=3
3826_g               -           1126 6477at5820           -            409   6.3e-49  164.7   0.0   2   2   5.4e-27     8e-25   85.3   0.0   255   373   973  1090   943  1114 0.90 length=1126	scaffold=scaffold01419	strand=-	adjustedToFrame=3
3581_g               -           1373 6477at5820           -            409   3.5e-46  155.7  18.8   1   2   2.4e-48   3.5e-46  155.7  18.8    11   367   216   579   207   624 0.82 length=1373	scaffold=scaffold01199	strand=+
3581_g               -           1373 6477at5820           -            409   3.5e-46  155.7  18.8   2   2       3.8   5.6e+02   -3.1   0.1   216   250   761   798   754   813 0.57 length=1373	scaffold=scaffold01199	strand=+
1604_g               -            597 6477at5820           -            409   2.9e-42  142.8  14.9   1   1   2.8e-44   4.2e-42  142.3  14.9    30   375   135   496   117   508 0.83 length=597	scaffold=scaffold00250	strand=-	adjustedToFrame=2
1937_g               -           1358 6477at5820           -            409   3.4e-42  142.6  14.3   1   4   1.7e-08   2.5e-06   24.4   0.0    11    74   173   234   166   241 0.85 length=1358	scaffold=scaffold00342	strand=+	adjustedToFrame=2
1937_g               -           1358 6477at5820           -            409   3.4e-42  142.6  14.3   2   4   6.6e-39   9.7e-37  124.6   3.5    82   366   313   600   301   626 0.84 length=1358	scaffold=scaffold00342	strand=+	adjustedToFrame=2
1937_g               -           1358 6477at5820           -            409   3.4e-42  142.6  14.3   3   4       3.2   4.8e+02   -2.9   0.4    24    71   651   698   643   734 0.53 length=1358	scaffold=scaffold00342	strand=+	adjustedToFrame=2
1937_g               -           1358 6477at5820           -            409   3.4e-42  142.6  14.3   4   4       2.8   4.1e+02   -2.7   0.0   334   363   867   896   864   901 0.90 length=1358	scaffold=scaffold00342	strand=+	adjustedToFrame=2
2156_g               -            475 6477at5820           -            409   7.6e-42  141.4   3.3   1   2     9e-07   0.00013   18.7   0.0    23    76    70   123    52   125 0.83 length=475	scaffold=scaffold00410	strand=+
2156_g               -            475 6477at5820           -            409   7.6e-42  141.4   3.3   2   2   1.6e-37   2.3e-35  120.0   3.9    84   370   163   454   156   466 0.80 length=475	scaffold=scaffold00410	strand=+
1091_g               -            493 6477at5820           -            409   1.2e-40  137.5   0.8   1   2   7.4e-06    0.0011   15.7   0.0    32    76   172   216   143   222 0.83 length=493	scaffold=scaffold00138	strand=-
1091_g               -            493 6477at5820           -            409   1.2e-40  137.5   0.8   2   2   1.9e-37   2.8e-35  119.8   0.8   116   365   223   469   220   491 0.84 length=493	scaffold=scaffold00138	strand=-
2360_g               -            960 6477at5820           -            409   2.8e-40  136.2  19.2   1   1   1.9e-42   2.8e-40  136.2  19.2    13   394   128   522   118   536 0.84 length=960	scaffold=scaffold00485	strand=-
291_g                -           1572 6477at5820           -            409   4.7e-40  135.5  14.4   1   2   3.2e-42   4.7e-40  135.5  14.4    11   369   417   809   411   827 0.78 length=1572	scaffold=scaffold00022	strand=-
291_g                -           1572 6477at5820           -            409   4.7e-40  135.5  14.4   2   2         5   7.4e+02   -3.5   0.3   247   297  1365  1414  1354  1420 0.72 length=1572	scaffold=scaffold00022	strand=-
1972_g               -            784 6477at5820           -            409   3.2e-35  119.6  20.7   1   3   2.4e-09   3.5e-07   27.2   0.2    19    76   210   267   195   276 0.86 length=784	scaffold=scaffold00352	strand=-
1972_g               -            784 6477at5820           -            409   3.2e-35  119.6  20.7   2   3   1.1e-32   1.6e-30  104.1  15.5    80   374   311   603   301   625 0.83 length=784	scaffold=scaffold00352	strand=-
1972_g               -            784 6477at5820           -            409   3.2e-35  119.6  20.7   3   3       7.2   1.1e+03   -4.0   0.7   357   378   741   763   738   769 0.65 length=784	scaffold=scaffold00352	strand=-
3083_g               -           1381 6477at5820           -            409   3.1e-27   93.3  17.5   1   4   7.4e-12   1.1e-09   35.5   0.0    13    77     3    67     1    74 0.92 length=1381	scaffold=scaffold00835	strand=-
3083_g               -           1381 6477at5820           -            409   3.1e-27   93.3  17.5   2   4   2.4e-07   3.5e-05   20.6   0.5    76   199   380   504   374   531 0.78 length=1381	scaffold=scaffold00835	strand=-
3083_g               -           1381 6477at5820           -            409   3.1e-27   93.3  17.5   3   4   2.4e-13   3.5e-11   40.4   2.9   234   356   598   734   561   743 0.76 length=1381	scaffold=scaffold00835	strand=-
3083_g               -           1381 6477at5820           -            409   3.1e-27   93.3  17.5   4   4     0.022       3.3    4.3   0.2   219   267   784   838   766   857 0.71 length=1381	scaffold=scaffold00835	strand=-
3052_g               -            883 6477at5820           -            409   2.2e-18   64.1  16.1   1   4   3.9e-06   0.00057   16.6   2.6    12   123   240   356   227   369 0.70 length=883	scaffold=scaffold00817	strand=+
3052_g               -            883 6477at5820           -            409   2.2e-18   64.1  16.1   2   4       1.1   1.7e+02   -1.4   0.0   151   171   467   487   438   540 0.77 length=883	scaffold=scaffold00817	strand=+
3052_g               -            883 6477at5820           -            409   2.2e-18   64.1  16.1   3   4      0.41        60    0.1   0.2   331   397   625   695   587   707 0.66 length=883	scaffold=scaffold00817	strand=+
3052_g               -            883 6477at5820           -            409   2.2e-18   64.1  16.1   4   4   9.5e-18   1.4e-15   54.9   0.6   282   375   692   785   660   801 0.85 length=883	scaffold=scaffold00817	strand=+
3437_g               -            903 6477at5820           -            409   4.2e-15   53.3  14.4   1   3   4.9e-12   7.2e-10   36.1   1.3    47   186   258   405   249   422 0.78 length=903	scaffold=scaffold01083	strand=+
3437_g               -            903 6477at5820           -            409   4.2e-15   53.3  14.4   2   3     0.082        12    2.4   1.0   214   274   585   644   530   664 0.83 length=903	scaffold=scaffold01083	strand=+
3437_g               -            903 6477at5820           -            409   4.2e-15   53.3  14.4   3   3   7.1e-08     1e-05   22.4   0.3   274   339   734   800   710   802 0.88 length=903	scaffold=scaffold01083	strand=+
242_g                -            982 6477at5820           -            409     1e-13   48.8  17.5   1   4      0.11        16    2.0   0.0    23    51    86   113    66   147 0.76 length=982	scaffold=scaffold00017	strand=-
242_g                -            982 6477at5820           -            409     1e-13   48.8  17.5   2   4       1.7   2.5e+02   -2.0   0.0    75   103   333   361   327   375 0.76 length=982	scaffold=scaffold00017	strand=-
242_g                -            982 6477at5820           -            409     1e-13   48.8  17.5   3   4   4.9e-07   7.2e-05   19.6   0.1   124   198   443   519   437   527 0.83 length=982	scaffold=scaffold00017	strand=-
242_g                -            982 6477at5820           -            409     1e-13   48.8  17.5   4   4   2.6e-10   3.9e-08   30.4   8.3   255   398   691   839   686   852 0.74 length=982	scaffold=scaffold00017	strand=-
26_g                 -           1226 6477at5820           -            409   1.3e-12   45.1  15.8   1   2   1.4e-08     2e-06   24.7  12.4    10   201   196   415   189   518 0.72 length=1226	scaffold=scaffold00002	strand=+
26_g                 -           1226 6477at5820           -            409   1.3e-12   45.1  15.8   2   2   3.1e-06   0.00046   17.0   0.1   263   350   843   935   831   979 0.82 length=1226	scaffold=scaffold00002	strand=+
2331_g               -           1262 6477at5820           -            409   8.6e-11   39.1   0.9   1   2      0.21        31    1.1   0.0    57    83    74   101    62   116 0.75 length=1262	scaffold=scaffold00473	strand=+
2331_g               -           1262 6477at5820           -            409   8.6e-11   39.1   0.9   2   2   8.6e-12   1.3e-09   35.3   0.8   252   367   285   399   275   425 0.86 length=1262	scaffold=scaffold00473	strand=+
3792_g               -            650 6477at5820           -            409   2.8e-09   34.1  28.7   1   3   2.1e-09     3e-07   27.4   0.1    33    74    71   112    47   117 0.86 length=650	scaffold=scaffold01388	strand=-	adjustedToFrame=2
3792_g               -            650 6477at5820           -            409   2.8e-09   34.1  28.7   2   3       3.4     5e+02   -2.9   0.3   357   395   130   165   115   172 0.62 length=650	scaffold=scaffold01388	strand=-	adjustedToFrame=2
3792_g               -            650 6477at5820           -            409   2.8e-09   34.1  28.7   3   3   0.00029     0.043   10.5  18.5    54   262   333   576   293   614 0.67 length=650	scaffold=scaffold01388	strand=-	adjustedToFrame=2
3791_g               -            385 6477at5820           -            409     7e-08   29.5   1.0   1   2   4.8e-10     7e-08   29.5   1.0   312   395     1    77     1    91 0.69 length=385	scaffold=scaffold01388	strand=-
3791_g               -            385 6477at5820           -            409     7e-08   29.5   1.0   2   2       2.1   3.2e+02   -2.3   8.6   161   223    74   137    54   150 0.70 length=385	scaffold=scaffold01388	strand=-
1049_g               -            804 6477at5820           -            409   1.9e-07   28.1   2.3   1   2       0.6        88   -0.4   0.3    36    68   140   172   115   310 0.64 length=804	scaffold=scaffold00129	strand=+
1049_g               -            804 6477at5820           -            409   1.9e-07   28.1   2.3   2   2   1.8e-09   2.6e-07   27.7   0.1   247   381   378   511   353   520 0.90 length=804	scaffold=scaffold00129	strand=+
#
# Program:         hmmsearch
# Version:         3.1b2 (February 2015)
# Pipeline mode:   SEARCH
# Query file:      /export/home/bio1901/Documents/29_BINP/OrthoSearch/busco_downloads/lineages/plasmodium_odb10/hmms/6477at5820.hmm
# Target file:     Results/1_GeneSequences/PB.faa
# Option settings: /home/users/bio1901/miniconda3/envs/busco/bin/hmmsearch --domtblout /export/home/bio1901/Documents/29_BINP/OrthoSearch/PB/run_plasmodium_odb10/hmmer_output/6477at5820.out --cpu 1 /export/home/bio1901/Documents/29_BINP/OrthoSearch/busco_downloads/lineages/plasmodium_odb10/hmms/6477at5820.hmm Results/1_GeneSequences/PB.faa 
# Current dir:     /export/home/bio1901/Documents/29_BINP/OrthoSearch
# Date:            Sun Mar 15 18:11:32 2020
# [ok]
