#                                                                            --- full sequence --- -------------- this domain -------------   hmm coord   ali coord   env coord
# target name        accession   tlen query name           accession   qlen   E-value  score  bias   #  of  c-Evalue  i-Evalue  score  bias  from    to  from    to  from    to  acc description of target
#------------------- ---------- ----- -------------------- ---------- ----- --------- ------ ----- --- --- --------- --------- ------ ----- ----- ----- ----- ----- ----- ----- ---- ---------------------
750_g                -            466 6503at5820           -            386  1.1e-247  819.2   5.5   1   1  2.3e-250  1.3e-247  819.0   5.5     1   386    70   465    70   465 0.98 length=466	scaffold=scaffold00080	strand=-
1712_g               -            332 6503at5820           -            386   1.6e-16   58.2   0.0   1   1   4.2e-18   2.4e-15   54.4   0.0    10   142   162   319   156   331 0.75 length=332	scaffold=scaffold00277	strand=-
1351_g               -            466 6503at5820           -            386   3.7e-15   53.8   5.1   1   3   1.1e-06   0.00064   16.8   0.4    10    37    33    60    28    74 0.82 length=466	scaffold=scaffold00192	strand=+
1351_g               -            466 6503at5820           -            386   3.7e-15   53.8   5.1   2   3   2.7e-13   1.6e-10   38.5   0.1    72   187   122   236   108   248 0.86 length=466	scaffold=scaffold00192	strand=+
1351_g               -            466 6503at5820           -            386   3.7e-15   53.8   5.1   3   3      0.67   3.8e+02   -2.2   0.1   225   261   386   422   365   442 0.73 length=466	scaffold=scaffold00192	strand=+
2388_g               -            795 6503at5820           -            386   4.1e-13   47.0   0.6   1   3   7.2e-16   4.1e-13   47.0   0.6    13   175   131   294   121   334 0.79 length=795	scaffold=scaffold00497	strand=-
2388_g               -            795 6503at5820           -            386   4.1e-13   47.0   0.6   2   3      0.36   2.1e+02   -1.4   0.2   209   254   387   439   374   570 0.59 length=795	scaffold=scaffold00497	strand=-
2388_g               -            795 6503at5820           -            386   4.1e-13   47.0   0.6   3   3       2.5   1.4e+03   -4.1   0.0   280   299   643   662   641   669 0.83 length=795	scaffold=scaffold00497	strand=-
1778_g               -            767 6503at5820           -            386   4.5e-10   37.0   0.6   1   2   2.5e-12   1.5e-09   35.4   0.1    13   141    25   156    18   181 0.82 length=767	scaffold=scaffold00295	strand=+
1778_g               -            767 6503at5820           -            386   4.5e-10   37.0   0.6   2   2       1.6     9e+02   -3.5   0.0   149   175   315   341   289   346 0.77 length=767	scaffold=scaffold00295	strand=+
3634_g               -            120 6503at5820           -            386     4e-05   20.7   0.1   1   1   7.8e-08   4.4e-05   20.6   0.1    13    72     4    57     2    95 0.83 length=120	scaffold=scaffold01241	strand=+
95_g                 -            348 6503at5820           -            386   0.00053   17.0   5.0   1   2    0.0062       3.5    4.5   0.4   220   286    18    91    10   113 0.76 length=348	scaffold=scaffold00005	strand=+
95_g                 -            348 6503at5820           -            386   0.00053   17.0   5.0   2   2   5.8e-06    0.0033   14.4   0.4    10    72   142   209   135   217 0.78 length=348	scaffold=scaffold00005	strand=+
#
# Program:         hmmsearch
# Version:         3.1b2 (February 2015)
# Pipeline mode:   SEARCH
# Query file:      /export/home/bio1901/Documents/29_BINP/OrthoSearch/busco_downloads/lineages/plasmodium_odb10/hmms/6503at5820.hmm
# Target file:     Results/1_GeneSequences/PB.faa
# Option settings: /home/users/bio1901/miniconda3/envs/busco/bin/hmmsearch --domtblout /export/home/bio1901/Documents/29_BINP/OrthoSearch/PB/run_plasmodium_odb10/hmmer_output/6503at5820.out --cpu 1 /export/home/bio1901/Documents/29_BINP/OrthoSearch/busco_downloads/lineages/plasmodium_odb10/hmms/6503at5820.hmm Results/1_GeneSequences/PB.faa 
# Current dir:     /export/home/bio1901/Documents/29_BINP/OrthoSearch
# Date:            Sun Mar 15 18:11:34 2020
# [ok]
