#                                                                            --- full sequence --- -------------- this domain -------------   hmm coord   ali coord   env coord
# target name        accession   tlen query name           accession   qlen   E-value  score  bias   #  of  c-Evalue  i-Evalue  score  bias  from    to  from    to  from    to  acc description of target
#------------------- ---------- ----- -------------------- ---------- ----- --------- ------ ----- --- --- --------- --------- ------ ----- ----- ----- ----- ----- ----- ----- ---- ---------------------
2232_g               -            620 6564at5820           -            370  7.2e-209  691.0  42.9   1   3     0.026        15    2.2   0.7    14    62    16    68     9    75 0.75 length=620	scaffold=scaffold00433	strand=-
2232_g               -            620 6564at5820           -            370  7.2e-209  691.0  42.9   2   3   4.1e-09   2.3e-06   24.6  16.4     7    63   116   172   109   178 0.82 length=620	scaffold=scaffold00433	strand=-
2232_g               -            620 6564at5820           -            370  7.2e-209  691.0  42.9   3   3  2.1e-207  1.2e-204  677.1   8.8     3   370   251   619   246   619 0.92 length=620	scaffold=scaffold00433	strand=-
3368_g               -            303 6564at5820           -            370  4.2e-111  369.3   5.5   1   1  8.4e-114  4.8e-111  369.1   5.5    69   352     5   282     1   296 0.95 length=303	scaffold=scaffold01030	strand=+	adjustedToFrame=3
787_g                -            309 6564at5820           -            370  3.9e-106  352.9   0.8   1   1  7.5e-109  4.3e-106  352.8   0.8    62   363     3   301     1   308 0.93 length=309	scaffold=scaffold00087	strand=+
3797_g               -            589 6564at5820           -            370   1.4e-68  229.3   0.5   1   3   2.5e-71   1.4e-68  229.3   0.5    87   340    57   319    41   335 0.89 length=589	scaffold=scaffold01392	strand=-
3797_g               -            589 6564at5820           -            370   1.4e-68  229.3   0.5   2   3       3.9   2.2e+03   -4.9   2.8    20    55   396   431   383   458 0.58 length=589	scaffold=scaffold01392	strand=-
3797_g               -            589 6564at5820           -            370   1.4e-68  229.3   0.5   3   3       1.7   9.8e+02   -3.8   2.4    12    50   460   492   438   529 0.43 length=589	scaffold=scaffold01392	strand=-
500_g                -            857 6564at5820           -            370   9.9e-63  210.1   1.1   1   1   5.1e-65   2.9e-62  208.6   1.1    82   340   546   833   540   839 0.84 length=857	scaffold=scaffold00047	strand=-
1042_g               -            633 6564at5820           -            370   2.2e-59  199.1   0.5   1   2       2.3   1.3e+03   -4.2   2.4    45    66    81   102     9   151 0.58 length=633	scaffold=scaffold00128	strand=-
1042_g               -            633 6564at5820           -            370   2.2e-59  199.1   0.5   2   2   3.8e-62   2.2e-59  199.1   0.5    84   352   342   613   315   623 0.88 length=633	scaffold=scaffold00128	strand=-
3210_g               -           1816 6564at5820           -            370   2.5e-34  116.7  10.3   1   6         7     4e+03   -8.9   6.4    36    73    17    53     3    61 0.56 length=1816	scaffold=scaffold00920	strand=-	adjustedToFrame=2
3210_g               -           1816 6564at5820           -            370   2.5e-34  116.7  10.3   2   6       1.9   1.1e+03   -3.9   8.2    20    62   276   318   255   368 0.71 length=1816	scaffold=scaffold00920	strand=-	adjustedToFrame=2
3210_g               -           1816 6564at5820           -            370   2.5e-34  116.7  10.3   3   6       6.8   3.9e+03   -5.7   8.6     2    47   626   671   625   687 0.83 length=1816	scaffold=scaffold00920	strand=-	adjustedToFrame=2
3210_g               -           1816 6564at5820           -            370   2.5e-34  116.7  10.3   4   6   1.3e-05    0.0076   13.0   0.1    92   130   793   831   784   839 0.88 length=1816	scaffold=scaffold00920	strand=-	adjustedToFrame=2
3210_g               -           1816 6564at5820           -            370   2.5e-34  116.7  10.3   5   6   1.3e-36   7.6e-34  115.1   6.8   131   353   927  1181   921  1203 0.76 length=1816	scaffold=scaffold00920	strand=-	adjustedToFrame=2
3210_g               -           1816 6564at5820           -            370   2.5e-34  116.7  10.3   6   6         7     4e+03  -23.5  31.3    20    56  1227  1263  1192  1303 0.50 length=1816	scaffold=scaffold00920	strand=-	adjustedToFrame=2
#
# Program:         hmmsearch
# Version:         3.1b2 (February 2015)
# Pipeline mode:   SEARCH
# Query file:      /export/home/bio1901/Documents/29_BINP/OrthoSearch/busco_downloads/lineages/plasmodium_odb10/hmms/6564at5820.hmm
# Target file:     Results/1_GeneSequences/PB.faa
# Option settings: /home/users/bio1901/miniconda3/envs/busco/bin/hmmsearch --domtblout /export/home/bio1901/Documents/29_BINP/OrthoSearch/PB/run_plasmodium_odb10/hmmer_output/6564at5820.out --cpu 1 /export/home/bio1901/Documents/29_BINP/OrthoSearch/busco_downloads/lineages/plasmodium_odb10/hmms/6564at5820.hmm Results/1_GeneSequences/PB.faa 
# Current dir:     /export/home/bio1901/Documents/29_BINP/OrthoSearch
# Date:            Sun Mar 15 18:11:57 2020
# [ok]
