#                                                                            --- full sequence --- -------------- this domain -------------   hmm coord   ali coord   env coord
# target name        accession   tlen query name           accession   qlen   E-value  score  bias   #  of  c-Evalue  i-Evalue  score  bias  from    to  from    to  from    to  acc description of target
#------------------- ---------- ----- -------------------- ---------- ----- --------- ------ ----- --- --- --------- --------- ------ ----- ----- ----- ----- ----- ----- ----- ---- ---------------------
1803_g               -           1639 656at5820            -           1340         0 1799.8 200.4   1   5  4.7e-184  3.1e-181  602.9  31.4     1   392     1   381     1   389 0.88 length=1639	scaffold=scaffold00302	strand=-
1803_g               -           1639 656at5820            -           1340         0 1799.8 200.4   2   5   7.7e-67   5.1e-64  214.5  17.6   370   540   407   578   396   590 0.84 length=1639	scaffold=scaffold00302	strand=-
1803_g               -           1639 656at5820            -           1340         0 1799.8 200.4   3   5    8e-268  5.3e-265  880.4  92.5   532  1180   632  1353   615  1367 0.87 length=1639	scaffold=scaffold00302	strand=-
1803_g               -           1639 656at5820            -           1340         0 1799.8 200.4   4   5      0.25   1.6e+02   -2.5  12.0  1107  1194  1368  1458  1356  1486 0.64 length=1639	scaffold=scaffold00302	strand=-
1803_g               -           1639 656at5820            -           1340         0 1799.8 200.4   5   5   4.3e-40   2.8e-37  125.9  19.6  1186  1312  1496  1623  1455  1628 0.83 length=1639	scaffold=scaffold00302	strand=-
2087_g               -           2317 656at5820            -           1340   9.1e-75  250.1  53.7   1   6   4.6e-19     3e-16   56.2   1.8   100   222   271   385   173   394 0.68 length=2317	scaffold=scaffold00386	strand=-
2087_g               -           2317 656at5820            -           1340   9.1e-75  250.1  53.7   2   6   4.9e-26   3.3e-23   79.3  13.9   264   419   387   556   380   581 0.74 length=2317	scaffold=scaffold00386	strand=-
2087_g               -           2317 656at5820            -           1340   9.1e-75  250.1  53.7   3   6   2.3e-46   1.5e-43  146.7  22.4   408   845   603   991   586   999 0.83 length=2317	scaffold=scaffold00386	strand=-
2087_g               -           2317 656at5820            -           1340   9.1e-75  250.1  53.7   4   6      0.48   3.2e+02   -3.5  27.1   979  1156  1117  1318  1093  1387 0.63 length=2317	scaffold=scaffold00386	strand=-
2087_g               -           2317 656at5820            -           1340   9.1e-75  250.1  53.7   5   6         6     4e+03  -10.4  24.5   369   477  1396  1508  1377  1521 0.58 length=2317	scaffold=scaffold00386	strand=-
2087_g               -           2317 656at5820            -           1340   9.1e-75  250.1  53.7   6   6         6     4e+03  -13.0  12.4   614   614  1697  1697  1589  1821 0.55 length=2317	scaffold=scaffold00386	strand=-
52_g                 -            804 656at5820            -           1340   1.2e-65  220.0  19.4   1   3   7.1e-19   4.7e-16   55.6   0.0   108   217    93   195    83   208 0.89 length=804	scaffold=scaffold00003	strand=-
52_g                 -            804 656at5820            -           1340   1.2e-65  220.0  19.4   2   3   1.8e-22   1.2e-19   67.5   0.1   272   368   209   307   201   317 0.90 length=804	scaffold=scaffold00003	strand=-
52_g                 -            804 656at5820            -           1340   1.2e-65  220.0  19.4   3   3     1e-29   6.8e-27   91.5  14.7   408   889   319   756   313   800 0.81 length=804	scaffold=scaffold00003	strand=-
516_g                -           1491 656at5820            -           1340   2.5e-26   89.6  45.0   1   3   3.8e-29   2.5e-26   89.6  45.0   127   824   110   779    46   793 0.72 length=1491	scaffold=scaffold00050	strand=-
516_g                -           1491 656at5820            -           1340   2.5e-26   89.6  45.0   2   3         6     4e+03  -10.9  12.4  1126  1170  1047  1091   969  1152 0.64 length=1491	scaffold=scaffold00050	strand=-
516_g                -           1491 656at5820            -           1340   2.5e-26   89.6  45.0   3   3         6     4e+03  -18.4  21.4  1083  1224  1084  1233  1041  1260 0.39 length=1491	scaffold=scaffold00050	strand=-
2561_g               -            255 656at5820            -           1340   8.5e-25   84.6  26.6   1   2   1.6e-09   1.1e-06   24.6   0.4   288   328     1    41     1    42 0.97 length=255	scaffold=scaffold00558	strand=-
2561_g               -            255 656at5820            -           1340   8.5e-25   84.6  26.6   2   2   5.7e-22   3.8e-19   65.8  20.6   432   638    40   231    39   253 0.80 length=255	scaffold=scaffold00558	strand=-
1594_g               -            670 656at5820            -           1340   1.3e-06   24.3  87.0   1   3   1.4e-06   0.00096   14.8  52.3   246   572     2   410     1   419 0.58 length=670	scaffold=scaffold00249	strand=+
1594_g               -            670 656at5820            -           1340   1.3e-06   24.3  87.0   2   3   1.4e-06   0.00095   14.8   7.1   647   723   434   511   432   516 0.93 length=670	scaffold=scaffold00249	strand=+
1594_g               -            670 656at5820            -           1340   1.3e-06   24.3  87.0   3   3       1.8   1.2e+03   -5.4  11.4   227   266   620   659   564   669 0.54 length=670	scaffold=scaffold00249	strand=+
#
# Program:         hmmsearch
# Version:         3.1b2 (February 2015)
# Pipeline mode:   SEARCH
# Query file:      /export/home/bio1901/Documents/29_BINP/OrthoSearch/busco_downloads/lineages/plasmodium_odb10/hmms/656at5820.hmm
# Target file:     Results/1_GeneSequences/PB.faa
# Option settings: /home/users/bio1901/miniconda3/envs/busco/bin/hmmsearch --domtblout /export/home/bio1901/Documents/29_BINP/OrthoSearch/PB/run_plasmodium_odb10/hmmer_output/656at5820.out --cpu 1 /export/home/bio1901/Documents/29_BINP/OrthoSearch/busco_downloads/lineages/plasmodium_odb10/hmms/656at5820.hmm Results/1_GeneSequences/PB.faa 
# Current dir:     /export/home/bio1901/Documents/29_BINP/OrthoSearch
# Date:            Sun Mar 15 18:11:59 2020
# [ok]
