#                                                                            --- full sequence --- -------------- this domain -------------   hmm coord   ali coord   env coord
# target name        accession   tlen query name           accession   qlen   E-value  score  bias   #  of  c-Evalue  i-Evalue  score  bias  from    to  from    to  from    to  acc description of target
#------------------- ---------- ----- -------------------- ---------- ----- --------- ------ ----- --- --- --------- --------- ------ ----- ----- ----- ----- ----- ----- ----- ---- ---------------------
1457_g               -            452 6608at5820           -            402  7.1e-251  829.9  14.6   1   1  3.3e-252  7.8e-250  826.5  14.6     1   402    26   451    26   451 0.97 length=452	scaffold=scaffold00217	strand=+
2255_g               -            852 6608at5820           -            402  1.3e-117  391.2   0.1   1   2   2.9e-61   6.7e-59  197.8   0.2   142   384   204   444   162   460 0.89 length=852	scaffold=scaffold00443	strand=+	adjustedToFrame=2
2255_g               -            852 6608at5820           -            402  1.3e-117  391.2   0.1   2   2   3.1e-59   7.3e-57  191.0   0.0   139   374   475   710   470   726 0.96 length=852	scaffold=scaffold00443	strand=+	adjustedToFrame=2
3472_g               -           1300 6608at5820           -            402  6.2e-110  365.8   3.9   1   2   6.6e-62   1.5e-59  199.8   1.9   127   391   592   854   471   862 0.84 length=1300	scaffold=scaffold01114	strand=-	adjustedToFrame=3
3472_g               -           1300 6608at5820           -            402  6.2e-110  365.8   3.9   2   2   1.8e-51   4.2e-49  165.5   0.0   144   371   991  1216   984  1226 0.95 length=1300	scaffold=scaffold01114	strand=-	adjustedToFrame=3
3562_g               -            465 6608at5820           -            402  4.2e-100  333.4   3.3   1   1  3.5e-102  8.3e-100  332.5   3.3    86   395   151   460    86   464 0.95 length=465	scaffold=scaffold01184	strand=-
687_g                -            439 6608at5820           -            402   6.9e-96  319.6   1.6   1   1   3.5e-98   8.1e-96  319.3   1.6    88   393   121   425    43   436 0.94 length=439	scaffold=scaffold00072	strand=-
2435_g               -            393 6608at5820           -            402     2e-94  314.7   7.4   1   2    0.0016      0.37    7.6   1.4     6    61    15    70    10    74 0.88 length=393	scaffold=scaffold00511	strand=-
2435_g               -            393 6608at5820           -            402     2e-94  314.7   7.4   2   2   1.1e-95   2.5e-93  311.1   0.6    93   399    82   388    65   391 0.95 length=393	scaffold=scaffold00511	strand=-
2871_g               -            412 6608at5820           -            402   1.3e-93  312.1   0.3   1   1   7.5e-96   1.8e-93  311.6   0.3   100   395   104   399    77   407 0.95 length=412	scaffold=scaffold00715	strand=+
3198_g               -            394 6608at5820           -            402   3.1e-86  287.7   0.1   1   1   1.8e-88   4.3e-86  287.3   0.1   101   395    83   383    60   390 0.91 length=394	scaffold=scaffold00911	strand=+
2537_g               -           1064 6608at5820           -            402   3.8e-61  205.1  12.8   1   5       1.1   2.7e+02   -1.8   0.7    11    48   260   298   254   300 0.83 length=1064	scaffold=scaffold00550	strand=+
2537_g               -           1064 6608at5820           -            402   3.8e-61  205.1  12.8   2   5   6.5e-11   1.5e-08   31.9   0.1   148   204   304   360   295   380 0.90 length=1064	scaffold=scaffold00550	strand=+
2537_g               -           1064 6608at5820           -            402   3.8e-61  205.1  12.8   3   5   1.3e-13     3e-11   40.8   0.2   238   334   437   527   424   570 0.80 length=1064	scaffold=scaffold00550	strand=+
2537_g               -           1064 6608at5820           -            402   3.8e-61  205.1  12.8   4   5   9.2e-42   2.2e-39  133.5   0.0   141   335   674   865   660   891 0.89 length=1064	scaffold=scaffold00550	strand=+
2537_g               -           1064 6608at5820           -            402   3.8e-61  205.1  12.8   5   5     0.021       4.9    3.9   0.1   335   374   962  1001   941  1026 0.79 length=1064	scaffold=scaffold00550	strand=+
2006_g               -            876 6608at5820           -            402   1.2e-55  187.1   0.1   1   1   1.1e-57   2.6e-55  185.9   0.1   148   378   184   417   155   436 0.92 length=876	scaffold=scaffold00363	strand=-
842_g                -            703 6608at5820           -            402   5.2e-55  185.0   0.4   1   1   4.1e-57   9.5e-55  184.1   0.4   139   384   240   481   212   499 0.91 length=703	scaffold=scaffold00095	strand=-
3622_g               -           1227 6608at5820           -            402     4e-51  172.1   4.6   1   3         8   1.9e+03   -4.6   1.2   107   143   200   236   180   243 0.67 length=1227	scaffold=scaffold01231	strand=-
3622_g               -           1227 6608at5820           -            402     4e-51  172.1   4.6   2   3    0.0066       1.6    5.6   0.0   156   255   355   455   323   550 0.70 length=1227	scaffold=scaffold01231	strand=-
3622_g               -           1227 6608at5820           -            402     4e-51  172.1   4.6   3   3   4.6e-52   1.1e-49  167.4   0.1   132   386   760  1012   742  1021 0.94 length=1227	scaffold=scaffold01231	strand=-
1406_g               -            957 6608at5820           -            402   4.5e-47  158.8   0.1   1   1   3.5e-49   8.1e-47  158.0   0.1   149   394   398   653   390   659 0.85 length=957	scaffold=scaffold00206	strand=+
1654_g               -            771 6608at5820           -            402   7.5e-34  115.3   0.0   1   2   7.3e-34   1.7e-31  107.5   0.1   174   374   265   477   216   503 0.82 length=771	scaffold=scaffold00263	strand=-
1654_g               -            771 6608at5820           -            402   7.5e-34  115.3   0.0   2   2    0.0073       1.7    5.4   0.0   185   217   556   588   530   628 0.77 length=771	scaffold=scaffold00263	strand=-
2356_g               -           2497 6608at5820           -            402   6.7e-23   79.2   0.1   1   2   1.8e-18   4.3e-16   56.8   0.1   183   293  1790  1902  1758  1914 0.83 length=2497	scaffold=scaffold00484	strand=-
2356_g               -           2497 6608at5820           -            402   6.7e-23   79.2   0.1   2   2   3.8e-07   8.9e-05   19.5   0.0   274   334  1978  2038  1969  2053 0.88 length=2497	scaffold=scaffold00484	strand=-
1029_g               -            551 6608at5820           -            402   3.7e-07   27.3   0.0   1   1   2.8e-09   6.6e-07   26.5   0.0   159   330   305   493   298   502 0.74 length=551	scaffold=scaffold00125	strand=+
3055_g               -            515 6608at5820           -            402   7.7e-06   23.0   0.0   1   2     0.067        16    2.2   0.0   177   204   250   277   229   298 0.80 length=515	scaffold=scaffold00818	strand=-
3055_g               -            515 6608at5820           -            402   7.7e-06   23.0   0.0   2   2   8.9e-07   0.00021   18.3   0.0   275   323   392   440   377   457 0.89 length=515	scaffold=scaffold00818	strand=-
#
# Program:         hmmsearch
# Version:         3.1b2 (February 2015)
# Pipeline mode:   SEARCH
# Query file:      /export/home/bio1901/Documents/29_BINP/OrthoSearch/busco_downloads/lineages/plasmodium_odb10/hmms/6608at5820.hmm
# Target file:     Results/1_GeneSequences/PB.faa
# Option settings: /home/users/bio1901/miniconda3/envs/busco/bin/hmmsearch --domtblout /export/home/bio1901/Documents/29_BINP/OrthoSearch/PB/run_plasmodium_odb10/hmmer_output/6608at5820.out --cpu 1 /export/home/bio1901/Documents/29_BINP/OrthoSearch/busco_downloads/lineages/plasmodium_odb10/hmms/6608at5820.hmm Results/1_GeneSequences/PB.faa 
# Current dir:     /export/home/bio1901/Documents/29_BINP/OrthoSearch
# Date:            Sun Mar 15 18:12:02 2020
# [ok]
