#                                                                            --- full sequence --- -------------- this domain -------------   hmm coord   ali coord   env coord
# target name        accession   tlen query name           accession   qlen   E-value  score  bias   #  of  c-Evalue  i-Evalue  score  bias  from    to  from    to  from    to  acc description of target
#------------------- ---------- ----- -------------------- ---------- ----- --------- ------ ----- --- --- --------- --------- ------ ----- ----- ----- ----- ----- ----- ----- ---- ---------------------
3562_g               -            465 6609at5820           -            438  9.8e-270  892.6   8.9   1   2     0.069        15    2.3   0.2     1    44     1    43     1    48 0.91 length=465	scaffold=scaffold01184	strand=-
3562_g               -            465 6609at5820           -            438  9.8e-270  892.6   8.9   2   2  4.7e-272  9.8e-270  892.6   8.9    14   434    37   465    27   465 0.96 length=465	scaffold=scaffold01184	strand=-
2435_g               -            393 6609at5820           -            438  5.7e-124  412.2   3.3   1   1  3.4e-126  7.2e-124  411.9   3.3    60   417    15   372     4   385 0.95 length=393	scaffold=scaffold00511	strand=-
2255_g               -            852 6609at5820           -            438  2.3e-119  397.0   0.0   1   2   1.7e-69   3.5e-67  225.1   0.1   180   409   209   435   198   443 0.94 length=852	scaffold=scaffold00443	strand=+	adjustedToFrame=2
2255_g               -            852 6609at5820           -            438  2.3e-119  397.0   0.0   2   2   1.2e-52   2.5e-50  169.5   0.0   137   407   445   709   442   730 0.93 length=852	scaffold=scaffold00443	strand=+	adjustedToFrame=2
687_g                -            439 6609at5820           -            438  3.5e-110  366.8   4.9   1   1  2.2e-112  4.6e-110  366.4   4.9    97   427    96   425    10   431 0.88 length=439	scaffold=scaffold00072	strand=-
3472_g               -           1300 6609at5820           -            438  6.6e-103  342.8   1.3   1   2   8.9e-56   1.9e-53  179.8   0.2   181   408   610   834   602   850 0.95 length=1300	scaffold=scaffold01114	strand=-	adjustedToFrame=3
3472_g               -           1300 6609at5820           -            438  6.6e-103  342.8   1.3   2   2   5.1e-50   1.1e-47  160.9   0.1   177   423   990  1231   976  1247 0.90 length=1300	scaffold=scaffold01114	strand=-	adjustedToFrame=3
1457_g               -            452 6609at5820           -            438  5.6e-100  333.2   1.7   1   2      0.91   1.9e+02   -1.4   0.1    63    99    41    72    27    92 0.68 length=452	scaffold=scaffold00217	strand=+
1457_g               -            452 6609at5820           -            438  5.6e-100  333.2   1.7   2   2  2.7e-102  5.6e-100  333.2   1.7   110   430   122   445    86   449 0.94 length=452	scaffold=scaffold00217	strand=+
2871_g               -            412 6609at5820           -            438   6.4e-97  323.1   0.6   1   1   3.7e-99   7.7e-97  322.8   0.6   119   437    89   407    59   408 0.92 length=412	scaffold=scaffold00715	strand=+
3198_g               -            394 6609at5820           -            438   1.4e-91  305.5   0.5   1   1   8.1e-94   1.7e-91  305.2   0.5    86   431    30   385    10   390 0.89 length=394	scaffold=scaffold00911	strand=+
2537_g               -           1064 6609at5820           -            438   7.9e-58  194.3  35.6   1   5      0.26        55    0.4   3.9    35    88   216   267   211   292 0.61 length=1064	scaffold=scaffold00550	strand=+
2537_g               -           1064 6609at5820           -            438   7.9e-58  194.3  35.6   2   5   1.4e-08   2.9e-06   24.3   0.1   183   241   305   363   299   373 0.91 length=1064	scaffold=scaffold00550	strand=+
2537_g               -           1064 6609at5820           -            438   7.9e-58  194.3  35.6   3   5   1.5e-11   3.1e-09   34.1   3.7   273   410   438   570   420   594 0.78 length=1064	scaffold=scaffold00550	strand=+
2537_g               -           1064 6609at5820           -            438   7.9e-58  194.3  35.6   4   5   8.9e-46   1.9e-43  146.9   0.0   178   366   677   864   661   890 0.90 length=1064	scaffold=scaffold00550	strand=+
2537_g               -           1064 6609at5820           -            438   7.9e-58  194.3  35.6   5   5    0.0065       1.4    5.6   2.4   366   413   958  1005   940  1061 0.80 length=1064	scaffold=scaffold00550	strand=+
2006_g               -            876 6609at5820           -            438   1.8e-56  189.8   0.2   1   2   8.7e-59   1.8e-56  189.8   0.2   183   424   185   429   180   436 0.93 length=876	scaffold=scaffold00363	strand=-
2006_g               -            876 6609at5820           -            438   1.8e-56  189.8   0.2   2   2       3.8     8e+02   -3.5   4.3   351   433   711   796   648   801 0.58 length=876	scaffold=scaffold00363	strand=-
1406_g               -            957 6609at5820           -            438   2.5e-52  176.1   0.1   1   1   2.2e-54   4.5e-52  175.3   0.1   182   410   397   629   386   651 0.88 length=957	scaffold=scaffold00206	strand=+
842_g                -            703 6609at5820           -            438   1.5e-51  173.5   0.5   1   1   1.2e-53   2.6e-51  172.8   0.5   181   424   248   487   218   499 0.91 length=703	scaffold=scaffold00095	strand=-
3622_g               -           1227 6609at5820           -            438   1.4e-43  147.3  21.4   1   2     0.061        13    2.4  16.9     2   290   167   456   166   463 0.67 length=1227	scaffold=scaffold01231	strand=-
3622_g               -           1227 6609at5820           -            438   1.4e-43  147.3  21.4   2   2   1.3e-45   2.7e-43  146.4   0.1   176   416   770  1008   749  1025 0.93 length=1227	scaffold=scaffold01231	strand=-
1654_g               -            771 6609at5820           -            438   3.2e-37  126.3   0.3   1   2     6e-37   1.3e-34  117.8   0.2   185   409   241   477   121   502 0.81 length=771	scaffold=scaffold00263	strand=-
1654_g               -            771 6609at5820           -            438   3.2e-37  126.3   0.3   2   2    0.0033      0.69    6.6   0.0   219   286   556   624   538   629 0.80 length=771	scaffold=scaffold00263	strand=-
2356_g               -           2497 6609at5820           -            438     2e-18   64.4   0.0   1   5      0.43        90   -0.4   0.0   311   370   230   294   224   311 0.74 length=2497	scaffold=scaffold00484	strand=-
2356_g               -           2497 6609at5820           -            438     2e-18   64.4   0.0   2   5       1.5   3.1e+02   -2.1   0.2    14    68  1082  1137  1074  1167 0.74 length=2497	scaffold=scaffold00484	strand=-
2356_g               -           2497 6609at5820           -            438     2e-18   64.4   0.0   3   5   2.8e-18   5.9e-16   56.3   0.0   219   319  1792  1894  1761  1906 0.88 length=2497	scaffold=scaffold00484	strand=-
2356_g               -           2497 6609at5820           -            438     2e-18   64.4   0.0   4   5   3.2e-06   0.00068   16.5   0.0   308   369  1978  2039  1960  2045 0.87 length=2497	scaffold=scaffold00484	strand=-
2356_g               -           2497 6609at5820           -            438     2e-18   64.4   0.0   5   5       4.2   8.9e+02   -3.6   0.1   110   145  2318  2353  2316  2362 0.77 length=2497	scaffold=scaffold00484	strand=-
3055_g               -            515 6609at5820           -            438   3.1e-11   40.7   0.0   1   2    0.0028      0.59    6.9   0.0   203   238   242   277   228   296 0.83 length=515	scaffold=scaffold00818	strand=-
3055_g               -            515 6609at5820           -            438   3.1e-11   40.7   0.0   2   2     1e-10   2.1e-08   31.4   0.0   297   363   380   446   369   475 0.87 length=515	scaffold=scaffold00818	strand=-
792_g                -           1363 6609at5820           -            438   3.5e-10   37.2   3.2   1   2       2.3   4.9e+02   -2.8   2.6    58    91   907   940   807   964 0.81 length=1363	scaffold=scaffold00088	strand=-	adjustedToFrame=2
792_g                -           1363 6609at5820           -            438   3.5e-10   37.2   3.2   2   2   1.8e-12   3.8e-10   37.1   0.0   218   365  1090  1235  1078  1246 0.84 length=1363	scaffold=scaffold00088	strand=-	adjustedToFrame=2
1029_g               -            551 6609at5820           -            438   1.1e-09   35.6   0.0   1   1     9e-12   1.9e-09   34.8   0.0   217   357   330   488   305   499 0.78 length=551	scaffold=scaffold00125	strand=+
224_g                -           1068 6609at5820           -            438   0.00012   19.0   0.0   1   2     0.015       3.2    4.4   0.0   214   247   865   898   860   905 0.88 length=1068	scaffold=scaffold00015	strand=-
224_g                -           1068 6609at5820           -            438   0.00012   19.0   0.0   2   2   8.7e-05     0.018   11.8   0.0   252   294   963  1005   950  1040 0.83 length=1068	scaffold=scaffold00015	strand=-
#
# Program:         hmmsearch
# Version:         3.1b2 (February 2015)
# Pipeline mode:   SEARCH
# Query file:      /export/home/bio1901/Documents/29_BINP/OrthoSearch/busco_downloads/lineages/plasmodium_odb10/hmms/6609at5820.hmm
# Target file:     Results/1_GeneSequences/PB.faa
# Option settings: /home/users/bio1901/miniconda3/envs/busco/bin/hmmsearch --domtblout /export/home/bio1901/Documents/29_BINP/OrthoSearch/PB/run_plasmodium_odb10/hmmer_output/6609at5820.out --cpu 1 /export/home/bio1901/Documents/29_BINP/OrthoSearch/busco_downloads/lineages/plasmodium_odb10/hmms/6609at5820.hmm Results/1_GeneSequences/PB.faa 
# Current dir:     /export/home/bio1901/Documents/29_BINP/OrthoSearch
# Date:            Sun Mar 15 18:12:02 2020
# [ok]
