#                                                                            --- full sequence --- -------------- this domain -------------   hmm coord   ali coord   env coord
# target name        accession   tlen query name           accession   qlen   E-value  score  bias   #  of  c-Evalue  i-Evalue  score  bias  from    to  from    to  from    to  acc description of target
#------------------- ---------- ----- -------------------- ---------- ----- --------- ------ ----- --- --- --------- --------- ------ ----- ----- ----- ----- ----- ----- ----- ---- ---------------------
1812_g               -           1259 6638at5820           -            684  2.8e-125  417.5 153.7   1   3     8e-87   6.4e-84  280.9  89.1     4   544     3   554     1   607 0.61 length=1259	scaffold=scaffold00305	strand=-
1812_g               -           1259 6638at5820           -            684  2.8e-125  417.5 153.7   2   3         5     4e+03  -14.5  47.1   300   517   664   887   648   920 0.43 length=1259	scaffold=scaffold00305	strand=-
1812_g               -           1259 6638at5820           -            684  2.8e-125  417.5 153.7   3   3   7.4e-48   5.9e-45  152.1  56.6   318   684   895  1258   881  1258 0.63 length=1259	scaffold=scaffold00305	strand=-
733_g                -            865 6638at5820           -            684   2.5e-06   24.4  10.7   1   4      0.18   1.4e+02   -1.2   0.0    10    57    18    66    13    73 0.88 length=865	scaffold=scaffold00078	strand=+
733_g                -            865 6638at5820           -            684   2.5e-06   24.4  10.7   2   4      0.02        16    1.9   0.0     8    60   104   156    99   165 0.89 length=865	scaffold=scaffold00078	strand=+
733_g                -            865 6638at5820           -            684   2.5e-06   24.4  10.7   3   4   3.1e-09   2.5e-06   24.4  10.7     3   125   189   310   187   334 0.64 length=865	scaffold=scaffold00078	strand=+
733_g                -            865 6638at5820           -            684   2.5e-06   24.4  10.7   4   4         5     4e+03  -31.3  72.4   268   565   507   756   316   797 0.33 length=865	scaffold=scaffold00078	strand=+
3867_g               -            446 6638at5820           -            684   2.3e-05   21.2   8.4   1   3   0.00014      0.11    9.1   0.1    10    41    45    79    42    87 0.82 length=446	scaffold=scaffold01456	strand=+
3867_g               -            446 6638at5820           -            684   2.3e-05   21.2   8.4   2   3   2.7e-06    0.0022   14.7   0.7     7    89   140   218   135   272 0.70 length=446	scaffold=scaffold01456	strand=+
3867_g               -            446 6638at5820           -            684   2.3e-05   21.2   8.4   3   3     0.048        39    0.7   0.2   394   453   384   441   338   445 0.65 length=446	scaffold=scaffold01456	strand=+
2743_g               -            843 6638at5820           -            684      0.01   12.5   0.1   1   3         5     4e+03  -39.3 112.8   254   521    41   359     4   442 0.45 length=843	scaffold=scaffold00647	strand=-
2743_g               -            843 6638at5820           -            684      0.01   12.5   0.1   2   3         5     4e+03   -8.4  12.2   101   297   383   419   361   524 0.33 length=843	scaffold=scaffold00647	strand=-
2743_g               -            843 6638at5820           -            684      0.01   12.5   0.1   3   3   1.3e-05      0.01   12.5   0.1    18   109   540   637   535   675 0.68 length=843	scaffold=scaffold00647	strand=-
1948_g               -            617 6638at5820           -            684     0.014   12.0   0.1   1   3      0.89   7.1e+02   -3.5  12.2   472   547     4    73     1    88 0.34 length=617	scaffold=scaffold00345	strand=+
1948_g               -            617 6638at5820           -            684     0.014   12.0   0.1   2   3   1.7e-05     0.014   12.0   0.1     6    60   189   244   185   313 0.83 length=617	scaffold=scaffold00345	strand=+
1948_g               -            617 6638at5820           -            684     0.014   12.0   0.1   3   3         5     4e+03   -6.4  36.3   341   470   462   597   390   607 0.31 length=617	scaffold=scaffold00345	strand=+
#
# Program:         hmmsearch
# Version:         3.1b2 (February 2015)
# Pipeline mode:   SEARCH
# Query file:      /export/home/bio1901/Documents/29_BINP/OrthoSearch/busco_downloads/lineages/plasmodium_odb10/hmms/6638at5820.hmm
# Target file:     Results/1_GeneSequences/PB.faa
# Option settings: /home/users/bio1901/miniconda3/envs/busco/bin/hmmsearch --domtblout /export/home/bio1901/Documents/29_BINP/OrthoSearch/PB/run_plasmodium_odb10/hmmer_output/6638at5820.out --cpu 1 /export/home/bio1901/Documents/29_BINP/OrthoSearch/busco_downloads/lineages/plasmodium_odb10/hmms/6638at5820.hmm Results/1_GeneSequences/PB.faa 
# Current dir:     /export/home/bio1901/Documents/29_BINP/OrthoSearch
# Date:            Sun Mar 15 18:12:08 2020
# [ok]
