#                                                                            --- full sequence --- -------------- this domain -------------   hmm coord   ali coord   env coord
# target name        accession   tlen query name           accession   qlen   E-value  score  bias   #  of  c-Evalue  i-Evalue  score  bias  from    to  from    to  from    to  acc description of target
#------------------- ---------- ----- -------------------- ---------- ----- --------- ------ ----- --- --- --------- --------- ------ ----- ----- ----- ----- ----- ----- ----- ---- ---------------------
3006_g               -            651 6648at5820           -            520  1.2e-151  503.7  68.7   1   1  3.4e-154  4.6e-151  501.7  68.7     1   520     1   650     1   650 0.85 length=651	scaffold=scaffold00789	strand=-
2872_g               -            455 6648at5820           -            520   5.3e-12   42.8  27.6   1   4   5.5e-09   7.3e-06   22.6  14.0     3   156     6   155     4   158 0.78 length=455	scaffold=scaffold00715	strand=-
2872_g               -            455 6648at5820           -            520   5.3e-12   42.8  27.6   2   4   1.6e-10   2.1e-07   27.7   0.3   182   251   153   223   143   243 0.87 length=455	scaffold=scaffold00715	strand=-
2872_g               -            455 6648at5820           -            520   5.3e-12   42.8  27.6   3   4     0.016        22    1.2   0.9   401   424   355   378   256   417 0.57 length=455	scaffold=scaffold00715	strand=-
2872_g               -            455 6648at5820           -            520   5.3e-12   42.8  27.6   4   4     0.022        29    0.8   0.5   403   436   357   391   336   453 0.64 length=455	scaffold=scaffold00715	strand=-
765_g                -            669 6648at5820           -            520   4.1e-10   36.6  83.8   1   4   5.9e-05     0.078    9.3  33.8     2   198     3   222     2   246 0.78 length=669	scaffold=scaffold00084	strand=-
765_g                -            669 6648at5820           -            520   4.1e-10   36.6  83.8   2   4   6.7e-08   8.9e-05   19.0  18.1   169   250   256   339   225   369 0.68 length=669	scaffold=scaffold00084	strand=-
765_g                -            669 6648at5820           -            520   4.1e-10   36.6  83.8   3   4      0.06        80   -0.7   3.1   284   389   333   442   330   451 0.63 length=669	scaffold=scaffold00084	strand=-
765_g                -            669 6648at5820           -            520   4.1e-10   36.6  83.8   4   4   8.9e-09   1.2e-05   21.9  12.5   377   511   514   660   505   665 0.77 length=669	scaffold=scaffold00084	strand=-
#
# Program:         hmmsearch
# Version:         3.1b2 (February 2015)
# Pipeline mode:   SEARCH
# Query file:      /export/home/bio1901/Documents/29_BINP/OrthoSearch/busco_downloads/lineages/plasmodium_odb10/hmms/6648at5820.hmm
# Target file:     Results/1_GeneSequences/PB.faa
# Option settings: /home/users/bio1901/miniconda3/envs/busco/bin/hmmsearch --domtblout /export/home/bio1901/Documents/29_BINP/OrthoSearch/PB/run_plasmodium_odb10/hmmer_output/6648at5820.out --cpu 1 /export/home/bio1901/Documents/29_BINP/OrthoSearch/busco_downloads/lineages/plasmodium_odb10/hmms/6648at5820.hmm Results/1_GeneSequences/PB.faa 
# Current dir:     /export/home/bio1901/Documents/29_BINP/OrthoSearch
# Date:            Sun Mar 15 18:12:08 2020
# [ok]
