#                                                                            --- full sequence --- -------------- this domain -------------   hmm coord   ali coord   env coord
# target name        accession   tlen query name           accession   qlen   E-value  score  bias   #  of  c-Evalue  i-Evalue  score  bias  from    to  from    to  from    to  acc description of target
#------------------- ---------- ----- -------------------- ---------- ----- --------- ------ ----- --- --- --------- --------- ------ ----- ----- ----- ----- ----- ----- ----- ---- ---------------------
3057_g               -            814 6690at5820           -            454  3.7e-226  749.0  14.1   1   3    0.0019      0.35    7.4   4.4     3    47     8    52     6    66 0.82 length=814	scaffold=scaffold00819	strand=+
3057_g               -            814 6690at5820           -            454  3.7e-226  749.0  14.1   2   3       1.8   3.2e+02   -2.4   0.8    34    47   122   134    96   170 0.41 length=814	scaffold=scaffold00819	strand=+
3057_g               -            814 6690at5820           -            454  3.7e-226  749.0  14.1   3   3    2e-228  3.7e-226  749.0  14.1    27   445   168   601   142   611 0.92 length=814	scaffold=scaffold00819	strand=+
2422_g               -            654 6690at5820           -            454   5.1e-80  267.2  12.9   1   1   2.8e-82   5.1e-80  267.2  12.9    22   413   204   609   184   638 0.89 length=654	scaffold=scaffold00506	strand=-
2139_g               -            551 6690at5820           -            454   9.7e-72  239.9  12.3   1   1   5.4e-74   9.7e-72  239.9  12.3    23   412   103   503    82   544 0.86 length=551	scaffold=scaffold00403	strand=+
1035_g               -            652 6690at5820           -            454   4.6e-65  217.9  18.9   1   2   1.9e-13   3.4e-11   40.4   2.0    12   114   198   299   188   312 0.80 length=652	scaffold=scaffold00126	strand=-	adjustedToFrame=2
1035_g               -            652 6690at5820           -            454   4.6e-65  217.9  18.9   2   2   1.3e-56   2.3e-54  182.7   9.4   114   417   334   641   324   648 0.91 length=652	scaffold=scaffold00126	strand=-	adjustedToFrame=2
4074_g               -            889 6690at5820           -            454   3.8e-61  205.0   5.9   1   1   2.1e-63   3.8e-61  205.0   5.9    43   412    49   440    18   458 0.83 length=889	scaffold=scaffold01665	strand=-	adjustedToFrame=3
3826_g               -           1126 6690at5820           -            454     2e-60  202.7   8.7   1   2   5.7e-35     1e-32  111.3   0.0    47   222   693   881   653   899 0.84 length=1126	scaffold=scaffold01419	strand=-	adjustedToFrame=3
3826_g               -           1126 6690at5820           -            454     2e-60  202.7   8.7   2   2   1.1e-29     2e-27   93.9   0.0   223   402   906  1085   896  1093 0.93 length=1126	scaffold=scaffold01419	strand=-	adjustedToFrame=3
207_g                -            641 6690at5820           -            454   7.3e-60  200.8   0.4   1   1   6.6e-62   1.2e-59  200.1   0.4    25   415   163   577   143   588 0.85 length=641	scaffold=scaffold00014	strand=+
2407_g               -            396 6690at5820           -            454     3e-56  188.9   0.1   1   1   2.1e-58   3.8e-56  188.5   0.1    48   410    24   385     2   392 0.87 length=396	scaffold=scaffold00502	strand=+
1618_g               -            391 6690at5820           -            454   1.1e-55  187.0   2.8   1   1   7.4e-58   1.3e-55  186.7   2.8    38   412    10   382     1   389 0.91 length=391	scaffold=scaffold00254	strand=-
1925_g               -            866 6690at5820           -            454   2.3e-55  186.0   1.7   1   2     8e-25   1.4e-22   77.9   0.1    44   214   306   500   300   506 0.82 length=866	scaffold=scaffold00338	strand=-
1925_g               -            866 6690at5820           -            454   2.3e-55  186.0   1.7   2   2   1.3e-32   2.3e-30  103.5   0.2   222   405   543   730   539   741 0.92 length=866	scaffold=scaffold00338	strand=-
2156_g               -            475 6690at5820           -            454   5.4e-55  184.7   2.1   1   2   7.8e-13   1.4e-10   38.3   0.0    47   112    58   123    16   126 0.87 length=475	scaffold=scaffold00410	strand=+
2156_g               -            475 6690at5820           -            454   5.4e-55  184.7   2.1   2   2   3.1e-45   5.6e-43  145.1   1.4   120   398   163   448   156   470 0.88 length=475	scaffold=scaffold00410	strand=+
2360_g               -            960 6690at5820           -            454   2.8e-53  179.1  28.4   1   2       1.8   3.2e+02   -2.4   4.0    10    63    21    77    15    85 0.64 length=960	scaffold=scaffold00485	strand=-
2360_g               -            960 6690at5820           -            454   2.8e-53  179.1  28.4   2   2   1.5e-55   2.8e-53  179.1  28.4     5   410    83   505    78   532 0.81 length=960	scaffold=scaffold00485	strand=-
1937_g               -           1358 6690at5820           -            454   1.3e-51  173.6  26.0   1   3       4.3   7.7e+02   -3.7   2.0    29    29    90    90    49   143 0.53 length=1358	scaffold=scaffold00342	strand=+	adjustedToFrame=2
1937_g               -           1358 6690at5820           -            454   1.3e-51  173.6  26.0   2   3   1.9e-09   3.5e-07   27.2   1.6    29   114   152   238   127   244 0.82 length=1358	scaffold=scaffold00342	strand=+	adjustedToFrame=2
1937_g               -           1358 6690at5820           -            454   1.3e-51  173.6  26.0   3   3   1.9e-49   3.4e-47  159.0   7.2   110   408   305   608   301   637 0.88 length=1358	scaffold=scaffold00342	strand=+	adjustedToFrame=2
1091_g               -            493 6690at5820           -            454     1e-48  164.0   5.1   1   2   7.2e-14   1.3e-11   41.8   0.2     9   115   113   219   104   223 0.83 length=493	scaffold=scaffold00138	strand=-
1091_g               -            493 6690at5820           -            454     1e-48  164.0   5.1   2   2     6e-39   1.1e-36  124.4   0.8   150   412   221   482   219   491 0.93 length=493	scaffold=scaffold00138	strand=-
3581_g               -           1373 6690at5820           -            454   6.7e-47  158.1  24.5   1   1   3.7e-49   6.7e-47  158.1  24.5    12   396   184   574   163   589 0.84 length=1373	scaffold=scaffold01199	strand=+
1604_g               -            597 6690at5820           -            454   4.2e-46  155.4  18.8   1   1   3.7e-48   6.7e-46  154.8  18.8    21   409    88   496    75   516 0.80 length=597	scaffold=scaffold00250	strand=-	adjustedToFrame=2
291_g                -           1572 6690at5820           -            454   3.1e-29   99.9  20.7   1   1   1.7e-31   3.1e-29   99.9  20.7     5   419   364   824   360   842 0.76 length=1572	scaffold=scaffold00022	strand=-
1972_g               -            784 6690at5820           -            454   4.3e-24   82.9  35.1   1   2   3.5e-11   6.4e-09   32.9   9.4    15   115   170   273   157   293 0.79 length=784	scaffold=scaffold00352	strand=-
1972_g               -            784 6690at5820           -            454   4.3e-24   82.9  35.1   2   2   7.6e-21   1.4e-18   64.7  17.6   113   407   307   602   298   642 0.82 length=784	scaffold=scaffold00352	strand=-
3083_g               -           1381 6690at5820           -            454   1.5e-21   74.5  26.9   1   4   1.3e-07   2.3e-05   21.1   0.1    49   110     3    64     1    72 0.93 length=1381	scaffold=scaffold00835	strand=-
3083_g               -           1381 6690at5820           -            454   1.5e-21   74.5  26.9   2   4   8.6e-10   1.6e-07   28.3   7.1   112   273   380   540   375   563 0.74 length=1381	scaffold=scaffold00835	strand=-
3083_g               -           1381 6690at5820           -            454   1.5e-21   74.5  26.9   3   4   2.4e-12   4.4e-10   36.7   0.5   314   399   657   743   648   779 0.88 length=1381	scaffold=scaffold00835	strand=-
3083_g               -           1381 6690at5820           -            454   1.5e-21   74.5  26.9   4   4       0.4        73   -0.3   0.6     4    29  1147  1172  1144  1183 0.76 length=1381	scaffold=scaffold00835	strand=-
3792_g               -            650 6690at5820           -            454   1.8e-18   64.4  21.9   1   3   8.1e-17   1.5e-14   51.5   0.6    22   112    24   114    11   128 0.91 length=650	scaffold=scaffold01388	strand=-	adjustedToFrame=2
3792_g               -            650 6690at5820           -            454   1.8e-18   64.4  21.9   2   3     0.038       6.9    3.1  14.7    12   133   249   375   238   389 0.63 length=650	scaffold=scaffold01388	strand=-	adjustedToFrame=2
3792_g               -            650 6690at5820           -            454   1.8e-18   64.4  21.9   3   3     5e-09   9.1e-07   25.8  14.9   142   300   408   578   401   582 0.69 length=650	scaffold=scaffold01388	strand=-	adjustedToFrame=2
3437_g               -            903 6690at5820           -            454   4.3e-16   56.5  16.1   1   4   7.6e-15   1.4e-12   45.0  11.8    57   241   228   426   164   499 0.69 length=903	scaffold=scaffold01083	strand=+
3437_g               -            903 6690at5820           -            454   4.3e-16   56.5  16.1   2   4      0.45        82   -0.4   2.0   237   296   569   631   538   637 0.72 length=903	scaffold=scaffold01083	strand=+
3437_g               -            903 6690at5820           -            454   4.3e-16   56.5  16.1   3   4       5.4   9.7e+02   -4.0   3.4    11    54   682   726   672   733 0.59 length=903	scaffold=scaffold01083	strand=+
3437_g               -            903 6690at5820           -            454   4.3e-16   56.5  16.1   4   4   4.4e-08     8e-06   22.7   0.1   313   373   738   800   730   803 0.85 length=903	scaffold=scaffold01083	strand=+
3052_g               -            883 6690at5820           -            454     3e-15   53.7  10.8   1   5   8.3e-07   0.00015   18.5   4.2    20   147   204   344   193   357 0.67 length=883	scaffold=scaffold00817	strand=+
3052_g               -            883 6690at5820           -            454     3e-15   53.7  10.8   2   5       8.4   1.5e+03   -4.6   0.9   385   414   388   416   365   422 0.48 length=883	scaffold=scaffold00817	strand=+
3052_g               -            883 6690at5820           -            454     3e-15   53.7  10.8   3   5       4.1   7.5e+02   -3.6   0.0   221   244   520   543   512   553 0.78 length=883	scaffold=scaffold00817	strand=+
3052_g               -            883 6690at5820           -            454     3e-15   53.7  10.8   4   5       4.7   8.6e+02   -3.8   0.4   248   270   602   624   579   631 0.76 length=883	scaffold=scaffold00817	strand=+
3052_g               -            883 6690at5820           -            454     3e-15   53.7  10.8   5   5   7.2e-16   1.3e-13   48.3   0.5   308   411   683   787   660   833 0.81 length=883	scaffold=scaffold00817	strand=+
#
# Program:         hmmsearch
# Version:         3.1b2 (February 2015)
# Pipeline mode:   SEARCH
# Query file:      /export/home/bio1901/Documents/29_BINP/OrthoSearch/busco_downloads/lineages/plasmodium_odb10/hmms/6690at5820.hmm
# Target file:     Results/1_GeneSequences/PB.faa
# Option settings: /home/users/bio1901/miniconda3/envs/busco/bin/hmmsearch --domtblout /export/home/bio1901/Documents/29_BINP/OrthoSearch/PB/run_plasmodium_odb10/hmmer_output/6690at5820.out --cpu 1 /export/home/bio1901/Documents/29_BINP/OrthoSearch/busco_downloads/lineages/plasmodium_odb10/hmms/6690at5820.hmm Results/1_GeneSequences/PB.faa 
# Current dir:     /export/home/bio1901/Documents/29_BINP/OrthoSearch
# Date:            Sun Mar 15 18:12:18 2020
# [ok]
