#                                                                            --- full sequence --- -------------- this domain -------------   hmm coord   ali coord   env coord
# target name        accession   tlen query name           accession   qlen   E-value  score  bias   #  of  c-Evalue  i-Evalue  score  bias  from    to  from    to  from    to  acc description of target
#------------------- ---------- ----- -------------------- ---------- ----- --------- ------ ----- --- --- --------- --------- ------ ----- ----- ----- ----- ----- ----- ----- ---- ---------------------
1687_g               -           1914 674at5820            -           1482    1e-190  634.5 208.1   1  10   1.3e-05     0.052    9.1   0.0   227   256     1    30     1    37 0.88 length=1914	scaffold=scaffold00271	strand=+	adjustedToFrame=2
1687_g               -           1914 674at5820            -           1482    1e-190  634.5 208.1   2  10   4.3e-45   1.7e-41  139.9  21.3   251   369    52   172    50   182 0.94 length=1914	scaffold=scaffold00271	strand=+	adjustedToFrame=2
1687_g               -           1914 674at5820            -           1482    1e-190  634.5 208.1   3  10   1.3e-14   5.3e-11   38.8  16.5   430   578   233   386   227   404 0.77 length=1914	scaffold=scaffold00271	strand=+	adjustedToFrame=2
1687_g               -           1914 674at5820            -           1482    1e-190  634.5 208.1   4  10   0.00045       1.8    4.0  11.3   536   641   407   514   384   522 0.76 length=1914	scaffold=scaffold00271	strand=+	adjustedToFrame=2
1687_g               -           1914 674at5820            -           1482    1e-190  634.5 208.1   5  10   2.7e-12   1.1e-08   31.2  22.5   614   754   530   706   522   711 0.75 length=1914	scaffold=scaffold00271	strand=+	adjustedToFrame=2
1687_g               -           1914 674at5820            -           1482    1e-190  634.5 208.1   6  10   3.3e-15   1.3e-11   40.8  30.7   687   880   677   909   650   914 0.68 length=1914	scaffold=scaffold00271	strand=+	adjustedToFrame=2
1687_g               -           1914 674at5820            -           1482    1e-190  634.5 208.1   7  10     5e-05       0.2    7.1   1.0   867   900   952   985   936  1004 0.81 length=1914	scaffold=scaffold00271	strand=+	adjustedToFrame=2
1687_g               -           1914 674at5820            -           1482    1e-190  634.5 208.1   8  10   2.1e-12   8.3e-09   31.6   2.2   894   997  1045  1166  1037  1204 0.72 length=1914	scaffold=scaffold00271	strand=+	adjustedToFrame=2
1687_g               -           1914 674at5820            -           1482    1e-190  634.5 208.1   9  10   3.6e-25   1.4e-21   73.9  22.1  1009  1181  1292  1500  1269  1514 0.77 length=1914	scaffold=scaffold00271	strand=+	adjustedToFrame=2
1687_g               -           1914 674at5820            -           1482    1e-190  634.5 208.1  10  10   2.7e-92   1.1e-88  296.3  30.9  1159  1437  1577  1864  1567  1879 0.91 length=1914	scaffold=scaffold00271	strand=+	adjustedToFrame=2
#
# Program:         hmmsearch
# Version:         3.1b2 (February 2015)
# Pipeline mode:   SEARCH
# Query file:      /export/home/bio1901/Documents/29_BINP/OrthoSearch/busco_downloads/lineages/plasmodium_odb10/hmms/674at5820.hmm
# Target file:     Results/1_GeneSequences/PB.faa
# Option settings: /home/users/bio1901/miniconda3/envs/busco/bin/hmmsearch --domtblout /export/home/bio1901/Documents/29_BINP/OrthoSearch/PB/run_plasmodium_odb10/hmmer_output/674at5820.out --cpu 1 /export/home/bio1901/Documents/29_BINP/OrthoSearch/busco_downloads/lineages/plasmodium_odb10/hmms/674at5820.hmm Results/1_GeneSequences/PB.faa 
# Current dir:     /export/home/bio1901/Documents/29_BINP/OrthoSearch
# Date:            Sun Mar 15 18:12:38 2020
# [ok]
