#                                                                            --- full sequence --- -------------- this domain -------------   hmm coord   ali coord   env coord
# target name        accession   tlen query name           accession   qlen   E-value  score  bias   #  of  c-Evalue  i-Evalue  score  bias  from    to  from    to  from    to  acc description of target
#------------------- ---------- ----- -------------------- ---------- ----- --------- ------ ----- --- --- --------- --------- ------ ----- ----- ----- ----- ----- ----- ----- ---- ---------------------
671_g                -            430 6759at5820           -            362  1.7e-154  512.4  20.9   1   1  2.1e-157  2.1e-154  512.1  20.9     1   362    25   414    25   414 0.94 length=430	scaffold=scaffold00070	strand=+
2893_g               -            444 6759at5820           -            362     2e-17   61.5   0.7   1   3   1.5e-06    0.0015   15.8   0.0   174   216    43    80    32    95 0.78 length=444	scaffold=scaffold00726	strand=+
2893_g               -            444 6759at5820           -            362     2e-17   61.5   0.7   2   3         1   9.9e+02   -3.3   0.1    26    52   121   147   103   168 0.51 length=444	scaffold=scaffold00726	strand=+
2893_g               -            444 6759at5820           -            362     2e-17   61.5   0.7   3   3   5.3e-15   5.3e-12   43.6   0.0   120   232   313   421   283   434 0.84 length=444	scaffold=scaffold00726	strand=+
2439_g               -            216 6759at5820           -            362   1.5e-16   58.6   0.2   1   1   2.6e-19   2.6e-16   57.8   0.2   122   223    25   123    21   139 0.79 length=216	scaffold=scaffold00513	strand=-
1544_g               -            518 6759at5820           -            362   3.7e-13   47.4  21.1   1   3     2e-08     2e-05   22.0   3.7   122   260    41   176    28   198 0.71 length=518	scaffold=scaffold00238	strand=-
1544_g               -            518 6759at5820           -            362   3.7e-13   47.4  21.1   2   3    0.0059       5.9    4.0   2.7    79   157   128   207   120   233 0.68 length=518	scaffold=scaffold00238	strand=-
1544_g               -            518 6759at5820           -            362   3.7e-13   47.4  21.1   3   3   9.4e-11   9.4e-08   29.6   7.0   116   189   412   492   298   508 0.56 length=518	scaffold=scaffold00238	strand=-
#
# Program:         hmmsearch
# Version:         3.1b2 (February 2015)
# Pipeline mode:   SEARCH
# Query file:      /export/home/bio1901/Documents/29_BINP/OrthoSearch/busco_downloads/lineages/plasmodium_odb10/hmms/6759at5820.hmm
# Target file:     Results/1_GeneSequences/PB.faa
# Option settings: /home/users/bio1901/miniconda3/envs/busco/bin/hmmsearch --domtblout /export/home/bio1901/Documents/29_BINP/OrthoSearch/PB/run_plasmodium_odb10/hmmer_output/6759at5820.out --cpu 1 /export/home/bio1901/Documents/29_BINP/OrthoSearch/busco_downloads/lineages/plasmodium_odb10/hmms/6759at5820.hmm Results/1_GeneSequences/PB.faa 
# Current dir:     /export/home/bio1901/Documents/29_BINP/OrthoSearch
# Date:            Sun Mar 15 18:12:39 2020
# [ok]
