#                                                                            --- full sequence --- -------------- this domain -------------   hmm coord   ali coord   env coord
# target name        accession   tlen query name           accession   qlen   E-value  score  bias   #  of  c-Evalue  i-Evalue  score  bias  from    to  from    to  from    to  acc description of target
#------------------- ---------- ----- -------------------- ---------- ----- --------- ------ ----- --- --- --------- --------- ------ ----- ----- ----- ----- ----- ----- ----- ---- ---------------------
659_g                -            370 6781at5820           -            324  6.2e-174  575.6  65.5   1   1  1.1e-176  7.2e-174  575.4  65.5     1   320     6   347     6   354 0.95 length=370	scaffold=scaffold00067	strand=-
1755_g               -            253 6781at5820           -            324   3.3e-27   93.5  28.3   1   2   9.9e-14   6.6e-11   39.9   6.2    88   132    49    93    39    95 0.95 length=253	scaffold=scaffold00289	strand=-
1755_g               -            253 6781at5820           -            324   3.3e-27   93.5  28.3   2   2   7.3e-22   4.8e-19   66.7  14.1    34   188    87   243    87   248 0.95 length=253	scaffold=scaffold00289	strand=-
2820_g               -           1404 6781at5820           -            324   1.7e-21   74.8  77.2   1   2   8.1e-13   5.4e-10   36.9  28.2   111   278   110   282    38   289 0.73 length=1404	scaffold=scaffold00687	strand=-	adjustedToFrame=3
2820_g               -           1404 6781at5820           -            324   1.7e-21   74.8  77.2   2   2   7.9e-18   5.3e-15   53.4  41.0    14   276   105   364    97   376 0.87 length=1404	scaffold=scaffold00687	strand=-	adjustedToFrame=3
2942_g               -           1391 6781at5820           -            324   4.5e-16   56.9  26.4   1   5     8e-12   5.3e-09   33.7   3.5    50   132   189   272   182   280 0.91 length=1391	scaffold=scaffold00752	strand=-
2942_g               -           1391 6781at5820           -            324   4.5e-16   56.9  26.4   2   5   2.4e-13   1.6e-10   38.7  15.1    24   140   279   394   271   405 0.89 length=1391	scaffold=scaffold00752	strand=-
2942_g               -           1391 6781at5820           -            324   4.5e-16   56.9  26.4   3   5      0.92   6.1e+02   -2.7   2.0   189   229   555   595   512   614 0.60 length=1391	scaffold=scaffold00752	strand=-
2942_g               -           1391 6781at5820           -            324   4.5e-16   56.9  26.4   4   5      0.64   4.3e+02   -2.2   0.1    71    93   667   686   659   715 0.64 length=1391	scaffold=scaffold00752	strand=-
2942_g               -           1391 6781at5820           -            324   4.5e-16   56.9  26.4   5   5       1.9   1.3e+03   -3.7   0.2   190   217  1310  1337  1301  1362 0.70 length=1391	scaffold=scaffold00752	strand=-
3174_g               -            386 6781at5820           -            324     1e-15   55.7  11.2   1   2   1.6e-10     1e-07   29.4   2.4    89   135    40    86     6   109 0.88 length=386	scaffold=scaffold00896	strand=+
3174_g               -            386 6781at5820           -            324     1e-15   55.7  11.2   2   2   4.6e-11     3e-08   31.2   1.7    69   133   332   373   310   383 0.60 length=386	scaffold=scaffold00896	strand=+
630_g                -           4264 6781at5820           -            324   1.4e-15   55.3  41.0   1   3     3e-11     2e-08   31.8   1.2     2    82  3522  3605  3521  3625 0.77 length=4264	scaffold=scaffold00064	strand=-	adjustedToFrame=2
630_g                -           4264 6781at5820           -            324   1.4e-15   55.3  41.0   2   3   8.2e-07   0.00054   17.2  15.2    91   218  3883  4020  3875  4033 0.78 length=4264	scaffold=scaffold00064	strand=-	adjustedToFrame=2
630_g                -           4264 6781at5820           -            324   1.4e-15   55.3  41.0   3   3   1.2e-06   0.00083   16.6   9.6     2   121  4033  4150  4032  4181 0.82 length=4264	scaffold=scaffold00064	strand=-	adjustedToFrame=2
#
# Program:         hmmsearch
# Version:         3.1b2 (February 2015)
# Pipeline mode:   SEARCH
# Query file:      /export/home/bio1901/Documents/29_BINP/OrthoSearch/busco_downloads/lineages/plasmodium_odb10/hmms/6781at5820.hmm
# Target file:     Results/1_GeneSequences/PB.faa
# Option settings: /home/users/bio1901/miniconda3/envs/busco/bin/hmmsearch --domtblout /export/home/bio1901/Documents/29_BINP/OrthoSearch/PB/run_plasmodium_odb10/hmmer_output/6781at5820.out --cpu 1 /export/home/bio1901/Documents/29_BINP/OrthoSearch/busco_downloads/lineages/plasmodium_odb10/hmms/6781at5820.hmm Results/1_GeneSequences/PB.faa 
# Current dir:     /export/home/bio1901/Documents/29_BINP/OrthoSearch
# Date:            Sun Mar 15 18:12:40 2020
# [ok]
