#                                                                            --- full sequence --- -------------- this domain -------------   hmm coord   ali coord   env coord
# target name        accession   tlen query name           accession   qlen   E-value  score  bias   #  of  c-Evalue  i-Evalue  score  bias  from    to  from    to  from    to  acc description of target
#------------------- ---------- ----- -------------------- ---------- ----- --------- ------ ----- --- --- --------- --------- ------ ----- ----- ----- ----- ----- ----- ----- ---- ---------------------
1587_g               -            634 6833at5820           -            348  6.4e-104  345.5  38.3   1   6   5.4e-05     0.018   11.9   0.1     5    31    16    42    12    61 0.83 length=634	scaffold=scaffold00247	strand=+
1587_g               -            634 6833at5820           -            348  6.4e-104  345.5  38.3   2   6   2.8e-06   0.00092   16.1   0.1    34    64    87   120    83   134 0.83 length=634	scaffold=scaffold00247	strand=+
1587_g               -            634 6833at5820           -            348  6.4e-104  345.5  38.3   3   6      0.78   2.6e+02   -1.8   0.2    41    66   167   192   155   205 0.78 length=634	scaffold=scaffold00247	strand=+
1587_g               -            634 6833at5820           -            348  6.4e-104  345.5  38.3   4   6   4.7e-48   1.6e-45  153.5   6.8    64   178   270   384   247   400 0.90 length=634	scaffold=scaffold00247	strand=+
1587_g               -            634 6833at5820           -            348  6.4e-104  345.5  38.3   5   6     6e-10     2e-07   28.2   2.1   164   214   401   451   392   460 0.88 length=634	scaffold=scaffold00247	strand=+
1587_g               -            634 6833at5820           -            348  6.4e-104  345.5  38.3   6   6   1.7e-48   5.5e-46  155.0   1.9   189   348   464   633   459   633 0.84 length=634	scaffold=scaffold00247	strand=+
496_g                -            605 6833at5820           -            348   7.5e-20   69.0   5.0   1   3      0.26        88   -0.2   0.0   196   237   265   311   258   352 0.74 length=605	scaffold=scaffold00046	strand=+
496_g                -            605 6833at5820           -            348   7.5e-20   69.0   5.0   2   3   1.3e-13   4.4e-11   40.2   0.3   191   340   393   534   366   539 0.77 length=605	scaffold=scaffold00046	strand=+
496_g                -            605 6833at5820           -            348   7.5e-20   69.0   5.0   3   3   2.5e-13   8.4e-11   39.3   0.7   124   289   415   580   411   598 0.84 length=605	scaffold=scaffold00046	strand=+
309_g                -            630 6833at5820           -            348   3.9e-14   50.3   5.8   1   3      0.71   2.4e+02   -1.7   0.0   268   291   318   341   299   360 0.83 length=630	scaffold=scaffold00024	strand=-
309_g                -            630 6833at5820           -            348   3.9e-14   50.3   5.8   2   3     1e-08   3.5e-06   24.1   0.2   216   295   361   439   345   445 0.88 length=630	scaffold=scaffold00024	strand=-
309_g                -            630 6833at5820           -            348   3.9e-14   50.3   5.8   3   3   6.4e-10   2.1e-07   28.1   0.3   127   291   442   608   437   617 0.83 length=630	scaffold=scaffold00024	strand=-
2322_g               -            439 6833at5820           -            348   6.2e-14   49.6   5.8   1   3    0.0029      0.95    6.2   0.1   273   299   154   180   123   205 0.85 length=439	scaffold=scaffold00471	strand=+
2322_g               -            439 6833at5820           -            348   6.2e-14   49.6   5.8   2   3   2.6e-14   8.8e-12   42.5   0.2   210   326   227   348   216   367 0.85 length=439	scaffold=scaffold00471	strand=+
2322_g               -            439 6833at5820           -            348   6.2e-14   49.6   5.8   3   3     0.045        15    2.3   0.2    85   123   395   433   357   437 0.71 length=439	scaffold=scaffold00471	strand=+
3220_g               -            502 6833at5820           -            348     1e-13   48.9   1.9   1   4   3.4e-05     0.011   12.5   0.2   227   299   218   292   205   319 0.78 length=502	scaffold=scaffold00926	strand=-
3220_g               -            502 6833at5820           -            348     1e-13   48.9   1.9   2   4    0.0024      0.81    6.4   0.1   217   291   297   372   288   373 0.82 length=502	scaffold=scaffold00926	strand=-
3220_g               -            502 6833at5820           -            348     1e-13   48.9   1.9   3   4   7.9e-10   2.6e-07   27.8   0.0   199   314   318   437   310   444 0.76 length=502	scaffold=scaffold00926	strand=-
3220_g               -            502 6833at5820           -            348     1e-13   48.9   1.9   4   4    0.0046       1.5    5.5   0.0   241   290   446   498   437   500 0.65 length=502	scaffold=scaffold00926	strand=-
3362_g               -            624 6833at5820           -            348   9.2e-12   42.4   9.8   1   4       2.2   7.3e+02   -3.3   1.4    80   124   202   247   160   259 0.65 length=624	scaffold=scaffold01024	strand=-
3362_g               -            624 6833at5820           -            348   9.2e-12   42.4   9.8   2   4   2.2e-05    0.0074   13.1   0.3   220   293   318   392   309   400 0.81 length=624	scaffold=scaffold01024	strand=-
3362_g               -            624 6833at5820           -            348   9.2e-12   42.4   9.8   3   4     8e-08   2.7e-05   21.2   0.0   199   273   379   454   379   457 0.81 length=624	scaffold=scaffold01024	strand=-
3362_g               -            624 6833at5820           -            348   9.2e-12   42.4   9.8   4   4   3.1e-06     0.001   16.0   0.0   234   290   457   514   452   521 0.81 length=624	scaffold=scaffold01024	strand=-
3098_g               -            504 6833at5820           -            348   2.3e-11   41.2  11.4   1   3   3.9e-10   1.3e-07   28.8   5.0   167   305   163   301   131   323 0.70 length=504	scaffold=scaffold00846	strand=-
3098_g               -            504 6833at5820           -            348   2.3e-11   41.2  11.4   2   3   0.00047      0.16    8.8   0.1   135   164   351   380   318   399 0.81 length=504	scaffold=scaffold00846	strand=-
3098_g               -            504 6833at5820           -            348   2.3e-11   41.2  11.4   3   3    0.0038       1.3    5.8   0.0   223   270   401   447   379   453 0.83 length=504	scaffold=scaffold00846	strand=-
3772_g               -            363 6833at5820           -            348   1.1e-10   38.9   7.7   1   4   6.5e-06    0.0021   14.9   1.2   216   295    70   151    64   164 0.76 length=363	scaffold=scaffold01372	strand=-
3772_g               -            363 6833at5820           -            348   1.1e-10   38.9   7.7   2   4   3.3e-06    0.0011   15.9   0.8   220   301   159   237   152   260 0.74 length=363	scaffold=scaffold01372	strand=-
3772_g               -            363 6833at5820           -            348   1.1e-10   38.9   7.7   3   4      0.11        35    1.1   0.0   231   255   251   275   230   286 0.72 length=363	scaffold=scaffold01372	strand=-
3772_g               -            363 6833at5820           -            348   1.1e-10   38.9   7.7   4   4   0.00061       0.2    8.4   0.0   222   286   291   357   283   362 0.82 length=363	scaffold=scaffold01372	strand=-
3277_g               -            508 6833at5820           -            348   1.6e-06   25.2   6.9   1   3     0.036        12    2.6   0.3   199   274    29   104    17   126 0.75 length=508	scaffold=scaffold00964	strand=-
3277_g               -            508 6833at5820           -            348   1.6e-06   25.2   6.9   2   3   0.00041      0.14    9.0   0.0   234   305   148   224   118   230 0.73 length=508	scaffold=scaffold00964	strand=-
3277_g               -            508 6833at5820           -            348   1.6e-06   25.2   6.9   3   3   8.3e-06    0.0028   14.6   1.4   240   292   451   503   395   506 0.84 length=508	scaffold=scaffold00964	strand=-
2983_g               -            732 6833at5820           -            348   2.6e-06   24.5   1.7   1   3   1.3e-07   4.2e-05   20.5   0.4   217   258    48    88    23   131 0.64 length=732	scaffold=scaffold00774	strand=-
2983_g               -            732 6833at5820           -            348   2.6e-06   24.5   1.7   2   3     0.037        12    2.6   0.1   166   215   126   176    86   194 0.51 length=732	scaffold=scaffold00774	strand=-
2983_g               -            732 6833at5820           -            348   2.6e-06   24.5   1.7   3   3         1   3.4e+02   -2.2   0.0   195   218   256   279   237   294 0.63 length=732	scaffold=scaffold00774	strand=-
1404_g               -            189 6833at5820           -            348    0.0007   16.5   0.1   1   2   2.2e-05    0.0072   13.2   0.0   233   304    20    95     7    99 0.85 length=189	scaffold=scaffold00205	strand=+
1404_g               -            189 6833at5820           -            348    0.0007   16.5   0.1   2   2     0.089        30    1.3   0.0   254   289   142   180   115   185 0.78 length=189	scaffold=scaffold00205	strand=+
1715_g               -            328 6833at5820           -            348    0.0093   12.8   1.2   1   2     0.078        26    1.5   0.0   225   291    14    80     5    84 0.73 length=328	scaffold=scaffold00278	strand=-
1715_g               -            328 6833at5820           -            348    0.0093   12.8   1.2   2   2   0.00034      0.11    9.3   0.4   199   259   162   221   100   234 0.69 length=328	scaffold=scaffold00278	strand=-
#
# Program:         hmmsearch
# Version:         3.1b2 (February 2015)
# Pipeline mode:   SEARCH
# Query file:      /export/home/bio1901/Documents/29_BINP/OrthoSearch/busco_downloads/lineages/plasmodium_odb10/hmms/6833at5820.hmm
# Target file:     Results/1_GeneSequences/PB.faa
# Option settings: /home/users/bio1901/miniconda3/envs/busco/bin/hmmsearch --domtblout /export/home/bio1901/Documents/29_BINP/OrthoSearch/PB/run_plasmodium_odb10/hmmer_output/6833at5820.out --cpu 1 /export/home/bio1901/Documents/29_BINP/OrthoSearch/busco_downloads/lineages/plasmodium_odb10/hmms/6833at5820.hmm Results/1_GeneSequences/PB.faa 
# Current dir:     /export/home/bio1901/Documents/29_BINP/OrthoSearch
# Date:            Sun Mar 15 18:12:50 2020
# [ok]
