#                                                                            --- full sequence --- -------------- this domain -------------   hmm coord   ali coord   env coord
# target name        accession   tlen query name           accession   qlen   E-value  score  bias   #  of  c-Evalue  i-Evalue  score  bias  from    to  from    to  from    to  acc description of target
#------------------- ---------- ----- -------------------- ---------- ----- --------- ------ ----- --- --- --------- --------- ------ ----- ----- ----- ----- ----- ----- ----- ---- ---------------------
3987_g               -            664 684at5820            -           1068   7.1e-52  174.1 126.9   1   5   7.7e-27   1.5e-23   80.3  51.5   349   554     7   217     2   220 0.76 length=664	scaffold=scaffold01572	strand=-	adjustedToFrame=2
3987_g               -            664 684at5820            -           1068   7.1e-52  174.1 126.9   2   5   7.6e-11   1.5e-07   27.3  11.4   466   555   225   313   219   317 0.83 length=664	scaffold=scaffold01572	strand=-	adjustedToFrame=2
3987_g               -            664 684at5820            -           1068   7.1e-52  174.1 126.9   3   5   3.9e-25   7.8e-22   74.6  24.5   520   670   321   476   314   506 0.73 length=664	scaffold=scaffold01572	strand=-	adjustedToFrame=2
3987_g               -            664 684at5820            -           1068   7.1e-52  174.1 126.9   4   5     0.037        75   -1.5   3.7   609   641   542   574   525   582 0.81 length=664	scaffold=scaffold01572	strand=-	adjustedToFrame=2
3987_g               -            664 684at5820            -           1068   7.1e-52  174.1 126.9   5   5   5.4e-06     0.011   11.3  13.3   587   665   564   638   549   663 0.63 length=664	scaffold=scaffold01572	strand=-	adjustedToFrame=2
3986_g               -            232 684at5820            -           1068   2.4e-10   36.6   8.6   1   2   1.2e-13   2.4e-10   36.6   8.6   610   723     7   130     1   135 0.61 length=232	scaffold=scaffold01572	strand=-
3986_g               -            232 684at5820            -           1068   2.4e-10   36.6   8.6   2   2         2     4e+03  -12.1  14.6   475   498   167   190   150   231 0.32 length=232	scaffold=scaffold01572	strand=-
#
# Program:         hmmsearch
# Version:         3.1b2 (February 2015)
# Pipeline mode:   SEARCH
# Query file:      /export/home/bio1901/Documents/29_BINP/OrthoSearch/busco_downloads/lineages/plasmodium_odb10/hmms/684at5820.hmm
# Target file:     Results/1_GeneSequences/PB.faa
# Option settings: /home/users/bio1901/miniconda3/envs/busco/bin/hmmsearch --domtblout /export/home/bio1901/Documents/29_BINP/OrthoSearch/PB/run_plasmodium_odb10/hmmer_output/684at5820.out --cpu 1 /export/home/bio1901/Documents/29_BINP/OrthoSearch/busco_downloads/lineages/plasmodium_odb10/hmms/684at5820.hmm Results/1_GeneSequences/PB.faa 
# Current dir:     /export/home/bio1901/Documents/29_BINP/OrthoSearch
# Date:            Sun Mar 15 18:12:51 2020
# [ok]
