#                                                                            --- full sequence --- -------------- this domain -------------   hmm coord   ali coord   env coord
# target name        accession   tlen query name           accession   qlen   E-value  score  bias   #  of  c-Evalue  i-Evalue  score  bias  from    to  from    to  from    to  acc description of target
#------------------- ---------- ----- -------------------- ---------- ----- --------- ------ ----- --- --- --------- --------- ------ ----- ----- ----- ----- ----- ----- ----- ---- ---------------------
1618_g               -            391 6857at5820           -            381  1.6e-258  854.7   4.2   1   1  1.2e-260  1.8e-258  854.5   4.2     1   381     9   390     9   390 1.00 length=391	scaffold=scaffold00254	strand=-
2407_g               -            396 6857at5820           -            381  3.1e-147  488.4   1.6   1   1  2.5e-149  3.7e-147  488.2   1.6     8   380    23   394    17   395 0.97 length=396	scaffold=scaffold00502	strand=+
1091_g               -            493 6857at5820           -            381     5e-69  231.0   0.2   1   2     3e-11   4.4e-09   33.7   0.0    10    74   153   217   146   222 0.91 length=493	scaffold=scaffold00138	strand=-
1091_g               -            493 6857at5820           -            381     5e-69  231.0   0.2   2   2   2.5e-60   3.7e-58  195.2   0.4   115   378   226   487   218   490 0.95 length=493	scaffold=scaffold00138	strand=-
291_g                -           1572 6857at5820           -            381   4.8e-65  217.9  10.6   1   1   6.4e-66   9.4e-64  213.6  10.6    13   374   422   819   414   824 0.87 length=1572	scaffold=scaffold00022	strand=-
2156_g               -            475 6857at5820           -            381     1e-64  216.8   4.5   1   2   4.1e-11     6e-09   33.2   0.0    11    70    61   120    54   128 0.90 length=475	scaffold=scaffold00410	strand=+
2156_g               -            475 6857at5820           -            381     1e-64  216.8   4.5   2   2   2.7e-56   3.9e-54  182.0   4.0    82   377   164   466   157   471 0.89 length=475	scaffold=scaffold00410	strand=+
1937_g               -           1358 6857at5820           -            381   3.6e-56  188.7   2.7   1   2   3.8e-07   5.7e-05   20.2   0.0    17    71   180   234   162   261 0.76 length=1358	scaffold=scaffold00342	strand=+	adjustedToFrame=2
1937_g               -           1358 6857at5820           -            381   3.6e-56  188.7   2.7   2   2   9.5e-52   1.4e-49  167.0   1.7    72   376   306   617   301   621 0.87 length=1358	scaffold=scaffold00342	strand=+	adjustedToFrame=2
207_g                -            641 6857at5820           -            381   1.2e-55  186.9   0.0   1   1   1.2e-57   1.8e-55  186.4   0.0    11   364   195   562   192   575 0.87 length=641	scaffold=scaffold00014	strand=+
4074_g               -            889 6857at5820           -            381   1.1e-52  177.1   3.6   1   1   1.1e-54   1.7e-52  176.6   3.6    10   374    61   440    57   447 0.88 length=889	scaffold=scaffold01665	strand=-	adjustedToFrame=3
1035_g               -            652 6857at5820           -            381   2.2e-52  176.2   7.6   1   3       6.9     1e+03   -3.7   0.1   327   366   155   195   139   202 0.73 length=652	scaffold=scaffold00126	strand=-	adjustedToFrame=2
1035_g               -            652 6857at5820           -            381   2.2e-52  176.2   7.6   2   3   3.6e-06   0.00054   16.9   0.0     7    73   232   297   228   306 0.87 length=652	scaffold=scaffold00126	strand=-	adjustedToFrame=2
1035_g               -            652 6857at5820           -            381   2.2e-52  176.2   7.6   3   3   1.9e-49   2.8e-47  159.4   4.7    80   354   339   616   327   634 0.91 length=652	scaffold=scaffold00126	strand=-	adjustedToFrame=2
3826_g               -           1126 6857at5820           -            381   1.8e-50  169.9   0.0   1   2     2e-19   2.9e-17   60.6   0.0    12   175   703   875   699   907 0.86 length=1126	scaffold=scaffold01419	strand=-	adjustedToFrame=3
3826_g               -           1126 6857at5820           -            381   1.8e-50  169.9   0.0   2   2   1.6e-33   2.4e-31  107.0   0.0   186   377   910  1099   903  1102 0.92 length=1126	scaffold=scaffold01419	strand=-	adjustedToFrame=3
2422_g               -            654 6857at5820           -            381   6.6e-49  164.8   3.0   1   1   6.1e-51     9e-49  164.3   3.0    10   373   240   608   232   616 0.91 length=654	scaffold=scaffold00506	strand=-
3057_g               -            814 6857at5820           -            381   1.9e-47  160.0   1.1   1   2   1.3e-49   1.9e-47  160.0   1.1     3   369   198   564   196   571 0.92 length=814	scaffold=scaffold00819	strand=+
3057_g               -            814 6857at5820           -            381   1.9e-47  160.0   1.1   2   2      0.42        62    0.3   0.1   205   235   646   679   616   747 0.75 length=814	scaffold=scaffold00819	strand=+
1925_g               -            866 6857at5820           -            381   6.3e-41  138.5   1.2   1   3    0.0004     0.059   10.2   0.0     9    69   310   372   302   379 0.83 length=866	scaffold=scaffold00338	strand=-
1925_g               -            866 6857at5820           -            381   6.3e-41  138.5   1.2   2   3   3.8e-11   5.6e-09   33.3   0.0    80   174   406   501   394   511 0.81 length=866	scaffold=scaffold00338	strand=-
1925_g               -            866 6857at5820           -            381   6.3e-41  138.5   1.2   3   3   7.3e-29   1.1e-26   91.7   0.7   181   362   543   723   529   734 0.93 length=866	scaffold=scaffold00338	strand=-
2360_g               -            960 6857at5820           -            381   1.4e-40  137.4  11.6   1   1   1.5e-42   2.2e-40  136.7  11.6    10   361   128   499   120   510 0.85 length=960	scaffold=scaffold00485	strand=-
2139_g               -            551 6857at5820           -            381   2.4e-40  136.6   5.5   1   1   2.2e-42   3.2e-40  136.2   5.5    10   367   126   497   118   511 0.86 length=551	scaffold=scaffold00403	strand=+
3581_g               -           1373 6857at5820           -            381   9.1e-38  128.1  10.0   1   1   1.1e-39   1.7e-37  127.2  10.0     9   364   217   581   210   587 0.86 length=1373	scaffold=scaffold01199	strand=+
1972_g               -            784 6857at5820           -            381   1.3e-31  107.8  11.9   1   2   5.2e-10   7.7e-08   29.6   0.0    17    72   211   266   197   290 0.83 length=784	scaffold=scaffold00352	strand=-
1972_g               -            784 6857at5820           -            381   1.3e-31  107.8  11.9   2   2   1.6e-24   2.3e-22   77.4  10.4    81   368   315   602   304   613 0.83 length=784	scaffold=scaffold00352	strand=-
1604_g               -            597 6857at5820           -            381   6.1e-31  105.6   9.5   1   1   7.3e-33   1.1e-30  104.8   9.5    16   365   123   491   109   508 0.79 length=597	scaffold=scaffold00250	strand=-	adjustedToFrame=2
3083_g               -           1381 6857at5820           -            381   1.1e-22   78.4  14.7   1   4   5.6e-08   8.3e-06   22.9   0.0     9    73     2    66     1    77 0.93 length=1381	scaffold=scaffold00835	strand=-
3083_g               -           1381 6857at5820           -            381   1.1e-22   78.4  14.7   2   4     1e-08   1.5e-06   25.4   4.2    74   212   381   524   368   565 0.82 length=1381	scaffold=scaffold00835	strand=-
3083_g               -           1381 6857at5820           -            381   1.1e-22   78.4  14.7   3   4   1.4e-11   2.1e-09   34.8   0.4   265   352   648   735   586   743 0.85 length=1381	scaffold=scaffold00835	strand=-
3083_g               -           1381 6857at5820           -            381   1.1e-22   78.4  14.7   4   4       1.4   2.1e+02   -1.5   0.0   169   233   798   859   785   873 0.75 length=1381	scaffold=scaffold00835	strand=-
3437_g               -            903 6857at5820           -            381   1.4e-20   71.6   2.5   1   2   8.1e-17   1.2e-14   52.0   0.9    76   176   299   402   234   427 0.72 length=903	scaffold=scaffold01083	strand=+
3437_g               -            903 6857at5820           -            381   1.4e-20   71.6   2.5   2   2   1.1e-06   0.00016   18.7   0.0   271   334   736   800   723   827 0.89 length=903	scaffold=scaffold01083	strand=+
242_g                -            982 6857at5820           -            381   4.1e-15   53.5  11.0   1   3       1.2   1.7e+02   -1.2   0.0    66    91   325   352   314   389 0.80 length=982	scaffold=scaffold00017	strand=-
242_g                -            982 6857at5820           -            381   4.1e-15   53.5  11.0   2   3    0.0001     0.015   12.2   1.4   114   177   438   505   431   516 0.76 length=982	scaffold=scaffold00017	strand=-
242_g                -            982 6857at5820           -            381   4.1e-15   53.5  11.0   3   3   5.1e-15   7.5e-13   46.1   0.8   247   339   687   778   581   792 0.78 length=982	scaffold=scaffold00017	strand=-
3052_g               -            883 6857at5820           -            381   6.9e-14   49.5   3.8   1   3      0.89   1.3e+02   -0.8   0.1    48   112   282   348   268   364 0.79 length=883	scaffold=scaffold00817	strand=+
3052_g               -            883 6857at5820           -            381   6.9e-14   49.5   3.8   2   3         1   1.5e+02   -1.0   0.1   123   157   434   468   425   496 0.68 length=883	scaffold=scaffold00817	strand=+
3052_g               -            883 6857at5820           -            381   6.9e-14   49.5   3.8   3   3   5.9e-16   8.7e-14   49.2   0.1   275   371   690   786   645   791 0.82 length=883	scaffold=scaffold00817	strand=+
1049_g               -            804 6857at5820           -            381   1.8e-12   44.8   0.9   1   1   3.2e-14   4.7e-12   43.5   0.7   222   359   359   494   179   507 0.88 length=804	scaffold=scaffold00129	strand=+
3666_g               -           1378 6857at5820           -            381   1.2e-09   35.6  24.1   1   5      0.38        55    0.4   0.0   127   152   134   160   111   171 0.73 length=1378	scaffold=scaffold01272	strand=+	adjustedToFrame=2
3666_g               -           1378 6857at5820           -            381   1.2e-09   35.6  24.1   2   5   6.9e-05      0.01   12.7   1.5   148   227   238   319   224   334 0.72 length=1378	scaffold=scaffold01272	strand=+	adjustedToFrame=2
3666_g               -           1378 6857at5820           -            381   1.2e-09   35.6  24.1   3   5       4.2   6.1e+02   -3.0   1.8   193   252   416   473   408   482 0.75 length=1378	scaffold=scaffold01272	strand=+	adjustedToFrame=2
3666_g               -           1378 6857at5820           -            381   1.2e-09   35.6  24.1   4   5   2.2e-11   3.3e-09   34.1   1.7   218   355   599   737   591   748 0.69 length=1378	scaffold=scaffold01272	strand=+	adjustedToFrame=2
3666_g               -           1378 6857at5820           -            381   1.2e-09   35.6  24.1   5   5      0.31        45    0.7   0.0   341   370  1318  1346  1309  1355 0.87 length=1378	scaffold=scaffold01272	strand=+	adjustedToFrame=2
2331_g               -           1262 6857at5820           -            381   2.2e-07   28.1   5.6   1   1   6.5e-09   9.6e-07   26.0   5.6    28   355    48   392    42   413 0.67 length=1262	scaffold=scaffold00473	strand=+
3792_g               -            650 6857at5820           -            381   2.4e-07   28.0  10.2   1   3   2.9e-07   4.3e-05   20.5   0.0     9    69    50   110    43   138 0.91 length=650	scaffold=scaffold01388	strand=-	adjustedToFrame=2
3792_g               -            650 6857at5820           -            381   2.4e-07   28.0  10.2   2   3       2.1   3.1e+02   -2.0   0.0    79    93   360   374   317   386 0.73 length=650	scaffold=scaffold01388	strand=-	adjustedToFrame=2
3792_g               -            650 6857at5820           -            381   2.4e-07   28.0  10.2   3   3    0.0044      0.65    6.8   7.5   117   257   419   580   400   599 0.62 length=650	scaffold=scaffold01388	strand=-	adjustedToFrame=2
3791_g               -            385 6857at5820           -            381   6.6e-05   19.9   0.2   1   2   4.5e-07   6.6e-05   19.9   0.2   309   351     3    44     1    70 0.81 length=385	scaffold=scaffold01388	strand=-
3791_g               -            385 6857at5820           -            381   6.6e-05   19.9   0.2   2   2       1.9   2.8e+02   -1.9   0.3   198   221    88   110    49   168 0.54 length=385	scaffold=scaffold01388	strand=-
#
# Program:         hmmsearch
# Version:         3.1b2 (February 2015)
# Pipeline mode:   SEARCH
# Query file:      /export/home/bio1901/Documents/29_BINP/OrthoSearch/busco_downloads/lineages/plasmodium_odb10/hmms/6857at5820.hmm
# Target file:     Results/1_GeneSequences/PB.faa
# Option settings: /home/users/bio1901/miniconda3/envs/busco/bin/hmmsearch --domtblout /export/home/bio1901/Documents/29_BINP/OrthoSearch/PB/run_plasmodium_odb10/hmmer_output/6857at5820.out --cpu 1 /export/home/bio1901/Documents/29_BINP/OrthoSearch/busco_downloads/lineages/plasmodium_odb10/hmms/6857at5820.hmm Results/1_GeneSequences/PB.faa 
# Current dir:     /export/home/bio1901/Documents/29_BINP/OrthoSearch
# Date:            Sun Mar 15 18:12:52 2020
# [ok]
