#                                                                            --- full sequence --- -------------- this domain -------------   hmm coord   ali coord   env coord
# target name        accession   tlen query name           accession   qlen   E-value  score  bias   #  of  c-Evalue  i-Evalue  score  bias  from    to  from    to  from    to  acc description of target
#------------------- ---------- ----- -------------------- ---------- ----- --------- ------ ----- --- --- --------- --------- ------ ----- ----- ----- ----- ----- ----- ----- ---- ---------------------
2296_g               -            416 6860at5820           -            348  5.1e-175  579.2  29.5   1   1  9.1e-176  2.8e-173  573.5  29.5     8   348    21   415    16   415 0.90 length=416	scaffold=scaffold00459	strand=-
3003_g               -            377 6860at5820           -            348   3.4e-33  112.8  10.3   1   1   1.4e-35   4.3e-33  112.5  10.3     1   294    34   344    34   375 0.79 length=377	scaffold=scaffold00786	strand=-
156_g                -            561 6860at5820           -            348   1.7e-18   64.5   0.7   1   2   3.1e-20   9.4e-18   62.0   0.4     6    75    46   116    43   132 0.91 length=561	scaffold=scaffold00009	strand=+
156_g                -            561 6860at5820           -            348   1.7e-18   64.5   0.7   2   2      0.35   1.1e+02   -0.7   0.0    73   125   492   548   482   553 0.69 length=561	scaffold=scaffold00009	strand=+
40_g                 -            737 6860at5820           -            348     4e-18   63.2  10.6   1   3   3.4e-13     1e-10   38.8   0.1     3    71    62   133    60   142 0.90 length=737	scaffold=scaffold00002	strand=-
40_g                 -            737 6860at5820           -            348     4e-18   63.2  10.6   2   3   4.1e-12   1.3e-09   35.3   6.2    91   214   180   298   164   340 0.80 length=737	scaffold=scaffold00002	strand=-
40_g                 -            737 6860at5820           -            348     4e-18   63.2  10.6   3   3       6.2   1.9e+03   -4.8   4.7    24    66   453   495   437   587 0.60 length=737	scaffold=scaffold00002	strand=-
1082_g               -            248 6860at5820           -            348   2.5e-17   60.6   2.4   1   2   1.4e-18   4.3e-16   56.6   1.0     6    92     3    94     1   103 0.84 length=248	scaffold=scaffold00136	strand=+
1082_g               -            248 6860at5820           -            348   2.5e-17   60.6   2.4   2   2     0.018       5.6    3.6   0.0   175   232   178   237   168   245 0.85 length=248	scaffold=scaffold00136	strand=+
2807_g               -            663 6860at5820           -            348   2.7e-16   57.2   0.9   1   1   1.7e-18   5.2e-16   56.3   0.9     3    72   180   252   178   269 0.93 length=663	scaffold=scaffold00682	strand=-
747_g                -            281 6860at5820           -            348   4.7e-16   56.4   1.1   1   1   1.5e-18   4.7e-16   56.4   1.1     8    69    43   109    36   130 0.82 length=281	scaffold=scaffold00080	strand=-
4001_g               -            499 6860at5820           -            348   1.6e-13   48.1   2.7   1   2       1.2   3.7e+02   -2.4   0.1    58    71   105   118    98   129 0.79 length=499	scaffold=scaffold01586	strand=+	adjustedToFrame=3
4001_g               -            499 6860at5820           -            348   1.6e-13   48.1   2.7   2   2   5.2e-16   1.6e-13   48.1   2.7     4   116   156   272   153   285 0.80 length=499	scaffold=scaffold01586	strand=+	adjustedToFrame=3
3267_g               -            249 6860at5820           -            348   1.8e-13   48.0   2.3   1   1   9.8e-16     3e-13   47.2   2.3     6    71   108   176   104   192 0.88 length=249	scaffold=scaffold00955	strand=-
779_g                -            317 6860at5820           -            348   2.1e-11   41.2   4.3   1   2   9.3e-13   2.9e-10   37.4   0.4     6    77    50   122    47   148 0.88 length=317	scaffold=scaffold00085	strand=-
779_g                -            317 6860at5820           -            348   2.1e-11   41.2   4.3   2   2    0.0057       1.8    5.2   0.3   232   314   231   313   219   316 0.80 length=317	scaffold=scaffold00085	strand=-
1749_g               -            473 6860at5820           -            348   1.9e-07   28.1   0.0   1   1   1.6e-09   5.1e-07   26.7   0.0     8    76     7    84     2    92 0.82 length=473	scaffold=scaffold00287	strand=-
709_g                -            571 6860at5820           -            348   2.8e-07   27.6   0.2   1   2   2.8e-09   8.6e-07   26.0   0.0    11    71    54   118    47   124 0.87 length=571	scaffold=scaffold00075	strand=-
709_g                -            571 6860at5820           -            348   2.8e-07   27.6   0.2   2   2      0.89   2.7e+02   -2.0   0.1   224   259   235   274   222   296 0.63 length=571	scaffold=scaffold00075	strand=-
721_g                -            127 6860at5820           -            348   3.9e-07   27.1   7.6   1   1   2.4e-09   7.3e-07   26.2   7.6    11    64    10    65     2   121 0.70 length=127	scaffold=scaffold00077	strand=-
#
# Program:         hmmsearch
# Version:         3.1b2 (February 2015)
# Pipeline mode:   SEARCH
# Query file:      /export/home/bio1901/Documents/29_BINP/OrthoSearch/busco_downloads/lineages/plasmodium_odb10/hmms/6860at5820.hmm
# Target file:     Results/1_GeneSequences/PB.faa
# Option settings: /home/users/bio1901/miniconda3/envs/busco/bin/hmmsearch --domtblout /export/home/bio1901/Documents/29_BINP/OrthoSearch/PB/run_plasmodium_odb10/hmmer_output/6860at5820.out --cpu 1 /export/home/bio1901/Documents/29_BINP/OrthoSearch/busco_downloads/lineages/plasmodium_odb10/hmms/6860at5820.hmm Results/1_GeneSequences/PB.faa 
# Current dir:     /export/home/bio1901/Documents/29_BINP/OrthoSearch
# Date:            Sun Mar 15 18:12:52 2020
# [ok]
