#                                                                            --- full sequence --- -------------- this domain -------------   hmm coord   ali coord   env coord
# target name        accession   tlen query name           accession   qlen   E-value  score  bias   #  of  c-Evalue  i-Evalue  score  bias  from    to  from    to  from    to  acc description of target
#------------------- ---------- ----- -------------------- ---------- ----- --------- ------ ----- --- --- --------- --------- ------ ----- ----- ----- ----- ----- ----- ----- ---- ---------------------
687_g                -            439 6938at5820           -            387  3.4e-266  879.8   6.5   1   1  2.2e-268  4.2e-266  879.6   6.5     6   387    50   438    47   438 0.99 length=439	scaffold=scaffold00072	strand=-
2255_g               -            852 6938at5820           -            387  2.2e-108  360.4   0.0   1   2   9.6e-57   1.8e-54  182.9   0.1   123   363   204   442   190   464 0.93 length=852	scaffold=scaffold00443	strand=+	adjustedToFrame=2
2255_g               -            852 6938at5820           -            387  2.2e-108  360.4   0.0   2   2     2e-54   3.8e-52  175.2   0.0   122   354   476   709   466   730 0.95 length=852	scaffold=scaffold00443	strand=+	adjustedToFrame=2
3562_g               -            465 6938at5820           -            387  1.1e-106  354.8   0.2   1   1  7.1e-109  1.3e-106  354.5   0.2    90   374   173   458    90   462 0.92 length=465	scaffold=scaffold01184	strand=-
2871_g               -            412 6938at5820           -            387  1.9e-105  350.7   0.6   1   1  1.4e-107  2.6e-105  350.2   0.6    73   374    88   397    63   407 0.92 length=412	scaffold=scaffold00715	strand=+
3472_g               -           1300 6938at5820           -            387  1.3e-103  344.6   0.4   1   2     2e-58   3.7e-56  188.4   0.6   123   365   604   846   600   866 0.91 length=1300	scaffold=scaffold01114	strand=-	adjustedToFrame=3
3472_g               -           1300 6938at5820           -            387  1.3e-103  344.6   0.4   2   2   9.2e-48   1.8e-45  153.3   0.0   123   354   988  1218   977  1226 0.96 length=1300	scaffold=scaffold01114	strand=-	adjustedToFrame=3
3198_g               -            394 6938at5820           -            387   1.6e-99  331.2   0.7   1   1  1.1e-101     2e-99  330.8   0.7    31   373    24   380     3   386 0.93 length=394	scaffold=scaffold00911	strand=+
1457_g               -            452 6938at5820           -            387     3e-92  307.3   0.0   1   1   2.3e-94   4.3e-92  306.7   0.0    90   374   157   442   146   451 0.96 length=452	scaffold=scaffold00217	strand=+
2435_g               -            393 6938at5820           -            387   3.4e-92  307.1   2.1   1   1   2.4e-94   4.6e-92  306.6   2.1    13   375    13   384     2   390 0.90 length=393	scaffold=scaffold00511	strand=-
2537_g               -           1064 6938at5820           -            387   8.3e-60  200.4  17.2   1   4   3.6e-07   6.9e-05   19.7   0.0   131   186   305   360   288   370 0.89 length=1064	scaffold=scaffold00550	strand=+
2537_g               -           1064 6938at5820           -            387   8.3e-60  200.4  17.2   2   4   1.1e-12   2.2e-10   37.8   1.3   221   357   438   570   418   597 0.75 length=1064	scaffold=scaffold00550	strand=+
2537_g               -           1064 6938at5820           -            387   8.3e-60  200.4  17.2   3   4   7.6e-46   1.4e-43  147.0   0.1   124   316   675   867   654   891 0.91 length=1064	scaffold=scaffold00550	strand=+
2537_g               -           1064 6938at5820           -            387   8.3e-60  200.4  17.2   4   4     0.027       5.2    3.6   2.5   328   365   974  1011   942  1036 0.74 length=1064	scaffold=scaffold00550	strand=+
3622_g               -           1227 6938at5820           -            387   8.4e-57  190.6   0.2   1   2   2.5e-05    0.0047   13.6   0.0   162   311   378   517   340   528 0.72 length=1227	scaffold=scaffold01231	strand=-
3622_g               -           1227 6938at5820           -            387   8.4e-57  190.6   0.2   2   2   5.2e-54   9.8e-52  173.9   0.0   122   356   768  1001   752  1013 0.95 length=1227	scaffold=scaffold01231	strand=-
2006_g               -            876 6938at5820           -            387   1.7e-56  189.5   0.0   1   1   1.7e-58   3.3e-56  188.6   0.0   130   371   184   429   178   440 0.93 length=876	scaffold=scaffold00363	strand=-
1406_g               -            957 6938at5820           -            387   2.9e-52  175.6   0.0   1   1   3.4e-54   6.4e-52  174.5   0.0   125   372   392   647   371   651 0.88 length=957	scaffold=scaffold00206	strand=+
842_g                -            703 6938at5820           -            387   4.9e-52  174.9   0.4   1   1     5e-54   9.4e-52  173.9   0.4   124   372   244   488   232   507 0.92 length=703	scaffold=scaffold00095	strand=-
1654_g               -            771 6938at5820           -            387   1.2e-41  140.7   0.2   1   2   3.9e-39   7.3e-37  124.9   0.1   152   355   261   476   225   496 0.82 length=771	scaffold=scaffold00263	strand=-
1654_g               -            771 6938at5820           -            387   1.2e-41  140.7   0.2   2   2   2.5e-05    0.0047   13.6   0.0   167   285   556   674   543   706 0.75 length=771	scaffold=scaffold00263	strand=-
2356_g               -           2497 6938at5820           -            387   2.5e-23   80.4   0.2   1   3       6.3   1.2e+03   -4.2   0.0   257   322   229   299   224   301 0.79 length=2497	scaffold=scaffold00484	strand=-
2356_g               -           2497 6938at5820           -            387   2.5e-23   80.4   0.2   2   3   4.3e-20   8.2e-18   62.2   0.0   167   271  1792  1899  1770  1905 0.90 length=2497	scaffold=scaffold00484	strand=-
2356_g               -           2497 6938at5820           -            387   2.5e-23   80.4   0.2   3   3   1.2e-05    0.0023   14.6   0.0   256   314  1979  2037  1970  2062 0.85 length=2497	scaffold=scaffold00484	strand=-
792_g                -           1363 6938at5820           -            387   1.5e-15   54.7   0.0   1   1   8.1e-18   1.5e-15   54.7   0.0   166   303  1090  1226  1051  1248 0.87 length=1363	scaffold=scaffold00088	strand=-	adjustedToFrame=2
1029_g               -            551 6938at5820           -            387   5.8e-12   43.0   0.0   1   1   4.6e-14   8.7e-12   42.4   0.0   162   313   327   495   275   505 0.79 length=551	scaffold=scaffold00125	strand=+
3055_g               -            515 6938at5820           -            387   1.2e-10   38.6   0.0   1   2   0.00012     0.023   11.4   0.0   160   195   251   286   238   325 0.86 length=515	scaffold=scaffold00818	strand=-
3055_g               -            515 6938at5820           -            387   1.2e-10   38.6   0.0   2   2   9.7e-09   1.8e-06   24.8   0.0   256   303   392   439   378   459 0.90 length=515	scaffold=scaffold00818	strand=-
2384_g               -            913 6938at5820           -            387   5.2e-10   36.5   1.6   1   1   6.4e-12   1.2e-09   35.3   1.6    58   249   586   779   555   872 0.77 length=913	scaffold=scaffold00495	strand=+	adjustedToFrame=3
261_g                -            532 6938at5820           -            387     0.004   13.9   0.1   1   2   5.6e-05     0.011   12.5   0.0   165   203    63   103    55   147 0.84 length=532	scaffold=scaffold00019	strand=+
261_g                -            532 6938at5820           -            387     0.004   13.9   0.1   2   2       3.3   6.2e+02   -3.2   0.0   263   278   332   347   316   352 0.75 length=532	scaffold=scaffold00019	strand=+
224_g                -           1068 6938at5820           -            387    0.0043   13.8   0.0   1   3       1.2   2.3e+02   -1.8   0.3    17    56   627   666   622   673 0.84 length=1068	scaffold=scaffold00015	strand=-
224_g                -           1068 6938at5820           -            387    0.0043   13.8   0.0   2   3      0.04       7.5    3.1   0.0   163   194   866   897   851   905 0.83 length=1068	scaffold=scaffold00015	strand=-
224_g                -           1068 6938at5820           -            387    0.0043   13.8   0.0   3   3   2.3e-05    0.0043   13.8   0.0   198   276   961  1044   944  1049 0.66 length=1068	scaffold=scaffold00015	strand=-
#
# Program:         hmmsearch
# Version:         3.1b2 (February 2015)
# Pipeline mode:   SEARCH
# Query file:      /export/home/bio1901/Documents/29_BINP/OrthoSearch/busco_downloads/lineages/plasmodium_odb10/hmms/6938at5820.hmm
# Target file:     Results/1_GeneSequences/PB.faa
# Option settings: /home/users/bio1901/miniconda3/envs/busco/bin/hmmsearch --domtblout /export/home/bio1901/Documents/29_BINP/OrthoSearch/PB/run_plasmodium_odb10/hmmer_output/6938at5820.out --cpu 1 /export/home/bio1901/Documents/29_BINP/OrthoSearch/busco_downloads/lineages/plasmodium_odb10/hmms/6938at5820.hmm Results/1_GeneSequences/PB.faa 
# Current dir:     /export/home/bio1901/Documents/29_BINP/OrthoSearch
# Date:            Sun Mar 15 18:13:05 2020
# [ok]
