#                                                                            --- full sequence --- -------------- this domain -------------   hmm coord   ali coord   env coord
# target name        accession   tlen query name           accession   qlen   E-value  score  bias   #  of  c-Evalue  i-Evalue  score  bias  from    to  from    to  from    to  acc description of target
#------------------- ---------- ----- -------------------- ---------- ----- --------- ------ ----- --- --- --------- --------- ------ ----- ----- ----- ----- ----- ----- ----- ---- ---------------------
670_g                -           1977 694at5820            -           1255  2.2e-285  947.6 289.5   1   9   4.9e-50     2e-46  156.1  28.1    41   191    74   249    63   254 0.78 length=1977	scaffold=scaffold00070	strand=-
670_g                -           1977 694at5820            -           1255  2.2e-285  947.6 289.5   2   9     2e-26   7.9e-23   77.9   8.7   183   261   271   351   268   361 0.91 length=1977	scaffold=scaffold00070	strand=-
670_g                -           1977 694at5820            -           1255  2.2e-285  947.6 289.5   3   9   5.2e-65   2.1e-61  205.7  26.3   268   447   467   647   451   684 0.89 length=1977	scaffold=scaffold00070	strand=-
670_g                -           1977 694at5820            -           1255  2.2e-285  947.6 289.5   4   9   1.7e-95     7e-92  306.7  54.6   444   747   720  1045   707  1062 0.89 length=1977	scaffold=scaffold00070	strand=-
670_g                -           1977 694at5820            -           1255  2.2e-285  947.6 289.5   5   9         1     4e+03  -25.1  27.2  1101  1248  1186  1282  1064  1299 0.45 length=1977	scaffold=scaffold00070	strand=-
670_g                -           1977 694at5820            -           1255  2.2e-285  947.6 289.5   6   9   1.9e-07   0.00075   15.0  10.4   767   827  1299  1359  1276  1366 0.82 length=1977	scaffold=scaffold00070	strand=-
670_g                -           1977 694at5820            -           1255  2.2e-285  947.6 289.5   7   9   5.9e-56   2.4e-52  175.7  47.4   812  1094  1378  1657  1369  1739 0.77 length=1977	scaffold=scaffold00070	strand=-
670_g                -           1977 694at5820            -           1255  2.2e-285  947.6 289.5   8   9         1     4e+03  -20.7  31.3  1030  1186  1649  1805  1642  1849 0.73 length=1977	scaffold=scaffold00070	strand=-
670_g                -           1977 694at5820            -           1255  2.2e-285  947.6 289.5   9   9   8.4e-24   3.4e-20   69.2  33.2  1031  1242  1753  1977  1747  1977 0.66 length=1977	scaffold=scaffold00070	strand=-
#
# Program:         hmmsearch
# Version:         3.1b2 (February 2015)
# Pipeline mode:   SEARCH
# Query file:      /export/home/bio1901/Documents/29_BINP/OrthoSearch/busco_downloads/lineages/plasmodium_odb10/hmms/694at5820.hmm
# Target file:     Results/1_GeneSequences/PB.faa
# Option settings: /home/users/bio1901/miniconda3/envs/busco/bin/hmmsearch --domtblout /export/home/bio1901/Documents/29_BINP/OrthoSearch/PB/run_plasmodium_odb10/hmmer_output/694at5820.out --cpu 1 /export/home/bio1901/Documents/29_BINP/OrthoSearch/busco_downloads/lineages/plasmodium_odb10/hmms/694at5820.hmm Results/1_GeneSequences/PB.faa 
# Current dir:     /export/home/bio1901/Documents/29_BINP/OrthoSearch
# Date:            Sun Mar 15 18:13:06 2020
# [ok]
