#                                                                            --- full sequence --- -------------- this domain -------------   hmm coord   ali coord   env coord
# target name        accession   tlen query name           accession   qlen   E-value  score  bias   #  of  c-Evalue  i-Evalue  score  bias  from    to  from    to  from    to  acc description of target
#------------------- ---------- ----- -------------------- ---------- ----- --------- ------ ----- --- --- --------- --------- ------ ----- ----- ----- ----- ----- ----- ----- ---- ---------------------
3947_g               -            290 6981at5820           -            460  1.7e-108  361.2  69.2   1   2   1.5e-87   1.2e-84  282.6  44.4    33   229     3   206     1   208 0.96 length=290	scaffold=scaffold01532	strand=-
3947_g               -            290 6981at5820           -            460  1.7e-108  361.2  69.2   2   2   3.1e-28   2.5e-25   87.0  21.4   203   284   201   282   200   288 0.86 length=290	scaffold=scaffold01532	strand=-
3946_g               -            173 6981at5820           -            460   2.6e-60  202.3   4.7   1   1   3.8e-63     3e-60  202.1   4.7   300   460     1   172     1   172 0.86 length=173	scaffold=scaffold01532	strand=-
1642_g               -            309 6981at5820           -            460   5.2e-17   59.5  13.5   1   1   8.5e-20   6.8e-17   59.2  13.5     7   162   134   298   129   306 0.84 length=309	scaffold=scaffold00260	strand=-
110_g                -            574 6981at5820           -            460   5.2e-06   23.3   4.0   1   5   6.6e-09   5.2e-06   23.3   4.0    34   136    15   115     3   126 0.83 length=574	scaffold=scaffold00006	strand=+
110_g                -            574 6981at5820           -            460   5.2e-06   23.3   4.0   2   5         5     4e+03   -8.6  18.2   200   231   217   245   195   254 0.42 length=574	scaffold=scaffold00006	strand=+
110_g                -            574 6981at5820           -            460   5.2e-06   23.3   4.0   3   5     0.067        53    0.2  18.1     2    88   233   326   232   342 0.68 length=574	scaffold=scaffold00006	strand=+
110_g                -            574 6981at5820           -            460   5.2e-06   23.3   4.0   4   5      0.47   3.7e+02   -2.6   2.8    68    85   332   349   296   373 0.64 length=574	scaffold=scaffold00006	strand=+
110_g                -            574 6981at5820           -            460   5.2e-06   23.3   4.0   5   5     0.018        14    2.1   6.3    20   145   386   504   366   528 0.77 length=574	scaffold=scaffold00006	strand=+
3348_g               -            697 6981at5820           -            460    0.0038   13.9  11.4   1   2   0.00032      0.26    7.8   2.5   164   276    23   134    13   158 0.79 length=697	scaffold=scaffold01013	strand=+
3348_g               -            697 6981at5820           -            460    0.0038   13.9  11.4   2   2     4e-05     0.032   10.8   1.8   202   276   378   452   368   464 0.62 length=697	scaffold=scaffold01013	strand=+
#
# Program:         hmmsearch
# Version:         3.1b2 (February 2015)
# Pipeline mode:   SEARCH
# Query file:      /export/home/bio1901/Documents/29_BINP/OrthoSearch/busco_downloads/lineages/plasmodium_odb10/hmms/6981at5820.hmm
# Target file:     Results/1_GeneSequences/PB.faa
# Option settings: /home/users/bio1901/miniconda3/envs/busco/bin/hmmsearch --domtblout /export/home/bio1901/Documents/29_BINP/OrthoSearch/PB/run_plasmodium_odb10/hmmer_output/6981at5820.out --cpu 1 /export/home/bio1901/Documents/29_BINP/OrthoSearch/busco_downloads/lineages/plasmodium_odb10/hmms/6981at5820.hmm Results/1_GeneSequences/PB.faa 
# Current dir:     /export/home/bio1901/Documents/29_BINP/OrthoSearch
# Date:            Sun Mar 15 18:13:13 2020
# [ok]
