#                                                                            --- full sequence --- -------------- this domain -------------   hmm coord   ali coord   env coord
# target name        accession   tlen query name           accession   qlen   E-value  score  bias   #  of  c-Evalue  i-Evalue  score  bias  from    to  from    to  from    to  acc description of target
#------------------- ---------- ----- -------------------- ---------- ----- --------- ------ ----- --- --- --------- --------- ------ ----- ----- ----- ----- ----- ----- ----- ---- ---------------------
1696_g               -            415 6999at5820           -            339  2.5e-109  363.2  14.6   1   2  5.3e-109  7.3e-107  355.1   6.5     8   190    62   244    55   254 0.97 length=415	scaffold=scaffold00273	strand=-
1696_g               -            415 6999at5820           -            339  2.5e-109  363.2  14.6   2   2   6.3e-05    0.0086   13.0   0.4   268   293   266   291   253   322 0.87 length=415	scaffold=scaffold00273	strand=-
1275_g               -            518 6999at5820           -            339   4.8e-56  188.1   4.3   1   1   6.5e-58   8.9e-56  187.2   4.3     8   301    21   317    14   352 0.87 length=518	scaffold=scaffold00176	strand=-
3036_g               -           1000 6999at5820           -            339   7.5e-38  128.2   4.1   1   1   9.3e-40   1.3e-37  127.5   4.1     6   304   647   963   643   989 0.74 length=1000	scaffold=scaffold00809	strand=+	adjustedToFrame=2
159_g                -            313 6999at5820           -            339   1.9e-35  120.3   0.8   1   2       1.5   2.1e+02   -1.5   0.2    50    77     8    35     6    61 0.76 length=313	scaffold=scaffold00009	strand=-	adjustedToFrame=2
159_g                -            313 6999at5820           -            339   1.9e-35  120.3   0.8   2   2   1.4e-37   1.9e-35  120.3   0.8   115   302   114   310    74   312 0.87 length=313	scaffold=scaffold00009	strand=-	adjustedToFrame=2
2166_g               -            585 6999at5820           -            339     8e-34  115.0  18.4   1   3   5.5e-14   7.5e-12   42.7   5.0    10   100    34   122    23   137 0.81 length=585	scaffold=scaffold00414	strand=+
2166_g               -            585 6999at5820           -            339     8e-34  115.0  18.4   2   3     1e-10   1.4e-08   32.0   2.4    77   147   237   307   228   323 0.79 length=585	scaffold=scaffold00414	strand=+
2166_g               -            585 6999at5820           -            339     8e-34  115.0  18.4   3   3     2e-15   2.8e-13   47.4   0.1   152   202   528   578   507   581 0.93 length=585	scaffold=scaffold00414	strand=+
3411_g               -            877 6999at5820           -            339   1.6e-31  107.4   0.6   1   2     0.005      0.69    6.7   0.1     3    67   374   444   372   449 0.78 length=877	scaffold=scaffold01062	strand=-	adjustedToFrame=2
3411_g               -            877 6999at5820           -            339   1.6e-31  107.4   0.6   2   2   7.5e-31     1e-28   98.2   0.0    72   298   549   800   542   815 0.80 length=877	scaffold=scaffold01062	strand=-	adjustedToFrame=2
1688_g               -            647 6999at5820           -            339   1.8e-28   97.4   0.8   1   1   2.3e-29   3.2e-27   93.3   0.7   109   303   201   423   173   438 0.80 length=647	scaffold=scaffold00271	strand=-
229_g                -           1128 6999at5820           -            339   9.7e-28   95.0  19.4   1   3   3.1e-12   4.2e-10   37.0   4.9     8   164   113   267   107   277 0.84 length=1128	scaffold=scaffold00016	strand=+
229_g                -           1128 6999at5820           -            339   9.7e-28   95.0  19.4   2   3   6.3e-12   8.7e-10   36.0   0.0   170   208   299   337   289   358 0.90 length=1128	scaffold=scaffold00016	strand=+
229_g                -           1128 6999at5820           -            339   9.7e-28   95.0  19.4   3   3   1.4e-10     2e-08   31.5   0.1   218   305   375   464   366   478 0.86 length=1128	scaffold=scaffold00016	strand=+
2376_g               -            462 6999at5820           -            339     1e-25   88.4   2.9   1   2   1.4e-24   1.9e-22   77.6   0.5     9   223    81   288    76   296 0.83 length=462	scaffold=scaffold00492	strand=-
2376_g               -            462 6999at5820           -            339     1e-25   88.4   2.9   2   2   0.00028     0.039   10.8   0.1   266   322   306   362   290   379 0.79 length=462	scaffold=scaffold00492	strand=-
2167_g               -            179 6999at5820           -            339   2.3e-25   87.2   0.2   1   1     2e-27   2.8e-25   86.9   0.2   205   302     2    99     1   136 0.90 length=179	scaffold=scaffold00414	strand=+
1507_g               -           1229 6999at5820           -            339   7.3e-25   85.5   7.2   1   2   5.3e-27   7.3e-25   85.5   7.2    14   213    12   215     4   221 0.81 length=1229	scaffold=scaffold00229	strand=-
1507_g               -           1229 6999at5820           -            339   7.3e-25   85.5   7.2   2   2       2.9     4e+02   -2.4   0.0   271   291   244   264   232   274 0.79 length=1229	scaffold=scaffold00229	strand=-
3015_g               -            760 6999at5820           -            339   2.2e-20   70.8   7.6   1   2   2.1e-21   2.8e-19   67.1   3.6    17   221   317   514   305   522 0.78 length=760	scaffold=scaffold00797	strand=-	adjustedToFrame=3
3015_g               -            760 6999at5820           -            339   2.2e-20   70.8   7.6   2   2     0.052       7.1    3.4   0.1   265   329   533   603   519   611 0.70 length=760	scaffold=scaffold00797	strand=-	adjustedToFrame=3
825_g                -            769 6999at5820           -            339   1.5e-19   68.0   6.2   1   3   1.1e-21   1.5e-19   68.0   6.2    10   221     9   214     4   229 0.79 length=769	scaffold=scaffold00092	strand=+
825_g                -            769 6999at5820           -            339   1.5e-19   68.0   6.2   2   3       3.3   4.5e+02   -2.6   0.0   267   307   231   271   213   277 0.76 length=769	scaffold=scaffold00092	strand=+
825_g                -            769 6999at5820           -            339   1.5e-19   68.0   6.2   3   3       4.1   5.6e+02   -2.9   0.2    92   142   343   393   308   400 0.58 length=769	scaffold=scaffold00092	strand=+
588_g                -            577 6999at5820           -            339   2.1e-19   67.6   3.3   1   2   7.1e-21   9.7e-19   65.4   2.8    15   214   285   482   279   487 0.84 length=577	scaffold=scaffold00058	strand=-
588_g                -            577 6999at5820           -            339   2.1e-19   67.6   3.3   2   2      0.71        97   -0.4   0.0   264   298   502   536   495   554 0.81 length=577	scaffold=scaffold00058	strand=-
61_g                 -            877 6999at5820           -            339     1e-18   65.3   6.9   1   2   2.5e-20   3.4e-18   63.6   5.8    10   208   419   612   410   635 0.83 length=877	scaffold=scaffold00003	strand=+
61_g                 -            877 6999at5820           -            339     1e-18   65.3   6.9   2   2      0.81   1.1e+02   -0.6   0.0   267   298   642   673   636   704 0.81 length=877	scaffold=scaffold00003	strand=+
1961_g               -            485 6999at5820           -            339   1.2e-18   65.1   0.5   1   2   8.9e-18   1.2e-15   55.2   0.1    17   226    46   249    36   253 0.75 length=485	scaffold=scaffold00349	strand=-
1961_g               -            485 6999at5820           -            339   1.2e-18   65.1   0.5   2   2    0.0029       0.4    7.5   0.0   261   308   259   305   250   317 0.82 length=485	scaffold=scaffold00349	strand=-
667_g                -            544 6999at5820           -            339   1.8e-17   61.2   0.9   1   2   4.2e-19   5.8e-17   59.6   0.9     9   222   109   314   104   336 0.82 length=544	scaffold=scaffold00069	strand=-
667_g                -            544 6999at5820           -            339   1.8e-17   61.2   0.9   2   2       3.4   4.6e+02   -2.6   0.0   278   297   345   364   313   375 0.79 length=544	scaffold=scaffold00069	strand=-
2611_g               -           1579 6999at5820           -            339   2.6e-17   60.7   5.8   1   1   3.9e-19   5.4e-17   59.6   5.8    13   207  1141  1328  1132  1347 0.78 length=1579	scaffold=scaffold00584	strand=-
2604_g               -           1027 6999at5820           -            339   5.5e-17   59.6   1.7   1   1     4e-19   5.5e-17   59.6   1.7     3   214   687   893   685   985 0.77 length=1027	scaffold=scaffold00578	strand=-	adjustedToFrame=2
4034_g               -            619 6999at5820           -            339   9.1e-17   58.9   4.1   1   1   6.6e-19   9.1e-17   58.9   4.1    17   200   373   563   354   573 0.77 length=619	scaffold=scaffold01621	strand=-	adjustedToFrame=3
3118_g               -            750 6999at5820           -            339   1.9e-16   57.9   3.6   1   3       4.2   5.7e+02   -2.9   0.1    26    38   241   253   230   271 0.80 length=750	scaffold=scaffold00857	strand=+
3118_g               -            750 6999at5820           -            339   1.9e-16   57.9   3.6   2   3     0.062       8.6    3.1   0.4    13    61   486   537   477   540 0.71 length=750	scaffold=scaffold00857	strand=+
3118_g               -            750 6999at5820           -            339   1.9e-16   57.9   3.6   3   3   3.1e-18   4.2e-16   56.7   0.4    96   214   531   647   498   658 0.80 length=750	scaffold=scaffold00857	strand=+
1282_g               -            569 6999at5820           -            339   1.9e-15   54.6   0.0   1   2       1.6   2.2e+02   -1.5   0.0    11    42   256   287   248   319 0.83 length=569	scaffold=scaffold00177	strand=+
1282_g               -            569 6999at5820           -            339   1.9e-15   54.6   0.0   2   2   5.3e-17   7.3e-15   52.6   0.0   118   229   359   465   347   497 0.89 length=569	scaffold=scaffold00177	strand=+
574_g                -           1016 6999at5820           -            339   3.3e-14   50.5   0.9   1   1     8e-16   1.1e-13   48.8   0.9     9   225    58   299    51   317 0.68 length=1016	scaffold=scaffold00057	strand=-
347_g                -           1559 6999at5820           -            339   2.8e-12   44.2  14.4   1   4       8.9   1.2e+03   -4.0   1.5    71   108    43    80    19    88 0.80 length=1559	scaffold=scaffold00028	strand=+
347_g                -           1559 6999at5820           -            339   2.8e-12   44.2  14.4   2   4     9e-07   0.00012   19.0   1.3    85   173  1087  1175  1066  1205 0.75 length=1559	scaffold=scaffold00028	strand=+
347_g                -           1559 6999at5820           -            339   2.8e-12   44.2  14.4   3   4   1.9e-10   2.6e-08   31.1   0.1   151   215  1335  1396  1319  1412 0.86 length=1559	scaffold=scaffold00028	strand=+
347_g                -           1559 6999at5820           -            339   2.8e-12   44.2  14.4   4   4      0.34        46    0.7   0.0   271   297  1523  1549  1513  1553 0.91 length=1559	scaffold=scaffold00028	strand=+
3635_g               -            463 6999at5820           -            339   2.8e-11   40.9  12.0   1   1   4.1e-13   5.7e-11   39.9  12.0     6   161   268   420   261   427 0.81 length=463	scaffold=scaffold01242	strand=+
3874_g               -            126 6999at5820           -            339   4.9e-09   33.5   4.8   1   1   4.4e-11     6e-09   33.2   4.8     6   103    13   119     8   126 0.75 length=126	scaffold=scaffold01462	strand=+
1764_g               -            234 6999at5820           -            339   1.2e-07   28.9   0.0   1   1   1.3e-09   1.8e-07   28.3   0.0   148   227     8    89     1   106 0.81 length=234	scaffold=scaffold00292	strand=+	adjustedToFrame=2
2410_g               -            133 6999at5820           -            339   2.7e-06   24.5   0.0   1   1   2.1e-08   2.9e-06   24.4   0.0   140   228     2    89     1   120 0.81 length=133	scaffold=scaffold00503	strand=-
2556_g               -            656 6999at5820           -            339   1.3e-05   22.2  15.0   1   1   2.4e-07   3.3e-05   20.9  15.0    26   166   455   592   443   598 0.77 length=656	scaffold=scaffold00556	strand=+
#
# Program:         hmmsearch
# Version:         3.1b2 (February 2015)
# Pipeline mode:   SEARCH
# Query file:      /export/home/bio1901/Documents/29_BINP/OrthoSearch/busco_downloads/lineages/plasmodium_odb10/hmms/6999at5820.hmm
# Target file:     Results/1_GeneSequences/PB.faa
# Option settings: /home/users/bio1901/miniconda3/envs/busco/bin/hmmsearch --domtblout /export/home/bio1901/Documents/29_BINP/OrthoSearch/PB/run_plasmodium_odb10/hmmer_output/6999at5820.out --cpu 1 /export/home/bio1901/Documents/29_BINP/OrthoSearch/busco_downloads/lineages/plasmodium_odb10/hmms/6999at5820.hmm Results/1_GeneSequences/PB.faa 
# Current dir:     /export/home/bio1901/Documents/29_BINP/OrthoSearch
# Date:            Sun Mar 15 18:13:16 2020
# [ok]
