#                                                                            --- full sequence --- -------------- this domain -------------   hmm coord   ali coord   env coord
# target name        accession   tlen query name           accession   qlen   E-value  score  bias   #  of  c-Evalue  i-Evalue  score  bias  from    to  from    to  from    to  acc description of target
#------------------- ---------- ----- -------------------- ---------- ----- --------- ------ ----- --- --- --------- --------- ------ ----- ----- ----- ----- ----- ----- ----- ---- ---------------------
3472_g               -           1300 7030at5820           -            387   3.1e-89  297.6  11.1   1   3   2.4e-43   5.6e-41  138.7   1.5    94   313   604   833   560   863 0.85 length=1300	scaffold=scaffold01114	strand=-	adjustedToFrame=3
3472_g               -           1300 7030at5820           -            387   3.1e-89  297.6  11.1   2   3       5.5   1.3e+03   -4.0   2.0    67    95   934   963   897   971 0.55 length=1300	scaffold=scaffold01114	strand=-	adjustedToFrame=3
3472_g               -           1300 7030at5820           -            387   3.1e-89  297.6  11.1   3   3   7.1e-54   1.7e-51  173.4   2.5    98   386   992  1297   985  1298 0.84 length=1300	scaffold=scaffold01114	strand=-	adjustedToFrame=3
2255_g               -            852 7030at5820           -            387   2.4e-80  268.3   0.0   1   3   7.8e-40   1.8e-37  127.2   0.0    95   312   205   432   196   438 0.88 length=852	scaffold=scaffold00443	strand=+	adjustedToFrame=2
2255_g               -            852 7030at5820           -            387   2.4e-80  268.3   0.0   2   3   4.5e-42   1.1e-39  134.5   0.0    97   316   480   712   471   745 0.85 length=852	scaffold=scaffold00443	strand=+	adjustedToFrame=2
2255_g               -            852 7030at5820           -            387   2.4e-80  268.3   0.0   3   3     0.054        13    2.6   0.0   341   380   770   809   754   813 0.85 length=852	scaffold=scaffold00443	strand=+	adjustedToFrame=2
2537_g               -           1064 7030at5820           -            387   9.3e-53  177.5  28.1   1   4   7.2e-11   1.7e-08   31.8   2.9    47   160   251   364   216   381 0.73 length=1064	scaffold=scaffold00550	strand=+
2537_g               -           1064 7030at5820           -            387   9.3e-53  177.5  28.1   2   4     2e-14   4.7e-12   43.5   3.0   168   313   412   567   405   580 0.81 length=1064	scaffold=scaffold00550	strand=+
2537_g               -           1064 7030at5820           -            387   9.3e-53  177.5  28.1   3   4   2.5e-41   5.9e-39  132.1   6.6    98   301   678   883   630   896 0.88 length=1064	scaffold=scaffold00550	strand=+
2537_g               -           1064 7030at5820           -            387   9.3e-53  177.5  28.1   4   4       1.9   4.4e+02   -2.5   7.4   284   328   971  1015   955  1037 0.71 length=1064	scaffold=scaffold00550	strand=+
3622_g               -           1227 7030at5820           -            387   1.2e-50  170.6  26.9   1   2   1.9e-13   4.5e-11   40.3  12.5    72   281   322   521   296   541 0.73 length=1227	scaffold=scaffold01231	strand=-
3622_g               -           1227 7030at5820           -            387   1.2e-50  170.6  26.9   2   2   1.9e-45   4.4e-43  145.7   6.4    74   322   749  1006   715  1045 0.86 length=1227	scaffold=scaffold01231	strand=-
2435_g               -            393 7030at5820           -            387   1.6e-42  143.8   0.1   1   2      0.45   1.1e+02   -0.4   0.1   161   208    24    74    12   100 0.66 length=393	scaffold=scaffold00511	strand=-
2435_g               -            393 7030at5820           -            387   1.6e-42  143.8   0.1   2   2   3.2e-44   7.5e-42  141.6   0.0    88   313   124   362   102   369 0.83 length=393	scaffold=scaffold00511	strand=-
687_g                -            439 7030at5820           -            387     2e-38  130.3   1.8   1   2       5.1   1.2e+03   -3.9   3.1    50    91    51    92    37   103 0.73 length=439	scaffold=scaffold00072	strand=-
687_g                -            439 7030at5820           -            387     2e-38  130.3   1.8   2   2     1e-40   2.4e-38  130.1   0.0   100   308   180   400   164   413 0.85 length=439	scaffold=scaffold00072	strand=-
3562_g               -            465 7030at5820           -            387   2.1e-38  130.2   0.0   1   1   1.8e-40   4.3e-38  129.3   0.0    99   309   211   434   177   443 0.83 length=465	scaffold=scaffold01184	strand=-
2871_g               -            412 7030at5820           -            387   5.9e-38  128.8   0.0   1   1   4.4e-40     1e-37  128.0   0.0    91   309   142   373   121   392 0.84 length=412	scaffold=scaffold00715	strand=+
2006_g               -            876 7030at5820           -            387   1.1e-36  124.6   0.0   1   1   4.6e-39   1.1e-36  124.6   0.0    90   309   173   408   150   416 0.85 length=876	scaffold=scaffold00363	strand=-
842_g                -            703 7030at5820           -            387   1.5e-35  120.9   0.8   1   2      0.31        74    0.1   0.1   286   325    35    74    25   116 0.82 length=703	scaffold=scaffold00095	strand=-
842_g                -            703 7030at5820           -            387   1.5e-35  120.9   0.8   2   2   3.4e-37     8e-35  118.5   0.1    95   303   243   460   219   483 0.84 length=703	scaffold=scaffold00095	strand=-
3198_g               -            394 7030at5820           -            387   2.1e-35  120.4   0.0   1   1   1.3e-37   3.1e-35  119.8   0.0    95   313   130   361   100   376 0.84 length=394	scaffold=scaffold00911	strand=+
1457_g               -            452 7030at5820           -            387   1.7e-34  117.4   3.3   1   1   9.5e-37   2.2e-34  117.0   0.0    97   310   193   419   173   425 0.83 length=452	scaffold=scaffold00217	strand=+
1406_g               -            957 7030at5820           -            387   9.1e-31  105.1   0.1   1   1   3.9e-33   9.1e-31  105.1   0.1    96   304   392   619   378   632 0.84 length=957	scaffold=scaffold00206	strand=+
1654_g               -            771 7030at5820           -            387   3.7e-26   89.9   5.2   1   2   5.3e-22   1.2e-19   68.5   0.4    85   323   222   487   210   513 0.70 length=771	scaffold=scaffold00263	strand=-
1654_g               -            771 7030at5820           -            387   3.7e-26   89.9   5.2   2   2   2.9e-08   6.8e-06   23.3   0.5   133   269   552   690   537   709 0.80 length=771	scaffold=scaffold00263	strand=-
1029_g               -            551 7030at5820           -            387   6.5e-15   52.9   3.5   1   2       2.4   5.6e+02   -2.8   0.3   337   376   116   155    96   160 0.70 length=551	scaffold=scaffold00125	strand=+
1029_g               -            551 7030at5820           -            387   6.5e-15   52.9   3.5   2   2   2.8e-17   6.5e-15   52.9   3.5    65   290   255   506   242   512 0.72 length=551	scaffold=scaffold00125	strand=+
2384_g               -            913 7030at5820           -            387   5.2e-11   40.1  20.9   1   2       2.1   4.8e+02   -2.6   0.0   279   306   404   435   393   446 0.71 length=913	scaffold=scaffold00495	strand=+	adjustedToFrame=3
2384_g               -            913 7030at5820           -            387   5.2e-11   40.1  20.9   2   2   2.2e-13   5.2e-11   40.1  20.9    13   212   569   770   556   805 0.69 length=913	scaffold=scaffold00495	strand=+	adjustedToFrame=3
3687_g               -            479 7030at5820           -            387    0.0023   14.9   0.0   1   1     2e-05    0.0047   13.9   0.0   115   178    68   130    45   161 0.77 length=479	scaffold=scaffold01290	strand=-
#
# Program:         hmmsearch
# Version:         3.1b2 (February 2015)
# Pipeline mode:   SEARCH
# Query file:      /export/home/bio1901/Documents/29_BINP/OrthoSearch/busco_downloads/lineages/plasmodium_odb10/hmms/7030at5820.hmm
# Target file:     Results/1_GeneSequences/PB.faa
# Option settings: /home/users/bio1901/miniconda3/envs/busco/bin/hmmsearch --domtblout /export/home/bio1901/Documents/29_BINP/OrthoSearch/PB/run_plasmodium_odb10/hmmer_output/7030at5820.out --cpu 1 /export/home/bio1901/Documents/29_BINP/OrthoSearch/busco_downloads/lineages/plasmodium_odb10/hmms/7030at5820.hmm Results/1_GeneSequences/PB.faa 
# Current dir:     /export/home/bio1901/Documents/29_BINP/OrthoSearch
# Date:            Sun Mar 15 18:13:17 2020
# [ok]
