#                                                                            --- full sequence --- -------------- this domain -------------   hmm coord   ali coord   env coord
# target name        accession   tlen query name           accession   qlen   E-value  score  bias   #  of  c-Evalue  i-Evalue  score  bias  from    to  from    to  from    to  acc description of target
#------------------- ---------- ----- -------------------- ---------- ----- --------- ------ ----- --- --- --------- --------- ------ ----- ----- ----- ----- ----- ----- ----- ---- ---------------------
910_g                -           2124 706at5820            -           1175         0 2278.2  17.7   1   3      0.13   2.6e+02   -3.0   0.0     1    20    17    36    17    41 0.88 length=2124	scaffold=scaffold00105	strand=-
910_g                -           2124 706at5820            -           1175         0 2278.2  17.7   2   3  1.4e-283  2.7e-280  930.9   6.7    17   540    54   643    45   660 0.93 length=2124	scaffold=scaffold00105	strand=-
910_g                -           2124 706at5820            -           1175         0 2278.2  17.7   3   3         0         0 1354.0   1.4   538  1162   779  1412   756  1417 0.98 length=2124	scaffold=scaffold00105	strand=-
3416_g               -           1601 706at5820            -           1175   5.1e-87  290.8  41.2   1   6   3.4e-20   6.7e-17   58.5   1.1   102   224   112   239    72   258 0.86 length=1601	scaffold=scaffold01066	strand=-
3416_g               -           1601 706at5820            -           1175   5.1e-87  290.8  41.2   2   6   4.4e-34   8.7e-31  104.6   0.5   228   361   394   533   373   543 0.89 length=1601	scaffold=scaffold01066	strand=-
3416_g               -           1601 706at5820            -           1175   5.1e-87  290.8  41.2   3   6   2.5e-14   4.9e-11   39.1   0.6   387   520   594   745   563   762 0.77 length=1601	scaffold=scaffold01066	strand=-
3416_g               -           1601 706at5820            -           1175   5.1e-87  290.8  41.2   4   6   1.2e-12   2.4e-09   33.5   0.3   621   691   976  1047   941  1065 0.91 length=1601	scaffold=scaffold01066	strand=-
3416_g               -           1601 706at5820            -           1175   5.1e-87  290.8  41.2   5   6   2.3e-21   4.6e-18   62.4  11.8   199   371  1238  1416  1216  1495 0.85 length=1601	scaffold=scaffold01066	strand=-
3416_g               -           1601 706at5820            -           1175   5.1e-87  290.8  41.2   6   6   1.1e-05     0.022   10.5   0.0   961  1021  1522  1582  1507  1592 0.81 length=1601	scaffold=scaffold01066	strand=-
#
# Program:         hmmsearch
# Version:         3.1b2 (February 2015)
# Pipeline mode:   SEARCH
# Query file:      /export/home/bio1901/Documents/29_BINP/OrthoSearch/busco_downloads/lineages/plasmodium_odb10/hmms/706at5820.hmm
# Target file:     Results/1_GeneSequences/PB.faa
# Option settings: /home/users/bio1901/miniconda3/envs/busco/bin/hmmsearch --domtblout /export/home/bio1901/Documents/29_BINP/OrthoSearch/PB/run_plasmodium_odb10/hmmer_output/706at5820.out --cpu 1 /export/home/bio1901/Documents/29_BINP/OrthoSearch/busco_downloads/lineages/plasmodium_odb10/hmms/706at5820.hmm Results/1_GeneSequences/PB.faa 
# Current dir:     /export/home/bio1901/Documents/29_BINP/OrthoSearch
# Date:            Sun Mar 15 18:13:19 2020
# [ok]
