#                                                                            --- full sequence --- -------------- this domain -------------   hmm coord   ali coord   env coord
# target name        accession   tlen query name           accession   qlen   E-value  score  bias   #  of  c-Evalue  i-Evalue  score  bias  from    to  from    to  from    to  acc description of target
#------------------- ---------- ----- -------------------- ---------- ----- --------- ------ ----- --- --- --------- --------- ------ ----- ----- ----- ----- ----- ----- ----- ---- ---------------------
1792_g               -            677 7115at5820           -            359  6.4e-121  401.6  97.4   1   4  3.6e-100   3.6e-97  323.4  33.3    13   227    15   237     3   247 0.81 length=677	scaffold=scaffold00299	strand=+
1792_g               -            677 7115at5820           -            359  6.4e-121  401.6  97.4   2   4     1e-11     1e-08   32.5  20.1   172   297   244   392   237   441 0.65 length=677	scaffold=scaffold00299	strand=+
1792_g               -            677 7115at5820           -            359  6.4e-121  401.6  97.4   3   4         4     4e+03  -15.0  21.0   153   295   392   549   381   587 0.65 length=677	scaffold=scaffold00299	strand=+
1792_g               -            677 7115at5820           -            359  6.4e-121  401.6  97.4   4   4   8.7e-22   8.7e-19   65.6  13.8   278   358   597   675   568   676 0.79 length=677	scaffold=scaffold00299	strand=+
2723_g               -            703 7115at5820           -            359     5e-35  119.0   7.3   1   3     5e-38     5e-35  119.0   7.3    37   167    82   216    73   300 0.80 length=703	scaffold=scaffold00634	strand=+
2723_g               -            703 7115at5820           -            359     5e-35  119.0   7.3   2   3         4     4e+03  -12.4  16.4   177   289   328   438   302   455 0.49 length=703	scaffold=scaffold00634	strand=+
2723_g               -            703 7115at5820           -            359     5e-35  119.0   7.3   3   3         4     4e+03  -19.1  38.7   177   322   497   653   467   682 0.66 length=703	scaffold=scaffold00634	strand=+
4021_g               -            413 7115at5820           -            359   8.5e-19   65.6  32.8   1   2   8.5e-22   8.5e-19   65.6  32.8    37   194    10   167     3   246 0.68 length=413	scaffold=scaffold01607	strand=+
4021_g               -            413 7115at5820           -            359   8.5e-19   65.6  32.8   2   2     0.075        75   -0.0   0.5    72   115   344   388   336   394 0.71 length=413	scaffold=scaffold01607	strand=+
2740_g               -           1025 7115at5820           -            359   9.9e-17   58.8  49.0   1   6   9.9e-20   9.9e-17   58.8  49.0    38   230     2   199     1   210 0.76 length=1025	scaffold=scaffold00645	strand=+
2740_g               -           1025 7115at5820           -            359   9.9e-17   58.8  49.0   2   6         2     2e+03   -4.7   9.1   202   266   243   307   232   317 0.82 length=1025	scaffold=scaffold00645	strand=+
2740_g               -           1025 7115at5820           -            359   9.9e-17   58.8  49.0   3   6         4     4e+03  -13.8  22.4   156   249   321   418   313   427 0.67 length=1025	scaffold=scaffold00645	strand=+
2740_g               -           1025 7115at5820           -            359   9.9e-17   58.8  49.0   4   6         4     4e+03  -20.4  36.3   166   302   428   567   408   589 0.71 length=1025	scaffold=scaffold00645	strand=+
2740_g               -           1025 7115at5820           -            359   9.9e-17   58.8  49.0   5   6         4     4e+03   -7.3  14.1   172   309   671   821   624   846 0.52 length=1025	scaffold=scaffold00645	strand=+
2740_g               -           1025 7115at5820           -            359   9.9e-17   58.8  49.0   6   6      0.23   2.2e+02   -1.6   0.7   265   295   978  1009   961  1019 0.77 length=1025	scaffold=scaffold00645	strand=+
#
# Program:         hmmsearch
# Version:         3.1b2 (February 2015)
# Pipeline mode:   SEARCH
# Query file:      /export/home/bio1901/Documents/29_BINP/OrthoSearch/busco_downloads/lineages/plasmodium_odb10/hmms/7115at5820.hmm
# Target file:     Results/1_GeneSequences/PB.faa
# Option settings: /home/users/bio1901/miniconda3/envs/busco/bin/hmmsearch --domtblout /export/home/bio1901/Documents/29_BINP/OrthoSearch/PB/run_plasmodium_odb10/hmmer_output/7115at5820.out --cpu 1 /export/home/bio1901/Documents/29_BINP/OrthoSearch/busco_downloads/lineages/plasmodium_odb10/hmms/7115at5820.hmm Results/1_GeneSequences/PB.faa 
# Current dir:     /export/home/bio1901/Documents/29_BINP/OrthoSearch
# Date:            Sun Mar 15 18:13:22 2020
# [ok]
