#                                                                            --- full sequence --- -------------- this domain -------------   hmm coord   ali coord   env coord
# target name        accession   tlen query name           accession   qlen   E-value  score  bias   #  of  c-Evalue  i-Evalue  score  bias  from    to  from    to  from    to  acc description of target
#------------------- ---------- ----- -------------------- ---------- ----- --------- ------ ----- --- --- --------- --------- ------ ----- ----- ----- ----- ----- ----- ----- ---- ---------------------
1096_g               -           2737 711at5820            -           1690  5.7e-158  525.6 294.5   1   8   2.5e-20   1.4e-17   60.2  43.8    14   228    66   295    52   328 0.81 length=2737	scaffold=scaffold00140	strand=-
1096_g               -           2737 711at5820            -           1690  5.7e-158  525.6 294.5   2   8         7     4e+03  -12.0  24.2  1399  1539   300   441   293   450 0.58 length=2737	scaffold=scaffold00140	strand=-
1096_g               -           2737 711at5820            -           1690  5.7e-158  525.6 294.5   3   8  2.6e-105  1.5e-102  341.9 118.9   203   904   420  1192   405  1198 0.87 length=2737	scaffold=scaffold00140	strand=-
1096_g               -           2737 711at5820            -           1690  5.7e-158  525.6 294.5   4   8       6.4   3.6e+03   -7.5  17.7   634   717  1210  1286  1191  1323 0.42 length=2737	scaffold=scaffold00140	strand=-
1096_g               -           2737 711at5820            -           1690  5.7e-158  525.6 294.5   5   8   2.9e-48   1.6e-45  152.8  81.0   938  1573  1330  2067  1306  2075 0.72 length=2737	scaffold=scaffold00140	strand=-
1096_g               -           2737 711at5820            -           1690  5.7e-158  525.6 294.5   6   8   2.7e-08   1.5e-05   20.3  26.9  1424  1664  2103  2359  2066  2363 0.53 length=2737	scaffold=scaffold00140	strand=-
1096_g               -           2737 711at5820            -           1690  5.7e-158  525.6 294.5   7   8         7     4e+03  -31.5  70.3  1365  1568  2329  2535  2326  2539 0.43 length=2737	scaffold=scaffold00140	strand=-
1096_g               -           2737 711at5820            -           1690  5.7e-158  525.6 294.5   8   8         7     4e+03  -36.0  55.7  1438  1516  2461  2544  2424  2691 0.57 length=2737	scaffold=scaffold00140	strand=-
2094_g               -            104 711at5820            -           1690     0.067    8.2  16.8   1   1   0.00011     0.062    8.3  16.8   647   706    44    97     5   103 0.34 length=104	scaffold=scaffold00390	strand=+
2517_g               -            112 711at5820            -           1690      0.44    5.5  28.4   1   1   0.00086      0.49    5.4  28.4   615   714    13   107     8   111 0.46 length=112	scaffold=scaffold00543	strand=+
2214_g               -            136 711at5820            -           1690      0.65    4.9  24.5   1   1    0.0012       0.7    4.9  24.5   627   695     8    75     1   133 0.35 length=136	scaffold=scaffold00428	strand=-
1797_g               -            174 711at5820            -           1690       3.2    2.7  25.9   1   1    0.0064       3.6    2.5  25.9   622  1521    66   141    20   172 0.34 length=174	scaffold=scaffold00301	strand=-
203_g                -            638 711at5820            -           1690       3.4    2.6  50.6   1   2      0.23   1.3e+02   -2.7  16.4   622   703   213   300   195   352 0.42 length=638	scaffold=scaffold00014	strand=-
203_g                -            638 711at5820            -           1690       3.4    2.6  50.6   2   2   1.6e-05    0.0089   11.1  26.3   610   726   424   539   397   586 0.55 length=638	scaffold=scaffold00014	strand=-
1410_g               -            164 711at5820            -           1690       9.2    1.1  32.0   1   1     0.017       9.7    1.1  32.0  1444  1559     6   122     1   152 0.62 length=164	scaffold=scaffold00206	strand=+
#
# Program:         hmmsearch
# Version:         3.1b2 (February 2015)
# Pipeline mode:   SEARCH
# Query file:      /export/home/bio1901/Documents/29_BINP/OrthoSearch/busco_downloads/lineages/plasmodium_odb10/hmms/711at5820.hmm
# Target file:     Results/1_GeneSequences/PB.faa
# Option settings: /home/users/bio1901/miniconda3/envs/busco/bin/hmmsearch --domtblout /export/home/bio1901/Documents/29_BINP/OrthoSearch/PB/run_plasmodium_odb10/hmmer_output/711at5820.out --cpu 1 /export/home/bio1901/Documents/29_BINP/OrthoSearch/busco_downloads/lineages/plasmodium_odb10/hmms/711at5820.hmm Results/1_GeneSequences/PB.faa 
# Current dir:     /export/home/bio1901/Documents/29_BINP/OrthoSearch
# Date:            Sun Mar 15 18:13:37 2020
# [ok]
