#                                                                            --- full sequence --- -------------- this domain -------------   hmm coord   ali coord   env coord
# target name        accession   tlen query name           accession   qlen   E-value  score  bias   #  of  c-Evalue  i-Evalue  score  bias  from    to  from    to  from    to  acc description of target
#------------------- ---------- ----- -------------------- ---------- ----- --------- ------ ----- --- --- --------- --------- ------ ----- ----- ----- ----- ----- ----- ----- ---- ---------------------
3003_g               -            377 7192at5820           -            334  1.1e-158  525.3  13.1   1   1  4.3e-161  1.3e-158  525.0  13.1    11   334    42   372    35   372 0.97 length=377	scaffold=scaffold00786	strand=-
2296_g               -            416 7192at5820           -            334     2e-53  179.3   9.2   1   1   8.9e-56   2.7e-53  178.8   9.2    12   329    23   344    16   350 0.88 length=416	scaffold=scaffold00459	strand=-
40_g                 -            737 7192at5820           -            334   1.1e-21   74.9   0.7   1   2   1.1e-15   3.2e-13   47.1   0.1    13    77    70   135    61   159 0.90 length=737	scaffold=scaffold00002	strand=-
40_g                 -            737 7192at5820           -            334   1.1e-21   74.9   0.7   2   2   4.7e-12   1.4e-09   35.1   0.1   180   332   257   412   229   414 0.88 length=737	scaffold=scaffold00002	strand=-
156_g                -            561 7192at5820           -            334     6e-19   65.9   1.0   1   2   1.9e-21     6e-19   65.9   1.0    12   106    50   142    45   150 0.86 length=561	scaffold=scaffold00009	strand=+
156_g                -            561 7192at5820           -            334     6e-19   65.9   1.0   2   2       1.1   3.3e+02   -2.3   0.0    25    38   230   243   219   286 0.85 length=561	scaffold=scaffold00009	strand=+
747_g                -            281 7192at5820           -            334   4.8e-18   62.9   3.0   1   1   1.6e-20   4.8e-18   62.9   3.0     1    73    34   109    34   186 0.81 length=281	scaffold=scaffold00080	strand=-
2807_g               -            663 7192at5820           -            334   1.6e-17   61.3   2.2   1   1   1.3e-19   3.9e-17   59.9   2.2    12    81   187   257   179   264 0.93 length=663	scaffold=scaffold00682	strand=-
1082_g               -            248 7192at5820           -            334   2.6e-16   57.2   1.8   1   1   1.5e-18   4.6e-16   56.4   1.8    11   103     6   107     1   114 0.73 length=248	scaffold=scaffold00136	strand=+
4001_g               -            499 7192at5820           -            334   1.6e-15   54.6   0.4   1   3      0.57   1.8e+02   -1.4   0.3    62    76   105   120    98   147 0.65 length=499	scaffold=scaffold01586	strand=+	adjustedToFrame=3
4001_g               -            499 7192at5820           -            334   1.6e-15   54.6   0.4   2   3   5.3e-18   1.6e-15   54.6   0.4    12    82   162   233   154   238 0.90 length=499	scaffold=scaffold01586	strand=+	adjustedToFrame=3
4001_g               -            499 7192at5820           -            334   1.6e-15   54.6   0.4   3   3       3.4     1e+03   -3.9   3.0   151   241   362   457   358   492 0.49 length=499	scaffold=scaffold01586	strand=+	adjustedToFrame=3
3267_g               -            249 7192at5820           -            334   3.9e-13   46.8   3.5   1   2       1.9   5.8e+02   -3.1   0.1    42    53    58    69    20    78 0.67 length=249	scaffold=scaffold00955	strand=-
3267_g               -            249 7192at5820           -            334   3.9e-13   46.8   3.5   2   2   1.3e-15   3.9e-13   46.8   3.5     9   107   109   208   102   220 0.82 length=249	scaffold=scaffold00955	strand=-
709_g                -            571 7192at5820           -            334   9.3e-11   39.0   0.6   1   2   5.9e-13   1.8e-10   38.0   0.0     9    74    50   117    42   124 0.85 length=571	scaffold=scaffold00075	strand=-
709_g                -            571 7192at5820           -            334   9.3e-11   39.0   0.6   2   2       2.1   6.5e+02   -3.2   0.2   219   265   223   272   208   279 0.58 length=571	scaffold=scaffold00075	strand=-
779_g                -            317 7192at5820           -            334   5.5e-10   36.4   2.3   1   1   1.8e-12   5.5e-10   36.4   2.3    15    79    57   122    49   204 0.89 length=317	scaffold=scaffold00085	strand=-
1616_g               -            115 7192at5820           -            334   3.3e-08   30.6   6.6   1   1   1.3e-10     4e-08   30.3   6.6    20   107    15   104     7   114 0.80 length=115	scaffold=scaffold00253	strand=+
721_g                -            127 7192at5820           -            334   0.00023   18.0   5.3   1   1   8.1e-07   0.00025   17.8   4.6     9    66     6    65     2    87 0.72 length=127	scaffold=scaffold00077	strand=-
#
# Program:         hmmsearch
# Version:         3.1b2 (February 2015)
# Pipeline mode:   SEARCH
# Query file:      /export/home/bio1901/Documents/29_BINP/OrthoSearch/busco_downloads/lineages/plasmodium_odb10/hmms/7192at5820.hmm
# Target file:     Results/1_GeneSequences/PB.faa
# Option settings: /home/users/bio1901/miniconda3/envs/busco/bin/hmmsearch --domtblout /export/home/bio1901/Documents/29_BINP/OrthoSearch/PB/run_plasmodium_odb10/hmmer_output/7192at5820.out --cpu 1 /export/home/bio1901/Documents/29_BINP/OrthoSearch/busco_downloads/lineages/plasmodium_odb10/hmms/7192at5820.hmm Results/1_GeneSequences/PB.faa 
# Current dir:     /export/home/bio1901/Documents/29_BINP/OrthoSearch
# Date:            Sun Mar 15 18:13:46 2020
# [ok]
