#                                                                            --- full sequence --- -------------- this domain -------------   hmm coord   ali coord   env coord
# target name        accession   tlen query name           accession   qlen   E-value  score  bias   #  of  c-Evalue  i-Evalue  score  bias  from    to  from    to  from    to  acc description of target
#------------------- ---------- ----- -------------------- ---------- ----- --------- ------ ----- --- --- --------- --------- ------ ----- ----- ----- ----- ----- ----- ----- ---- ---------------------
1297_g               -           1024 7211at5820           -            625  3.5e-111  371.1 201.7   1   3   2.9e-58   1.4e-55  187.4  14.9     6   162    15   170    12   178 0.73 length=1024	scaffold=scaffold00181	strand=-
1297_g               -           1024 7211at5820           -            625  3.5e-111  371.1 201.7   2   3   2.2e-49   1.1e-46  158.0  66.2   100   569   164   654   152   657 0.52 length=1024	scaffold=scaffold00181	strand=-
1297_g               -           1024 7211at5820           -            625  3.5e-111  371.1 201.7   3   3   3.9e-11   1.9e-08   31.7 128.7   235   609   592  1024   583  1024 0.52 length=1024	scaffold=scaffold00181	strand=-
3867_g               -            446 7211at5820           -            625   1.8e-13   48.3   8.9   1   3     0.084        42    0.8   0.0     8    36    44    72    41    85 0.87 length=446	scaffold=scaffold01456	strand=+
3867_g               -            446 7211at5820           -            625   1.8e-13   48.3   8.9   2   3     1e-07   5.1e-05   20.4   3.5     3    70   137   203   135   274 0.77 length=446	scaffold=scaffold01456	strand=+
3867_g               -            446 7211at5820           -            625   1.8e-13   48.3   8.9   3   3   6.7e-10   3.3e-07   27.6   0.1    11   104   340   434   335   444 0.83 length=446	scaffold=scaffold01456	strand=+
1812_g               -           1259 7211at5820           -            625   1.9e-12   44.9  61.8   1   5    0.0013      0.64    6.8   9.3    85   220    81   215    74   218 0.77 length=1259	scaffold=scaffold00305	strand=-
1812_g               -           1259 7211at5820           -            625   1.9e-12   44.9  61.8   2   5         8     4e+03   -5.7  25.4   247   408   215   380   213   387 0.49 length=1259	scaffold=scaffold00305	strand=-
1812_g               -           1259 7211at5820           -            625   1.9e-12   44.9  61.8   3   5      0.26   1.3e+02   -0.8  44.9   217   435   384   596   381   629 0.63 length=1259	scaffold=scaffold00305	strand=-
1812_g               -           1259 7211at5820           -            625   1.9e-12   44.9  61.8   4   5         8     4e+03  -14.7  56.2   254   549   674   949   651   961 0.26 length=1259	scaffold=scaffold00305	strand=-
1812_g               -           1259 7211at5820           -            625   1.9e-12   44.9  61.8   5   5   3.8e-15   1.9e-12   44.9  61.8   250   622   848  1252   845  1254 0.47 length=1259	scaffold=scaffold00305	strand=-
733_g                -            865 7211at5820           -            625   8.4e-09   32.9   0.2   1   4   1.7e-11   8.4e-09   32.9   0.2     6   116    15   122    12   172 0.73 length=865	scaffold=scaffold00078	strand=+
733_g                -            865 7211at5820           -            625   8.4e-09   32.9   0.2   2   4    0.0023       1.2    6.0   0.1     7    41   193   227   187   253 0.81 length=865	scaffold=scaffold00078	strand=+
733_g                -            865 7211at5820           -            625   8.4e-09   32.9   0.2   3   4         8     4e+03   -6.2  21.9   396   522   242   375   224   408 0.33 length=865	scaffold=scaffold00078	strand=+
733_g                -            865 7211at5820           -            625   8.4e-09   32.9   0.2   4   4         8     4e+03  -15.3  64.1   345   562   552   791   466   799 0.35 length=865	scaffold=scaffold00078	strand=+
2743_g               -            843 7211at5820           -            625   2.2e-07   28.2   0.0   1   3         8     4e+03  -27.9  88.6   253   553    72   380    25   419 0.39 length=843	scaffold=scaffold00647	strand=-
2743_g               -            843 7211at5820           -            625   2.2e-07   28.2   0.0   2   3    0.0025       1.3    5.9   0.0    13    83   434   504   422   524 0.84 length=843	scaffold=scaffold00647	strand=-
2743_g               -            843 7211at5820           -            625   2.2e-07   28.2   0.0   3   3   4.4e-10   2.2e-07   28.2   0.0    17   130   540   653   527   678 0.81 length=843	scaffold=scaffold00647	strand=-
88_g                 -            658 7211at5820           -            625   5.3e-05   20.3   0.4   1   3   1.1e-07   5.3e-05   20.3   0.4     7    70    98   160    92   170 0.83 length=658	scaffold=scaffold00005	strand=-
88_g                 -            658 7211at5820           -            625   5.3e-05   20.3   0.4   2   3         8     4e+03  -18.5  39.5   335   538   203   411   191   441 0.33 length=658	scaffold=scaffold00005	strand=-
88_g                 -            658 7211at5820           -            625   5.3e-05   20.3   0.4   3   3         8     4e+03  -22.0  60.4   337   556   426   653   415   657 0.35 length=658	scaffold=scaffold00005	strand=-
2408_g               -            821 7211at5820           -            625   0.00051   17.1   0.0   1   3         8     4e+03  -29.1  58.8   265   538     8   272     1   288 0.25 length=821	scaffold=scaffold00502	strand=-
2408_g               -            821 7211at5820           -            625   0.00051   17.1   0.0   2   3         8     4e+03  -13.0  26.3   279   487   234   451   208   475 0.43 length=821	scaffold=scaffold00502	strand=-
2408_g               -            821 7211at5820           -            625   0.00051   17.1   0.0   3   3     1e-06   0.00051   17.1   0.0     8    96   585   673   578   724 0.89 length=821	scaffold=scaffold00502	strand=-
1948_g               -            617 7211at5820           -            625    0.0095   12.9   0.0   1   5         8     4e+03   -6.7  15.7   393   461     5    76     1    87 0.29 length=617	scaffold=scaffold00345	strand=+
1948_g               -            617 7211at5820           -            625    0.0095   12.9   0.0   2   5       0.3   1.5e+02   -1.0   0.0     8    52    93   137    90   154 0.90 length=617	scaffold=scaffold00345	strand=+
1948_g               -            617 7211at5820           -            625    0.0095   12.9   0.0   3   5   1.9e-05    0.0095   12.9   0.0     8    70   192   254   186   258 0.95 length=617	scaffold=scaffold00345	strand=+
1948_g               -            617 7211at5820           -            625    0.0095   12.9   0.0   4   5   0.00012     0.059   10.3   0.1    37    84   408   455   378   478 0.72 length=617	scaffold=scaffold00345	strand=+
1948_g               -            617 7211at5820           -            625    0.0095   12.9   0.0   5   5         8     4e+03  -13.5  39.6   290   471   479   595   446   612 0.28 length=617	scaffold=scaffold00345	strand=+
#
# Program:         hmmsearch
# Version:         3.1b2 (February 2015)
# Pipeline mode:   SEARCH
# Query file:      /export/home/bio1901/Documents/29_BINP/OrthoSearch/busco_downloads/lineages/plasmodium_odb10/hmms/7211at5820.hmm
# Target file:     Results/1_GeneSequences/PB.faa
# Option settings: /home/users/bio1901/miniconda3/envs/busco/bin/hmmsearch --domtblout /export/home/bio1901/Documents/29_BINP/OrthoSearch/PB/run_plasmodium_odb10/hmmer_output/7211at5820.out --cpu 1 /export/home/bio1901/Documents/29_BINP/OrthoSearch/busco_downloads/lineages/plasmodium_odb10/hmms/7211at5820.hmm Results/1_GeneSequences/PB.faa 
# Current dir:     /export/home/bio1901/Documents/29_BINP/OrthoSearch
# Date:            Sun Mar 15 18:13:59 2020
# [ok]
