#                                                                            --- full sequence --- -------------- this domain -------------   hmm coord   ali coord   env coord
# target name        accession   tlen query name           accession   qlen   E-value  score  bias   #  of  c-Evalue  i-Evalue  score  bias  from    to  from    to  from    to  acc description of target
#------------------- ---------- ----- -------------------- ---------- ----- --------- ------ ----- --- --- --------- --------- ------ ----- ----- ----- ----- ----- ----- ----- ---- ---------------------
2390_g               -            587 7216at5820           -            365  1.4e-105  351.1  41.8   1   5   7.5e-14     1e-11   42.3   0.2    14    87    44   117    30   136 0.90 length=587	scaffold=scaffold00497	strand=+
2390_g               -            587 7216at5820           -            365  1.4e-105  351.1  41.8   2   5   2.3e-51   3.2e-49  165.7   8.0    65   227   180   349   168   360 0.88 length=587	scaffold=scaffold00497	strand=+
2390_g               -            587 7216at5820           -            365  1.4e-105  351.1  41.8   3   5   6.9e-20   9.4e-18   62.1   4.6   190   280   374   461   371   472 0.74 length=587	scaffold=scaffold00497	strand=+
2390_g               -            587 7216at5820           -            365  1.4e-105  351.1  41.8   4   5       4.6   6.3e+02   -3.1   2.9   155   190   473   504   462   517 0.70 length=587	scaffold=scaffold00497	strand=+
2390_g               -            587 7216at5820           -            365  1.4e-105  351.1  41.8   5   5   3.4e-31   4.7e-29   99.3   4.3   273   357   503   586   495   586 0.86 length=587	scaffold=scaffold00497	strand=+
2376_g               -            462 7216at5820           -            365   3.7e-40  135.9   4.2   1   2   1.3e-18   1.7e-16   58.0   1.8   105   201   116   213    96   218 0.89 length=462	scaffold=scaffold00492	strand=-
2376_g               -            462 7216at5820           -            365   3.7e-40  135.9   4.2   2   2   4.3e-25   5.9e-23   79.3   0.1   238   360   213   339   211   343 0.85 length=462	scaffold=scaffold00492	strand=-
2754_g               -           2003 7216at5820           -            365   5.5e-37  125.4   6.4   1   2   4.5e-14   6.2e-12   43.0   4.2    95   200  1654  1759  1634  1765 0.88 length=2003	scaffold=scaffold00652	strand=-	adjustedToFrame=3
2754_g               -           2003 7216at5820           -            365   5.5e-37  125.4   6.4   2   2   1.1e-25   1.5e-23   81.3   0.0   243   360  1765  1886  1759  1890 0.84 length=2003	scaffold=scaffold00652	strand=-	adjustedToFrame=3
1961_g               -            485 7216at5820           -            365   1.3e-33  114.3   7.5   1   3   2.9e-17     4e-15   53.5   0.9   105   200    73   169    51   174 0.88 length=485	scaffold=scaffold00349	strand=-
1961_g               -            485 7216at5820           -            365   1.3e-33  114.3   7.5   2   3   8.2e-21   1.1e-18   65.2   0.0   239   359   171   296   169   299 0.82 length=485	scaffold=scaffold00349	strand=-
1961_g               -            485 7216at5820           -            365   1.3e-33  114.3   7.5   3   3       9.2   1.3e+03   -4.1   0.2   230   249   445   464   423   481 0.54 length=485	scaffold=scaffold00349	strand=-
3015_g               -            760 7216at5820           -            365   3.6e-28   96.4  15.6   1   3         6   8.2e+02   -3.5   1.9    65    85    35    55     6    82 0.48 length=760	scaffold=scaffold00797	strand=-	adjustedToFrame=3
3015_g               -            760 7216at5820           -            365   3.6e-28   96.4  15.6   2   3   8.8e-16   1.2e-13   48.6   6.5    97   201   339   441   293   448 0.89 length=760	scaffold=scaffold00797	strand=-	adjustedToFrame=3
3015_g               -            760 7216at5820           -            365   3.6e-28   96.4  15.6   3   3     8e-20   1.1e-17   61.9   1.6   244   361   447   568   440   571 0.86 length=760	scaffold=scaffold00797	strand=-	adjustedToFrame=3
588_g                -            577 7216at5820           -            365   8.6e-28   95.2  15.7   1   2     4e-14   5.5e-12   43.2   9.4    92   199   304   413   275   416 0.89 length=577	scaffold=scaffold00058	strand=-
588_g                -            577 7216at5820           -            365   8.6e-28   95.2  15.7   2   2   1.6e-20   2.2e-18   64.2   0.4   242   360   416   537   414   541 0.85 length=577	scaffold=scaffold00058	strand=-
61_g                 -            877 7216at5820           -            365   4.1e-27   92.9  27.3   1   3   6.8e-19   9.3e-17   58.9  12.4    95   199   446   551   407   555 0.89 length=877	scaffold=scaffold00003	strand=+
61_g                 -            877 7216at5820           -            365   4.1e-27   92.9  27.3   2   3   9.7e-15   1.3e-12   45.2   0.7   241   359   553   673   552   678 0.80 length=877	scaffold=scaffold00003	strand=+
61_g                 -            877 7216at5820           -            365   4.1e-27   92.9  27.3   3   3       5.4   7.4e+02   -3.3   1.0   206   240   771   809   712   828 0.61 length=877	scaffold=scaffold00003	strand=+
667_g                -            544 7216at5820           -            365   2.3e-25   87.2   7.3   1   4   2.9e-15     4e-13   46.9   2.7    99   204   137   243   108   248 0.87 length=544	scaffold=scaffold00069	strand=-
667_g                -            544 7216at5820           -            365   2.3e-25   87.2   7.3   2   4   1.7e-16   2.4e-14   51.0   0.2   245   358   247   364   242   370 0.83 length=544	scaffold=scaffold00069	strand=-
667_g                -            544 7216at5820           -            365   2.3e-25   87.2   7.3   3   4       1.6   2.1e+02   -1.5   0.3    71   113   400   442   392   457 0.66 length=544	scaffold=scaffold00069	strand=-
667_g                -            544 7216at5820           -            365   2.3e-25   87.2   7.3   4   4       3.5   4.8e+02   -2.7   0.1   227   246   505   524   461   526 0.59 length=544	scaffold=scaffold00069	strand=-
574_g                -           1016 7216at5820           -            365   3.2e-20   70.3   5.5   1   3       4.7   6.4e+02   -3.1   0.8   228   248    27    47    11    69 0.72 length=1016	scaffold=scaffold00057	strand=-
574_g                -           1016 7216at5820           -            365   3.2e-20   70.3   5.5   2   3   7.8e-10   1.1e-07   29.1   0.5   107   199    97   203    85   207 0.82 length=1016	scaffold=scaffold00057	strand=-
574_g                -           1016 7216at5820           -            365   3.2e-20   70.3   5.5   3   3   4.6e-14   6.3e-12   43.0   0.0   229   358   210   343   205   347 0.77 length=1016	scaffold=scaffold00057	strand=-
2604_g               -           1027 7216at5820           -            365   3.3e-20   70.2   2.4   1   2   3.8e-11   5.2e-09   33.4   3.2    96   199   722   826   705   831 0.91 length=1027	scaffold=scaffold00578	strand=-	adjustedToFrame=2
2604_g               -           1027 7216at5820           -            365   3.3e-20   70.2   2.4   2   2     4e-14   5.5e-12   43.2   0.0   245   349   832   938   827   957 0.83 length=1027	scaffold=scaffold00578	strand=-	adjustedToFrame=2
825_g                -            769 7216at5820           -            365   7.6e-20   69.0  19.0   1   4     5e-13   6.9e-11   39.6  12.4    89   199    30   141     3   146 0.90 length=769	scaffold=scaffold00092	strand=+
825_g                -            769 7216at5820           -            365   7.6e-20   69.0  19.0   2   4   7.1e-14   9.7e-12   42.4   0.5   243   358   145   261   142   270 0.83 length=769	scaffold=scaffold00092	strand=+
825_g                -            769 7216at5820           -            365   7.6e-20   69.0  19.0   3   4       7.4     1e+03   -3.8   1.6   207   207   408   408   356   448 0.59 length=769	scaffold=scaffold00092	strand=+
825_g                -            769 7216at5820           -            365   7.6e-20   69.0  19.0   4   4       2.9     4e+02   -2.4   0.4     9    39   733   764   713   768 0.63 length=769	scaffold=scaffold00092	strand=+
3774_g               -           1389 7216at5820           -            365   1.2e-17   61.8   7.6   1   4   1.7e-13   2.4e-11   41.1   5.9   101   207   284   393   275   408 0.83 length=1389	scaffold=scaffold01374	strand=-	adjustedToFrame=2
3774_g               -           1389 7216at5820           -            365   1.2e-17   61.8   7.6   2   4   4.4e-10   6.1e-08   29.9   0.0   246   361   392   507   390   511 0.86 length=1389	scaffold=scaffold01374	strand=-	adjustedToFrame=2
3774_g               -           1389 7216at5820           -            365   1.2e-17   61.8   7.6   3   4       3.8   5.3e+02   -2.8   2.5    81   248   891   919   819   950 0.54 length=1389	scaffold=scaffold01374	strand=-	adjustedToFrame=2
3774_g               -           1389 7216at5820           -            365   1.2e-17   61.8   7.6   4   4       7.5     1e+03   -3.8   2.0   207   215  1247  1255  1144  1286 0.65 length=1389	scaffold=scaffold01374	strand=-	adjustedToFrame=2
1927_g               -            810 7216at5820           -            365   1.4e-16   58.3  17.6   1   2   1.4e-09   1.9e-07   28.3  10.9    84   208   286   408   264   447 0.71 length=810	scaffold=scaffold00339	strand=+
1927_g               -            810 7216at5820           -            365   1.4e-16   58.3  17.6   2   2   4.4e-14   6.1e-12   43.0   0.5   267   362   499   607   495   610 0.80 length=810	scaffold=scaffold00339	strand=+
1275_g               -            518 7216at5820           -            365   4.1e-16   56.7  18.4   1   4   1.1e-11   1.5e-09   35.2   9.4    83   199    39   155    11   160 0.83 length=518	scaffold=scaffold00176	strand=-
1275_g               -            518 7216at5820           -            365   4.1e-16   56.7  18.4   2   4   5.4e-05    0.0075   13.1   0.0   245   311   161   232   157   243 0.73 length=518	scaffold=scaffold00176	strand=-
1275_g               -            518 7216at5820           -            365   4.1e-16   56.7  18.4   3   4     5e-05    0.0069   13.2   0.1   325   361   280   316   264   320 0.91 length=518	scaffold=scaffold00176	strand=-
1275_g               -            518 7216at5820           -            365   4.1e-16   56.7  18.4   4   4       6.3   8.6e+02   -3.5   0.3    83   111   434   462   408   469 0.69 length=518	scaffold=scaffold00176	strand=-
4034_g               -            619 7216at5820           -            365   8.2e-15   52.5  14.0   1   2   1.5e-16   2.1e-14   51.1   7.2    90   204   388   504   375   507 0.89 length=619	scaffold=scaffold01621	strand=-	adjustedToFrame=3
4034_g               -            619 7216at5820           -            365   8.2e-15   52.5  14.0   2   2   2.8e-05    0.0039   14.1   0.5   234   296   504   566   499   574 0.81 length=619	scaffold=scaffold01621	strand=-	adjustedToFrame=3
2611_g               -           1579 7216at5820           -            365   2.4e-13   47.7  24.0   1   3       1.7   2.4e+02   -1.7   1.0    78   129   672   723   651   740 0.68 length=1579	scaffold=scaffold00584	strand=-
2611_g               -           1579 7216at5820           -            365   2.4e-13   47.7  24.0   2   3   7.8e-09   1.1e-06   25.8  10.7    94   199  1164  1267  1150  1275 0.83 length=1579	scaffold=scaffold00584	strand=-
2611_g               -           1579 7216at5820           -            365   2.4e-13   47.7  24.0   3   3   5.5e-10   7.6e-08   29.6   0.2   245   362  1275  1396  1271  1398 0.80 length=1579	scaffold=scaffold00584	strand=-
3036_g               -           1000 7216at5820           -            365   8.5e-13   45.8  11.3   1   3   1.5e-07   2.1e-05   21.5   7.3    86   199   667   786   642   790 0.76 length=1000	scaffold=scaffold00809	strand=+	adjustedToFrame=2
3036_g               -           1000 7216at5820           -            365   8.5e-13   45.8  11.3   2   3     1e-05    0.0014   15.5   0.1   242   296   789   844   786   855 0.83 length=1000	scaffold=scaffold00809	strand=+	adjustedToFrame=2
3036_g               -           1000 7216at5820           -            365   8.5e-13   45.8  11.3   3   3    0.0011      0.15    8.8   0.0   327   359   925   957   921   960 0.90 length=1000	scaffold=scaffold00809	strand=+	adjustedToFrame=2
1764_g               -            234 7216at5820           -            365     1e-12   45.6   0.0   1   2   7.5e-15     1e-12   45.6   0.0   241   360    10   138     1   143 0.79 length=234	scaffold=scaffold00292	strand=+	adjustedToFrame=2
1764_g               -            234 7216at5820           -            365     1e-12   45.6   0.0   2   2       1.7   2.4e+02   -1.7   4.5    44   127   147   229   142   232 0.61 length=234	scaffold=scaffold00292	strand=+	adjustedToFrame=2
229_g                -           1128 7216at5820           -            365   3.5e-12   43.8  12.6   1   3   1.2e-08   1.7e-06   25.1   9.0    93   236   140   283    94   295 0.75 length=1128	scaffold=scaffold00016	strand=+
229_g                -           1128 7216at5820           -            365   3.5e-12   43.8  12.6   2   3     0.053       7.2    3.3   0.0   274   302   309   338   304   351 0.81 length=1128	scaffold=scaffold00016	strand=+
229_g                -           1128 7216at5820           -            365   3.5e-12   43.8  12.6   3   3   4.9e-05    0.0067   13.3   0.0   319   360   418   458   407   462 0.87 length=1128	scaffold=scaffold00016	strand=+
2166_g               -            585 7216at5820           -            365   6.2e-12   43.0  23.8   1   4    0.0012      0.16    8.7   0.7   106   151    68   114    50   137 0.69 length=585	scaffold=scaffold00414	strand=+
2166_g               -            585 7216at5820           -            365   6.2e-12   43.0  23.8   2   4     1e-09   1.4e-07   28.7   2.1   152   215   259   322   241   353 0.79 length=585	scaffold=scaffold00414	strand=+
2166_g               -            585 7216at5820           -            365   6.2e-12   43.0  23.8   3   4       5.5   7.6e+02   -3.3   0.3    29    88   378   437   374   452 0.46 length=585	scaffold=scaffold00414	strand=+
2166_g               -            585 7216at5820           -            365   6.2e-12   43.0  23.8   4   4     3e-07   4.1e-05   20.6   1.6   215   296   497   579   475   583 0.67 length=585	scaffold=scaffold00414	strand=+
1282_g               -            569 7216at5820           -            365   8.8e-12   42.5   3.9   1   2   7.5e-10     1e-07   29.1   0.3    92   199   279   387   266   391 0.91 length=569	scaffold=scaffold00177	strand=+
1282_g               -            569 7216at5820           -            365   8.8e-12   42.5   3.9   2   2     3e-05    0.0041   14.0   0.3   244   307   392   451   389   461 0.87 length=569	scaffold=scaffold00177	strand=+
2951_g               -            907 7216at5820           -            365   2.6e-11   40.9   6.3   1   2   2.3e-07   3.1e-05   21.0   4.5   105   199   722   816   699   821 0.73 length=907	scaffold=scaffold00756	strand=+
2951_g               -            907 7216at5820           -            365   2.6e-11   40.9   6.3   2   2   9.7e-10   1.3e-07   28.8   0.0   245   307   822   883   817   888 0.91 length=907	scaffold=scaffold00756	strand=+
2345_g               -            307 7216at5820           -            365   8.1e-08   29.5   4.4   1   1   6.3e-10   8.6e-08   29.4   3.3   229   363   138   282   105   284 0.75 length=307	scaffold=scaffold00478	strand=+
159_g                -            313 7216at5820           -            365   1.7e-07   28.4   6.1   1   3   7.8e-08   1.1e-05   22.5   0.6   163   203   109   149    65   157 0.82 length=313	scaffold=scaffold00009	strand=-	adjustedToFrame=2
159_g                -            313 7216at5820           -            365   1.7e-07   28.4   6.1   2   3     0.096        13    2.4   0.2   265   309   170   215   147   227 0.71 length=313	scaffold=scaffold00009	strand=-	adjustedToFrame=2
159_g                -            313 7216at5820           -            365   1.7e-07   28.4   6.1   3   3     0.012       1.7    5.4   0.0   329   360   276   307   257   310 0.90 length=313	scaffold=scaffold00009	strand=-	adjustedToFrame=2
2410_g               -            133 7216at5820           -            365   2.7e-05   21.1   0.0   1   1   2.2e-07     3e-05   21.0   0.0   244   323    13    90     7   128 0.74 length=133	scaffold=scaffold00503	strand=-
1688_g               -            647 7216at5820           -            365   5.6e-05   20.1   5.2   1   3   7.5e-07    0.0001   19.3   0.2   122   201   154   240   100   258 0.80 length=647	scaffold=scaffold00271	strand=-
1688_g               -            647 7216at5820           -            365   5.6e-05   20.1   5.2   2   3      0.21        28    1.4   0.0   333   358   392   417   359   423 0.78 length=647	scaffold=scaffold00271	strand=-
1688_g               -            647 7216at5820           -            365   5.6e-05   20.1   5.2   3   3       1.3   1.7e+02   -1.2   0.3   180   213   440   473   434   490 0.59 length=647	scaffold=scaffold00271	strand=-
2414_g               -            205 7216at5820           -            365     0.003   14.4   2.4   1   2   0.00028     0.038   10.8   0.1   276   312     3    41     1    68 0.86 length=205	scaffold=scaffold00504	strand=+
2414_g               -            205 7216at5820           -            365     0.003   14.4   2.4   2   2     0.047       6.4    3.5   0.1   316   353   163   200   158   203 0.83 length=205	scaffold=scaffold00504	strand=+
3411_g               -            877 7216at5820           -            365    0.0034   14.3  10.8   1   5       0.9   1.2e+02   -0.8   0.5   100   128    71   102    47   114 0.78 length=877	scaffold=scaffold01062	strand=-	adjustedToFrame=2
3411_g               -            877 7216at5820           -            365    0.0034   14.3  10.8   2   5       1.2   1.6e+02   -1.2   0.1   113   133   425   445   351   452 0.73 length=877	scaffold=scaffold01062	strand=-	adjustedToFrame=2
3411_g               -            877 7216at5820           -            365    0.0034   14.3  10.8   3   5     4e-05    0.0055   13.6   0.3   166   199   599   632   591   647 0.90 length=877	scaffold=scaffold01062	strand=-	adjustedToFrame=2
3411_g               -            877 7216at5820           -            365    0.0034   14.3  10.8   4   5      0.79   1.1e+02   -0.6   0.0   273   298   666   692   635   702 0.67 length=877	scaffold=scaffold01062	strand=-	adjustedToFrame=2
3411_g               -            877 7216at5820           -            365    0.0034   14.3  10.8   5   5     0.046       6.3    3.5   0.0   333   358   774   799   747   802 0.87 length=877	scaffold=scaffold01062	strand=-	adjustedToFrame=2
3635_g               -            463 7216at5820           -            365     0.035   10.9  35.3   1   2         1   1.4e+02   -1.0   0.6   195   228   116   149   109   186 0.79 length=463	scaffold=scaffold01242	strand=+
3635_g               -            463 7216at5820           -            365     0.035   10.9  35.3   2   2     7e-06   0.00096   16.1  27.0    87   200   291   407   212   462 0.70 length=463	scaffold=scaffold01242	strand=+
#
# Program:         hmmsearch
# Version:         3.1b2 (February 2015)
# Pipeline mode:   SEARCH
# Query file:      /export/home/bio1901/Documents/29_BINP/OrthoSearch/busco_downloads/lineages/plasmodium_odb10/hmms/7216at5820.hmm
# Target file:     Results/1_GeneSequences/PB.faa
# Option settings: /home/users/bio1901/miniconda3/envs/busco/bin/hmmsearch --domtblout /export/home/bio1901/Documents/29_BINP/OrthoSearch/PB/run_plasmodium_odb10/hmmer_output/7216at5820.out --cpu 1 /export/home/bio1901/Documents/29_BINP/OrthoSearch/busco_downloads/lineages/plasmodium_odb10/hmms/7216at5820.hmm Results/1_GeneSequences/PB.faa 
# Current dir:     /export/home/bio1901/Documents/29_BINP/OrthoSearch
# Date:            Sun Mar 15 18:13:59 2020
# [ok]
