#                                                                            --- full sequence --- -------------- this domain -------------   hmm coord   ali coord   env coord
# target name        accession   tlen query name           accession   qlen   E-value  score  bias   #  of  c-Evalue  i-Evalue  score  bias  from    to  from    to  from    to  acc description of target
#------------------- ---------- ----- -------------------- ---------- ----- --------- ------ ----- --- --- --------- --------- ------ ----- ----- ----- ----- ----- ----- ----- ---- ---------------------
2098_g               -            544 7227at5820           -            380  2.5e-142  472.2  67.9   1   3     4e-31   2.7e-28   96.8  23.8    15   120    89   195    70   221 0.83 length=544	scaffold=scaffold00391	strand=-
2098_g               -            544 7227at5820           -            380  2.5e-142  472.2  67.9   2   3   6.3e-83   4.2e-80  267.4  23.7   108   306   222   414   218   422 0.87 length=544	scaffold=scaffold00391	strand=-
2098_g               -            544 7227at5820           -            380  2.5e-142  472.2  67.9   3   3     1e-37     7e-35  118.5   6.4   276   380   421   532   405   532 0.85 length=544	scaffold=scaffold00391	strand=-
3328_g               -            847 7227at5820           -            380   1.9e-54  182.9  22.5   1   3     5e-47   3.3e-44  149.2  13.5   137   271   275   409   251   450 0.89 length=847	scaffold=scaffold00998	strand=-
3328_g               -            847 7227at5820           -            380   1.9e-54  182.9  22.5   2   3         6     4e+03   -8.0   6.1    38    38   522   522   465   585 0.56 length=847	scaffold=scaffold00998	strand=-
3328_g               -            847 7227at5820           -            380   1.9e-54  182.9  22.5   3   3   2.8e-16   1.9e-13   48.0   1.6   284   355   635   707   604   718 0.74 length=847	scaffold=scaffold00998	strand=-
896_g                -            285 7227at5820           -            380   3.2e-24   83.4  24.8   1   2     0.011         7    3.3   0.9    75   116    37    77    28    87 0.77 length=285	scaffold=scaffold00103	strand=+
896_g                -            285 7227at5820           -            380   3.2e-24   83.4  24.8   2   2   4.8e-27   3.2e-24   83.4  24.8   137   240   149   252   104   267 0.85 length=285	scaffold=scaffold00103	strand=+
3309_g               -           1219 7227at5820           -            380   1.3e-05   22.2  55.8   1   4      0.05        33    1.1   0.6    54    91    51    86    45   122 0.75 length=1219	scaffold=scaffold00984	strand=+
3309_g               -           1219 7227at5820           -            380   1.3e-05   22.2  55.8   2   4         6     4e+03   -7.7   8.8   111   192   182   261   151   430 0.65 length=1219	scaffold=scaffold00984	strand=+
3309_g               -           1219 7227at5820           -            380   1.3e-05   22.2  55.8   3   4         6     4e+03   -6.0  10.7    35    80   598   641   544   646 0.65 length=1219	scaffold=scaffold00984	strand=+
3309_g               -           1219 7227at5820           -            380   1.3e-05   22.2  55.8   4   4   1.9e-08   1.3e-05   22.2  55.8    23   228   647   848   642   889 0.66 length=1219	scaffold=scaffold00984	strand=+
2712_g               -            591 7227at5820           -            380    0.0086   12.9  53.2   1   2   6.6e-06    0.0044   13.8   7.8    24    73   117   168   105   173 0.83 length=591	scaffold=scaffold00628	strand=-	adjustedToFrame=2
2712_g               -            591 7227at5820           -            380    0.0086   12.9  53.2   2   2      0.35   2.3e+02   -1.7  38.8    30   198   171   327   164   359 0.68 length=591	scaffold=scaffold00628	strand=-	adjustedToFrame=2
1877_g               -            352 7227at5820           -            380      0.96    6.1  40.3   1   3      0.01       6.7    3.4  11.5    21    68    50    97    32   104 0.82 length=352	scaffold=scaffold00323	strand=-
1877_g               -            352 7227at5820           -            380      0.96    6.1  40.3   2   3    0.0024       1.6    5.4  21.1    23   116   100   192    89   200 0.73 length=352	scaffold=scaffold00323	strand=-
1877_g               -            352 7227at5820           -            380      0.96    6.1  40.3   3   3     0.013       8.5    3.0   0.8   264   334   188   258   182   284 0.86 length=352	scaffold=scaffold00323	strand=-
#
# Program:         hmmsearch
# Version:         3.1b2 (February 2015)
# Pipeline mode:   SEARCH
# Query file:      /export/home/bio1901/Documents/29_BINP/OrthoSearch/busco_downloads/lineages/plasmodium_odb10/hmms/7227at5820.hmm
# Target file:     Results/1_GeneSequences/PB.faa
# Option settings: /home/users/bio1901/miniconda3/envs/busco/bin/hmmsearch --domtblout /export/home/bio1901/Documents/29_BINP/OrthoSearch/PB/run_plasmodium_odb10/hmmer_output/7227at5820.out --cpu 1 /export/home/bio1901/Documents/29_BINP/OrthoSearch/busco_downloads/lineages/plasmodium_odb10/hmms/7227at5820.hmm Results/1_GeneSequences/PB.faa 
# Current dir:     /export/home/bio1901/Documents/29_BINP/OrthoSearch
# Date:            Sun Mar 15 18:14:01 2020
# [ok]
