#                                                                            --- full sequence --- -------------- this domain -------------   hmm coord   ali coord   env coord
# target name        accession   tlen query name           accession   qlen   E-value  score  bias   #  of  c-Evalue  i-Evalue  score  bias  from    to  from    to  from    to  acc description of target
#------------------- ---------- ----- -------------------- ---------- ----- --------- ------ ----- --- --- --------- --------- ------ ----- ----- ----- ----- ----- ----- ----- ---- ---------------------
1048_g               -           1756 723at5820            -           1270         0 1302.0 151.9   1   7   6.9e-52   2.8e-48  162.2  12.8     8   128   123   244   119   295 0.89 length=1756	scaffold=scaffold00129	strand=+
1048_g               -           1756 723at5820            -           1270         0 1302.0 151.9   2   7   0.00023       0.9    4.8  12.4   117   216   400   498   383   505 0.72 length=1756	scaffold=scaffold00129	strand=+
1048_g               -           1756 723at5820            -           1270         0 1302.0 151.9   3   7   2.5e-44   9.8e-41  137.2  28.4   123   345   476   726   458   730 0.77 length=1756	scaffold=scaffold00129	strand=+
1048_g               -           1756 723at5820            -           1270         0 1302.0 151.9   4   7   1.9e-50   7.6e-47  157.4   6.9   391   523   729   869   726   871 0.92 length=1756	scaffold=scaffold00129	strand=+
1048_g               -           1756 723at5820            -           1270         0 1302.0 151.9   5   7   7.1e-14   2.8e-10   36.3   0.6   570   634   869   934   867   939 0.88 length=1756	scaffold=scaffold00129	strand=+
1048_g               -           1756 723at5820            -           1270         0 1302.0 151.9   6   7   1.7e-37     7e-34  114.5  14.5   615   719   949  1058   933  1076 0.86 length=1756	scaffold=scaffold00129	strand=+
1048_g               -           1756 723at5820            -           1270         0 1302.0 151.9   7   7  1.5e-220  6.1e-217  720.9  40.7   712  1270  1116  1706  1104  1706 0.94 length=1756	scaffold=scaffold00129	strand=+
#
# Program:         hmmsearch
# Version:         3.1b2 (February 2015)
# Pipeline mode:   SEARCH
# Query file:      /export/home/bio1901/Documents/29_BINP/OrthoSearch/busco_downloads/lineages/plasmodium_odb10/hmms/723at5820.hmm
# Target file:     Results/1_GeneSequences/PB.faa
# Option settings: /home/users/bio1901/miniconda3/envs/busco/bin/hmmsearch --domtblout /export/home/bio1901/Documents/29_BINP/OrthoSearch/PB/run_plasmodium_odb10/hmmer_output/723at5820.out --cpu 1 /export/home/bio1901/Documents/29_BINP/OrthoSearch/busco_downloads/lineages/plasmodium_odb10/hmms/723at5820.hmm Results/1_GeneSequences/PB.faa 
# Current dir:     /export/home/bio1901/Documents/29_BINP/OrthoSearch
# Date:            Sun Mar 15 18:14:02 2020
# [ok]
