#                                                                            --- full sequence --- -------------- this domain -------------   hmm coord   ali coord   env coord
# target name        accession   tlen query name           accession   qlen   E-value  score  bias   #  of  c-Evalue  i-Evalue  score  bias  from    to  from    to  from    to  acc description of target
#------------------- ---------- ----- -------------------- ---------- ----- --------- ------ ----- --- --- --------- --------- ------ ----- ----- ----- ----- ----- ----- ----- ---- ---------------------
3613_g               -            459 7409at5820           -            308   2.4e-93  310.8  44.1   1   4   1.6e-20   1.6e-17   61.8   2.8     1    69     1    63     1   114 0.75 length=459	scaffold=scaffold01224	strand=+
3613_g               -            459 7409at5820           -            308   2.4e-93  310.8  44.1   2   4   2.1e-17   2.1e-14   51.5   2.7    54   135   121   201   108   205 0.87 length=459	scaffold=scaffold01224	strand=+
3613_g               -            459 7409at5820           -            308   2.4e-93  310.8  44.1   3   4   2.8e-34   2.8e-31  107.0  12.9   118   238   208   331   203   334 0.82 length=459	scaffold=scaffold01224	strand=+
3613_g               -            459 7409at5820           -            308   2.4e-93  310.8  44.1   4   4   1.8e-33   1.8e-30  104.3   8.6   172   308   312   457   307   457 0.83 length=459	scaffold=scaffold01224	strand=+
3685_g               -            235 7409at5820           -            308   1.3e-08   32.5   5.6   1   2    0.0039       3.9    4.7   0.8   168   191    68    91    66   108 0.87 length=235	scaffold=scaffold01289	strand=-	adjustedToFrame=2
3685_g               -            235 7409at5820           -            308   1.3e-08   32.5   5.6   2   2   9.4e-11   9.3e-08   29.7   0.2   125   192   114   181   100   200 0.89 length=235	scaffold=scaffold01289	strand=-	adjustedToFrame=2
87_g                 -            111 7409at5820           -            308   9.7e-06   23.1   0.5   1   2      0.29   2.9e+02   -1.4   0.0     4    16    10    22     7    38 0.85 length=111	scaffold=scaffold00004	strand=+
87_g                 -            111 7409at5820           -            308   9.7e-06   23.1   0.5   2   2   1.8e-08   1.8e-05   22.2   0.1   146   191    44    89    29   101 0.84 length=111	scaffold=scaffold00004	strand=+
1994_g               -            215 7409at5820           -            308   0.00036   18.0   1.7   1   3    0.0029       2.9    5.1   0.1     4    29    10    36     7    42 0.78 length=215	scaffold=scaffold00359	strand=-
1994_g               -            215 7409at5820           -            308   0.00036   18.0   1.7   2   3    0.0001       0.1    9.9   0.1   141   185    63   107    41   112 0.85 length=215	scaffold=scaffold00359	strand=-
1994_g               -            215 7409at5820           -            308   0.00036   18.0   1.7   3   3     0.077        77    0.4   0.0   221   250   114   143   110   169 0.76 length=215	scaffold=scaffold00359	strand=-
#
# Program:         hmmsearch
# Version:         3.1b2 (February 2015)
# Pipeline mode:   SEARCH
# Query file:      /export/home/bio1901/Documents/29_BINP/OrthoSearch/busco_downloads/lineages/plasmodium_odb10/hmms/7409at5820.hmm
# Target file:     Results/1_GeneSequences/PB.faa
# Option settings: /home/users/bio1901/miniconda3/envs/busco/bin/hmmsearch --domtblout /export/home/bio1901/Documents/29_BINP/OrthoSearch/PB/run_plasmodium_odb10/hmmer_output/7409at5820.out --cpu 1 /export/home/bio1901/Documents/29_BINP/OrthoSearch/busco_downloads/lineages/plasmodium_odb10/hmms/7409at5820.hmm Results/1_GeneSequences/PB.faa 
# Current dir:     /export/home/bio1901/Documents/29_BINP/OrthoSearch
# Date:            Sun Mar 15 18:14:11 2020
# [ok]
