#                                                                            --- full sequence --- -------------- this domain -------------   hmm coord   ali coord   env coord
# target name        accession   tlen query name           accession   qlen   E-value  score  bias   #  of  c-Evalue  i-Evalue  score  bias  from    to  from    to  from    to  acc description of target
#------------------- ---------- ----- -------------------- ---------- ----- --------- ------ ----- --- --- --------- --------- ------ ----- ----- ----- ----- ----- ----- ----- ---- ---------------------
140_g                -           1501 742at5820            -           1341         0 1761.1  79.1   1   3   1.2e-20   1.2e-17   60.8   7.1     1    70     1    71     1    92 0.83 length=1501	scaffold=scaffold00008	strand=+
140_g                -           1501 742at5820            -           1341         0 1761.1  79.1   2   3         0         0 1390.7  53.0    69  1077   121  1280   105  1299 0.86 length=1501	scaffold=scaffold00008	strand=+
140_g                -           1501 742at5820            -           1341         0 1761.1  79.1   3   3     1e-98     1e-95  319.4   3.8  1054  1233  1304  1483  1283  1487 0.95 length=1501	scaffold=scaffold00008	strand=+
1776_g               -           2296 742at5820            -           1341   3.9e-55  185.0  52.1   1   9   5.9e-39   5.8e-36  121.4  22.4   293   623   320   786   308   813 0.88 length=2296	scaffold=scaffold00294	strand=-	adjustedToFrame=2
1776_g               -           2296 742at5820            -           1341   3.9e-55  185.0  52.1   2   9      0.46   4.6e+02   -4.1   2.4   717   767   849   898   805   908 0.65 length=2296	scaffold=scaffold00294	strand=-	adjustedToFrame=2
1776_g               -           2296 742at5820            -           1341   3.9e-55  185.0  52.1   3   9   2.3e-11   2.3e-08   30.0   6.4   624   726   984  1092   978  1097 0.75 length=2296	scaffold=scaffold00294	strand=-	adjustedToFrame=2
1776_g               -           2296 742at5820            -           1341   3.9e-55  185.0  52.1   4   9   4.2e-18   4.2e-15   52.3   3.9   764   905  1095  1243  1091  1249 0.84 length=2296	scaffold=scaffold00294	strand=-	adjustedToFrame=2
1776_g               -           2296 742at5820            -           1341   3.9e-55  185.0  52.1   5   9         4     4e+03  -12.6   8.9   137   205  1354  1409  1336  1427 0.36 length=2296	scaffold=scaffold00294	strand=-	adjustedToFrame=2
1776_g               -           2296 742at5820            -           1341   3.9e-55  185.0  52.1   6   9       2.9   2.9e+03   -6.8   4.7   677   754  1491  1577  1479  1600 0.65 length=2296	scaffold=scaffold00294	strand=-	adjustedToFrame=2
1776_g               -           2296 742at5820            -           1341   3.9e-55  185.0  52.1   7   9         4     4e+03   -7.4   6.7   152   244  1710  1804  1700  1835 0.65 length=2296	scaffold=scaffold00294	strand=-	adjustedToFrame=2
1776_g               -           2296 742at5820            -           1341   3.9e-55  185.0  52.1   8   9     6e-10     6e-07   25.3   0.1   965  1026  1939  2002  1914  2005 0.84 length=2296	scaffold=scaffold00294	strand=-	adjustedToFrame=2
1776_g               -           2296 742at5820            -           1341   3.9e-55  185.0  52.1   9   9    0.0016       1.6    4.0  32.9  1089  1325  2006  2258  2003  2275 0.68 length=2296	scaffold=scaffold00294	strand=-	adjustedToFrame=2
2016_g               -           1125 742at5820            -           1341     6e-17   58.5  33.1   1   4   2.4e-06    0.0024   13.4  10.8   314   619    72   378    32   394 0.64 length=1125	scaffold=scaffold00365	strand=+
2016_g               -           1125 742at5820            -           1341     6e-17   58.5  33.1   2   4   2.2e-09   2.2e-06   23.4   1.2   787   885   673   773   618   797 0.73 length=1125	scaffold=scaffold00365	strand=+
2016_g               -           1125 742at5820            -           1341     6e-17   58.5  33.1   3   4     8e-14   7.9e-11   38.2   0.2   977  1062   802   890   776   896 0.66 length=1125	scaffold=scaffold00365	strand=+
2016_g               -           1125 742at5820            -           1341     6e-17   58.5  33.1   4   4       1.1     1e+03   -5.3   1.6  1258  1321  1043  1107  1031  1112 0.60 length=1125	scaffold=scaffold00365	strand=+
2280_g               -           1331 742at5820            -           1341   1.6e-11   40.5  16.3   1   4   9.8e-06    0.0098   11.4   0.4   272   436   163   325    44   332 0.69 length=1331	scaffold=scaffold00452	strand=-
2280_g               -           1331 742at5820            -           1341   1.6e-11   40.5  16.3   2   4    0.0053       5.3    2.3   2.2   481   621   347   497   336   512 0.62 length=1331	scaffold=scaffold00452	strand=-
2280_g               -           1331 742at5820            -           1341   1.6e-11   40.5  16.3   3   4    0.0002       0.2    7.0   0.1   825   891   766   832   708   878 0.78 length=1331	scaffold=scaffold00452	strand=-
2280_g               -           1331 742at5820            -           1341   1.6e-11   40.5  16.3   4   4   1.5e-10   1.5e-07   27.3   0.0   972  1026   879   933   875   974 0.89 length=1331	scaffold=scaffold00452	strand=-
#
# Program:         hmmsearch
# Version:         3.1b2 (February 2015)
# Pipeline mode:   SEARCH
# Query file:      /export/home/bio1901/Documents/29_BINP/OrthoSearch/busco_downloads/lineages/plasmodium_odb10/hmms/742at5820.hmm
# Target file:     Results/1_GeneSequences/PB.faa
# Option settings: /home/users/bio1901/miniconda3/envs/busco/bin/hmmsearch --domtblout /export/home/bio1901/Documents/29_BINP/OrthoSearch/PB/run_plasmodium_odb10/hmmer_output/742at5820.out --cpu 1 /export/home/bio1901/Documents/29_BINP/OrthoSearch/busco_downloads/lineages/plasmodium_odb10/hmms/742at5820.hmm Results/1_GeneSequences/PB.faa 
# Current dir:     /export/home/bio1901/Documents/29_BINP/OrthoSearch
# Date:            Sun Mar 15 18:14:13 2020
# [ok]
