#                                                                            --- full sequence --- -------------- this domain -------------   hmm coord   ali coord   env coord
# target name        accession   tlen query name           accession   qlen   E-value  score  bias   #  of  c-Evalue  i-Evalue  score  bias  from    to  from    to  from    to  acc description of target
#------------------- ---------- ----- -------------------- ---------- ----- --------- ------ ----- --- --- --------- --------- ------ ----- ----- ----- ----- ----- ----- ----- ---- ---------------------
297_g                -            721 7466at5820           -            378  1.8e-104  347.8  90.6   1   4      0.82   6.5e+02   -2.9  15.4    12   109    23   138    15   171 0.60 length=721	scaffold=scaffold00022	strand=-
297_g                -            721 7466at5820           -            378  1.8e-104  347.8  90.6   2   4   2.1e-23   1.7e-20   71.4  23.1    82   171   255   346   219   356 0.86 length=721	scaffold=scaffold00022	strand=-
297_g                -            721 7466at5820           -            378  1.8e-104  347.8  90.6   3   4   4.1e-65   3.3e-62  208.7  23.4    93   330   361   615   345   627 0.81 length=721	scaffold=scaffold00022	strand=-
297_g                -            721 7466at5820           -            378  1.8e-104  347.8  90.6   4   4   5.2e-29   4.2e-26   89.9   3.2   328   378   670   720   666   720 0.96 length=721	scaffold=scaffold00022	strand=-
2198_g               -            698 7466at5820           -            378   2.4e-66  222.3  37.8   1   3     0.011       8.8    3.2   1.8    25   130    34   143    15   166 0.72 length=698	scaffold=scaffold00423	strand=-
2198_g               -            698 7466at5820           -            378   2.4e-66  222.3  37.8   2   3   1.3e-13     1e-10   39.2  14.4    80   159   190   271   144   294 0.81 length=698	scaffold=scaffold00423	strand=-
2198_g               -            698 7466at5820           -            378   2.4e-66  222.3  37.8   3   3   2.1e-59   1.7e-56  189.9   8.0   170   373   325   540   320   545 0.90 length=698	scaffold=scaffold00423	strand=-
1332_g               -           1728 7466at5820           -            378   2.2e-21   74.3  28.0   1   5     4e-07   0.00032   17.8   1.5   178   253   379   461   350   467 0.80 length=1728	scaffold=scaffold00187	strand=+
1332_g               -           1728 7466at5820           -            378   2.2e-21   74.3  28.0   2   5   3.6e-09   2.8e-06   24.6   0.5   316   356   557   597   547   603 0.92 length=1728	scaffold=scaffold00187	strand=+
1332_g               -           1728 7466at5820           -            378   2.2e-21   74.3  28.0   3   5     0.081        65    0.4   0.8    20    71   929   982   893   997 0.64 length=1728	scaffold=scaffold00187	strand=+
1332_g               -           1728 7466at5820           -            378   2.2e-21   74.3  28.0   4   5   0.00036      0.28    8.1   0.2   182   203  1074  1095  1060  1134 0.75 length=1728	scaffold=scaffold00187	strand=+
1332_g               -           1728 7466at5820           -            378   2.2e-21   74.3  28.0   5   5   1.4e-13   1.1e-10   39.0   0.9   276   357  1206  1294  1185  1298 0.80 length=1728	scaffold=scaffold00187	strand=+
3365_g               -            427 7466at5820           -            378   7.9e-13   46.2  28.8   1   2   4.7e-06    0.0037   14.3  13.9   176   342   148   326    68   331 0.74 length=427	scaffold=scaffold01026	strand=-
3365_g               -            427 7466at5820           -            378   7.9e-13   46.2  28.8   2   2   8.4e-13   6.7e-10   36.5   6.2   315   359   352   396   343   404 0.91 length=427	scaffold=scaffold01026	strand=-
427_g                -            712 7466at5820           -            378   1.3e-09   35.6  17.7   1   3       1.6   1.3e+03   -3.9   0.1    62   308    72   102    57   116 0.53 length=712	scaffold=scaffold00038	strand=-
427_g                -            712 7466at5820           -            378   1.3e-09   35.6  17.7   2   3   1.4e-05     0.011   12.7   2.0   199   262   432   495   265   548 0.76 length=712	scaffold=scaffold00038	strand=-
427_g                -            712 7466at5820           -            378   1.3e-09   35.6  17.7   3   3   2.6e-11   2.1e-08   31.6   3.7   313   361   629   676   622   687 0.82 length=712	scaffold=scaffold00038	strand=-
#
# Program:         hmmsearch
# Version:         3.1b2 (February 2015)
# Pipeline mode:   SEARCH
# Query file:      /export/home/bio1901/Documents/29_BINP/OrthoSearch/busco_downloads/lineages/plasmodium_odb10/hmms/7466at5820.hmm
# Target file:     Results/1_GeneSequences/PB.faa
# Option settings: /home/users/bio1901/miniconda3/envs/busco/bin/hmmsearch --domtblout /export/home/bio1901/Documents/29_BINP/OrthoSearch/PB/run_plasmodium_odb10/hmmer_output/7466at5820.out --cpu 1 /export/home/bio1901/Documents/29_BINP/OrthoSearch/busco_downloads/lineages/plasmodium_odb10/hmms/7466at5820.hmm Results/1_GeneSequences/PB.faa 
# Current dir:     /export/home/bio1901/Documents/29_BINP/OrthoSearch
# Date:            Sun Mar 15 18:14:14 2020
# [ok]
