#                                                                            --- full sequence --- -------------- this domain -------------   hmm coord   ali coord   env coord
# target name        accession   tlen query name           accession   qlen   E-value  score  bias   #  of  c-Evalue  i-Evalue  score  bias  from    to  from    to  from    to  acc description of target
#------------------- ---------- ----- -------------------- ---------- ----- --------- ------ ----- --- --- --------- --------- ------ ----- ----- ----- ----- ----- ----- ----- ---- ---------------------
3099_g               -           1204 746at5820            -           1276  8.9e-192  637.7 120.6   1   7   1.4e-30   2.8e-27   92.7  16.9   696   782     1    87     1   109 0.92 length=1204	scaffold=scaffold00846	strand=-
3099_g               -           1204 746at5820            -           1276  8.9e-192  637.7 120.6   2   7      0.07   1.4e+02   -2.4   2.4    60   111   112   162    85   174 0.74 length=1204	scaffold=scaffold00846	strand=-
3099_g               -           1204 746at5820            -           1276  8.9e-192  637.7 120.6   3   7   1.4e-50   2.7e-47  159.0  15.0   770   906   294   430   285   448 0.93 length=1204	scaffold=scaffold00846	strand=-
3099_g               -           1204 746at5820            -           1276  8.9e-192  637.7 120.6   4   7         2     4e+03  -12.3  14.0   398   442   518   558   490   588 0.42 length=1204	scaffold=scaffold00846	strand=-
3099_g               -           1204 746at5820            -           1276  8.9e-192  637.7 120.6   5   7  2.8e-108  5.6e-105  350.1  53.9   905  1219   613   934   598   939 0.89 length=1204	scaffold=scaffold00846	strand=-
3099_g               -           1204 746at5820            -           1276  8.9e-192  637.7 120.6   6   7         2     4e+03   -9.6  13.4   357   434   931  1009   929  1029 0.80 length=1204	scaffold=scaffold00846	strand=-
3099_g               -           1204 746at5820            -           1276  8.9e-192  637.7 120.6   7   7   2.6e-27   5.2e-24   81.9  10.8  1204  1274  1127  1197  1115  1199 0.89 length=1204	scaffold=scaffold00846	strand=-
3100_g               -            229 746at5820            -           1276   2.7e-17   59.6  13.3   1   2         2     4e+03  -10.6  11.8   401   419    62    80     3   123 0.51 length=229	scaffold=scaffold00846	strand=+
3100_g               -            229 746at5820            -           1276   2.7e-17   59.6  13.3   2   2   1.4e-20   2.7e-17   59.6  13.3   407   476   159   229   127   229 0.81 length=229	scaffold=scaffold00846	strand=+
#
# Program:         hmmsearch
# Version:         3.1b2 (February 2015)
# Pipeline mode:   SEARCH
# Query file:      /export/home/bio1901/Documents/29_BINP/OrthoSearch/busco_downloads/lineages/plasmodium_odb10/hmms/746at5820.hmm
# Target file:     Results/1_GeneSequences/PB.faa
# Option settings: /home/users/bio1901/miniconda3/envs/busco/bin/hmmsearch --domtblout /export/home/bio1901/Documents/29_BINP/OrthoSearch/PB/run_plasmodium_odb10/hmmer_output/746at5820.out --cpu 1 /export/home/bio1901/Documents/29_BINP/OrthoSearch/busco_downloads/lineages/plasmodium_odb10/hmms/746at5820.hmm Results/1_GeneSequences/PB.faa 
# Current dir:     /export/home/bio1901/Documents/29_BINP/OrthoSearch
# Date:            Sun Mar 15 18:14:15 2020
# [ok]
