#                                                                            --- full sequence --- -------------- this domain -------------   hmm coord   ali coord   env coord
# target name        accession   tlen query name           accession   qlen   E-value  score  bias   #  of  c-Evalue  i-Evalue  score  bias  from    to  from    to  from    to  acc description of target
#------------------- ---------- ----- -------------------- ---------- ----- --------- ------ ----- --- --- --------- --------- ------ ----- ----- ----- ----- ----- ----- ----- ---- ---------------------
2919_g               -            501 7545at5820           -            409  9.5e-117  388.5  65.3   1   2    1e-108  1.4e-105  351.7  17.8     1   209     1   225     1   241 0.86 length=501	scaffold=scaffold00739	strand=+
2919_g               -            501 7545at5820           -            409  9.5e-117  388.5  65.3   2   2   8.7e-15   1.2e-11   42.4  39.9   182   408   261   499   235   500 0.61 length=501	scaffold=scaffold00739	strand=+
989_g                -            391 7545at5820           -            409   2.9e-21   74.0   0.1   1   3   2.2e-24   2.9e-21   74.0   0.1    23    80    18    75     5   112 0.87 length=391	scaffold=scaffold00118	strand=-
989_g                -            391 7545at5820           -            409   2.9e-21   74.0   0.1   2   3         3     4e+03  -13.0  23.8   302   383   233   319   133   329 0.40 length=391	scaffold=scaffold00118	strand=-
989_g                -            391 7545at5820           -            409   2.9e-21   74.0   0.1   3   3         3     4e+03  -15.1  26.9   199   276   285   364   272   390 0.38 length=391	scaffold=scaffold00118	strand=-
3974_g               -            558 7545at5820           -            409   1.5e-15   55.2   0.6   1   4   1.1e-18   1.5e-15   55.2   0.6    22    76    39    93    26   109 0.87 length=558	scaffold=scaffold01557	strand=-	adjustedToFrame=2
3974_g               -            558 7545at5820           -            409   1.5e-15   55.2   0.6   2   4         3     4e+03   -5.8  10.9   248   310   143   210   102   217 0.34 length=558	scaffold=scaffold01557	strand=-	adjustedToFrame=2
3974_g               -            558 7545at5820           -            409   1.5e-15   55.2   0.6   3   4         3     4e+03  -17.0  48.7   172   382   214   426   182   450 0.62 length=558	scaffold=scaffold01557	strand=-	adjustedToFrame=2
3974_g               -            558 7545at5820           -            409   1.5e-15   55.2   0.6   4   4         3     4e+03   -6.1  10.4   199   261   447   500   426   549 0.48 length=558	scaffold=scaffold01557	strand=-	adjustedToFrame=2
#
# Program:         hmmsearch
# Version:         3.1b2 (February 2015)
# Pipeline mode:   SEARCH
# Query file:      /export/home/bio1901/Documents/29_BINP/OrthoSearch/busco_downloads/lineages/plasmodium_odb10/hmms/7545at5820.hmm
# Target file:     Results/1_GeneSequences/PB.faa
# Option settings: /home/users/bio1901/miniconda3/envs/busco/bin/hmmsearch --domtblout /export/home/bio1901/Documents/29_BINP/OrthoSearch/PB/run_plasmodium_odb10/hmmer_output/7545at5820.out --cpu 1 /export/home/bio1901/Documents/29_BINP/OrthoSearch/busco_downloads/lineages/plasmodium_odb10/hmms/7545at5820.hmm Results/1_GeneSequences/PB.faa 
# Current dir:     /export/home/bio1901/Documents/29_BINP/OrthoSearch
# Date:            Sun Mar 15 18:14:25 2020
# [ok]
