#                                                                            --- full sequence --- -------------- this domain -------------   hmm coord   ali coord   env coord
# target name        accession   tlen query name           accession   qlen   E-value  score  bias   #  of  c-Evalue  i-Evalue  score  bias  from    to  from    to  from    to  acc description of target
#------------------- ---------- ----- -------------------- ---------- ----- --------- ------ ----- --- --- --------- --------- ------ ----- ----- ----- ----- ----- ----- ----- ---- ---------------------
1027_g               -           1793 756at5820            -           1536  1.3e-144  481.4 202.8   1   8     1e-22   4.1e-19   65.4  18.0    46   133     1    88     1   111 0.89 length=1793	scaffold=scaffold00125	strand=+	adjustedToFrame=2
1027_g               -           1793 756at5820            -           1536  1.3e-144  481.4 202.8   2   8   6.3e-35   2.5e-31  105.9  51.8   460   699    96   365    83   387 0.65 length=1793	scaffold=scaffold00125	strand=+	adjustedToFrame=2
1027_g               -           1793 756at5820            -           1536  1.3e-144  481.4 202.8   3   8     0.074   2.9e+02   -3.7   5.7   413   470   373   424   358   434 0.47 length=1793	scaffold=scaffold00125	strand=+	adjustedToFrame=2
1027_g               -           1793 756at5820            -           1536  1.3e-144  481.4 202.8   4   8   3.3e-27   1.3e-23   80.4  21.9   832   944   426   537   406   543 0.84 length=1793	scaffold=scaffold00125	strand=+	adjustedToFrame=2
1027_g               -           1793 756at5820            -           1536  1.3e-144  481.4 202.8   5   8   3.1e-65   1.2e-61  206.4  56.7   921  1316   582   989   538   997 0.78 length=1793	scaffold=scaffold00125	strand=+	adjustedToFrame=2
1027_g               -           1793 756at5820            -           1536  1.3e-144  481.4 202.8   6   8   3.4e-29   1.3e-25   87.0  22.4  1174  1344  1025  1196  1001  1202 0.75 length=1793	scaffold=scaffold00125	strand=+	adjustedToFrame=2
1027_g               -           1793 756at5820            -           1536  1.3e-144  481.4 202.8   7   8         1     4e+03  -14.3  18.1   422   541  1180  1307  1175  1328 0.45 length=1793	scaffold=scaffold00125	strand=+	adjustedToFrame=2
1027_g               -           1793 756at5820            -           1536  1.3e-144  481.4 202.8   8   8         1     4e+03  -18.9  21.9   191   258  1580  1646  1440  1693 0.44 length=1793	scaffold=scaffold00125	strand=+	adjustedToFrame=2
#
# Program:         hmmsearch
# Version:         3.1b2 (February 2015)
# Pipeline mode:   SEARCH
# Query file:      /export/home/bio1901/Documents/29_BINP/OrthoSearch/busco_downloads/lineages/plasmodium_odb10/hmms/756at5820.hmm
# Target file:     Results/1_GeneSequences/PB.faa
# Option settings: /home/users/bio1901/miniconda3/envs/busco/bin/hmmsearch --domtblout /export/home/bio1901/Documents/29_BINP/OrthoSearch/PB/run_plasmodium_odb10/hmmer_output/756at5820.out --cpu 1 /export/home/bio1901/Documents/29_BINP/OrthoSearch/busco_downloads/lineages/plasmodium_odb10/hmms/756at5820.hmm Results/1_GeneSequences/PB.faa 
# Current dir:     /export/home/bio1901/Documents/29_BINP/OrthoSearch
# Date:            Sun Mar 15 18:14:27 2020
# [ok]
