#                                                                            --- full sequence --- -------------- this domain -------------   hmm coord   ali coord   env coord
# target name        accession   tlen query name           accession   qlen   E-value  score  bias   #  of  c-Evalue  i-Evalue  score  bias  from    to  from    to  from    to  acc description of target
#------------------- ---------- ----- -------------------- ---------- ----- --------- ------ ----- --- --- --------- --------- ------ ----- ----- ----- ----- ----- ----- ----- ---- ---------------------
1183_g               -           2137 760at5820            -           1541         0 1651.3 153.5   1   4   4.6e-13   6.1e-10   35.0   0.3    14    72    11    70     2    84 0.86 length=2137	scaffold=scaffold00157	strand=+
1183_g               -           2137 760at5820            -           1541         0 1651.3 153.5   2   4  2.4e-113  3.2e-110  367.4  37.5    65   455   105   660    86   722 0.84 length=2137	scaffold=scaffold00157	strand=+
1183_g               -           2137 760at5820            -           1541         0 1651.3 153.5   3   4   1.2e-78   1.6e-75  252.4  11.6   481   691   774   982   743  1006 0.82 length=2137	scaffold=scaffold00157	strand=+
1183_g               -           2137 760at5820            -           1541         0 1651.3 153.5   4   4  3.4e-306  4.5e-303 1006.6  82.1   658  1540  1028  2131  1008  2132 0.83 length=2137	scaffold=scaffold00157	strand=+
3785_g               -           1018 760at5820            -           1541   6.3e-09   31.7  38.5   1   4       1.4   1.8e+03   -6.3   6.1    76   136    57   117     8   141 0.61 length=1018	scaffold=scaffold01381	strand=-
3785_g               -           1018 760at5820            -           1541   6.3e-09   31.7  38.5   2   4   4.7e-12   6.3e-09   31.7  38.5   841  1388   253   813   158   827 0.66 length=1018	scaffold=scaffold01381	strand=-
3785_g               -           1018 760at5820            -           1541   6.3e-09   31.7  38.5   3   4   0.00053       0.7    5.0   0.0  1480  1525   877   922   863   941 0.80 length=1018	scaffold=scaffold01381	strand=-
3785_g               -           1018 760at5820            -           1541   6.3e-09   31.7  38.5   4   4         3     4e+03   -9.3   6.6   662   692   965   995   945  1008 0.31 length=1018	scaffold=scaffold01381	strand=-
2094_g               -            104 760at5820            -           1541       0.5    5.5   9.6   1   1   0.00038      0.51    5.4   9.6   637   695    35    94     5   102 0.43 length=104	scaffold=scaffold00390	strand=+
#
# Program:         hmmsearch
# Version:         3.1b2 (February 2015)
# Pipeline mode:   SEARCH
# Query file:      /export/home/bio1901/Documents/29_BINP/OrthoSearch/busco_downloads/lineages/plasmodium_odb10/hmms/760at5820.hmm
# Target file:     Results/1_GeneSequences/PB.faa
# Option settings: /home/users/bio1901/miniconda3/envs/busco/bin/hmmsearch --domtblout /export/home/bio1901/Documents/29_BINP/OrthoSearch/PB/run_plasmodium_odb10/hmmer_output/760at5820.out --cpu 1 /export/home/bio1901/Documents/29_BINP/OrthoSearch/busco_downloads/lineages/plasmodium_odb10/hmms/760at5820.hmm Results/1_GeneSequences/PB.faa 
# Current dir:     /export/home/bio1901/Documents/29_BINP/OrthoSearch
# Date:            Sun Mar 15 18:14:34 2020
# [ok]
