#                                                                            --- full sequence --- -------------- this domain -------------   hmm coord   ali coord   env coord
# target name        accession   tlen query name           accession   qlen   E-value  score  bias   #  of  c-Evalue  i-Evalue  score  bias  from    to  from    to  from    to  acc description of target
#------------------- ---------- ----- -------------------- ---------- ----- --------- ------ ----- --- --- --------- --------- ------ ----- ----- ----- ----- ----- ----- ----- ---- ---------------------
1901_g               -           1515 7619at5820           -            348  2.4e-106  353.6  53.1   1   5   3.2e-77   4.2e-74  247.5  15.0     2   186    25   218    24   235 0.90 length=1515	scaffold=scaffold00329	strand=+
1901_g               -           1515 7619at5820           -            348  2.4e-106  353.6  53.1   2   5   2.2e-13   2.9e-10   37.6   0.3   177   236   397   457   385   464 0.85 length=1515	scaffold=scaffold00329	strand=+
1901_g               -           1515 7619at5820           -            348  2.4e-106  353.6  53.1   3   5   5.5e-29   7.3e-26   88.9   6.9   238   333   534   633   531   644 0.91 length=1515	scaffold=scaffold00329	strand=+
1901_g               -           1515 7619at5820           -            348  2.4e-106  353.6  53.1   4   5      0.18   2.4e+02   -1.6   0.9   266   304  1147  1185  1082  1211 0.67 length=1515	scaffold=scaffold00329	strand=+
1901_g               -           1515 7619at5820           -            348  2.4e-106  353.6  53.1   5   5     0.069        92   -0.2   1.9   271   322  1366  1417  1351  1435 0.72 length=1515	scaffold=scaffold00329	strand=+
3152_g               -           1111 7619at5820           -            348   5.6e-25   86.0  32.7   1   5     1e-10   1.4e-07   28.8  12.8     2   160    53   214    52   220 0.90 length=1111	scaffold=scaffold00880	strand=+	adjustedToFrame=3
3152_g               -           1111 7619at5820           -            348   5.6e-25   86.0  32.7   2   5     0.063        84   -0.1   0.1    23    74   236   288   232   311 0.74 length=1111	scaffold=scaffold00880	strand=+	adjustedToFrame=3
3152_g               -           1111 7619at5820           -            348   5.6e-25   86.0  32.7   3   5   5.4e-19   7.1e-16   56.1   0.2     2   169   486   671   485   711 0.76 length=1111	scaffold=scaffold00880	strand=+	adjustedToFrame=3
3152_g               -           1111 7619at5820           -            348   5.6e-25   86.0  32.7   4   5   2.4e-05     0.031   11.2   0.4   181   239   877   937   839   953 0.78 length=1111	scaffold=scaffold00880	strand=+	adjustedToFrame=3
3152_g               -           1111 7619at5820           -            348   5.6e-25   86.0  32.7   5   5     0.035        47    0.8   0.1   269   323  1015  1070  1010  1089 0.72 length=1111	scaffold=scaffold00880	strand=+	adjustedToFrame=3
103_g                -            630 7619at5820           -            348   3.7e-11   40.6   7.0   1   5      0.68   9.1e+02   -3.5   0.1    15    34    55    74    43    89 0.65 length=630	scaffold=scaffold00005	strand=+
103_g                -            630 7619at5820           -            348   3.7e-11   40.6   7.0   2   5   2.5e-10   3.4e-07   27.5   0.1     3    67    94   158    92   172 0.91 length=630	scaffold=scaffold00005	strand=+
103_g                -            630 7619at5820           -            348   3.7e-11   40.6   7.0   3   5   6.3e-09   8.3e-06   22.9   3.4    73   144   199   267   186   297 0.81 length=630	scaffold=scaffold00005	strand=+
103_g                -            630 7619at5820           -            348   3.7e-11   40.6   7.0   4   5      0.07        93   -0.2   1.0   260   337   327   400   310   406 0.74 length=630	scaffold=scaffold00005	strand=+
103_g                -            630 7619at5820           -            348   3.7e-11   40.6   7.0   5   5         3     4e+03   -6.7   7.7   150   291   466   607   447   612 0.74 length=630	scaffold=scaffold00005	strand=+
#
# Program:         hmmsearch
# Version:         3.1b2 (February 2015)
# Pipeline mode:   SEARCH
# Query file:      /export/home/bio1901/Documents/29_BINP/OrthoSearch/busco_downloads/lineages/plasmodium_odb10/hmms/7619at5820.hmm
# Target file:     Results/1_GeneSequences/PB.faa
# Option settings: /home/users/bio1901/miniconda3/envs/busco/bin/hmmsearch --domtblout /export/home/bio1901/Documents/29_BINP/OrthoSearch/PB/run_plasmodium_odb10/hmmer_output/7619at5820.out --cpu 1 /export/home/bio1901/Documents/29_BINP/OrthoSearch/busco_downloads/lineages/plasmodium_odb10/hmms/7619at5820.hmm Results/1_GeneSequences/PB.faa 
# Current dir:     /export/home/bio1901/Documents/29_BINP/OrthoSearch
# Date:            Sun Mar 15 18:14:34 2020
# [ok]
