#                                                                            --- full sequence --- -------------- this domain -------------   hmm coord   ali coord   env coord
# target name        accession   tlen query name           accession   qlen   E-value  score  bias   #  of  c-Evalue  i-Evalue  score  bias  from    to  from    to  from    to  acc description of target
#------------------- ---------- ----- -------------------- ---------- ----- --------- ------ ----- --- --- --------- --------- ------ ----- ----- ----- ----- ----- ----- ----- ---- ---------------------
1735_g               -           2024 7632at5820           -            322  1.6e-131  435.9  14.2   1   1  8.9e-134  8.8e-131  433.5  14.2    19   312   314   607   292   613 0.91 length=2024	scaffold=scaffold00283	strand=-
3403_g               -            853 7632at5820           -            322   2.3e-27   93.7  12.6   1   3         4     4e+03   -7.2   7.1    23    49   267   294   246   316 0.50 length=853	scaffold=scaffold01057	strand=+
3403_g               -            853 7632at5820           -            322   2.3e-27   93.7  12.6   2   3   1.4e-09   1.4e-06   25.4   0.0   191   281   571   656   565   662 0.89 length=853	scaffold=scaffold01057	strand=+
3403_g               -            853 7632at5820           -            322   2.3e-27   93.7  12.6   3   3     2e-24     2e-21   74.1   0.1    90   285   660   848   658   851 0.88 length=853	scaffold=scaffold01057	strand=+
1255_g               -            639 7632at5820           -            322   5.1e-14   49.8   5.8   1   3   1.4e-07   0.00014   18.8   0.1   231   301    97   170    85   176 0.87 length=639	scaffold=scaffold00171	strand=+
1255_g               -            639 7632at5820           -            322   5.1e-14   49.8   5.8   2   3   1.3e-06    0.0013   15.6   0.4    80   171   200   294   178   303 0.75 length=639	scaffold=scaffold00171	strand=+
1255_g               -            639 7632at5820           -            322   5.1e-14   49.8   5.8   3   3   8.9e-07   0.00089   16.2   0.1   140   200   378   441   340   487 0.78 length=639	scaffold=scaffold00171	strand=+
500_g                -            857 7632at5820           -            322     2e-08   31.4   0.0   1   3   1.5e-06    0.0015   15.4   0.0   185   297    32   153    22   160 0.66 length=857	scaffold=scaffold00047	strand=-
500_g                -            857 7632at5820           -            322     2e-08   31.4   0.0   2   3     0.037        37    1.0   0.0    80   111   132   162   127   185 0.73 length=857	scaffold=scaffold00047	strand=-
500_g                -            857 7632at5820           -            322     2e-08   31.4   0.0   3   3   2.6e-05     0.026   11.4   0.0   143   196   260   313   249   333 0.83 length=857	scaffold=scaffold00047	strand=-
#
# Program:         hmmsearch
# Version:         3.1b2 (February 2015)
# Pipeline mode:   SEARCH
# Query file:      /export/home/bio1901/Documents/29_BINP/OrthoSearch/busco_downloads/lineages/plasmodium_odb10/hmms/7632at5820.hmm
# Target file:     Results/1_GeneSequences/PB.faa
# Option settings: /home/users/bio1901/miniconda3/envs/busco/bin/hmmsearch --domtblout /export/home/bio1901/Documents/29_BINP/OrthoSearch/PB/run_plasmodium_odb10/hmmer_output/7632at5820.out --cpu 1 /export/home/bio1901/Documents/29_BINP/OrthoSearch/busco_downloads/lineages/plasmodium_odb10/hmms/7632at5820.hmm Results/1_GeneSequences/PB.faa 
# Current dir:     /export/home/bio1901/Documents/29_BINP/OrthoSearch
# Date:            Sun Mar 15 18:14:34 2020
# [ok]
