#                                                                            --- full sequence --- -------------- this domain -------------   hmm coord   ali coord   env coord
# target name        accession   tlen query name           accession   qlen   E-value  score  bias   #  of  c-Evalue  i-Evalue  score  bias  from    to  from    to  from    to  acc description of target
#------------------- ---------- ----- -------------------- ---------- ----- --------- ------ ----- --- --- --------- --------- ------ ----- ----- ----- ----- ----- ----- ----- ---- ---------------------
588_g                -            577 7744at5820           -            303  2.4e-155  514.1  30.1   1   2   1.4e-15   1.4e-13   48.6   1.1     2    60   102   177   101   193 0.82 length=577	scaffold=scaffold00058	strand=-
588_g                -            577 7744at5820           -            303  2.4e-155  514.1  30.1   2   2  1.6e-143  1.6e-141  468.7  21.9    44   303   260   536   229   536 0.91 length=577	scaffold=scaffold00058	strand=-
825_g                -            769 7744at5820           -            303   1.2e-44  150.5  13.3   1   1   1.3e-46   1.2e-44  150.5  13.3    61   302     6   261     2   262 0.89 length=769	scaffold=scaffold00092	strand=+
61_g                 -            877 7744at5820           -            303   1.4e-41  140.5  12.4   1   2   1.4e-43   1.4e-41  140.5  12.4    60   302   415   672   405   673 0.90 length=877	scaffold=scaffold00003	strand=+
61_g                 -            877 7744at5820           -            303   1.4e-41  140.5  12.4   2   2       5.1   5.1e+02   -2.5   0.3   119   182   706   770   700   784 0.60 length=877	scaffold=scaffold00003	strand=+
2376_g               -            462 7744at5820           -            303     2e-39  133.5   8.2   1   2   9.7e-40   9.7e-38  127.9   5.7    63   302    81   337    72   338 0.85 length=462	scaffold=scaffold00492	strand=-
2376_g               -            462 7744at5820           -            303     2e-39  133.5   8.2   2   2       3.7   3.7e+02   -2.1   0.0    35    53   391   409   368   438 0.66 length=462	scaffold=scaffold00492	strand=-
3015_g               -            760 7744at5820           -            303   4.9e-36  122.3   8.4   1   2     1e-34     1e-32  111.4   6.1    66   276   312   520   289   523 0.83 length=760	scaffold=scaffold00797	strand=-	adjustedToFrame=3
3015_g               -            760 7744at5820           -            303   4.9e-36  122.3   8.4   2   2   0.00035     0.034   11.2   0.0   258   303   521   566   515   566 0.90 length=760	scaffold=scaffold00797	strand=-	adjustedToFrame=3
1961_g               -            485 7744at5820           -            303   2.4e-32  110.2   0.3   1   2   3.6e-30   3.6e-28   96.5   0.2    66   276    41   250    31   255 0.85 length=485	scaffold=scaffold00349	strand=-
1961_g               -            485 7744at5820           -            303   2.4e-32  110.2   0.3   2   2   0.00018     0.018   12.1   0.0   262   303   255   296   246   296 0.87 length=485	scaffold=scaffold00349	strand=-
2754_g               -           2003 7744at5820           -            303     2e-31  107.2   3.0   1   1   2.2e-32   2.2e-30  103.8   3.0    61   302  1624  1884  1617  1885 0.85 length=2003	scaffold=scaffold00652	strand=-	adjustedToFrame=3
667_g                -            544 7744at5820           -            303   3.1e-31  106.5   1.1   1   1   4.8e-32   4.8e-30  102.6   1.1    63   281   109   325   102   365 0.84 length=544	scaffold=scaffold00069	strand=-
1275_g               -            518 7744at5820           -            303   1.6e-30  104.2   6.8   1   2   2.5e-32   2.4e-30  103.6   5.7    61   280    20   242    11   257 0.82 length=518	scaffold=scaffold00176	strand=-
1275_g               -            518 7744at5820           -            303   1.6e-30  104.2   6.8   2   2       2.7   2.7e+02   -1.6   0.0   271   302   282   313   263   314 0.82 length=518	scaffold=scaffold00176	strand=-
3774_g               -           1389 7744at5820           -            303   3.8e-28   96.4   6.3   1   1   1.2e-29   1.2e-27   94.8   6.3    34   297   216   499   183   505 0.76 length=1389	scaffold=scaffold01374	strand=-	adjustedToFrame=2
2611_g               -           1579 7744at5820           -            303   1.2e-27   94.8  12.6   1   1   1.2e-29   1.2e-27   94.8  12.6    64   303  1137  1393  1125  1393 0.80 length=1579	scaffold=scaffold00584	strand=-
1269_g               -           2717 7744at5820           -            303   5.3e-26   89.4   7.5   1   1   3.1e-25   3.1e-23   80.3   7.5    62   302   108   390    57   391 0.77 length=2717	scaffold=scaffold00175	strand=-
2604_g               -           1027 7744at5820           -            303   3.9e-25   86.5   3.3   1   1   9.2e-27   9.2e-25   85.3   3.3    52   266   682   896   643   935 0.83 length=1027	scaffold=scaffold00578	strand=-	adjustedToFrame=2
3103_g               -           2213 7744at5820           -            303   8.6e-23   78.8   4.9   1   2       8.2   8.2e+02   -3.2   0.0    62    82  1141  1161  1137  1168 0.86 length=2213	scaffold=scaffold00848	strand=-	adjustedToFrame=3
3103_g               -           2213 7744at5820           -            303   8.6e-23   78.8   4.9   2   2   4.2e-24   4.1e-22   76.6   4.0    90   302  1405  1641  1400  1642 0.77 length=2213	scaffold=scaffold00848	strand=-	adjustedToFrame=3
3036_g               -           1000 7744at5820           -            303   1.1e-22   78.4   2.2   1   2   2.3e-23   2.3e-21   74.1   3.5    62   263   649   855   641   878 0.83 length=1000	scaffold=scaffold00809	strand=+	adjustedToFrame=2
3036_g               -           1000 7744at5820           -            303   1.1e-22   78.4   2.2   2   2      0.65        65    0.4   0.0   271   302   925   956   911   957 0.89 length=1000	scaffold=scaffold00809	strand=+	adjustedToFrame=2
574_g                -           1016 7744at5820           -            303   1.9e-21   74.4   2.0   1   1   8.8e-23   8.8e-21   72.2   1.9    62   269    57   296    37   340 0.80 length=1016	scaffold=scaffold00057	strand=-
1282_g               -            569 7744at5820           -            303     3e-21   73.8   0.2   1   2      0.19        19    2.2   0.0   158   190   219   252   208   257 0.75 length=569	scaffold=scaffold00177	strand=+
1282_g               -            569 7744at5820           -            303     3e-21   73.8   0.2   2   2     7e-22     7e-20   69.3   0.1    66   266   257   454   249   470 0.87 length=569	scaffold=scaffold00177	strand=+
4034_g               -            619 7744at5820           -            303   3.8e-19   66.9   5.5   1   1   3.8e-21   3.8e-19   66.9   5.5    63   275   364   592   359   606 0.81 length=619	scaffold=scaffold01621	strand=-	adjustedToFrame=3
229_g                -           1128 7744at5820           -            303   1.5e-18   64.9   6.6   1   3   1.5e-20   1.5e-18   64.9   6.6    62   223   113   279    78   283 0.83 length=1128	scaffold=scaffold00016	strand=+
229_g                -           1128 7744at5820           -            303   1.5e-18   64.9   6.6   2   3      0.98        97   -0.2   0.0   218   253   300   333   294   345 0.77 length=1128	scaffold=scaffold00016	strand=+
229_g                -           1128 7744at5820           -            303   1.5e-18   64.9   6.6   3   3       4.4   4.4e+02   -2.3   5.9   118   180   871   926   847   936 0.75 length=1128	scaffold=scaffold00016	strand=+
159_g                -            313 7744at5820           -            303   2.7e-17   60.8   1.6   1   3         1     1e+02   -0.2   0.0    51    85    29    64    19    71 0.72 length=313	scaffold=scaffold00009	strand=-	adjustedToFrame=2
159_g                -            313 7744at5820           -            303   2.7e-17   60.8   1.6   2   3   2.7e-19   2.7e-17   60.8   1.6   124   264    74   214    63   233 0.84 length=313	scaffold=scaffold00009	strand=-	adjustedToFrame=2
159_g                -            313 7744at5820           -            303   2.7e-17   60.8   1.6   3   3       2.3   2.3e+02   -1.4   0.1   273   302   276   305   261   306 0.78 length=313	scaffold=scaffold00009	strand=-	adjustedToFrame=2
3411_g               -            877 7744at5820           -            303   4.2e-17   60.1   0.2   1   2    0.0016      0.16    9.0   0.1    24   130   341   446   321   455 0.74 length=877	scaffold=scaffold01062	strand=-	adjustedToFrame=2
3411_g               -            877 7744at5820           -            303   4.2e-17   60.1   0.2   2   2   1.3e-15   1.3e-13   48.6   0.0   163   253   601   691   583   728 0.86 length=877	scaffold=scaffold01062	strand=-	adjustedToFrame=2
1507_g               -           1229 7744at5820           -            303   5.6e-16   56.4  10.6   1   2   5.6e-18   5.6e-16   56.4  10.6    60   290     4   258     2   268 0.77 length=1229	scaffold=scaffold00229	strand=-
1507_g               -           1229 7744at5820           -            303   5.6e-16   56.4  10.6   2   2       5.2   5.2e+02   -2.6   1.3   120   177   424   491   384   520 0.57 length=1229	scaffold=scaffold00229	strand=-
1516_g               -           1695 7744at5820           -            303   5.4e-14   49.9   0.5   1   2       3.9   3.9e+02   -2.1   0.1    63    87  1329  1353  1323  1368 0.78 length=1695	scaffold=scaffold00231	strand=+
1516_g               -           1695 7744at5820           -            303   5.4e-14   49.9   0.5   2   2   2.2e-15   2.2e-13   47.9   0.1   123   293  1468  1666  1447  1675 0.66 length=1695	scaffold=scaffold00231	strand=+
4028_g               -            733 7744at5820           -            303   1.1e-13   48.9   1.2   1   2         9     9e+02   -3.3   0.2   129   167   460   497   449   501 0.75 length=733	scaffold=scaffold01617	strand=-
4028_g               -            733 7744at5820           -            303   1.1e-13   48.9   1.2   2   2   1.1e-15   1.1e-13   48.9   1.2   135   268   593   731   532   733 0.70 length=733	scaffold=scaffold01617	strand=-
2390_g               -            587 7744at5820           -            303   1.4e-13   48.6  20.1   1   3   1.8e-11   1.8e-09   35.1   7.9    89   212   208   330   199   351 0.83 length=587	scaffold=scaffold00497	strand=+
2390_g               -            587 7744at5820           -            303   1.4e-13   48.6  20.1   2   3      0.37        37    1.2   0.0   198   232   424   460   419   486 0.74 length=587	scaffold=scaffold00497	strand=+
2390_g               -            587 7744at5820           -            303   1.4e-13   48.6  20.1   3   3   9.6e-06   0.00095   16.3   4.4   222   301   493   586   461   586 0.71 length=587	scaffold=scaffold00497	strand=+
2556_g               -            656 7744at5820           -            303   3.1e-13   47.4  11.2   1   1   6.6e-15   6.5e-13   46.4  11.2    90   231   457   611   448   646 0.73 length=656	scaffold=scaffold00556	strand=+
1643_g               -            839 7744at5820           -            303   3.6e-13   47.2   9.7   1   1   1.4e-14   1.3e-12   45.3   9.7    65   290    24   282    11   291 0.70 length=839	scaffold=scaffold00260	strand=+
1696_g               -            415 7744at5820           -            303   3.8e-13   47.2   2.6   1   1   3.8e-15   3.8e-13   47.2   2.6    61   233    61   240    48   255 0.75 length=415	scaffold=scaffold00273	strand=-
3843_g               -           1019 7744at5820           -            303   4.9e-12   43.5   0.6   1   2       4.7   4.7e+02   -2.4   0.1    64    96   495   531   486   550 0.72 length=1019	scaffold=scaffold01434	strand=-	adjustedToFrame=2
3843_g               -           1019 7744at5820           -            303   4.9e-12   43.5   0.6   2   2   1.7e-13   1.7e-11   41.8   0.1   155   266   689   808   679   839 0.76 length=1019	scaffold=scaffold01434	strand=-	adjustedToFrame=2
524_g                -           1487 7744at5820           -            303   8.3e-12   42.7   0.1   1   1   1.8e-13   1.8e-11   41.7   0.1    63   257    50   245    43   255 0.79 length=1487	scaffold=scaffold00051	strand=-
1764_g               -            234 7744at5820           -            303   1.2e-11   42.2   0.3   1   1     4e-11     4e-09   34.0   0.3   199   302    12   136     1   137 0.69 length=234	scaffold=scaffold00292	strand=+	adjustedToFrame=2
1306_g               -           1503 7744at5820           -            303     2e-11   41.5  13.9   1   3       9.9   9.8e+02   -3.5   2.0    95   160   288   355   265   368 0.76 length=1503	scaffold=scaffold00182	strand=-
1306_g               -           1503 7744at5820           -            303     2e-11   41.5  13.9   2   3     2e-13     2e-11   41.5  13.9    71   212  1064  1208  1005  1217 0.79 length=1503	scaffold=scaffold00182	strand=-
1306_g               -           1503 7744at5820           -            303     2e-11   41.5  13.9   3   3      0.49        49    0.8   0.2   243   279  1365  1400  1342  1409 0.76 length=1503	scaffold=scaffold00182	strand=-
4051_g               -            682 7744at5820           -            303   2.9e-10   37.7   2.8   1   2     3e-12   2.9e-10   37.7   2.8   134   210    91   168    75   183 0.84 length=682	scaffold=scaffold01642	strand=-
4051_g               -            682 7744at5820           -            303   2.9e-10   37.7   2.8   2   2       2.8   2.8e+02   -1.7   0.9    11    71   345   405   337   476 0.65 length=682	scaffold=scaffold01642	strand=-
3917_g               -           1019 7744at5820           -            303     1e-09   35.9   0.2   1   2    0.0053      0.53    7.3   8.2    62   160   304   395   284   478 0.85 length=1019	scaffold=scaffold01500	strand=-
3917_g               -           1019 7744at5820           -            303     1e-09   35.9   0.2   2   2     1e-11     1e-09   35.9   0.2   162   258   584   680   567   695 0.77 length=1019	scaffold=scaffold01500	strand=-
1688_g               -            647 7744at5820           -            303   8.8e-09   32.8   1.3   1   2     3e-09     3e-07   27.8   0.2   122   232   158   280   112   289 0.78 length=647	scaffold=scaffold00271	strand=-
1688_g               -            647 7744at5820           -            303   8.8e-09   32.8   1.3   2   2     0.092       9.2    3.2   0.0   273   302   387   417   375   418 0.84 length=647	scaffold=scaffold00271	strand=-
3635_g               -            463 7744at5820           -            303   1.3e-08   32.3  25.1   1   1   1.3e-10   1.3e-08   32.3  25.1    15   209   224   421   211   434 0.79 length=463	scaffold=scaffold01242	strand=+
1927_g               -            810 7744at5820           -            303   1.5e-08   32.1  22.5   1   4       3.3   3.3e+02   -1.9   0.2   128   157   139   169   125   185 0.60 length=810	scaffold=scaffold00339	strand=+
1927_g               -            810 7744at5820           -            303   1.5e-08   32.1  22.5   2   4   2.2e-07   2.2e-05   21.7   9.4    80   199   286   407   260   429 0.81 length=810	scaffold=scaffold00339	strand=+
1927_g               -            810 7744at5820           -            303   1.5e-08   32.1  22.5   3   4   3.3e-06   0.00033   17.8   0.4   221   266   500   542   493   556 0.83 length=810	scaffold=scaffold00339	strand=+
1927_g               -            810 7744at5820           -            303   1.5e-08   32.1  22.5   4   4      0.92        92   -0.1   0.0   274   302   574   603   552   604 0.74 length=810	scaffold=scaffold00339	strand=+
1877_g               -            352 7744at5820           -            303   1.1e-05   22.6   0.0   1   3       5.8   5.8e+02   -2.7   2.4     9    23    95   109    49   139 0.54 length=352	scaffold=scaffold00323	strand=-
1877_g               -            352 7744at5820           -            303   1.1e-05   22.6   0.0   2   3       2.5   2.4e+02   -1.5   1.5     9    51    95   139    85   207 0.81 length=352	scaffold=scaffold00323	strand=-
1877_g               -            352 7744at5820           -            303   1.1e-05   22.6   0.0   3   3   1.1e-07   1.1e-05   22.6   0.0   184   231   303   350   260   352 0.82 length=352	scaffold=scaffold00323	strand=-
2410_g               -            133 7744at5820           -            303   1.3e-05   22.4   0.0   1   1   2.5e-07   2.4e-05   21.5   0.0   188   264     2    76     1   130 0.82 length=133	scaffold=scaffold00503	strand=-
3874_g               -            126 7744at5820           -            303     0.002   15.2   0.3   1   1   2.4e-05    0.0024   15.0   0.3    64   132    17    90     9   124 0.71 length=126	scaffold=scaffold01462	strand=+
#
# Program:         hmmsearch
# Version:         3.1b2 (February 2015)
# Pipeline mode:   SEARCH
# Query file:      /export/home/bio1901/Documents/29_BINP/OrthoSearch/busco_downloads/lineages/plasmodium_odb10/hmms/7744at5820.hmm
# Target file:     Results/1_GeneSequences/PB.faa
# Option settings: /home/users/bio1901/miniconda3/envs/busco/bin/hmmsearch --domtblout /export/home/bio1901/Documents/29_BINP/OrthoSearch/PB/run_plasmodium_odb10/hmmer_output/7744at5820.out --cpu 1 /export/home/bio1901/Documents/29_BINP/OrthoSearch/busco_downloads/lineages/plasmodium_odb10/hmms/7744at5820.hmm Results/1_GeneSequences/PB.faa 
# Current dir:     /export/home/bio1901/Documents/29_BINP/OrthoSearch
# Date:            Sun Mar 15 18:14:47 2020
# [ok]
