#                                                                            --- full sequence --- -------------- this domain -------------   hmm coord   ali coord   env coord
# target name        accession   tlen query name           accession   qlen   E-value  score  bias   #  of  c-Evalue  i-Evalue  score  bias  from    to  from    to  from    to  acc description of target
#------------------- ---------- ----- -------------------- ---------- ----- --------- ------ ----- --- --- --------- --------- ------ ----- ----- ----- ----- ----- ----- ----- ---- ---------------------
2604_g               -           1027 7756at5820           -            296   6.7e-63  210.6   2.5   1   1   2.1e-64   3.2e-62  208.4   2.5     6   277   694   984   690  1000 0.92 length=1027	scaffold=scaffold00578	strand=-	adjustedToFrame=2
1282_g               -            569 7756at5820           -            296   1.7e-52  176.5   0.3   1   2      0.76   1.2e+02   -0.3   0.3    33   144   119   231    69   243 0.60 length=569	scaffold=scaffold00177	strand=+
1282_g               -            569 7756at5820           -            296   1.7e-52  176.5   0.3   2   2   1.1e-54   1.7e-52  176.5   0.3     2   257   251   522   250   562 0.88 length=569	scaffold=scaffold00177	strand=+
61_g                 -            877 7756at5820           -            296   8.3e-37  125.0   6.6   1   1   1.2e-38   1.8e-36  123.8   6.6     7   258   420   682   414   710 0.84 length=877	scaffold=scaffold00003	strand=+
2376_g               -            462 7756at5820           -            296   1.1e-30  104.8   3.4   1   1   1.2e-32   1.8e-30  104.1   3.4     5   251    80   340    77   367 0.80 length=462	scaffold=scaffold00492	strand=-
825_g                -            769 7756at5820           -            296   6.2e-30  102.4  11.6   1   1     4e-32   6.2e-30  102.4  11.6     6   250     9   263     6   305 0.84 length=769	scaffold=scaffold00092	strand=+
1961_g               -            485 7756at5820           -            296   3.3e-28   96.7   2.4   1   2   2.2e-30   3.3e-28   96.7   2.4     5   250    36   297    33   327 0.82 length=485	scaffold=scaffold00349	strand=-
1961_g               -            485 7756at5820           -            296   3.3e-28   96.7   2.4   2   2       2.1   3.3e+02   -1.7   0.2   262   288   439   466   430   473 0.75 length=485	scaffold=scaffold00349	strand=-
667_g                -            544 7756at5820           -            296   1.8e-26   91.0   1.1   1   1   1.2e-28   1.8e-26   91.0   1.1    12   248   116   364   107   391 0.78 length=544	scaffold=scaffold00069	strand=-
3774_g               -           1389 7756at5820           -            296   4.3e-26   89.8   4.1   1   1   1.1e-27   1.7e-25   87.8   4.1    10   251   255   512   248   546 0.83 length=1389	scaffold=scaffold01374	strand=-	adjustedToFrame=2
3015_g               -            760 7756at5820           -            296   1.5e-25   88.0   6.8   1   1   4.5e-27     7e-25   85.8   6.8    12   251   316   568   307   601 0.85 length=760	scaffold=scaffold00797	strand=-	adjustedToFrame=3
2754_g               -           2003 7756at5820           -            296   1.2e-20   71.9   2.5   1   2      0.27        41    1.2   0.2   216   268  1141  1193  1114  1207 0.80 length=2003	scaffold=scaffold00652	strand=-	adjustedToFrame=3
2754_g               -           2003 7756at5820           -            296   1.2e-20   71.9   2.5   2   2   7.9e-23   1.2e-20   71.9   2.5     4   270  1625  1905  1622  1925 0.78 length=2003	scaffold=scaffold00652	strand=-	adjustedToFrame=3
588_g                -            577 7756at5820           -            296   1.1e-18   65.5   7.2   1   1   6.9e-21   1.1e-18   65.5   7.2     9   175   283   454   276   554 0.86 length=577	scaffold=scaffold00058	strand=-
4034_g               -            619 7756at5820           -            296   1.6e-18   64.9   2.0   1   1     1e-20   1.6e-18   64.9   2.0     4   176   361   553   358   567 0.82 length=619	scaffold=scaffold01621	strand=-	adjustedToFrame=3
3635_g               -            463 7756at5820           -            296   2.5e-15   54.5   6.8   1   2       6.6     1e+03   -3.4   0.2   220   262    40    83    30    97 0.62 length=463	scaffold=scaffold01242	strand=+
3635_g               -            463 7756at5820           -            296   2.5e-15   54.5   6.8   2   2   1.6e-17   2.5e-15   54.5   6.8     4   160   270   430   267   436 0.85 length=463	scaffold=scaffold01242	strand=+
1447_g               -           2823 7756at5820           -            296   2.6e-13   47.8   2.6   1   1   5.4e-15   8.2e-13   46.2   2.6    48   244  1592  1806  1570  1850 0.79 length=2823	scaffold=scaffold00214	strand=+
1507_g               -           1229 7756at5820           -            296   8.1e-12   42.9   9.3   1   2   5.3e-14   8.1e-12   42.9   9.3     4   231     6   249     3   280 0.81 length=1229	scaffold=scaffold00229	strand=-
1507_g               -           1229 7756at5820           -            296   8.1e-12   42.9   9.3   2   2       7.3   1.1e+03   -3.5   0.3   211   294   738   820   733   821 0.75 length=1229	scaffold=scaffold00229	strand=-
1927_g               -            810 7756at5820           -            296   1.3e-10   39.0   4.0   1   3       3.1   4.7e+02   -2.3   2.6    27    81   102   157    98   176 0.74 length=810	scaffold=scaffold00339	strand=+
1927_g               -            810 7756at5820           -            296   1.3e-10   39.0   4.0   2   3   8.4e-13   1.3e-10   39.0   4.0    32   137   298   403   272   426 0.80 length=810	scaffold=scaffold00339	strand=+
1927_g               -            810 7756at5820           -            296   1.3e-10   39.0   4.0   3   3       0.4        62    0.6   0.1   156   178   495   517   491   613 0.86 length=810	scaffold=scaffold00339	strand=+
3411_g               -            877 7756at5820           -            296   6.8e-10   36.6   0.0   1   2   0.00025     0.039   11.2   0.0     3    71   378   447   374   453 0.79 length=877	scaffold=scaffold01062	strand=-	adjustedToFrame=2
3411_g               -            877 7756at5820           -            296   6.8e-10   36.6   0.0   2   2   7.4e-08   1.1e-05   22.7   0.0   111   155   607   651   601   693 0.80 length=877	scaffold=scaffold01062	strand=-	adjustedToFrame=2
524_g                -           1487 7756at5820           -            296   1.1e-09   35.9   0.0   1   1     2e-11   3.1e-09   34.4   0.0     4   177    49   227    46   245 0.84 length=1487	scaffold=scaffold00051	strand=-
1696_g               -            415 7756at5820           -            296   1.4e-09   35.5  16.7   1   2   6.5e-11     1e-08   32.8  14.7    11   177    69   244    62   359 0.75 length=415	scaffold=scaffold00273	strand=-
1696_g               -            415 7756at5820           -            296   1.4e-09   35.5  16.7   2   2      0.36        55    0.8   0.0   206   232   377   403   360   413 0.79 length=415	scaffold=scaffold00273	strand=-
1275_g               -            518 7756at5820           -            296   1.5e-09   35.5   1.8   1   2   9.9e-12   1.5e-09   35.5   1.8     7   175    24   202    20   250 0.70 length=518	scaffold=scaffold00176	strand=-
1275_g               -            518 7756at5820           -            296   1.5e-09   35.5   1.8   2   2       5.5   8.4e+02   -3.1   0.4   264   292   392   420   386   423 0.82 length=518	scaffold=scaffold00176	strand=-
1877_g               -            352 7756at5820           -            296   1.9e-06   25.3   2.1   1   2      0.93   1.4e+02   -0.6   0.9    34    58    89   116    68   167 0.66 length=352	scaffold=scaffold00323	strand=-
1877_g               -            352 7756at5820           -            296   1.9e-06   25.3   2.1   2   2   2.3e-08   3.5e-06   24.4   0.0   127   171   304   350   296   352 0.87 length=352	scaffold=scaffold00323	strand=-
3036_g               -           1000 7756at5820           -            296   2.5e-06   24.9   1.2   1   1   2.9e-08   4.4e-06   24.1   1.2    10   174   655   828   648   865 0.68 length=1000	scaffold=scaffold00809	strand=+	adjustedToFrame=2
159_g                -            313 7756at5820           -            296   6.9e-06   23.5   4.5   1   2   5.9e-08     9e-06   23.1   3.2    80   234    92   252    41   277 0.70 length=313	scaffold=scaffold00009	strand=-	adjustedToFrame=2
159_g                -            313 7756at5820           -            296   6.9e-06   23.5   4.5   2   2       1.8   2.7e+02   -1.5   0.0   217   253   279   310   264   312 0.71 length=313	scaffold=scaffold00009	strand=-	adjustedToFrame=2
2410_g               -            133 7756at5820           -            296   1.1e-05   22.8   0.0   1   1   1.1e-07   1.7e-05   22.2   0.0   130   172     2    47     1    56 0.85 length=133	scaffold=scaffold00503	strand=-
2556_g               -            656 7756at5820           -            296     2e-05   21.9  12.0   1   2     3e-07   4.5e-05   20.8   9.9    50   152   486   589   439   598 0.76 length=656	scaffold=scaffold00556	strand=+
2556_g               -            656 7756at5820           -            296     2e-05   21.9  12.0   2   2       0.7   1.1e+02   -0.2   0.0   156   171   627   642   598   645 0.80 length=656	scaffold=scaffold00556	strand=+
2166_g               -            585 7756at5820           -            296    0.0013   16.0   0.7   1   3     0.063       9.7    3.3   0.3    31    73    55    96    34   114 0.69 length=585	scaffold=scaffold00414	strand=+
2166_g               -            585 7756at5820           -            296    0.0013   16.0   0.7   2   3   8.5e-06    0.0013   16.0   0.7    93   138   264   308   229   318 0.85 length=585	scaffold=scaffold00414	strand=+
2166_g               -            585 7756at5820           -            296    0.0013   16.0   0.7   3   3       2.2   3.4e+02   -1.8   0.1    38    58   433   453   422   508 0.72 length=585	scaffold=scaffold00414	strand=+
#
# Program:         hmmsearch
# Version:         3.1b2 (February 2015)
# Pipeline mode:   SEARCH
# Query file:      /export/home/bio1901/Documents/29_BINP/OrthoSearch/busco_downloads/lineages/plasmodium_odb10/hmms/7756at5820.hmm
# Target file:     Results/1_GeneSequences/PB.faa
# Option settings: /home/users/bio1901/miniconda3/envs/busco/bin/hmmsearch --domtblout /export/home/bio1901/Documents/29_BINP/OrthoSearch/PB/run_plasmodium_odb10/hmmer_output/7756at5820.out --cpu 1 /export/home/bio1901/Documents/29_BINP/OrthoSearch/busco_downloads/lineages/plasmodium_odb10/hmms/7756at5820.hmm Results/1_GeneSequences/PB.faa 
# Current dir:     /export/home/bio1901/Documents/29_BINP/OrthoSearch
# Date:            Sun Mar 15 18:14:47 2020
# [ok]
