#                                                                            --- full sequence --- -------------- this domain -------------   hmm coord   ali coord   env coord
# target name        accession   tlen query name           accession   qlen   E-value  score  bias   #  of  c-Evalue  i-Evalue  score  bias  from    to  from    to  from    to  acc description of target
#------------------- ---------- ----- -------------------- ---------- ----- --------- ------ ----- --- --- --------- --------- ------ ----- ----- ----- ----- ----- ----- ----- ---- ---------------------
154_g                -            422 7764at5820           -            349  1.4e-140  466.2  61.1   1   2   2.1e-48   2.1e-45  153.2   8.9     2   114     4   120     3   154 0.89 length=422	scaffold=scaffold00009	strand=-
154_g                -            422 7764at5820           -            349  1.4e-140  466.2  61.1   2   2   1.1e-98   1.1e-95  318.5  44.8    91   348   155   415   150   416 0.96 length=422	scaffold=scaffold00009	strand=-
4011_g               -            461 7764at5820           -            349   2.8e-05   21.2  12.5   1   2       2.5   2.5e+03   -4.9  10.5    84   212    28   157     9   178 0.69 length=461	scaffold=scaffold01596	strand=+
4011_g               -            461 7764at5820           -            349   2.8e-05   21.2  12.5   2   2   2.8e-08   2.8e-05   21.2  12.5    58   171   288   395   242   432 0.71 length=461	scaffold=scaffold01596	strand=+
205_g                -            605 7764at5820           -            349     0.035   11.0  10.1   1   1   7.2e-05     0.072   10.0  10.1    84   214   311   447   286   460 0.68 length=605	scaffold=scaffold00014	strand=+
2335_g               -            212 7764at5820           -            349       5.7    3.7  14.6   1   2    0.0095       9.5    3.0   0.0   176   218    73   115    59   137 0.79 length=212	scaffold=scaffold00474	strand=-
2335_g               -            212 7764at5820           -            349       5.7    3.7  14.6   2   2     0.053        53    0.6  12.6   168   219   145   197   136   204 0.81 length=212	scaffold=scaffold00474	strand=-
#
# Program:         hmmsearch
# Version:         3.1b2 (February 2015)
# Pipeline mode:   SEARCH
# Query file:      /export/home/bio1901/Documents/29_BINP/OrthoSearch/busco_downloads/lineages/plasmodium_odb10/hmms/7764at5820.hmm
# Target file:     Results/1_GeneSequences/PB.faa
# Option settings: /home/users/bio1901/miniconda3/envs/busco/bin/hmmsearch --domtblout /export/home/bio1901/Documents/29_BINP/OrthoSearch/PB/run_plasmodium_odb10/hmmer_output/7764at5820.out --cpu 1 /export/home/bio1901/Documents/29_BINP/OrthoSearch/busco_downloads/lineages/plasmodium_odb10/hmms/7764at5820.hmm Results/1_GeneSequences/PB.faa 
# Current dir:     /export/home/bio1901/Documents/29_BINP/OrthoSearch
# Date:            Sun Mar 15 18:14:48 2020
# [ok]
