#                                                                            --- full sequence --- -------------- this domain -------------   hmm coord   ali coord   env coord
# target name        accession   tlen query name           accession   qlen   E-value  score  bias   #  of  c-Evalue  i-Evalue  score  bias  from    to  from    to  from    to  acc description of target
#------------------- ---------- ----- -------------------- ---------- ----- --------- ------ ----- --- --- --------- --------- ------ ----- ----- ----- ----- ----- ----- ----- ---- ---------------------
2723_g               -            703 7767at5820           -            425     3e-89  297.7  35.2   1   5   6.8e-89   5.4e-86  287.0  11.9     4   215    70   282    68   307 0.85 length=703	scaffold=scaffold00634	strand=+
2723_g               -            703 7767at5820           -            425     3e-89  297.7  35.2   2   5         5     4e+03  -11.8  21.8   151   276   272   397   251   407 0.54 length=703	scaffold=scaffold00634	strand=+
2723_g               -            703 7767at5820           -            425     3e-89  297.7  35.2   3   5         5     4e+03   -6.6  30.9   165   382   309   546   298   552 0.49 length=703	scaffold=scaffold00634	strand=+
2723_g               -            703 7767at5820           -            425     3e-89  297.7  35.2   4   5         5     4e+03  -18.3  37.4   152   245   557   649   548   651 0.50 length=703	scaffold=scaffold00634	strand=+
2723_g               -            703 7767at5820           -            425     3e-89  297.7  35.2   5   5   1.8e-09   1.4e-06   25.3  15.3   362   425   637   702   634   702 0.85 length=703	scaffold=scaffold00634	strand=+
1792_g               -            677 7767at5820           -            425   9.8e-34  114.8  47.1   1   4   1.2e-36   9.8e-34  114.8  47.1     4   290    28   309    25   334 0.69 length=677	scaffold=scaffold00299	strand=+
1792_g               -            677 7767at5820           -            425   9.8e-34  114.8  47.1   2   4         5     4e+03  -11.8  18.7   151   241   323   417   293   448 0.56 length=677	scaffold=scaffold00299	strand=+
1792_g               -            677 7767at5820           -            425   9.8e-34  114.8  47.1   3   4         5     4e+03  -19.7  32.3   185   277   455   546   393   573 0.74 length=677	scaffold=scaffold00299	strand=+
1792_g               -            677 7767at5820           -            425   9.8e-34  114.8  47.1   4   4       3.2   2.5e+03   -5.2  14.1   155   250   566   663   553   673 0.79 length=677	scaffold=scaffold00299	strand=+
4021_g               -            413 7767at5820           -            425   1.3e-20   71.5  33.7   1   2   1.7e-23   1.3e-20   71.5  33.7    13   246     7   225     2   267 0.65 length=413	scaffold=scaffold01607	strand=+
4021_g               -            413 7767at5820           -            425   1.3e-20   71.5  33.7   2   2      0.86   6.9e+02   -3.3   9.6   199   302   289   398   266   412 0.64 length=413	scaffold=scaffold01607	strand=+
2740_g               -           1025 7767at5820           -            425   1.2e-19   68.4  57.1   1   5   1.5e-22   1.2e-19   68.4  57.1    17   292     2   281     1   306 0.66 length=1025	scaffold=scaffold00645	strand=+
2740_g               -           1025 7767at5820           -            425   1.2e-19   68.4  57.1   2   5         5     4e+03  -13.2  21.2   171   268   333   430   301   437 0.57 length=1025	scaffold=scaffold00645	strand=+
2740_g               -           1025 7767at5820           -            425   1.2e-19   68.4  57.1   3   5         5     4e+03  -19.9  42.5   145   319   430   600   419   605 0.65 length=1025	scaffold=scaffold00645	strand=+
2740_g               -           1025 7767at5820           -            425   1.2e-19   68.4  57.1   4   5         5     4e+03  -16.7  22.8   180   308   696   822   631   843 0.53 length=1025	scaffold=scaffold00645	strand=+
2740_g               -           1025 7767at5820           -            425   1.2e-19   68.4  57.1   5   5      0.21   1.7e+02   -1.3   2.2   247   291   965  1006   956  1019 0.72 length=1025	scaffold=scaffold00645	strand=+
2406_g               -           1283 7767at5820           -            425   3.5e-12   43.8  83.5   1   6   4.3e-15   3.5e-12   43.8  83.5    14   317    27   329    18   332 0.76 length=1283	scaffold=scaffold00501	strand=-
2406_g               -           1283 7767at5820           -            425   3.5e-12   43.8  83.5   2   6         5     4e+03  -29.6  52.4   138   383   280   557   278   559 0.47 length=1283	scaffold=scaffold00501	strand=-
2406_g               -           1283 7767at5820           -            425   3.5e-12   43.8  83.5   3   6         5     4e+03  -25.5  32.9   217   300   502   591   465   694 0.44 length=1283	scaffold=scaffold00501	strand=-
2406_g               -           1283 7767at5820           -            425   3.5e-12   43.8  83.5   4   6         5     4e+03  -22.1  58.4   145   284   709   847   698   859 0.56 length=1283	scaffold=scaffold00501	strand=-
2406_g               -           1283 7767at5820           -            425   3.5e-12   43.8  83.5   5   6         5     4e+03  -11.0  22.6   170   309   864  1016   847  1067 0.55 length=1283	scaffold=scaffold00501	strand=-
2406_g               -           1283 7767at5820           -            425   3.5e-12   43.8  83.5   6   6         5     4e+03  -11.7  31.7   162   289  1145  1276  1090  1282 0.61 length=1283	scaffold=scaffold00501	strand=-
#
# Program:         hmmsearch
# Version:         3.1b2 (February 2015)
# Pipeline mode:   SEARCH
# Query file:      /export/home/bio1901/Documents/29_BINP/OrthoSearch/busco_downloads/lineages/plasmodium_odb10/hmms/7767at5820.hmm
# Target file:     Results/1_GeneSequences/PB.faa
# Option settings: /home/users/bio1901/miniconda3/envs/busco/bin/hmmsearch --domtblout /export/home/bio1901/Documents/29_BINP/OrthoSearch/PB/run_plasmodium_odb10/hmmer_output/7767at5820.out --cpu 1 /export/home/bio1901/Documents/29_BINP/OrthoSearch/busco_downloads/lineages/plasmodium_odb10/hmms/7767at5820.hmm Results/1_GeneSequences/PB.faa 
# Current dir:     /export/home/bio1901/Documents/29_BINP/OrthoSearch
# Date:            Sun Mar 15 18:14:49 2020
# [ok]
