#                                                                            --- full sequence --- -------------- this domain -------------   hmm coord   ali coord   env coord
# target name        accession   tlen query name           accession   qlen   E-value  score  bias   #  of  c-Evalue  i-Evalue  score  bias  from    to  from    to  from    to  acc description of target
#------------------- ---------- ----- -------------------- ---------- ----- --------- ------ ----- --- --- --------- --------- ------ ----- ----- ----- ----- ----- ----- ----- ---- ---------------------
2361_g               -            671 7792at5820           -            318  1.9e-101  337.1  40.6   1   5         7     4e+03   -9.8   8.1   179   207    11    37     6    50 0.53 length=671	scaffold=scaffold00486	strand=-
2361_g               -            671 7792at5820           -            318  1.9e-101  337.1  40.6   2   5         7     4e+03   -9.1   7.8   190   218   121   149   100   163 0.64 length=671	scaffold=scaffold00486	strand=-
2361_g               -            671 7792at5820           -            318  1.9e-101  337.1  40.6   3   5   1.4e-33     8e-31  105.0   8.0     1    96   191   286   191   305 0.93 length=671	scaffold=scaffold00486	strand=-
2361_g               -            671 7792at5820           -            318  1.9e-101  337.1  40.6   4   5   1.2e-76   6.7e-74  246.6  24.6    81   294   305   539   293   561 0.89 length=671	scaffold=scaffold00486	strand=-
2361_g               -            671 7792at5820           -            318  1.9e-101  337.1  40.6   5   5    0.0004      0.23    8.3   0.3   291   318   641   670   616   670 0.76 length=671	scaffold=scaffold00486	strand=-
733_g                -            865 7792at5820           -            318   1.3e-19   68.2  13.8   1   4   1.4e-07   7.8e-05   19.7   0.0    24    90    16    83    11    88 0.87 length=865	scaffold=scaffold00078	strand=+
733_g                -            865 7792at5820           -            318   1.3e-19   68.2  13.8   2   4     4e-06    0.0023   14.8   0.1    25    85   105   165    98   175 0.92 length=865	scaffold=scaffold00078	strand=+
733_g                -            865 7792at5820           -            318   1.3e-19   68.2  13.8   3   4   7.6e-08   4.3e-05   20.5   0.9    24    87   193   254   177   276 0.77 length=865	scaffold=scaffold00078	strand=+
733_g                -            865 7792at5820           -            318   1.3e-19   68.2  13.8   4   4   2.3e-07   0.00013   18.9   1.0   193   285   375   464   367   481 0.79 length=865	scaffold=scaffold00078	strand=+
3449_g               -            446 7792at5820           -            318   1.2e-11   42.1   8.1   1   2   4.3e-07   0.00025   18.0   0.1   211   271   157   213   137   226 0.83 length=446	scaffold=scaffold01092	strand=+
3449_g               -            446 7792at5820           -            318   1.2e-11   42.1   8.1   2   2   3.1e-09   1.8e-06   25.1   5.2   192   312   221   339   210   343 0.85 length=446	scaffold=scaffold01092	strand=+
3867_g               -            446 7792at5820           -            318   1.8e-10   38.1   8.9   1   3   0.00098      0.56    7.0   0.1    25    88    44   108    41   113 0.84 length=446	scaffold=scaffold01456	strand=+
3867_g               -            446 7792at5820           -            318   1.8e-10   38.1   8.9   2   3   3.1e-08   1.8e-05   21.8   0.3    23    85   140   202   131   219 0.89 length=446	scaffold=scaffold01456	strand=+
3867_g               -            446 7792at5820           -            318   1.8e-10   38.1   8.9   3   3   9.4e-06    0.0053   13.6   0.6   230   275   356   398   336   441 0.67 length=446	scaffold=scaffold01456	strand=+
3592_g               -            193 7792at5820           -            318   2.4e-08   31.2   0.8   1   2       1.1   6.1e+02   -3.0   0.1   243   254     9    20     2    35 0.51 length=193	scaffold=scaffold01208	strand=-
3592_g               -            193 7792at5820           -            318   2.4e-08   31.2   0.8   2   2   4.3e-11   2.4e-08   31.2   0.8   204   271   107   171    64   185 0.86 length=193	scaffold=scaffold01208	strand=-
2817_g               -            153 7792at5820           -            318   0.00013   18.9   1.0   1   2   2.3e-07   0.00013   18.9   0.2   213   276    10    70     2    91 0.79 length=153	scaffold=scaffold00686	strand=+
2817_g               -            153 7792at5820           -            318   0.00013   18.9   1.0   2   2      0.73   4.1e+02   -2.4   0.1   208   229   129   149   103   151 0.55 length=153	scaffold=scaffold00686	strand=+
3916_g               -            330 7792at5820           -            318   0.00084   16.3   0.4   1   1   2.9e-06    0.0017   15.3   0.4   205   286   230   309   220   314 0.82 length=330	scaffold=scaffold01499	strand=-
#
# Program:         hmmsearch
# Version:         3.1b2 (February 2015)
# Pipeline mode:   SEARCH
# Query file:      /export/home/bio1901/Documents/29_BINP/OrthoSearch/busco_downloads/lineages/plasmodium_odb10/hmms/7792at5820.hmm
# Target file:     Results/1_GeneSequences/PB.faa
# Option settings: /home/users/bio1901/miniconda3/envs/busco/bin/hmmsearch --domtblout /export/home/bio1901/Documents/29_BINP/OrthoSearch/PB/run_plasmodium_odb10/hmmer_output/7792at5820.out --cpu 1 /export/home/bio1901/Documents/29_BINP/OrthoSearch/busco_downloads/lineages/plasmodium_odb10/hmms/7792at5820.hmm Results/1_GeneSequences/PB.faa 
# Current dir:     /export/home/bio1901/Documents/29_BINP/OrthoSearch
# Date:            Sun Mar 15 18:14:49 2020
# [ok]
