#                                                                            --- full sequence --- -------------- this domain -------------   hmm coord   ali coord   env coord
# target name        accession   tlen query name           accession   qlen   E-value  score  bias   #  of  c-Evalue  i-Evalue  score  bias  from    to  from    to  from    to  acc description of target
#------------------- ---------- ----- -------------------- ---------- ----- --------- ------ ----- --- --- --------- --------- ------ ----- ----- ----- ----- ----- ----- ----- ---- ---------------------
1715_g               -            328 7874at5820           -            267  2.3e-133  441.6   2.3   1   1  1.4e-135  7.8e-133  439.8   2.3     1   267     1   296     1   296 0.94 length=328	scaffold=scaffold00278	strand=-
3672_g               -            522 7874at5820           -            267   1.3e-07   29.3   4.2   1   2   9.9e-09   5.6e-06   23.9   0.3   112   183   264   333   251   347 0.83 length=522	scaffold=scaffold01278	strand=-
3672_g               -            522 7874at5820           -            267   1.3e-07   29.3   4.2   2   2    0.0037       2.1    5.6   0.2    37    77   354   390   343   404 0.83 length=522	scaffold=scaffold01278	strand=-
3220_g               -            502 7874at5820           -            267   4.4e-07   27.5   0.7   1   4   0.00016      0.09   10.1   0.1   132   196   229   294   213   327 0.81 length=502	scaffold=scaffold00926	strand=-
3220_g               -            502 7874at5820           -            267   4.4e-07   27.5   0.7   2   4     0.024        14    3.0   0.0   131   186   316   371   296   396 0.81 length=502	scaffold=scaffold00926	strand=-
3220_g               -            502 7874at5820           -            267   4.4e-07   27.5   0.7   3   4    0.0025       1.4    6.2   0.0   136   195   363   422   347   440 0.64 length=502	scaffold=scaffold00926	strand=-
3220_g               -            502 7874at5820           -            267   4.4e-07   27.5   0.7   4   4   0.00025      0.14    9.5   0.0    98   186   405   498   385   499 0.70 length=502	scaffold=scaffold00926	strand=-
3772_g               -            363 7874at5820           -            267   1.2e-06   26.1   6.6   1   3     0.015       8.8    3.6   0.2    36    69    74   107    61   114 0.83 length=363	scaffold=scaffold01372	strand=-
3772_g               -            363 7874at5820           -            267   1.2e-06   26.1   6.6   2   3   3.8e-08   2.1e-05   22.0   0.3   113   191   115   192   109   214 0.84 length=363	scaffold=scaffold01372	strand=-
3772_g               -            363 7874at5820           -            267   1.2e-06   26.1   6.6   3   3     0.061        35    1.6   0.0    51    67   305   321   281   359 0.73 length=363	scaffold=scaffold01372	strand=-
496_g                -            605 7874at5820           -            267   4.7e-05   20.9   0.4   1   3    0.0042       2.4    5.4   0.0   104   168   370   435   349   445 0.83 length=605	scaffold=scaffold00046	strand=+
496_g                -            605 7874at5820           -            267   4.7e-05   20.9   0.4   2   3   1.3e-06   0.00073   17.0   0.0    99   187   404   497   387   506 0.78 length=605	scaffold=scaffold00046	strand=+
496_g                -            605 7874at5820           -            267   4.7e-05   20.9   0.4   3   3     0.083        47    1.2   0.0   126   206   478   563   477   571 0.69 length=605	scaffold=scaffold00046	strand=+
1349_g               -            484 7874at5820           -            267   7.3e-05   20.2   0.3   1   1   2.9e-07   0.00017   19.1   0.3    97   175    53   134    14   169 0.84 length=484	scaffold=scaffold00191	strand=-
3226_g               -            500 7874at5820           -            267    0.0025   15.2   0.2   1   2       1.5   8.4e+02   -2.9   0.0   128   148   251   271   230   279 0.63 length=500	scaffold=scaffold00929	strand=+
3226_g               -            500 7874at5820           -            267    0.0025   15.2   0.2   2   2   1.5e-05    0.0086   13.5   0.1   126   185   375   436   358   457 0.87 length=500	scaffold=scaffold00929	strand=+
#
# Program:         hmmsearch
# Version:         3.1b2 (February 2015)
# Pipeline mode:   SEARCH
# Query file:      /export/home/bio1901/Documents/29_BINP/OrthoSearch/busco_downloads/lineages/plasmodium_odb10/hmms/7874at5820.hmm
# Target file:     Results/1_GeneSequences/PB.faa
# Option settings: /home/users/bio1901/miniconda3/envs/busco/bin/hmmsearch --domtblout /export/home/bio1901/Documents/29_BINP/OrthoSearch/PB/run_plasmodium_odb10/hmmer_output/7874at5820.out --cpu 1 /export/home/bio1901/Documents/29_BINP/OrthoSearch/busco_downloads/lineages/plasmodium_odb10/hmms/7874at5820.hmm Results/1_GeneSequences/PB.faa 
# Current dir:     /export/home/bio1901/Documents/29_BINP/OrthoSearch
# Date:            Sun Mar 15 18:15:00 2020
# [ok]
