#                                                                            --- full sequence --- -------------- this domain -------------   hmm coord   ali coord   env coord
# target name        accession   tlen query name           accession   qlen   E-value  score  bias   #  of  c-Evalue  i-Evalue  score  bias  from    to  from    to  from    to  acc description of target
#------------------- ---------- ----- -------------------- ---------- ----- --------- ------ ----- --- --- --------- --------- ------ ----- ----- ----- ----- ----- ----- ----- ---- ---------------------
3362_g               -            624 7934at5820           -            173   5.2e-24   82.9   7.9   1   4   0.00025     0.029   12.1   0.5   120   161   315   354   299   357 0.74 length=624	scaffold=scaffold01024	strand=-
3362_g               -            624 7934at5820           -            173   5.2e-24   82.9   7.9   2   4   1.3e-12   1.4e-10   39.1   0.0    36   111   355   430   353   430 0.97 length=624	scaffold=scaffold01024	strand=-
3362_g               -            624 7934at5820           -            173   5.2e-24   82.9   7.9   3   4   5.8e-14   6.6e-12   43.5   0.8    58   172   419   532   414   533 0.82 length=624	scaffold=scaffold01024	strand=-
3362_g               -            624 7934at5820           -            173   5.2e-24   82.9   7.9   4   4       8.1   9.2e+02   -2.6   0.0    84   114   583   613   545   620 0.70 length=624	scaffold=scaffold01024	strand=-
3772_g               -            363 7934at5820           -            173   6.2e-22   76.1   5.8   1   3    0.0002     0.023   12.4   0.0    81   118    72   109    53   113 0.90 length=363	scaffold=scaffold01372	strand=-
3772_g               -            363 7934at5820           -            173   6.2e-22   76.1   5.8   2   3     2e-16   2.3e-14   51.5   3.3    36   169   112   243   107   247 0.90 length=363	scaffold=scaffold01372	strand=-
3772_g               -            363 7934at5820           -            173   6.2e-22   76.1   5.8   3   3   0.00047     0.053   11.2   0.0    57   110   307   359   290   361 0.90 length=363	scaffold=scaffold01372	strand=-
3220_g               -            502 7934at5820           -            173   7.3e-21   72.6   1.4   1   4   4.2e-06   0.00048   17.9   0.1    57   116   228   287   173   314 0.73 length=502	scaffold=scaffold00926	strand=-
3220_g               -            502 7934at5820           -            173   7.3e-21   72.6   1.4   2   4   0.00011     0.013   13.2   0.0    39   114   298   373   285   379 0.88 length=502	scaffold=scaffold00926	strand=-
3220_g               -            502 7934at5820           -            173   7.3e-21   72.6   1.4   3   4   6.4e-10   7.3e-08   30.3   0.0    14   116   318   417   313   459 0.77 length=502	scaffold=scaffold00926	strand=-
3220_g               -            502 7934at5820           -            173   7.3e-21   72.6   1.4   4   4   3.6e-07   4.1e-05   21.4   0.0    75   114   461   500   427   501 0.84 length=502	scaffold=scaffold00926	strand=-
1980_g               -           1421 7934at5820           -            173   3.3e-19   67.3   4.8   1   3   1.7e-07     2e-05   22.4   0.0    58   133     5    82     2    86 0.91 length=1421	scaffold=scaffold00354	strand=-
1980_g               -           1421 7934at5820           -            173   3.3e-19   67.3   4.8   2   3   5.5e-14   6.3e-12   43.5   0.7    50   158    39   147    30   160 0.85 length=1421	scaffold=scaffold00354	strand=-
1980_g               -           1421 7934at5820           -            173   3.3e-19   67.3   4.8   3   3   1.1e-06   0.00012   19.8   0.2    33   134   230   336   217   399 0.80 length=1421	scaffold=scaffold00354	strand=-
2370_g               -           1365 7934at5820           -            173   7.5e-19   66.1  18.3   1   5     4e-08   4.5e-06   24.5   0.2    59   116    84   141    31   159 0.79 length=1365	scaffold=scaffold00490	strand=-
2370_g               -           1365 7934at5820           -            173   7.5e-19   66.1  18.3   2   5    0.0033      0.37    8.5   0.4    79   144   158   222   145   240 0.70 length=1365	scaffold=scaffold00490	strand=-
2370_g               -           1365 7934at5820           -            173   7.5e-19   66.1  18.3   3   5     0.021       2.4    5.9   0.6   116   159   606   646   592   659 0.79 length=1365	scaffold=scaffold00490	strand=-
2370_g               -           1365 7934at5820           -            173   7.5e-19   66.1  18.3   4   5       6.3   7.2e+02   -2.2   0.0    68   111   667   710   663   726 0.66 length=1365	scaffold=scaffold00490	strand=-
2370_g               -           1365 7934at5820           -            173   7.5e-19   66.1  18.3   5   5   9.1e-12     1e-09   36.3   0.5    37   124   803   891   768   928 0.84 length=1365	scaffold=scaffold00490	strand=-
1355_g               -           1141 7934at5820           -            173   9.5e-18   62.5   6.8   1   3     0.009         1    7.0   0.1    37   130    10   105     6   112 0.68 length=1141	scaffold=scaffold00193	strand=+
1355_g               -           1141 7934at5820           -            173   9.5e-18   62.5   6.8   2   3   7.1e-08   8.1e-06   23.7   0.1    13   113    73   172    67   184 0.81 length=1141	scaffold=scaffold00193	strand=+
1355_g               -           1141 7934at5820           -            173   9.5e-18   62.5   6.8   3   3   2.5e-12   2.9e-10   38.1   1.5    35   114   183   264   172   292 0.87 length=1141	scaffold=scaffold00193	strand=+
334_g                -            601 7934at5820           -            173   9.1e-17   59.3   2.2   1   4    0.0026       0.3    8.8   0.0    77   113   304   341   300   348 0.85 length=601	scaffold=scaffold00027	strand=-
334_g                -            601 7934at5820           -            173   9.1e-17   59.3   2.2   2   4   9.2e-05      0.01   13.5   0.0    37    99   350   411   343   421 0.86 length=601	scaffold=scaffold00027	strand=-
334_g                -            601 7934at5820           -            173   9.1e-17   59.3   2.2   3   4   0.00029     0.033   11.9   0.0    59   138   414   494   404   510 0.55 length=601	scaffold=scaffold00027	strand=-
334_g                -            601 7934at5820           -            173   9.1e-17   59.3   2.2   4   4   4.9e-07   5.6e-05   20.9   1.7    15   112   500   600   495   600 0.84 length=601	scaffold=scaffold00027	strand=-
3656_g               -           1262 7934at5820           -            173   3.6e-14   50.8  15.4   1   3   1.4e-12   1.6e-10   39.0   7.0    36   157   853   975   849   995 0.85 length=1262	scaffold=scaffold01261	strand=-	adjustedToFrame=3
3656_g               -           1262 7934at5820           -            173   3.6e-14   50.8  15.4   2   3     0.071       8.1    4.1   0.1    95   163  1000  1069   989  1076 0.68 length=1262	scaffold=scaffold01261	strand=-	adjustedToFrame=3
3656_g               -           1262 7934at5820           -            173   3.6e-14   50.8  15.4   3   3   0.00046     0.053   11.2   0.2    55   113  1090  1151  1067  1163 0.79 length=1262	scaffold=scaffold01261	strand=-	adjustedToFrame=3
496_g                -            605 7934at5820           -            173   2.8e-13   48.0   4.2   1   4      0.75        85    0.8   0.1   126   153   311   339   245   345 0.68 length=605	scaffold=scaffold00046	strand=+
496_g                -            605 7934at5820           -            173   2.8e-13   48.0   4.2   2   4     0.002      0.23    9.1   0.0    83   135   382   436   374   440 0.76 length=605	scaffold=scaffold00046	strand=+
496_g                -            605 7934at5820           -            173   2.8e-13   48.0   4.2   3   4   4.3e-10   4.9e-08   30.9   0.3    40   154   423   539   421   542 0.85 length=605	scaffold=scaffold00046	strand=+
496_g                -            605 7934at5820           -            173   2.8e-13   48.0   4.2   4   4   9.6e-06    0.0011   16.7   0.3    41   113   509   582   505   593 0.84 length=605	scaffold=scaffold00046	strand=+
2322_g               -            439 7934at5820           -            173   5.7e-13   46.9   0.3   1   2      0.28        32    2.2   0.1    58    77   159   179   147   209 0.78 length=439	scaffold=scaffold00471	strand=+
2322_g               -            439 7934at5820           -            173   5.7e-13   46.9   0.3   2   2   1.2e-13   1.4e-11   42.4   0.0    17   112   213   310   198   316 0.85 length=439	scaffold=scaffold00471	strand=+
42_g                 -            534 7934at5820           -            173   6.3e-13   46.8   1.6   1   3   9.7e-08   1.1e-05   23.2   0.1    36   112    62   139    48   153 0.92 length=534	scaffold=scaffold00002	strand=-
42_g                 -            534 7934at5820           -            173   6.3e-13   46.8   1.6   2   3       4.6   5.2e+02   -1.8   0.0    64   101   263   300   248   316 0.74 length=534	scaffold=scaffold00002	strand=-
42_g                 -            534 7934at5820           -            173   6.3e-13   46.8   1.6   3   3   5.3e-07     6e-05   20.8   0.1    82   154   367   440   341   453 0.60 length=534	scaffold=scaffold00002	strand=-
309_g                -            630 7934at5820           -            173   1.5e-11   42.3   1.4   1   2   2.3e-08   2.6e-06   25.3   0.2    16   130   423   540   417   567 0.68 length=630	scaffold=scaffold00024	strand=-
309_g                -            630 7934at5820           -            173   1.5e-11   42.3   1.4   2   2   0.00092       0.1   10.3   0.0    65   114   560   609   546   615 0.80 length=630	scaffold=scaffold00024	strand=-
2862_g               -           1129 7934at5820           -            173   1.2e-10   39.4   8.3   1   4   3.3e-05    0.0038   15.0   0.4    37   112   167   244   141   254 0.84 length=1129	scaffold=scaffold00710	strand=-
2862_g               -           1129 7934at5820           -            173   1.2e-10   39.4   8.3   2   4      0.33        37    2.0   0.0    42    95   392   446   352   477 0.61 length=1129	scaffold=scaffold00710	strand=-
2862_g               -           1129 7934at5820           -            173   1.2e-10   39.4   8.3   3   4     2e-05    0.0022   15.7   0.0    57   127   475   545   454   554 0.90 length=1129	scaffold=scaffold00710	strand=-
2862_g               -           1129 7934at5820           -            173   1.2e-10   39.4   8.3   4   4    0.0029      0.33    8.7   0.3    62   136   600   681   567   714 0.53 length=1129	scaffold=scaffold00710	strand=-
1715_g               -            328 7934at5820           -            173   1.9e-10   38.8   0.3   1   3     8e-06   0.00091   17.0   0.0    35   157     3   132     1   145 0.80 length=328	scaffold=scaffold00278	strand=-
1715_g               -            328 7934at5820           -            173   1.9e-10   38.8   0.3   2   3   4.7e-05    0.0053   14.5   0.1    67   115   167   215   157   254 0.84 length=328	scaffold=scaffold00278	strand=-
1715_g               -            328 7934at5820           -            173   1.9e-10   38.8   0.3   3   3     0.077       8.8    4.0   0.0    64   107   268   311   254   319 0.84 length=328	scaffold=scaffold00278	strand=-
3672_g               -            522 7934at5820           -            173   5.1e-09   34.1   3.2   1   2     0.048       5.5    4.7   0.2   122   165   212   255   187   262 0.71 length=522	scaffold=scaffold01278	strand=-
3672_g               -            522 7934at5820           -            173   5.1e-09   34.1   3.2   2   2   3.1e-09   3.6e-07   28.1   0.2    18   114   287   380   275   396 0.88 length=522	scaffold=scaffold01278	strand=-
2983_g               -            732 7934at5820           -            173   5.6e-09   33.9   0.5   1   2   3.9e-10   4.4e-08   31.0   0.4    36   156    46   172    25   178 0.83 length=732	scaffold=scaffold00774	strand=-
2983_g               -            732 7934at5820           -            173   5.6e-09   33.9   0.5   2   2       1.4   1.6e+02   -0.1   0.0   131   161   248   277   225   286 0.78 length=732	scaffold=scaffold00774	strand=-
3510_g               -            482 7934at5820           -            173   5.7e-09   33.9   2.1   1   2   4.3e-10   4.9e-08   30.9   0.1    37   121    53   140    46   151 0.84 length=482	scaffold=scaffold01142	strand=-
3510_g               -            482 7934at5820           -            173   5.7e-09   33.9   2.1   2   2      0.33        37    2.0   0.2    61   111   420   477   389   480 0.53 length=482	scaffold=scaffold01142	strand=-
2503_g               -            896 7934at5820           -            173     8e-09   33.4   0.2   1   3       5.6   6.4e+02   -2.1   0.4    10    53    38    87    32   105 0.61 length=896	scaffold=scaffold00538	strand=-	adjustedToFrame=2
2503_g               -            896 7934at5820           -            173     8e-09   33.4   0.2   2   3     0.045       5.1    4.8   0.1    13    72   176   230   163   242 0.70 length=896	scaffold=scaffold00538	strand=-	adjustedToFrame=2
2503_g               -            896 7934at5820           -            173     8e-09   33.4   0.2   3   3     7e-11     8e-09   33.4   0.2    11   113   282   380   274   390 0.88 length=896	scaffold=scaffold00538	strand=-	adjustedToFrame=2
2803_g               -            674 7934at5820           -            173   8.9e-09   33.3   6.4   1   3     0.048       5.5    4.7   0.1     7    84   356   445   353   448 0.61 length=674	scaffold=scaffold00680	strand=+
2803_g               -            674 7934at5820           -            173   8.9e-09   33.3   6.4   2   3   7.8e-10   8.8e-08   30.0   1.7    32   115   443   526   430   551 0.86 length=674	scaffold=scaffold00680	strand=+
2803_g               -            674 7934at5820           -            173   8.9e-09   33.3   6.4   3   3       2.9   3.3e+02   -1.1   0.0    55   157   593   610   570   638 0.68 length=674	scaffold=scaffold00680	strand=+
3098_g               -            504 7934at5820           -            173     1e-08   33.1   3.7   1   3    0.0012      0.13    9.9   0.2    39   115   169   248   163   253 0.79 length=504	scaffold=scaffold00846	strand=-
3098_g               -            504 7934at5820           -            173     1e-08   33.1   3.7   2   3   2.3e-06   0.00026   18.7   0.1    37    86   254   303   252   320 0.90 length=504	scaffold=scaffold00846	strand=-
3098_g               -            504 7934at5820           -            173     1e-08   33.1   3.7   3   3      0.11        13    3.5   0.0    95   157   362   430   343   446 0.71 length=504	scaffold=scaffold00846	strand=-
2771_g               -           1214 7934at5820           -            173   7.7e-08   30.2   8.9   1   4       2.6     3e+02   -1.0   0.0   118   171   214   268   181   270 0.69 length=1214	scaffold=scaffold00661	strand=-
2771_g               -           1214 7934at5820           -            173   7.7e-08   30.2   8.9   2   4      0.15        17    3.0   0.3   141   157   331   347   237   355 0.89 length=1214	scaffold=scaffold00661	strand=-
2771_g               -           1214 7934at5820           -            173   7.7e-08   30.2   8.9   3   4   2.5e-05    0.0028   15.4   0.1    34   119   627   715   607   723 0.82 length=1214	scaffold=scaffold00661	strand=-
2771_g               -           1214 7934at5820           -            173   7.7e-08   30.2   8.9   4   4   7.4e-05    0.0085   13.8   0.3    37   131   790   884   783   916 0.83 length=1214	scaffold=scaffold00661	strand=-
2202_g               -            427 7934at5820           -            173   9.1e-08   30.0   0.4   1   1   1.6e-09   1.8e-07   29.0   0.4    68   162    74   172    12   179 0.76 length=427	scaffold=scaffold00424	strand=+
3277_g               -            508 7934at5820           -            173   2.1e-06   25.6   3.8   1   3       2.1   2.4e+02   -0.7   0.1    36    83    47    93    14   109 0.61 length=508	scaffold=scaffold00964	strand=-
3277_g               -            508 7934at5820           -            173   2.1e-06   25.6   3.8   2   3   4.5e-06   0.00052   17.8   0.1    41   114   136   211   129   222 0.73 length=508	scaffold=scaffold00964	strand=-
3277_g               -            508 7934at5820           -            173   2.1e-06   25.6   3.8   3   3    0.0077      0.88    7.3   0.1    56    72   487   503   442   506 0.68 length=508	scaffold=scaffold00964	strand=-
2588_g               -            647 7934at5820           -            173   6.5e-06   24.0   6.3   1   3   1.5e-06   0.00017   19.4   0.8   106   158   145   198    27   213 0.78 length=647	scaffold=scaffold00571	strand=+
2588_g               -            647 7934at5820           -            173   6.5e-06   24.0   6.3   2   3      0.75        85    0.8   0.1   112   161   209   256   200   267 0.70 length=647	scaffold=scaffold00571	strand=+
2588_g               -            647 7934at5820           -            173   6.5e-06   24.0   6.3   3   3      0.12        13    3.4   0.1    43   106   273   340   265   364 0.62 length=647	scaffold=scaffold00571	strand=+
3992_g               -            836 7934at5820           -            173   8.9e-06   23.5   1.0   1   2   0.00015     0.018   12.8   0.0    62   112    42    97    32   104 0.78 length=836	scaffold=scaffold01579	strand=-
3992_g               -            836 7934at5820           -            173   8.9e-06   23.5   1.0   2   2    0.0052      0.59    7.8   0.3    44   114   131   202   124   213 0.77 length=836	scaffold=scaffold01579	strand=-
2273_g               -            512 7934at5820           -            173   7.7e-05   20.5   8.1   1   5       3.7   4.2e+02   -1.5   0.0   106   149     4    48     2    60 0.70 length=512	scaffold=scaffold00449	strand=-
2273_g               -            512 7934at5820           -            173   7.7e-05   20.5   8.1   2   5   0.00011     0.013   13.2   0.1    61   119    57   117    44   126 0.75 length=512	scaffold=scaffold00449	strand=-
2273_g               -            512 7934at5820           -            173   7.7e-05   20.5   8.1   3   5    0.0033      0.37    8.5   0.0    78   112   154   188   135   207 0.78 length=512	scaffold=scaffold00449	strand=-
2273_g               -            512 7934at5820           -            173   7.7e-05   20.5   8.1   4   5       5.3   6.1e+02   -2.0   0.0    12    41   216   246   212   253 0.75 length=512	scaffold=scaffold00449	strand=-
2273_g               -            512 7934at5820           -            173   7.7e-05   20.5   8.1   5   5      0.98   1.1e+02    0.4   0.4   123   159   327   364   300   373 0.74 length=512	scaffold=scaffold00449	strand=-
3742_g               -            631 7934at5820           -            173   0.00023   18.9   0.1   1   2     2e-05    0.0023   15.7   0.0    65   162     8   105     2   115 0.72 length=631	scaffold=scaffold01345	strand=-	adjustedToFrame=2
3742_g               -            631 7934at5820           -            173   0.00023   18.9   0.1   2   2       1.1   1.3e+02    0.2   0.0   135   158   122   145   107   154 0.78 length=631	scaffold=scaffold01345	strand=-	adjustedToFrame=2
909_g                -            265 7934at5820           -            173   0.00026   18.7   0.2   1   1   5.9e-06   0.00067   17.4   0.2   116   159   103   145    56   161 0.80 length=265	scaffold=scaffold00104	strand=+
1305_g               -            743 7934at5820           -            173   0.00029   18.6   0.0   1   2       3.1   3.5e+02   -1.2   0.0   138   158    46    66     6    80 0.68 length=743	scaffold=scaffold00182	strand=+
1305_g               -            743 7934at5820           -            173   0.00029   18.6   0.0   2   2     2e-05    0.0023   15.7   0.0    57   113   310   366   268   374 0.77 length=743	scaffold=scaffold00182	strand=+
1350_g               -           1219 7934at5820           -            173   0.00056   17.7   5.8   1   2   3.9e-05    0.0045   14.7   0.6    39   120   310   396   296   420 0.83 length=1219	scaffold=scaffold00191	strand=+
1350_g               -           1219 7934at5820           -            173   0.00056   17.7   5.8   2   2     0.041       4.7    4.9   0.5    46   145   479   591   461   611 0.56 length=1219	scaffold=scaffold00191	strand=+
4136_g               -            212 7934at5820           -            173   0.00082   17.1   0.1   1   1   1.2e-05    0.0014   16.3   0.1    76   158   118   200   107   211 0.74 length=212	scaffold=scaffold01857	strand=-	adjustedToFrame=2
2087_g               -           2317 7934at5820           -            173    0.0014   16.4   1.6   1   2       3.8   4.3e+02   -1.5   0.1   107   153   203   250   198   263 0.83 length=2317	scaffold=scaffold00386	strand=-
2087_g               -           2317 7934at5820           -            173    0.0014   16.4   1.6   2   2   4.2e-05    0.0048   14.6   0.1    37   103  2094  2159  2081  2170 0.75 length=2317	scaffold=scaffold00386	strand=-
424_g                -            483 7934at5820           -            173    0.0041   14.8   1.7   1   3      0.25        28    2.4   0.0    56    76   124   144   109   156 0.71 length=483	scaffold=scaffold00038	strand=-
424_g                -            483 7934at5820           -            173    0.0041   14.8   1.7   2   3    0.0009       0.1   10.3   0.1    69   114   221   266   209   299 0.84 length=483	scaffold=scaffold00038	strand=-
424_g                -            483 7934at5820           -            173    0.0041   14.8   1.7   3   3       6.2     7e+02   -2.2   0.0    83   107   386   410   319   421 0.61 length=483	scaffold=scaffold00038	strand=-
3435_g               -            346 7934at5820           -            173     0.013   13.2   0.0   1   1   0.00022     0.025   12.3   0.0    58   115   228   286   220   301 0.86 length=346	scaffold=scaffold01081	strand=-	adjustedToFrame=3
344_g                -           1731 7934at5820           -            173     0.033   11.9   1.9   1   3     0.019       2.2    6.0   0.0    34   112   874   952   847   969 0.80 length=1731	scaffold=scaffold00028	strand=+
344_g                -           1731 7934at5820           -            173     0.033   11.9   1.9   2   3      0.55        63    1.2   0.0   136   161  1086  1111  1040  1121 0.76 length=1731	scaffold=scaffold00028	strand=+
344_g                -           1731 7934at5820           -            173     0.033   11.9   1.9   3   3      0.45        52    1.5   0.1    56   110  1266  1319  1241  1339 0.80 length=1731	scaffold=scaffold00028	strand=+
#
# Program:         hmmsearch
# Version:         3.1b2 (February 2015)
# Pipeline mode:   SEARCH
# Query file:      /export/home/bio1901/Documents/29_BINP/OrthoSearch/busco_downloads/lineages/plasmodium_odb10/hmms/7934at5820.hmm
# Target file:     Results/1_GeneSequences/PB.faa
# Option settings: /home/users/bio1901/miniconda3/envs/busco/bin/hmmsearch --domtblout /export/home/bio1901/Documents/29_BINP/OrthoSearch/PB/run_plasmodium_odb10/hmmer_output/7934at5820.out --cpu 1 /export/home/bio1901/Documents/29_BINP/OrthoSearch/busco_downloads/lineages/plasmodium_odb10/hmms/7934at5820.hmm Results/1_GeneSequences/PB.faa 
# Current dir:     /export/home/bio1901/Documents/29_BINP/OrthoSearch
# Date:            Sun Mar 15 18:15:01 2020
# [ok]
