#                                                                            --- full sequence --- -------------- this domain -------------   hmm coord   ali coord   env coord
# target name        accession   tlen query name           accession   qlen   E-value  score  bias   #  of  c-Evalue  i-Evalue  score  bias  from    to  from    to  from    to  acc description of target
#------------------- ---------- ----- -------------------- ---------- ----- --------- ------ ----- --- --- --------- --------- ------ ----- ----- ----- ----- ----- ----- ----- ---- ---------------------
1129_g               -           1003 7976at5820           -            295   4.6e-77  257.2  97.7   1   9   4.1e-15   3.2e-12   44.3   4.1   216   272    75   133    70   138 0.90 length=1003	scaffold=scaffold00148	strand=+
1129_g               -           1003 7976at5820           -            295   4.6e-77  257.2  97.7   2   9   6.7e-20   5.4e-17   60.0  10.6   201   271   117   193   112   200 0.89 length=1003	scaffold=scaffold00148	strand=+
1129_g               -           1003 7976at5820           -            295   4.6e-77  257.2  97.7   3   9   4.6e-10   3.7e-07   27.7   0.6   221   273   202   256   195   264 0.82 length=1003	scaffold=scaffold00148	strand=+
1129_g               -           1003 7976at5820           -            295   4.6e-77  257.2  97.7   4   9     1e-12     8e-10   36.4   1.8   220   270   265   318   259   325 0.89 length=1003	scaffold=scaffold00148	strand=+
1129_g               -           1003 7976at5820           -            295   4.6e-77  257.2  97.7   5   9   2.5e-09     2e-06   25.3   2.9   218   267   326   378   321   388 0.88 length=1003	scaffold=scaffold00148	strand=+
1129_g               -           1003 7976at5820           -            295   4.6e-77  257.2  97.7   6   9    0.0018       1.5    6.0   0.2   222   252   570   601   553   619 0.63 length=1003	scaffold=scaffold00148	strand=+
1129_g               -           1003 7976at5820           -            295   4.6e-77  257.2  97.7   7   9   3.5e-12   2.8e-09   34.7  14.3     6   128   571   721   568   735 0.68 length=1003	scaffold=scaffold00148	strand=+
1129_g               -           1003 7976at5820           -            295   4.6e-77  257.2  97.7   8   9   2.4e-17   1.9e-14   51.6  17.7    25   131   758   869   735   888 0.79 length=1003	scaffold=scaffold00148	strand=+
1129_g               -           1003 7976at5820           -            295   4.6e-77  257.2  97.7   9   9   1.1e-08   8.7e-06   23.2   0.4   229   283   911   965   905   972 0.88 length=1003	scaffold=scaffold00148	strand=+
3689_g               -            495 7976at5820           -            295   4.5e-32  109.5  65.5   1   6   2.8e-12   2.2e-09   35.0   7.5   214   288    88   167    65   167 0.83 length=495	scaffold=scaffold01292	strand=-
3689_g               -            495 7976at5820           -            295   4.5e-32  109.5  65.5   2   6   4.8e-13   3.8e-10   37.5  11.3    59   135   161   244   153   245 0.82 length=495	scaffold=scaffold01292	strand=-
3689_g               -            495 7976at5820           -            295   4.5e-32  109.5  65.5   3   6   1.5e-09   1.2e-06   26.0   7.1   223   269   232   280   229   287 0.87 length=495	scaffold=scaffold01292	strand=-
3689_g               -            495 7976at5820           -            295   4.5e-32  109.5  65.5   4   6   6.7e-11   5.4e-08   30.4   8.3   215   274   289   348   278   349 0.82 length=495	scaffold=scaffold01292	strand=-
3689_g               -            495 7976at5820           -            295   4.5e-32  109.5  65.5   5   6   9.7e-08   7.7e-05   20.1   4.3    37    75   328   367   322   375 0.84 length=495	scaffold=scaffold01292	strand=-
3689_g               -            495 7976at5820           -            295   4.5e-32  109.5  65.5   6   6   0.00019      0.15    9.2   2.6    76   141   402   470   367   482 0.57 length=495	scaffold=scaffold01292	strand=-
1007_g               -            403 7976at5820           -            295   3.6e-28   96.7  27.8   1   3   0.00055      0.44    7.7   0.2    55    76   251   272   218   274 0.84 length=403	scaffold=scaffold00121	strand=-
1007_g               -            403 7976at5820           -            295   3.6e-28   96.7  27.8   2   3   7.8e-09   6.2e-06   23.7   0.8   211   247   250   288   241   292 0.82 length=403	scaffold=scaffold00121	strand=-
1007_g               -            403 7976at5820           -            295   3.6e-28   96.7  27.8   3   3   1.1e-27   8.9e-25   85.5  20.3     2   135   258   397   257   402 0.90 length=403	scaffold=scaffold00121	strand=-
2994_g               -            514 7976at5820           -            295   4.7e-25   86.4  51.9   1   4   6.3e-06     0.005   14.1   1.6    45    79   145   180   109   188 0.75 length=514	scaffold=scaffold00781	strand=+
2994_g               -            514 7976at5820           -            295   4.7e-25   86.4  51.9   2   4     9e-17   7.2e-14   49.7  20.8    27   138   179   299   178   310 0.86 length=514	scaffold=scaffold00781	strand=+
2994_g               -            514 7976at5820           -            295   4.7e-25   86.4  51.9   3   4   2.9e-05     0.023   12.0   3.7    70   132   300   370   294   373 0.74 length=514	scaffold=scaffold00781	strand=+
2994_g               -            514 7976at5820           -            295   4.7e-25   86.4  51.9   4   4   4.6e-11   3.7e-08   31.0  10.3     5   113   360   478   356   496 0.78 length=514	scaffold=scaffold00781	strand=+
3595_g               -            256 7976at5820           -            295   1.2e-21   75.3  11.3   1   2   1.6e-16   1.3e-13   48.9   7.2    48   115    95   165    81   170 0.84 length=256	scaffold=scaffold01210	strand=-
3595_g               -            256 7976at5820           -            295   1.2e-21   75.3  11.3   2   2   2.1e-10   1.7e-07   28.8   0.1   220   275   171   227   163   246 0.82 length=256	scaffold=scaffold01210	strand=-
#
# Program:         hmmsearch
# Version:         3.1b2 (February 2015)
# Pipeline mode:   SEARCH
# Query file:      /export/home/bio1901/Documents/29_BINP/OrthoSearch/busco_downloads/lineages/plasmodium_odb10/hmms/7976at5820.hmm
# Target file:     Results/1_GeneSequences/PB.faa
# Option settings: /home/users/bio1901/miniconda3/envs/busco/bin/hmmsearch --domtblout /export/home/bio1901/Documents/29_BINP/OrthoSearch/PB/run_plasmodium_odb10/hmmer_output/7976at5820.out --cpu 1 /export/home/bio1901/Documents/29_BINP/OrthoSearch/busco_downloads/lineages/plasmodium_odb10/hmms/7976at5820.hmm Results/1_GeneSequences/PB.faa 
# Current dir:     /export/home/bio1901/Documents/29_BINP/OrthoSearch
# Date:            Sun Mar 15 18:15:04 2020
# [ok]
