#                                                                            --- full sequence --- -------------- this domain -------------   hmm coord   ali coord   env coord
# target name        accession   tlen query name           accession   qlen   E-value  score  bias   #  of  c-Evalue  i-Evalue  score  bias  from    to  from    to  from    to  acc description of target
#------------------- ---------- ----- -------------------- ---------- ----- --------- ------ ----- --- --- --------- --------- ------ ----- ----- ----- ----- ----- ----- ----- ---- ---------------------
3631_g               -            466 8046at5820           -            351  1.4e-101  338.1  47.5   1   2   1.9e-06    0.0026   14.9   0.1    46    85     7    50     2    61 0.78 length=466	scaffold=scaffold01239	strand=+	adjustedToFrame=2
3631_g               -            466 8046at5820           -            351  1.4e-101  338.1  47.5   2   2  1.7e-100   2.3e-97  324.3  44.4    84   351   184   465   172   465 0.93 length=466	scaffold=scaffold01239	strand=+	adjustedToFrame=2
1961_g               -            485 8046at5820           -            351    0.0043   14.2   8.6   1   3       1.3   1.7e+03   -4.2   0.3   118   148    78   105    70   112 0.57 length=485	scaffold=scaffold00349	strand=-
1961_g               -            485 8046at5820           -            351    0.0043   14.2   8.6   2   3   1.5e-05      0.02   12.1   0.0   109   163   387   438   380   444 0.85 length=485	scaffold=scaffold00349	strand=-
1961_g               -            485 8046at5820           -            351    0.0043   14.2   8.6   3   3   0.00065      0.87    6.6   1.3    92   128   446   482   437   484 0.77 length=485	scaffold=scaffold00349	strand=-
109_g                -            145 8046at5820           -            351    0.0093   13.1   0.4   1   2    0.0032       4.3    4.4   0.0   106   154    48    95    25   104 0.76 length=145	scaffold=scaffold00006	strand=-
109_g                -            145 8046at5820           -            351    0.0093   13.1   0.4   2   2    0.0001      0.14    9.3   0.1   106   163    85   140    77   142 0.82 length=145	scaffold=scaffold00006	strand=-
#
# Program:         hmmsearch
# Version:         3.1b2 (February 2015)
# Pipeline mode:   SEARCH
# Query file:      /export/home/bio1901/Documents/29_BINP/OrthoSearch/busco_downloads/lineages/plasmodium_odb10/hmms/8046at5820.hmm
# Target file:     Results/1_GeneSequences/PB.faa
# Option settings: /home/users/bio1901/miniconda3/envs/busco/bin/hmmsearch --domtblout /export/home/bio1901/Documents/29_BINP/OrthoSearch/PB/run_plasmodium_odb10/hmmer_output/8046at5820.out --cpu 1 /export/home/bio1901/Documents/29_BINP/OrthoSearch/busco_downloads/lineages/plasmodium_odb10/hmms/8046at5820.hmm Results/1_GeneSequences/PB.faa 
# Current dir:     /export/home/bio1901/Documents/29_BINP/OrthoSearch
# Date:            Sun Mar 15 18:15:07 2020
# [ok]
