#                                                                            --- full sequence --- -------------- this domain -------------   hmm coord   ali coord   env coord
# target name        accession   tlen query name           accession   qlen   E-value  score  bias   #  of  c-Evalue  i-Evalue  score  bias  from    to  from    to  from    to  acc description of target
#------------------- ---------- ----- -------------------- ---------- ----- --------- ------ ----- --- --- --------- --------- ------ ----- ----- ----- ----- ----- ----- ----- ---- ---------------------
3772_g               -            363 8053at5820           -            274  1.1e-128  426.2  10.7   1   1  1.5e-130  2.4e-128  425.1  10.7     1   274    59   362    59   362 0.93 length=363	scaffold=scaffold01372	strand=-
3656_g               -           1262 8053at5820           -            274   1.5e-17   61.8  15.1   1   3     6e-11   9.5e-09   32.9   0.7     9    86   854   932   851   939 0.90 length=1262	scaffold=scaffold01261	strand=-	adjustedToFrame=3
3656_g               -           1262 8053at5820           -            274   1.5e-17   61.8  15.1   2   3   9.7e-08   1.5e-05   22.3   3.1     7   132   937  1067   931  1082 0.80 length=1262	scaffold=scaffold01261	strand=-	adjustedToFrame=3
3656_g               -           1262 8053at5820           -            274   1.5e-17   61.8  15.1   3   3   0.00012     0.018   12.2   0.3   213   271  1087  1148  1079  1151 0.79 length=1262	scaffold=scaffold01261	strand=-	adjustedToFrame=3
1355_g               -           1141 8053at5820           -            274   3.4e-17   60.6  28.4   1   3   2.5e-15     4e-13   47.2  14.6     9   269    10   258     4   260 0.88 length=1141	scaffold=scaffold00193	strand=+
1355_g               -           1141 8053at5820           -            274   3.4e-17   60.6  28.4   2   3   1.2e-09   1.9e-07   28.6   5.9    15   127   143   264   138   385 0.76 length=1141	scaffold=scaffold00193	strand=+
1355_g               -           1141 8053at5820           -            274   3.4e-17   60.6  28.4   3   3       1.4   2.3e+02   -1.2   0.4    67   136   987  1059   956  1101 0.68 length=1141	scaffold=scaffold00193	strand=+
2370_g               -           1365 8053at5820           -            274   6.9e-15   53.0  33.7   1   6   4.5e-09   7.1e-07   26.7   0.6   174   271    35   135    21   135 0.87 length=1365	scaffold=scaffold00490	strand=-
2370_g               -           1365 8053at5820           -            274   6.9e-15   53.0  33.7   2   6   1.6e-11   2.6e-09   34.7   6.2    49   129   101   193    96   233 0.77 length=1365	scaffold=scaffold00490	strand=-
2370_g               -           1365 8053at5820           -            274   6.9e-15   53.0  33.7   3   6     0.028       4.5    4.4   0.4    46    91   601   648   586   655 0.83 length=1365	scaffold=scaffold00490	strand=-
2370_g               -           1365 8053at5820           -            274   6.9e-15   53.0  33.7   4   6    0.0019       0.3    8.3   1.5   183   264   618   702   615   710 0.79 length=1365	scaffold=scaffold00490	strand=-
2370_g               -           1365 8053at5820           -            274   6.9e-15   53.0  33.7   5   6   3.8e-07     6e-05   20.4   2.2    21   135   773   887   760   910 0.82 length=1365	scaffold=scaffold00490	strand=-
2370_g               -           1365 8053at5820           -            274   6.9e-15   53.0  33.7   6   6      0.42        67    0.6   0.0    75   113   954   992   935  1001 0.86 length=1365	scaffold=scaffold00490	strand=-
3220_g               -            502 8053at5820           -            274   2.8e-14   51.0   8.4   1   4   6.6e-05      0.01   13.1   0.2   216   270   227   280   207   286 0.77 length=502	scaffold=scaffold00926	strand=-
3220_g               -            502 8053at5820           -            274   2.8e-14   51.0   8.4   2   4    0.0065         1    6.5   0.1   237   272   293   328   284   330 0.84 length=502	scaffold=scaffold00926	strand=-
3220_g               -            502 8053at5820           -            274   2.8e-14   51.0   8.4   3   4   8.8e-08   1.4e-05   22.5   0.1   210   272   349   412   345   414 0.90 length=502	scaffold=scaffold00926	strand=-
3220_g               -            502 8053at5820           -            274   2.8e-14   51.0   8.4   4   4   0.00052     0.083   10.1   0.0    20    83   432   497   425   500 0.86 length=502	scaffold=scaffold00926	strand=-
496_g                -            605 8053at5820           -            274   1.2e-13   48.9  11.5   1   6     0.019         3    5.0   0.8   208   263   254   314   236   320 0.74 length=605	scaffold=scaffold00046	strand=+
496_g                -            605 8053at5820           -            274   1.2e-13   48.9  11.5   2   6    0.0067       1.1    6.5   0.1   161   188   318   343   307   352 0.82 length=605	scaffold=scaffold00046	strand=+
496_g                -            605 8053at5820           -            274   1.2e-13   48.9  11.5   3   6   1.6e-05    0.0026   15.1   0.0   236   270   374   408   367   412 0.87 length=605	scaffold=scaffold00046	strand=+
496_g                -            605 8053at5820           -            274   1.2e-13   48.9  11.5   4   6     3e-05    0.0047   14.2   0.1    54   128   422   499   415   514 0.79 length=605	scaffold=scaffold00046	strand=+
496_g                -            605 8053at5820           -            274   1.2e-13   48.9  11.5   5   6    0.0032      0.51    7.5   0.4    24    78   521   574   503   574 0.72 length=605	scaffold=scaffold00046	strand=+
496_g                -            605 8053at5820           -            274   1.2e-13   48.9  11.5   6   6    0.0084       1.3    6.1   0.0    13    39   552   578   545   593 0.81 length=605	scaffold=scaffold00046	strand=+
334_g                -            601 8053at5820           -            274   2.1e-13   48.1  17.7   1   4      0.13        21    2.3   0.4   157   232    52   125    27   131 0.63 length=601	scaffold=scaffold00027	strand=-
334_g                -            601 8053at5820           -            274   2.1e-13   48.1  17.7   2   4   3.1e-09   4.9e-07   27.3   0.3    12    92   309   390   304   433 0.80 length=601	scaffold=scaffold00027	strand=-
334_g                -            601 8053at5820           -            274   2.1e-13   48.1  17.7   3   4    0.0022      0.36    8.0   0.1    79   131   420   473   401   481 0.66 length=601	scaffold=scaffold00027	strand=-
334_g                -            601 8053at5820           -            274   2.1e-13   48.1  17.7   4   4   6.3e-07    0.0001   19.7   2.2    20   125   488   600   481   600 0.77 length=601	scaffold=scaffold00027	strand=-
309_g                -            630 8053at5820           -            274   2.6e-13   47.8   0.8   1   3     1e-05    0.0016   15.7   0.7    56   133   365   442   351   453 0.83 length=630	scaffold=scaffold00024	strand=-
309_g                -            630 8053at5820           -            274   2.6e-13   47.8   0.8   2   3   1.9e-06   0.00031   18.1   0.0   214   271   460   520   446   523 0.81 length=630	scaffold=scaffold00024	strand=-
309_g                -            630 8053at5820           -            274   2.6e-13   47.8   0.8   3   3   0.00067      0.11    9.7   0.0   148   190   572   614   565   621 0.88 length=630	scaffold=scaffold00024	strand=-
3362_g               -            624 8053at5820           -            274   5.1e-13   46.9  13.4   1   4       4.3   6.8e+02   -2.7   0.1    86   113   143   170    92   185 0.62 length=624	scaffold=scaffold01024	strand=-
3362_g               -            624 8053at5820           -            274   5.1e-13   46.9  13.4   2   4   8.4e-13   1.3e-10   38.9   1.7     9   130   314   436   308   457 0.88 length=624	scaffold=scaffold01024	strand=-
3362_g               -            624 8053at5820           -            274   5.1e-13   46.9  13.4   3   4    0.0017      0.27    8.4   0.0   218   267   460   509   448   517 0.88 length=624	scaffold=scaffold01024	strand=-
3362_g               -            624 8053at5820           -            274   5.1e-13   46.9  13.4   4   4      0.11        18    2.5   0.2   204   265   532   603   526   610 0.60 length=624	scaffold=scaffold01024	strand=-
2983_g               -            732 8053at5820           -            274     1e-12   45.8   2.1   1   3   1.3e-14   2.1e-12   44.9   0.2   141   269    36   166    12   172 0.87 length=732	scaffold=scaffold00774	strand=-
2983_g               -            732 8053at5820           -            274     1e-12   45.8   2.1   2   3       2.2   3.6e+02   -1.8   0.0   108   127   253   272   235   283 0.77 length=732	scaffold=scaffold00774	strand=-
2983_g               -            732 8053at5820           -            274     1e-12   45.8   2.1   3   3       2.8   4.5e+02   -2.1   0.1   216   239   328   351   308   361 0.69 length=732	scaffold=scaffold00774	strand=-
1980_g               -           1421 8053at5820           -            274   2.4e-10   38.1  11.7   1   5    0.0002     0.032   11.4   0.0   110   269    44    97     9   109 0.54 length=1421	scaffold=scaffold00354	strand=-
1980_g               -           1421 8053at5820           -            274   2.4e-10   38.1  11.7   2   5    0.0083       1.3    6.2   0.1   150   188   110   148   104   188 0.76 length=1421	scaffold=scaffold00354	strand=-
1980_g               -           1421 8053at5820           -            274   2.4e-10   38.1  11.7   3   5    0.0004     0.064   10.5   0.0   217   270   207   264   193   268 0.79 length=1421	scaffold=scaffold00354	strand=-
1980_g               -           1421 8053at5820           -            274   2.4e-10   38.1  11.7   4   5    0.0014      0.22    8.7   0.0   149   190   277   319   271   357 0.77 length=1421	scaffold=scaffold00354	strand=-
1980_g               -           1421 8053at5820           -            274   2.4e-10   38.1  11.7   5   5      0.69   1.1e+02   -0.1   1.2   210   245   548   580   518   609 0.67 length=1421	scaffold=scaffold00354	strand=-
42_g                 -            534 8053at5820           -            274   1.3e-09   35.7  16.0   1   3   5.2e-07   8.4e-05   19.9   3.7    50   127    61   141    53   187 0.76 length=534	scaffold=scaffold00002	strand=-
42_g                 -            534 8053at5820           -            274   1.3e-09   35.7  16.0   2   3   3.1e-05    0.0049   14.1   1.3   154   273   282   397   272   398 0.78 length=534	scaffold=scaffold00002	strand=-
42_g                 -            534 8053at5820           -            274   1.3e-09   35.7  16.0   3   3    0.0016      0.25    8.5   0.1    15    56   413   455   403   471 0.75 length=534	scaffold=scaffold00002	strand=-
2771_g               -           1214 8053at5820           -            274   2.4e-09   34.8  14.4   1   4    0.0031      0.49    7.6   0.5   195   253   215   273   206   278 0.89 length=1214	scaffold=scaffold00661	strand=-
2771_g               -           1214 8053at5820           -            274   2.4e-09   34.8  14.4   2   4   8.7e-08   1.4e-05   22.5   1.2    51   143   629   726   613   748 0.82 length=1214	scaffold=scaffold00661	strand=-
2771_g               -           1214 8053at5820           -            274   2.4e-09   34.8  14.4   3   4       2.2   3.5e+02   -1.8   0.0   236   257   756   777   737   785 0.79 length=1214	scaffold=scaffold00661	strand=-
2771_g               -           1214 8053at5820           -            274   2.4e-09   34.8  14.4   4   4    0.0002     0.031   11.5   0.4    49   127   787   865   778   904 0.80 length=1214	scaffold=scaffold00661	strand=-
3226_g               -            500 8053at5820           -            274   4.9e-09   33.8   5.8   1   3   2.6e-06   0.00041   17.7   0.0   134   186   219   270   209   287 0.72 length=500	scaffold=scaffold00929	strand=+
3226_g               -            500 8053at5820           -            274   4.9e-09   33.8   5.8   2   3      0.47        74    0.4   0.1   111   150   330   369   316   390 0.67 length=500	scaffold=scaffold00929	strand=+
3226_g               -            500 8053at5820           -            274   4.9e-09   33.8   5.8   3   3     1e-05    0.0016   15.7   1.0    69   127   378   439   373   499 0.74 length=500	scaffold=scaffold00929	strand=+
2862_g               -           1129 8053at5820           -            274   8.6e-09   33.0  29.7   1   6       8.1   1.3e+03   -3.7   0.1   209   260    27    78    11    82 0.65 length=1129	scaffold=scaffold00710	strand=-
2862_g               -           1129 8053at5820           -            274   8.6e-09   33.0  29.7   2   6   1.5e-06   0.00024   18.4   0.2    11    78   169   237   161   255 0.86 length=1129	scaffold=scaffold00710	strand=-
2862_g               -           1129 8053at5820           -            274   8.6e-09   33.0  29.7   3   6      0.23        36    1.5   0.0   206   264   352   411   345   421 0.82 length=1129	scaffold=scaffold00710	strand=-
2862_g               -           1129 8053at5820           -            274   8.6e-09   33.0  29.7   4   6     4e-05    0.0064   13.7   0.2   211   269   468   526   459   531 0.93 length=1129	scaffold=scaffold00710	strand=-
2862_g               -           1129 8053at5820           -            274   8.6e-09   33.0  29.7   5   6   4.1e-07   6.5e-05   20.3   0.3   178   272   603   697   561   699 0.83 length=1129	scaffold=scaffold00710	strand=-
2862_g               -           1129 8053at5820           -            274   8.6e-09   33.0  29.7   6   6       3.7   5.9e+02   -2.5   0.1    92   145   878   932   870   943 0.67 length=1129	scaffold=scaffold00710	strand=-
4136_g               -            212 8053at5820           -            274     1e-08   32.8   0.2   1   2   2.3e-07   3.6e-05   21.1   0.0    84   129   112   158   105   174 0.81 length=212	scaffold=scaffold01857	strand=-	adjustedToFrame=2
4136_g               -            212 8053at5820           -            274     1e-08   32.8   0.2   2   2   0.00059     0.095    9.9   0.0    65    98   176   210   157   211 0.84 length=212	scaffold=scaffold01857	strand=-	adjustedToFrame=2
1715_g               -            328 8053at5820           -            274     1e-06   26.2   2.1   1   4     0.022       3.5    4.8   0.1    68   126    21    80     4    93 0.49 length=328	scaffold=scaffold00278	strand=-
1715_g               -            328 8053at5820           -            274     1e-06   26.2   2.1   2   4     0.049       7.9    3.6   0.1    14    45    51    82    38   142 0.84 length=328	scaffold=scaffold00278	strand=-
1715_g               -            328 8053at5820           -            274     1e-06   26.2   2.1   3   4   4.5e-06   0.00071   16.9   0.5    61   131   146   219   139   252 0.81 length=328	scaffold=scaffold00278	strand=-
1715_g               -            328 8053at5820           -            274     1e-06   26.2   2.1   4   4       0.2        33    1.6   0.0    80   126   270   317   229   322 0.75 length=328	scaffold=scaffold00278	strand=-
3992_g               -            836 8053at5820           -            274   1.8e-06   25.4   8.9   1   2   9.2e-07   0.00015   19.1   0.9    12   125    67   200    58   202 0.59 length=836	scaffold=scaffold01579	strand=-
3992_g               -            836 8053at5820           -            274   1.8e-06   25.4   8.9   2   2     0.028       4.4    4.4   0.7   213   253   720   764   685   774 0.76 length=836	scaffold=scaffold01579	strand=-
3098_g               -            504 8053at5820           -            274   2.7e-06   24.8  11.5   1   4    0.0066       1.1    6.5   0.3    11   128    83   203    79   220 0.77 length=504	scaffold=scaffold00846	strand=-
3098_g               -            504 8053at5820           -            274   2.7e-06   24.8  11.5   2   4   0.00036     0.058   10.6   0.9    15   135   131   257   123   259 0.73 length=504	scaffold=scaffold00846	strand=-
3098_g               -            504 8053at5820           -            274   2.7e-06   24.8  11.5   3   4     2e-07   3.3e-05   21.3   1.0    50   106   252   309   248   325 0.84 length=504	scaffold=scaffold00846	strand=-
3098_g               -            504 8053at5820           -            274   2.7e-06   24.8  11.5   4   4       5.9   9.4e+02   -3.2   0.0   111   125   413   427   392   431 0.74 length=504	scaffold=scaffold00846	strand=-
2322_g               -            439 8053at5820           -            274   3.7e-06   24.4   7.1   1   3       5.7   9.1e+02   -3.2   0.0   113   127   159   173   145   179 0.56 length=439	scaffold=scaffold00471	strand=+
2322_g               -            439 8053at5820           -            274   3.7e-06   24.4   7.1   2   3   2.3e-06   0.00036   17.8   1.1    78   137   218   278   190   280 0.77 length=439	scaffold=scaffold00471	strand=+
2322_g               -            439 8053at5820           -            274   3.7e-06   24.4   7.1   3   3    0.0016      0.26    8.5   0.1   242   271   278   308   275   311 0.81 length=439	scaffold=scaffold00471	strand=+
3742_g               -            631 8053at5820           -            274   1.6e-05   22.3   0.4   1   2   0.00013     0.021   12.1   0.0   240   271    22    54    10    57 0.81 length=631	scaffold=scaffold01345	strand=-	adjustedToFrame=2
3742_g               -            631 8053at5820           -            274   1.6e-05   22.3   0.4   2   2    0.0032       0.5    7.5   0.0    27   245   126   196    98   241 0.60 length=631	scaffold=scaffold01345	strand=-	adjustedToFrame=2
3429_g               -            381 8053at5820           -            274   1.7e-05   22.2   3.3   1   3       4.4     7e+02   -2.8   0.1   210   231    12    33     5    41 0.79 length=381	scaffold=scaffold01078	strand=+
3429_g               -            381 8053at5820           -            274   1.7e-05   22.2   3.3   2   3   7.4e-07   0.00012   19.4   0.5     7    79   191   265   187   301 0.80 length=381	scaffold=scaffold01078	strand=+
3429_g               -            381 8053at5820           -            274   1.7e-05   22.2   3.3   3   3   0.00026     0.041   11.1   0.1    12    81   241   313   236   319 0.76 length=381	scaffold=scaffold01078	strand=+
1186_g               -            954 8053at5820           -            274   0.00012   19.4   0.7   1   3       1.4   2.3e+02   -1.2   0.0    16   223    68    87    48   104 0.59 length=954	scaffold=scaffold00157	strand=+
1186_g               -            954 8053at5820           -            274   0.00012   19.4   0.7   2   3   1.2e-05    0.0019   15.5   0.0   204   267   218   284   159   289 0.84 length=954	scaffold=scaffold00157	strand=+
1186_g               -            954 8053at5820           -            274   0.00012   19.4   0.7   3   3      0.65     1e+02   -0.0   0.0   108   127   418   437   392   447 0.84 length=954	scaffold=scaffold00157	strand=+
2767_g               -            616 8053at5820           -            274   0.00023   18.5   1.1   1   3       1.6   2.5e+02   -1.3   0.1   214   214   250   250   203   279 0.53 length=616	scaffold=scaffold00658	strand=-
2767_g               -            616 8053at5820           -            274   0.00023   18.5   1.1   2   3   1.4e-06   0.00023   18.5   1.1    69   119   372   421   367   449 0.74 length=616	scaffold=scaffold00658	strand=-
2767_g               -            616 8053at5820           -            274   0.00023   18.5   1.1   3   3      0.35        57    0.8   0.1   242   267   440   467   425   472 0.74 length=616	scaffold=scaffold00658	strand=-
2918_g               -            329 8053at5820           -            274   0.00064   17.0  12.2   1   1   1.8e-05    0.0029   14.9  11.1    18   264    18   253    11   262 0.77 length=329	scaffold=scaffold00739	strand=+
#
# Program:         hmmsearch
# Version:         3.1b2 (February 2015)
# Pipeline mode:   SEARCH
# Query file:      /export/home/bio1901/Documents/29_BINP/OrthoSearch/busco_downloads/lineages/plasmodium_odb10/hmms/8053at5820.hmm
# Target file:     Results/1_GeneSequences/PB.faa
# Option settings: /home/users/bio1901/miniconda3/envs/busco/bin/hmmsearch --domtblout /export/home/bio1901/Documents/29_BINP/OrthoSearch/PB/run_plasmodium_odb10/hmmer_output/8053at5820.out --cpu 1 /export/home/bio1901/Documents/29_BINP/OrthoSearch/busco_downloads/lineages/plasmodium_odb10/hmms/8053at5820.hmm Results/1_GeneSequences/PB.faa 
# Current dir:     /export/home/bio1901/Documents/29_BINP/OrthoSearch
# Date:            Sun Mar 15 18:15:07 2020
# [ok]
