#                                                                            --- full sequence --- -------------- this domain -------------   hmm coord   ali coord   env coord
# target name        accession   tlen query name           accession   qlen   E-value  score  bias   #  of  c-Evalue  i-Evalue  score  bias  from    to  from    to  from    to  acc description of target
#------------------- ---------- ----- -------------------- ---------- ----- --------- ------ ----- --- --- --------- --------- ------ ----- ----- ----- ----- ----- ----- ----- ---- ---------------------
159_g                -            313 8091at5820           -            238  1.9e-162  536.1  12.3   1   1  2.3e-164  2.5e-162  535.7  12.3     1   238    73   310    73   310 1.00 length=313	scaffold=scaffold00009	strand=-	adjustedToFrame=2
1275_g               -            518 8091at5820           -            238   4.5e-31  106.0   3.2   1   1   9.8e-33   1.1e-30  104.8   3.2     2   235    83   315    82   318 0.83 length=518	scaffold=scaffold00176	strand=-
3036_g               -           1000 8091at5820           -            238   8.3e-30  101.9   1.5   1   1   1.5e-31   1.6e-29  100.9   1.5    19   236   729   959   711   961 0.73 length=1000	scaffold=scaffold00809	strand=+	adjustedToFrame=2
3411_g               -            877 8091at5820           -            238   1.1e-29  101.5   0.3   1   1   2.3e-31   2.5e-29  100.3   0.0    33   234   592   800   578   802 0.82 length=877	scaffold=scaffold01062	strand=-	adjustedToFrame=2
61_g                 -            877 8091at5820           -            238   7.6e-21   72.6   2.1   1   2   5.9e-22   6.6e-20   69.5   1.1    19   142   494   619   478   636 0.88 length=877	scaffold=scaffold00003	strand=+
61_g                 -            877 8091at5820           -            238   7.6e-21   72.6   2.1   2   2      0.45        50    1.1   0.0   208   234   647   673   639   676 0.89 length=877	scaffold=scaffold00003	strand=+
1507_g               -           1229 8091at5820           -            238   8.1e-20   69.2   1.9   1   2   3.2e-18   3.5e-16   57.3   0.5    20   136    97   211    89   216 0.85 length=1229	scaffold=scaffold00229	strand=-
1507_g               -           1229 8091at5820           -            238   8.1e-20   69.2   1.9   2   2   0.00085     0.094   10.1   0.0   201   234   238   271   222   274 0.81 length=1229	scaffold=scaffold00229	strand=-
3015_g               -            760 8091at5820           -            238   3.3e-18   63.9   5.2   1   2   4.3e-19   4.8e-17   60.1   3.5     1   156   366   521   366   533 0.81 length=760	scaffold=scaffold00797	strand=-	adjustedToFrame=3
3015_g               -            760 8091at5820           -            238   3.3e-18   63.9   5.2   2   2      0.13        14    2.9   0.0   205   237   537   569   525   570 0.90 length=760	scaffold=scaffold00797	strand=-	adjustedToFrame=3
229_g                -           1128 8091at5820           -            238   4.2e-18   63.6   4.1   1   3   3.3e-09   3.6e-07   27.8   0.4    21    96   195   272   174   282 0.79 length=1128	scaffold=scaffold00016	strand=+
229_g                -           1128 8091at5820           -            238   4.2e-18   63.6   4.1   2   3   8.8e-06   0.00098   16.5   0.0    98   136   300   338   293   349 0.87 length=1128	scaffold=scaffold00016	strand=+
229_g                -           1128 8091at5820           -            238   4.2e-18   63.6   4.1   3   3     4e-06   0.00044   17.7   0.4   146   237   375   460   367   461 0.79 length=1128	scaffold=scaffold00016	strand=+
174_g                -           4436 8091at5820           -            238   4.4e-18   63.5   3.0   1   2       5.4     6e+02   -2.4   0.2   150   192  1067  1108  1061  1121 0.81 length=4436	scaffold=scaffold00011	strand=-
174_g                -           4436 8091at5820           -            238   4.4e-18   63.5   3.0   2   2     4e-20   4.4e-18   63.5   3.0    33   236  4201  4415  4185  4417 0.76 length=4436	scaffold=scaffold00011	strand=-
2376_g               -            462 8091at5820           -            238   6.6e-18   62.9   1.6   1   2     8e-17   8.9e-15   52.7   0.4     1   149   138   286   138   296 0.78 length=462	scaffold=scaffold00492	strand=-
2376_g               -            462 8091at5820           -            238   6.6e-18   62.9   1.6   2   2    0.0013      0.15    9.4   0.0   198   235   302   339   285   342 0.82 length=462	scaffold=scaffold00492	strand=-
825_g                -            769 8091at5820           -            238   8.3e-18   62.6   2.1   1   2   7.5e-18   8.3e-16   56.1   1.8    19   141    84   207    68   224 0.85 length=769	scaffold=scaffold00092	strand=+
825_g                -            769 8091at5820           -            238   8.3e-18   62.6   2.1   2   2     0.074       8.2    3.7   0.0   208   235   236   263   230   266 0.90 length=769	scaffold=scaffold00092	strand=+
588_g                -            577 8091at5820           -            238   9.3e-18   62.4   3.9   1   3       7.4   8.2e+02   -2.9   0.1   145   175   154   183   101   199 0.55 length=577	scaffold=scaffold00058	strand=-
588_g                -            577 8091at5820           -            238   9.3e-18   62.4   3.9   2   3   8.4e-20   9.3e-18   62.4   3.9     2   135   340   476   339   485 0.85 length=577	scaffold=scaffold00058	strand=-
588_g                -            577 8091at5820           -            238   9.3e-18   62.4   3.9   3   3      0.83        92    0.3   0.0   200   233   503   535   482   540 0.75 length=577	scaffold=scaffold00058	strand=-
1688_g               -            647 8091at5820           -            238   1.1e-17   62.3   0.6   1   2   2.5e-18   2.8e-16   57.6   0.1    39   237   204   421   178   422 0.80 length=647	scaffold=scaffold00271	strand=-
1688_g               -            647 8091at5820           -            238   1.1e-17   62.3   0.6   2   2       7.3   8.1e+02   -2.8   0.0   189   204   462   477   435   489 0.70 length=647	scaffold=scaffold00271	strand=-
2754_g               -           2003 8091at5820           -            238   2.8e-16   57.6   0.2   1   2   1.2e-15   1.3e-13   48.9   0.0    34   142  1719  1828  1685  1847 0.82 length=2003	scaffold=scaffold00652	strand=-	adjustedToFrame=3
2754_g               -           2003 8091at5820           -            238   2.8e-16   57.6   0.2   2   2     0.011       1.3    6.4   0.0   206   234  1857  1885  1837  1888 0.87 length=2003	scaffold=scaffold00652	strand=-	adjustedToFrame=3
1961_g               -            485 8091at5820           -            238   5.1e-15   53.5   1.5   1   2   5.4e-14   5.9e-12   43.4   0.9     1   148    95   244    95   262 0.78 length=485	scaffold=scaffold00349	strand=-
1961_g               -            485 8091at5820           -            238   5.1e-15   53.5   1.5   2   2    0.0034      0.37    8.1   0.0   204   234   266   296   258   299 0.91 length=485	scaffold=scaffold00349	strand=-
1696_g               -            415 8091at5820           -            238   1.4e-14   52.0   5.2   1   1   1.3e-16   1.4e-14   52.0   5.2    42   206   169   336   139   366 0.73 length=415	scaffold=scaffold00273	strand=-
667_g                -            544 8091at5820           -            238   1.5e-14   51.9   0.1   1   1   2.5e-16   2.8e-14   51.1   0.1    29   151   194   315   157   341 0.80 length=544	scaffold=scaffold00069	strand=-
2611_g               -           1579 8091at5820           -            238   9.8e-14   49.3   2.3   1   1   2.3e-15   2.5e-13   47.9   2.3     1   149  1193  1341  1193  1394 0.70 length=1579	scaffold=scaffold00584	strand=-
2166_g               -            585 8091at5820           -            238   1.7e-13   48.5   3.6   1   2   1.7e-09   1.9e-07   28.7   1.5    35    75   268   308   222   314 0.87 length=585	scaffold=scaffold00414	strand=+
2166_g               -            585 8091at5820           -            238   1.7e-13   48.5   3.6   2   2   1.3e-06   0.00015   19.3   0.0    78   129   527   578   504   582 0.91 length=585	scaffold=scaffold00414	strand=+
1282_g               -            569 8091at5820           -            238   1.8e-11   41.8   1.3   1   2       1.3   1.4e+02   -0.3   0.2   158   217    74   135    54   146 0.73 length=569	scaffold=scaffold00177	strand=+
1282_g               -            569 8091at5820           -            238   1.8e-11   41.8   1.3   2   2     5e-13   5.5e-11   40.3   0.1    42   158   356   466   346   484 0.85 length=569	scaffold=scaffold00177	strand=+
2604_g               -           1027 8091at5820           -            238   2.4e-11   41.5   0.1   1   1   7.5e-13   8.3e-11   39.7   0.1    33   143   786   895   753   908 0.78 length=1027	scaffold=scaffold00578	strand=-	adjustedToFrame=2
4028_g               -            733 8091at5820           -            238   9.7e-11   39.5   0.1   1   1     2e-12   2.2e-10   38.3   0.1    45   142   626   727   617   733 0.79 length=733	scaffold=scaffold01617	strand=-
347_g                -           1559 8091at5820           -            238   1.1e-10   39.3   2.5   1   2   0.00041     0.045   11.1   0.2    46    78  1119  1151  1075  1176 0.83 length=1559	scaffold=scaffold00028	strand=+
347_g                -           1559 8091at5820           -            238   1.1e-10   39.3   2.5   2   2   7.5e-09   8.3e-07   26.6   0.2    71   159  1328  1412  1319  1456 0.80 length=1559	scaffold=scaffold00028	strand=+
4034_g               -            619 8091at5820           -            238   2.5e-10   38.1   0.7   1   1   4.8e-12   5.3e-10   37.1   0.7    37   128   463   564   425   571 0.70 length=619	scaffold=scaffold01621	strand=-	adjustedToFrame=3
3843_g               -           1019 8091at5820           -            238   8.9e-10   36.3   3.2   1   3       9.9   1.1e+03   -3.3   0.7   153   205   204   257   197   264 0.65 length=1019	scaffold=scaffold01434	strand=-	adjustedToFrame=2
3843_g               -           1019 8091at5820           -            238   8.9e-10   36.3   3.2   2   3   1.4e-08   1.6e-06   25.7   0.1    43   149   698   813   686   875 0.74 length=1019	scaffold=scaffold01434	strand=-	adjustedToFrame=2
3843_g               -           1019 8091at5820           -            238   8.9e-10   36.3   3.2   3   3   0.00076     0.084   10.2   0.0   199   235   981  1017   967  1018 0.87 length=1019	scaffold=scaffold01434	strand=-	adjustedToFrame=2
3118_g               -            750 8091at5820           -            238     1e-09   36.1   0.4   1   1   6.5e-11   7.1e-09   33.4   0.4    39   235   539   739   512   742 0.68 length=750	scaffold=scaffold00857	strand=+
574_g                -           1016 8091at5820           -            238   1.1e-09   36.0   0.1   1   1   4.3e-11   4.8e-09   33.9   0.1    32   153   155   299   117   306 0.70 length=1016	scaffold=scaffold00057	strand=-
2410_g               -            133 8091at5820           -            238   1.5e-08   32.3   0.0   1   1   1.4e-10   1.6e-08   32.2   0.0    67   145     2    79     1   118 0.85 length=133	scaffold=scaffold00503	strand=-
2556_g               -            656 8091at5820           -            238   4.3e-08   30.8   4.8   1   1   8.9e-10   9.8e-08   29.6   4.8    20    93   516   592   485   630 0.86 length=656	scaffold=scaffold00556	strand=+
1269_g               -           2717 8091at5820           -            238   9.8e-08   29.6   5.9   1   2   1.1e-08   1.3e-06   26.0   1.2     1   144   170   333   170   373 0.65 length=2717	scaffold=scaffold00175	strand=-
1269_g               -           2717 8091at5820           -            238   9.8e-08   29.6   5.9   2   2      0.11        12    3.1   0.2    60   114   794   847   752   857 0.79 length=2717	scaffold=scaffold00175	strand=-
2396_g               -            275 8091at5820           -            238   6.4e-07   27.0   1.8   1   1   1.1e-08   1.2e-06   26.1   1.8     2   143    83   221    82   265 0.80 length=275	scaffold=scaffold00499	strand=-
2167_g               -            179 8091at5820           -            238     9e-07   26.5   0.7   1   2     3e-08   3.3e-06   24.6   0.1   138   237     7    98     1    99 0.76 length=179	scaffold=scaffold00414	strand=+
2167_g               -            179 8091at5820           -            238     9e-07   26.5   0.7   2   2       3.5   3.9e+02   -1.8   0.1    61    77   132   148   105   173 0.54 length=179	scaffold=scaffold00414	strand=+
1764_g               -            234 8091at5820           -            238   1.5e-06   25.7   0.0   1   2   1.7e-07   1.9e-05   22.1   0.0    76   154     9    91     1   112 0.75 length=234	scaffold=scaffold00292	strand=+	adjustedToFrame=2
1764_g               -            234 8091at5820           -            238   1.5e-06   25.7   0.0   2   2      0.35        39    1.5   0.0   208   234   111   137   100   140 0.88 length=234	scaffold=scaffold00292	strand=+	adjustedToFrame=2
1516_g               -           1695 8091at5820           -            238   2.9e-06   24.8   0.2   1   1   2.7e-08   2.9e-06   24.8   0.2    30   138  1507  1616  1494  1635 0.73 length=1695	scaffold=scaffold00231	strand=+
524_g                -           1487 8091at5820           -            238   1.6e-05   22.4   0.0   1   1     5e-07   5.6e-05   20.6   0.0    20    93   130   202   113   266 0.75 length=1487	scaffold=scaffold00051	strand=-
2345_g               -            307 8091at5820           -            238   2.7e-05   21.6   1.5   1   2   6.5e-06   0.00071   17.0   0.7    41   143   118   219   105   246 0.85 length=307	scaffold=scaffold00478	strand=+
2345_g               -            307 8091at5820           -            238   2.7e-05   21.6   1.5   2   2      0.12        13    3.0   0.0   206   233   249   276   244   280 0.89 length=307	scaffold=scaffold00478	strand=+
#
# Program:         hmmsearch
# Version:         3.1b2 (February 2015)
# Pipeline mode:   SEARCH
# Query file:      /export/home/bio1901/Documents/29_BINP/OrthoSearch/busco_downloads/lineages/plasmodium_odb10/hmms/8091at5820.hmm
# Target file:     Results/1_GeneSequences/PB.faa
# Option settings: /home/users/bio1901/miniconda3/envs/busco/bin/hmmsearch --domtblout /export/home/bio1901/Documents/29_BINP/OrthoSearch/PB/run_plasmodium_odb10/hmmer_output/8091at5820.out --cpu 1 /export/home/bio1901/Documents/29_BINP/OrthoSearch/busco_downloads/lineages/plasmodium_odb10/hmms/8091at5820.hmm Results/1_GeneSequences/PB.faa 
# Current dir:     /export/home/bio1901/Documents/29_BINP/OrthoSearch
# Date:            Sun Mar 15 18:15:09 2020
# [ok]
