#                                                                            --- full sequence --- -------------- this domain -------------   hmm coord   ali coord   env coord
# target name        accession   tlen query name           accession   qlen   E-value  score  bias   #  of  c-Evalue  i-Evalue  score  bias  from    to  from    to  from    to  acc description of target
#------------------- ---------- ----- -------------------- ---------- ----- --------- ------ ----- --- --- --------- --------- ------ ----- ----- ----- ----- ----- ----- ----- ---- ---------------------
3628_g               -           1490 8100at5820           -            858   3.5e-30  102.7  58.6   1  10     0.044   1.8e+02   -2.2   0.6   161   195    13    47     5    68 0.62 length=1490	scaffold=scaffold01237	strand=+	adjustedToFrame=2
3628_g               -           1490 8100at5820           -            858   3.5e-30  102.7  58.6   2  10      0.24   9.4e+02   -4.6   9.4     1    82    69   156    69   167 0.56 length=1490	scaffold=scaffold01237	strand=+	adjustedToFrame=2
3628_g               -           1490 8100at5820           -            858   3.5e-30  102.7  58.6   3  10   1.7e-06    0.0067   12.5  17.6    25   145   175   306   155   312 0.63 length=1490	scaffold=scaffold01237	strand=+	adjustedToFrame=2
3628_g               -           1490 8100at5820           -            858   3.5e-30  102.7  58.6   4  10   5.7e-08   0.00023   17.3   2.8    76   124   317   365   302   392 0.72 length=1490	scaffold=scaffold01237	strand=+	adjustedToFrame=2
3628_g               -           1490 8100at5820           -            858   3.5e-30  102.7  58.6   5  10     0.025        98   -1.3  37.3    72   232   415   597   399   613 0.58 length=1490	scaffold=scaffold01237	strand=+	adjustedToFrame=2
3628_g               -           1490 8100at5820           -            858   3.5e-30  102.7  58.6   6  10      0.21   8.3e+02   -4.4  10.4   181   236   750   805   745   813 0.80 length=1490	scaffold=scaffold01237	strand=+	adjustedToFrame=2
3628_g               -           1490 8100at5820           -            858   3.5e-30  102.7  58.6   7  10   7.9e-27   3.1e-23   79.7  27.5   196   355   903  1067   896  1095 0.78 length=1490	scaffold=scaffold01237	strand=+	adjustedToFrame=2
3628_g               -           1490 8100at5820           -            858   3.5e-30  102.7  58.6   8  10   7.6e-14     3e-10   36.8  12.6   354   447  1095  1193  1088  1226 0.61 length=1490	scaffold=scaffold01237	strand=+	adjustedToFrame=2
3628_g               -           1490 8100at5820           -            858   3.5e-30  102.7  58.6   9  10         1     4e+03  -13.9  16.7   408   460  1228  1280  1197  1298 0.43 length=1490	scaffold=scaffold01237	strand=+	adjustedToFrame=2
3628_g               -           1490 8100at5820           -            858   3.5e-30  102.7  58.6  10  10         1     4e+03  -14.2  17.1   408   465  1388  1445  1347  1486 0.46 length=1490	scaffold=scaffold01237	strand=+	adjustedToFrame=2
#
# Program:         hmmsearch
# Version:         3.1b2 (February 2015)
# Pipeline mode:   SEARCH
# Query file:      /export/home/bio1901/Documents/29_BINP/OrthoSearch/busco_downloads/lineages/plasmodium_odb10/hmms/8100at5820.hmm
# Target file:     Results/1_GeneSequences/PB.faa
# Option settings: /home/users/bio1901/miniconda3/envs/busco/bin/hmmsearch --domtblout /export/home/bio1901/Documents/29_BINP/OrthoSearch/PB/run_plasmodium_odb10/hmmer_output/8100at5820.out --cpu 1 /export/home/bio1901/Documents/29_BINP/OrthoSearch/busco_downloads/lineages/plasmodium_odb10/hmms/8100at5820.hmm Results/1_GeneSequences/PB.faa 
# Current dir:     /export/home/bio1901/Documents/29_BINP/OrthoSearch
# Date:            Sun Mar 15 18:15:20 2020
# [ok]
