#                                                                            --- full sequence --- -------------- this domain -------------   hmm coord   ali coord   env coord
# target name        accession   tlen query name           accession   qlen   E-value  score  bias   #  of  c-Evalue  i-Evalue  score  bias  from    to  from    to  from    to  acc description of target
#------------------- ---------- ----- -------------------- ---------- ----- --------- ------ ----- --- --- --------- --------- ------ ----- ----- ----- ----- ----- ----- ----- ---- ---------------------
1112_g               -           1658 8131at5820           -            332   6.8e-93  309.2  35.8   1   3   5.1e-96   6.8e-93  309.2  35.8   112   321    13   257     6   265 0.89 length=1658	scaffold=scaffold00143	strand=-
1112_g               -           1658 8131at5820           -            332   6.8e-93  309.2  35.8   2   3         3     4e+03   -9.6  12.8   195   287   382   477   371   497 0.64 length=1658	scaffold=scaffold00143	strand=-
1112_g               -           1658 8131at5820           -            332   6.8e-93  309.2  35.8   3   3         3     4e+03   -7.3   4.2    29    56  1360  1386  1344  1401 0.57 length=1658	scaffold=scaffold00143	strand=-
3973_g               -            303 8131at5820           -            332   7.1e-07   26.4   2.5   1   3    0.0024       3.2    4.6   0.0   188   225     4    41     2    54 0.88 length=303	scaffold=scaffold01556	strand=+
3973_g               -            303 8131at5820           -            332   7.1e-07   26.4   2.5   2   3   1.7e-07   0.00023   18.2   0.0   151   223    73   145    46   161 0.87 length=303	scaffold=scaffold01556	strand=+
3973_g               -            303 8131at5820           -            332   7.1e-07   26.4   2.5   3   3     0.012        16    2.3   0.3    49    95   155   200   143   232 0.72 length=303	scaffold=scaffold01556	strand=+
3050_g               -            332 8131at5820           -            332   1.4e-06   25.5   1.9   1   1   2.7e-09   3.6e-06   24.1   1.9    13   222    39   256    27   278 0.69 length=332	scaffold=scaffold00817	strand=+
#
# Program:         hmmsearch
# Version:         3.1b2 (February 2015)
# Pipeline mode:   SEARCH
# Query file:      /export/home/bio1901/Documents/29_BINP/OrthoSearch/busco_downloads/lineages/plasmodium_odb10/hmms/8131at5820.hmm
# Target file:     Results/1_GeneSequences/PB.faa
# Option settings: /home/users/bio1901/miniconda3/envs/busco/bin/hmmsearch --domtblout /export/home/bio1901/Documents/29_BINP/OrthoSearch/PB/run_plasmodium_odb10/hmmer_output/8131at5820.out --cpu 1 /export/home/bio1901/Documents/29_BINP/OrthoSearch/busco_downloads/lineages/plasmodium_odb10/hmms/8131at5820.hmm Results/1_GeneSequences/PB.faa 
# Current dir:     /export/home/bio1901/Documents/29_BINP/OrthoSearch
# Date:            Sun Mar 15 18:15:21 2020
# [ok]
