#                                                                            --- full sequence --- -------------- this domain -------------   hmm coord   ali coord   env coord
# target name        accession   tlen query name           accession   qlen   E-value  score  bias   #  of  c-Evalue  i-Evalue  score  bias  from    to  from    to  from    to  acc description of target
#------------------- ---------- ----- -------------------- ---------- ----- --------- ------ ----- --- --- --------- --------- ------ ----- ----- ----- ----- ----- ----- ----- ---- ---------------------
3490_g               -            349 8151at5820           -            356  4.6e-208  688.3  21.2   1   1    1e-208  8.3e-206  680.8  21.2     1   356     1   348     1   348 0.98 length=349	scaffold=scaffold01129	strand=-
1783_g               -           3409 8151at5820           -            356   1.3e-25   88.1   1.0   1   2       2.1   1.7e+03   -4.4   0.4   228   284  2044  2102  2026  2122 0.71 length=3409	scaffold=scaffold00297	strand=-
1783_g               -           3409 8151at5820           -            356   1.3e-25   88.1   1.0   2   2     4e-28   3.2e-25   86.8   0.0    61   133  3298  3380  3291  3386 0.86 length=3409	scaffold=scaffold00297	strand=-
1782_g               -            127 8151at5820           -            356   2.6e-25   87.1   0.6   1   1   3.8e-28     3e-25   86.9   0.6   259   355    15   117     3   118 0.90 length=127	scaffold=scaffold00297	strand=-
2254_g               -            800 8151at5820           -            356   4.4e-11   40.3   0.0   1   1   1.4e-13   1.1e-10   38.9   0.0    65   156   174   267   168   328 0.78 length=800	scaffold=scaffold00442	strand=-
3313_g               -            736 8151at5820           -            356     6e-07   26.7   0.0   1   2       0.7   5.6e+02   -2.8   2.2   180   212   341   373   294   381 0.69 length=736	scaffold=scaffold00987	strand=-
3313_g               -            736 8151at5820           -            356     6e-07   26.7   0.0   2   2   7.5e-10     6e-07   26.7   0.0    64   156   503   601   494   612 0.80 length=736	scaffold=scaffold00987	strand=-
#
# Program:         hmmsearch
# Version:         3.1b2 (February 2015)
# Pipeline mode:   SEARCH
# Query file:      /export/home/bio1901/Documents/29_BINP/OrthoSearch/busco_downloads/lineages/plasmodium_odb10/hmms/8151at5820.hmm
# Target file:     Results/1_GeneSequences/PB.faa
# Option settings: /home/users/bio1901/miniconda3/envs/busco/bin/hmmsearch --domtblout /export/home/bio1901/Documents/29_BINP/OrthoSearch/PB/run_plasmodium_odb10/hmmer_output/8151at5820.out --cpu 1 /export/home/bio1901/Documents/29_BINP/OrthoSearch/busco_downloads/lineages/plasmodium_odb10/hmms/8151at5820.hmm Results/1_GeneSequences/PB.faa 
# Current dir:     /export/home/bio1901/Documents/29_BINP/OrthoSearch
# Date:            Sun Mar 15 18:15:22 2020
# [ok]
