#                                                                            --- full sequence --- -------------- this domain -------------   hmm coord   ali coord   env coord
# target name        accession   tlen query name           accession   qlen   E-value  score  bias   #  of  c-Evalue  i-Evalue  score  bias  from    to  from    to  from    to  acc description of target
#------------------- ---------- ----- -------------------- ---------- ----- --------- ------ ----- --- --- --------- --------- ------ ----- ----- ----- ----- ----- ----- ----- ---- ---------------------
2414_g               -            205 8167at5820           -            291   2.6e-27   93.8   3.2   1   2     3e-24   5.8e-22   76.3   0.2   191   276     1    90     1   104 0.84 length=205	scaffold=scaffold00504	strand=+
2414_g               -            205 8167at5820           -            291   2.6e-27   93.8   3.2   2   2   1.4e-06   0.00026   18.3   0.3   234   276   163   202   153   204 0.84 length=205	scaffold=scaffold00504	strand=+
825_g                -            769 8167at5820           -            291   8.7e-27   92.1  11.7   1   3   4.6e-29   8.7e-27   92.1  11.7    12   281     6   263     3   270 0.85 length=769	scaffold=scaffold00092	strand=+
825_g                -            769 8167at5820           -            291   8.7e-27   92.1  11.7   2   3       5.4     1e+03   -3.3   2.3   130   163   367   399   296   415 0.62 length=769	scaffold=scaffold00092	strand=+
825_g                -            769 8167at5820           -            291   8.7e-27   92.1  11.7   3   3       7.8   1.5e+03   -3.8   9.9    35   149   638   754   609   759 0.68 length=769	scaffold=scaffold00092	strand=+
61_g                 -            877 8167at5820           -            291   3.5e-26   90.1  12.9   1   1     5e-28   9.5e-26   88.7  12.9     7   279   411   672   406   682 0.83 length=877	scaffold=scaffold00003	strand=+
2604_g               -           1027 8167at5820           -            291   3.1e-24   83.7   1.3   1   1   1.6e-26   3.1e-24   83.7   1.3    16   275   695   943   681   958 0.83 length=1027	scaffold=scaffold00578	strand=-	adjustedToFrame=2
2376_g               -            462 8167at5820           -            291   2.6e-23   80.7   5.9   1   2   1.3e-25   2.6e-23   80.7   5.9    67   281   123   339    79   347 0.80 length=462	scaffold=scaffold00492	strand=-
2376_g               -            462 8167at5820           -            291   2.6e-23   80.7   5.9   2   2       1.8   3.4e+02   -1.7   0.1    50    93   361   409   357   415 0.60 length=462	scaffold=scaffold00492	strand=-
1282_g               -            569 8167at5820           -            291   2.1e-20   71.2   0.0   1   1   1.1e-22   2.1e-20   71.2   0.0   134   269   361   498   347   516 0.82 length=569	scaffold=scaffold00177	strand=+
2611_g               -           1579 8167at5820           -            291   3.4e-20   70.5   9.2   1   3       4.7   8.9e+02   -3.1   3.6    36    79   222   264   198   274 0.73 length=1579	scaffold=scaffold00584	strand=-
2611_g               -           1579 8167at5820           -            291   3.4e-20   70.5   9.2   2   3   1.8e-22   3.4e-20   70.5   9.2    68   279  1179  1392  1151  1399 0.81 length=1579	scaffold=scaffold00584	strand=-
2611_g               -           1579 8167at5820           -            291   3.4e-20   70.5   9.2   3   3       7.9   1.5e+03   -3.9   0.6   125   189  1429  1500  1409  1510 0.63 length=1579	scaffold=scaffold00584	strand=-
3036_g               -           1000 8167at5820           -            291     8e-19   66.0   6.6   1   2   6.3e-18   1.2e-15   55.5   6.7    18   235   654   867   643   906 0.70 length=1000	scaffold=scaffold00809	strand=+	adjustedToFrame=2
3036_g               -           1000 8167at5820           -            291     8e-19   66.0   6.6   2   2    0.0021       0.4    7.9   0.0   231   279   910   956   901   961 0.78 length=1000	scaffold=scaffold00809	strand=+	adjustedToFrame=2
3015_g               -            760 8167at5820           -            291   8.2e-19   65.9  11.0   1   1   1.3e-20   2.5e-18   64.3  11.0    43   282   327   568   316   577 0.82 length=760	scaffold=scaffold00797	strand=-	adjustedToFrame=3
1961_g               -            485 8167at5820           -            291   2.3e-18   64.5   2.1   1   3   1.2e-20   2.3e-18   64.5   2.1    65   279    78   295    50   303 0.83 length=485	scaffold=scaffold00349	strand=-
1961_g               -            485 8167at5820           -            291   2.3e-18   64.5   2.1   2   3         4   7.6e+02   -2.9   0.0    51    69   365   383   331   387 0.81 length=485	scaffold=scaffold00349	strand=-
1961_g               -            485 8167at5820           -            291   2.3e-18   64.5   2.1   3   3       8.3   1.6e+03   -3.9   0.1   145   161   444   460   432   482 0.50 length=485	scaffold=scaffold00349	strand=-
3411_g               -            877 8167at5820           -            291   5.6e-18   63.2   0.1   1   2   9.4e-17   1.8e-14   51.7   0.0   123   264   595   741   585   764 0.81 length=877	scaffold=scaffold01062	strand=-	adjustedToFrame=2
3411_g               -            877 8167at5820           -            291   5.6e-18   63.2   0.1   2   2    0.0025      0.48    7.6   0.0   253   281   773   801   767   811 0.88 length=877	scaffold=scaffold01062	strand=-	adjustedToFrame=2
588_g                -            577 8167at5820           -            291   8.9e-18   62.5   9.2   1   1   1.3e-19   2.5e-17   61.1   9.2    72   287   323   543   301   547 0.74 length=577	scaffold=scaffold00058	strand=-
667_g                -            544 8167at5820           -            291   1.2e-16   58.8   0.7   1   2   6.2e-19   1.2e-16   58.8   0.7    63   284   146   369   128   375 0.80 length=544	scaffold=scaffold00069	strand=-
667_g                -            544 8167at5820           -            291   1.2e-16   58.8   0.7   2   2         4   7.6e+02   -2.9   0.8    25    59   456   490   451   499 0.79 length=544	scaffold=scaffold00069	strand=-
2951_g               -            907 8167at5820           -            291   3.3e-16   57.4   1.4   1   4       3.9   7.3e+02   -2.9   0.2   110   140    47    77    40   138 0.66 length=907	scaffold=scaffold00756	strand=+
2951_g               -            907 8167at5820           -            291   3.3e-16   57.4   1.4   2   4       4.6   8.6e+02   -3.1   0.4   238   264   365   393   358   428 0.60 length=907	scaffold=scaffold00756	strand=+
2951_g               -            907 8167at5820           -            291   3.3e-16   57.4   1.4   3   4       3.6   6.8e+02   -2.7   0.2   282   286   555   559   522   593 0.53 length=907	scaffold=scaffold00756	strand=+
2951_g               -            907 8167at5820           -            291   3.3e-16   57.4   1.4   4   4   1.7e-18   3.3e-16   57.4   1.4   110   224   764   884   754   895 0.84 length=907	scaffold=scaffold00756	strand=+
1275_g               -            518 8167at5820           -            291     2e-14   51.5  22.6   1   4   2.7e-15   5.1e-13   46.9   8.1    14   218    22   223    15   256 0.74 length=518	scaffold=scaffold00176	strand=-
1275_g               -            518 8167at5820           -            291     2e-14   51.5  22.6   2   4      0.82   1.6e+02   -0.6   0.1   132   157   259   286   228   287 0.76 length=518	scaffold=scaffold00176	strand=-
1275_g               -            518 8167at5820           -            291     2e-14   51.5  22.6   3   4   3.8e-05    0.0073   13.6   0.4   250   280   284   314   258   328 0.78 length=518	scaffold=scaffold00176	strand=-
1275_g               -            518 8167at5820           -            291     2e-14   51.5  22.6   4   4       2.5   4.7e+02   -2.2   1.2    48    84   385   424   370   437 0.68 length=518	scaffold=scaffold00176	strand=-
1507_g               -           1229 8167at5820           -            291   2.3e-13   48.0  13.3   1   4   1.2e-15   2.3e-13   48.0  13.3    16   273     9   264     2   277 0.69 length=1229	scaffold=scaffold00229	strand=-
1507_g               -           1229 8167at5820           -            291   2.3e-13   48.0  13.3   2   4       8.5   1.6e+03   -4.0   5.7    49   118   375   448   344   503 0.78 length=1229	scaffold=scaffold00229	strand=-
1507_g               -           1229 8167at5820           -            291   2.3e-13   48.0  13.3   3   4      0.49        94    0.1   0.7   164   237  1055  1122  1028  1161 0.66 length=1229	scaffold=scaffold00229	strand=-
1507_g               -           1229 8167at5820           -            291   2.3e-13   48.0  13.3   4   4       3.5   6.7e+02   -2.7   1.7    79   117  1149  1187  1089  1198 0.45 length=1229	scaffold=scaffold00229	strand=-
1764_g               -            234 8167at5820           -            291   4.6e-12   43.8   0.0   1   1   3.7e-14   7.1e-12   43.1   0.0   166   280    12   137     1   149 0.77 length=234	scaffold=scaffold00292	strand=+	adjustedToFrame=2
159_g                -            313 8167at5820           -            291   1.6e-11   42.0   4.1   1   3       3.1     6e+02   -2.6   0.0    15    30    43    58    27    64 0.79 length=313	scaffold=scaffold00009	strand=-	adjustedToFrame=2
159_g                -            313 8167at5820           -            291   1.6e-11   42.0   4.1   2   3   1.8e-13   3.5e-11   40.9   0.6   128   224   113   214    92   245 0.79 length=313	scaffold=scaffold00009	strand=-	adjustedToFrame=2
159_g                -            313 8167at5820           -            291   1.6e-11   42.0   4.1   3   3      0.16        31    1.7   0.0   250   279   276   305   244   311 0.85 length=313	scaffold=scaffold00009	strand=-	adjustedToFrame=2
1643_g               -            839 8167at5820           -            291   1.4e-10   38.9  17.9   1   2   7.5e-13   1.4e-10   38.9  17.9    10   273    16   288    10   312 0.71 length=839	scaffold=scaffold00260	strand=+
1643_g               -            839 8167at5820           -            291   1.4e-10   38.9  17.9   2   2       6.5   1.2e+03   -3.6   3.4    34    94   696   757   687   780 0.64 length=839	scaffold=scaffold00260	strand=+
1688_g               -            647 8167at5820           -            291   1.5e-09   35.5   1.8   1   3   3.9e-07   7.3e-05   20.1   0.0   124   173   202   254   162   262 0.76 length=647	scaffold=scaffold00271	strand=-
1688_g               -            647 8167at5820           -            291   1.5e-09   35.5   1.8   2   3       1.4   2.8e+02   -1.5   0.2    54    92   285   323   272   374 0.70 length=647	scaffold=scaffold00271	strand=-
1688_g               -            647 8167at5820           -            291   1.5e-09   35.5   1.8   3   3   4.9e-05    0.0094   13.2   0.0   252   281   390   419   368   425 0.88 length=647	scaffold=scaffold00271	strand=-
2410_g               -            133 8167at5820           -            291   8.2e-07   26.5   0.0   1   1     5e-09   9.6e-07   26.3   0.0   155   276     2   128     1   132 0.75 length=133	scaffold=scaffold00503	strand=-
#
# Program:         hmmsearch
# Version:         3.1b2 (February 2015)
# Pipeline mode:   SEARCH
# Query file:      /export/home/bio1901/Documents/29_BINP/OrthoSearch/busco_downloads/lineages/plasmodium_odb10/hmms/8167at5820.hmm
# Target file:     Results/1_GeneSequences/PB.faa
# Option settings: /home/users/bio1901/miniconda3/envs/busco/bin/hmmsearch --domtblout /export/home/bio1901/Documents/29_BINP/OrthoSearch/PB/run_plasmodium_odb10/hmmer_output/8167at5820.out --cpu 1 /export/home/bio1901/Documents/29_BINP/OrthoSearch/busco_downloads/lineages/plasmodium_odb10/hmms/8167at5820.hmm Results/1_GeneSequences/PB.faa 
# Current dir:     /export/home/bio1901/Documents/29_BINP/OrthoSearch
# Date:            Sun Mar 15 18:15:25 2020
# [ok]
