#                                                                            --- full sequence --- -------------- this domain -------------   hmm coord   ali coord   env coord
# target name        accession   tlen query name           accession   qlen   E-value  score  bias   #  of  c-Evalue  i-Evalue  score  bias  from    to  from    to  from    to  acc description of target
#------------------- ---------- ----- -------------------- ---------- ----- --------- ------ ----- --- --- --------- --------- ------ ----- ----- ----- ----- ----- ----- ----- ---- ---------------------
2092_g               -           1584 8232at5820           -            323   3.5e-25   86.7  13.9   1   8         2     4e+03   -8.3   7.7   224   266   292   337   284   342 0.49 length=1584	scaffold=scaffold00389	strand=+
2092_g               -           1584 8232at5820           -            323   3.5e-25   86.7  13.9   2   8       0.2   3.9e+02   -2.2   1.8    32    76   365   412   352   448 0.58 length=1584	scaffold=scaffold00389	strand=+
2092_g               -           1584 8232at5820           -            323   3.5e-25   86.7  13.9   3   8       1.9   3.9e+03   -5.4   2.2     8    52   461   511   457   513 0.52 length=1584	scaffold=scaffold00389	strand=+
2092_g               -           1584 8232at5820           -            323   3.5e-25   86.7  13.9   4   8       1.3   2.5e+03   -4.8   3.0   213   258   778   824   772   886 0.57 length=1584	scaffold=scaffold00389	strand=+
2092_g               -           1584 8232at5820           -            323   3.5e-25   86.7  13.9   5   8     0.044        87   -0.0   2.7   233   288  1086  1145  1075  1157 0.69 length=1584	scaffold=scaffold00389	strand=+
2092_g               -           1584 8232at5820           -            323   3.5e-25   86.7  13.9   6   8      0.12   2.3e+02   -1.4   2.5   200   281  1182  1219  1174  1256 0.57 length=1584	scaffold=scaffold00389	strand=+
2092_g               -           1584 8232at5820           -            323   3.5e-25   86.7  13.9   7   8   6.4e-08   0.00013   19.2   1.1    84   153  1274  1360  1260  1377 0.69 length=1584	scaffold=scaffold00389	strand=+
2092_g               -           1584 8232at5820           -            323   3.5e-25   86.7  13.9   8   8   3.8e-27   7.6e-24   82.3   5.8   173   294  1448  1568  1434  1583 0.83 length=1584	scaffold=scaffold00389	strand=+
3433_g               -            161 8232at5820           -            323   2.2e-22   77.6   4.2   1   1   1.2e-25   2.5e-22   77.4   4.2   178   289    35   146     8   159 0.81 length=161	scaffold=scaffold01080	strand=-	adjustedToFrame=2
#
# Program:         hmmsearch
# Version:         3.1b2 (February 2015)
# Pipeline mode:   SEARCH
# Query file:      /export/home/bio1901/Documents/29_BINP/OrthoSearch/busco_downloads/lineages/plasmodium_odb10/hmms/8232at5820.hmm
# Target file:     Results/1_GeneSequences/PB.faa
# Option settings: /home/users/bio1901/miniconda3/envs/busco/bin/hmmsearch --domtblout /export/home/bio1901/Documents/29_BINP/OrthoSearch/PB/run_plasmodium_odb10/hmmer_output/8232at5820.out --cpu 1 /export/home/bio1901/Documents/29_BINP/OrthoSearch/busco_downloads/lineages/plasmodium_odb10/hmms/8232at5820.hmm Results/1_GeneSequences/PB.faa 
# Current dir:     /export/home/bio1901/Documents/29_BINP/OrthoSearch
# Date:            Sun Mar 15 18:15:32 2020
# [ok]
