#                                                                            --- full sequence --- -------------- this domain -------------   hmm coord   ali coord   env coord
# target name        accession   tlen query name           accession   qlen   E-value  score  bias   #  of  c-Evalue  i-Evalue  score  bias  from    to  from    to  from    to  acc description of target
#------------------- ---------- ----- -------------------- ---------- ----- --------- ------ ----- --- --- --------- --------- ------ ----- ----- ----- ----- ----- ----- ----- ---- ---------------------
496_g                -            605 8245at5820           -            276   1.5e-08   32.2   5.4   1   4      0.31   3.1e+02   -1.7   0.2    91   143   234   289   224   304 0.72 length=605	scaffold=scaffold00046	strand=+
496_g                -            605 8245at5820           -            276   1.5e-08   32.2   5.4   2   4     0.049        48    1.0   0.2   118   154   299   340   294   355 0.75 length=605	scaffold=scaffold00046	strand=+
496_g                -            605 8245at5820           -            276   1.5e-08   32.2   5.4   3   4     0.014        14    2.8   0.0   123   192   380   412   370   418 0.56 length=605	scaffold=scaffold00046	strand=+
496_g                -            605 8245at5820           -            276   1.5e-08   32.2   5.4   4   4   2.9e-10   2.9e-07   27.9   0.1   124   203   423   508   417   552 0.88 length=605	scaffold=scaffold00046	strand=+
3672_g               -            522 8245at5820           -            276   1.2e-07   29.1   3.1   1   2      0.23   2.3e+02   -1.2   0.0   151   207    49    73    30   115 0.60 length=522	scaffold=scaffold01278	strand=-
3672_g               -            522 8245at5820           -            276   1.2e-07   29.1   3.1   2   2   1.3e-10   1.2e-07   29.1   3.1   125   242   265   387   218   412 0.82 length=522	scaffold=scaffold01278	strand=-
2983_g               -            732 8245at5820           -            276   0.00021   18.6   4.2   1   2   1.1e-06    0.0011   16.3   0.8   112   192    38   127    17   129 0.75 length=732	scaffold=scaffold00774	strand=-
2983_g               -            732 8245at5820           -            276   0.00021   18.6   4.2   2   2    0.0011       1.1    6.4   1.1   124   194    97   173    92   180 0.69 length=732	scaffold=scaffold00774	strand=-
1715_g               -            328 8245at5820           -            276     0.002   15.3   0.2   1   3    0.0034       3.4    4.8   0.1   139   215    23   102     7   146 0.70 length=328	scaffold=scaffold00278	strand=-
1715_g               -            328 8245at5820           -            276     0.002   15.3   0.2   2   3   0.00036      0.36    8.0   0.0   121   154   179   212   159   227 0.83 length=328	scaffold=scaffold00278	strand=-
1715_g               -            328 8245at5820           -            276     0.002   15.3   0.2   3   3      0.51   5.1e+02   -2.4   0.0   135   159   253   279   243   299 0.65 length=328	scaffold=scaffold00278	strand=-
#
# Program:         hmmsearch
# Version:         3.1b2 (February 2015)
# Pipeline mode:   SEARCH
# Query file:      /export/home/bio1901/Documents/29_BINP/OrthoSearch/busco_downloads/lineages/plasmodium_odb10/hmms/8245at5820.hmm
# Target file:     Results/1_GeneSequences/PB.faa
# Option settings: /home/users/bio1901/miniconda3/envs/busco/bin/hmmsearch --domtblout /export/home/bio1901/Documents/29_BINP/OrthoSearch/PB/run_plasmodium_odb10/hmmer_output/8245at5820.out --cpu 1 /export/home/bio1901/Documents/29_BINP/OrthoSearch/busco_downloads/lineages/plasmodium_odb10/hmms/8245at5820.hmm Results/1_GeneSequences/PB.faa 
# Current dir:     /export/home/bio1901/Documents/29_BINP/OrthoSearch
# Date:            Sun Mar 15 18:15:32 2020
# [ok]
