#                                                                            --- full sequence --- -------------- this domain -------------   hmm coord   ali coord   env coord
# target name        accession   tlen query name           accession   qlen   E-value  score  bias   #  of  c-Evalue  i-Evalue  score  bias  from    to  from    to  from    to  acc description of target
#------------------- ---------- ----- -------------------- ---------- ----- --------- ------ ----- --- --- --------- --------- ------ ----- ----- ----- ----- ----- ----- ----- ---- ---------------------
1407_g               -           2295 828at5820            -           1161  1.7e-188  626.8  90.7   1  10     1e-14   2.1e-11   40.3   6.8   330   393    16    79     1    94 0.84 length=2295	scaffold=scaffold00206	strand=-
1407_g               -           2295 828at5820            -           1161  1.7e-188  626.8  90.7   2  10     0.011        22    0.4   0.3   567   687   113   233   105   234 0.84 length=2295	scaffold=scaffold00206	strand=-
1407_g               -           2295 828at5820            -           1161  1.7e-188  626.8  90.7   3  10   6.2e-21   1.2e-17   60.9   9.5   380   461   233   315   199   334 0.83 length=2295	scaffold=scaffold00206	strand=-
1407_g               -           2295 828at5820            -           1161  1.7e-188  626.8  90.7   4  10   1.8e-21   3.7e-18   62.6   4.8   454   562   504   622   488   643 0.86 length=2295	scaffold=scaffold00206	strand=-
1407_g               -           2295 828at5820            -           1161  1.7e-188  626.8  90.7   5  10     4e-83   7.9e-80  266.9  31.4   621   961   886  1237   748  1253 0.86 length=2295	scaffold=scaffold00206	strand=-
1407_g               -           2295 828at5820            -           1161  1.7e-188  626.8  90.7   6  10         2     4e+03  -19.8  20.5   567   602  1343  1378  1335  1391 0.56 length=2295	scaffold=scaffold00206	strand=-
1407_g               -           2295 828at5820            -           1161  1.7e-188  626.8  90.7   7  10      0.11   2.1e+02   -2.8   0.4    29   172  1403  1550  1396  1560 0.75 length=2295	scaffold=scaffold00206	strand=-
1407_g               -           2295 828at5820            -           1161  1.7e-188  626.8  90.7   8  10       1.2   2.4e+03   -6.3   4.7   578   615  1635  1676  1619  1716 0.56 length=2295	scaffold=scaffold00206	strand=-
1407_g               -           2295 828at5820            -           1161  1.7e-188  626.8  90.7   9  10   2.1e-81   4.2e-78  261.1   6.3   977  1155  1829  2006  1800  2009 0.97 length=2295	scaffold=scaffold00206	strand=-
1407_g               -           2295 828at5820            -           1161  1.7e-188  626.8  90.7  10  10         2     4e+03   -8.4  10.6   669   768  2136  2239  2080  2269 0.77 length=2295	scaffold=scaffold00206	strand=-
1408_g               -            519 828at5820            -           1161   1.8e-29  100.1  53.1   1   4   9.2e-28   1.8e-24   83.5   9.1     1   133     1   136     1   155 0.93 length=519	scaffold=scaffold00206	strand=-
1408_g               -            519 828at5820            -           1161   1.8e-29  100.1  53.1   2   4   3.2e-11   6.5e-08   28.7   2.1   134   185   239   289   202   316 0.69 length=519	scaffold=scaffold00206	strand=-
1408_g               -            519 828at5820            -           1161   1.8e-29  100.1  53.1   3   4       1.2   2.4e+03   -6.3   9.8   566   615   361   413   347   428 0.59 length=519	scaffold=scaffold00206	strand=-
1408_g               -            519 828at5820            -           1161   1.8e-29  100.1  53.1   4   4   2.1e-06    0.0043   12.7   8.7   202   257   428   493   416   508 0.78 length=519	scaffold=scaffold00206	strand=-
#
# Program:         hmmsearch
# Version:         3.1b2 (February 2015)
# Pipeline mode:   SEARCH
# Query file:      /export/home/bio1901/Documents/29_BINP/OrthoSearch/busco_downloads/lineages/plasmodium_odb10/hmms/828at5820.hmm
# Target file:     Results/1_GeneSequences/PB.faa
# Option settings: /home/users/bio1901/miniconda3/envs/busco/bin/hmmsearch --domtblout /export/home/bio1901/Documents/29_BINP/OrthoSearch/PB/run_plasmodium_odb10/hmmer_output/828at5820.out --cpu 1 /export/home/bio1901/Documents/29_BINP/OrthoSearch/busco_downloads/lineages/plasmodium_odb10/hmms/828at5820.hmm Results/1_GeneSequences/PB.faa 
# Current dir:     /export/home/bio1901/Documents/29_BINP/OrthoSearch
# Date:            Sun Mar 15 18:15:33 2020
# [ok]
