#                                                                            --- full sequence --- -------------- this domain -------------   hmm coord   ali coord   env coord
# target name        accession   tlen query name           accession   qlen   E-value  score  bias   #  of  c-Evalue  i-Evalue  score  bias  from    to  from    to  from    to  acc description of target
#------------------- ---------- ----- -------------------- ---------- ----- --------- ------ ----- --- --- --------- --------- ------ ----- ----- ----- ----- ----- ----- ----- ---- ---------------------
693_g                -            478 8306at5820           -            317  3.4e-134  445.0  43.5   1   2   1.3e-27   6.5e-25   86.0   4.4     2   110     8   128     7   147 0.82 length=478	scaffold=scaffold00073	strand=-
693_g                -            478 8306at5820           -            317  3.4e-134  445.0  43.5   2   2  1.5e-112  7.3e-110  365.1  31.1    37   317   183   477   176   477 0.82 length=478	scaffold=scaffold00073	strand=-
496_g                -            605 8306at5820           -            317   3.8e-13   47.3  11.4   1   5       1.1   5.4e+02   -2.5   0.1   105   128    59    83    40    92 0.76 length=605	scaffold=scaffold00046	strand=+
496_g                -            605 8306at5820           -            317   3.8e-13   47.3  11.4   2   5      0.77   3.9e+02   -2.0   0.1    64    83   274   293   214   312 0.57 length=605	scaffold=scaffold00046	strand=+
496_g                -            605 8306at5820           -            317   3.8e-13   47.3  11.4   3   5   6.1e-12   3.1e-09   34.4   1.2   136   255   382   498   364   504 0.86 length=605	scaffold=scaffold00046	strand=+
496_g                -            605 8306at5820           -            317   3.8e-13   47.3  11.4   4   5   1.9e-09   9.6e-07   26.2   3.1   164   252   452   538   445   561 0.86 length=605	scaffold=scaffold00046	strand=+
496_g                -            605 8306at5820           -            317   3.8e-13   47.3  11.4   5   5    0.0076       3.8    4.6   1.1   171   251   502   579   495   582 0.64 length=605	scaffold=scaffold00046	strand=+
3226_g               -            500 8306at5820           -            317   1.3e-07   29.1   4.2   1   2     0.052        26    1.8   0.0   188   211   245   269   224   275 0.73 length=500	scaffold=scaffold00929	strand=+
3226_g               -            500 8306at5820           -            317   1.3e-07   29.1   4.2   2   2   3.6e-09   1.8e-06   25.4   3.4   131   250   309   434   300   498 0.77 length=500	scaffold=scaffold00929	strand=+
2322_g               -            439 8306at5820           -            317   2.4e-07   28.2   0.4   1   5      0.16        82    0.2   0.2   249   280    28    60    23    77 0.76 length=439	scaffold=scaffold00471	strand=+
2322_g               -            439 8306at5820           -            317   2.4e-07   28.2   0.4   2   5     0.055        27    1.8   0.7    37    95   116   173    78   210 0.74 length=439	scaffold=scaffold00471	strand=+
2322_g               -            439 8306at5820           -            317   2.4e-07   28.2   0.4   3   5   4.8e-10   2.4e-07   28.2   0.4   179   254   237   311   225   324 0.91 length=439	scaffold=scaffold00471	strand=+
2322_g               -            439 8306at5820           -            317   2.4e-07   28.2   0.4   4   5      0.78   3.9e+02   -2.0   0.0   191   211   334   354   309   359 0.77 length=439	scaffold=scaffold00471	strand=+
2322_g               -            439 8306at5820           -            317   2.4e-07   28.2   0.4   5   5       2.2   1.1e+03   -3.5   0.0   177   208   384   414   372   420 0.50 length=439	scaffold=scaffold00471	strand=+
1383_g               -            364 8306at5820           -            317   1.5e-05   22.4   1.5   1   2     0.025        12    2.9   1.1   167   214   126   172    44   195 0.81 length=364	scaffold=scaffold00201	strand=+
1383_g               -            364 8306at5820           -            317   1.5e-05   22.4   1.5   2   2   2.9e-08   1.5e-05   22.4   1.5   150   248   198   295   184   311 0.86 length=364	scaffold=scaffold00201	strand=+
2289_g               -            834 8306at5820           -            317   5.8e-05   20.4   5.1   1   2   5.7e-05     0.028   11.6   0.9    95   246   444   602   392   621 0.69 length=834	scaffold=scaffold00456	strand=+
2289_g               -            834 8306at5820           -            317   5.8e-05   20.4   5.1   2   2   0.00014     0.068   10.3   0.2   176   259   669   758   650   772 0.80 length=834	scaffold=scaffold00456	strand=+
4136_g               -            212 8306at5820           -            317    0.0041   14.3   0.0   1   1     2e-05    0.0098   13.1   0.0   175   258   121   201   106   208 0.79 length=212	scaffold=scaffold01857	strand=-	adjustedToFrame=2
1715_g               -            328 8306at5820           -            317    0.0086   13.3   2.3   1   3     0.056        28    1.7   0.0   230   256    16    41     6    61 0.82 length=328	scaffold=scaffold00278	strand=-
1715_g               -            328 8306at5820           -            317    0.0086   13.3   2.3   2   3      0.42   2.1e+02   -1.2   0.0    32   211   102   131    59   150 0.56 length=328	scaffold=scaffold00278	strand=-
1715_g               -            328 8306at5820           -            317    0.0086   13.3   2.3   3   3   0.00016     0.079   10.1   0.2   170   212   174   216   151   225 0.80 length=328	scaffold=scaffold00278	strand=-
#
# Program:         hmmsearch
# Version:         3.1b2 (February 2015)
# Pipeline mode:   SEARCH
# Query file:      /export/home/bio1901/Documents/29_BINP/OrthoSearch/busco_downloads/lineages/plasmodium_odb10/hmms/8306at5820.hmm
# Target file:     Results/1_GeneSequences/PB.faa
# Option settings: /home/users/bio1901/miniconda3/envs/busco/bin/hmmsearch --domtblout /export/home/bio1901/Documents/29_BINP/OrthoSearch/PB/run_plasmodium_odb10/hmmer_output/8306at5820.out --cpu 1 /export/home/bio1901/Documents/29_BINP/OrthoSearch/busco_downloads/lineages/plasmodium_odb10/hmms/8306at5820.hmm Results/1_GeneSequences/PB.faa 
# Current dir:     /export/home/bio1901/Documents/29_BINP/OrthoSearch
# Date:            Sun Mar 15 18:15:34 2020
# [ok]
