#                                                                            --- full sequence --- -------------- this domain -------------   hmm coord   ali coord   env coord
# target name        accession   tlen query name           accession   qlen   E-value  score  bias   #  of  c-Evalue  i-Evalue  score  bias  from    to  from    to  from    to  acc description of target
#------------------- ---------- ----- -------------------- ---------- ----- --------- ------ ----- --- --- --------- --------- ------ ----- ----- ----- ----- ----- ----- ----- ---- ---------------------
2232_g               -            620 8326at5820           -            292     4e-90  300.0   4.7   1   1   1.1e-92   5.7e-90  299.5   4.7    28   287   327   592   310   597 0.95 length=620	scaffold=scaffold00433	strand=-
3368_g               -            303 8326at5820           -            292   2.1e-86  287.8   4.6   1   1   5.1e-89   2.6e-86  287.5   4.6    28   291    14   277     8   278 0.98 length=303	scaffold=scaffold01030	strand=+	adjustedToFrame=3
787_g                -            309 8326at5820           -            292   7.2e-77  256.5   0.8   1   1   1.8e-79   9.2e-77  256.1   0.8    28   287    21   281     4   286 0.96 length=309	scaffold=scaffold00087	strand=+
3797_g               -            589 8326at5820           -            292   3.1e-68  228.1   0.9   1   1   9.2e-71   4.6e-68  227.6   0.9    41   286    61   321    47   327 0.90 length=589	scaffold=scaffold01392	strand=-
500_g                -            857 8326at5820           -            292   6.4e-68  227.1   0.8   1   1   4.3e-70   2.1e-67  225.4   0.8    31   283   545   832   524   840 0.82 length=857	scaffold=scaffold00047	strand=-
1042_g               -            633 8326at5820           -            292   2.9e-65  218.4   1.3   1   1     1e-67   5.2e-65  217.6   1.3    50   282   365   598   327   605 0.91 length=633	scaffold=scaffold00128	strand=-
3210_g               -           1816 8326at5820           -            292   2.2e-35  120.3   9.6   1   2   0.00019     0.096    9.9   0.1    41    82   792   833   779   842 0.80 length=1816	scaffold=scaffold00920	strand=-	adjustedToFrame=2
3210_g               -           1816 8326at5820           -            292   2.2e-35  120.3   9.6   2   2   9.3e-34   4.6e-31  106.1   6.3    82   279   928  1164   920  1171 0.75 length=1816	scaffold=scaffold00920	strand=-	adjustedToFrame=2
2780_g               -            865 8326at5820           -            292   3.5e-17   60.6   0.5   1   2     7e-20   3.5e-17   60.6   0.5   155   285    86   218     5   224 0.78 length=865	scaffold=scaffold00666	strand=-
2780_g               -            865 8326at5820           -            292   3.5e-17   60.6   0.5   2   2       1.7   8.5e+02   -3.1   0.2    24    45   539   560   535   576 0.78 length=865	scaffold=scaffold00666	strand=-
#
# Program:         hmmsearch
# Version:         3.1b2 (February 2015)
# Pipeline mode:   SEARCH
# Query file:      /export/home/bio1901/Documents/29_BINP/OrthoSearch/busco_downloads/lineages/plasmodium_odb10/hmms/8326at5820.hmm
# Target file:     Results/1_GeneSequences/PB.faa
# Option settings: /home/users/bio1901/miniconda3/envs/busco/bin/hmmsearch --domtblout /export/home/bio1901/Documents/29_BINP/OrthoSearch/PB/run_plasmodium_odb10/hmmer_output/8326at5820.out --cpu 1 /export/home/bio1901/Documents/29_BINP/OrthoSearch/busco_downloads/lineages/plasmodium_odb10/hmms/8326at5820.hmm Results/1_GeneSequences/PB.faa 
# Current dir:     /export/home/bio1901/Documents/29_BINP/OrthoSearch
# Date:            Sun Mar 15 18:15:34 2020
# [ok]
