#                                                                            --- full sequence --- -------------- this domain -------------   hmm coord   ali coord   env coord
# target name        accession   tlen query name           accession   qlen   E-value  score  bias   #  of  c-Evalue  i-Evalue  score  bias  from    to  from    to  from    to  acc description of target
#------------------- ---------- ----- -------------------- ---------- ----- --------- ------ ----- --- --- --------- --------- ------ ----- ----- ----- ----- ----- ----- ----- ---- ---------------------
779_g                -            317 8409at5820           -            316   1.1e-20   72.3   1.4   1   1   8.8e-23   2.3e-20   71.2   1.4     2   120     9   125     8   135 0.89 length=317	scaffold=scaffold00085	strand=-
3003_g               -            377 8409at5820           -            316   3.2e-16   57.6   0.5   1   1   1.9e-18   5.2e-16   57.0   0.5    45   112    39   106     2   114 0.93 length=377	scaffold=scaffold00786	strand=-
747_g                -            281 8409at5820           -            316   8.1e-16   56.3   2.3   1   1     3e-18   8.1e-16   56.3   2.3     2   110     2   108     1   153 0.83 length=281	scaffold=scaffold00080	strand=-
2807_g               -            663 8409at5820           -            316   8.5e-16   56.2   1.3   1   1     6e-18   1.6e-15   55.3   1.3    40   118   178   256   172   272 0.89 length=663	scaffold=scaffold00682	strand=-
1082_g               -            248 8409at5820           -            316   1.1e-13   49.3   0.4   1   1   5.9e-16   1.6e-13   48.8   0.4    48   115     6    75     2    90 0.88 length=248	scaffold=scaffold00136	strand=+
40_g                 -            737 8409at5820           -            316   1.3e-13   49.1   0.2   1   1   8.8e-16   2.3e-13   48.2   0.2    45   115    65   135    57   142 0.93 length=737	scaffold=scaffold00002	strand=-
4001_g               -            499 8409at5820           -            316   4.3e-13   47.4   0.4   1   2   1.6e-15   4.3e-13   47.4   0.4    43   118   156   231   151   247 0.88 length=499	scaffold=scaffold01586	strand=+	adjustedToFrame=3
4001_g               -            499 8409at5820           -            316   4.3e-13   47.4   0.4   2   2       2.8   7.3e+02   -2.7   0.3   212   267   419   482   401   490 0.52 length=499	scaffold=scaffold01586	strand=+	adjustedToFrame=3
2296_g               -            416 8409at5820           -            316   2.6e-12   44.8   0.3   1   1   1.7e-14   4.5e-12   44.0   0.3    45   113    19    84    13    92 0.92 length=416	scaffold=scaffold00459	strand=-
3267_g               -            249 8409at5820           -            316   3.4e-12   44.4   2.6   1   1   1.3e-14   3.4e-12   44.4   2.6    46   124   109   187    99   198 0.91 length=249	scaffold=scaffold00955	strand=-
156_g                -            561 8409at5820           -            316     2e-11   41.9   0.9   1   1     2e-13   5.3e-11   40.5   0.9    16   113    20   112    15   120 0.84 length=561	scaffold=scaffold00009	strand=+
709_g                -            571 8409at5820           -            316     1e-10   39.6   0.6   1   1   1.2e-12   3.2e-10   38.0   0.6    44   141    46   148    19   196 0.66 length=571	scaffold=scaffold00075	strand=-
1616_g               -            115 8409at5820           -            316     3e-10   38.0   0.9   1   1   1.2e-12   3.2e-10   37.9   0.7    53   104    10    61     2    81 0.90 length=115	scaffold=scaffold00253	strand=+
625_g                -           1720 8409at5820           -            316   1.8e-08   32.1   0.6   1   1   1.8e-10   4.8e-08   30.8   0.6    44   118  1460  1534  1454  1539 0.90 length=1720	scaffold=scaffold00064	strand=+	adjustedToFrame=3
1749_g               -            473 8409at5820           -            316   2.2e-08   31.9   0.1   1   2   8.3e-11   2.2e-08   31.9   0.1    47   120     7    88     3    93 0.80 length=473	scaffold=scaffold00287	strand=-
1749_g               -            473 8409at5820           -            316   2.2e-08   31.9   0.1   2   2       6.7   1.8e+03   -3.9   0.4    56    94   379   416   377   434 0.60 length=473	scaffold=scaffold00287	strand=-
721_g                -            127 8409at5820           -            316     4e-05   21.2   3.3   1   1     2e-07   5.2e-05   20.8   3.3    48   108     8    66     3   119 0.71 length=127	scaffold=scaffold00077	strand=-
#
# Program:         hmmsearch
# Version:         3.1b2 (February 2015)
# Pipeline mode:   SEARCH
# Query file:      /export/home/bio1901/Documents/29_BINP/OrthoSearch/busco_downloads/lineages/plasmodium_odb10/hmms/8409at5820.hmm
# Target file:     Results/1_GeneSequences/PB.faa
# Option settings: /home/users/bio1901/miniconda3/envs/busco/bin/hmmsearch --domtblout /export/home/bio1901/Documents/29_BINP/OrthoSearch/PB/run_plasmodium_odb10/hmmer_output/8409at5820.out --cpu 1 /export/home/bio1901/Documents/29_BINP/OrthoSearch/busco_downloads/lineages/plasmodium_odb10/hmms/8409at5820.hmm Results/1_GeneSequences/PB.faa 
# Current dir:     /export/home/bio1901/Documents/29_BINP/OrthoSearch
# Date:            Sun Mar 15 18:15:41 2020
# [ok]
