#                                                                            --- full sequence --- -------------- this domain -------------   hmm coord   ali coord   env coord
# target name        accession   tlen query name           accession   qlen   E-value  score  bias   #  of  c-Evalue  i-Evalue  score  bias  from    to  from    to  from    to  acc description of target
#------------------- ---------- ----- -------------------- ---------- ----- --------- ------ ----- --- --- --------- --------- ------ ----- ----- ----- ----- ----- ----- ----- ---- ---------------------
2777_g               -            626 8505at5820           -            437   4.6e-29   99.2 114.7   1   2       4.5   9.5e+02   -4.0  15.9    14   143    23   141    10   143 0.44 length=626	scaffold=scaffold00665	strand=+
2777_g               -            626 8505at5820           -            437   4.6e-29   99.2 114.7   2   2   1.8e-27   3.9e-25   86.3 105.1    22   436   182   624   109   625 0.68 length=626	scaffold=scaffold00665	strand=+
3554_g               -            408 8505at5820           -            437   2.4e-19   67.2  10.8   1   1   1.1e-21   2.4e-19   67.2  10.8   335   430   306   400   280   407 0.86 length=408	scaffold=scaffold01177	strand=+
1140_g               -            979 8505at5820           -            437   4.7e-10   36.6  15.5   1   2   2.2e-12   4.7e-10   36.6  15.5   327   392   437   503   418   510 0.89 length=979	scaffold=scaffold00150	strand=+
1140_g               -            979 8505at5820           -            437   4.7e-10   36.6  15.5   2   2         4   8.3e+02   -3.8   3.1   266   298   543   575   504   626 0.58 length=979	scaffold=scaffold00150	strand=+
422_g                -           2558 8505at5820           -            437   0.00015   18.4  44.9   1   2    0.0072       1.5    5.2   5.1    33   125  1195  1295  1167  1375 0.57 length=2558	scaffold=scaffold00037	strand=-	adjustedToFrame=2
422_g                -           2558 8505at5820           -            437   0.00015   18.4  44.9   2   2   7.4e-07   0.00015   18.4  44.9   199   436  2334  2556  2090  2557 0.49 length=2558	scaffold=scaffold00037	strand=-	adjustedToFrame=2
4031_g               -            222 8505at5820           -            437   0.00023   17.8  34.2   1   1   1.5e-06   0.00032   17.3  34.2    18    92   148   217    72   221 0.54 length=222	scaffold=scaffold01619	strand=+	adjustedToFrame=2
1850_g               -            369 8505at5820           -            437     0.011   12.2  32.7   1   1   7.5e-05     0.016   11.8  32.7    25   106    14   100     1   134 0.40 length=369	scaffold=scaffold00316	strand=-
2978_g               -            120 8505at5820           -            437     0.013   12.0  22.7   1   1   7.4e-05     0.016   11.8  22.7    11    60    16    62     4    83 0.54 length=120	scaffold=scaffold00771	strand=-
3315_g               -            185 8505at5820           -            437     0.024   11.1  36.2   1   1   0.00017     0.036   10.6  36.2    13    72    10    68     2    94 0.44 length=185	scaffold=scaffold00989	strand=+	adjustedToFrame=2
657_g                -            149 8505at5820           -            437       0.1    9.1  47.4   1   1   0.00081      0.17    8.3  47.4    26   112    42   141    18   147 0.39 length=149	scaffold=scaffold00067	strand=+
370_g                -            157 8505at5820           -            437      0.29    7.6  34.6   1   1    0.0023      0.48    6.9  34.6    19   134    14   129     2   150 0.41 length=157	scaffold=scaffold00031	strand=-
1797_g               -            174 8505at5820           -            437       1.8    5.0  31.1   1   1      0.01       2.2    4.7  31.1    25   131    50   160    24   170 0.44 length=174	scaffold=scaffold00301	strand=-
2517_g               -            112 8505at5820           -            437       2.4    4.6  18.4   1   1     0.014       2.8    4.3  18.4    27   115     6    96     2   106 0.50 length=112	scaffold=scaffold00543	strand=+
1910_g               -            103 8505at5820           -            437       2.8    4.4  14.8   1   1     0.015       3.1    4.2  14.8    29   116     3    96     1    99 0.59 length=103	scaffold=scaffold00333	strand=-
4092_g               -            157 8505at5820           -            437       2.8    4.3  17.0   1   1     0.015       3.2    4.2  17.0    43    74     3    34     1    57 0.51 length=157	scaffold=scaffold01682	strand=+
2320_g               -            140 8505at5820           -            437       3.5    4.0   8.4   1   1     0.019       4.1    3.8   8.4    13    94    32   114    23   137 0.41 length=140	scaffold=scaffold00470	strand=+
348_g                -            100 8505at5820           -            437       5.7    3.3  33.6   1   1     0.031       6.6    3.1  33.6    17    96     9    76     2    97 0.33 length=100	scaffold=scaffold00028	strand=-
1410_g               -            164 8505at5820           -            437       6.4    3.1  29.7   1   1     0.046       9.6    2.6  29.7    49   139    17   107     1   130 0.37 length=164	scaffold=scaffold00206	strand=+
74_g                 -            268 8505at5820           -            437       8.1    2.8  28.4   1   2      0.12        24    1.2   1.4   132   175    40    83    19   107 0.76 length=268	scaffold=scaffold00004	strand=+
74_g                 -            268 8505at5820           -            437       8.1    2.8  28.4   2   2    0.0022      0.47    6.9  19.7    30   112   167   251   144   264 0.54 length=268	scaffold=scaffold00004	strand=+
2401_g               -            124 8505at5820           -            437       8.5    2.8  25.5   1   1     0.046       9.6    2.6  25.5    25    93    13    87     1    99 0.41 length=124	scaffold=scaffold00500	strand=+
#
# Program:         hmmsearch
# Version:         3.1b2 (February 2015)
# Pipeline mode:   SEARCH
# Query file:      /export/home/bio1901/Documents/29_BINP/OrthoSearch/busco_downloads/lineages/plasmodium_odb10/hmms/8505at5820.hmm
# Target file:     Results/1_GeneSequences/PB.faa
# Option settings: /home/users/bio1901/miniconda3/envs/busco/bin/hmmsearch --domtblout /export/home/bio1901/Documents/29_BINP/OrthoSearch/PB/run_plasmodium_odb10/hmmer_output/8505at5820.out --cpu 1 /export/home/bio1901/Documents/29_BINP/OrthoSearch/busco_downloads/lineages/plasmodium_odb10/hmms/8505at5820.hmm Results/1_GeneSequences/PB.faa 
# Current dir:     /export/home/bio1901/Documents/29_BINP/OrthoSearch
# Date:            Sun Mar 15 18:15:52 2020
# [ok]
