#                                                                            --- full sequence --- -------------- this domain -------------   hmm coord   ali coord   env coord
# target name        accession   tlen query name           accession   qlen   E-value  score  bias   #  of  c-Evalue  i-Evalue  score  bias  from    to  from    to  from    to  acc description of target
#------------------- ---------- ----- -------------------- ---------- ----- --------- ------ ----- --- --- --------- --------- ------ ----- ----- ----- ----- ----- ----- ----- ---- ---------------------
2410_g               -            133 8592at5820           -            218     1e-88  294.7   0.6   1   1   6.6e-91   1.1e-88  294.6   0.6    57   188     1   133     1   133 0.99 length=133	scaffold=scaffold00503	strand=-
574_g                -           1016 8592at5820           -            218   1.9e-23   81.3   8.7   1   3   8.6e-06    0.0015   16.3   0.4     4    56    89   143    86   182 0.86 length=1016	scaffold=scaffold00057	strand=-
574_g                -           1016 8592at5820           -            218   1.9e-23   81.3   8.7   2   3   1.1e-21   1.8e-19   68.3   0.0    70   208   226   365   206   370 0.86 length=1016	scaffold=scaffold00057	strand=-
574_g                -           1016 8592at5820           -            218   1.9e-23   81.3   8.7   3   3       3.7   6.4e+02   -2.1   2.5   190   210   439   459   429   465 0.84 length=1016	scaffold=scaffold00057	strand=-
3103_g               -           2213 8592at5820           -            218     8e-17   59.7   3.9   1   2   2.9e-05    0.0051   14.6   0.3     3    42  1408  1448  1406  1472 0.86 length=2213	scaffold=scaffold00848	strand=-	adjustedToFrame=3
3103_g               -           2213 8592at5820           -            218     8e-17   59.7   3.9   2   2   2.9e-14   5.1e-12   44.0   0.3    55   183  1506  1638  1488  1653 0.87 length=2213	scaffold=scaffold00848	strand=-	adjustedToFrame=3
1282_g               -            569 8592at5820           -            218   9.2e-15   52.9   0.2   1   2       0.3        52    1.4   0.0    11    46   293   328   282   337 0.73 length=569	scaffold=scaffold00177	strand=+
1282_g               -            569 8592at5820           -            218   9.2e-15   52.9   0.2   2   2   8.2e-16   1.4e-13   49.1   0.0    20   133   345   453   332   497 0.80 length=569	scaffold=scaffold00177	strand=+
2604_g               -           1027 8592at5820           -            218   3.4e-14   51.1   6.2   1   2    0.0014      0.24    9.1   0.1     1    54   721   775   721   781 0.80 length=1027	scaffold=scaffold00578	strand=-	adjustedToFrame=2
2604_g               -           1027 8592at5820           -            218   3.4e-14   51.1   6.2   2   2   2.7e-14   4.7e-12   44.1   0.0    54   136   816   898   783   935 0.84 length=1027	scaffold=scaffold00578	strand=-	adjustedToFrame=2
61_g                 -            877 8592at5820           -            218   3.1e-12   44.7  11.8   1   3    0.0034      0.59    7.8   2.7     3    55   448   501   446   512 0.87 length=877	scaffold=scaffold00003	strand=+
61_g                 -            877 8592at5820           -            218   3.1e-12   44.7  11.8   2   3   1.5e-13   2.6e-11   41.6   0.1    55   178   542   664   531   698 0.80 length=877	scaffold=scaffold00003	strand=+
61_g                 -            877 8592at5820           -            218   3.1e-12   44.7  11.8   3   3       3.2   5.5e+02   -1.9   0.2    17    40   727   750   712   773 0.75 length=877	scaffold=scaffold00003	strand=+
2396_g               -            275 8592at5820           -            218   8.6e-12   43.2   7.7   1   2     0.011       1.9    6.2   1.6     2    56    51   106    50   137 0.85 length=275	scaffold=scaffold00499	strand=-
2396_g               -            275 8592at5820           -            218   8.6e-12   43.2   7.7   2   2   3.1e-13   5.4e-11   40.6   0.6    55   168   150   260   123   269 0.86 length=275	scaffold=scaffold00499	strand=-
1764_g               -            234 8592at5820           -            218     1e-11   43.0   0.0   1   1   1.1e-13   1.9e-11   42.1   0.0    66   174     9   123     1   136 0.78 length=234	scaffold=scaffold00292	strand=+	adjustedToFrame=2
3774_g               -           1389 8592at5820           -            218   3.4e-11   41.3   0.0   1   2   1.9e-13   3.4e-11   41.3   0.0    53   135   374   455   351   466 0.87 length=1389	scaffold=scaffold01374	strand=-	adjustedToFrame=2
3774_g               -           1389 8592at5820           -            218   3.4e-11   41.3   0.0   2   2     0.039       6.7    4.3   0.3    54    76   477   499   456   513 0.82 length=1389	scaffold=scaffold01374	strand=-	adjustedToFrame=2
2376_g               -            462 8592at5820           -            218     4e-10   37.8   2.3   1   2   0.00015     0.026   12.2   0.2    18    66   124   172   109   187 0.83 length=462	scaffold=scaffold00492	strand=-
2376_g               -            462 8592at5820           -            218     4e-10   37.8   2.3   2   2   4.7e-11   8.2e-09   33.5   0.1    55   134   202   282   179   347 0.76 length=462	scaffold=scaffold00492	strand=-
159_g                -            313 8592at5820           -            218   6.8e-10   37.0   0.6   1   1   5.7e-12   9.9e-10   36.5   0.6    54   152   135   235    93   268 0.81 length=313	scaffold=scaffold00009	strand=-	adjustedToFrame=2
1447_g               -           2823 8592at5820           -            218   1.3e-09   36.2   3.4   1   2      0.25        44    1.7   0.4    16    68  1591  1643  1579  1667 0.85 length=2823	scaffold=scaffold00214	strand=+
1447_g               -           2823 8592at5820           -            218   1.3e-09   36.2   3.4   2   2   4.2e-11   7.3e-09   33.7   0.2    55   174  1673  1790  1670  1803 0.88 length=2823	scaffold=scaffold00214	strand=+
1961_g               -            485 8592at5820           -            218   1.7e-09   35.8   2.3   1   2   0.00012      0.02   12.6   0.2    13    55    76   118    66   129 0.84 length=485	scaffold=scaffold00349	strand=-
1961_g               -            485 8592at5820           -            218   1.7e-09   35.8   2.3   2   2   1.4e-07   2.5e-05   22.1   0.1    33   132   139   238   128   246 0.76 length=485	scaffold=scaffold00349	strand=-
3917_g               -           1019 8592at5820           -            218   1.9e-09   35.6   0.1   1   1   3.2e-11   5.5e-09   34.0   0.1    53   136   607   691   585   722 0.86 length=1019	scaffold=scaffold01500	strand=-
3015_g               -            760 8592at5820           -            218   4.1e-09   34.5   6.1   1   2      0.01       1.8    6.2   1.9    17    65   351   399   337   425 0.72 length=760	scaffold=scaffold00797	strand=-	adjustedToFrame=3
3015_g               -            760 8592at5820           -            218   4.1e-09   34.5   6.1   2   2   1.1e-09     2e-07   29.0   0.3    55   132   430   508   403   521 0.77 length=760	scaffold=scaffold00797	strand=-	adjustedToFrame=3
1275_g               -            518 8592at5820           -            218   5.4e-09   34.1   1.7   1   2         5   8.6e+02   -2.6   0.0     4    40    54    90    52   113 0.71 length=518	scaffold=scaffold00176	strand=-
1275_g               -            518 8592at5820           -            218   5.4e-09   34.1   1.7   2   2   7.4e-10   1.3e-07   29.6   0.9    54   151   145   248   110   348 0.82 length=518	scaffold=scaffold00176	strand=-
3036_g               -           1000 8592at5820           -            218   7.2e-09   33.7   1.3   1   2       1.1   1.9e+02   -0.4   0.1     7    66   685   745   678   773 0.65 length=1000	scaffold=scaffold00809	strand=+	adjustedToFrame=2
3036_g               -           1000 8592at5820           -            218   7.2e-09   33.7   1.3   2   2   1.3e-10   2.3e-08   32.1   0.1    54   158   776   881   767   893 0.83 length=1000	scaffold=scaffold00809	strand=+	adjustedToFrame=2
1877_g               -            352 8592at5820           -            218   2.1e-08   32.1   0.0   1   2       1.1   1.9e+02   -0.4   3.1    37   180    62   102    36   136 0.57 length=352	scaffold=scaffold00323	strand=-
1877_g               -            352 8592at5820           -            218   2.1e-08   32.1   0.0   2   2   1.2e-10   2.1e-08   32.1   0.0    57   104   306   352   295   352 0.92 length=352	scaffold=scaffold00323	strand=-
3411_g               -            877 8592at5820           -            218   2.2e-08   32.1   0.3   1   2      0.26        45    1.7   0.1     7    38   414   445   408   472 0.78 length=877	scaffold=scaffold01062	strand=-	adjustedToFrame=2
3411_g               -            877 8592at5820           -            218   2.2e-08   32.1   0.3   2   2   2.8e-09   4.8e-07   27.7   0.0    55   135   623   705   612   742 0.78 length=877	scaffold=scaffold01062	strand=-	adjustedToFrame=2
2951_g               -            907 8592at5820           -            218     5e-08   30.9   0.0   1   2      0.42        73    0.9   0.1    12    40   724   752   712   796 0.74 length=907	scaffold=scaffold00756	strand=+
2951_g               -            907 8592at5820           -            218     5e-08   30.9   0.0   2   2   2.9e-10     5e-08   30.9   0.0    53   136   806   888   785   900 0.90 length=907	scaffold=scaffold00756	strand=+
2611_g               -           1579 8592at5820           -            218   1.8e-07   29.1  20.0   1   3       1.2   2.2e+02   -0.6   0.0   136   150  1096  1110  1044  1129 0.78 length=1579	scaffold=scaffold00584	strand=-
2611_g               -           1579 8592at5820           -            218   1.8e-07   29.1  20.0   2   3   0.00094      0.16    9.6   4.9     4    70  1165  1231  1159  1251 0.82 length=1579	scaffold=scaffold00584	strand=-
2611_g               -           1579 8592at5820           -            218   1.8e-07   29.1  20.0   3   3   2.2e-09   3.9e-07   28.0   0.0    55   142  1258  1348  1253  1355 0.85 length=1579	scaffold=scaffold00584	strand=-
667_g                -            544 8592at5820           -            218     1e-06   26.6   2.4   1   2    0.0021      0.37    8.5   0.4    12    55   145   188   135   200 0.78 length=544	scaffold=scaffold00069	strand=-
667_g                -            544 8592at5820           -            218     1e-06   26.6   2.4   2   2   3.5e-06   0.00061   17.6   0.1    55   140   229   315   220   350 0.81 length=544	scaffold=scaffold00069	strand=-
2166_g               -            585 8592at5820           -            218   1.3e-05   23.0   4.3   1   2   0.00036     0.062   11.0   0.4     4    54    59   112    57   141 0.71 length=585	scaffold=scaffold00414	strand=+
2166_g               -            585 8592at5820           -            218   1.3e-05   23.0   4.3   2   2   0.00011     0.018   12.7   0.3    68   119   527   578   520   582 0.85 length=585	scaffold=scaffold00414	strand=+
#
# Program:         hmmsearch
# Version:         3.1b2 (February 2015)
# Pipeline mode:   SEARCH
# Query file:      /export/home/bio1901/Documents/29_BINP/OrthoSearch/busco_downloads/lineages/plasmodium_odb10/hmms/8592at5820.hmm
# Target file:     Results/1_GeneSequences/PB.faa
# Option settings: /home/users/bio1901/miniconda3/envs/busco/bin/hmmsearch --domtblout /export/home/bio1901/Documents/29_BINP/OrthoSearch/PB/run_plasmodium_odb10/hmmer_output/8592at5820.out --cpu 1 /export/home/bio1901/Documents/29_BINP/OrthoSearch/busco_downloads/lineages/plasmodium_odb10/hmms/8592at5820.hmm Results/1_GeneSequences/PB.faa 
# Current dir:     /export/home/bio1901/Documents/29_BINP/OrthoSearch
# Date:            Sun Mar 15 18:15:55 2020
# [ok]
