#                                                                            --- full sequence --- -------------- this domain -------------   hmm coord   ali coord   env coord
# target name        accession   tlen query name           accession   qlen   E-value  score  bias   #  of  c-Evalue  i-Evalue  score  bias  from    to  from    to  from    to  acc description of target
#------------------- ---------- ----- -------------------- ---------- ----- --------- ------ ----- --- --- --------- --------- ------ ----- ----- ----- ----- ----- ----- ----- ---- ---------------------
3036_g               -           1000 8595at5820           -            294   5.8e-57  191.2   9.8   1   2       2.8   4.3e+02   -2.1   0.0   236   266   322   350   308   369 0.52 length=1000	scaffold=scaffold00809	strand=+	adjustedToFrame=2
3036_g               -           1000 8595at5820           -            294   5.8e-57  191.2   9.8   2   2   2.8e-56   4.3e-54  181.7   8.1     8   291   654   965   648   971 0.81 length=1000	scaffold=scaffold00809	strand=+	adjustedToFrame=2
1275_g               -            518 8595at5820           -            294   2.5e-51  172.6   8.9   1   1   2.6e-53   3.9e-51  172.0   8.9    11   282    29   313    21   321 0.87 length=518	scaffold=scaffold00176	strand=-
3411_g               -            877 8595at5820           -            294   3.3e-43  146.0   5.6   1   3       8.2   1.3e+03   -3.6   0.2   240   275    75   110    66   111 0.80 length=877	scaffold=scaffold01062	strand=-	adjustedToFrame=2
3411_g               -            877 8595at5820           -            294   3.3e-43  146.0   5.6   2   3   4.3e-08   6.6e-06   23.5   0.2     6    79   382   450   378   480 0.85 length=877	scaffold=scaffold01062	strand=-	adjustedToFrame=2
3411_g               -            877 8595at5820           -            294   3.3e-43  146.0   5.6   3   3   9.6e-39   1.5e-36  124.2   0.1    99   292   592   809   584   811 0.81 length=877	scaffold=scaffold01062	strand=-	adjustedToFrame=2
229_g                -           1128 8595at5820           -            294   4.9e-42  142.2  17.6   1   4   4.2e-25   6.4e-23   79.4   7.1     8   162   119   273   113   280 0.88 length=1128	scaffold=scaffold00016	strand=+
229_g                -           1128 8595at5820           -            294   4.9e-42  142.2  17.6   2   4   1.2e-15   1.9e-13   48.3   0.0   160   203   295   338   290   350 0.88 length=1128	scaffold=scaffold00016	strand=+
229_g                -           1128 8595at5820           -            294   4.9e-42  142.2  17.6   3   4   1.1e-06   0.00016   19.0   0.1   213   282   376   456   366   466 0.74 length=1128	scaffold=scaffold00016	strand=+
229_g                -           1128 8595at5820           -            294   4.9e-42  142.2  17.6   4   4       1.7   2.6e+02   -1.4   0.2   228   276   758   808   747   814 0.82 length=1128	scaffold=scaffold00016	strand=+
1507_g               -           1229 8595at5820           -            294   2.7e-34  116.8  10.6   1   2   1.7e-36   2.7e-34  116.8  10.6    11   203    14   211     5   231 0.84 length=1229	scaffold=scaffold00229	strand=-
1507_g               -           1229 8595at5820           -            294   2.7e-34  116.8  10.6   2   2       8.8   1.4e+03   -3.7   0.8    19    72   268   321   251   336 0.49 length=1229	scaffold=scaffold00229	strand=-
1961_g               -            485 8595at5820           -            294   2.6e-26   90.5   1.6   1   2   4.7e-27   7.3e-25   85.8   0.4    10   215    44   244    36   253 0.87 length=485	scaffold=scaffold00349	strand=-
1961_g               -            485 8595at5820           -            294   2.6e-26   90.5   1.6   2   2     0.064       9.9    3.3   0.0   250   283   262   296   251   303 0.75 length=485	scaffold=scaffold00349	strand=-
2376_g               -            462 8595at5820           -            294   9.2e-26   88.7   3.3   1   3     6e-28   9.2e-26   88.7   3.3    10   220    87   291    80   296 0.87 length=462	scaffold=scaffold00492	strand=-
2376_g               -            462 8595at5820           -            294   9.2e-26   88.7   3.3   2   3      0.21        32    1.6   0.0   255   282   309   337   295   342 0.78 length=462	scaffold=scaffold00492	strand=-
2376_g               -            462 8595at5820           -            294   9.2e-26   88.7   3.3   3   3       8.4   1.3e+03   -3.7   0.1    29    53   361   385   359   395 0.80 length=462	scaffold=scaffold00492	strand=-
61_g                 -            877 8595at5820           -            294   5.3e-24   82.9   6.1   1   2       7.6   1.2e+03   -3.5   0.1    43    67   237   262   227   268 0.73 length=877	scaffold=scaffold00003	strand=+
61_g                 -            877 8595at5820           -            294   5.3e-24   82.9   6.1   2   2   3.5e-26   5.3e-24   82.9   6.1    11   217   425   626   417   636 0.87 length=877	scaffold=scaffold00003	strand=+
159_g                -            313 8595at5820           -            294   8.1e-24   82.3   6.6   1   2      0.81   1.2e+02   -0.3   0.1    12    30    50    68    42    83 0.83 length=313	scaffold=scaffold00009	strand=-	adjustedToFrame=2
159_g                -            313 8595at5820           -            294   8.1e-24   82.3   6.6   2   2   1.3e-25     2e-23   81.1   3.9   103   283   109   306    73   309 0.78 length=313	scaffold=scaffold00009	strand=-	adjustedToFrame=2
1688_g               -            647 8595at5820           -            294   1.5e-23   81.5  12.4   1   3       2.9   4.4e+02   -2.1   0.2    11    23    25    37    20    54 0.85 length=647	scaffold=scaffold00271	strand=-
1688_g               -            647 8595at5820           -            294   1.5e-23   81.5  12.4   2   3     0.033         5    4.3   0.1    45    80   100   136    68   155 0.76 length=647	scaffold=scaffold00271	strand=-
1688_g               -            647 8595at5820           -            294   1.5e-23   81.5  12.4   3   3   3.4e-25   5.2e-23   79.7   4.1    67   284   158   419   143   425 0.77 length=647	scaffold=scaffold00271	strand=-
3015_g               -            760 8595at5820           -            294     2e-21   74.5  14.3   1   2       4.7   7.2e+02   -2.8   0.1    95   112    59    76    54    79 0.79 length=760	scaffold=scaffold00797	strand=-	adjustedToFrame=3
3015_g               -            760 8595at5820           -            294     2e-21   74.5  14.3   2   2   1.2e-22   1.8e-20   71.4  10.4     8   282   313   565   307   572 0.81 length=760	scaffold=scaffold00797	strand=-	adjustedToFrame=3
825_g                -            769 8595at5820           -            294   6.6e-17   59.7   8.2   1   3   4.3e-19   6.6e-17   59.7   8.2    11   220    15   219     8   230 0.84 length=769	scaffold=scaffold00092	strand=+
825_g                -            769 8595at5820           -            294   6.6e-17   59.7   8.2   2   3       3.2   4.9e+02   -2.3   0.0    91   116   231   256   215   295 0.76 length=769	scaffold=scaffold00092	strand=+
825_g                -            769 8595at5820           -            294   6.6e-17   59.7   8.2   3   3       1.6   2.5e+02   -1.3   4.0    81   138   338   396   283   419 0.76 length=769	scaffold=scaffold00092	strand=+
588_g                -            577 8595at5820           -            294   4.5e-16   56.9   9.2   1   2   5.4e-18   8.3e-16   56.1   7.1    12   198   287   472   280   497 0.86 length=577	scaffold=scaffold00058	strand=-
588_g                -            577 8595at5820           -            294   4.5e-16   56.9   9.2   2   2       0.8   1.2e+02   -0.3   0.0   244   284   496   537   485   540 0.76 length=577	scaffold=scaffold00058	strand=-
574_g                -           1016 8595at5820           -            294   2.1e-14   51.5   2.2   1   1   8.3e-16   1.3e-13   48.9   2.2    55   217   104   297   100   302 0.76 length=1016	scaffold=scaffold00057	strand=-
1282_g               -            569 8595at5820           -            294   1.2e-13   49.0   0.0   1   2       6.8     1e+03   -3.4   2.1    28    73    84   130    59   152 0.62 length=569	scaffold=scaffold00177	strand=+
1282_g               -            569 8595at5820           -            294   1.2e-13   49.0   0.0   2   2   7.7e-16   1.2e-13   49.0   0.0    54   217   302   459   257   471 0.77 length=569	scaffold=scaffold00177	strand=+
667_g                -            544 8595at5820           -            294     2e-13   48.2   1.1   1   1   2.5e-15   3.9e-13   47.3   1.1    11   234   116   332   108   366 0.82 length=544	scaffold=scaffold00069	strand=-
3118_g               -            750 8595at5820           -            294   3.1e-13   47.6   7.3   1   3   3.6e-05    0.0055   14.0   4.9     3    98   481   574   479   575 0.88 length=750	scaffold=scaffold00857	strand=+
3118_g               -            750 8595at5820           -            294   3.1e-13   47.6   7.3   2   3   3.2e-11   4.9e-09   33.8   0.0   132   213   574   652   569   659 0.87 length=750	scaffold=scaffold00857	strand=+
3118_g               -            750 8595at5820           -            294   3.1e-13   47.6   7.3   3   3       7.7   1.2e+03   -3.5   0.0   261   282   716   737   710   740 0.82 length=750	scaffold=scaffold00857	strand=+
2396_g               -            275 8595at5820           -            294   6.7e-13   46.5   8.9   1   1   5.8e-15   8.8e-13   46.1   8.9    55   221    68   231    25   268 0.79 length=275	scaffold=scaffold00499	strand=-
1696_g               -            415 8595at5820           -            294   1.7e-11   41.9   5.3   1   1   1.1e-13   1.7e-11   41.9   5.3    10   188    69   248    62   256 0.75 length=415	scaffold=scaffold00273	strand=-
2166_g               -            585 8595at5820           -            294   3.4e-11   40.9  20.1   1   3    0.0022      0.34    8.1   4.0    12    98    41   120    36   142 0.64 length=585	scaffold=scaffold00414	strand=+
2166_g               -            585 8595at5820           -            294   3.4e-11   40.9  20.1   2   3   2.4e-05    0.0037   14.5   3.9    89   256   255   419   233   454 0.68 length=585	scaffold=scaffold00414	strand=+
2166_g               -            585 8595at5820           -            294   3.4e-11   40.9  20.1   3   3   1.3e-08     2e-06   25.2   0.1   145   196   529   578   517   582 0.86 length=585	scaffold=scaffold00414	strand=+
4051_g               -            682 8595at5820           -            294   1.2e-10   39.1   2.2   1   2     8e-13   1.2e-10   39.1   2.2    86   154    98   167    81   171 0.87 length=682	scaffold=scaffold01642	strand=-
4051_g               -            682 8595at5820           -            294   1.2e-10   39.1   2.2   2   2       1.1   1.6e+02   -0.7   1.5    93   144   424   480   342   487 0.81 length=682	scaffold=scaffold01642	strand=-
2167_g               -            179 8595at5820           -            294   8.8e-08   29.7   0.1   1   1   1.1e-09   1.7e-07   28.7   0.1   199   282     2    94     1   102 0.76 length=179	scaffold=scaffold00414	strand=+
2410_g               -            133 8595at5820           -            294   2.1e-07   28.5   0.0   1   1   1.6e-09   2.5e-07   28.2   0.0   135   218     4    85     1    95 0.86 length=133	scaffold=scaffold00503	strand=-
347_g                -           1559 8595at5820           -            294   2.9e-07   28.0   0.3   1   4         1   1.6e+02   -0.7   2.6    36    86   294   349   267   429 0.72 length=1559	scaffold=scaffold00028	strand=+
347_g                -           1559 8595at5820           -            294   2.9e-07   28.0   0.3   2   4       9.9   1.5e+03   -3.9   1.5    35    99   877   940   850   951 0.77 length=1559	scaffold=scaffold00028	strand=+
347_g                -           1559 8595at5820           -            294   2.9e-07   28.0   0.3   3   4   2.2e-05    0.0034   14.7   2.3    67   143  1071  1150  1033  1167 0.84 length=1559	scaffold=scaffold00028	strand=+
347_g                -           1559 8595at5820           -            294   2.9e-07   28.0   0.3   4   4   1.9e-09   2.9e-07   28.0   0.3   133   213  1324  1400  1301  1414 0.80 length=1559	scaffold=scaffold00028	strand=+
3874_g               -            126 8595at5820           -            294   2.2e-05   21.9   5.1   1   1   1.5e-07   2.3e-05   21.8   5.1     9   101    21   119     8   126 0.77 length=126	scaffold=scaffold01462	strand=+
2556_g               -            656 8595at5820           -            294     0.021   12.1  23.0   1   2   3.6e-05    0.0056   14.0  18.8    30   157   459   591   426   598 0.71 length=656	scaffold=scaffold00556	strand=+
2556_g               -            656 8595at5820           -            294     0.021   12.1  23.0   2   2      0.79   1.2e+02   -0.3   0.4   246   269   593   616   590   627 0.86 length=656	scaffold=scaffold00556	strand=+
#
# Program:         hmmsearch
# Version:         3.1b2 (February 2015)
# Pipeline mode:   SEARCH
# Query file:      /export/home/bio1901/Documents/29_BINP/OrthoSearch/busco_downloads/lineages/plasmodium_odb10/hmms/8595at5820.hmm
# Target file:     Results/1_GeneSequences/PB.faa
# Option settings: /home/users/bio1901/miniconda3/envs/busco/bin/hmmsearch --domtblout /export/home/bio1901/Documents/29_BINP/OrthoSearch/PB/run_plasmodium_odb10/hmmer_output/8595at5820.out --cpu 1 /export/home/bio1901/Documents/29_BINP/OrthoSearch/busco_downloads/lineages/plasmodium_odb10/hmms/8595at5820.hmm Results/1_GeneSequences/PB.faa 
# Current dir:     /export/home/bio1901/Documents/29_BINP/OrthoSearch
# Date:            Sun Mar 15 18:15:55 2020
# [ok]
