#                                                                            --- full sequence --- -------------- this domain -------------   hmm coord   ali coord   env coord
# target name        accession   tlen query name           accession   qlen   E-value  score  bias   #  of  c-Evalue  i-Evalue  score  bias  from    to  from    to  from    to  acc description of target
#------------------- ---------- ----- -------------------- ---------- ----- --------- ------ ----- --- --- --------- --------- ------ ----- ----- ----- ----- ----- ----- ----- ---- ---------------------
2133_g               -            368 8597at5820           -            287   1.6e-85  284.5  25.7   1   1   1.7e-87   1.7e-84  281.1  25.7     1   280     1   317     1   323 0.84 length=368	scaffold=scaffold00402	strand=-
2712_g               -            591 8597at5820           -            287   5.7e-06   23.4  82.4   1   4   2.4e-06    0.0024   14.8  25.0    26   137    95   206    75   207 0.71 length=591	scaffold=scaffold00628	strand=-	adjustedToFrame=2
2712_g               -            591 8597at5820           -            287   5.7e-06   23.4  82.4   2   4   6.8e-09   6.8e-06   23.2  29.9    42   154   207   317   203   328 0.88 length=591	scaffold=scaffold00628	strand=-	adjustedToFrame=2
2712_g               -            591 8597at5820           -            287   5.7e-06   23.4  82.4   3   4      0.15   1.4e+02   -0.9   5.9   127   188   316   382   304   442 0.69 length=591	scaffold=scaffold00628	strand=-	adjustedToFrame=2
2712_g               -            591 8597at5820           -            287   5.7e-06   23.4  82.4   4   4      0.45   4.5e+02   -2.5   3.7   201   238   552   589   448   590 0.76 length=591	scaffold=scaffold00628	strand=-	adjustedToFrame=2
1877_g               -            352 8597at5820           -            287   0.00089   16.2  30.2   1   2   8.9e-07   0.00089   16.2  30.2    33   121    38   128    20   135 0.81 length=352	scaffold=scaffold00323	strand=-
1877_g               -            352 8597at5820           -            287   0.00089   16.2  30.2   2   2      0.15   1.4e+02   -0.9   4.6    43    74   144   175   132   206 0.78 length=352	scaffold=scaffold00323	strand=-
695_g                -            587 8597at5820           -            287       2.6    4.9  35.6   1   3      0.05        49    0.7  15.0    39   118   172   254   162   258 0.70 length=587	scaffold=scaffold00073	strand=-
695_g                -            587 8597at5820           -            287       2.6    4.9  35.6   2   3      0.12   1.1e+02   -0.5   4.9    33    65   226   259   213   275 0.75 length=587	scaffold=scaffold00073	strand=-
695_g                -            587 8597at5820           -            287       2.6    4.9  35.6   3   3   0.00019      0.19    8.6  12.3    55    96   284   325   268   329 0.87 length=587	scaffold=scaffold00073	strand=-
#
# Program:         hmmsearch
# Version:         3.1b2 (February 2015)
# Pipeline mode:   SEARCH
# Query file:      /export/home/bio1901/Documents/29_BINP/OrthoSearch/busco_downloads/lineages/plasmodium_odb10/hmms/8597at5820.hmm
# Target file:     Results/1_GeneSequences/PB.faa
# Option settings: /home/users/bio1901/miniconda3/envs/busco/bin/hmmsearch --domtblout /export/home/bio1901/Documents/29_BINP/OrthoSearch/PB/run_plasmodium_odb10/hmmer_output/8597at5820.out --cpu 1 /export/home/bio1901/Documents/29_BINP/OrthoSearch/busco_downloads/lineages/plasmodium_odb10/hmms/8597at5820.hmm Results/1_GeneSequences/PB.faa 
# Current dir:     /export/home/bio1901/Documents/29_BINP/OrthoSearch
# Date:            Sun Mar 15 18:15:55 2020
# [ok]
