#                                                                            --- full sequence --- -------------- this domain -------------   hmm coord   ali coord   env coord
# target name        accession   tlen query name           accession   qlen   E-value  score  bias   #  of  c-Evalue  i-Evalue  score  bias  from    to  from    to  from    to  acc description of target
#------------------- ---------- ----- -------------------- ---------- ----- --------- ------ ----- --- --- --------- --------- ------ ----- ----- ----- ----- ----- ----- ----- ---- ---------------------
787_g                -            309 8615at5820           -            302  1.6e-202  668.8   1.2   1   1  3.2e-205  1.8e-202  668.6   1.2     2   302     7   308     6   308 0.99 length=309	scaffold=scaffold00087	strand=+
3368_g               -            303 8615at5820           -            302  6.8e-117  387.7   2.1   1   1  1.4e-119  8.1e-117  387.4   2.1    12   276    10   274     2   300 0.95 length=303	scaffold=scaffold01030	strand=+	adjustedToFrame=3
2232_g               -            620 8615at5820           -            302  1.1e-100  334.4   2.0   1   1    3e-103  1.7e-100  333.8   2.0     4   287   317   604   314   618 0.92 length=620	scaffold=scaffold00433	strand=-
3797_g               -            589 8615at5820           -            302   2.3e-59  198.8   0.4   1   1   5.9e-62   3.4e-59  198.2   0.4    19   284    51   332    39   345 0.86 length=589	scaffold=scaffold01392	strand=-
500_g                -            857 8615at5820           -            302   4.7e-52  174.8   0.6   1   1   7.7e-54   4.4e-51  171.6   0.6    19   276   545   837   536   851 0.81 length=857	scaffold=scaffold00047	strand=-
1042_g               -            633 8615at5820           -            302   5.8e-51  171.2   0.4   1   1   1.7e-53   9.7e-51  170.4   0.4    37   273   365   601   336   624 0.90 length=633	scaffold=scaffold00128	strand=-
3210_g               -           1816 8615at5820           -            302   4.6e-28   96.0  16.2   1   3      0.53     3e+02   -1.9   0.5   106   250    61    93    33   115 0.53 length=1816	scaffold=scaffold00920	strand=-	adjustedToFrame=2
3210_g               -           1816 8615at5820           -            302   4.6e-28   96.0  16.2   2   3    0.0012       0.7    6.7   0.0    37    63   800   827   778   838 0.77 length=1816	scaffold=scaffold00920	strand=-	adjustedToFrame=2
3210_g               -           1816 8615at5820           -            302   4.6e-28   96.0  16.2   3   3   3.8e-29   2.1e-26   90.5   7.6    66   285   925  1181   919  1195 0.71 length=1816	scaffold=scaffold00920	strand=-	adjustedToFrame=2
#
# Program:         hmmsearch
# Version:         3.1b2 (February 2015)
# Pipeline mode:   SEARCH
# Query file:      /export/home/bio1901/Documents/29_BINP/OrthoSearch/busco_downloads/lineages/plasmodium_odb10/hmms/8615at5820.hmm
# Target file:     Results/1_GeneSequences/PB.faa
# Option settings: /home/users/bio1901/miniconda3/envs/busco/bin/hmmsearch --domtblout /export/home/bio1901/Documents/29_BINP/OrthoSearch/PB/run_plasmodium_odb10/hmmer_output/8615at5820.out --cpu 1 /export/home/bio1901/Documents/29_BINP/OrthoSearch/busco_downloads/lineages/plasmodium_odb10/hmms/8615at5820.hmm Results/1_GeneSequences/PB.faa 
# Current dir:     /export/home/bio1901/Documents/29_BINP/OrthoSearch
# Date:            Sun Mar 15 18:15:57 2020
# [ok]
