#                                                                            --- full sequence --- -------------- this domain -------------   hmm coord   ali coord   env coord
# target name        accession   tlen query name           accession   qlen   E-value  score  bias   #  of  c-Evalue  i-Evalue  score  bias  from    to  from    to  from    to  acc description of target
#------------------- ---------- ----- -------------------- ---------- ----- --------- ------ ----- --- --- --------- --------- ------ ----- ----- ----- ----- ----- ----- ----- ---- ---------------------
43_g                 -            613 8631at5820           -            449  9.1e-204  674.9  51.5   1   3    0.0023       3.1    4.1   7.1     5    33    18    47    15    66 0.64 length=613	scaffold=scaffold00002	strand=+
43_g                 -            613 8631at5820           -            449  9.1e-204  674.9  51.5   2   3   3.2e-18   4.2e-15   53.1  12.6    16    82   105   171    88   175 0.87 length=613	scaffold=scaffold00002	strand=+
43_g                 -            613 8631at5820           -            449  9.1e-204  674.9  51.5   3   3  3.9e-194  5.2e-191  632.9  12.6    36   448   174   611   172   612 0.88 length=613	scaffold=scaffold00002	strand=+
2948_g               -            672 8631at5820           -            449   4.7e-31  105.7   7.8   1   3   3.5e-34   4.7e-31  105.7   7.8    73   323   162   416   129   458 0.80 length=672	scaffold=scaffold00755	strand=-
2948_g               -            672 8631at5820           -            449   4.7e-31  105.7   7.8   2   3       2.1   2.7e+03   -5.6   6.6    37    82   497   542   469   553 0.67 length=672	scaffold=scaffold00755	strand=-
2948_g               -            672 8631at5820           -            449   4.7e-31  105.7   7.8   3   3         3     4e+03  -13.6  14.3   332   361   559   589   535   654 0.52 length=672	scaffold=scaffold00755	strand=-
2492_g               -            482 8631at5820           -            449   7.1e-25   85.3   5.6   1   1   8.6e-28   1.1e-24   84.6   5.6    55   310   138   396   105   405 0.86 length=482	scaffold=scaffold00533	strand=+
#
# Program:         hmmsearch
# Version:         3.1b2 (February 2015)
# Pipeline mode:   SEARCH
# Query file:      /export/home/bio1901/Documents/29_BINP/OrthoSearch/busco_downloads/lineages/plasmodium_odb10/hmms/8631at5820.hmm
# Target file:     Results/1_GeneSequences/PB.faa
# Option settings: /home/users/bio1901/miniconda3/envs/busco/bin/hmmsearch --domtblout /export/home/bio1901/Documents/29_BINP/OrthoSearch/PB/run_plasmodium_odb10/hmmer_output/8631at5820.out --cpu 1 /export/home/bio1901/Documents/29_BINP/OrthoSearch/busco_downloads/lineages/plasmodium_odb10/hmms/8631at5820.hmm Results/1_GeneSequences/PB.faa 
# Current dir:     /export/home/bio1901/Documents/29_BINP/OrthoSearch
# Date:            Sun Mar 15 18:15:58 2020
# [ok]
