#                                                                            --- full sequence --- -------------- this domain -------------   hmm coord   ali coord   env coord
# target name        accession   tlen query name           accession   qlen   E-value  score  bias   #  of  c-Evalue  i-Evalue  score  bias  from    to  from    to  from    to  acc description of target
#------------------- ---------- ----- -------------------- ---------- ----- --------- ------ ----- --- --- --------- --------- ------ ----- ----- ----- ----- ----- ----- ----- ---- ---------------------
2614_g               -           1423 865at5820            -           1065         0 1311.6  69.9   1   6   1.8e-67   1.2e-64  216.3  18.8    22   278    39   335    29   363 0.80 length=1423	scaffold=scaffold00586	strand=+
2614_g               -           1423 865at5820            -           1065         0 1311.6  69.9   2   6   5.4e-27   3.6e-24   82.3   0.4   272   360   412   503   400   520 0.85 length=1423	scaffold=scaffold00586	strand=+
2614_g               -           1423 865at5820            -           1065         0 1311.6  69.9   3   6   1.8e-73   1.2e-70  236.2   1.6   365   550   552   741   537   759 0.89 length=1423	scaffold=scaffold00586	strand=+
2614_g               -           1423 865at5820            -           1065         0 1311.6  69.9   4   6      0.13        84   -1.7   0.1   547   562   766   781   757   784 0.83 length=1423	scaffold=scaffold00586	strand=+
2614_g               -           1423 865at5820            -           1065         0 1311.6  69.9   5   6  3.9e-104  2.6e-101  337.7   2.3   548   757   836  1046   794  1061 0.90 length=1423	scaffold=scaffold00586	strand=+
2614_g               -           1423 865at5820            -           1065         0 1311.6  69.9   6   6  1.6e-141  1.1e-138  461.5  14.5   752  1063  1097  1415  1087  1417 0.95 length=1423	scaffold=scaffold00586	strand=+
363_g                -           1753 865at5820            -           1065   4.6e-72  240.9  53.1   1   8    0.0048       3.2    3.0   0.4   281   352   177   247   154   250 0.83 length=1753	scaffold=scaffold00030	strand=+
363_g                -           1753 865at5820            -           1065   4.6e-72  240.9  53.1   2   8   6.4e-07   0.00042   15.8   0.2   423   465   249   292   245   298 0.81 length=1753	scaffold=scaffold00030	strand=+
363_g                -           1753 865at5820            -           1065   4.6e-72  240.9  53.1   3   8   3.7e-19   2.5e-16   56.4   0.2   476   548   415   487   385   503 0.92 length=1753	scaffold=scaffold00030	strand=+
363_g                -           1753 865at5820            -           1065   4.6e-72  240.9  53.1   4   8      0.18   1.2e+02   -2.2   1.6   117   161   698   745   649   770 0.71 length=1753	scaffold=scaffold00030	strand=+
363_g                -           1753 865at5820            -           1065   4.6e-72  240.9  53.1   5   8   5.9e-18   3.9e-15   52.4   0.2   555   627  1057  1130  1029  1133 0.74 length=1753	scaffold=scaffold00030	strand=+
363_g                -           1753 865at5820            -           1065   4.6e-72  240.9  53.1   6   8   9.4e-15   6.3e-12   41.8   7.1   657   762  1198  1300  1184  1353 0.85 length=1753	scaffold=scaffold00030	strand=+
363_g                -           1753 865at5820            -           1065   4.6e-72  240.9  53.1   7   8   1.6e-09   1.1e-06   24.5   3.7   847   933  1527  1614  1499  1617 0.87 length=1753	scaffold=scaffold00030	strand=+
363_g                -           1753 865at5820            -           1065   4.6e-72  240.9  53.1   8   8   1.7e-24   1.1e-21   74.0   0.2   958  1036  1617  1695  1613  1710 0.91 length=1753	scaffold=scaffold00030	strand=+
3138_g               -           1979 865at5820            -           1065   6.9e-25   84.7  50.0   1   6         1   6.8e+02   -4.7   2.2   219   245    85   113    19   203 0.53 length=1979	scaffold=scaffold00868	strand=+
3138_g               -           1979 865at5820            -           1065   6.9e-25   84.7  50.0   2   6   0.00017      0.12    7.8   0.0   426   447   565   586   495   594 0.90 length=1979	scaffold=scaffold00868	strand=+
3138_g               -           1979 865at5820            -           1065   6.9e-25   84.7  50.0   3   6    0.0066       4.4    2.6   0.0   478   539   595   660   589   667 0.74 length=1979	scaffold=scaffold00868	strand=+
3138_g               -           1979 865at5820            -           1065   6.9e-25   84.7  50.0   4   6   6.9e-15   4.6e-12   42.2   9.8   558   745   656   839   653   848 0.83 length=1979	scaffold=scaffold00868	strand=+
3138_g               -           1979 865at5820            -           1065   6.9e-25   84.7  50.0   5   6         6     4e+03   -9.2   6.8   203   265  1398  1460  1355  1543 0.49 length=1979	scaffold=scaffold00868	strand=+
3138_g               -           1979 865at5820            -           1065   6.9e-25   84.7  50.0   6   6   1.5e-18     1e-15   54.3   3.8   864  1037  1606  1757  1592  1778 0.75 length=1979	scaffold=scaffold00868	strand=+
2343_g               -           2672 865at5820            -           1065   2.3e-24   82.9   6.4   1   4   1.1e-09   7.4e-07   25.0   0.1   477   622   392   521   357   537 0.76 length=2672	scaffold=scaffold00477	strand=+
2343_g               -           2672 865at5820            -           1065   2.3e-24   82.9   6.4   2   4      0.51   3.4e+02   -3.7   0.0   724   747   664   687   624   722 0.80 length=2672	scaffold=scaffold00477	strand=+
2343_g               -           2672 865at5820            -           1065   2.3e-24   82.9   6.4   3   4     0.098        65   -1.3   0.5   507   566   737   799   711   804 0.73 length=2672	scaffold=scaffold00477	strand=+
2343_g               -           2672 865at5820            -           1065   2.3e-24   82.9   6.4   4   4   2.7e-18   1.8e-15   53.5   0.0   958  1037  1211  1290  1199  1318 0.81 length=2672	scaffold=scaffold00477	strand=+
2298_g               -           1371 865at5820            -           1065   1.1e-22   77.3   1.8   1   6         6     4e+03  -10.9   9.2   107   149   104   145    90   155 0.67 length=1371	scaffold=scaffold00459	strand=-
2298_g               -           1371 865at5820            -           1065   1.1e-22   77.3   1.8   2   6   0.00017      0.11    7.8   0.0   426   447   287   308   275   318 0.85 length=1371	scaffold=scaffold00459	strand=-
2298_g               -           1371 865at5820            -           1065   1.1e-22   77.3   1.8   3   6   1.4e-11   9.2e-09   31.3   0.3   553   625   373   445   309   465 0.80 length=1371	scaffold=scaffold00459	strand=-
2298_g               -           1371 865at5820            -           1065   1.1e-22   77.3   1.8   4   6    0.0006       0.4    6.0   2.6   653   742   573   653   560   674 0.83 length=1371	scaffold=scaffold00459	strand=-
2298_g               -           1371 865at5820            -           1065   1.1e-22   77.3   1.8   5   6   9.5e-19   6.3e-16   55.0   0.1   956  1029   740   813   728   835 0.87 length=1371	scaffold=scaffold00459	strand=-
2298_g               -           1371 865at5820            -           1065   1.1e-22   77.3   1.8   6   6      0.23   1.5e+02   -2.5   1.3    97   139  1121  1164  1109  1171 0.79 length=1371	scaffold=scaffold00459	strand=-
2684_g               -            903 865at5820            -           1065   1.5e-10   37.2  10.0   1   4     0.042        28   -0.1   0.0   428   447   303   322   296   327 0.84 length=903	scaffold=scaffold00614	strand=+
2684_g               -            903 865at5820            -           1065   1.5e-10   37.2  10.0   2   4   0.00017      0.11    7.8   0.1   560   610   383   435   353   534 0.82 length=903	scaffold=scaffold00614	strand=+
2684_g               -            903 865at5820            -           1065   1.5e-10   37.2  10.0   3   4   2.7e-12   1.8e-09   33.6   0.2   954  1052   659   758   592   767 0.92 length=903	scaffold=scaffold00614	strand=+
2684_g               -            903 865at5820            -           1065   1.5e-10   37.2  10.0   4   4      0.25   1.7e+02   -2.7   0.7   535   561   790   819   780   844 0.74 length=903	scaffold=scaffold00614	strand=+
#
# Program:         hmmsearch
# Version:         3.1b2 (February 2015)
# Pipeline mode:   SEARCH
# Query file:      /export/home/bio1901/Documents/29_BINP/OrthoSearch/busco_downloads/lineages/plasmodium_odb10/hmms/865at5820.hmm
# Target file:     Results/1_GeneSequences/PB.faa
# Option settings: /home/users/bio1901/miniconda3/envs/busco/bin/hmmsearch --domtblout /export/home/bio1901/Documents/29_BINP/OrthoSearch/PB/run_plasmodium_odb10/hmmer_output/865at5820.out --cpu 1 /export/home/bio1901/Documents/29_BINP/OrthoSearch/busco_downloads/lineages/plasmodium_odb10/hmms/865at5820.hmm Results/1_GeneSequences/PB.faa 
# Current dir:     /export/home/bio1901/Documents/29_BINP/OrthoSearch
# Date:            Sun Mar 15 18:16:00 2020
# [ok]
