#                                                                            --- full sequence --- -------------- this domain -------------   hmm coord   ali coord   env coord
# target name        accession   tlen query name           accession   qlen   E-value  score  bias   #  of  c-Evalue  i-Evalue  score  bias  from    to  from    to  from    to  acc description of target
#------------------- ---------- ----- -------------------- ---------- ----- --------- ------ ----- --- --- --------- --------- ------ ----- ----- ----- ----- ----- ----- ----- ---- ---------------------
3661_g               -           1144 877at5820            -           1352         0 1048.1 183.2   1   6  3.5e-112    7e-109  362.7  39.6   473   737    24   294    10   310 0.94 length=1144	scaffold=scaffold01268	strand=+	adjustedToFrame=2
3661_g               -           1144 877at5820            -           1352         0 1048.1 183.2   2   6   1.6e-46   3.2e-43  145.2  26.4   718   849   343   478   310   488 0.86 length=1144	scaffold=scaffold01268	strand=+	adjustedToFrame=2
3661_g               -           1144 877at5820            -           1352         0 1048.1 183.2   3   6     1e-68     2e-65  218.8  40.1   845  1034   539   755   530   756 0.85 length=1144	scaffold=scaffold01268	strand=+	adjustedToFrame=2
3661_g               -           1144 877at5820            -           1352         0 1048.1 183.2   4   6  1.2e-112  2.4e-109  364.2  26.9  1087  1327   757  1007   755  1039 0.92 length=1144	scaffold=scaffold01268	strand=+	adjustedToFrame=2
3661_g               -           1144 877at5820            -           1352         0 1048.1 183.2   5   6     0.022        45   -1.1   0.2  1330  1351  1082  1104  1063  1105 0.75 length=1144	scaffold=scaffold01268	strand=+	adjustedToFrame=2
3661_g               -           1144 877at5820            -           1352         0 1048.1 183.2   6   6         2     4e+03  -15.1  11.5     2    18  1109  1125  1108  1133 0.60 length=1144	scaffold=scaffold01268	strand=+	adjustedToFrame=2
4071_g               -            527 877at5820            -           1352  1.2e-152  507.7  65.2   1   1  1.6e-155  3.1e-152  506.4  65.2     8   469    38   527    27   527 0.88 length=527	scaffold=scaffold01663	strand=-
#
# Program:         hmmsearch
# Version:         3.1b2 (February 2015)
# Pipeline mode:   SEARCH
# Query file:      /export/home/bio1901/Documents/29_BINP/OrthoSearch/busco_downloads/lineages/plasmodium_odb10/hmms/877at5820.hmm
# Target file:     Results/1_GeneSequences/PB.faa
# Option settings: /home/users/bio1901/miniconda3/envs/busco/bin/hmmsearch --domtblout /export/home/bio1901/Documents/29_BINP/OrthoSearch/PB/run_plasmodium_odb10/hmmer_output/877at5820.out --cpu 1 /export/home/bio1901/Documents/29_BINP/OrthoSearch/busco_downloads/lineages/plasmodium_odb10/hmms/877at5820.hmm Results/1_GeneSequences/PB.faa 
# Current dir:     /export/home/bio1901/Documents/29_BINP/OrthoSearch
# Date:            Sun Mar 15 18:16:15 2020
# [ok]
