#                                                                            --- full sequence --- -------------- this domain -------------   hmm coord   ali coord   env coord
# target name        accession   tlen query name           accession   qlen   E-value  score  bias   #  of  c-Evalue  i-Evalue  score  bias  from    to  from    to  from    to  acc description of target
#------------------- ---------- ----- -------------------- ---------- ----- --------- ------ ----- --- --- --------- --------- ------ ----- ----- ----- ----- ----- ----- ----- ---- ---------------------
4093_g               -            414 8787at5820           -            280   9.5e-11   39.2   3.8   1   3      0.17   2.2e+02   -1.4   0.5    71   101    77   108    45   141 0.66 length=414	scaffold=scaffold01683	strand=+	adjustedToFrame=2
4093_g               -            414 8787at5820           -            280   9.5e-11   39.2   3.8   2   3   7.1e-14   9.5e-11   39.2   3.8     5    76   240   312   236   341 0.89 length=414	scaffold=scaffold01683	strand=+	adjustedToFrame=2
4093_g               -            414 8787at5820           -            280   9.5e-11   39.2   3.8   3   3     0.051        68    0.3   0.2   156   219   309   379   305   394 0.58 length=414	scaffold=scaffold01683	strand=+	adjustedToFrame=2
3152_g               -           1111 8787at5820           -            280   1.7e-07   28.6   8.4   1   5   1.3e-10   1.7e-07   28.6   8.4     7   168    35   193    26   206 0.81 length=1111	scaffold=scaffold00880	strand=+	adjustedToFrame=3
3152_g               -           1111 8787at5820           -            280   1.7e-07   28.6   8.4   2   5      0.03        39    1.1   0.2   176   234   313   371   291   376 0.79 length=1111	scaffold=scaffold00880	strand=+	adjustedToFrame=3
3152_g               -           1111 8787at5820           -            280   1.7e-07   28.6   8.4   3   5    0.0017       2.3    5.2   0.4   217   256   388   427   324   447 0.79 length=1111	scaffold=scaffold00880	strand=+	adjustedToFrame=3
3152_g               -           1111 8787at5820           -            280   1.7e-07   28.6   8.4   4   5       0.8   1.1e+03   -3.6   0.0    13    42   474   503   466   514 0.66 length=1111	scaffold=scaffold00880	strand=+	adjustedToFrame=3
3152_g               -           1111 8787at5820           -            280   1.7e-07   28.6   8.4   5   5      0.57   7.6e+02   -3.1   0.6   104   153  1044  1093  1018  1095 0.66 length=1111	scaffold=scaffold00880	strand=+	adjustedToFrame=3
1887_g               -            310 8787at5820           -            280    0.0054   13.8   0.0   1   1   6.1e-06    0.0081   13.2   0.0   107   146   115   154    85   182 0.87 length=310	scaffold=scaffold00325	strand=-
#
# Program:         hmmsearch
# Version:         3.1b2 (February 2015)
# Pipeline mode:   SEARCH
# Query file:      /export/home/bio1901/Documents/29_BINP/OrthoSearch/busco_downloads/lineages/plasmodium_odb10/hmms/8787at5820.hmm
# Target file:     Results/1_GeneSequences/PB.faa
# Option settings: /home/users/bio1901/miniconda3/envs/busco/bin/hmmsearch --domtblout /export/home/bio1901/Documents/29_BINP/OrthoSearch/PB/run_plasmodium_odb10/hmmer_output/8787at5820.out --cpu 1 /export/home/bio1901/Documents/29_BINP/OrthoSearch/busco_downloads/lineages/plasmodium_odb10/hmms/8787at5820.hmm Results/1_GeneSequences/PB.faa 
# Current dir:     /export/home/bio1901/Documents/29_BINP/OrthoSearch
# Date:            Sun Mar 15 18:16:15 2020
# [ok]
