#                                                                            --- full sequence --- -------------- this domain -------------   hmm coord   ali coord   env coord
# target name        accession   tlen query name           accession   qlen   E-value  score  bias   #  of  c-Evalue  i-Evalue  score  bias  from    to  from    to  from    to  acc description of target
#------------------- ---------- ----- -------------------- ---------- ----- --------- ------ ----- --- --- --------- --------- ------ ----- ----- ----- ----- ----- ----- ----- ---- ---------------------
1507_g               -           1229 8818at5820           -            267  2.7e-113  375.7  16.3   1   2  2.7e-115  2.7e-113  375.7  16.3     2   265     6   270     5   272 0.95 length=1229	scaffold=scaffold00229	strand=-
1507_g               -           1229 8818at5820           -            267  2.7e-113  375.7  16.3   2   2       4.2   4.2e+02   -2.0   0.0    11    44  1196  1227  1186  1228 0.76 length=1229	scaffold=scaffold00229	strand=-
1275_g               -            518 8818at5820           -            267   1.5e-52  176.5   8.6   1   2   2.4e-52   2.4e-50  169.3   7.2     4   227    23   246    20   268 0.88 length=518	scaffold=scaffold00176	strand=-
1275_g               -            518 8818at5820           -            267   1.5e-52  176.5   8.6   2   2     0.021       2.1    5.6   0.0   239   265   287   313   278   315 0.88 length=518	scaffold=scaffold00176	strand=-
3036_g               -           1000 8818at5820           -            267   2.3e-48  162.8   7.2   1   2   4.6e-46   4.6e-44  148.7   7.3     2   228   649   874   648   893 0.87 length=1000	scaffold=scaffold00809	strand=+	adjustedToFrame=2
3036_g               -           1000 8818at5820           -            267   2.3e-48  162.8   7.2   2   2   0.00033     0.033   11.5   0.0   239   267   930   958   898   958 0.90 length=1000	scaffold=scaffold00809	strand=+	adjustedToFrame=2
3411_g               -            877 8818at5820           -            267   3.2e-44  149.2   1.8   1   3   5.9e-09   5.9e-07   27.0   0.2     4    72   381   448   376   468 0.85 length=877	scaffold=scaffold01062	strand=-	adjustedToFrame=2
3411_g               -            877 8818at5820           -            267   3.2e-44  149.2   1.8   2   3   4.5e-34   4.5e-32  109.4   0.1   110   222   595   714   551   749 0.85 length=877	scaffold=scaffold01062	strand=-	adjustedToFrame=2
3411_g               -            877 8818at5820           -            267   3.2e-44  149.2   1.8   3   3   0.00081     0.081   10.2   0.0   236   265   770   799   737   801 0.87 length=877	scaffold=scaffold01062	strand=-	adjustedToFrame=2
229_g                -           1128 8818at5820           -            267   1.4e-33  114.3  28.8   1   5   4.1e-25   4.1e-23   80.0  10.1     4   161   115   264   114   278 0.85 length=1128	scaffold=scaffold00016	strand=+
229_g                -           1128 8818at5820           -            267   1.4e-33  114.3  28.8   2   5   1.5e-13   1.5e-11   42.1   0.0   163   205   297   339   293   353 0.86 length=1128	scaffold=scaffold00016	strand=+
229_g                -           1128 8818at5820           -            267   1.4e-33  114.3  28.8   3   5         5     5e+02   -2.2   0.0   212   258   374   420   371   428 0.79 length=1128	scaffold=scaffold00016	strand=+
229_g                -           1128 8818at5820           -            267   1.4e-33  114.3  28.8   4   5       3.6   3.5e+02   -1.8   0.0   239   267   430   458   416   458 0.85 length=1128	scaffold=scaffold00016	strand=+
229_g                -           1128 8818at5820           -            267   1.4e-33  114.3  28.8   5   5       2.7   2.7e+02   -1.4   5.7    84   138   874   931   852   942 0.59 length=1128	scaffold=scaffold00016	strand=+
159_g                -            313 8818at5820           -            267   3.2e-29  100.0   8.5   1   3      0.39        39    1.4   0.0     5    41    44    80    41    89 0.87 length=313	scaffold=scaffold00009	strand=-	adjustedToFrame=2
159_g                -            313 8818at5820           -            267   3.2e-29  100.0   8.5   2   3   2.3e-26   2.3e-24   84.1   1.8    93   228    92   233    86   248 0.83 length=313	scaffold=scaffold00009	strand=-	adjustedToFrame=2
159_g                -            313 8818at5820           -            267   3.2e-29  100.0   8.5   3   3   5.4e-06   0.00054   17.3   0.1   240   266   280   306   270   307 0.90 length=313	scaffold=scaffold00009	strand=-	adjustedToFrame=2
1688_g               -            647 8818at5820           -            267     2e-28   97.4   9.9   1   3       7.1   7.1e+02   -2.7   0.1    11    22    26    37    21    43 0.86 length=647	scaffold=scaffold00271	strand=-
1688_g               -            647 8818at5820           -            267     2e-28   97.4   9.9   2   3   1.3e-25   1.3e-23   81.7   3.9    84   222   167   340    61   348 0.64 length=647	scaffold=scaffold00271	strand=-
1688_g               -            647 8818at5820           -            267     2e-28   97.4   9.9   3   3   0.00032     0.032   11.5   0.0   235   266   387   418   370   419 0.91 length=647	scaffold=scaffold00271	strand=-
2754_g               -           2003 8818at5820           -            267   1.9e-27   94.2   4.3   1   1   1.1e-28   1.1e-26   91.7   4.3     6   265  1629  1884  1625  1886 0.79 length=2003	scaffold=scaffold00652	strand=-	adjustedToFrame=3
2376_g               -            462 8818at5820           -            267     3e-27   93.6   6.9   1   2     3e-29     3e-27   93.6   6.9    11   265    89   337    82   339 0.80 length=462	scaffold=scaffold00492	strand=-
2376_g               -            462 8818at5820           -            267     3e-27   93.6   6.9   2   2       9.9   9.9e+02   -3.2   0.1    56    79   374   397   361   407 0.72 length=462	scaffold=scaffold00492	strand=-
61_g                 -            877 8818at5820           -            267   5.3e-25   86.2  12.3   1   1   2.5e-26   2.5e-24   84.0  12.3     3   266   418   673   416   674 0.80 length=877	scaffold=scaffold00003	strand=+
3015_g               -            760 8818at5820           -            267   1.9e-24   84.4  13.3   1   1   8.7e-26   8.6e-24   82.2  13.3    10   266   316   566   308   567 0.82 length=760	scaffold=scaffold00797	strand=-	adjustedToFrame=3
1961_g               -            485 8818at5820           -            267   2.9e-24   83.8   2.5   1   1   3.2e-25   3.2e-23   80.4   2.5    11   266    46   296    37   297 0.81 length=485	scaffold=scaffold00349	strand=-
2604_g               -           1027 8818at5820           -            267   1.9e-23   81.1   3.1   1   3    0.0018      0.18    9.0   4.0    62   117   388   446   359   474 0.76 length=1027	scaffold=scaffold00578	strand=-	adjustedToFrame=2
2604_g               -           1027 8818at5820           -            267   1.9e-23   81.1   3.1   2   3       5.4   5.4e+02   -2.3   1.7   103   138   554   589   548   611 0.73 length=1027	scaffold=scaffold00578	strand=-	adjustedToFrame=2
2604_g               -           1027 8818at5820           -            267   1.9e-23   81.1   3.1   3   3   1.9e-25   1.9e-23   81.1   3.1     4   256   694   938   692   952 0.74 length=1027	scaffold=scaffold00578	strand=-	adjustedToFrame=2
574_g                -           1016 8818at5820           -            267     1e-21   75.4   3.6   1   1   1.6e-22   1.6e-20   71.6   3.6     3   260    58   338    56   345 0.77 length=1016	scaffold=scaffold00057	strand=-
2166_g               -            585 8818at5820           -            267   1.2e-21   75.2  16.0   1   3   2.9e-10   2.9e-08   31.3   4.2     5    76    35    99    33   140 0.74 length=585	scaffold=scaffold00414	strand=+
2166_g               -            585 8818at5820           -            267   1.2e-21   75.2  16.0   2   3   4.6e-10   4.6e-08   30.7   3.2   100   165   259   324   218   350 0.73 length=585	scaffold=scaffold00414	strand=+
2166_g               -            585 8818at5820           -            267   1.2e-21   75.2  16.0   3   3   3.8e-06   0.00037   17.8   0.0   153   197   529   578   519   583 0.78 length=585	scaffold=scaffold00414	strand=+
825_g                -            769 8818at5820           -            267   6.1e-21   72.9  12.6   1   1   6.1e-23   6.1e-21   72.9  12.6     4   265     9   261     6   263 0.82 length=769	scaffold=scaffold00092	strand=+
1696_g               -            415 8818at5820           -            267   2.4e-20   70.9   3.0   1   2   2.5e-22   2.4e-20   70.9   3.0     9   186    69   245    62   256 0.79 length=415	scaffold=scaffold00273	strand=-
1696_g               -            415 8818at5820           -            267   2.4e-20   70.9   3.0   2   2       5.1   5.1e+02   -2.3   0.0   225   259   251   289   246   299 0.65 length=415	scaffold=scaffold00273	strand=-
1282_g               -            569 8818at5820           -            267   5.1e-20   69.9   0.2   1   2       3.7   3.7e+02   -1.8   2.4    81   137    58   116    20   137 0.56 length=569	scaffold=scaffold00177	strand=+
1282_g               -            569 8818at5820           -            267   5.1e-20   69.9   0.2   2   2   5.1e-22   5.1e-20   69.9   0.2     9   256   260   499   252   515 0.76 length=569	scaffold=scaffold00177	strand=+
2611_g               -           1579 8818at5820           -            267   5.9e-19   66.4  14.3   1   1   3.2e-20   3.2e-18   64.0  14.3     5   238  1139  1370  1134  1393 0.73 length=1579	scaffold=scaffold00584	strand=-
667_g                -            544 8818at5820           -            267     6e-17   59.8   4.9   1   1     5e-18     5e-16   56.8   4.9    11   265   117   364   106   366 0.77 length=544	scaffold=scaffold00069	strand=-
4034_g               -            619 8818at5820           -            267   9.6e-17   59.1   7.2   1   1   1.3e-17   1.3e-15   55.4   7.2    11   203   373   569   362   575 0.76 length=619	scaffold=scaffold01621	strand=-	adjustedToFrame=3
588_g                -            577 8818at5820           -            267   1.3e-16   58.7   9.2   1   1     1e-17     1e-15   55.8   9.2    10   264   286   534   278   537 0.80 length=577	scaffold=scaffold00058	strand=-
3774_g               -           1389 8818at5820           -            267   3.4e-16   57.3   5.7   1   1   3.4e-18   3.4e-16   57.3   5.7    11   255   258   494   248   505 0.71 length=1389	scaffold=scaffold01374	strand=-	adjustedToFrame=2
3118_g               -            750 8818at5820           -            267   7.5e-16   56.2   7.6   1   3    0.0073      0.73    7.1   3.3     9    67   488   542   481   559 0.72 length=750	scaffold=scaffold00857	strand=+
3118_g               -            750 8818at5820           -            267   7.5e-16   56.2   7.6   2   3   5.4e-15   5.4e-13   46.8   0.0   125   224   559   660   541   684 0.77 length=750	scaffold=scaffold00857	strand=+
3118_g               -            750 8818at5820           -            267   7.5e-16   56.2   7.6   3   3      0.12        12    3.0   0.0   230   266   701   738   674   739 0.74 length=750	scaffold=scaffold00857	strand=+
1671_g               -           1921 8818at5820           -            267   9.2e-16   55.9   5.4   1   3       2.1   2.1e+02   -1.0   4.6    47   107   215   276   173   334 0.69 length=1921	scaffold=scaffold00267	strand=+
1671_g               -           1921 8818at5820           -            267   9.2e-16   55.9   5.4   2   3     0.013       1.3    6.2   1.1     5    78   567   655   564   665 0.67 length=1921	scaffold=scaffold00267	strand=+
1671_g               -           1921 8818at5820           -            267   9.2e-16   55.9   5.4   3   3   9.2e-18   9.2e-16   55.9   5.4    22   209   679   877   673   930 0.71 length=1921	scaffold=scaffold00267	strand=+
1269_g               -           2717 8818at5820           -            267   1.7e-15   55.0   5.0   1   1   1.7e-17   1.7e-15   55.0   5.0     2   267   108   392   107   392 0.76 length=2717	scaffold=scaffold00175	strand=-
347_g                -           1559 8818at5820           -            267   9.3e-15   52.6   6.0   1   2   1.5e-06   0.00015   19.2   1.2    91   150  1087  1149  1054  1156 0.80 length=1559	scaffold=scaffold00028	strand=+
347_g                -           1559 8818at5820           -            267   9.3e-15   52.6   6.0   2   2   1.2e-14   1.2e-12   45.7   0.2   152   238  1336  1423  1323  1439 0.82 length=1559	scaffold=scaffold00028	strand=+
4051_g               -            682 8818at5820           -            267   1.2e-14   52.3   8.8   1   1   3.6e-16   3.6e-14   50.7   8.8    61   161    56   166    51   170 0.79 length=682	scaffold=scaffold01642	strand=-
3843_g               -           1019 8818at5820           -            267   1.1e-13   49.1   3.0   1   3       1.6   1.6e+02   -0.6   0.4    10    64   501   558   494   579 0.72 length=1019	scaffold=scaffold01434	strand=-	adjustedToFrame=2
3843_g               -           1019 8818at5820           -            267   1.1e-13   49.1   3.0   2   3   1.7e-13   1.7e-11   41.9   0.2   105   224   686   822   680   837 0.80 length=1019	scaffold=scaffold01434	strand=-	adjustedToFrame=2
3843_g               -           1019 8818at5820           -            267   1.1e-13   49.1   3.0   3   3     0.048       4.8    4.4   0.0   238   265   988  1015   983  1017 0.91 length=1019	scaffold=scaffold01434	strand=-	adjustedToFrame=2
2951_g               -            907 8818at5820           -            267     2e-13   48.2   2.5   1   1     2e-15     2e-13   48.2   2.5     3   209   676   883   674   902 0.71 length=907	scaffold=scaffold00756	strand=+
1927_g               -            810 8818at5820           -            267   9.1e-13   46.1   7.4   1   2   3.6e-09   3.6e-07   27.7   3.4   101   147   355   402   283   411 0.82 length=810	scaffold=scaffold00339	strand=+
1927_g               -            810 8818at5820           -            267   9.1e-13   46.1   7.4   2   2   1.6e-06   0.00016   19.1   0.1   170   255   501   592   493   605 0.73 length=810	scaffold=scaffold00339	strand=+
524_g                -           1487 8818at5820           -            267   5.5e-12   43.5   0.6   1   1   2.8e-12   2.8e-10   37.9   0.6     5   265    52   314    48   316 0.70 length=1487	scaffold=scaffold00051	strand=-
2556_g               -            656 8818at5820           -            267   9.1e-11   39.5  15.8   1   2       5.4   5.4e+02   -2.4   0.5    63    94   165   196   156   208 0.78 length=656	scaffold=scaffold00556	strand=+
2556_g               -            656 8818at5820           -            267   9.1e-11   39.5  15.8   2   2   9.1e-13   9.1e-11   39.5  15.8    26   162   456   588   445   626 0.79 length=656	scaffold=scaffold00556	strand=+
2410_g               -            133 8818at5820           -            267   1.1e-10   39.3   0.1   1   1   1.2e-12   1.2e-10   39.1   0.1   141   258     2   124     1   132 0.75 length=133	scaffold=scaffold00503	strand=-
2396_g               -            275 8818at5820           -            267   1.5e-10   38.8   9.8   1   1   2.2e-12   2.2e-10   38.3   9.7    81   211    87   221    24   264 0.66 length=275	scaffold=scaffold00499	strand=-
3874_g               -            126 8818at5820           -            267   3.5e-10   37.6   2.2   1   1     4e-12     4e-10   37.4   2.2     4    75    17    93    14   120 0.85 length=126	scaffold=scaffold01462	strand=+
1764_g               -            234 8818at5820           -            267     4e-10   37.4   0.0   1   1   5.4e-12   5.4e-10   37.0   0.0   171   265    39   136     1   138 0.76 length=234	scaffold=scaffold00292	strand=+	adjustedToFrame=2
1516_g               -           1695 8818at5820           -            267     5e-09   33.8   2.6   1   2       0.9        89    0.2   0.2     6    35  1332  1359  1325  1378 0.73 length=1695	scaffold=scaffold00231	strand=+
1516_g               -           1695 8818at5820           -            267     5e-09   33.8   2.6   2   2   1.2e-10   1.2e-08   32.6   0.2    96   209  1500  1619  1433  1631 0.72 length=1695	scaffold=scaffold00231	strand=+
3635_g               -            463 8818at5820           -            267   3.1e-08   31.2  16.7   1   1   8.7e-10   8.7e-08   29.8  16.7     4   161   272   420   268   436 0.86 length=463	scaffold=scaffold01242	strand=+
2390_g               -            587 8818at5820           -            267   9.1e-05   19.9  13.2   1   2   9.1e-07   9.1e-05   19.9  13.2    24   149   203   316   196   333 0.77 length=587	scaffold=scaffold00497	strand=+
2390_g               -            587 8818at5820           -            267   9.1e-05   19.9  13.2   2   2       1.6   1.6e+02   -0.6   0.0   137   163   407   436   400   462 0.72 length=587	scaffold=scaffold00497	strand=+
#
# Program:         hmmsearch
# Version:         3.1b2 (February 2015)
# Pipeline mode:   SEARCH
# Query file:      /export/home/bio1901/Documents/29_BINP/OrthoSearch/busco_downloads/lineages/plasmodium_odb10/hmms/8818at5820.hmm
# Target file:     Results/1_GeneSequences/PB.faa
# Option settings: /home/users/bio1901/miniconda3/envs/busco/bin/hmmsearch --domtblout /export/home/bio1901/Documents/29_BINP/OrthoSearch/PB/run_plasmodium_odb10/hmmer_output/8818at5820.out --cpu 1 /export/home/bio1901/Documents/29_BINP/OrthoSearch/busco_downloads/lineages/plasmodium_odb10/hmms/8818at5820.hmm Results/1_GeneSequences/PB.faa 
# Current dir:     /export/home/bio1901/Documents/29_BINP/OrthoSearch
# Date:            Sun Mar 15 18:16:21 2020
# [ok]
