#                                                                            --- full sequence --- -------------- this domain -------------   hmm coord   ali coord   env coord
# target name        accession   tlen query name           accession   qlen   E-value  score  bias   #  of  c-Evalue  i-Evalue  score  bias  from    to  from    to  from    to  acc description of target
#------------------- ---------- ----- -------------------- ---------- ----- --------- ------ ----- --- --- --------- --------- ------ ----- ----- ----- ----- ----- ----- ----- ---- ---------------------
1903_g               -           1415 8841at5820           -            367    3e-180  596.9  79.5   1   8         2     4e+03   -8.7  14.5   143   184    77   117    66   135 0.62 length=1415	scaffold=scaffold00330	strand=+
1903_g               -           1415 8841at5820           -            367    3e-180  596.9  79.5   2   8         2     4e+03   -7.0  12.7   274   351   147   225   133   239 0.74 length=1415	scaffold=scaffold00330	strand=+
1903_g               -           1415 8841at5820           -            367    3e-180  596.9  79.5   3   8         2     4e+03  -14.4  16.3   150   183   335   368   247   386 0.50 length=1415	scaffold=scaffold00330	strand=+
1903_g               -           1415 8841at5820           -            367    3e-180  596.9  79.5   4   8         2     4e+03  -10.8  13.4   155   197   357   399   339   421 0.61 length=1415	scaffold=scaffold00330	strand=+
1903_g               -           1415 8841at5820           -            367    3e-180  596.9  79.5   5   8         2     4e+03   -6.2   7.1   128   175   425   474   389   499 0.79 length=1415	scaffold=scaffold00330	strand=+
1903_g               -           1415 8841at5820           -            367    3e-180  596.9  79.5   6   8         2     4e+03  -34.0  44.3    24   296   558   829   534   859 0.57 length=1415	scaffold=scaffold00330	strand=+
1903_g               -           1415 8841at5820           -            367    3e-180  596.9  79.5   7   8     6e-98   1.2e-94  315.2  28.7     1   184   899  1085   899  1104 0.95 length=1415	scaffold=scaffold00330	strand=+
1903_g               -           1415 8841at5820           -            367    3e-180  596.9  79.5   8   8   1.7e-92   3.4e-89  297.3  42.8   170   366  1189  1411  1117  1412 0.82 length=1415	scaffold=scaffold00330	strand=+
1680_g               -            237 8841at5820           -            367   1.2e-07   28.9  17.0   1   3         2   3.9e+03   -5.7   9.4   157   188    33    63    15    83 0.47 length=237	scaffold=scaffold00269	strand=+
1680_g               -            237 8841at5820           -            367   1.2e-07   28.9  17.0   2   3   6.2e-11   1.2e-07   28.9  17.0   287   366    99   179    84   180 0.63 length=237	scaffold=scaffold00269	strand=+
1680_g               -            237 8841at5820           -            367   1.2e-07   28.9  17.0   3   3      0.15   3.1e+02   -2.0   2.2   138   163   192   217   181   231 0.43 length=237	scaffold=scaffold00269	strand=+
#
# Program:         hmmsearch
# Version:         3.1b2 (February 2015)
# Pipeline mode:   SEARCH
# Query file:      /export/home/bio1901/Documents/29_BINP/OrthoSearch/busco_downloads/lineages/plasmodium_odb10/hmms/8841at5820.hmm
# Target file:     Results/1_GeneSequences/PB.faa
# Option settings: /home/users/bio1901/miniconda3/envs/busco/bin/hmmsearch --domtblout /export/home/bio1901/Documents/29_BINP/OrthoSearch/PB/run_plasmodium_odb10/hmmer_output/8841at5820.out --cpu 1 /export/home/bio1901/Documents/29_BINP/OrthoSearch/busco_downloads/lineages/plasmodium_odb10/hmms/8841at5820.hmm Results/1_GeneSequences/PB.faa 
# Current dir:     /export/home/bio1901/Documents/29_BINP/OrthoSearch
# Date:            Sun Mar 15 18:16:23 2020
# [ok]
