#                                                                            --- full sequence --- -------------- this domain -------------   hmm coord   ali coord   env coord
# target name        accession   tlen query name           accession   qlen   E-value  score  bias   #  of  c-Evalue  i-Evalue  score  bias  from    to  from    to  from    to  acc description of target
#------------------- ---------- ----- -------------------- ---------- ----- --------- ------ ----- --- --- --------- --------- ------ ----- ----- ----- ----- ----- ----- ----- ---- ---------------------
1595_g               -           1271 890at5820            -           1531  6.9e-223  740.6 216.5   1   5  1.6e-104  9.1e-102  339.2  43.0   722   964    15   267     2   280 0.92 length=1271	scaffold=scaffold00249	strand=+
1595_g               -           1271 890at5820            -           1531  6.9e-223  740.6 216.5   2   5   4.4e-49   2.5e-46  155.4  65.5   962  1159   361   716   332   732 0.87 length=1271	scaffold=scaffold00249	strand=+
1595_g               -           1271 890at5820            -           1531  6.9e-223  740.6 216.5   3   5   6.3e-36   3.6e-33  111.8  17.0  1163  1255   787   880   741   888 0.77 length=1271	scaffold=scaffold00249	strand=+
1595_g               -           1271 890at5820            -           1531  6.9e-223  740.6 216.5   4   5   1.2e-55   6.9e-53  177.2  34.6  1253  1459   928  1167   900  1199 0.79 length=1271	scaffold=scaffold00249	strand=+
1595_g               -           1271 890at5820            -           1531  6.9e-223  740.6 216.5   5   5         7     4e+03  -18.5  22.5    74   115  1204  1247  1186  1255 0.75 length=1271	scaffold=scaffold00249	strand=+
1594_g               -            670 890at5820            -           1531  9.7e-166  551.2 105.6   1   5   2.5e-62   1.4e-59  199.4  23.5   237   378    11   166     1   174 0.83 length=670	scaffold=scaffold00249	strand=+
1594_g               -            670 890at5820            -           1531  9.7e-166  551.2 105.6   2   5     5e-24   2.9e-21   72.4   7.7   368   465   193   290   184   295 0.83 length=670	scaffold=scaffold00249	strand=+
1594_g               -            670 890at5820            -           1531  9.7e-166  551.2 105.6   3   5   5.2e-50     3e-47  158.5  16.1   415   534   291   410   287   411 0.96 length=670	scaffold=scaffold00249	strand=+
1594_g               -            670 890at5820            -           1531  9.7e-166  551.2 105.6   4   5     8e-51   4.6e-48  161.2  11.4   588   696   410   518   409   590 0.83 length=670	scaffold=scaffold00249	strand=+
1594_g               -            670 890at5820            -           1531  9.7e-166  551.2 105.6   5   5         7     4e+03  -18.3  21.6   658   687   625   654   558   668 0.52 length=670	scaffold=scaffold00249	strand=+
52_g                 -            804 890at5820            -           1531   1.3e-64  216.0  15.0   1   2   1.4e-20   7.7e-18   61.0   0.0    98   208    87   194    73   198 0.86 length=804	scaffold=scaffold00003	strand=-
52_g                 -            804 890at5820            -           1531   1.3e-64  216.0  15.0   2   2   6.3e-45   3.6e-42  141.7  15.0   252   848   203   746   195   761 0.77 length=804	scaffold=scaffold00003	strand=-
2087_g               -           2317 890at5820            -           1531   5.6e-50  167.5  34.1   1   6   4.6e-21   2.6e-18   62.6   0.1    99   208   277   379   196   382 0.92 length=2317	scaffold=scaffold00386	strand=-
2087_g               -           2317 890at5820            -           1531   5.6e-50  167.5  34.1   2   6   1.6e-14     9e-12   40.9   1.4   261   367   399   500   383   518 0.76 length=2317	scaffold=scaffold00386	strand=-
2087_g               -           2317 890at5820            -           1531   5.6e-50  167.5  34.1   3   6     1e-29   5.8e-27   91.2  22.1   370   802   592   977   577   994 0.82 length=2317	scaffold=scaffold00386	strand=-
2087_g               -           2317 890at5820            -           1531   5.6e-50  167.5  34.1   4   6         7     4e+03  -15.1  16.6   836   944  1088  1205  1010  1238 0.69 length=2317	scaffold=scaffold00386	strand=-
2087_g               -           2317 890at5820            -           1531   5.6e-50  167.5  34.1   5   6         7     4e+03   -8.5   9.9   221   272  1403  1453  1393  1513 0.55 length=2317	scaffold=scaffold00386	strand=-
2087_g               -           2317 890at5820            -           1531   5.6e-50  167.5  34.1   6   6       4.8   2.7e+03   -7.1   7.5   923  1026  1672  1769  1658  1936 0.76 length=2317	scaffold=scaffold00386	strand=-
1803_g               -           1639 890at5820            -           1531   1.9e-46  155.8 109.2   1   5     1e-25   5.8e-23   78.0  29.0    35   364    43   353     2   372 0.73 length=1639	scaffold=scaffold00302	strand=-
1803_g               -           1639 890at5820            -           1531   1.9e-46  155.8 109.2   2   5         7     4e+03   -8.8  11.1   380   505   443   576   414   582 0.64 length=1639	scaffold=scaffold00302	strand=-
1803_g               -           1639 890at5820            -           1531   1.9e-46  155.8 109.2   3   5     2e-30   1.1e-27   93.6  72.3   491   940   620  1122   615  1213 0.70 length=1639	scaffold=scaffold00302	strand=-
1803_g               -           1639 890at5820            -           1531   1.9e-46  155.8 109.2   4   5         7     4e+03   -9.2  14.2   211   311  1305  1410  1290  1464 0.66 length=1639	scaffold=scaffold00302	strand=-
1803_g               -           1639 890at5820            -           1531   1.9e-46  155.8 109.2   5   5       5.8   3.3e+03   -7.4   4.8   616   663  1532  1583  1522  1630 0.60 length=1639	scaffold=scaffold00302	strand=-
516_g                -           1491 890at5820            -           1531     2e-31  106.1  44.9   1   3   7.5e-30   4.3e-27   91.7  14.2    92   419    91   385    16   394 0.80 length=1491	scaffold=scaffold00050	strand=-
516_g                -           1491 890at5820            -           1531     2e-31  106.1  44.9   2   3     3e-11   1.7e-08   30.0  22.7   419   780   424   764   417   776 0.76 length=1491	scaffold=scaffold00050	strand=-
516_g                -           1491 890at5820            -           1531     2e-31  106.1  44.9   3   3         7     4e+03   -7.7   6.6  1091  1134  1194  1244  1050  1339 0.62 length=1491	scaffold=scaffold00050	strand=-
2561_g               -            255 890at5820            -           1531   3.7e-12   42.2  19.0   1   2    0.0015      0.85    4.5   1.2   273   316     1    44     1    57 0.84 length=255	scaffold=scaffold00558	strand=-
2561_g               -            255 890at5820            -           1531   3.7e-12   42.2  19.0   2   2   6.5e-15   3.7e-12   42.2  19.0   419   583    64   216    48   252 0.86 length=255	scaffold=scaffold00558	strand=-
#
# Program:         hmmsearch
# Version:         3.1b2 (February 2015)
# Pipeline mode:   SEARCH
# Query file:      /export/home/bio1901/Documents/29_BINP/OrthoSearch/busco_downloads/lineages/plasmodium_odb10/hmms/890at5820.hmm
# Target file:     Results/1_GeneSequences/PB.faa
# Option settings: /home/users/bio1901/miniconda3/envs/busco/bin/hmmsearch --domtblout /export/home/bio1901/Documents/29_BINP/OrthoSearch/PB/run_plasmodium_odb10/hmmer_output/890at5820.out --cpu 1 /export/home/bio1901/Documents/29_BINP/OrthoSearch/busco_downloads/lineages/plasmodium_odb10/hmms/890at5820.hmm Results/1_GeneSequences/PB.faa 
# Current dir:     /export/home/bio1901/Documents/29_BINP/OrthoSearch
# Date:            Sun Mar 15 18:16:26 2020
# [ok]
