#                                                                            --- full sequence --- -------------- this domain -------------   hmm coord   ali coord   env coord
# target name        accession   tlen query name           accession   qlen   E-value  score  bias   #  of  c-Evalue  i-Evalue  score  bias  from    to  from    to  from    to  acc description of target
#------------------- ---------- ----- -------------------- ---------- ----- --------- ------ ----- --- --- --------- --------- ------ ----- ----- ----- ----- ----- ----- ----- ---- ---------------------
3201_g               -            271 8923at5820           -            276   7.5e-16   56.1  20.7   1   2   5.9e-15   7.8e-12   43.0  13.9    28   199     3   159     1   192 0.69 length=271	scaffold=scaffold00912	strand=-
3201_g               -            271 8923at5820           -            276   7.5e-16   56.1  20.7   2   2     3e-07   0.00039   17.7   0.5   218   259   211   251   200   267 0.80 length=271	scaffold=scaffold00912	strand=-
1900_g               -            425 8923at5820           -            276   1.4e-09   35.6  12.4   1   2   4.8e-12   6.4e-09   33.4   2.3    26   120    97   204    87   238 0.74 length=425	scaffold=scaffold00329	strand=-
1900_g               -            425 8923at5820           -            276   1.4e-09   35.6  12.4   2   2   0.00076         1    6.5   2.7   220   274   297   349   279   351 0.88 length=425	scaffold=scaffold00329	strand=-
2491_g               -            239 8923at5820           -            276     4e-09   34.1   0.4   1   3   5.1e-06    0.0067   13.6   0.1    30   105    33    96    22   100 0.81 length=239	scaffold=scaffold00533	strand=+
2491_g               -            239 8923at5820           -            276     4e-09   34.1   0.4   2   3   3.8e-05     0.051   10.8   0.0   135   211    64   145    63   171 0.71 length=239	scaffold=scaffold00533	strand=+
2491_g               -            239 8923at5820           -            276     4e-09   34.1   0.4   3   3   4.8e-06    0.0063   13.7   0.1   219   266   180   227   174   234 0.88 length=239	scaffold=scaffold00533	strand=+
#
# Program:         hmmsearch
# Version:         3.1b2 (February 2015)
# Pipeline mode:   SEARCH
# Query file:      /export/home/bio1901/Documents/29_BINP/OrthoSearch/busco_downloads/lineages/plasmodium_odb10/hmms/8923at5820.hmm
# Target file:     Results/1_GeneSequences/PB.faa
# Option settings: /home/users/bio1901/miniconda3/envs/busco/bin/hmmsearch --domtblout /export/home/bio1901/Documents/29_BINP/OrthoSearch/PB/run_plasmodium_odb10/hmmer_output/8923at5820.out --cpu 1 /export/home/bio1901/Documents/29_BINP/OrthoSearch/busco_downloads/lineages/plasmodium_odb10/hmms/8923at5820.hmm Results/1_GeneSequences/PB.faa 
# Current dir:     /export/home/bio1901/Documents/29_BINP/OrthoSearch
# Date:            Sun Mar 15 18:16:28 2020
# [ok]
