#                                                                            --- full sequence --- -------------- this domain -------------   hmm coord   ali coord   env coord
# target name        accession   tlen query name           accession   qlen   E-value  score  bias   #  of  c-Evalue  i-Evalue  score  bias  from    to  from    to  from    to  acc description of target
#------------------- ---------- ----- -------------------- ---------- ----- --------- ------ ----- --- --- --------- --------- ------ ----- ----- ----- ----- ----- ----- ----- ---- ---------------------
3974_g               -            558 8950at5820           -            318  2.7e-129  428.6  70.6   1   3   1.5e-84     2e-81  271.3   9.3     1   162     4   164     4   187 0.93 length=558	scaffold=scaffold01557	strand=-	adjustedToFrame=2
3974_g               -            558 8950at5820           -            318  2.7e-129  428.6  70.6   2   3   5.9e-09   7.8e-06   23.0  34.5   164   274   281   387   270   434 0.59 length=558	scaffold=scaffold01557	strand=-	adjustedToFrame=2
3974_g               -            558 8950at5820           -            318  2.7e-129  428.6  70.6   3   3   6.4e-46   8.5e-43  144.4   7.9   205   317   444   555   432   556 0.87 length=558	scaffold=scaffold01557	strand=-	adjustedToFrame=2
989_g                -            391 8950at5820           -            318   1.4e-22   78.0   6.0   1   2     1e-25   1.4e-22   78.0   6.0    36   134    17   118     7   264 0.80 length=391	scaffold=scaffold00118	strand=-
989_g                -            391 8950at5820           -            318   1.4e-22   78.0   6.0   2   2         3     4e+03   -7.2  14.1   198   240   282   326   270   371 0.62 length=391	scaffold=scaffold00118	strand=-
2919_g               -            501 8950at5820           -            318   3.9e-16   56.8   0.7   1   3   2.9e-19   3.9e-16   56.8   0.7    32    95    18    81     8   101 0.81 length=501	scaffold=scaffold00739	strand=+
2919_g               -            501 8950at5820           -            318   3.9e-16   56.8   0.7   2   3      0.73   9.7e+02   -3.6   1.4   158   184   190   216   163   224 0.54 length=501	scaffold=scaffold00739	strand=+
2919_g               -            501 8950at5820           -            318   3.9e-16   56.8   0.7   3   3         3     4e+03   -5.9  21.9   140   263   281   407   259   430 0.71 length=501	scaffold=scaffold00739	strand=+
#
# Program:         hmmsearch
# Version:         3.1b2 (February 2015)
# Pipeline mode:   SEARCH
# Query file:      /export/home/bio1901/Documents/29_BINP/OrthoSearch/busco_downloads/lineages/plasmodium_odb10/hmms/8950at5820.hmm
# Target file:     Results/1_GeneSequences/PB.faa
# Option settings: /home/users/bio1901/miniconda3/envs/busco/bin/hmmsearch --domtblout /export/home/bio1901/Documents/29_BINP/OrthoSearch/PB/run_plasmodium_odb10/hmmer_output/8950at5820.out --cpu 1 /export/home/bio1901/Documents/29_BINP/OrthoSearch/busco_downloads/lineages/plasmodium_odb10/hmms/8950at5820.hmm Results/1_GeneSequences/PB.faa 
# Current dir:     /export/home/bio1901/Documents/29_BINP/OrthoSearch
# Date:            Sun Mar 15 18:16:29 2020
# [ok]
