#                                                                            --- full sequence --- -------------- this domain -------------   hmm coord   ali coord   env coord
# target name        accession   tlen query name           accession   qlen   E-value  score  bias   #  of  c-Evalue  i-Evalue  score  bias  from    to  from    to  from    to  acc description of target
#------------------- ---------- ----- -------------------- ---------- ----- --------- ------ ----- --- --- --------- --------- ------ ----- ----- ----- ----- ----- ----- ----- ---- ---------------------
3036_g               -           1000 8961at5820           -            243   1.2e-47  160.1   1.9   1   2   6.7e-46     6e-44  148.1   1.9     2   214   666   892   665   915 0.85 length=1000	scaffold=scaffold00809	strand=+	adjustedToFrame=2
3036_g               -           1000 8961at5820           -            243   1.2e-47  160.1   1.9   2   2    0.0012      0.11    9.7   0.0   216   239   925   948   920   957 0.83 length=1000	scaffold=scaffold00809	strand=+	adjustedToFrame=2
1275_g               -            518 8961at5820           -            243     9e-45  150.8   5.3   1   2       1.7   1.5e+02   -0.6   0.2    25    70     5    52     2    58 0.81 length=518	scaffold=scaffold00176	strand=-
1275_g               -            518 8961at5820           -            243     9e-45  150.8   5.3   2   2   1.1e-46     1e-44  150.6   3.2    21   241    64   307    37   309 0.78 length=518	scaffold=scaffold00176	strand=-
3411_g               -            877 8961at5820           -            243   1.5e-37  127.1   0.3   1   3   6.1e-05    0.0054   13.9   0.1    11    49   406   450   397   472 0.76 length=877	scaffold=scaffold01062	strand=-	adjustedToFrame=2
3411_g               -            877 8961at5820           -            243   1.5e-37  127.1   0.3   2   3   1.5e-32   1.3e-30  104.4   0.0    80   186   601   711   577   731 0.89 length=877	scaffold=scaffold01062	strand=-	adjustedToFrame=2
3411_g               -            877 8961at5820           -            243   1.5e-37  127.1   0.3   3   3     0.043       3.8    4.6   0.0   215   240   767   792   752   795 0.87 length=877	scaffold=scaffold01062	strand=-	adjustedToFrame=2
229_g                -           1128 8961at5820           -            243   1.4e-32  110.8   7.6   1   2   7.1e-18   6.3e-16   56.3   4.1     9   128   138   270   129   279 0.79 length=1128	scaffold=scaffold00016	strand=+
229_g                -           1128 8961at5820           -            243   1.4e-32  110.8   7.6   2   2   1.3e-15   1.2e-13   48.9   0.1   130   238   297   447   293   457 0.70 length=1128	scaffold=scaffold00016	strand=+
159_g                -            313 8961at5820           -            243   3.5e-27   93.1   1.1   1   1   7.2e-29   6.4e-27   92.3   1.1    38   243    73   306    43   306 0.78 length=313	scaffold=scaffold00009	strand=-	adjustedToFrame=2
1688_g               -            647 8961at5820           -            243   1.4e-25   87.9   4.7   1   2     0.084       7.5    3.7   0.0    25    53   110   139    97   154 0.83 length=647	scaffold=scaffold00271	strand=-
1688_g               -            647 8961at5820           -            243   1.4e-25   87.9   4.7   2   2     5e-25   4.4e-23   79.7   1.9    50   239   171   409   153   413 0.71 length=647	scaffold=scaffold00271	strand=-
2376_g               -            462 8961at5820           -            243   2.8e-24   83.6   0.7   1   1   1.1e-25   9.6e-24   81.9   0.7     2   189    97   292    96   333 0.75 length=462	scaffold=scaffold00492	strand=-
588_g                -            577 8961at5820           -            243   8.8e-24   82.0   3.2   1   1   2.2e-24   1.9e-22   77.6   3.2    27   179   328   485   317   530 0.89 length=577	scaffold=scaffold00058	strand=-
1507_g               -           1229 8961at5820           -            243   8.2e-23   78.9   6.2   1   1   1.6e-23   1.4e-21   74.8   6.2     2   175    23   215    22   264 0.77 length=1229	scaffold=scaffold00229	strand=-
61_g                 -            877 8961at5820           -            243   1.8e-22   77.7   1.7   1   2   4.9e-24   4.3e-22   76.5   1.3    23   178   463   620   439   639 0.84 length=877	scaffold=scaffold00003	strand=+
61_g                 -            877 8961at5820           -            243   1.8e-22   77.7   1.7   2   2       6.3   5.6e+02   -2.5   0.0   210   238   635   663   628   667 0.82 length=877	scaffold=scaffold00003	strand=+
2754_g               -           2003 8961at5820           -            243   4.7e-21   73.1   2.5   1   2       5.1   4.6e+02   -2.2   0.0    64    98    58    92    54    98 0.87 length=2003	scaffold=scaffold00652	strand=-	adjustedToFrame=3
2754_g               -           2003 8961at5820           -            243   4.7e-21   73.1   2.5   2   2   4.3e-22   3.8e-20   70.1   1.4    13   237  1654  1874  1641  1880 0.77 length=2003	scaffold=scaffold00652	strand=-	adjustedToFrame=3
1961_g               -            485 8961at5820           -            243   9.6e-21   72.1   0.6   1   1   7.2e-22   6.4e-20   69.4   0.2    13   240    69   288    53   295 0.72 length=485	scaffold=scaffold00349	strand=-
825_g                -            769 8961at5820           -            243   2.7e-20   70.6   1.8   1   1   6.4e-22   5.7e-20   69.6   1.7    16   177    45   208    32   238 0.86 length=769	scaffold=scaffold00092	strand=+
3015_g               -            760 8961at5820           -            243   3.6e-20   70.2   0.6   1   2       8.1   7.2e+02   -2.8   0.9     6    43    42    78    38    82 0.72 length=760	scaffold=scaffold00797	strand=-	adjustedToFrame=3
3015_g               -            760 8961at5820           -            243   3.6e-20   70.2   0.6   2   2   4.1e-22   3.6e-20   70.2   0.6     9   188   333   519   325   532 0.81 length=760	scaffold=scaffold00797	strand=-	adjustedToFrame=3
574_g                -           1016 8961at5820           -            243   1.7e-18   64.7   2.0   1   1   1.9e-19   1.7e-17   61.5   2.0    21   177   100   289    79   309 0.76 length=1016	scaffold=scaffold00057	strand=-
2611_g               -           1579 8961at5820           -            243   6.8e-18   62.7   2.9   1   1   1.8e-19   1.6e-17   61.6   2.9    16   173  1171  1332  1155  1349 0.82 length=1579	scaffold=scaffold00584	strand=-
4028_g               -            733 8961at5820           -            243   1.9e-17   61.3   0.1   1   1   4.7e-19   4.1e-17   60.2   0.1    47   173   590   723   551   730 0.75 length=733	scaffold=scaffold01617	strand=-
1696_g               -            415 8961at5820           -            243   5.1e-17   59.9   0.4   1   1     1e-18   8.9e-17   59.1   0.4     3   152    80   244    78   255 0.79 length=415	scaffold=scaffold00273	strand=-
3103_g               -           2213 8961at5820           -            243   4.1e-16   56.9   0.7   1   1   1.3e-17   1.2e-15   55.4   0.7    21   171  1417  1579  1397  1587 0.79 length=2213	scaffold=scaffold00848	strand=-	adjustedToFrame=3
1282_g               -            569 8961at5820           -            243   4.8e-15   53.4   0.0   1   1   1.4e-16   1.2e-14   52.1   0.0    75   202   351   477   286   485 0.75 length=569	scaffold=scaffold00177	strand=+
174_g                -           4436 8961at5820           -            243   1.2e-14   52.2   0.1   1   1   1.3e-16   1.2e-14   52.2   0.1    78   241  4208  4406  4192  4412 0.78 length=4436	scaffold=scaffold00011	strand=-
667_g                -            544 8961at5820           -            243   2.9e-14   50.8   0.1   1   1   4.9e-16   4.4e-14   50.3   0.1     9   185   133   315   125   353 0.75 length=544	scaffold=scaffold00069	strand=-
2604_g               -           1027 8961at5820           -            243   5.6e-14   49.9   0.1   1   1   1.3e-14   1.1e-12   45.6   0.1    26   184   741   899   716   941 0.75 length=1027	scaffold=scaffold00578	strand=-	adjustedToFrame=2
2396_g               -            275 8961at5820           -            243   5.7e-12   43.4   1.4   1   1   8.7e-14   7.7e-12   42.9   1.4    25   191    68   234    38   265 0.75 length=275	scaffold=scaffold00499	strand=-
2166_g               -            585 8961at5820           -            243     8e-12   42.9   5.6   1   3   0.00013     0.012   12.9   0.7     1    49    48    97    48   124 0.68 length=585	scaffold=scaffold00414	strand=+
2166_g               -            585 8961at5820           -            243     8e-12   42.9   5.6   2   3   0.00039     0.034   11.3   0.1    79   110   274   308   237   314 0.87 length=585	scaffold=scaffold00414	strand=+
2166_g               -            585 8961at5820           -            243     8e-12   42.9   5.6   3   3   1.2e-06   0.00011   19.5   0.0   130   164   544   578   526   582 0.83 length=585	scaffold=scaffold00414	strand=+
3774_g               -           1389 8961at5820           -            243   1.5e-11   42.0   0.2   1   1   6.1e-13   5.4e-11   40.1   0.2    33   188   305   463   265   475 0.78 length=1389	scaffold=scaffold01374	strand=-	adjustedToFrame=2
1447_g               -           2823 8961at5820           -            243   2.3e-11   41.4   0.4   1   1   2.5e-12   2.2e-10   38.2   0.4    23   180  1592  1751  1572  1799 0.73 length=2823	scaffold=scaffold00214	strand=+
3118_g               -            750 8961at5820           -            243   5.3e-11   40.2   5.8   1   3     0.019       1.7    5.8   2.8    14    67   511   573   497   575 0.73 length=750	scaffold=scaffold00857	strand=+
3118_g               -            750 8961at5820           -            243   5.3e-11   40.2   5.8   2   3     4e-11   3.5e-09   34.2   0.0    99   179   572   650   568   660 0.88 length=750	scaffold=scaffold00857	strand=+
3118_g               -            750 8961at5820           -            243   5.3e-11   40.2   5.8   3   3       1.1        94    0.1   0.0   222   238   712   728   701   738 0.82 length=750	scaffold=scaffold00857	strand=+
2951_g               -            907 8961at5820           -            243   9.8e-11   39.3   0.4   1   1   4.7e-12   4.2e-10   37.2   0.4    86   172   794   879   712   888 0.71 length=907	scaffold=scaffold00756	strand=+
1643_g               -            839 8961at5820           -            243     1e-10   39.3   3.4   1   1   1.1e-12     1e-10   39.3   3.4     2   167    38   233    37   246 0.68 length=839	scaffold=scaffold00260	strand=+
4034_g               -            619 8961at5820           -            243   1.8e-10   38.5   1.0   1   1   3.7e-12   3.2e-10   37.6   1.0    20   163   406   564   380   598 0.76 length=619	scaffold=scaffold01621	strand=-	adjustedToFrame=3
347_g                -           1559 8961at5820           -            243   2.1e-10   38.2  11.9   1   4       4.5     4e+02   -2.0   1.6    24    67   266   312   257   331 0.76 length=1559	scaffold=scaffold00028	strand=+
347_g                -           1559 8961at5820           -            243   2.1e-10   38.2  11.9   2   4   3.7e-07   3.2e-05   21.2   0.3    39   110  1073  1148  1058  1156 0.82 length=1559	scaffold=scaffold00028	strand=+
347_g                -           1559 8961at5820           -            243   2.1e-10   38.2  11.9   3   4   8.8e-08   7.8e-06   23.3   0.0   113   177  1336  1396  1309  1424 0.78 length=1559	scaffold=scaffold00028	strand=+
347_g                -           1559 8961at5820           -            243   2.1e-10   38.2  11.9   4   4       6.3   5.6e+02   -2.5   0.0   200   237  1501  1539  1489  1544 0.71 length=1559	scaffold=scaffold00028	strand=+
1269_g               -           2717 8961at5820           -            243   2.3e-10   38.1   0.6   1   1   1.1e-10   9.5e-09   32.8   0.6    28   199   160   353   154   385 0.66 length=2717	scaffold=scaffold00175	strand=-
524_g                -           1487 8961at5820           -            243   2.9e-08   31.2   0.0   1   1   1.1e-09   9.8e-08   29.5   0.0    27   180   102   255    86   295 0.78 length=1487	scaffold=scaffold00051	strand=-
2167_g               -            179 8961at5820           -            243   3.3e-08   31.0   0.0   1   1   5.6e-10     5e-08   30.4   0.0   167   238     2    85     1    95 0.75 length=179	scaffold=scaffold00414	strand=+
2410_g               -            133 8961at5820           -            243   4.7e-08   30.5   0.0   1   1   8.4e-10   7.4e-08   29.9   0.0   102   189     2    89     1   126 0.80 length=133	scaffold=scaffold00503	strand=-
1927_g               -            810 8961at5820           -            243   8.9e-08   29.6   1.7   1   4       3.5   3.1e+02   -1.6   0.3    48    74   111   140    73   146 0.63 length=810	scaffold=scaffold00339	strand=+
1927_g               -            810 8961at5820           -            243   8.9e-08   29.6   1.7   2   4       9.3   8.3e+02   -3.0   0.7    15    31   166   182   156   189 0.85 length=810	scaffold=scaffold00339	strand=+
1927_g               -            810 8961at5820           -            243   8.9e-08   29.6   1.7   3   4   1.2e-06   0.00011   19.6   0.7    35   109   326   403   295   414 0.84 length=810	scaffold=scaffold00339	strand=+
1927_g               -            810 8961at5820           -            243   8.9e-08   29.6   1.7   4   4   4.2e-06   0.00038   17.7   0.0   130   177   493   540   489   594 0.82 length=810	scaffold=scaffold00339	strand=+
1516_g               -           1695 8961at5820           -            243   9.7e-08   29.5   0.0   1   1   2.8e-09   2.4e-07   28.2   0.0    85   182  1525  1625  1516  1652 0.82 length=1695	scaffold=scaffold00231	strand=+
2556_g               -            656 8961at5820           -            243   1.8e-07   28.6   7.5   1   1   3.4e-09     3e-07   27.9   7.5    11   133   459   598   450   628 0.75 length=656	scaffold=scaffold00556	strand=+
2118_g               -           3170 8961at5820           -            243   4.6e-07   27.3   0.1   1   1   5.2e-09   4.6e-07   27.3   0.1    26   172  2919  3090  2914  3125 0.62 length=3170	scaffold=scaffold00397	strand=-	adjustedToFrame=2
3917_g               -           1019 8961at5820           -            243   5.5e-06   23.8   0.5   1   2     0.039       3.5    4.8   0.1     3    67   322   388   320   391 0.73 length=1019	scaffold=scaffold01500	strand=-
3917_g               -           1019 8961at5820           -            243   5.5e-06   23.8   0.5   2   2   8.4e-06   0.00074   16.8   0.0    82   172   587   681   579   691 0.81 length=1019	scaffold=scaffold01500	strand=-
4051_g               -            682 8961at5820           -            243   2.5e-05   21.6   0.1   1   1   6.7e-07     6e-05   20.4   0.1    83   123   124   167    77   170 0.84 length=682	scaffold=scaffold01642	strand=-
3635_g               -            463 8961at5820           -            243   3.9e-05   21.0   9.0   1   1   1.2e-06   0.00011   19.5   9.1    27   122   320   420   286   424 0.70 length=463	scaffold=scaffold01242	strand=+
1764_g               -            234 8961at5820           -            243   6.3e-05   20.3   0.1   1   1   2.2e-06    0.0002   18.7   0.1   114   185    13    85     1   131 0.77 length=234	scaffold=scaffold00292	strand=+	adjustedToFrame=2
3101_g               -            177 8961at5820           -            243     0.014   12.6   1.0   1   1   0.00024     0.021   12.0   1.0    23    66    65   108    55   124 0.80 length=177	scaffold=scaffold00847	strand=+
#
# Program:         hmmsearch
# Version:         3.1b2 (February 2015)
# Pipeline mode:   SEARCH
# Query file:      /export/home/bio1901/Documents/29_BINP/OrthoSearch/busco_downloads/lineages/plasmodium_odb10/hmms/8961at5820.hmm
# Target file:     Results/1_GeneSequences/PB.faa
# Option settings: /home/users/bio1901/miniconda3/envs/busco/bin/hmmsearch --domtblout /export/home/bio1901/Documents/29_BINP/OrthoSearch/PB/run_plasmodium_odb10/hmmer_output/8961at5820.out --cpu 1 /export/home/bio1901/Documents/29_BINP/OrthoSearch/busco_downloads/lineages/plasmodium_odb10/hmms/8961at5820.hmm Results/1_GeneSequences/PB.faa 
# Current dir:     /export/home/bio1901/Documents/29_BINP/OrthoSearch
# Date:            Sun Mar 15 18:16:32 2020
# [ok]
