#                                                                            --- full sequence --- -------------- this domain -------------   hmm coord   ali coord   env coord
# target name        accession   tlen query name           accession   qlen   E-value  score  bias   #  of  c-Evalue  i-Evalue  score  bias  from    to  from    to  from    to  acc description of target
#------------------- ---------- ----- -------------------- ---------- ----- --------- ------ ----- --- --- --------- --------- ------ ----- ----- ----- ----- ----- ----- ----- ---- ---------------------
996_g                -           6446 90at5820             -           3291         0 4155.9 723.8   1  23         1     4e+03  -25.9  35.0  1144  1406    30   305     9   372 0.60 length=6446	scaffold=scaffold00119	strand=-
996_g                -           6446 90at5820             -           3291         0 4155.9 723.8   2  23         1     4e+03  -25.4  27.4  2693  2816   520   645   468   781 0.50 length=6446	scaffold=scaffold00119	strand=-
996_g                -           6446 90at5820             -           3291         0 4155.9 723.8   3  23   6.1e-70   2.4e-66  221.5  22.7     1   169   793   963   793   977 0.95 length=6446	scaffold=scaffold00119	strand=-
996_g                -           6446 90at5820             -           3291         0 4155.9 723.8   4  23   2.9e-61   1.1e-57  192.7  22.5   158   336  1041  1239  1037  1245 0.89 length=6446	scaffold=scaffold00119	strand=-
996_g                -           6446 90at5820             -           3291         0 4155.9 723.8   5  23   4.6e-95   1.8e-91  304.9  29.5   330   560  1440  1695  1413  1700 0.87 length=6446	scaffold=scaffold00119	strand=-
996_g                -           6446 90at5820             -           3291         0 4155.9 723.8   6  23   1.6e-95   6.3e-92  306.4  22.8   560   746  1805  2006  1783  2015 0.90 length=6446	scaffold=scaffold00119	strand=-
996_g                -           6446 90at5820             -           3291         0 4155.9 723.8   7  23   4.5e-24   1.8e-20   69.3   9.8   755   865  2063  2172  2042  2185 0.89 length=6446	scaffold=scaffold00119	strand=-
996_g                -           6446 90at5820             -           3291         0 4155.9 723.8   8  23  1.5e-159  5.8e-156  518.9  55.4   848  1258  2356  2794  2352  2799 0.89 length=6446	scaffold=scaffold00119	strand=-
996_g                -           6446 90at5820             -           3291         0 4155.9 723.8   9  23   6.6e-74   2.6e-70  234.7  20.1  1252  1449  2832  3045  2818  3067 0.85 length=6446	scaffold=scaffold00119	strand=-
996_g                -           6446 90at5820             -           3291         0 4155.9 723.8  10  23    1e-102   4.1e-99  330.3  38.1  1440  1718  3462  3771  3450  3787 0.87 length=6446	scaffold=scaffold00119	strand=-
996_g                -           6446 90at5820             -           3291         0 4155.9 723.8  11  23   4.6e-62   1.8e-58  195.4  21.5  1698  1829  3797  3928  3777  3953 0.89 length=6446	scaffold=scaffold00119	strand=-
996_g                -           6446 90at5820             -           3291         0 4155.9 723.8  12  23   1.3e-42   5.2e-39  130.8  27.8  1824  1973  4147  4325  4097  4338 0.68 length=6446	scaffold=scaffold00119	strand=-
996_g                -           6446 90at5820             -           3291         0 4155.9 723.8  13  23   3.2e-72   1.3e-68  229.1  25.9  1971  2201  4429  4679  4423  4686 0.88 length=6446	scaffold=scaffold00119	strand=-
996_g                -           6446 90at5820             -           3291         0 4155.9 723.8  14  23   1.2e-50   4.8e-47  157.5  26.2  2175  2295  4684  4804  4669  4814 0.95 length=6446	scaffold=scaffold00119	strand=-
996_g                -           6446 90at5820             -           3291         0 4155.9 723.8  15  23   5.8e-42   2.3e-38  128.7  30.5  2295  2410  4836  4955  4829  4964 0.89 length=6446	scaffold=scaffold00119	strand=-
996_g                -           6446 90at5820             -           3291         0 4155.9 723.8  16  23   0.00022      0.88    4.0   0.3  2392  2416  4976  5000  4972  5005 0.93 length=6446	scaffold=scaffold00119	strand=-
996_g                -           6446 90at5820             -           3291         0 4155.9 723.8  17  23   9.3e-62   3.7e-58  194.4  34.3  2413  2545  5044  5176  5035  5188 0.95 length=6446	scaffold=scaffold00119	strand=-
996_g                -           6446 90at5820             -           3291         0 4155.9 723.8  18  23   2.2e-06    0.0088   10.6   0.2  2549  2579  5215  5245  5199  5254 0.87 length=6446	scaffold=scaffold00119	strand=-
996_g                -           6446 90at5820             -           3291         0 4155.9 723.8  19  23   8.8e-37   3.5e-33  111.5   6.4  2566  2644  5310  5388  5285  5394 0.90 length=6446	scaffold=scaffold00119	strand=-
996_g                -           6446 90at5820             -           3291         0 4155.9 723.8  20  23   4.2e-27   1.7e-23   79.3   7.0  2643  2715  5416  5488  5410  5497 0.91 length=6446	scaffold=scaffold00119	strand=-
996_g                -           6446 90at5820             -           3291         0 4155.9 723.8  21  23  4.5e-119  1.8e-115  384.5  35.5  2708  2944  5612  5854  5600  5867 0.94 length=6446	scaffold=scaffold00119	strand=-
996_g                -           6446 90at5820             -           3291         0 4155.9 723.8  22  23   9.6e-22   3.8e-18   61.6   3.2  2938  2998  5892  5952  5873  5975 0.86 length=6446	scaffold=scaffold00119	strand=-
996_g                -           6446 90at5820             -           3291         0 4155.9 723.8  23  23  7.3e-141  2.9e-137  456.8  52.7  3000  3291  6102  6408  6097  6408 0.95 length=6446	scaffold=scaffold00119	strand=-
#
# Program:         hmmsearch
# Version:         3.1b2 (February 2015)
# Pipeline mode:   SEARCH
# Query file:      /export/home/bio1901/Documents/29_BINP/OrthoSearch/busco_downloads/lineages/plasmodium_odb10/hmms/90at5820.hmm
# Target file:     Results/1_GeneSequences/PB.faa
# Option settings: /home/users/bio1901/miniconda3/envs/busco/bin/hmmsearch --domtblout /export/home/bio1901/Documents/29_BINP/OrthoSearch/PB/run_plasmodium_odb10/hmmer_output/90at5820.out --cpu 1 /export/home/bio1901/Documents/29_BINP/OrthoSearch/busco_downloads/lineages/plasmodium_odb10/hmms/90at5820.hmm Results/1_GeneSequences/PB.faa 
# Current dir:     /export/home/bio1901/Documents/29_BINP/OrthoSearch
# Date:            Sun Mar 15 18:16:41 2020
# [ok]
