#                                                                            --- full sequence --- -------------- this domain -------------   hmm coord   ali coord   env coord
# target name        accession   tlen query name           accession   qlen   E-value  score  bias   #  of  c-Evalue  i-Evalue  score  bias  from    to  from    to  from    to  acc description of target
#------------------- ---------- ----- -------------------- ---------- ----- --------- ------ ----- --- --- --------- --------- ------ ----- ----- ----- ----- ----- ----- ----- ---- ---------------------
2296_g               -            416 9149at5820           -            300   4.8e-33  112.6   8.2   1   3   3.1e-23   8.9e-21   72.3   1.0     2    75    23    89    22   101 0.90 length=416	scaffold=scaffold00459	strand=-
2296_g               -            416 9149at5820           -            300   4.8e-33  112.6   8.2   2   3   0.00094      0.27    8.3   0.0   118   156   102   141    94   150 0.72 length=416	scaffold=scaffold00459	strand=-
2296_g               -            416 9149at5820           -            300   4.8e-33  112.6   8.2   3   3   4.4e-12   1.2e-09   35.7   0.2   174   289   221   346   166   356 0.82 length=416	scaffold=scaffold00459	strand=-
3003_g               -            377 9149at5820           -            300   2.9e-27   93.6   9.8   1   3   2.4e-18   6.9e-16   56.3   0.8     2    74    43   111    42   129 0.90 length=377	scaffold=scaffold00786	strand=-
3003_g               -            377 9149at5820           -            300   2.9e-27   93.6   9.8   2   3      0.64   1.8e+02   -0.9   0.0   103   155   125   173   117   177 0.65 length=377	scaffold=scaffold00786	strand=-
3003_g               -            377 9149at5820           -            300   2.9e-27   93.6   9.8   3   3   1.3e-13   3.8e-11   40.7   2.4   170   295   243   375   233   376 0.83 length=377	scaffold=scaffold00786	strand=-
1082_g               -            248 9149at5820           -            300   4.7e-23   79.8   2.0   1   2   1.7e-25   4.7e-23   79.8   2.0     1   106     6   112     6   132 0.80 length=248	scaffold=scaffold00136	strand=+
1082_g               -            248 9149at5820           -            300   4.7e-23   79.8   2.0   2   2       1.3   3.6e+02   -1.9   1.2    90   116   135   161   111   180 0.78 length=248	scaffold=scaffold00136	strand=+
747_g                -            281 9149at5820           -            300   8.2e-19   65.9   1.2   1   2   2.9e-21   8.2e-19   65.9   1.2     2   105    45   137    44   158 0.88 length=281	scaffold=scaffold00080	strand=-
747_g                -            281 9149at5820           -            300   8.2e-19   65.9   1.2   2   2       6.6   1.9e+03   -4.3   3.0    16    43   228   253   211   275 0.45 length=281	scaffold=scaffold00080	strand=-
40_g                 -            737 9149at5820           -            300   1.1e-17   62.2   1.4   1   2     2e-15   5.7e-13   46.7   0.4     1   156    68   214    68   223 0.71 length=737	scaffold=scaffold00002	strand=-
40_g                 -            737 9149at5820           -            300   1.1e-17   62.2   1.4   2   2   2.5e-05     0.007   13.5   0.0   163   294   278   416   260   420 0.81 length=737	scaffold=scaffold00002	strand=-
156_g                -            561 9149at5820           -            300   1.1e-15   55.6   0.4   1   2   3.7e-18   1.1e-15   55.6   0.4     1    81    49   123    49   147 0.86 length=561	scaffold=scaffold00009	strand=+
156_g                -            561 9149at5820           -            300   1.1e-15   55.6   0.4   2   2       2.8   7.9e+02   -3.0   0.1   235   262   315   345   308   350 0.77 length=561	scaffold=scaffold00009	strand=+
3267_g               -            249 9149at5820           -            300   8.2e-14   49.4   0.2   1   1   4.8e-16   1.4e-13   48.7   0.2     2    71   112   177   111   213 0.81 length=249	scaffold=scaffold00955	strand=-
2807_g               -            663 9149at5820           -            300   1.1e-13   49.1   0.2   1   1     8e-16   2.3e-13   48.0   0.2     2    87   187   268   186   329 0.85 length=663	scaffold=scaffold00682	strand=-
1749_g               -            473 9149at5820           -            300   8.5e-12   42.8   1.0   1   2   5.8e-14   1.6e-11   41.9   0.0     2    68     9    77     8    91 0.91 length=473	scaffold=scaffold00287	strand=-
1749_g               -            473 9149at5820           -            300   8.5e-12   42.8   1.0   2   2       4.3   1.2e+03   -3.7   0.7    59    67   328   336   298   363 0.41 length=473	scaffold=scaffold00287	strand=-
4001_g               -            499 9149at5820           -            300   1.3e-11   42.2   0.2   1   3       1.8   5.1e+02   -2.4   0.1    57    69   105   117   100   127 0.83 length=499	scaffold=scaffold01586	strand=+	adjustedToFrame=3
4001_g               -            499 9149at5820           -            300   1.3e-11   42.2   0.2   2   3   4.7e-14   1.3e-11   42.2   0.2     2    74   162   230   161   295 0.90 length=499	scaffold=scaffold01586	strand=+	adjustedToFrame=3
4001_g               -            499 9149at5820           -            300   1.3e-11   42.2   0.2   3   3       1.6   4.5e+02   -2.2   0.1    16    62   426   472   413   482 0.70 length=499	scaffold=scaffold01586	strand=+	adjustedToFrame=3
721_g                -            127 9149at5820           -            300   5.1e-09   33.7   3.7   1   1     2e-11   5.7e-09   33.5   3.5     3    49    10    59     8    94 0.76 length=127	scaffold=scaffold00077	strand=-
709_g                -            571 9149at5820           -            300   4.1e-08   30.7   0.0   1   1   3.5e-10   9.9e-08   29.5   0.0     3    73    54   121    52   131 0.89 length=571	scaffold=scaffold00075	strand=-
779_g                -            317 9149at5820           -            300   4.9e-08   30.5   0.5   1   2   1.7e-10   4.9e-08   30.5   0.5     1    71    53   119    53   143 0.87 length=317	scaffold=scaffold00085	strand=-
779_g                -            317 9149at5820           -            300   4.9e-08   30.5   0.5   2   2      0.46   1.3e+02   -0.5   0.4    19    63   238   286   224   309 0.63 length=317	scaffold=scaffold00085	strand=-
1616_g               -            115 9149at5820           -            300   0.00013   19.3   0.5   1   1   5.8e-07   0.00017   18.9   0.5     9    62    13    62     7    99 0.85 length=115	scaffold=scaffold00253	strand=+
#
# Program:         hmmsearch
# Version:         3.1b2 (February 2015)
# Pipeline mode:   SEARCH
# Query file:      /export/home/bio1901/Documents/29_BINP/OrthoSearch/busco_downloads/lineages/plasmodium_odb10/hmms/9149at5820.hmm
# Target file:     Results/1_GeneSequences/PB.faa
# Option settings: /home/users/bio1901/miniconda3/envs/busco/bin/hmmsearch --domtblout /export/home/bio1901/Documents/29_BINP/OrthoSearch/PB/run_plasmodium_odb10/hmmer_output/9149at5820.out --cpu 1 /export/home/bio1901/Documents/29_BINP/OrthoSearch/busco_downloads/lineages/plasmodium_odb10/hmms/9149at5820.hmm Results/1_GeneSequences/PB.faa 
# Current dir:     /export/home/bio1901/Documents/29_BINP/OrthoSearch
# Date:            Sun Mar 15 18:16:44 2020
# [ok]
