#                                                                            --- full sequence --- -------------- this domain -------------   hmm coord   ali coord   env coord
# target name        accession   tlen query name           accession   qlen   E-value  score  bias   #  of  c-Evalue  i-Evalue  score  bias  from    to  from    to  from    to  acc description of target
#------------------- ---------- ----- -------------------- ---------- ----- --------- ------ ----- --- --- --------- --------- ------ ----- ----- ----- ----- ----- ----- ----- ---- ---------------------
975_g                -           7578 92at5820             -           2904         0 1959.5 652.3   1  19  7.5e-124    3e-120  400.3  57.5     2   383    18   419    17   432 0.86 length=7578	scaffold=scaffold00115	strand=-
975_g                -           7578 92at5820             -           2904         0 1959.5 652.3   2  19   1.3e-15   5.3e-12   41.1  12.5   339   421   431   518   419   521 0.86 length=7578	scaffold=scaffold00115	strand=-
975_g                -           7578 92at5820             -           2904         0 1959.5 652.3   3  19         1     4e+03  -29.5  44.6   417   731   566   916   539   922 0.63 length=7578	scaffold=scaffold00115	strand=-
975_g                -           7578 92at5820             -           2904         0 1959.5 652.3   4  19   6.1e-07    0.0024   12.4  12.8   572   661   927  1020   917  1032 0.81 length=7578	scaffold=scaffold00115	strand=-
975_g                -           7578 92at5820             -           2904         0 1959.5 652.3   5  19   1.9e-16   7.6e-13   43.9  18.8   634   758  1031  1170  1018  1197 0.78 length=7578	scaffold=scaffold00115	strand=-
975_g                -           7578 92at5820             -           2904         0 1959.5 652.3   6  19   2.9e-05      0.11    6.8   8.4   762   830  1330  1401  1275  1418 0.69 length=7578	scaffold=scaffold00115	strand=-
975_g                -           7578 92at5820             -           2904         0 1959.5 652.3   7  19   7.8e-60   3.1e-56  187.9  51.5   828  1071  1440  1708  1414  1751 0.85 length=7578	scaffold=scaffold00115	strand=-
975_g                -           7578 92at5820             -           2904         0 1959.5 652.3   8  19   1.1e-33   4.3e-30  101.1  23.7  1072  1227  1783  1942  1764  1969 0.81 length=7578	scaffold=scaffold00115	strand=-
975_g                -           7578 92at5820             -           2904         0 1959.5 652.3   9  19     4e-29   1.6e-25   86.0  29.4  1196  1316  1978  2111  1972  2126 0.79 length=7578	scaffold=scaffold00115	strand=-
975_g                -           7578 92at5820             -           2904         0 1959.5 652.3  10  19   3.2e-32   1.3e-28   96.2  36.9  1319  1540  2204  2461  2192  2469 0.76 length=7578	scaffold=scaffold00115	strand=-
975_g                -           7578 92at5820             -           2904         0 1959.5 652.3  11  19   8.3e-16   3.3e-12   41.8  17.5  1500  1610  2467  2603  2461  2618 0.64 length=7578	scaffold=scaffold00115	strand=-
975_g                -           7578 92at5820             -           2904         0 1959.5 652.3  12  19   2.6e-35     1e-31  106.5  16.6  1569  1744  2593  2764  2576  2788 0.81 length=7578	scaffold=scaffold00115	strand=-
975_g                -           7578 92at5820             -           2904         0 1959.5 652.3  13  19  8.1e-127  3.2e-123  410.1  63.0  1720  2139  2837  3264  2832  3268 0.90 length=7578	scaffold=scaffold00115	strand=-
975_g                -           7578 92at5820             -           2904         0 1959.5 652.3  14  19   1.3e-40   5.1e-37  124.1   5.8  2135  2246  3291  3402  3284  3413 0.92 length=7578	scaffold=scaffold00115	strand=-
975_g                -           7578 92at5820             -           2904         0 1959.5 652.3  15  19   1.6e-74   6.2e-71  236.6  34.0  2259  2499  3474  3723  3433  3765 0.89 length=7578	scaffold=scaffold00115	strand=-
975_g                -           7578 92at5820             -           2904         0 1959.5 652.3  16  19   1.9e-64   7.5e-61  203.2  35.8  2470  2735  3804  4094  3801  4098 0.86 length=7578	scaffold=scaffold00115	strand=-
975_g                -           7578 92at5820             -           2904         0 1959.5 652.3  17  19   1.7e-10   6.9e-07   24.1   9.9  2729  2868  4225  4366  4185  4379 0.77 length=7578	scaffold=scaffold00115	strand=-
975_g                -           7578 92at5820             -           2904         0 1959.5 652.3  18  19         1     4e+03  -22.1  24.7  2646  2827  6706  6888  6644  6911 0.54 length=7578	scaffold=scaffold00115	strand=-
975_g                -           7578 92at5820             -           2904         0 1959.5 652.3  19  19         1     4e+03  -16.2  15.4   992  1078  7391  7477  7341  7516 0.64 length=7578	scaffold=scaffold00115	strand=-
#
# Program:         hmmsearch
# Version:         3.1b2 (February 2015)
# Pipeline mode:   SEARCH
# Query file:      /export/home/bio1901/Documents/29_BINP/OrthoSearch/busco_downloads/lineages/plasmodium_odb10/hmms/92at5820.hmm
# Target file:     Results/1_GeneSequences/PB.faa
# Option settings: /home/users/bio1901/miniconda3/envs/busco/bin/hmmsearch --domtblout /export/home/bio1901/Documents/29_BINP/OrthoSearch/PB/run_plasmodium_odb10/hmmer_output/92at5820.out --cpu 1 /export/home/bio1901/Documents/29_BINP/OrthoSearch/busco_downloads/lineages/plasmodium_odb10/hmms/92at5820.hmm Results/1_GeneSequences/PB.faa 
# Current dir:     /export/home/bio1901/Documents/29_BINP/OrthoSearch
# Date:            Sun Mar 15 18:16:55 2020
# [ok]
