#                                                                            --- full sequence --- -------------- this domain -------------   hmm coord   ali coord   env coord
# target name        accession   tlen query name           accession   qlen   E-value  score  bias   #  of  c-Evalue  i-Evalue  score  bias  from    to  from    to  from    to  acc description of target
#------------------- ---------- ----- -------------------- ---------- ----- --------- ------ ----- --- --- --------- --------- ------ ----- ----- ----- ----- ----- ----- ----- ---- ---------------------
1221_g               -           2797 9330at5820           -            298   2.1e-76  254.9 113.7   1  16   0.00011     0.038   11.1  10.4   152   272   489   619   357   636 0.80 length=2797	scaffold=scaffold00165	strand=-
1221_g               -           2797 9330at5820           -            298   2.1e-76  254.9 113.7   2  16   2.1e-07   6.9e-05   20.1   0.6     9    86   654   730   647   748 0.81 length=2797	scaffold=scaffold00165	strand=-
1221_g               -           2797 9330at5820           -            298   2.1e-76  254.9 113.7   3  16   2.4e-16     8e-14   49.4   4.4   153   281   859   992   850  1008 0.84 length=2797	scaffold=scaffold00165	strand=-
1221_g               -           2797 9330at5820           -            298   2.1e-76  254.9 113.7   4  16     3e-15   9.8e-13   45.9  16.4    12   282  1010  1278  1005  1284 0.78 length=2797	scaffold=scaffold00165	strand=-
1221_g               -           2797 9330at5820           -            298   2.1e-76  254.9 113.7   5  16      0.47   1.6e+02   -0.8   0.1    19    57  1430  1472  1422  1493 0.75 length=2797	scaffold=scaffold00165	strand=-
1221_g               -           2797 9330at5820           -            298   2.1e-76  254.9 113.7   6  16      0.13        42    1.1   0.0   214   273  1519  1587  1511  1597 0.71 length=2797	scaffold=scaffold00165	strand=-
1221_g               -           2797 9330at5820           -            298   2.1e-76  254.9 113.7   7  16   4.4e-19   1.5e-16   58.4   3.1   153   275  1598  1724  1577  1734 0.86 length=2797	scaffold=scaffold00165	strand=-
1221_g               -           2797 9330at5820           -            298   2.1e-76  254.9 113.7   8  16     0.011       3.6    4.6   0.0    17    57  1752  1795  1741  1846 0.65 length=2797	scaffold=scaffold00165	strand=-
1221_g               -           2797 9330at5820           -            298   2.1e-76  254.9 113.7   9  16   3.2e-10   1.1e-07   29.3   1.8   151   234  1871  1952  1850  1964 0.83 length=2797	scaffold=scaffold00165	strand=-
1221_g               -           2797 9330at5820           -            298   2.1e-76  254.9 113.7  10  16       5.8   1.9e+03   -4.4   0.2   249   275  2017  2043  2015  2045 0.81 length=2797	scaffold=scaffold00165	strand=-
1221_g               -           2797 9330at5820           -            298   2.1e-76  254.9 113.7  11  16   1.7e-07   5.7e-05   20.4   0.2    13    57  2087  2134  2081  2166 0.81 length=2797	scaffold=scaffold00165	strand=-
1221_g               -           2797 9330at5820           -            298   2.1e-76  254.9 113.7  12  16      0.29        96   -0.1   0.0   218   243  2231  2256  2190  2265 0.84 length=2797	scaffold=scaffold00165	strand=-
1221_g               -           2797 9330at5820           -            298   2.1e-76  254.9 113.7  13  16      0.79   2.6e+02   -1.5   0.0    97   119  2278  2300  2269  2310 0.85 length=2797	scaffold=scaffold00165	strand=-
1221_g               -           2797 9330at5820           -            298   2.1e-76  254.9 113.7  14  16   4.7e-09   1.6e-06   25.5   1.3   153   230  2308  2396  2301  2462 0.83 length=2797	scaffold=scaffold00165	strand=-
1221_g               -           2797 9330at5820           -            298   2.1e-76  254.9 113.7  15  16    0.0037       1.2    6.1   0.0   215   267  2550  2606  2540  2617 0.81 length=2797	scaffold=scaffold00165	strand=-
1221_g               -           2797 9330at5820           -            298   2.1e-76  254.9 113.7  16  16   6.5e-10   2.2e-07   28.3   2.5   150   273  2620  2757  2608  2770 0.71 length=2797	scaffold=scaffold00165	strand=-
1222_g               -           2305 9330at5820           -            298   1.5e-29  101.0  64.6   1  11     0.077        26    1.8   0.1    64   137   416   495   408   570 0.71 length=2305	scaffold=scaffold00165	strand=-	adjustedToFrame=2
1222_g               -           2305 9330at5820           -            298   1.5e-29  101.0  64.6   2  11   3.5e-10   1.2e-07   29.2   9.5   149   287   751   885   744   894 0.81 length=2305	scaffold=scaffold00165	strand=-	adjustedToFrame=2
1222_g               -           2305 9330at5820           -            298   1.5e-29  101.0  64.6   3  11   0.00011     0.035   11.2   0.1    20    60   912   955   908   978 0.74 length=2305	scaffold=scaffold00165	strand=-	adjustedToFrame=2
1222_g               -           2305 9330at5820           -            298   1.5e-29  101.0  64.6   4  11   7.9e-07   0.00026   18.2   1.2   150   274  1208  1336  1173  1352 0.83 length=2305	scaffold=scaffold00165	strand=-	adjustedToFrame=2
1222_g               -           2305 9330at5820           -            298   1.5e-29  101.0  64.6   5  11    0.0089         3    4.9   0.1    20    60  1389  1434  1383  1453 0.74 length=2305	scaffold=scaffold00165	strand=-	adjustedToFrame=2
1222_g               -           2305 9330at5820           -            298   1.5e-29  101.0  64.6   6  11      0.34   1.1e+02   -0.3   0.0   224   272  1512  1563  1503  1573 0.73 length=2305	scaffold=scaffold00165	strand=-	adjustedToFrame=2
1222_g               -           2305 9330at5820           -            298   1.5e-29  101.0  64.6   7  11   2.2e-07   7.2e-05   20.0   6.1   150   273  1571  1703  1554  1719 0.68 length=2305	scaffold=scaffold00165	strand=-	adjustedToFrame=2
1222_g               -           2305 9330at5820           -            298   1.5e-29  101.0  64.6   8  11      0.14        45    1.0   0.2    84   124  1672  1711  1655  1736 0.75 length=2305	scaffold=scaffold00165	strand=-	adjustedToFrame=2
1222_g               -           2305 9330at5820           -            298   1.5e-29  101.0  64.6   9  11      0.39   1.3e+02   -0.5   0.4    18    43  1742  1768  1726  1846 0.73 length=2305	scaffold=scaffold00165	strand=-	adjustedToFrame=2
1222_g               -           2305 9330at5820           -            298   1.5e-29  101.0  64.6  10  11       0.5   1.7e+02   -0.9   0.0    94   116  2115  2137  2093  2147 0.78 length=2305	scaffold=scaffold00165	strand=-	adjustedToFrame=2
1222_g               -           2305 9330at5820           -            298   1.5e-29  101.0  64.6  11  11   3.2e-14   1.1e-11   42.5   2.3   152   277  2146  2272  2137  2287 0.77 length=2305	scaffold=scaffold00165	strand=-	adjustedToFrame=2
1372_g               -           1829 9330at5820           -            298   5.1e-24   82.9  25.5   1   4   1.2e-05    0.0041   14.3   0.0    33   120    32   142    10   146 0.68 length=1829	scaffold=scaffold00198	strand=-
1372_g               -           1829 9330at5820           -            298   5.1e-24   82.9  25.5   2   4     2e-13   6.5e-11   39.9   0.7   153   274   143   288   137   302 0.74 length=1829	scaffold=scaffold00198	strand=-
1372_g               -           1829 9330at5820           -            298   5.1e-24   82.9  25.5   3   4      0.29        97   -0.1   6.4    58   126   496   574   433   747 0.52 length=1829	scaffold=scaffold00198	strand=-
1372_g               -           1829 9330at5820           -            298   5.1e-24   82.9  25.5   4   4   2.4e-12     8e-10   36.3   1.1   159   275  1675  1804  1661  1818 0.77 length=1829	scaffold=scaffold00198	strand=-
859_g                -            998 9330at5820           -            298   7.6e-20   69.2  31.6   1   5     1e-05    0.0035   14.5   1.1    40   116     4   103     1   107 0.66 length=998	scaffold=scaffold00097	strand=-
859_g                -            998 9330at5820           -            298   7.6e-20   69.2  31.6   2   5   8.1e-14   2.7e-11   41.1   2.1   156   274   111   254   103   260 0.75 length=998	scaffold=scaffold00097	strand=-
859_g                -            998 9330at5820           -            298   7.6e-20   69.2  31.6   3   5      0.23        78    0.2   0.1    31    58   461   488   447   494 0.80 length=998	scaffold=scaffold00097	strand=-
859_g                -            998 9330at5820           -            298   7.6e-20   69.2  31.6   4   5   0.00062      0.21    8.7   0.5   196   272   491   582   487   596 0.65 length=998	scaffold=scaffold00097	strand=-
859_g                -            998 9330at5820           -            298   7.6e-20   69.2  31.6   5   5   1.3e-05    0.0043   14.2   4.5   157   275   596   747   587   765 0.61 length=998	scaffold=scaffold00097	strand=-
3139_g               -            736 9330at5820           -            298   1.1e-18   65.4  45.4   1   5    0.0027      0.89    6.6   1.7   188   233    12    58     5    65 0.76 length=736	scaffold=scaffold00870	strand=-	adjustedToFrame=2
3139_g               -            736 9330at5820           -            298   1.1e-18   65.4  45.4   2   5    0.0089         3    4.9   1.0   229   286    95   151    76   152 0.83 length=736	scaffold=scaffold00870	strand=-	adjustedToFrame=2
3139_g               -            736 9330at5820           -            298   1.1e-18   65.4  45.4   3   5   2.5e-11   8.4e-09   32.9   5.5   153   275   142   279   137   305 0.79 length=736	scaffold=scaffold00870	strand=-	adjustedToFrame=2
3139_g               -            736 9330at5820           -            298   1.1e-18   65.4  45.4   4   5     0.001      0.35    7.9   4.4   192   277   393   490   385   494 0.65 length=736	scaffold=scaffold00870	strand=-	adjustedToFrame=2
3139_g               -            736 9330at5820           -            298   1.1e-18   65.4  45.4   5   5   1.7e-13   5.5e-11   40.1   1.4   156   250   494   600   489   646 0.72 length=736	scaffold=scaffold00870	strand=-	adjustedToFrame=2
861_g                -            442 9330at5820           -            298   3.2e-18   63.9  11.2   1   4   7.8e-05     0.026   11.6   0.3    34   115    11   115     3   117 0.54 length=442	scaffold=scaffold00097	strand=-	adjustedToFrame=3
861_g                -            442 9330at5820           -            298   3.2e-18   63.9  11.2   2   4   2.9e-14   9.6e-12   42.6   0.2   155   276   123   268   115   272 0.75 length=442	scaffold=scaffold00097	strand=-	adjustedToFrame=3
861_g                -            442 9330at5820           -            298   3.2e-18   63.9  11.2   3   4    0.0039       1.3    6.1   0.1   148   215   271   336   266   341 0.83 length=442	scaffold=scaffold00097	strand=-	adjustedToFrame=3
861_g                -            442 9330at5820           -            298   3.2e-18   63.9  11.2   4   4     0.014       4.7    4.2   0.1    78   116   385   429   358   439 0.51 length=442	scaffold=scaffold00097	strand=-	adjustedToFrame=3
758_g                -           3221 9330at5820           -            298   1.8e-16   58.1 145.7   1  12   5.2e-11   1.7e-08   31.9   2.5   187   287    14   130     1   141 0.74 length=3221	scaffold=scaffold00082	strand=-	adjustedToFrame=2
758_g                -           3221 9330at5820           -            298   1.8e-16   58.1 145.7   2  12   0.00072      0.24    8.5   0.1   157   228   462   535   450   548 0.78 length=3221	scaffold=scaffold00082	strand=-	adjustedToFrame=2
758_g                -           3221 9330at5820           -            298   1.8e-16   58.1 145.7   3  12   3.5e-05     0.012   12.8   6.8   165   246   760   844   704   906 0.76 length=3221	scaffold=scaffold00082	strand=-	adjustedToFrame=2
758_g                -           3221 9330at5820           -            298   1.8e-16   58.1 145.7   4  12       0.4   1.3e+02   -0.5  20.6    37   277  1425  1676  1399  1689 0.62 length=3221	scaffold=scaffold00082	strand=-	adjustedToFrame=2
758_g                -           3221 9330at5820           -            298   1.8e-16   58.1 145.7   5  12     0.077        26    1.8   0.5   190   234  1806  1851  1742  1870 0.74 length=3221	scaffold=scaffold00082	strand=-	adjustedToFrame=2
758_g                -           3221 9330at5820           -            298   1.8e-16   58.1 145.7   6  12     0.048        16    2.5   0.2    96   121  1963  1988  1956  1998 0.87 length=3221	scaffold=scaffold00082	strand=-	adjustedToFrame=2
758_g                -           3221 9330at5820           -            298   1.8e-16   58.1 145.7   7  12   2.4e-08   8.1e-06   23.2   3.7   160   287  1999  2126  1992  2137 0.73 length=3221	scaffold=scaffold00082	strand=-	adjustedToFrame=2
758_g                -           3221 9330at5820           -            298   1.8e-16   58.1 145.7   8  12      0.15        51    0.8   0.5   101   153  2095  2151  2087  2168 0.60 length=3221	scaffold=scaffold00082	strand=-	adjustedToFrame=2
758_g                -           3221 9330at5820           -            298   1.8e-16   58.1 145.7   9  12     0.067        22    2.0   4.0   192   276  2318  2414  2284  2423 0.69 length=3221	scaffold=scaffold00082	strand=-	adjustedToFrame=2
758_g                -           3221 9330at5820           -            298   1.8e-16   58.1 145.7  10  12   0.00013     0.045   10.9   1.4   147   235  2419  2510  2411  2521 0.71 length=3221	scaffold=scaffold00082	strand=-	adjustedToFrame=2
758_g                -           3221 9330at5820           -            298   1.8e-16   58.1 145.7  11  12     0.035        12    2.9   1.1   247   290  2921  2966  2835  2968 0.62 length=3221	scaffold=scaffold00082	strand=-	adjustedToFrame=2
758_g                -           3221 9330at5820           -            298   1.8e-16   58.1 145.7  12  12   2.1e-06    0.0007   16.8   7.3   156   280  2956  3100  2950  3113 0.68 length=3221	scaffold=scaffold00082	strand=-	adjustedToFrame=2
1629_g               -            519 9330at5820           -            298   1.3e-15   55.3   3.5   1   3   1.1e-07   3.8e-05   20.9   0.1    32   123    29   143     3   146 0.69 length=519	scaffold=scaffold00257	strand=+
1629_g               -            519 9330at5820           -            298   1.3e-15   55.3   3.5   2   3   1.5e-11   4.9e-09   33.7   0.0   157   249   144   252   139   266 0.75 length=519	scaffold=scaffold00257	strand=+
1629_g               -            519 9330at5820           -            298   1.3e-15   55.3   3.5   3   3      0.43   1.4e+02   -0.7   0.1   105   115   299   309   275   335 0.54 length=519	scaffold=scaffold00257	strand=+
1888_g               -            553 9330at5820           -            298   5.1e-15   53.4   4.2   1   2   2.4e-06   0.00079   16.6   0.1    37   117    11   114     2   120 0.68 length=553	scaffold=scaffold00325	strand=-	adjustedToFrame=3
1888_g               -            553 9330at5820           -            298   5.1e-15   53.4   4.2   2   2   1.6e-12   5.2e-10   36.9   0.9   155   273   120   263   116   279 0.76 length=553	scaffold=scaffold00325	strand=-	adjustedToFrame=3
858_g                -            748 9330at5820           -            298   2.1e-11   41.5  18.1   1   4   2.7e-05    0.0091   13.1   0.5    40   117    36   136     3   146 0.54 length=748	scaffold=scaffold00097	strand=-
858_g                -            748 9330at5820           -            298   2.1e-11   41.5  18.1   2   4     9e-09     3e-06   24.6   0.1   159   276   146   290   135   300 0.68 length=748	scaffold=scaffold00097	strand=-
858_g                -            748 9330at5820           -            298   2.1e-11   41.5  18.1   3   4    0.0026      0.88    6.6   1.0    37   119   447   537   428   546 0.72 length=748	scaffold=scaffold00097	strand=-
858_g                -            748 9330at5820           -            298   2.1e-11   41.5  18.1   4   4     0.013       4.2    4.4   0.7   154   190   544   580   536   627 0.71 length=748	scaffold=scaffold00097	strand=-
1887_g               -            310 9330at5820           -            298   2.2e-11   41.4   9.5   1   2   4.4e-07   0.00014   19.0   3.0   171   272    12   134     1   142 0.70 length=310	scaffold=scaffold00325	strand=-
1887_g               -            310 9330at5820           -            298   2.2e-11   41.4   9.5   2   2   8.4e-09   2.8e-06   24.7   0.6   156   271   143   284   134   294 0.64 length=310	scaffold=scaffold00325	strand=-
1627_g               -            505 9330at5820           -            298   7.2e-10   36.5  17.6   1   3   0.00011     0.038   11.1   0.1   213   287    76   160    72   161 0.71 length=505	scaffold=scaffold00257	strand=+
1627_g               -            505 9330at5820           -            298   7.2e-10   36.5  17.6   2   3   3.7e-10   1.2e-07   29.1   0.1   156   236   153   249   144   271 0.76 length=505	scaffold=scaffold00257	strand=+
1627_g               -            505 9330at5820           -            298   7.2e-10   36.5  17.6   3   3   0.00074      0.24    8.4   1.9   235   275   273   321   263   333 0.71 length=505	scaffold=scaffold00257	strand=+
#
# Program:         hmmsearch
# Version:         3.1b2 (February 2015)
# Pipeline mode:   SEARCH
# Query file:      /export/home/bio1901/Documents/29_BINP/OrthoSearch/busco_downloads/lineages/plasmodium_odb10/hmms/9330at5820.hmm
# Target file:     Results/1_GeneSequences/PB.faa
# Option settings: /home/users/bio1901/miniconda3/envs/busco/bin/hmmsearch --domtblout /export/home/bio1901/Documents/29_BINP/OrthoSearch/PB/run_plasmodium_odb10/hmmer_output/9330at5820.out --cpu 1 /export/home/bio1901/Documents/29_BINP/OrthoSearch/busco_downloads/lineages/plasmodium_odb10/hmms/9330at5820.hmm Results/1_GeneSequences/PB.faa 
# Current dir:     /export/home/bio1901/Documents/29_BINP/OrthoSearch
# Date:            Sun Mar 15 18:16:57 2020
# [ok]
