#                                                                            --- full sequence --- -------------- this domain -------------   hmm coord   ali coord   env coord
# target name        accession   tlen query name           accession   qlen   E-value  score  bias   #  of  c-Evalue  i-Evalue  score  bias  from    to  from    to  from    to  acc description of target
#------------------- ---------- ----- -------------------- ---------- ----- --------- ------ ----- --- --- --------- --------- ------ ----- ----- ----- ----- ----- ----- ----- ---- ---------------------
3979_g               -            268 9338at5820           -            247  1.6e-131  434.9   0.4   1   1  3.2e-134  1.8e-131  434.7   0.4     1   242     1   255     1   261 0.95 length=268	scaffold=scaffold01563	strand=-
4044_g               -            275 9338at5820           -            247   6.3e-22   76.0   0.1   1   1   1.4e-24   8.1e-22   75.6   0.1    22   218    47   246    38   258 0.88 length=275	scaffold=scaffold01634	strand=-
4106_g               -            310 9338at5820           -            247   6.2e-21   72.7   3.2   1   2   5.5e-10   3.1e-07   27.8   0.1    35    91    51   107    20   132 0.84 length=310	scaffold=scaffold01698	strand=+
4106_g               -            310 9338at5820           -            247   6.2e-21   72.7   3.2   2   2   2.3e-15   1.3e-12   45.5   0.6   122   219   195   295   167   307 0.85 length=310	scaffold=scaffold01698	strand=+
135_g                -            229 9338at5820           -            247   4.6e-11   40.4   0.0   1   1   1.2e-13   6.8e-11   39.8   0.0    48   219    17   199    10   222 0.73 length=229	scaffold=scaffold00008	strand=+
2464_g               -            236 9338at5820           -            247   1.7e-09   35.2   0.0   1   1   3.8e-12   2.1e-09   34.9   0.0    41   221    36   220    21   226 0.77 length=236	scaffold=scaffold00524	strand=+
3841_g               -            177 9338at5820           -            247   1.1e-08   32.6   0.1   1   1   2.2e-11   1.3e-08   32.4   0.1    39   175    33   176    23   177 0.74 length=177	scaffold=scaffold01433	strand=-
3040_g               -            279 9338at5820           -            247   0.00013   19.2   0.0   1   1   3.7e-07   0.00021   18.5   0.0   159   223   187   252   167   272 0.86 length=279	scaffold=scaffold00812	strand=+
#
# Program:         hmmsearch
# Version:         3.1b2 (February 2015)
# Pipeline mode:   SEARCH
# Query file:      /export/home/bio1901/Documents/29_BINP/OrthoSearch/busco_downloads/lineages/plasmodium_odb10/hmms/9338at5820.hmm
# Target file:     Results/1_GeneSequences/PB.faa
# Option settings: /home/users/bio1901/miniconda3/envs/busco/bin/hmmsearch --domtblout /export/home/bio1901/Documents/29_BINP/OrthoSearch/PB/run_plasmodium_odb10/hmmer_output/9338at5820.out --cpu 1 /export/home/bio1901/Documents/29_BINP/OrthoSearch/busco_downloads/lineages/plasmodium_odb10/hmms/9338at5820.hmm Results/1_GeneSequences/PB.faa 
# Current dir:     /export/home/bio1901/Documents/29_BINP/OrthoSearch
# Date:            Sun Mar 15 18:16:57 2020
# [ok]
