#                                                                            --- full sequence --- -------------- this domain -------------   hmm coord   ali coord   env coord
# target name        accession   tlen query name           accession   qlen   E-value  score  bias   #  of  c-Evalue  i-Evalue  score  bias  from    to  from    to  from    to  acc description of target
#------------------- ---------- ----- -------------------- ---------- ----- --------- ------ ----- --- --- --------- --------- ------ ----- ----- ----- ----- ----- ----- ----- ---- ---------------------
2437_g               -           2245 935at5820            -           1412         0 1443.4 185.4   1   9     7e-43   5.6e-40  134.5   9.6     1   123     1   125     1   132 0.93 length=2245	scaffold=scaffold00512	strand=+
2437_g               -           2245 935at5820            -           1412         0 1443.4 185.4   2   9   1.1e-90   8.9e-88  292.9  41.1   123   482   200   599   186   609 0.87 length=2245	scaffold=scaffold00512	strand=+
2437_g               -           2245 935at5820            -           1412         0 1443.4 185.4   3   9   8.3e-65   6.6e-62  207.2  16.3   433   656   601   827   592   841 0.84 length=2245	scaffold=scaffold00512	strand=+
2437_g               -           2245 935at5820            -           1412         0 1443.4 185.4   4   9    0.0038         3    2.9   1.6   628   662   845   879   830   886 0.72 length=2245	scaffold=scaffold00512	strand=+
2437_g               -           2245 935at5820            -           1412         0 1443.4 185.4   5   9  1.5e-104  1.2e-101  338.8  31.5   617   985   859  1236   845  1238 0.81 length=2245	scaffold=scaffold00512	strand=+
2437_g               -           2245 935at5820            -           1412         0 1443.4 185.4   6   9   1.1e-38   9.1e-36  120.6   6.2   906  1058  1234  1405  1223  1417 0.79 length=2245	scaffold=scaffold00512	strand=+
2437_g               -           2245 935at5820            -           1412         0 1443.4 185.4   7   9   1.7e-17   1.3e-14   50.4   5.3  1049  1119  1517  1587  1497  1598 0.83 length=2245	scaffold=scaffold00512	strand=+
2437_g               -           2245 935at5820            -           1412         0 1443.4 185.4   8   9         5     4e+03   -8.7   4.9   457   492  1637  1672  1621  1702 0.45 length=2245	scaffold=scaffold00512	strand=+
2437_g               -           2245 935at5820            -           1412         0 1443.4 185.4   9   9    3e-110  2.4e-107  357.7   5.3  1123  1391  1859  2127  1844  2143 0.97 length=2245	scaffold=scaffold00512	strand=+
4056_g               -            151 935at5820            -           1412      0.22    6.7  15.4   1   1   0.00031      0.25    6.5  15.4   416   510    42   133    17   139 0.49 length=151	scaffold=scaffold01646	strand=-
2094_g               -            104 935at5820            -           1412      0.83    4.7  17.2   1   1    0.0012      0.95    4.5  17.2   425   490    31    97    17   102 0.50 length=104	scaffold=scaffold00390	strand=+
3609_g               -            253 935at5820            -           1412       2.5    3.1  16.3   1   2   0.00042      0.33    6.0  12.1   431   525    27   121    22   156 0.70 length=253	scaffold=scaffold01220	strand=-
3609_g               -            253 935at5820            -           1412       2.5    3.1  16.3   2   2      0.08        64   -1.5   0.3   282   332   139   215   133   233 0.60 length=253	scaffold=scaffold01220	strand=-
1627_g               -            505 935at5820            -           1412         7    1.6  10.1   1   1     0.012       9.3    1.2  10.1   452   503     3    52     1    77 0.53 length=505	scaffold=scaffold00257	strand=+
#
# Program:         hmmsearch
# Version:         3.1b2 (February 2015)
# Pipeline mode:   SEARCH
# Query file:      /export/home/bio1901/Documents/29_BINP/OrthoSearch/busco_downloads/lineages/plasmodium_odb10/hmms/935at5820.hmm
# Target file:     Results/1_GeneSequences/PB.faa
# Option settings: /home/users/bio1901/miniconda3/envs/busco/bin/hmmsearch --domtblout /export/home/bio1901/Documents/29_BINP/OrthoSearch/PB/run_plasmodium_odb10/hmmer_output/935at5820.out --cpu 1 /export/home/bio1901/Documents/29_BINP/OrthoSearch/busco_downloads/lineages/plasmodium_odb10/hmms/935at5820.hmm Results/1_GeneSequences/PB.faa 
# Current dir:     /export/home/bio1901/Documents/29_BINP/OrthoSearch
# Date:            Sun Mar 15 18:17:01 2020
# [ok]
