#                                                                            --- full sequence --- -------------- this domain -------------   hmm coord   ali coord   env coord
# target name        accession   tlen query name           accession   qlen   E-value  score  bias   #  of  c-Evalue  i-Evalue  score  bias  from    to  from    to  from    to  acc description of target
#------------------- ---------- ----- -------------------- ---------- ----- --------- ------ ----- --- --- --------- --------- ------ ----- ----- ----- ----- ----- ----- ----- ---- ---------------------
3973_g               -            303 9386at5820           -            279   1.2e-14   51.9   4.1   1   1   2.3e-16   1.8e-13   48.0   4.1    11   268    12   291     5   301 0.73 length=303	scaffold=scaffold01556	strand=+
1236_g               -           1139 9386at5820           -            279   3.3e-11   40.6   2.3   1   4     0.019        15    2.4   0.0    15    41    39    65    29    84 0.78 length=1139	scaffold=scaffold00168	strand=-
1236_g               -           1139 9386at5820           -            279   3.3e-11   40.6   2.3   2   4         1   8.3e+02   -3.3   0.0   158   193   683   718   657   724 0.71 length=1139	scaffold=scaffold00168	strand=-
1236_g               -           1139 9386at5820           -            279   3.3e-11   40.6   2.3   3   4   0.00022      0.17    8.7   0.0    12    76   777   843   768   866 0.77 length=1139	scaffold=scaffold00168	strand=-
1236_g               -           1139 9386at5820           -            279   3.3e-11   40.6   2.3   4   4     8e-10   6.4e-07   26.5   0.1    11    93  1041  1126  1033  1137 0.86 length=1139	scaffold=scaffold00168	strand=-
3159_g               -            709 9386at5820           -            279   1.6e-10   38.3   5.5   1   3   7.4e-06    0.0059   13.5   0.5   195   276   232   312   216   315 0.76 length=709	scaffold=scaffold00883	strand=-
3159_g               -            709 9386at5820           -            279   1.6e-10   38.3   5.5   2   3   1.4e-08   1.1e-05   22.5   0.1    13    84   342   415   333   473 0.81 length=709	scaffold=scaffold00883	strand=-
3159_g               -            709 9386at5820           -            279   1.6e-10   38.3   5.5   3   3     0.013        10    2.9   0.0   197   230   630   663   558   699 0.69 length=709	scaffold=scaffold00883	strand=-
728_g                -            333 9386at5820           -            279   5.8e-07   26.7   1.8   1   3     0.084        67    0.2   0.0   207   264    15    66     2    81 0.50 length=333	scaffold=scaffold00078	strand=+
728_g                -            333 9386at5820           -            279   5.8e-07   26.7   1.8   2   3   0.00022      0.18    8.7   0.1    12    84    93   163    82   177 0.68 length=333	scaffold=scaffold00078	strand=+
728_g                -            333 9386at5820           -            279   5.8e-07   26.7   1.8   3   3   1.9e-06    0.0015   15.5   0.1   191   253   245   305   232   330 0.63 length=333	scaffold=scaffold00078	strand=+
3050_g               -            332 9386at5820           -            279   5.9e-06   23.4   0.6   1   3   1.2e-07   9.6e-05   19.4   0.1    15   118    33   138    20   164 0.74 length=332	scaffold=scaffold00817	strand=+
3050_g               -            332 9386at5820           -            279   5.9e-06   23.4   0.6   2   3    0.0092       7.3    3.4   0.1    22    89   137   208   126   264 0.49 length=332	scaffold=scaffold00817	strand=+
3050_g               -            332 9386at5820           -            279   5.9e-06   23.4   0.6   3   3       0.2   1.6e+02   -1.0   0.0    13    61   232   277   219   304 0.64 length=332	scaffold=scaffold00817	strand=+
#
# Program:         hmmsearch
# Version:         3.1b2 (February 2015)
# Pipeline mode:   SEARCH
# Query file:      /export/home/bio1901/Documents/29_BINP/OrthoSearch/busco_downloads/lineages/plasmodium_odb10/hmms/9386at5820.hmm
# Target file:     Results/1_GeneSequences/PB.faa
# Option settings: /home/users/bio1901/miniconda3/envs/busco/bin/hmmsearch --domtblout /export/home/bio1901/Documents/29_BINP/OrthoSearch/PB/run_plasmodium_odb10/hmmer_output/9386at5820.out --cpu 1 /export/home/bio1901/Documents/29_BINP/OrthoSearch/busco_downloads/lineages/plasmodium_odb10/hmms/9386at5820.hmm Results/1_GeneSequences/PB.faa 
# Current dir:     /export/home/bio1901/Documents/29_BINP/OrthoSearch
# Date:            Sun Mar 15 18:17:04 2020
# [ok]
