#                                                                            --- full sequence --- -------------- this domain -------------   hmm coord   ali coord   env coord
# target name        accession   tlen query name           accession   qlen   E-value  score  bias   #  of  c-Evalue  i-Evalue  score  bias  from    to  from    to  from    to  acc description of target
#------------------- ---------- ----- -------------------- ---------- ----- --------- ------ ----- --- --- --------- --------- ------ ----- ----- ----- ----- ----- ----- ----- ---- ---------------------
61_g                 -            877 9439at5820           -            250   2.3e-35  120.3   2.9   1   1   2.7e-37   2.3e-35  120.3   2.9     3   244   417   668   415   671 0.78 length=877	scaffold=scaffold00003	strand=+
2611_g               -           1579 9439at5820           -            250   4.4e-34  116.1   9.0   1   1     5e-36   4.4e-34  116.1   9.0    10   236  1143  1376  1134  1388 0.84 length=1579	scaffold=scaffold00584	strand=-
588_g                -            577 9439at5820           -            250   1.1e-33  114.7   4.7   1   1   2.1e-35   1.8e-33  114.0   4.7     8   242   283   525   277   533 0.83 length=577	scaffold=scaffold00058	strand=-
2604_g               -           1027 9439at5820           -            250   6.5e-33  112.2   0.0   1   1   2.2e-34   1.9e-32  110.7   0.0     6   237   695   932   689   938 0.81 length=1027	scaffold=scaffold00578	strand=-	adjustedToFrame=2
574_g                -           1016 9439at5820           -            250   2.2e-31  107.2   3.5   1   1   3.3e-32   2.9e-30  103.6   3.5     3   237    57   328    55   339 0.77 length=1016	scaffold=scaffold00057	strand=-
3774_g               -           1389 9439at5820           -            250   3.5e-31  106.6   0.8   1   1     4e-33   3.5e-31  106.6   0.8     9   229   255   484   249   502 0.83 length=1389	scaffold=scaffold01374	strand=-	adjustedToFrame=2
667_g                -            544 9439at5820           -            250   2.9e-30  103.6   0.8   1   1   5.4e-32   4.6e-30  102.9   0.8     9   238   114   350   107   358 0.80 length=544	scaffold=scaffold00069	strand=-
825_g                -            769 9439at5820           -            250   2.1e-29  100.8   5.4   1   3   2.4e-31   2.1e-29  100.8   5.4     4   211     8   221     5   257 0.73 length=769	scaffold=scaffold00092	strand=+
825_g                -            769 9439at5820           -            250   2.1e-29  100.8   5.4   2   3       6.1   5.2e+02   -2.1   1.8    34   130   299   395   292   406 0.68 length=769	scaffold=scaffold00092	strand=+
825_g                -            769 9439at5820           -            250   2.1e-29  100.8   5.4   3   3       7.9   6.8e+02   -2.5   0.5    62   103   720   764   686   768 0.52 length=769	scaffold=scaffold00092	strand=+
2754_g               -           2003 9439at5820           -            250   1.6e-28   97.9   0.6   1   1   5.6e-30   4.8e-28   96.3   0.6     6   233  1628  1865  1625  1879 0.83 length=2003	scaffold=scaffold00652	strand=-	adjustedToFrame=3
1282_g               -            569 9439at5820           -            250   3.9e-28   96.6   0.0   1   1     9e-30   7.8e-28   95.6   0.0    10   200   260   453   252   494 0.81 length=569	scaffold=scaffold00177	strand=+
1877_g               -            352 9439at5820           -            250   7.3e-26   89.1   0.1   1   1   8.4e-28   7.3e-26   89.1   0.1   123   171   304   352   279   352 0.91 length=352	scaffold=scaffold00323	strand=-
2410_g               -            133 9439at5820           -            250   2.1e-25   87.6   0.1   1   1   2.8e-27   2.4e-25   87.4   0.1   126   239     2   118     1   128 0.87 length=133	scaffold=scaffold00503	strand=-
2376_g               -            462 9439at5820           -            250   3.5e-25   86.9   1.7   1   1     6e-27   5.2e-25   86.3   1.7     6   237    83   322    78   332 0.80 length=462	scaffold=scaffold00492	strand=-
1275_g               -            518 9439at5820           -            250   6.1e-23   79.6   2.6   1   1   1.1e-24   9.2e-23   79.0   2.1     4   211    22   242    19   253 0.80 length=518	scaffold=scaffold00176	strand=-
3015_g               -            760 9439at5820           -            250   2.6e-22   77.5   4.6   1   1     3e-24   2.6e-22   77.5   4.6    11   214   316   524   308   562 0.77 length=760	scaffold=scaffold00797	strand=-	adjustedToFrame=3
3103_g               -           2213 9439at5820           -            250   1.7e-21   74.8   5.7   1   2     2e-23   1.7e-21   74.8   5.7    34   238  1414  1627  1404  1635 0.81 length=2213	scaffold=scaffold00848	strand=-	adjustedToFrame=3
3103_g               -           2213 9439at5820           -            250   1.7e-21   74.8   5.7   2   2       9.2     8e+02   -2.7   1.4   111   154  1679  1730  1654  1740 0.60 length=2213	scaffold=scaffold00848	strand=-	adjustedToFrame=3
1516_g               -           1695 9439at5820           -            250   3.1e-21   74.0   0.0   1   1   8.2e-23   7.1e-21   72.8   0.0    72   245  1485  1671  1459  1676 0.78 length=1695	scaffold=scaffold00231	strand=+
1671_g               -           1921 9439at5820           -            250   1.2e-20   72.1   0.6   1   3       2.1   1.8e+02   -0.6   0.6   121   154   386   421   380   428 0.78 length=1921	scaffold=scaffold00267	strand=+
1671_g               -           1921 9439at5820           -            250   1.2e-20   72.1   0.6   2   3      0.13        11    3.4   2.7    44   100   627   684   610   722 0.68 length=1921	scaffold=scaffold00267	strand=+
1671_g               -           1921 9439at5820           -            250   1.2e-20   72.1   0.6   3   3   1.3e-22   1.2e-20   72.1   0.6    70   203   750   881   710   928 0.77 length=1921	scaffold=scaffold00267	strand=+
1961_g               -            485 9439at5820           -            250   1.4e-20   71.8   0.3   1   1   1.7e-22   1.4e-20   71.8   0.3    12   211    46   254    37   288 0.72 length=485	scaffold=scaffold00349	strand=-
1269_g               -           2717 9439at5820           -            250   1.6e-19   68.4   1.4   1   1   6.9e-20   5.9e-18   63.2   1.4    44   245   157   387   108   390 0.72 length=2717	scaffold=scaffold00175	strand=-
2396_g               -            275 9439at5820           -            250   1.9e-19   68.1   6.7   1   1   2.9e-21   2.5e-19   67.7   6.7    26   234    50   261    27   273 0.78 length=275	scaffold=scaffold00499	strand=-
4034_g               -            619 9439at5820           -            250   2.9e-19   67.5   1.6   1   1   6.7e-21   5.8e-19   66.5   1.6    41   185   409   564   371   582 0.78 length=619	scaffold=scaffold01621	strand=-	adjustedToFrame=3
2951_g               -            907 9439at5820           -            250   2.5e-18   64.5   0.9   1   2       1.7   1.5e+02   -0.3   1.1    23   107   605   642   597   682 0.51 length=907	scaffold=scaffold00756	strand=+
2951_g               -            907 9439at5820           -            250   2.5e-18   64.5   0.9   2   2   2.8e-20   2.5e-18   64.5   0.9    29   200   715   885   709   901 0.83 length=907	scaffold=scaffold00756	strand=+
3036_g               -           1000 9439at5820           -            250   2.5e-18   64.5   3.1   1   1   4.9e-20   4.2e-18   63.7   3.1     3   235   649   897   647   906 0.77 length=1000	scaffold=scaffold00809	strand=+	adjustedToFrame=2
3411_g               -            877 9439at5820           -            250   1.5e-17   61.9   0.3   1   2       4.8   4.1e+02   -1.8   0.0     9    61   385   443   376   462 0.68 length=877	scaffold=scaffold01062	strand=-	adjustedToFrame=2
3411_g               -            877 9439at5820           -            250   1.5e-17   61.9   0.3   2   2   7.1e-19   6.1e-17   59.9   0.0    88   202   588   705   545   743 0.81 length=877	scaffold=scaffold01062	strand=-	adjustedToFrame=2
159_g                -            313 9439at5820           -            250   9.6e-17   59.3   0.6   1   2       2.4   2.1e+02   -0.8   0.0     5    18    43    56    41    60 0.86 length=313	scaffold=scaffold00009	strand=-	adjustedToFrame=2
159_g                -            313 9439at5820           -            250   9.6e-17   59.3   0.6   2   2   3.5e-18     3e-16   57.6   0.2    97   199   110   214    90   247 0.87 length=313	scaffold=scaffold00009	strand=-	adjustedToFrame=2
1507_g               -           1229 9439at5820           -            250   3.5e-16   57.4   7.9   1   1   1.5e-17   1.3e-15   55.5   7.9     7   193    10   211     5   257 0.76 length=1229	scaffold=scaffold00229	strand=-
4028_g               -            733 9439at5820           -            250   4.4e-16   57.1   0.5   1   1   5.1e-18   4.4e-16   57.1   0.5    10   202   539   730   534   732 0.75 length=733	scaffold=scaffold01617	strand=-
1688_g               -            647 9439at5820           -            250   7.2e-15   53.1   0.3   1   2   2.5e-14   2.1e-12   45.0   0.2    70   166   173   276   133   288 0.81 length=647	scaffold=scaffold00271	strand=-
1688_g               -            647 9439at5820           -            250   7.2e-15   53.1   0.3   2   2     0.027       2.3    5.6   0.0   171   199   300   328   296   350 0.87 length=647	scaffold=scaffold00271	strand=-
2742_g               -           2275 9439at5820           -            250   1.6e-14   52.0   7.1   1   2   7.6e-09   6.6e-07   27.0   4.2    21   139  1665  1782  1640  1791 0.83 length=2275	scaffold=scaffold00646	strand=+
2742_g               -           2275 9439at5820           -            250   1.6e-14   52.0   7.1   2   2   6.7e-08   5.8e-06   23.9   0.0   147   237  2159  2254  2150  2264 0.81 length=2275	scaffold=scaffold00646	strand=+
1643_g               -            839 9439at5820           -            250     2e-14   51.6  11.5   1   1   5.3e-16   4.6e-14   50.5  10.3    24   238    48   280    27   288 0.74 length=839	scaffold=scaffold00260	strand=+
2556_g               -            656 9439at5820           -            250   2.5e-14   51.3  11.7   1   2   7.4e-15   6.4e-13   46.7  11.7    21   148   456   589   446   602 0.73 length=656	scaffold=scaffold00556	strand=+
2556_g               -            656 9439at5820           -            250   2.5e-14   51.3  11.7   2   2      0.35        30    1.9   0.0   156   172   629   644   606   652 0.82 length=656	scaffold=scaffold00556	strand=+
4051_g               -            682 9439at5820           -            250   6.1e-14   50.1   1.4   1   2     7e-16   6.1e-14   50.1   1.4    69   150    93   170    70   178 0.88 length=682	scaffold=scaffold01642	strand=-
4051_g               -            682 9439at5820           -            250   6.1e-14   50.1   1.4   2   2       6.9     6e+02   -2.3   0.1    24    71   308   355   302   370 0.70 length=682	scaffold=scaffold01642	strand=-
3917_g               -           1019 9439at5820           -            250   6.4e-13   46.7   0.7   1   2      0.76        66    0.8   0.1    29    88   330   390   305   405 0.77 length=1019	scaffold=scaffold01500	strand=-
3917_g               -           1019 9439at5820           -            250   6.4e-13   46.7   0.7   2   2   6.6e-14   5.8e-12   43.6   0.0   104   197   588   684   571   700 0.87 length=1019	scaffold=scaffold01500	strand=-
1927_g               -            810 9439at5820           -            250   8.1e-13   46.4   5.8   1   2    0.0015      0.13    9.7   4.6    45   133   322   403   297   419 0.70 length=810	scaffold=scaffold00339	strand=+
1927_g               -            810 9439at5820           -            250   8.1e-13   46.4   5.8   2   2   3.4e-11     3e-09   34.7   0.0   154   198   495   539   486   550 0.88 length=810	scaffold=scaffold00339	strand=+
1764_g               -            234 9439at5820           -            250   2.3e-12   44.9   0.0   1   1   3.7e-14   3.2e-12   44.5   0.0   138   200    13    78     1   131 0.80 length=234	scaffold=scaffold00292	strand=+	adjustedToFrame=2
229_g                -           1128 9439at5820           -            250   5.3e-12   43.7   8.9   1   2   5.8e-12     5e-10   37.3   3.4     6   153   116   271   113   283 0.72 length=1128	scaffold=scaffold00016	strand=+
229_g                -           1128 9439at5820           -            250   5.3e-12   43.7   8.9   2   2    0.0028      0.24    8.8   0.0   152   194   296   339   290   347 0.81 length=1128	scaffold=scaffold00016	strand=+
1696_g               -            415 9439at5820           -            250   7.3e-12   43.3   1.4   1   1   1.4e-13   1.2e-11   42.6   1.4     5   181    64   250    61   277 0.73 length=415	scaffold=scaffold00273	strand=-
347_g                -           1559 9439at5820           -            250   1.1e-11   42.7   8.5   1   2   2.5e-07   2.2e-05   22.1   1.4    53   135  1069  1149  1025  1168 0.82 length=1559	scaffold=scaffold00028	strand=+
347_g                -           1559 9439at5820           -            250   1.1e-11   42.7   8.5   2   2   6.2e-08   5.4e-06   24.1   0.1   130   198  1328  1395  1317  1408 0.83 length=1559	scaffold=scaffold00028	strand=+
2118_g               -           3170 9439at5820           -            250     5e-11   40.5   0.8   1   1     2e-12   1.7e-10   38.8   0.8    26   238  2896  3132  2874  3140 0.69 length=3170	scaffold=scaffold00397	strand=-	adjustedToFrame=2
3635_g               -            463 9439at5820           -            250   1.6e-10   38.9  10.7   1   1   3.5e-12     3e-10   38.0  10.7     5   150   272   424   268   433 0.83 length=463	scaffold=scaffold01242	strand=+
2166_g               -            585 9439at5820           -            250   5.6e-10   37.1  10.6   1   3   2.4e-06   0.00021   18.8   1.2     6    68    35    97    32   121 0.81 length=585	scaffold=scaffold00414	strand=+
2166_g               -            585 9439at5820           -            250   5.6e-10   37.1  10.6   2   3     3e-06   0.00026   18.5   0.7    64   134   242   308   223   314 0.86 length=585	scaffold=scaffold00414	strand=+
2166_g               -            585 9439at5820           -            250   5.6e-10   37.1  10.6   3   3     0.067       5.8    4.3   0.0   139   186   530   578   523   582 0.78 length=585	scaffold=scaffold00414	strand=+
524_g                -           1487 9439at5820           -            250   1.3e-08   32.6   0.2   1   1     4e-10   3.5e-08   31.2   0.2     5   192    51   245    48   269 0.77 length=1487	scaffold=scaffold00051	strand=-
1780_g               -           3248 9439at5820           -            250     2e-07   28.7   0.3   1   3      0.89        77    0.6   0.0     6    95  2307  2405  2302  2423 0.69 length=3248	scaffold=scaffold00296	strand=-
1780_g               -           3248 9439at5820           -            250     2e-07   28.7   0.3   2   3   2.3e-09     2e-07   28.7   0.3   105   159  2885  2940  2837  2964 0.77 length=3248	scaffold=scaffold00296	strand=-
1780_g               -           3248 9439at5820           -            250     2e-07   28.7   0.3   3   3      0.33        29    2.0   0.0   156   193  2966  3001  2949  3012 0.81 length=3248	scaffold=scaffold00296	strand=-
2345_g               -            307 9439at5820           -            250     5e-07   27.4   1.4   1   1   8.6e-09   7.5e-07   26.9   1.4    61   201    82   220    68   267 0.81 length=307	scaffold=scaffold00478	strand=+
2390_g               -            587 9439at5820           -            250   2.4e-06   25.2   4.3   1   2   7.1e-07   6.1e-05   20.6   2.3    35   154   220   334   207   340 0.81 length=587	scaffold=scaffold00497	strand=+
2390_g               -            587 9439at5820           -            250   2.4e-06   25.2   4.3   2   2     0.099       8.6    3.7   0.0   139   173   427   463   411   522 0.85 length=587	scaffold=scaffold00497	strand=+
#
# Program:         hmmsearch
# Version:         3.1b2 (February 2015)
# Pipeline mode:   SEARCH
# Query file:      /export/home/bio1901/Documents/29_BINP/OrthoSearch/busco_downloads/lineages/plasmodium_odb10/hmms/9439at5820.hmm
# Target file:     Results/1_GeneSequences/PB.faa
# Option settings: /home/users/bio1901/miniconda3/envs/busco/bin/hmmsearch --domtblout /export/home/bio1901/Documents/29_BINP/OrthoSearch/PB/run_plasmodium_odb10/hmmer_output/9439at5820.out --cpu 1 /export/home/bio1901/Documents/29_BINP/OrthoSearch/busco_downloads/lineages/plasmodium_odb10/hmms/9439at5820.hmm Results/1_GeneSequences/PB.faa 
# Current dir:     /export/home/bio1901/Documents/29_BINP/OrthoSearch
# Date:            Sun Mar 15 18:17:09 2020
# [ok]
