#                                                                            --- full sequence --- -------------- this domain -------------   hmm coord   ali coord   env coord
# target name        accession   tlen query name           accession   qlen   E-value  score  bias   #  of  c-Evalue  i-Evalue  score  bias  from    to  from    to  from    to  acc description of target
#------------------- ---------- ----- -------------------- ---------- ----- --------- ------ ----- --- --- --------- --------- ------ ----- ----- ----- ----- ----- ----- ----- ---- ---------------------
1720_g               -           3318 943at5820            -           1188  6.8e-153  508.7 203.1   1  12         1     4e+03  -14.8  13.8   212  1005   210   229   129   277 0.54 length=3318	scaffold=scaffold00279	strand=-
1720_g               -           3318 943at5820            -           1188  6.8e-153  508.7 203.1   2  12         1     4e+03  -11.4  10.0   705   793   985  1077   913  1114 0.59 length=3318	scaffold=scaffold00279	strand=-
1720_g               -           3318 943at5820            -           1188  6.8e-153  508.7 203.1   3  12     0.026     1e+02   -2.0   0.0     2    30  1201  1229  1200  1249 0.89 length=3318	scaffold=scaffold00279	strand=-
1720_g               -           3318 943at5820            -           1188  6.8e-153  508.7 203.1   4  12   9.5e-22   3.8e-18   62.4   5.7    70   178  1429  1540  1411  1590 0.75 length=3318	scaffold=scaffold00279	strand=-
1720_g               -           3318 943at5820            -           1188  6.8e-153  508.7 203.1   5  12   6.8e-18   2.7e-14   49.6  10.7   173   285  1594  1720  1587  1733 0.74 length=3318	scaffold=scaffold00279	strand=-
1720_g               -           3318 943at5820            -           1188  6.8e-153  508.7 203.1   6  12   4.7e-59   1.9e-55  186.0  13.2   285   528  1791  2060  1782  2066 0.83 length=3318	scaffold=scaffold00279	strand=-
1720_g               -           3318 943at5820            -           1188  6.8e-153  508.7 203.1   7  12     1e-20   4.1e-17   59.0  14.5   523   635  2182  2297  2165  2307 0.75 length=3318	scaffold=scaffold00279	strand=-
1720_g               -           3318 943at5820            -           1188  6.8e-153  508.7 203.1   8  12   8.1e-27   3.2e-23   79.2   3.3   610   716  2341  2457  2337  2485 0.84 length=3318	scaffold=scaffold00279	strand=-
1720_g               -           3318 943at5820            -           1188  6.8e-153  508.7 203.1   9  12   5.1e-05       0.2    7.0   8.5   690   774  2549  2639  2541  2730 0.80 length=3318	scaffold=scaffold00279	strand=-
1720_g               -           3318 943at5820            -           1188  6.8e-153  508.7 203.1  10  12   2.5e-10     1e-06   24.6   5.2   838   908  2864  2938  2784  2945 0.80 length=3318	scaffold=scaffold00279	strand=-
1720_g               -           3318 943at5820            -           1188  6.8e-153  508.7 203.1  11  12   6.1e-19   2.4e-15   53.1  25.7   907  1023  2989  3128  2962  3132 0.72 length=3318	scaffold=scaffold00279	strand=-
1720_g               -           3318 943at5820            -           1188  6.8e-153  508.7 203.1  12  12   2.5e-24     1e-20   71.0  12.3  1013  1131  3190  3310  3180  3314 0.86 length=3318	scaffold=scaffold00279	strand=-
#
# Program:         hmmsearch
# Version:         3.1b2 (February 2015)
# Pipeline mode:   SEARCH
# Query file:      /export/home/bio1901/Documents/29_BINP/OrthoSearch/busco_downloads/lineages/plasmodium_odb10/hmms/943at5820.hmm
# Target file:     Results/1_GeneSequences/PB.faa
# Option settings: /home/users/bio1901/miniconda3/envs/busco/bin/hmmsearch --domtblout /export/home/bio1901/Documents/29_BINP/OrthoSearch/PB/run_plasmodium_odb10/hmmer_output/943at5820.out --cpu 1 /export/home/bio1901/Documents/29_BINP/OrthoSearch/busco_downloads/lineages/plasmodium_odb10/hmms/943at5820.hmm Results/1_GeneSequences/PB.faa 
# Current dir:     /export/home/bio1901/Documents/29_BINP/OrthoSearch
# Date:            Sun Mar 15 18:17:09 2020
# [ok]
