#                                                                            --- full sequence --- -------------- this domain -------------   hmm coord   ali coord   env coord
# target name        accession   tlen query name           accession   qlen   E-value  score  bias   #  of  c-Evalue  i-Evalue  score  bias  from    to  from    to  from    to  acc description of target
#------------------- ---------- ----- -------------------- ---------- ----- --------- ------ ----- --- --- --------- --------- ------ ----- ----- ----- ----- ----- ----- ----- ---- ---------------------
1834_g               -            687 9467at5820           -            281   6.8e-73  243.4  76.8   1   6   1.4e-36   1.9e-33  114.0  12.9    14   127    12   126     5   191 0.73 length=687	scaffold=scaffold00311	strand=-
1834_g               -            687 9467at5820           -            281   6.8e-73  243.4  76.8   2   6      0.24   3.2e+02   -1.6   2.5    75   123   212   259   190   277 0.64 length=687	scaffold=scaffold00311	strand=-
1834_g               -            687 9467at5820           -            281   6.8e-73  243.4  76.8   3   6      0.36   4.7e+02   -2.1  18.3    50   133   252   335   208   394 0.69 length=687	scaffold=scaffold00311	strand=-
1834_g               -            687 9467at5820           -            281   6.8e-73  243.4  76.8   4   6   0.00041      0.55    7.5  20.7   112   202   392   495   343   508 0.57 length=687	scaffold=scaffold00311	strand=-
1834_g               -            687 9467at5820           -            281   6.8e-73  243.4  76.8   5   6       1.2   1.6e+03   -3.9   6.5    95   155   461   520   450   538 0.49 length=687	scaffold=scaffold00311	strand=-
1834_g               -            687 9467at5820           -            281   6.8e-73  243.4  76.8   6   6   5.5e-44   7.4e-41  138.3   3.3   186   281   591   686   573   686 0.93 length=687	scaffold=scaffold00311	strand=-
2197_g               -            212 9467at5820           -            281      0.03   11.7   0.1   1   3       1.1   1.5e+03   -3.7  19.5    93   145     3    55     1    69 0.50 length=212	scaffold=scaffold00423	strand=+
2197_g               -            212 9467at5820           -            281      0.03   11.7   0.1   2   3    0.0015         2    5.7   0.2    51    81   122   152    96   160 0.79 length=212	scaffold=scaffold00423	strand=+
2197_g               -            212 9467at5820           -            281      0.03   11.7   0.1   3   3   2.2e-05      0.03   11.7   0.1    22    69   156   204   146   209 0.80 length=212	scaffold=scaffold00423	strand=+
2551_g               -            226 9467at5820           -            281      0.22    8.8  16.1   1   1   0.00083       1.1    6.5  16.1   118   273    22   184     1   192 0.70 length=226	scaffold=scaffold00554	strand=-
#
# Program:         hmmsearch
# Version:         3.1b2 (February 2015)
# Pipeline mode:   SEARCH
# Query file:      /export/home/bio1901/Documents/29_BINP/OrthoSearch/busco_downloads/lineages/plasmodium_odb10/hmms/9467at5820.hmm
# Target file:     Results/1_GeneSequences/PB.faa
# Option settings: /home/users/bio1901/miniconda3/envs/busco/bin/hmmsearch --domtblout /export/home/bio1901/Documents/29_BINP/OrthoSearch/PB/run_plasmodium_odb10/hmmer_output/9467at5820.out --cpu 1 /export/home/bio1901/Documents/29_BINP/OrthoSearch/busco_downloads/lineages/plasmodium_odb10/hmms/9467at5820.hmm Results/1_GeneSequences/PB.faa 
# Current dir:     /export/home/bio1901/Documents/29_BINP/OrthoSearch
# Date:            Sun Mar 15 18:17:11 2020
# [ok]
