#                                                                            --- full sequence --- -------------- this domain -------------   hmm coord   ali coord   env coord
# target name        accession   tlen query name           accession   qlen   E-value  score  bias   #  of  c-Evalue  i-Evalue  score  bias  from    to  from    to  from    to  acc description of target
#------------------- ---------- ----- -------------------- ---------- ----- --------- ------ ----- --- --- --------- --------- ------ ----- ----- ----- ----- ----- ----- ----- ---- ---------------------
2918_g               -            329 9479at5820           -            296   5.8e-92  306.1  24.3   1   1   1.3e-94   1.3e-91  305.0  24.3     1   296     8   328     8   328 0.89 length=329	scaffold=scaffold00739	strand=+
3772_g               -            363 9479at5820           -            296     3e-11   41.2  11.5   1   4    0.0031       3.1    5.0   0.1    42    80    66   104    52   111 0.82 length=363	scaffold=scaffold01372	strand=-
3772_g               -            363 9479at5820           -            296     3e-11   41.2  11.5   2   4   3.1e-09   3.1e-06   24.7   5.0     8   131    77   198    71   203 0.89 length=363	scaffold=scaffold01372	strand=-
3772_g               -            363 9479at5820           -            296     3e-11   41.2  11.5   3   4   1.6e-06    0.0016   15.8   0.1   226   286   213   272   206   276 0.92 length=363	scaffold=scaffold01372	strand=-
3772_g               -            363 9479at5820           -            296     3e-11   41.2  11.5   4   4     0.046        45    1.2   0.0    38    73   320   355   298   362 0.64 length=363	scaffold=scaffold01372	strand=-
3220_g               -            502 9479at5820           -            296   6.2e-08   30.3   5.0   1   3    0.0034       3.4    4.9   1.8   178   285   221   330   211   339 0.73 length=502	scaffold=scaffold00926	strand=-
3220_g               -            502 9479at5820           -            296   6.2e-08   30.3   5.0   2   3   9.7e-09   9.7e-06   23.1   0.0    12    80   349   414   345   422 0.90 length=502	scaffold=scaffold00926	strand=-
3220_g               -            502 9479at5820           -            296   6.2e-08   30.3   5.0   3   3     0.015        15    2.7   0.0   114   171   409   463   406   490 0.82 length=502	scaffold=scaffold00926	strand=-
496_g                -            605 9479at5820           -            296   2.6e-05   21.7   2.4   1   1   1.3e-07   0.00013   19.4   2.4    78   284   369   581   357   591 0.74 length=605	scaffold=scaffold00046	strand=+
#
# Program:         hmmsearch
# Version:         3.1b2 (February 2015)
# Pipeline mode:   SEARCH
# Query file:      /export/home/bio1901/Documents/29_BINP/OrthoSearch/busco_downloads/lineages/plasmodium_odb10/hmms/9479at5820.hmm
# Target file:     Results/1_GeneSequences/PB.faa
# Option settings: /home/users/bio1901/miniconda3/envs/busco/bin/hmmsearch --domtblout /export/home/bio1901/Documents/29_BINP/OrthoSearch/PB/run_plasmodium_odb10/hmmer_output/9479at5820.out --cpu 1 /export/home/bio1901/Documents/29_BINP/OrthoSearch/busco_downloads/lineages/plasmodium_odb10/hmms/9479at5820.hmm Results/1_GeneSequences/PB.faa 
# Current dir:     /export/home/bio1901/Documents/29_BINP/OrthoSearch
# Date:            Sun Mar 15 18:17:11 2020
# [ok]
