#                                                                            --- full sequence --- -------------- this domain -------------   hmm coord   ali coord   env coord
# target name        accession   tlen query name           accession   qlen   E-value  score  bias   #  of  c-Evalue  i-Evalue  score  bias  from    to  from    to  from    to  acc description of target
#------------------- ---------- ----- -------------------- ---------- ----- --------- ------ ----- --- --- --------- --------- ------ ----- ----- ----- ----- ----- ----- ----- ---- ---------------------
2440_g               -           1969 952at5820            -           1041  1.4e-231  769.2 145.6   1   8   0.00027       1.1    4.8   7.1     1    86     1    85     1   109 0.57 length=1969	scaffold=scaffold00513	strand=-
2440_g               -           1969 952at5820            -           1041  1.4e-231  769.2 145.6   2   8     2e-17     8e-14   48.2   8.9    67   149   231   313   214   394 0.92 length=1969	scaffold=scaffold00513	strand=-
2440_g               -           1969 952at5820            -           1041  1.4e-231  769.2 145.6   3   8   1.6e-34   6.3e-31  104.9   9.9   176   297   421   543   408   577 0.88 length=1969	scaffold=scaffold00513	strand=-
2440_g               -           1969 952at5820            -           1041  1.4e-231  769.2 145.6   4   8   6.5e-35   2.6e-31  106.1   8.6   299   411   580   694   570   710 0.89 length=1969	scaffold=scaffold00513	strand=-
2440_g               -           1969 952at5820            -           1041  1.4e-231  769.2 145.6   5   8   1.4e-93   5.4e-90  300.4  27.6   409   648   775  1018   764  1061 0.95 length=1969	scaffold=scaffold00513	strand=-
2440_g               -           1969 952at5820            -           1041  1.4e-231  769.2 145.6   6   8   1.3e-05     0.051    9.2   2.4   625   659  1118  1152  1104  1167 0.83 length=1969	scaffold=scaffold00513	strand=-
2440_g               -           1969 952at5820            -           1041  1.4e-231  769.2 145.6   7   8   1.3e-07   0.00053   15.7   2.1   656   718  1196  1259  1159  1274 0.80 length=1969	scaffold=scaffold00513	strand=-
2440_g               -           1969 952at5820            -           1041  1.4e-231  769.2 145.6   8   8   6.8e-70   2.7e-66  222.0  24.8   724   942  1298  1524  1290  1534 0.94 length=1969	scaffold=scaffold00513	strand=-
#
# Program:         hmmsearch
# Version:         3.1b2 (February 2015)
# Pipeline mode:   SEARCH
# Query file:      /export/home/bio1901/Documents/29_BINP/OrthoSearch/busco_downloads/lineages/plasmodium_odb10/hmms/952at5820.hmm
# Target file:     Results/1_GeneSequences/PB.faa
# Option settings: /home/users/bio1901/miniconda3/envs/busco/bin/hmmsearch --domtblout /export/home/bio1901/Documents/29_BINP/OrthoSearch/PB/run_plasmodium_odb10/hmmer_output/952at5820.out --cpu 1 /export/home/bio1901/Documents/29_BINP/OrthoSearch/busco_downloads/lineages/plasmodium_odb10/hmms/952at5820.hmm Results/1_GeneSequences/PB.faa 
# Current dir:     /export/home/bio1901/Documents/29_BINP/OrthoSearch
# Date:            Sun Mar 15 18:17:25 2020
# [ok]
