#                                                                            --- full sequence --- -------------- this domain -------------   hmm coord   ali coord   env coord
# target name        accession   tlen query name           accession   qlen   E-value  score  bias   #  of  c-Evalue  i-Evalue  score  bias  from    to  from    to  from    to  acc description of target
#------------------- ---------- ----- -------------------- ---------- ----- --------- ------ ----- --- --- --------- --------- ------ ----- ----- ----- ----- ----- ----- ----- ---- ---------------------
1872_g               -           1760 955at5820            -           1310         0 1595.0 140.4   1   4  1.6e-236  4.1e-234  778.0  15.2     1   625     1   641     1   652 0.83 length=1760	scaffold=scaffold00321	strand=+
1872_g               -           1760 955at5820            -           1310         0 1595.0 140.4   2   4     7e-08   1.9e-05   20.4  36.4   530   782   667   926   651   946 0.56 length=1760	scaffold=scaffold00321	strand=+
1872_g               -           1760 955at5820            -           1310         0 1595.0 140.4   3   4  2.4e-248  6.5e-246  817.1  24.8   743  1266   952  1477   924  1499 0.85 length=1760	scaffold=scaffold00321	strand=+
1872_g               -           1760 955at5820            -           1310         0 1595.0 140.4   4   4   0.00047      0.13    7.7  15.5  1221  1300  1662  1745  1656  1754 0.48 length=1760	scaffold=scaffold00321	strand=+
2350_g               -           1062 955at5820            -           1310    0.0001   18.0  21.5   1   1   3.8e-07    0.0001   18.0  21.5   378   591   566   785   560   828 0.71 length=1062	scaffold=scaffold00479	strand=-	adjustedToFrame=2
1108_g               -            487 955at5820            -           1310   0.00022   16.9  41.7   1   2   8.3e-07   0.00022   16.9  41.7   511   698     5   200     1   293 0.69 length=487	scaffold=scaffold00142	strand=+
1108_g               -            487 955at5820            -           1310   0.00022   16.9  41.7   2   2     0.092        24    0.1   3.1   742   786   426   469   301   484 0.57 length=487	scaffold=scaffold00142	strand=+
1330_g               -            275 955at5820            -           1310      0.17    7.3  29.9   1   1   0.00065      0.17    7.3  29.9   509   643    13   145     1   220 0.48 length=275	scaffold=scaffold00187	strand=-
2094_g               -            104 955at5820            -           1310      0.18    7.2  13.8   1   1   0.00064      0.17    7.3  13.8   504   564    41    97     8   103 0.40 length=104	scaffold=scaffold00390	strand=+
3680_g               -            298 955at5820            -           1310      0.19    7.2  35.5   1   1   0.00087      0.23    6.9  35.5   459   593    53   185    12   295 0.42 length=298	scaffold=scaffold01284	strand=+
1940_g               -            401 955at5820            -           1310      0.27    6.7  22.4   1   1    0.0015      0.39    6.1  22.4   474   571   295   393   243   399 0.49 length=401	scaffold=scaffold00343	strand=-
2335_g               -            212 955at5820            -           1310      0.38    6.1  12.4   1   1    0.0018      0.47    5.8  12.4   483   574   101   192    68   210 0.45 length=212	scaffold=scaffold00474	strand=-
2214_g               -            136 955at5820            -           1310      0.76    5.2  18.5   1   1     0.003       0.8    5.1  18.5   516   612    12    74     1   124 0.33 length=136	scaffold=scaffold00428	strand=-
1424_g               -            270 955at5820            -           1310       1.3    4.3  39.2   1   1    0.0064       1.7    4.0  39.2   444   624    48   241    31   266 0.43 length=270	scaffold=scaffold00209	strand=+
2630_g               -            156 955at5820            -           1310       2.1    3.7  20.1   1   1    0.0086       2.3    3.6  20.1   536   657     6   138     1   150 0.53 length=156	scaffold=scaffold00592	strand=+
2517_g               -            112 955at5820            -           1310       2.6    3.4  20.4   1   1     0.011       2.8    3.3  20.4   507   583    24   100     5   110 0.43 length=112	scaffold=scaffold00543	strand=+
148_g                -            199 955at5820            -           1310       5.3    2.3  32.5   1   1     0.021       5.7    2.2  32.5   474   590    68   190    20   198 0.47 length=199	scaffold=scaffold00009	strand=+
2398_g               -            332 955at5820            -           1310       7.8    1.8  26.2   1   1     0.033       8.9    1.6  26.2   471   645    31   222     3   328 0.36 length=332	scaffold=scaffold00499	strand=-	adjustedToFrame=2
3527_g               -            158 955at5820            -           1310       8.1    1.7  36.5   1   1     0.032       8.5    1.7  36.5   503   635    49   148    10   157 0.26 length=158	scaffold=scaffold01156	strand=-	adjustedToFrame=3
#
# Program:         hmmsearch
# Version:         3.1b2 (February 2015)
# Pipeline mode:   SEARCH
# Query file:      /export/home/bio1901/Documents/29_BINP/OrthoSearch/busco_downloads/lineages/plasmodium_odb10/hmms/955at5820.hmm
# Target file:     Results/1_GeneSequences/PB.faa
# Option settings: /home/users/bio1901/miniconda3/envs/busco/bin/hmmsearch --domtblout /export/home/bio1901/Documents/29_BINP/OrthoSearch/PB/run_plasmodium_odb10/hmmer_output/955at5820.out --cpu 1 /export/home/bio1901/Documents/29_BINP/OrthoSearch/busco_downloads/lineages/plasmodium_odb10/hmms/955at5820.hmm Results/1_GeneSequences/PB.faa 
# Current dir:     /export/home/bio1901/Documents/29_BINP/OrthoSearch
# Date:            Sun Mar 15 18:17:45 2020
# [ok]
