#                                                                            --- full sequence --- -------------- this domain -------------   hmm coord   ali coord   env coord
# target name        accession   tlen query name           accession   qlen   E-value  score  bias   #  of  c-Evalue  i-Evalue  score  bias  from    to  from    to  from    to  acc description of target
#------------------- ---------- ----- -------------------- ---------- ----- --------- ------ ----- --- --- --------- --------- ------ ----- ----- ----- ----- ----- ----- ----- ---- ---------------------
2376_g               -            462 9615at5820           -            352   1.1e-11   42.4   2.0   1   2   3.1e-08   1.1e-05   22.6   1.4   115   213   132   223   126   243 0.70 length=462	scaffold=scaffold00492	strand=-
2376_g               -            462 9615at5820           -            352   1.1e-11   42.4   2.0   2   2   4.9e-08   1.8e-05   22.0   0.1   231   349   215   337   214   339 0.78 length=462	scaffold=scaffold00492	strand=-
2345_g               -            307 9615at5820           -            352   5.4e-11   40.1   2.9   1   2   0.00016     0.059   10.4   0.2   167   228   116   177    80   182 0.91 length=307	scaffold=scaffold00478	strand=+
2345_g               -            307 9615at5820           -            352   5.4e-11   40.1   2.9   2   2   2.4e-10   8.6e-08   29.6   0.3   273   349   197   276   187   278 0.82 length=307	scaffold=scaffold00478	strand=+
1961_g               -            485 9615at5820           -            352   2.2e-08   31.5   0.2   1   2   3.1e-06    0.0011   16.0   0.3   111   202    85   169    75   185 0.72 length=485	scaffold=scaffold00349	strand=-
1961_g               -            485 9615at5820           -            352   2.2e-08   31.5   0.2   2   2   3.3e-05     0.012   12.7   0.0   276   348   220   294   213   297 0.82 length=485	scaffold=scaffold00349	strand=-
2754_g               -           2003 9615at5820           -            352   3.6e-08   30.8   1.7   1   3      0.62   2.2e+02   -1.4   7.4    27    85  1088  1148  1059  1157 0.67 length=2003	scaffold=scaffold00652	strand=-	adjustedToFrame=3
2754_g               -           2003 9615at5820           -            352   3.6e-08   30.8   1.7   2   3   1.2e-05    0.0045   14.1   0.1   171   202  1728  1759  1720  1772 0.89 length=2003	scaffold=scaffold00652	strand=-	adjustedToFrame=3
2754_g               -           2003 9615at5820           -            352   3.6e-08   30.8   1.7   3   3   2.4e-09   8.7e-07   26.3   0.2   276   347  1810  1882  1799  1885 0.82 length=2003	scaffold=scaffold00652	strand=-	adjustedToFrame=3
61_g                 -            877 9615at5820           -            352   5.6e-08   30.2  26.3   1   3   6.2e-05     0.023   11.8  12.3    30   202   371   552   366   564 0.73 length=877	scaffold=scaffold00003	strand=+
61_g                 -            877 9615at5820           -            352   5.6e-08   30.2  26.3   2   3   1.1e-09   4.1e-07   27.3   0.8   238   348   559   671   556   674 0.73 length=877	scaffold=scaffold00003	strand=+
61_g                 -            877 9615at5820           -            352   5.6e-08   30.2  26.3   3   3      0.69   2.5e+02   -1.5   0.6   206   235   727   756   711   794 0.81 length=877	scaffold=scaffold00003	strand=+
3015_g               -            760 9615at5820           -            352   4.3e-06   24.0  21.8   1   3      0.15        55    0.6   1.1    40   132   339   377   305   403 0.61 length=760	scaffold=scaffold00797	strand=-	adjustedToFrame=3
3015_g               -            760 9615at5820           -            352   4.3e-06   24.0  21.8   2   3   9.8e-05     0.036   11.1   5.6   107   200   352   438   335   445 0.72 length=760	scaffold=scaffold00797	strand=-	adjustedToFrame=3
3015_g               -            760 9615at5820           -            352   4.3e-06   24.0  21.8   3   3   1.4e-08   4.9e-06   23.8   0.0   236   347   448   563   444   568 0.74 length=760	scaffold=scaffold00797	strand=-	adjustedToFrame=3
3411_g               -            877 9615at5820           -            352     1e-05   22.8   0.1   1   6         2   7.2e+02   -3.0   0.7    67    95    56    84    14   105 0.50 length=877	scaffold=scaffold01062	strand=-	adjustedToFrame=2
3411_g               -            877 9615at5820           -            352     1e-05   22.8   0.1   2   6       4.9   1.8e+03   -4.3   1.7    60    94   164   198   141   207 0.73 length=877	scaffold=scaffold01062	strand=-	adjustedToFrame=2
3411_g               -            877 9615at5820           -            352     1e-05   22.8   0.1   3   6       3.9   1.4e+03   -4.0   0.4   288   331   264   306   247   312 0.70 length=877	scaffold=scaffold01062	strand=-	adjustedToFrame=2
3411_g               -            877 9615at5820           -            352     1e-05   22.8   0.1   4   6   2.9e-08     1e-05   22.8   0.1   148   201   579   632   561   640 0.86 length=877	scaffold=scaffold01062	strand=-	adjustedToFrame=2
3411_g               -            877 9615at5820           -            352     1e-05   22.8   0.1   5   6      0.24        86   -0.0   0.0   323   348   773   798   757   800 0.84 length=877	scaffold=scaffold01062	strand=-	adjustedToFrame=2
3411_g               -            877 9615at5820           -            352     1e-05   22.8   0.1   6   6       4.2   1.5e+03   -4.1   0.3    56    78   818   840   810   861 0.70 length=877	scaffold=scaffold01062	strand=-	adjustedToFrame=2
1764_g               -            234 9615at5820           -            352   0.00013   19.2   0.1   1   2   3.5e-07   0.00013   19.2   0.1   272   348    55   135    22   137 0.80 length=234	scaffold=scaffold00292	strand=+	adjustedToFrame=2
1764_g               -            234 9615at5820           -            352   0.00013   19.2   0.1   2   2       2.8     1e+03   -3.5   4.2    33    84   172   221   154   232 0.60 length=234	scaffold=scaffold00292	strand=+	adjustedToFrame=2
159_g                -            313 9615at5820           -            352   0.00035   17.7   3.7   1   3   8.1e-06    0.0029   14.7   0.4   164   206   105   150    95   163 0.80 length=313	scaffold=scaffold00009	strand=-	adjustedToFrame=2
159_g                -            313 9615at5820           -            352   0.00035   17.7   3.7   2   3       1.4     5e+02   -2.5   0.1    96   122   212   238   208   258 0.70 length=313	scaffold=scaffold00009	strand=-	adjustedToFrame=2
159_g                -            313 9615at5820           -            352   0.00035   17.7   3.7   3   3     0.022       8.1    3.4   0.0   322   348   278   304   269   306 0.89 length=313	scaffold=scaffold00009	strand=-	adjustedToFrame=2
3036_g               -           1000 9615at5820           -            352    0.0013   15.9  14.5   1   2   7.4e-06    0.0027   14.8   2.5   111   203   701   788   631   810 0.75 length=1000	scaffold=scaffold00809	strand=+	adjustedToFrame=2
3036_g               -           1000 9615at5820           -            352    0.0013   15.9  14.5   2   2   0.00025     0.089    9.8   0.0   317   348   924   955   915   957 0.94 length=1000	scaffold=scaffold00809	strand=+	adjustedToFrame=2
1275_g               -            518 9615at5820           -            352     0.022   11.8  16.7   1   3   1.5e-05    0.0055   13.8   4.8   119   202    80   156    11   165 0.69 length=518	scaffold=scaffold00176	strand=-
1275_g               -            518 9615at5820           -            352     0.022   11.8  16.7   2   3    0.0042       1.5    5.8   0.0   313   349   277   313   256   315 0.78 length=518	scaffold=scaffold00176	strand=-
1275_g               -            518 9615at5820           -            352     0.022   11.8  16.7   3   3       1.4   5.2e+02   -2.6   1.5   207   225   457   475   390   508 0.58 length=518	scaffold=scaffold00176	strand=-
#
# Program:         hmmsearch
# Version:         3.1b2 (February 2015)
# Pipeline mode:   SEARCH
# Query file:      /export/home/bio1901/Documents/29_BINP/OrthoSearch/busco_downloads/lineages/plasmodium_odb10/hmms/9615at5820.hmm
# Target file:     Results/1_GeneSequences/PB.faa
# Option settings: /home/users/bio1901/miniconda3/envs/busco/bin/hmmsearch --domtblout /export/home/bio1901/Documents/29_BINP/OrthoSearch/PB/run_plasmodium_odb10/hmmer_output/9615at5820.out --cpu 1 /export/home/bio1901/Documents/29_BINP/OrthoSearch/busco_downloads/lineages/plasmodium_odb10/hmms/9615at5820.hmm Results/1_GeneSequences/PB.faa 
# Current dir:     /export/home/bio1901/Documents/29_BINP/OrthoSearch
# Date:            Sun Mar 15 18:17:48 2020
# [ok]
