#                                                                            --- full sequence --- -------------- this domain -------------   hmm coord   ali coord   env coord
# target name        accession   tlen query name           accession   qlen   E-value  score  bias   #  of  c-Evalue  i-Evalue  score  bias  from    to  from    to  from    to  acc description of target
#------------------- ---------- ----- -------------------- ---------- ----- --------- ------ ----- --- --- --------- --------- ------ ----- ----- ----- ----- ----- ----- ----- ---- ---------------------
728_g                -            333 9708at5820           -            266  2.3e-151  500.4  16.5   1   2  1.1e-101   1.4e-98  327.3   6.8     1   185     1   182     1   227 0.91 length=333	scaffold=scaffold00078	strand=+
728_g                -            333 9708at5820           -            266  2.3e-151  500.4  16.5   2   2   2.4e-56   3.2e-53  178.6   2.2   176   265   238   331   229   332 0.92 length=333	scaffold=scaffold00078	strand=+
3973_g               -            303 9708at5820           -            266   3.8e-08   30.8   0.8   1   2   1.8e-08   2.4e-05   21.6   0.1   131   241    64   179    47   194 0.84 length=303	scaffold=scaffold01556	strand=+
3973_g               -            303 9708at5820           -            266   3.8e-08   30.8   0.8   2   2   0.00043      0.58    7.3   0.1   117   151   247   284   200   291 0.77 length=303	scaffold=scaffold01556	strand=+
1236_g               -           1139 9708at5820           -            266     4e-07   27.5   6.1   1   4     0.055        73    0.4   0.0   185   220    36    72    23    98 0.78 length=1139	scaffold=scaffold00168	strand=-
1236_g               -           1139 9708at5820           -            266     4e-07   27.5   6.1   2   4      0.58   7.8e+02   -3.0   0.0   101   118   123   140   112   172 0.71 length=1139	scaffold=scaffold00168	strand=-
1236_g               -           1139 9708at5820           -            266     4e-07   27.5   6.1   3   4     0.018        25    1.9   0.1    10    82   786   858   778   874 0.87 length=1139	scaffold=scaffold00168	strand=-
1236_g               -           1139 9708at5820           -            266     4e-07   27.5   6.1   4   4   1.9e-09   2.6e-06   24.8   0.2   178   250  1036  1108  1003  1121 0.78 length=1139	scaffold=scaffold00168	strand=-
#
# Program:         hmmsearch
# Version:         3.1b2 (February 2015)
# Pipeline mode:   SEARCH
# Query file:      /export/home/bio1901/Documents/29_BINP/OrthoSearch/busco_downloads/lineages/plasmodium_odb10/hmms/9708at5820.hmm
# Target file:     Results/1_GeneSequences/PB.faa
# Option settings: /home/users/bio1901/miniconda3/envs/busco/bin/hmmsearch --domtblout /export/home/bio1901/Documents/29_BINP/OrthoSearch/PB/run_plasmodium_odb10/hmmer_output/9708at5820.out --cpu 1 /export/home/bio1901/Documents/29_BINP/OrthoSearch/busco_downloads/lineages/plasmodium_odb10/hmms/9708at5820.hmm Results/1_GeneSequences/PB.faa 
# Current dir:     /export/home/bio1901/Documents/29_BINP/OrthoSearch
# Date:            Sun Mar 15 18:17:54 2020
# [ok]
