#                                                                            --- full sequence --- -------------- this domain -------------   hmm coord   ali coord   env coord
# target name        accession   tlen query name           accession   qlen   E-value  score  bias   #  of  c-Evalue  i-Evalue  score  bias  from    to  from    to  from    to  acc description of target
#------------------- ---------- ----- -------------------- ---------- ----- --------- ------ ----- --- --- --------- --------- ------ ----- ----- ----- ----- ----- ----- ----- ---- ---------------------
2248_g               -            407 9715at5820           -            357    1e-179  595.3  34.7   1   2  8.2e-138  1.1e-134  447.1  19.2     1   261     1   291     1   302 0.94 length=407	scaffold=scaffold00439	strand=+
2248_g               -            407 9715at5820           -            357    1e-179  595.3  34.7   2   2   7.1e-49   9.4e-46  154.6   7.5   254   357   303   406   294   406 0.96 length=407	scaffold=scaffold00439	strand=+
1677_g               -            366 9715at5820           -            357   3.1e-40  136.4  19.9   1   2   3.7e-08     5e-05   20.6   0.0     1    47     1    47     1    49 0.93 length=366	scaffold=scaffold00268	strand=+
1677_g               -            366 9715at5820           -            357   3.1e-40  136.4  19.9   2   2     2e-36   2.6e-33  113.6  21.1    71   340    46   312    42   316 0.84 length=366	scaffold=scaffold00268	strand=+
2395_g               -            513 9715at5820           -            357   2.5e-14   51.2  16.4   1   3      0.33   4.3e+02   -2.2   0.6   248   278    51    81    23    95 0.56 length=513	scaffold=scaffold00499	strand=+
2395_g               -            513 9715at5820           -            357   2.5e-14   51.2  16.4   2   3   6.5e-08   8.7e-05   19.8   0.5     6    47   220   262   210   265 0.88 length=513	scaffold=scaffold00499	strand=+
2395_g               -            513 9715at5820           -            357   2.5e-14   51.2  16.4   3   3   2.6e-14   3.5e-11   40.9   3.4    73   213   265   405   259   463 0.83 length=513	scaffold=scaffold00499	strand=+
#
# Program:         hmmsearch
# Version:         3.1b2 (February 2015)
# Pipeline mode:   SEARCH
# Query file:      /export/home/bio1901/Documents/29_BINP/OrthoSearch/busco_downloads/lineages/plasmodium_odb10/hmms/9715at5820.hmm
# Target file:     Results/1_GeneSequences/PB.faa
# Option settings: /home/users/bio1901/miniconda3/envs/busco/bin/hmmsearch --domtblout /export/home/bio1901/Documents/29_BINP/OrthoSearch/PB/run_plasmodium_odb10/hmmer_output/9715at5820.out --cpu 1 /export/home/bio1901/Documents/29_BINP/OrthoSearch/busco_downloads/lineages/plasmodium_odb10/hmms/9715at5820.hmm Results/1_GeneSequences/PB.faa 
# Current dir:     /export/home/bio1901/Documents/29_BINP/OrthoSearch
# Date:            Sun Mar 15 18:17:54 2020
# [ok]
