#                                                                            --- full sequence --- -------------- this domain -------------   hmm coord   ali coord   env coord
# target name        accession   tlen query name           accession   qlen   E-value  score  bias   #  of  c-Evalue  i-Evalue  score  bias  from    to  from    to  from    to  acc description of target
#------------------- ---------- ----- -------------------- ---------- ----- --------- ------ ----- --- --- --------- --------- ------ ----- ----- ----- ----- ----- ----- ----- ---- ---------------------
1221_g               -           2797 9720at5820           -            257   7.1e-49  164.3  89.9   1  12   4.6e-08   2.3e-05   21.7   6.5    17   191   375   563   363   587 0.76 length=2797	scaffold=scaffold00165	strand=-
1221_g               -           2797 9720at5820           -            257   7.1e-49  164.3  89.9   2  12    0.0006       0.3    8.2   0.2     3    52   668   714   666   725 0.86 length=2797	scaffold=scaffold00165	strand=-
1221_g               -           2797 9720at5820           -            257   7.1e-49  164.3  89.9   3  12   2.8e-05     0.014   12.6   4.4    72   239   816   988   801  1000 0.71 length=2797	scaffold=scaffold00165	strand=-
1221_g               -           2797 9720at5820           -            257   7.1e-49  164.3  89.9   4  12      0.43   2.1e+02   -1.1   0.1   155   186  1040  1072  1017  1107 0.74 length=2797	scaffold=scaffold00165	strand=-
1221_g               -           2797 9720at5820           -            257   7.1e-49  164.3  89.9   5  12   4.4e-06    0.0022   15.2   9.5    76   235  1113  1269  1053  1282 0.75 length=2797	scaffold=scaffold00165	strand=-
1221_g               -           2797 9720at5820           -            257   7.1e-49  164.3  89.9   6  12       1.8     9e+02   -3.2   0.1     3    48  1435  1478  1434  1481 0.78 length=2797	scaffold=scaffold00165	strand=-
1221_g               -           2797 9720at5820           -            257   7.1e-49  164.3  89.9   7  12     2e-23   9.8e-21   72.1   2.8    45   239  1514  1726  1499  1737 0.77 length=2797	scaffold=scaffold00165	strand=-
1221_g               -           2797 9720at5820           -            257   7.1e-49  164.3  89.9   8  12   1.1e-07   5.6e-05   20.4   0.9   126   192  1887  1946  1873  1963 0.78 length=2797	scaffold=scaffold00165	strand=-
1221_g               -           2797 9720at5820           -            257   7.1e-49  164.3  89.9   9  12    0.0028       1.4    6.0   0.2     2    41  2097  2134  2096  2142 0.79 length=2797	scaffold=scaffold00165	strand=-
1221_g               -           2797 9720at5820           -            257   7.1e-49  164.3  89.9  10  12      0.95   4.7e+02   -2.3   0.0   177   199  2226  2248  2185  2274 0.70 length=2797	scaffold=scaffold00165	strand=-
1221_g               -           2797 9720at5820           -            257   7.1e-49  164.3  89.9  11  12   4.4e-08   2.2e-05   21.8   1.6    84   194  2275  2396  2231  2398 0.77 length=2797	scaffold=scaffold00165	strand=-
1221_g               -           2797 9720at5820           -            257   7.1e-49  164.3  89.9  12  12   5.4e-11   2.7e-08   31.3   1.6    35   246  2534  2769  2507  2775 0.69 length=2797	scaffold=scaffold00165	strand=-
1222_g               -           2305 9720at5820           -            257   7.2e-39  131.5  73.0   1  10         8     4e+03   -7.1   3.2   211   245   144   178   136   185 0.60 length=2305	scaffold=scaffold00165	strand=-	adjustedToFrame=2
1222_g               -           2305 9720at5820           -            257   7.2e-39  131.5  73.0   2  10      0.17        82    0.2   0.3   128   197   341   409   337   441 0.81 length=2305	scaffold=scaffold00165	strand=-	adjustedToFrame=2
1222_g               -           2305 9720at5820           -            257   7.2e-39  131.5  73.0   3  10       1.5   7.4e+02   -2.9   0.0    91   110   459   478   445   512 0.65 length=2305	scaffold=scaffold00165	strand=-	adjustedToFrame=2
1222_g               -           2305 9720at5820           -            257   7.2e-39  131.5  73.0   4  10   1.1e-06   0.00057   17.1   5.8   125   238   767   874   752   895 0.70 length=2305	scaffold=scaffold00165	strand=-	adjustedToFrame=2
1222_g               -           2305 9720at5820           -            257   7.2e-39  131.5  73.0   5  10      0.31   1.5e+02   -0.7   0.1     2    46   915   957   914   967 0.75 length=2305	scaffold=scaffold00165	strand=-	adjustedToFrame=2
1222_g               -           2305 9720at5820           -            257   7.2e-39  131.5  73.0   6  10   1.7e-11   8.4e-09   33.0   1.4    90   186  1185  1285  1137  1301 0.87 length=2305	scaffold=scaffold00165	strand=-	adjustedToFrame=2
1222_g               -           2305 9720at5820           -            257   7.2e-39  131.5  73.0   7  10      0.11        54    0.8   0.1     2    43  1392  1433  1391  1446 0.84 length=2305	scaffold=scaffold00165	strand=-	adjustedToFrame=2
1222_g               -           2305 9720at5820           -            257   7.2e-39  131.5  73.0   8  10   1.5e-13   7.6e-11   39.7   8.5    48   218  1500  1677  1493  1723 0.75 length=2305	scaffold=scaffold00165	strand=-	adjustedToFrame=2
1222_g               -           2305 9720at5820           -            257   7.2e-39  131.5  73.0   9  10     0.002      0.99    6.5   0.0    32    73  1963  2005  1949  2028 0.78 length=2305	scaffold=scaffold00165	strand=-	adjustedToFrame=2
1222_g               -           2305 9720at5820           -            257   7.2e-39  131.5  73.0  10  10   6.2e-23   3.1e-20   70.5   5.1    67   237  2095  2270  2033  2286 0.75 length=2305	scaffold=scaffold00165	strand=-	adjustedToFrame=2
758_g                -           3221 9720at5820           -            257   1.2e-37  127.5 108.1   1  10   2.1e-06    0.0011   16.2   1.5    32   121    30   126     5   147 0.69 length=3221	scaffold=scaffold00082	strand=-	adjustedToFrame=2
758_g                -           3221 9720at5820           -            257   1.2e-37  127.5 108.1   2  10      0.53   2.7e+02   -1.4   0.0   127   189   472   532   468   538 0.72 length=3221	scaffold=scaffold00082	strand=-	adjustedToFrame=2
758_g                -           3221 9720at5820           -            257   1.2e-37  127.5 108.1   3  10   3.3e-10   1.6e-07   28.7   3.2    24   198   638   832   623   858 0.66 length=3221	scaffold=scaffold00082	strand=-	adjustedToFrame=2
758_g                -           3221 9720at5820           -            257   1.2e-37  127.5 108.1   4  10   7.6e-08   3.8e-05   21.0   9.2    34   200  1016  1201   994  1260 0.73 length=3221	scaffold=scaffold00082	strand=-	adjustedToFrame=2
758_g                -           3221 9720at5820           -            257   1.2e-37  127.5 108.1   5  10   3.2e-08   1.6e-05   22.2  11.3    28   198  1430  1618  1406  1647 0.73 length=3221	scaffold=scaffold00082	strand=-	adjustedToFrame=2
758_g                -           3221 9720at5820           -            257   1.2e-37  127.5 108.1   6  10      0.62   3.1e+02   -1.7   0.1    86   107  1652  1673  1616  1678 0.72 length=3221	scaffold=scaffold00082	strand=-	adjustedToFrame=2
758_g                -           3221 9720at5820           -            257   1.2e-37  127.5 108.1   7  10    0.0095       4.7    4.3   2.2   146   209  1799  1862  1794  1876 0.76 length=3221	scaffold=scaffold00082	strand=-	adjustedToFrame=2
758_g                -           3221 9720at5820           -            257   1.2e-37  127.5 108.1   8  10   1.3e-10   6.5e-08   30.1   5.7    74   201  1951  2085  1920  2122 0.69 length=3221	scaffold=scaffold00082	strand=-	adjustedToFrame=2
758_g                -           3221 9720at5820           -            257   1.2e-37  127.5 108.1   9  10   1.2e-08   5.9e-06   23.6   9.8    56   206  2352  2516  2309  2564 0.74 length=3221	scaffold=scaffold00082	strand=-	adjustedToFrame=2
758_g                -           3221 9720at5820           -            257   1.2e-37  127.5 108.1  10  10   2.4e-09   1.2e-06   25.9   5.4    77   204  2916  3046  2884  3075 0.74 length=3221	scaffold=scaffold00082	strand=-	adjustedToFrame=2
757_g                -            341 9720at5820           -            257   3.3e-11   40.8  15.5   1   1   2.9e-13   1.5e-10   38.7  15.4    55   242    72   283    45   295 0.65 length=341	scaffold=scaffold00082	strand=-
1627_g               -            505 9720at5820           -            257   1.6e-09   35.3   1.9   1   2   5.1e-12   2.5e-09   34.7   0.4    14   194    33   243    25   263 0.71 length=505	scaffold=scaffold00257	strand=+
1627_g               -            505 9720at5820           -            257   1.6e-09   35.3   1.9   2   2      0.37   1.9e+02   -0.9   0.0    88   123   301   338   295   341 0.64 length=505	scaffold=scaffold00257	strand=+
3918_g               -            176 9720at5820           -            257   1.5e-07   28.9   1.4   1   2   2.2e-08   1.1e-05   22.7   0.4    57   152    14   118     8   129 0.66 length=176	scaffold=scaffold01501	strand=+
3918_g               -            176 9720at5820           -            257   1.5e-07   28.9   1.4   2   2    0.0046       2.3    5.3   0.0   146   175   148   176   137   176 0.72 length=176	scaffold=scaffold01501	strand=+
1629_g               -            519 9720at5820           -            257   1.2e-06   25.9   0.2   1   2     1e-08     5e-06   23.9   0.1    27   193    40   232    29   239 0.62 length=519	scaffold=scaffold00257	strand=+
1629_g               -            519 9720at5820           -            257   1.2e-06   25.9   0.2   2   2      0.42   2.1e+02   -1.1   0.0    96   124   300   330   289   334 0.72 length=519	scaffold=scaffold00257	strand=+
1819_g               -            815 9720at5820           -            257    0.0011   16.2   0.1   1   2         1   5.1e+02   -2.4   4.2   148   247   380   491   355   502 0.59 length=815	scaffold=scaffold00307	strand=+
1819_g               -            815 9720at5820           -            257    0.0011   16.2   0.1   2   2   2.3e-06    0.0011   16.2   0.1   145   198   595   651   581   666 0.82 length=815	scaffold=scaffold00307	strand=+
#
# Program:         hmmsearch
# Version:         3.1b2 (February 2015)
# Pipeline mode:   SEARCH
# Query file:      /export/home/bio1901/Documents/29_BINP/OrthoSearch/busco_downloads/lineages/plasmodium_odb10/hmms/9720at5820.hmm
# Target file:     Results/1_GeneSequences/PB.faa
# Option settings: /home/users/bio1901/miniconda3/envs/busco/bin/hmmsearch --domtblout /export/home/bio1901/Documents/29_BINP/OrthoSearch/PB/run_plasmodium_odb10/hmmer_output/9720at5820.out --cpu 1 /export/home/bio1901/Documents/29_BINP/OrthoSearch/busco_downloads/lineages/plasmodium_odb10/hmms/9720at5820.hmm Results/1_GeneSequences/PB.faa 
# Current dir:     /export/home/bio1901/Documents/29_BINP/OrthoSearch
# Date:            Sun Mar 15 18:17:55 2020
# [ok]
