#                                                                            --- full sequence --- -------------- this domain -------------   hmm coord   ali coord   env coord
# target name        accession   tlen query name           accession   qlen   E-value  score  bias   #  of  c-Evalue  i-Evalue  score  bias  from    to  from    to  from    to  acc description of target
#------------------- ---------- ----- -------------------- ---------- ----- --------- ------ ----- --- --- --------- --------- ------ ----- ----- ----- ----- ----- ----- ----- ---- ---------------------
1671_g               -           1921 9723at5820           -            294   8.7e-55  184.1  37.1   1   8   6.1e-11   2.4e-07   28.4   4.5   101   151     8    59     3    65 0.82 length=1921	scaffold=scaffold00267	strand=+
1671_g               -           1921 9723at5820           -            294   8.7e-55  184.1  37.1   2   8   1.3e-54   5.3e-51  171.7  24.6   119   277    52   214    50   233 0.89 length=1921	scaffold=scaffold00267	strand=+
1671_g               -           1921 9723at5820           -            294   8.7e-55  184.1  37.1   3   8         1     4e+03   -5.4   6.3    79   154   302   381   231   392 0.72 length=1921	scaffold=scaffold00267	strand=+
1671_g               -           1921 9723at5820           -            294   8.7e-55  184.1  37.1   4   8         1     4e+03   -5.6   7.6    92   145   377   432   373   447 0.68 length=1921	scaffold=scaffold00267	strand=+
1671_g               -           1921 9723at5820           -            294   8.7e-55  184.1  37.1   5   8         1     4e+03  -10.0  16.5   109   178   453   519   440   568 0.70 length=1921	scaffold=scaffold00267	strand=+
1671_g               -           1921 9723at5820           -            294   8.7e-55  184.1  37.1   6   8         1     4e+03  -14.6  18.6    94   151   666   729   642   740 0.66 length=1921	scaffold=scaffold00267	strand=+
1671_g               -           1921 9723at5820           -            294   8.7e-55  184.1  37.1   7   8      0.25   9.9e+02   -3.2   1.1    59    59  1484  1484  1382  1569 0.60 length=1921	scaffold=scaffold00267	strand=+
1671_g               -           1921 9723at5820           -            294   8.7e-55  184.1  37.1   8   8      0.69   2.7e+03   -4.6   0.6   118   147  1625  1654  1620  1654 0.81 length=1921	scaffold=scaffold00267	strand=+
#
# Program:         hmmsearch
# Version:         3.1b2 (February 2015)
# Pipeline mode:   SEARCH
# Query file:      /export/home/bio1901/Documents/29_BINP/OrthoSearch/busco_downloads/lineages/plasmodium_odb10/hmms/9723at5820.hmm
# Target file:     Results/1_GeneSequences/PB.faa
# Option settings: /home/users/bio1901/miniconda3/envs/busco/bin/hmmsearch --domtblout /export/home/bio1901/Documents/29_BINP/OrthoSearch/PB/run_plasmodium_odb10/hmmer_output/9723at5820.out --cpu 1 /export/home/bio1901/Documents/29_BINP/OrthoSearch/busco_downloads/lineages/plasmodium_odb10/hmms/9723at5820.hmm Results/1_GeneSequences/PB.faa 
# Current dir:     /export/home/bio1901/Documents/29_BINP/OrthoSearch
# Date:            Sun Mar 15 18:17:55 2020
# [ok]
