#                                                                            --- full sequence --- -------------- this domain -------------   hmm coord   ali coord   env coord
# target name        accession   tlen query name           accession   qlen   E-value  score  bias   #  of  c-Evalue  i-Evalue  score  bias  from    to  from    to  from    to  acc description of target
#------------------- ---------- ----- -------------------- ---------- ----- --------- ------ ----- --- --- --------- --------- ------ ----- ----- ----- ----- ----- ----- ----- ---- ---------------------
1413_g               -            385 9793at5820           -            231   1.7e-80  267.5  45.2   1   4   7.3e-23   9.7e-20   68.7   0.3     1    55     1    56     1    78 0.88 length=385	scaffold=scaffold00207	strand=+
1413_g               -            385 9793at5820           -            231   1.7e-80  267.5  45.2   2   4         3     4e+03   -5.9   5.7   149   176   106   131    61   157 0.51 length=385	scaffold=scaffold00207	strand=+
1413_g               -            385 9793at5820           -            231   1.7e-80  267.5  45.2   3   4   1.2e-22   1.6e-19   68.0   7.7    46   112   163   228   128   249 0.81 length=385	scaffold=scaffold00207	strand=+
1413_g               -            385 9793at5820           -            231   1.7e-80  267.5  45.2   4   4   2.9e-46   3.9e-43  145.3  18.6   109   231   251   384   229   384 0.85 length=385	scaffold=scaffold00207	strand=+
1135_g               -            298 9793at5820           -            231   3.5e-05   21.1   3.1   1   2      0.51   6.7e+02   -2.8   0.1   130   151    28    49    20    74 0.68 length=298	scaffold=scaffold00149	strand=+
1135_g               -            298 9793at5820           -            231   3.5e-05   21.1   3.1   2   2   2.6e-08   3.5e-05   21.1   3.1   121   188   151   219   116   228 0.87 length=298	scaffold=scaffold00149	strand=+
1509_g               -            319 9793at5820           -            231   0.00047   17.4   1.9   1   3       2.5   3.4e+03   -5.0   3.2    18    54    81   118    68   128 0.59 length=319	scaffold=scaffold00229	strand=-
1509_g               -            319 9793at5820           -            231   0.00047   17.4   1.9   2   3   3.6e-07   0.00047   17.4   1.9    68   133   149   213   141   225 0.85 length=319	scaffold=scaffold00229	strand=-
1509_g               -            319 9793at5820           -            231   0.00047   17.4   1.9   3   3    0.0004      0.53    7.4   0.1   179   220   224   265   217   276 0.81 length=319	scaffold=scaffold00229	strand=-
#
# Program:         hmmsearch
# Version:         3.1b2 (February 2015)
# Pipeline mode:   SEARCH
# Query file:      /export/home/bio1901/Documents/29_BINP/OrthoSearch/busco_downloads/lineages/plasmodium_odb10/hmms/9793at5820.hmm
# Target file:     Results/1_GeneSequences/PB.faa
# Option settings: /home/users/bio1901/miniconda3/envs/busco/bin/hmmsearch --domtblout /export/home/bio1901/Documents/29_BINP/OrthoSearch/PB/run_plasmodium_odb10/hmmer_output/9793at5820.out --cpu 1 /export/home/bio1901/Documents/29_BINP/OrthoSearch/busco_downloads/lineages/plasmodium_odb10/hmms/9793at5820.hmm Results/1_GeneSequences/PB.faa 
# Current dir:     /export/home/bio1901/Documents/29_BINP/OrthoSearch
# Date:            Sun Mar 15 18:18:01 2020
# [ok]
