#                                                                            --- full sequence --- -------------- this domain -------------   hmm coord   ali coord   env coord
# target name        accession   tlen query name           accession   qlen   E-value  score  bias   #  of  c-Evalue  i-Evalue  score  bias  from    to  from    to  from    to  acc description of target
#------------------- ---------- ----- -------------------- ---------- ----- --------- ------ ----- --- --- --------- --------- ------ ----- ----- ----- ----- ----- ----- ----- ---- ---------------------
3449_g               -            446 9867at5820           -            284  1.1e-153  508.3  36.2   1   2  1.2e-143  4.3e-141  466.9   9.6     4   249    98   343    96   377 0.91 length=446	scaffold=scaffold01092	strand=+
3449_g               -            446 9867at5820           -            284  1.1e-153  508.3  36.2   2   2   9.9e-16   3.6e-13   47.2  18.8   227   284   388   445   374   445 0.89 length=446	scaffold=scaffold01092	strand=+
1948_g               -            617 9867at5820           -            284   1.2e-16   58.5   0.0   1   2   9.9e-16   3.6e-13   47.2   0.1    58   228    89   280    75   334 0.72 length=617	scaffold=scaffold00345	strand=+
1948_g               -            617 9867at5820           -            284   1.2e-16   58.5   0.0   2   2   9.4e-07   0.00034   17.7   0.0    55   131   372   451   367   461 0.84 length=617	scaffold=scaffold00345	strand=+
733_g                -            865 9867at5820           -            284   3.7e-16   57.0  24.9   1   3   4.9e-11   1.8e-08   31.8   0.2    55   198    10   161     4   192 0.84 length=865	scaffold=scaffold00078	strand=+
733_g                -            865 9867at5820           -            284   3.7e-16   57.0  24.9   2   3   3.1e-05     0.011   12.7   0.1    61   120   193   250   180   266 0.81 length=865	scaffold=scaffold00078	strand=+
733_g                -            865 9867at5820           -            284   3.7e-16   57.0  24.9   3   3   2.4e-10   8.6e-08   29.5   0.2   135   218   383   467   360   519 0.82 length=865	scaffold=scaffold00078	strand=+
3867_g               -            446 9867at5820           -            284   2.6e-13   47.7   3.9   1   2   1.1e-08   3.9e-06   24.1   2.2    57   196    39   193    22   272 0.71 length=446	scaffold=scaffold01456	strand=+
3867_g               -            446 9867at5820           -            284   2.6e-13   47.7   3.9   2   2     2e-07   7.2e-05   19.9   0.0    56   132   331   410   318   440 0.79 length=446	scaffold=scaffold01456	strand=+
3916_g               -            330 9867at5820           -            284   7.4e-08   29.7   0.4   1   2       0.5   1.8e+02   -1.1   0.0    57    91   177   213   171   219 0.70 length=330	scaffold=scaffold01499	strand=-
3916_g               -            330 9867at5820           -            284   7.4e-08   29.7   0.4   2   2   5.4e-10     2e-07   28.4   0.3    59   131   233   308   188   318 0.68 length=330	scaffold=scaffold01499	strand=-
2408_g               -            821 9867at5820           -            284   1.3e-07   28.9   2.6   1   3      0.27        98   -0.2   0.0    56    83   448   475   418   483 0.71 length=821	scaffold=scaffold00502	strand=-
2408_g               -            821 9867at5820           -            284   1.3e-07   28.9   2.6   2   3   1.2e-09   4.3e-07   27.2   0.3   142   258   582   693   557   706 0.75 length=821	scaffold=scaffold00502	strand=-
2408_g               -            821 9867at5820           -            284   1.3e-07   28.9   2.6   3   3         1   3.6e+02   -2.1   0.0   160   217   744   806   724   813 0.62 length=821	scaffold=scaffold00502	strand=-
1432_g               -            321 9867at5820           -            284     1e-06   26.0   9.0   1   3   0.00015     0.054   10.5   0.2   151   199    51    96     8   111 0.75 length=321	scaffold=scaffold00211	strand=+	adjustedToFrame=2
1432_g               -            321 9867at5820           -            284     1e-06   26.0   9.0   2   3   6.7e-08   2.4e-05   21.5   0.1    76   126   110   160    96   172 0.81 length=321	scaffold=scaffold00211	strand=+	adjustedToFrame=2
1432_g               -            321 9867at5820           -            284     1e-06   26.0   9.0   3   3       2.3   8.4e+02   -3.3   1.3   222   247   225   252   213   254 0.69 length=321	scaffold=scaffold00211	strand=+	adjustedToFrame=2
3104_g               -            484 9867at5820           -            284   1.5e-06   25.4   0.0   1   3      0.43   1.6e+02   -0.9  19.7   144   277    15   163    11   172 0.73 length=484	scaffold=scaffold00849	strand=-
3104_g               -            484 9867at5820           -            284   1.5e-06   25.4   0.0   2   3         2   7.2e+02   -3.0   0.1   221   238   351   368   346   385 0.75 length=484	scaffold=scaffold00849	strand=-
3104_g               -            484 9867at5820           -            284   1.5e-06   25.4   0.0   3   3   4.2e-09   1.5e-06   25.4   0.0    56   134   393   473   384   482 0.87 length=484	scaffold=scaffold00849	strand=-
3592_g               -            193 9867at5820           -            284   5.8e-05   20.2   0.1   1   1   2.9e-07   0.00011   19.4   0.1   141   206   110   176   104   188 0.85 length=193	scaffold=scaffold01208	strand=-
2817_g               -            153 9867at5820           -            284    0.0024   14.9   0.1   1   1   7.3e-06    0.0027   14.8   0.1   144   222     7    87     2   138 0.75 length=153	scaffold=scaffold00686	strand=+
263_g                -            143 9867at5820           -            284     0.012   12.6   0.0   1   1     4e-05     0.014   12.4   0.0    20    92    35   107     6   139 0.90 length=143	scaffold=scaffold00019	strand=+
#
# Program:         hmmsearch
# Version:         3.1b2 (February 2015)
# Pipeline mode:   SEARCH
# Query file:      /export/home/bio1901/Documents/29_BINP/OrthoSearch/busco_downloads/lineages/plasmodium_odb10/hmms/9867at5820.hmm
# Target file:     Results/1_GeneSequences/PB.faa
# Option settings: /home/users/bio1901/miniconda3/envs/busco/bin/hmmsearch --domtblout /export/home/bio1901/Documents/29_BINP/OrthoSearch/PB/run_plasmodium_odb10/hmmer_output/9867at5820.out --cpu 1 /export/home/bio1901/Documents/29_BINP/OrthoSearch/busco_downloads/lineages/plasmodium_odb10/hmms/9867at5820.hmm Results/1_GeneSequences/PB.faa 
# Current dir:     /export/home/bio1901/Documents/29_BINP/OrthoSearch
# Date:            Sun Mar 15 18:18:06 2020
# [ok]
