#                                                                            --- full sequence --- -------------- this domain -------------   hmm coord   ali coord   env coord
# target name        accession   tlen query name           accession   qlen   E-value  score  bias   #  of  c-Evalue  i-Evalue  score  bias  from    to  from    to  from    to  acc description of target
#------------------- ---------- ----- -------------------- ---------- ----- --------- ------ ----- --- --- --------- --------- ------ ----- ----- ----- ----- ----- ----- ----- ---- ---------------------
3898_g               -            380 987at5820            -           1049   1.7e-54  182.8  56.7   1   3   7.9e-53   1.1e-49  167.0  28.8   709   874     4   191     1   205 0.79 length=380	scaffold=scaffold01484	strand=+
3898_g               -            380 987at5820            -           1049   1.7e-54  182.8  56.7   2   3     0.026        35   -0.2   0.4   845   872   225   258   202   268 0.64 length=380	scaffold=scaffold01484	strand=+
3898_g               -            380 987at5820            -           1049   1.7e-54  182.8  56.7   3   3   1.7e-08   2.3e-05   20.2  14.2   858   938   270   353   256   380 0.73 length=380	scaffold=scaffold01484	strand=+
3896_g               -            152 987at5820            -           1049   4.7e-26   88.7   5.5   1   2   3.5e-29   4.7e-26   88.7   5.5   639   716     5    82     1    86 0.90 length=152	scaffold=scaffold01484	strand=-
3896_g               -            152 987at5820            -           1049   4.7e-26   88.7   5.5   2   2    0.0018       2.3    3.6   3.3    36   112    74   151    72   152 0.69 length=152	scaffold=scaffold01484	strand=-
3897_g               -            248 987at5820            -           1049   1.7e-13   47.1   1.2   1   3      0.99   1.3e+03   -5.5  12.4   861   935    37   110     8   113 0.55 length=248	scaffold=scaffold01484	strand=-
3897_g               -            248 987at5820            -           1049   1.7e-13   47.1   1.2   2   3         3     4e+03   -8.4  13.1    30   102    91   164    76   193 0.47 length=248	scaffold=scaffold01484	strand=-
3897_g               -            248 987at5820            -           1049   1.7e-13   47.1   1.2   3   3   1.3e-16   1.7e-13   47.1   1.2   489   535   199   245   183   247 0.92 length=248	scaffold=scaffold01484	strand=-
#
# Program:         hmmsearch
# Version:         3.1b2 (February 2015)
# Pipeline mode:   SEARCH
# Query file:      /export/home/bio1901/Documents/29_BINP/OrthoSearch/busco_downloads/lineages/plasmodium_odb10/hmms/987at5820.hmm
# Target file:     Results/1_GeneSequences/PB.faa
# Option settings: /home/users/bio1901/miniconda3/envs/busco/bin/hmmsearch --domtblout /export/home/bio1901/Documents/29_BINP/OrthoSearch/PB/run_plasmodium_odb10/hmmer_output/987at5820.out --cpu 1 /export/home/bio1901/Documents/29_BINP/OrthoSearch/busco_downloads/lineages/plasmodium_odb10/hmms/987at5820.hmm Results/1_GeneSequences/PB.faa 
# Current dir:     /export/home/bio1901/Documents/29_BINP/OrthoSearch
# Date:            Sun Mar 15 18:18:07 2020
# [ok]
