#                                                                            --- full sequence --- -------------- this domain -------------   hmm coord   ali coord   env coord
# target name        accession   tlen query name           accession   qlen   E-value  score  bias   #  of  c-Evalue  i-Evalue  score  bias  from    to  from    to  from    to  acc description of target
#------------------- ---------- ----- -------------------- ---------- ----- --------- ------ ----- --- --- --------- --------- ------ ----- ----- ----- ----- ----- ----- ----- ---- ---------------------
4044_g               -            275 9897at5820           -            230  2.7e-127  420.8   6.6   1   1  6.7e-130  3.8e-127  420.3   6.6     8   230    37   274    30   274 0.96 length=275	scaffold=scaffold01634	strand=-
3979_g               -            268 9897at5820           -            230   1.4e-20   71.7   0.0   1   1   3.2e-23   1.8e-20   71.2   0.0    26   206    40   227    30   244 0.89 length=268	scaffold=scaffold01563	strand=-
4106_g               -            310 9897at5820           -            230   8.3e-18   62.6   6.5   1   2   1.8e-11     1e-08   32.8   0.0    25    91    51   120    45   128 0.86 length=310	scaffold=scaffold01698	strand=+
4106_g               -            310 9897at5820           -            230   8.3e-18   62.6   6.5   2   2   1.9e-10   1.1e-07   29.4   4.7   103   209   186   301   171   309 0.77 length=310	scaffold=scaffold01698	strand=+
2464_g               -            236 9897at5820           -            230   2.4e-08   31.6   0.3   1   1   5.3e-11     3e-08   31.3   0.3    28   182    33   191    21   203 0.86 length=236	scaffold=scaffold00524	strand=+
135_g                -            229 9897at5820           -            230   1.8e-07   28.7   0.1   1   1   8.6e-10   4.9e-07   27.3   0.1    36   175    15   164     7   214 0.77 length=229	scaffold=scaffold00008	strand=+
3841_g               -            177 9897at5820           -            230   0.00017   19.0   2.4   1   1   3.6e-07    0.0002   18.8   2.4    28   166    32   175    19   177 0.73 length=177	scaffold=scaffold01433	strand=-
2379_g               -            191 9897at5820           -            230   0.00034   18.0   1.4   1   1   6.8e-07   0.00039   17.8   1.4    29   170     3   142     1   173 0.75 length=191	scaffold=scaffold00493	strand=+
#
# Program:         hmmsearch
# Version:         3.1b2 (February 2015)
# Pipeline mode:   SEARCH
# Query file:      /export/home/bio1901/Documents/29_BINP/OrthoSearch/busco_downloads/lineages/plasmodium_odb10/hmms/9897at5820.hmm
# Target file:     Results/1_GeneSequences/PB.faa
# Option settings: /home/users/bio1901/miniconda3/envs/busco/bin/hmmsearch --domtblout /export/home/bio1901/Documents/29_BINP/OrthoSearch/PB/run_plasmodium_odb10/hmmer_output/9897at5820.out --cpu 1 /export/home/bio1901/Documents/29_BINP/OrthoSearch/busco_downloads/lineages/plasmodium_odb10/hmms/9897at5820.hmm Results/1_GeneSequences/PB.faa 
# Current dir:     /export/home/bio1901/Documents/29_BINP/OrthoSearch
# Date:            Sun Mar 15 18:18:07 2020
# [ok]
