#                                                                            --- full sequence --- -------------- this domain -------------   hmm coord   ali coord   env coord
# target name        accession   tlen query name           accession   qlen   E-value  score  bias   #  of  c-Evalue  i-Evalue  score  bias  from    to  from    to  from    to  acc description of target
#------------------- ---------- ----- -------------------- ---------- ----- --------- ------ ----- --- --- --------- --------- ------ ----- ----- ----- ----- ----- ----- ----- ---- ---------------------
1295_g               -            458 996at5820            -           1613   1.4e-15   53.9   3.4   1   2   3.9e-11   3.1e-08   29.5   0.9   566   629   138   199   110   201 0.87 length=458	scaffold=scaffold00180	strand=+
1295_g               -            458 996at5820            -           1613   1.4e-15   53.9   3.4   2   2   8.8e-10     7e-07   25.1   0.1   746   819   202   275   200   309 0.96 length=458	scaffold=scaffold00180	strand=+
3486_g               -            438 996at5820            -           1613     4e-11   39.1   6.7   1   3     0.035        28   -0.1   5.6  1502  1567    42   110     6   182 0.65 length=438	scaffold=scaffold01127	strand=+
3486_g               -            438 996at5820            -           1613     4e-11   39.1   6.7   2   3     5e-14     4e-11   39.1   6.7   565   631   254   318   248   341 0.87 length=438	scaffold=scaffold01127	strand=+
3486_g               -            438 996at5820            -           1613     4e-11   39.1   6.7   3   3     0.084        67   -1.4   0.0   782   850   346   415   341   416 0.77 length=438	scaffold=scaffold01127	strand=+
3106_g               -            227 996at5820            -           1613    0.0053   12.2  22.4   1   1   7.7e-06    0.0061   12.0  22.4   119   248    28   153    12   185 0.65 length=227	scaffold=scaffold00850	strand=+	adjustedToFrame=2
2401_g               -            124 996at5820            -           1613     0.031    9.7  16.9   1   1   4.4e-05     0.035    9.5  16.9   648   751     6   106     1   110 0.69 length=124	scaffold=scaffold00500	strand=+
2517_g               -            112 996at5820            -           1613      0.78    5.0  19.1   1   1    0.0011      0.88    4.8  19.1    49   131    18    99     2   109 0.28 length=112	scaffold=scaffold00543	strand=+
#
# Program:         hmmsearch
# Version:         3.1b2 (February 2015)
# Pipeline mode:   SEARCH
# Query file:      /export/home/bio1901/Documents/29_BINP/OrthoSearch/busco_downloads/lineages/plasmodium_odb10/hmms/996at5820.hmm
# Target file:     Results/1_GeneSequences/PB.faa
# Option settings: /home/users/bio1901/miniconda3/envs/busco/bin/hmmsearch --domtblout /export/home/bio1901/Documents/29_BINP/OrthoSearch/PB/run_plasmodium_odb10/hmmer_output/996at5820.out --cpu 1 /export/home/bio1901/Documents/29_BINP/OrthoSearch/busco_downloads/lineages/plasmodium_odb10/hmms/996at5820.hmm Results/1_GeneSequences/PB.faa 
# Current dir:     /export/home/bio1901/Documents/29_BINP/OrthoSearch
# Date:            Sun Mar 15 18:18:22 2020
# [ok]
